[2026-03-19T22:36:41.207+0000] {processor.py:186} INFO - Started process (PID=51) to work on /home/airflow/.local/lib/python3.12/site-packages/airflow/example_dags/example_python_operator.py
[2026-03-19T22:36:41.208+0000] {processor.py:914} INFO - Processing file /home/airflow/.local/lib/python3.12/site-packages/airflow/example_dags/example_python_operator.py for tasks to queue
[2026-03-19T22:36:41.210+0000] {logging_mixin.py:190} INFO - [2026-03-19T22:36:41.210+0000] {dagbag.py:588} INFO - Filling up the DagBag from /home/airflow/.local/lib/python3.12/site-packages/airflow/example_dags/example_python_operator.py
[2026-03-19T22:36:41.231+0000] {processor.py:925} INFO - DAG(s) 'example_python_operator' retrieved from /home/airflow/.local/lib/python3.12/site-packages/airflow/example_dags/example_python_operator.py
[2026-03-19T22:36:41.434+0000] {logging_mixin.py:190} INFO - [2026-03-19T22:36:41.434+0000] {override.py:1911} INFO - Created Permission View: can read on DAG:example_python_operator
[2026-03-19T22:36:41.482+0000] {logging_mixin.py:190} INFO - [2026-03-19T22:36:41.482+0000] {override.py:1911} INFO - Created Permission View: can delete on DAG:example_python_operator
[2026-03-19T22:36:41.531+0000] {logging_mixin.py:190} INFO - [2026-03-19T22:36:41.531+0000] {override.py:1911} INFO - Created Permission View: can edit on DAG:example_python_operator
[2026-03-19T22:36:41.630+0000] {logging_mixin.py:190} INFO - [2026-03-19T22:36:41.630+0000] {override.py:1911} INFO - Created Permission View: can read on DAG Run:example_python_operator
[2026-03-19T22:36:41.672+0000] {logging_mixin.py:190} INFO - [2026-03-19T22:36:41.672+0000] {override.py:1911} INFO - Created Permission View: can create on DAG Run:example_python_operator
[2026-03-19T22:36:41.735+0000] {logging_mixin.py:190} INFO - [2026-03-19T22:36:41.735+0000] {override.py:1911} INFO - Created Permission View: menu access on DAG Run:example_python_operator
[2026-03-19T22:36:41.806+0000] {logging_mixin.py:190} INFO - [2026-03-19T22:36:41.806+0000] {override.py:1911} INFO - Created Permission View: can delete on DAG Run:example_python_operator
[2026-03-19T22:36:41.807+0000] {logging_mixin.py:190} INFO - [2026-03-19T22:36:41.807+0000] {dag.py:3239} INFO - Sync 1 DAGs
[2026-03-19T22:36:41.822+0000] {logging_mixin.py:190} INFO - [2026-03-19T22:36:41.822+0000] {dag.py:3262} INFO - Creating ORM DAG for example_python_operator
[2026-03-19T22:36:41.823+0000] {logging_mixin.py:190} INFO - [2026-03-19T22:36:41.823+0000] {dag.py:4180} INFO - Setting next_dagrun for example_python_operator to None, run_after=None
[2026-03-19T22:36:41.891+0000] {processor.py:208} INFO - Processing /home/airflow/.local/lib/python3.12/site-packages/airflow/example_dags/example_python_operator.py took 0.689 seconds
[2026-03-19T22:37:12.402+0000] {processor.py:186} INFO - Started process (PID=109) to work on /home/airflow/.local/lib/python3.12/site-packages/airflow/example_dags/example_python_operator.py
[2026-03-19T22:37:12.405+0000] {processor.py:914} INFO - Processing file /home/airflow/.local/lib/python3.12/site-packages/airflow/example_dags/example_python_operator.py for tasks to queue
[2026-03-19T22:37:12.409+0000] {logging_mixin.py:190} INFO - [2026-03-19T22:37:12.408+0000] {dagbag.py:588} INFO - Filling up the DagBag from /home/airflow/.local/lib/python3.12/site-packages/airflow/example_dags/example_python_operator.py
[2026-03-19T22:37:12.452+0000] {processor.py:925} INFO - DAG(s) 'example_python_operator' retrieved from /home/airflow/.local/lib/python3.12/site-packages/airflow/example_dags/example_python_operator.py
[2026-03-19T22:37:12.498+0000] {logging_mixin.py:190} INFO - [2026-03-19T22:37:12.497+0000] {dag.py:3239} INFO - Sync 1 DAGs
[2026-03-19T22:37:12.528+0000] {logging_mixin.py:190} INFO - [2026-03-19T22:37:12.527+0000] {dag.py:4180} INFO - Setting next_dagrun for example_python_operator to None, run_after=None
[2026-03-19T22:37:12.567+0000] {processor.py:208} INFO - Processing /home/airflow/.local/lib/python3.12/site-packages/airflow/example_dags/example_python_operator.py took 0.179 seconds
[2026-03-19T22:40:45.243+0000] {processor.py:186} INFO - Started process (PID=167) to work on /home/airflow/.local/lib/python3.12/site-packages/airflow/example_dags/example_python_operator.py
[2026-03-19T22:40:45.246+0000] {processor.py:914} INFO - Processing file /home/airflow/.local/lib/python3.12/site-packages/airflow/example_dags/example_python_operator.py for tasks to queue
[2026-03-19T22:40:45.254+0000] {logging_mixin.py:190} INFO - [2026-03-19T22:40:45.253+0000] {dagbag.py:588} INFO - Filling up the DagBag from /home/airflow/.local/lib/python3.12/site-packages/airflow/example_dags/example_python_operator.py
[2026-03-19T22:40:45.335+0000] {processor.py:925} INFO - DAG(s) 'example_python_operator' retrieved from /home/airflow/.local/lib/python3.12/site-packages/airflow/example_dags/example_python_operator.py
[2026-03-19T22:40:45.369+0000] {logging_mixin.py:190} INFO - [2026-03-19T22:40:45.368+0000] {dag.py:3239} INFO - Sync 1 DAGs
[2026-03-19T22:40:45.390+0000] {logging_mixin.py:190} INFO - [2026-03-19T22:40:45.390+0000] {dag.py:4180} INFO - Setting next_dagrun for example_python_operator to None, run_after=None
[2026-03-19T22:40:45.455+0000] {processor.py:208} INFO - Processing /home/airflow/.local/lib/python3.12/site-packages/airflow/example_dags/example_python_operator.py took 0.241 seconds
[2026-03-19T22:45:25.068+0000] {processor.py:186} INFO - Started process (PID=202) to work on /home/airflow/.local/lib/python3.12/site-packages/airflow/example_dags/example_python_operator.py
[2026-03-19T22:45:25.110+0000] {processor.py:914} INFO - Processing file /home/airflow/.local/lib/python3.12/site-packages/airflow/example_dags/example_python_operator.py for tasks to queue
[2026-03-19T22:45:25.137+0000] {logging_mixin.py:190} INFO - [2026-03-19T22:45:25.127+0000] {dagbag.py:588} INFO - Filling up the DagBag from /home/airflow/.local/lib/python3.12/site-packages/airflow/example_dags/example_python_operator.py
[2026-03-19T22:45:25.791+0000] {processor.py:925} INFO - DAG(s) 'example_python_operator' retrieved from /home/airflow/.local/lib/python3.12/site-packages/airflow/example_dags/example_python_operator.py
[2026-03-19T22:45:26.841+0000] {logging_mixin.py:190} INFO - [2026-03-19T22:45:26.788+0000] {dag.py:3239} INFO - Sync 1 DAGs
[2026-03-19T22:45:27.595+0000] {logging_mixin.py:190} INFO - [2026-03-19T22:45:27.572+0000] {dag.py:4180} INFO - Setting next_dagrun for example_python_operator to None, run_after=None
[2026-03-19T22:45:28.057+0000] {processor.py:208} INFO - Processing /home/airflow/.local/lib/python3.12/site-packages/airflow/example_dags/example_python_operator.py took 3.213 seconds
[2026-03-19T22:47:36.718+0000] {processor.py:186} INFO - Started process (PID=51) to work on /home/airflow/.local/lib/python3.12/site-packages/airflow/example_dags/example_python_operator.py
[2026-03-19T22:47:36.720+0000] {processor.py:914} INFO - Processing file /home/airflow/.local/lib/python3.12/site-packages/airflow/example_dags/example_python_operator.py for tasks to queue
[2026-03-19T22:47:36.722+0000] {logging_mixin.py:190} INFO - [2026-03-19T22:47:36.722+0000] {dagbag.py:588} INFO - Filling up the DagBag from /home/airflow/.local/lib/python3.12/site-packages/airflow/example_dags/example_python_operator.py
[2026-03-19T22:47:36.741+0000] {processor.py:925} INFO - DAG(s) 'example_python_operator' retrieved from /home/airflow/.local/lib/python3.12/site-packages/airflow/example_dags/example_python_operator.py
[2026-03-19T22:47:36.838+0000] {logging_mixin.py:190} INFO - [2026-03-19T22:47:36.838+0000] {override.py:1911} INFO - Created Permission View: can delete on DAG:example_python_operator
[2026-03-19T22:47:36.850+0000] {logging_mixin.py:190} INFO - [2026-03-19T22:47:36.849+0000] {override.py:1911} INFO - Created Permission View: can edit on DAG:example_python_operator
[2026-03-19T22:47:36.861+0000] {logging_mixin.py:190} INFO - [2026-03-19T22:47:36.861+0000] {override.py:1911} INFO - Created Permission View: can read on DAG:example_python_operator
[2026-03-19T22:47:36.878+0000] {logging_mixin.py:190} INFO - [2026-03-19T22:47:36.878+0000] {override.py:1911} INFO - Created Permission View: can create on DAG Run:example_python_operator
[2026-03-19T22:47:36.889+0000] {logging_mixin.py:190} INFO - [2026-03-19T22:47:36.889+0000] {override.py:1911} INFO - Created Permission View: can delete on DAG Run:example_python_operator
[2026-03-19T22:47:36.899+0000] {logging_mixin.py:190} INFO - [2026-03-19T22:47:36.899+0000] {override.py:1911} INFO - Created Permission View: menu access on DAG Run:example_python_operator
[2026-03-19T22:47:36.910+0000] {logging_mixin.py:190} INFO - [2026-03-19T22:47:36.909+0000] {override.py:1911} INFO - Created Permission View: can read on DAG Run:example_python_operator
[2026-03-19T22:47:36.910+0000] {logging_mixin.py:190} INFO - [2026-03-19T22:47:36.910+0000] {dag.py:3239} INFO - Sync 1 DAGs
[2026-03-19T22:47:36.920+0000] {logging_mixin.py:190} INFO - [2026-03-19T22:47:36.920+0000] {dag.py:3262} INFO - Creating ORM DAG for example_python_operator
[2026-03-19T22:47:36.921+0000] {logging_mixin.py:190} INFO - [2026-03-19T22:47:36.921+0000] {dag.py:4180} INFO - Setting next_dagrun for example_python_operator to None, run_after=None
[2026-03-19T22:47:36.938+0000] {processor.py:208} INFO - Processing /home/airflow/.local/lib/python3.12/site-packages/airflow/example_dags/example_python_operator.py took 0.225 seconds
[2026-03-19T22:48:07.046+0000] {processor.py:186} INFO - Started process (PID=109) to work on /home/airflow/.local/lib/python3.12/site-packages/airflow/example_dags/example_python_operator.py
[2026-03-19T22:48:07.046+0000] {processor.py:914} INFO - Processing file /home/airflow/.local/lib/python3.12/site-packages/airflow/example_dags/example_python_operator.py for tasks to queue
[2026-03-19T22:48:07.048+0000] {logging_mixin.py:190} INFO - [2026-03-19T22:48:07.048+0000] {dagbag.py:588} INFO - Filling up the DagBag from /home/airflow/.local/lib/python3.12/site-packages/airflow/example_dags/example_python_operator.py
[2026-03-19T22:48:07.059+0000] {processor.py:925} INFO - DAG(s) 'example_python_operator' retrieved from /home/airflow/.local/lib/python3.12/site-packages/airflow/example_dags/example_python_operator.py
[2026-03-19T22:48:07.076+0000] {logging_mixin.py:190} INFO - [2026-03-19T22:48:07.076+0000] {dag.py:3239} INFO - Sync 1 DAGs
[2026-03-19T22:48:07.088+0000] {logging_mixin.py:190} INFO - [2026-03-19T22:48:07.088+0000] {dag.py:4180} INFO - Setting next_dagrun for example_python_operator to None, run_after=None
[2026-03-19T22:48:07.106+0000] {processor.py:208} INFO - Processing /home/airflow/.local/lib/python3.12/site-packages/airflow/example_dags/example_python_operator.py took 0.065 seconds
[2026-03-19T22:48:37.698+0000] {processor.py:186} INFO - Started process (PID=167) to work on /home/airflow/.local/lib/python3.12/site-packages/airflow/example_dags/example_python_operator.py
[2026-03-19T22:48:37.699+0000] {processor.py:914} INFO - Processing file /home/airflow/.local/lib/python3.12/site-packages/airflow/example_dags/example_python_operator.py for tasks to queue
[2026-03-19T22:48:37.701+0000] {logging_mixin.py:190} INFO - [2026-03-19T22:48:37.700+0000] {dagbag.py:588} INFO - Filling up the DagBag from /home/airflow/.local/lib/python3.12/site-packages/airflow/example_dags/example_python_operator.py
[2026-03-19T22:48:37.711+0000] {processor.py:925} INFO - DAG(s) 'example_python_operator' retrieved from /home/airflow/.local/lib/python3.12/site-packages/airflow/example_dags/example_python_operator.py
[2026-03-19T22:48:37.728+0000] {logging_mixin.py:190} INFO - [2026-03-19T22:48:37.728+0000] {dag.py:3239} INFO - Sync 1 DAGs
[2026-03-19T22:48:37.740+0000] {logging_mixin.py:190} INFO - [2026-03-19T22:48:37.740+0000] {dag.py:4180} INFO - Setting next_dagrun for example_python_operator to None, run_after=None
[2026-03-19T22:48:37.760+0000] {processor.py:208} INFO - Processing /home/airflow/.local/lib/python3.12/site-packages/airflow/example_dags/example_python_operator.py took 0.067 seconds
[2026-03-19T22:49:08.286+0000] {processor.py:186} INFO - Started process (PID=225) to work on /home/airflow/.local/lib/python3.12/site-packages/airflow/example_dags/example_python_operator.py
[2026-03-19T22:49:08.287+0000] {processor.py:914} INFO - Processing file /home/airflow/.local/lib/python3.12/site-packages/airflow/example_dags/example_python_operator.py for tasks to queue
[2026-03-19T22:49:08.289+0000] {logging_mixin.py:190} INFO - [2026-03-19T22:49:08.288+0000] {dagbag.py:588} INFO - Filling up the DagBag from /home/airflow/.local/lib/python3.12/site-packages/airflow/example_dags/example_python_operator.py
[2026-03-19T22:49:08.299+0000] {processor.py:925} INFO - DAG(s) 'example_python_operator' retrieved from /home/airflow/.local/lib/python3.12/site-packages/airflow/example_dags/example_python_operator.py
[2026-03-19T22:49:08.318+0000] {logging_mixin.py:190} INFO - [2026-03-19T22:49:08.317+0000] {dag.py:3239} INFO - Sync 1 DAGs
[2026-03-19T22:49:08.329+0000] {logging_mixin.py:190} INFO - [2026-03-19T22:49:08.329+0000] {dag.py:4180} INFO - Setting next_dagrun for example_python_operator to None, run_after=None
[2026-03-19T22:49:08.348+0000] {processor.py:208} INFO - Processing /home/airflow/.local/lib/python3.12/site-packages/airflow/example_dags/example_python_operator.py took 0.067 seconds
[2026-03-19T22:49:38.835+0000] {processor.py:186} INFO - Started process (PID=283) to work on /home/airflow/.local/lib/python3.12/site-packages/airflow/example_dags/example_python_operator.py
[2026-03-19T22:49:38.836+0000] {processor.py:914} INFO - Processing file /home/airflow/.local/lib/python3.12/site-packages/airflow/example_dags/example_python_operator.py for tasks to queue
[2026-03-19T22:49:38.838+0000] {logging_mixin.py:190} INFO - [2026-03-19T22:49:38.837+0000] {dagbag.py:588} INFO - Filling up the DagBag from /home/airflow/.local/lib/python3.12/site-packages/airflow/example_dags/example_python_operator.py
[2026-03-19T22:49:38.848+0000] {processor.py:925} INFO - DAG(s) 'example_python_operator' retrieved from /home/airflow/.local/lib/python3.12/site-packages/airflow/example_dags/example_python_operator.py
[2026-03-19T22:49:38.864+0000] {logging_mixin.py:190} INFO - [2026-03-19T22:49:38.864+0000] {dag.py:3239} INFO - Sync 1 DAGs
[2026-03-19T22:49:38.876+0000] {logging_mixin.py:190} INFO - [2026-03-19T22:49:38.876+0000] {dag.py:4180} INFO - Setting next_dagrun for example_python_operator to None, run_after=None
[2026-03-19T22:49:38.894+0000] {processor.py:208} INFO - Processing /home/airflow/.local/lib/python3.12/site-packages/airflow/example_dags/example_python_operator.py took 0.064 seconds
[2026-03-19T22:50:09.139+0000] {processor.py:186} INFO - Started process (PID=341) to work on /home/airflow/.local/lib/python3.12/site-packages/airflow/example_dags/example_python_operator.py
[2026-03-19T22:50:09.139+0000] {processor.py:914} INFO - Processing file /home/airflow/.local/lib/python3.12/site-packages/airflow/example_dags/example_python_operator.py for tasks to queue
[2026-03-19T22:50:09.141+0000] {logging_mixin.py:190} INFO - [2026-03-19T22:50:09.141+0000] {dagbag.py:588} INFO - Filling up the DagBag from /home/airflow/.local/lib/python3.12/site-packages/airflow/example_dags/example_python_operator.py
[2026-03-19T22:50:09.155+0000] {processor.py:925} INFO - DAG(s) 'example_python_operator' retrieved from /home/airflow/.local/lib/python3.12/site-packages/airflow/example_dags/example_python_operator.py
[2026-03-19T22:50:09.173+0000] {logging_mixin.py:190} INFO - [2026-03-19T22:50:09.172+0000] {dag.py:3239} INFO - Sync 1 DAGs
[2026-03-19T22:50:09.186+0000] {logging_mixin.py:190} INFO - [2026-03-19T22:50:09.185+0000] {dag.py:4180} INFO - Setting next_dagrun for example_python_operator to None, run_after=None
[2026-03-19T22:50:09.205+0000] {processor.py:208} INFO - Processing /home/airflow/.local/lib/python3.12/site-packages/airflow/example_dags/example_python_operator.py took 0.071 seconds
[2026-03-19T22:50:39.609+0000] {processor.py:186} INFO - Started process (PID=401) to work on /home/airflow/.local/lib/python3.12/site-packages/airflow/example_dags/example_python_operator.py
[2026-03-19T22:50:39.610+0000] {processor.py:914} INFO - Processing file /home/airflow/.local/lib/python3.12/site-packages/airflow/example_dags/example_python_operator.py for tasks to queue
[2026-03-19T22:50:39.612+0000] {logging_mixin.py:190} INFO - [2026-03-19T22:50:39.612+0000] {dagbag.py:588} INFO - Filling up the DagBag from /home/airflow/.local/lib/python3.12/site-packages/airflow/example_dags/example_python_operator.py
[2026-03-19T22:50:39.624+0000] {processor.py:925} INFO - DAG(s) 'example_python_operator' retrieved from /home/airflow/.local/lib/python3.12/site-packages/airflow/example_dags/example_python_operator.py
[2026-03-19T22:50:39.643+0000] {logging_mixin.py:190} INFO - [2026-03-19T22:50:39.643+0000] {dag.py:3239} INFO - Sync 1 DAGs
[2026-03-19T22:50:39.657+0000] {logging_mixin.py:190} INFO - [2026-03-19T22:50:39.657+0000] {dag.py:4180} INFO - Setting next_dagrun for example_python_operator to None, run_after=None
[2026-03-19T22:50:39.680+0000] {processor.py:208} INFO - Processing /home/airflow/.local/lib/python3.12/site-packages/airflow/example_dags/example_python_operator.py took 0.076 seconds
[2026-03-19T22:51:10.214+0000] {processor.py:186} INFO - Started process (PID=459) to work on /home/airflow/.local/lib/python3.12/site-packages/airflow/example_dags/example_python_operator.py
[2026-03-19T22:51:10.215+0000] {processor.py:914} INFO - Processing file /home/airflow/.local/lib/python3.12/site-packages/airflow/example_dags/example_python_operator.py for tasks to queue
[2026-03-19T22:51:10.217+0000] {logging_mixin.py:190} INFO - [2026-03-19T22:51:10.217+0000] {dagbag.py:588} INFO - Filling up the DagBag from /home/airflow/.local/lib/python3.12/site-packages/airflow/example_dags/example_python_operator.py
[2026-03-19T22:51:10.228+0000] {processor.py:925} INFO - DAG(s) 'example_python_operator' retrieved from /home/airflow/.local/lib/python3.12/site-packages/airflow/example_dags/example_python_operator.py
[2026-03-19T22:51:10.251+0000] {logging_mixin.py:190} INFO - [2026-03-19T22:51:10.250+0000] {dag.py:3239} INFO - Sync 1 DAGs
[2026-03-19T22:51:10.264+0000] {logging_mixin.py:190} INFO - [2026-03-19T22:51:10.264+0000] {dag.py:4180} INFO - Setting next_dagrun for example_python_operator to None, run_after=None
[2026-03-19T22:51:10.284+0000] {processor.py:208} INFO - Processing /home/airflow/.local/lib/python3.12/site-packages/airflow/example_dags/example_python_operator.py took 0.075 seconds
[2026-03-19T22:51:41.014+0000] {processor.py:186} INFO - Started process (PID=517) to work on /home/airflow/.local/lib/python3.12/site-packages/airflow/example_dags/example_python_operator.py
[2026-03-19T22:51:41.015+0000] {processor.py:914} INFO - Processing file /home/airflow/.local/lib/python3.12/site-packages/airflow/example_dags/example_python_operator.py for tasks to queue
[2026-03-19T22:51:41.017+0000] {logging_mixin.py:190} INFO - [2026-03-19T22:51:41.016+0000] {dagbag.py:588} INFO - Filling up the DagBag from /home/airflow/.local/lib/python3.12/site-packages/airflow/example_dags/example_python_operator.py
[2026-03-19T22:51:41.027+0000] {processor.py:925} INFO - DAG(s) 'example_python_operator' retrieved from /home/airflow/.local/lib/python3.12/site-packages/airflow/example_dags/example_python_operator.py
[2026-03-19T22:51:41.045+0000] {logging_mixin.py:190} INFO - [2026-03-19T22:51:41.045+0000] {dag.py:3239} INFO - Sync 1 DAGs
[2026-03-19T22:51:41.057+0000] {logging_mixin.py:190} INFO - [2026-03-19T22:51:41.057+0000] {dag.py:4180} INFO - Setting next_dagrun for example_python_operator to None, run_after=None
[2026-03-19T22:51:41.075+0000] {processor.py:208} INFO - Processing /home/airflow/.local/lib/python3.12/site-packages/airflow/example_dags/example_python_operator.py took 0.066 seconds
[2026-03-19T22:52:11.616+0000] {processor.py:186} INFO - Started process (PID=575) to work on /home/airflow/.local/lib/python3.12/site-packages/airflow/example_dags/example_python_operator.py
[2026-03-19T22:52:11.617+0000] {processor.py:914} INFO - Processing file /home/airflow/.local/lib/python3.12/site-packages/airflow/example_dags/example_python_operator.py for tasks to queue
[2026-03-19T22:52:11.619+0000] {logging_mixin.py:190} INFO - [2026-03-19T22:52:11.619+0000] {dagbag.py:588} INFO - Filling up the DagBag from /home/airflow/.local/lib/python3.12/site-packages/airflow/example_dags/example_python_operator.py
[2026-03-19T22:52:11.630+0000] {processor.py:925} INFO - DAG(s) 'example_python_operator' retrieved from /home/airflow/.local/lib/python3.12/site-packages/airflow/example_dags/example_python_operator.py
[2026-03-19T22:52:11.651+0000] {logging_mixin.py:190} INFO - [2026-03-19T22:52:11.650+0000] {dag.py:3239} INFO - Sync 1 DAGs
[2026-03-19T22:52:11.664+0000] {logging_mixin.py:190} INFO - [2026-03-19T22:52:11.664+0000] {dag.py:4180} INFO - Setting next_dagrun for example_python_operator to None, run_after=None
[2026-03-19T22:52:11.683+0000] {processor.py:208} INFO - Processing /home/airflow/.local/lib/python3.12/site-packages/airflow/example_dags/example_python_operator.py took 0.073 seconds
[2026-03-19T22:52:42.047+0000] {processor.py:186} INFO - Started process (PID=633) to work on /home/airflow/.local/lib/python3.12/site-packages/airflow/example_dags/example_python_operator.py
[2026-03-19T22:52:42.048+0000] {processor.py:914} INFO - Processing file /home/airflow/.local/lib/python3.12/site-packages/airflow/example_dags/example_python_operator.py for tasks to queue
[2026-03-19T22:52:42.049+0000] {logging_mixin.py:190} INFO - [2026-03-19T22:52:42.049+0000] {dagbag.py:588} INFO - Filling up the DagBag from /home/airflow/.local/lib/python3.12/site-packages/airflow/example_dags/example_python_operator.py
[2026-03-19T22:52:42.060+0000] {processor.py:925} INFO - DAG(s) 'example_python_operator' retrieved from /home/airflow/.local/lib/python3.12/site-packages/airflow/example_dags/example_python_operator.py
[2026-03-19T22:52:42.077+0000] {logging_mixin.py:190} INFO - [2026-03-19T22:52:42.077+0000] {dag.py:3239} INFO - Sync 1 DAGs
[2026-03-19T22:52:42.089+0000] {logging_mixin.py:190} INFO - [2026-03-19T22:52:42.089+0000] {dag.py:4180} INFO - Setting next_dagrun for example_python_operator to None, run_after=None
[2026-03-19T22:52:42.108+0000] {processor.py:208} INFO - Processing /home/airflow/.local/lib/python3.12/site-packages/airflow/example_dags/example_python_operator.py took 0.066 seconds
[2026-03-19T22:53:12.403+0000] {processor.py:186} INFO - Started process (PID=691) to work on /home/airflow/.local/lib/python3.12/site-packages/airflow/example_dags/example_python_operator.py
[2026-03-19T22:53:12.404+0000] {processor.py:914} INFO - Processing file /home/airflow/.local/lib/python3.12/site-packages/airflow/example_dags/example_python_operator.py for tasks to queue
[2026-03-19T22:53:12.406+0000] {logging_mixin.py:190} INFO - [2026-03-19T22:53:12.406+0000] {dagbag.py:588} INFO - Filling up the DagBag from /home/airflow/.local/lib/python3.12/site-packages/airflow/example_dags/example_python_operator.py
[2026-03-19T22:53:12.417+0000] {processor.py:925} INFO - DAG(s) 'example_python_operator' retrieved from /home/airflow/.local/lib/python3.12/site-packages/airflow/example_dags/example_python_operator.py
[2026-03-19T22:53:12.436+0000] {logging_mixin.py:190} INFO - [2026-03-19T22:53:12.436+0000] {dag.py:3239} INFO - Sync 1 DAGs
[2026-03-19T22:53:12.449+0000] {logging_mixin.py:190} INFO - [2026-03-19T22:53:12.448+0000] {dag.py:4180} INFO - Setting next_dagrun for example_python_operator to None, run_after=None
[2026-03-19T22:53:12.468+0000] {processor.py:208} INFO - Processing /home/airflow/.local/lib/python3.12/site-packages/airflow/example_dags/example_python_operator.py took 0.070 seconds
[2026-03-19T22:53:42.861+0000] {processor.py:186} INFO - Started process (PID=749) to work on /home/airflow/.local/lib/python3.12/site-packages/airflow/example_dags/example_python_operator.py
[2026-03-19T22:53:42.861+0000] {processor.py:914} INFO - Processing file /home/airflow/.local/lib/python3.12/site-packages/airflow/example_dags/example_python_operator.py for tasks to queue
[2026-03-19T22:53:42.863+0000] {logging_mixin.py:190} INFO - [2026-03-19T22:53:42.863+0000] {dagbag.py:588} INFO - Filling up the DagBag from /home/airflow/.local/lib/python3.12/site-packages/airflow/example_dags/example_python_operator.py
[2026-03-19T22:53:42.873+0000] {processor.py:925} INFO - DAG(s) 'example_python_operator' retrieved from /home/airflow/.local/lib/python3.12/site-packages/airflow/example_dags/example_python_operator.py
[2026-03-19T22:53:42.890+0000] {logging_mixin.py:190} INFO - [2026-03-19T22:53:42.890+0000] {dag.py:3239} INFO - Sync 1 DAGs
[2026-03-19T22:53:42.903+0000] {logging_mixin.py:190} INFO - [2026-03-19T22:53:42.903+0000] {dag.py:4180} INFO - Setting next_dagrun for example_python_operator to None, run_after=None
[2026-03-19T22:53:42.923+0000] {processor.py:208} INFO - Processing /home/airflow/.local/lib/python3.12/site-packages/airflow/example_dags/example_python_operator.py took 0.067 seconds
[2026-03-19T22:54:13.311+0000] {processor.py:186} INFO - Started process (PID=807) to work on /home/airflow/.local/lib/python3.12/site-packages/airflow/example_dags/example_python_operator.py
[2026-03-19T22:54:13.312+0000] {processor.py:914} INFO - Processing file /home/airflow/.local/lib/python3.12/site-packages/airflow/example_dags/example_python_operator.py for tasks to queue
[2026-03-19T22:54:13.314+0000] {logging_mixin.py:190} INFO - [2026-03-19T22:54:13.313+0000] {dagbag.py:588} INFO - Filling up the DagBag from /home/airflow/.local/lib/python3.12/site-packages/airflow/example_dags/example_python_operator.py
[2026-03-19T22:54:13.324+0000] {processor.py:925} INFO - DAG(s) 'example_python_operator' retrieved from /home/airflow/.local/lib/python3.12/site-packages/airflow/example_dags/example_python_operator.py
[2026-03-19T22:54:13.342+0000] {logging_mixin.py:190} INFO - [2026-03-19T22:54:13.342+0000] {dag.py:3239} INFO - Sync 1 DAGs
[2026-03-19T22:54:13.354+0000] {logging_mixin.py:190} INFO - [2026-03-19T22:54:13.354+0000] {dag.py:4180} INFO - Setting next_dagrun for example_python_operator to None, run_after=None
[2026-03-19T22:54:13.373+0000] {processor.py:208} INFO - Processing /home/airflow/.local/lib/python3.12/site-packages/airflow/example_dags/example_python_operator.py took 0.067 seconds
[2026-03-19T22:54:43.586+0000] {processor.py:186} INFO - Started process (PID=865) to work on /home/airflow/.local/lib/python3.12/site-packages/airflow/example_dags/example_python_operator.py
[2026-03-19T22:54:43.587+0000] {processor.py:914} INFO - Processing file /home/airflow/.local/lib/python3.12/site-packages/airflow/example_dags/example_python_operator.py for tasks to queue
[2026-03-19T22:54:43.589+0000] {logging_mixin.py:190} INFO - [2026-03-19T22:54:43.588+0000] {dagbag.py:588} INFO - Filling up the DagBag from /home/airflow/.local/lib/python3.12/site-packages/airflow/example_dags/example_python_operator.py
[2026-03-19T22:54:43.599+0000] {processor.py:925} INFO - DAG(s) 'example_python_operator' retrieved from /home/airflow/.local/lib/python3.12/site-packages/airflow/example_dags/example_python_operator.py
[2026-03-19T22:54:43.616+0000] {logging_mixin.py:190} INFO - [2026-03-19T22:54:43.616+0000] {dag.py:3239} INFO - Sync 1 DAGs
[2026-03-19T22:54:43.628+0000] {logging_mixin.py:190} INFO - [2026-03-19T22:54:43.628+0000] {dag.py:4180} INFO - Setting next_dagrun for example_python_operator to None, run_after=None
[2026-03-19T22:54:43.647+0000] {processor.py:208} INFO - Processing /home/airflow/.local/lib/python3.12/site-packages/airflow/example_dags/example_python_operator.py took 0.066 seconds
[2026-03-19T22:55:13.876+0000] {processor.py:186} INFO - Started process (PID=923) to work on /home/airflow/.local/lib/python3.12/site-packages/airflow/example_dags/example_python_operator.py
[2026-03-19T22:55:13.877+0000] {processor.py:914} INFO - Processing file /home/airflow/.local/lib/python3.12/site-packages/airflow/example_dags/example_python_operator.py for tasks to queue
[2026-03-19T22:55:13.879+0000] {logging_mixin.py:190} INFO - [2026-03-19T22:55:13.878+0000] {dagbag.py:588} INFO - Filling up the DagBag from /home/airflow/.local/lib/python3.12/site-packages/airflow/example_dags/example_python_operator.py
[2026-03-19T22:55:13.889+0000] {processor.py:925} INFO - DAG(s) 'example_python_operator' retrieved from /home/airflow/.local/lib/python3.12/site-packages/airflow/example_dags/example_python_operator.py
[2026-03-19T22:55:13.907+0000] {logging_mixin.py:190} INFO - [2026-03-19T22:55:13.907+0000] {dag.py:3239} INFO - Sync 1 DAGs
[2026-03-19T22:55:13.919+0000] {logging_mixin.py:190} INFO - [2026-03-19T22:55:13.918+0000] {dag.py:4180} INFO - Setting next_dagrun for example_python_operator to None, run_after=None
[2026-03-19T22:55:13.937+0000] {processor.py:208} INFO - Processing /home/airflow/.local/lib/python3.12/site-packages/airflow/example_dags/example_python_operator.py took 0.066 seconds
