[2026-03-19T22:37:06.099+0000] {processor.py:186} INFO - Started process (PID=91) to work on /home/airflow/.local/lib/python3.12/site-packages/airflow/example_dags/example_xcomargs.py
[2026-03-19T22:37:06.103+0000] {processor.py:914} INFO - Processing file /home/airflow/.local/lib/python3.12/site-packages/airflow/example_dags/example_xcomargs.py for tasks to queue
[2026-03-19T22:37:06.107+0000] {logging_mixin.py:190} INFO - [2026-03-19T22:37:06.107+0000] {dagbag.py:588} INFO - Filling up the DagBag from /home/airflow/.local/lib/python3.12/site-packages/airflow/example_dags/example_xcomargs.py
[2026-03-19T22:37:06.133+0000] {processor.py:925} INFO - DAG(s) 'example_xcom_args_with_operators', 'example_xcom_args' retrieved from /home/airflow/.local/lib/python3.12/site-packages/airflow/example_dags/example_xcomargs.py
[2026-03-19T22:37:06.325+0000] {logging_mixin.py:190} INFO - [2026-03-19T22:37:06.324+0000] {override.py:1911} INFO - Created Permission View: can read on DAG:example_xcom_args_with_operators
[2026-03-19T22:37:06.345+0000] {logging_mixin.py:190} INFO - [2026-03-19T22:37:06.345+0000] {override.py:1911} INFO - Created Permission View: can delete on DAG:example_xcom_args_with_operators
[2026-03-19T22:37:06.360+0000] {logging_mixin.py:190} INFO - [2026-03-19T22:37:06.359+0000] {override.py:1911} INFO - Created Permission View: can edit on DAG:example_xcom_args_with_operators
[2026-03-19T22:37:06.386+0000] {logging_mixin.py:190} INFO - [2026-03-19T22:37:06.386+0000] {override.py:1911} INFO - Created Permission View: can read on DAG Run:example_xcom_args_with_operators
[2026-03-19T22:37:06.403+0000] {logging_mixin.py:190} INFO - [2026-03-19T22:37:06.402+0000] {override.py:1911} INFO - Created Permission View: can create on DAG Run:example_xcom_args_with_operators
[2026-03-19T22:37:06.420+0000] {logging_mixin.py:190} INFO - [2026-03-19T22:37:06.419+0000] {override.py:1911} INFO - Created Permission View: menu access on DAG Run:example_xcom_args_with_operators
[2026-03-19T22:37:06.440+0000] {logging_mixin.py:190} INFO - [2026-03-19T22:37:06.440+0000] {override.py:1911} INFO - Created Permission View: can delete on DAG Run:example_xcom_args_with_operators
[2026-03-19T22:37:06.467+0000] {logging_mixin.py:190} INFO - [2026-03-19T22:37:06.467+0000] {override.py:1911} INFO - Created Permission View: can read on DAG:example_xcom_args
[2026-03-19T22:37:06.480+0000] {logging_mixin.py:190} INFO - [2026-03-19T22:37:06.480+0000] {override.py:1911} INFO - Created Permission View: can delete on DAG:example_xcom_args
[2026-03-19T22:37:06.496+0000] {logging_mixin.py:190} INFO - [2026-03-19T22:37:06.496+0000] {override.py:1911} INFO - Created Permission View: can edit on DAG:example_xcom_args
[2026-03-19T22:37:06.541+0000] {logging_mixin.py:190} INFO - [2026-03-19T22:37:06.540+0000] {override.py:1911} INFO - Created Permission View: can read on DAG Run:example_xcom_args
[2026-03-19T22:37:06.566+0000] {logging_mixin.py:190} INFO - [2026-03-19T22:37:06.565+0000] {override.py:1911} INFO - Created Permission View: can create on DAG Run:example_xcom_args
[2026-03-19T22:37:06.580+0000] {logging_mixin.py:190} INFO - [2026-03-19T22:37:06.579+0000] {override.py:1911} INFO - Created Permission View: menu access on DAG Run:example_xcom_args
[2026-03-19T22:37:06.596+0000] {logging_mixin.py:190} INFO - [2026-03-19T22:37:06.595+0000] {override.py:1911} INFO - Created Permission View: can delete on DAG Run:example_xcom_args
[2026-03-19T22:37:06.597+0000] {logging_mixin.py:190} INFO - [2026-03-19T22:37:06.596+0000] {dag.py:3239} INFO - Sync 2 DAGs
[2026-03-19T22:37:06.619+0000] {logging_mixin.py:190} INFO - [2026-03-19T22:37:06.619+0000] {dag.py:3262} INFO - Creating ORM DAG for example_xcom_args_with_operators
[2026-03-19T22:37:06.621+0000] {logging_mixin.py:190} INFO - [2026-03-19T22:37:06.621+0000] {dag.py:3262} INFO - Creating ORM DAG for example_xcom_args
[2026-03-19T22:37:06.622+0000] {logging_mixin.py:190} INFO - [2026-03-19T22:37:06.622+0000] {dag.py:4180} INFO - Setting next_dagrun for example_xcom_args to None, run_after=None
[2026-03-19T22:37:06.624+0000] {logging_mixin.py:190} INFO - [2026-03-19T22:37:06.623+0000] {dag.py:4180} INFO - Setting next_dagrun for example_xcom_args_with_operators to None, run_after=None
[2026-03-19T22:37:06.660+0000] {processor.py:208} INFO - Processing /home/airflow/.local/lib/python3.12/site-packages/airflow/example_dags/example_xcomargs.py took 0.570 seconds
[2026-03-19T22:40:42.715+0000] {processor.py:186} INFO - Started process (PID=149) to work on /home/airflow/.local/lib/python3.12/site-packages/airflow/example_dags/example_xcomargs.py
[2026-03-19T22:40:42.717+0000] {processor.py:914} INFO - Processing file /home/airflow/.local/lib/python3.12/site-packages/airflow/example_dags/example_xcomargs.py for tasks to queue
[2026-03-19T22:40:42.720+0000] {logging_mixin.py:190} INFO - [2026-03-19T22:40:42.719+0000] {dagbag.py:588} INFO - Filling up the DagBag from /home/airflow/.local/lib/python3.12/site-packages/airflow/example_dags/example_xcomargs.py
[2026-03-19T22:40:42.766+0000] {processor.py:925} INFO - DAG(s) 'example_xcom_args', 'example_xcom_args_with_operators' retrieved from /home/airflow/.local/lib/python3.12/site-packages/airflow/example_dags/example_xcomargs.py
[2026-03-19T22:40:42.812+0000] {logging_mixin.py:190} INFO - [2026-03-19T22:40:42.812+0000] {dag.py:3239} INFO - Sync 2 DAGs
[2026-03-19T22:40:42.837+0000] {logging_mixin.py:190} INFO - [2026-03-19T22:40:42.836+0000] {dag.py:4180} INFO - Setting next_dagrun for example_xcom_args to None, run_after=None
[2026-03-19T22:40:42.842+0000] {logging_mixin.py:190} INFO - [2026-03-19T22:40:42.842+0000] {dag.py:4180} INFO - Setting next_dagrun for example_xcom_args_with_operators to None, run_after=None
[2026-03-19T22:40:42.900+0000] {processor.py:208} INFO - Processing /home/airflow/.local/lib/python3.12/site-packages/airflow/example_dags/example_xcomargs.py took 0.193 seconds
[2026-03-19T22:47:45.393+0000] {processor.py:186} INFO - Started process (PID=91) to work on /home/airflow/.local/lib/python3.12/site-packages/airflow/example_dags/example_xcomargs.py
[2026-03-19T22:47:45.398+0000] {processor.py:914} INFO - Processing file /home/airflow/.local/lib/python3.12/site-packages/airflow/example_dags/example_xcomargs.py for tasks to queue
[2026-03-19T22:47:45.401+0000] {logging_mixin.py:190} INFO - [2026-03-19T22:47:45.400+0000] {dagbag.py:588} INFO - Filling up the DagBag from /home/airflow/.local/lib/python3.12/site-packages/airflow/example_dags/example_xcomargs.py
[2026-03-19T22:47:45.411+0000] {processor.py:925} INFO - DAG(s) 'example_xcom_args_with_operators', 'example_xcom_args' retrieved from /home/airflow/.local/lib/python3.12/site-packages/airflow/example_dags/example_xcomargs.py
[2026-03-19T22:47:45.526+0000] {logging_mixin.py:190} INFO - [2026-03-19T22:47:45.526+0000] {override.py:1911} INFO - Created Permission View: can delete on DAG:example_xcom_args_with_operators
[2026-03-19T22:47:45.541+0000] {logging_mixin.py:190} INFO - [2026-03-19T22:47:45.541+0000] {override.py:1911} INFO - Created Permission View: can edit on DAG:example_xcom_args_with_operators
[2026-03-19T22:47:45.549+0000] {logging_mixin.py:190} INFO - [2026-03-19T22:47:45.549+0000] {override.py:1911} INFO - Created Permission View: can read on DAG:example_xcom_args_with_operators
[2026-03-19T22:47:45.563+0000] {logging_mixin.py:190} INFO - [2026-03-19T22:47:45.562+0000] {override.py:1911} INFO - Created Permission View: can create on DAG Run:example_xcom_args_with_operators
[2026-03-19T22:47:45.572+0000] {logging_mixin.py:190} INFO - [2026-03-19T22:47:45.572+0000] {override.py:1911} INFO - Created Permission View: can delete on DAG Run:example_xcom_args_with_operators
[2026-03-19T22:47:45.582+0000] {logging_mixin.py:190} INFO - [2026-03-19T22:47:45.582+0000] {override.py:1911} INFO - Created Permission View: menu access on DAG Run:example_xcom_args_with_operators
[2026-03-19T22:47:45.591+0000] {logging_mixin.py:190} INFO - [2026-03-19T22:47:45.591+0000] {override.py:1911} INFO - Created Permission View: can read on DAG Run:example_xcom_args_with_operators
[2026-03-19T22:47:45.613+0000] {logging_mixin.py:190} INFO - [2026-03-19T22:47:45.612+0000] {override.py:1911} INFO - Created Permission View: can delete on DAG:example_xcom_args
[2026-03-19T22:47:45.628+0000] {logging_mixin.py:190} INFO - [2026-03-19T22:47:45.628+0000] {override.py:1911} INFO - Created Permission View: can edit on DAG:example_xcom_args
[2026-03-19T22:47:45.641+0000] {logging_mixin.py:190} INFO - [2026-03-19T22:47:45.640+0000] {override.py:1911} INFO - Created Permission View: can read on DAG:example_xcom_args
[2026-03-19T22:47:45.664+0000] {logging_mixin.py:190} INFO - [2026-03-19T22:47:45.664+0000] {override.py:1911} INFO - Created Permission View: can create on DAG Run:example_xcom_args
[2026-03-19T22:47:45.674+0000] {logging_mixin.py:190} INFO - [2026-03-19T22:47:45.673+0000] {override.py:1911} INFO - Created Permission View: can delete on DAG Run:example_xcom_args
[2026-03-19T22:47:45.682+0000] {logging_mixin.py:190} INFO - [2026-03-19T22:47:45.682+0000] {override.py:1911} INFO - Created Permission View: menu access on DAG Run:example_xcom_args
[2026-03-19T22:47:45.692+0000] {logging_mixin.py:190} INFO - [2026-03-19T22:47:45.691+0000] {override.py:1911} INFO - Created Permission View: can read on DAG Run:example_xcom_args
[2026-03-19T22:47:45.692+0000] {logging_mixin.py:190} INFO - [2026-03-19T22:47:45.692+0000] {dag.py:3239} INFO - Sync 2 DAGs
[2026-03-19T22:47:45.704+0000] {logging_mixin.py:190} INFO - [2026-03-19T22:47:45.703+0000] {dag.py:3262} INFO - Creating ORM DAG for example_xcom_args
[2026-03-19T22:47:45.704+0000] {logging_mixin.py:190} INFO - [2026-03-19T22:47:45.704+0000] {dag.py:3262} INFO - Creating ORM DAG for example_xcom_args_with_operators
[2026-03-19T22:47:45.705+0000] {logging_mixin.py:190} INFO - [2026-03-19T22:47:45.705+0000] {dag.py:4180} INFO - Setting next_dagrun for example_xcom_args to None, run_after=None
[2026-03-19T22:47:45.706+0000] {logging_mixin.py:190} INFO - [2026-03-19T22:47:45.705+0000] {dag.py:4180} INFO - Setting next_dagrun for example_xcom_args_with_operators to None, run_after=None
[2026-03-19T22:47:45.726+0000] {processor.py:208} INFO - Processing /home/airflow/.local/lib/python3.12/site-packages/airflow/example_dags/example_xcomargs.py took 0.338 seconds
[2026-03-19T22:48:16.712+0000] {processor.py:186} INFO - Started process (PID=149) to work on /home/airflow/.local/lib/python3.12/site-packages/airflow/example_dags/example_xcomargs.py
[2026-03-19T22:48:16.712+0000] {processor.py:914} INFO - Processing file /home/airflow/.local/lib/python3.12/site-packages/airflow/example_dags/example_xcomargs.py for tasks to queue
[2026-03-19T22:48:16.714+0000] {logging_mixin.py:190} INFO - [2026-03-19T22:48:16.714+0000] {dagbag.py:588} INFO - Filling up the DagBag from /home/airflow/.local/lib/python3.12/site-packages/airflow/example_dags/example_xcomargs.py
[2026-03-19T22:48:16.722+0000] {processor.py:925} INFO - DAG(s) 'example_xcom_args_with_operators', 'example_xcom_args' retrieved from /home/airflow/.local/lib/python3.12/site-packages/airflow/example_dags/example_xcomargs.py
[2026-03-19T22:48:16.741+0000] {logging_mixin.py:190} INFO - [2026-03-19T22:48:16.741+0000] {dag.py:3239} INFO - Sync 2 DAGs
[2026-03-19T22:48:16.754+0000] {logging_mixin.py:190} INFO - [2026-03-19T22:48:16.753+0000] {dag.py:4180} INFO - Setting next_dagrun for example_xcom_args to None, run_after=None
[2026-03-19T22:48:16.757+0000] {logging_mixin.py:190} INFO - [2026-03-19T22:48:16.757+0000] {dag.py:4180} INFO - Setting next_dagrun for example_xcom_args_with_operators to None, run_after=None
[2026-03-19T22:48:16.776+0000] {processor.py:208} INFO - Processing /home/airflow/.local/lib/python3.12/site-packages/airflow/example_dags/example_xcomargs.py took 0.069 seconds
[2026-03-19T22:48:47.258+0000] {processor.py:186} INFO - Started process (PID=207) to work on /home/airflow/.local/lib/python3.12/site-packages/airflow/example_dags/example_xcomargs.py
[2026-03-19T22:48:47.259+0000] {processor.py:914} INFO - Processing file /home/airflow/.local/lib/python3.12/site-packages/airflow/example_dags/example_xcomargs.py for tasks to queue
[2026-03-19T22:48:47.261+0000] {logging_mixin.py:190} INFO - [2026-03-19T22:48:47.261+0000] {dagbag.py:588} INFO - Filling up the DagBag from /home/airflow/.local/lib/python3.12/site-packages/airflow/example_dags/example_xcomargs.py
[2026-03-19T22:48:47.269+0000] {processor.py:925} INFO - DAG(s) 'example_xcom_args_with_operators', 'example_xcom_args' retrieved from /home/airflow/.local/lib/python3.12/site-packages/airflow/example_dags/example_xcomargs.py
[2026-03-19T22:48:47.290+0000] {logging_mixin.py:190} INFO - [2026-03-19T22:48:47.290+0000] {dag.py:3239} INFO - Sync 2 DAGs
[2026-03-19T22:48:47.304+0000] {logging_mixin.py:190} INFO - [2026-03-19T22:48:47.303+0000] {dag.py:4180} INFO - Setting next_dagrun for example_xcom_args to None, run_after=None
[2026-03-19T22:48:47.307+0000] {logging_mixin.py:190} INFO - [2026-03-19T22:48:47.307+0000] {dag.py:4180} INFO - Setting next_dagrun for example_xcom_args_with_operators to None, run_after=None
[2026-03-19T22:48:47.328+0000] {processor.py:208} INFO - Processing /home/airflow/.local/lib/python3.12/site-packages/airflow/example_dags/example_xcomargs.py took 0.074 seconds
[2026-03-19T22:49:17.830+0000] {processor.py:186} INFO - Started process (PID=265) to work on /home/airflow/.local/lib/python3.12/site-packages/airflow/example_dags/example_xcomargs.py
[2026-03-19T22:49:17.831+0000] {processor.py:914} INFO - Processing file /home/airflow/.local/lib/python3.12/site-packages/airflow/example_dags/example_xcomargs.py for tasks to queue
[2026-03-19T22:49:17.832+0000] {logging_mixin.py:190} INFO - [2026-03-19T22:49:17.832+0000] {dagbag.py:588} INFO - Filling up the DagBag from /home/airflow/.local/lib/python3.12/site-packages/airflow/example_dags/example_xcomargs.py
[2026-03-19T22:49:17.841+0000] {processor.py:925} INFO - DAG(s) 'example_xcom_args', 'example_xcom_args_with_operators' retrieved from /home/airflow/.local/lib/python3.12/site-packages/airflow/example_dags/example_xcomargs.py
[2026-03-19T22:49:17.859+0000] {logging_mixin.py:190} INFO - [2026-03-19T22:49:17.858+0000] {dag.py:3239} INFO - Sync 2 DAGs
[2026-03-19T22:49:17.871+0000] {logging_mixin.py:190} INFO - [2026-03-19T22:49:17.871+0000] {dag.py:4180} INFO - Setting next_dagrun for example_xcom_args to None, run_after=None
[2026-03-19T22:49:17.874+0000] {logging_mixin.py:190} INFO - [2026-03-19T22:49:17.874+0000] {dag.py:4180} INFO - Setting next_dagrun for example_xcom_args_with_operators to None, run_after=None
[2026-03-19T22:49:17.897+0000] {processor.py:208} INFO - Processing /home/airflow/.local/lib/python3.12/site-packages/airflow/example_dags/example_xcomargs.py took 0.073 seconds
[2026-03-19T22:49:48.137+0000] {processor.py:186} INFO - Started process (PID=323) to work on /home/airflow/.local/lib/python3.12/site-packages/airflow/example_dags/example_xcomargs.py
[2026-03-19T22:49:48.138+0000] {processor.py:914} INFO - Processing file /home/airflow/.local/lib/python3.12/site-packages/airflow/example_dags/example_xcomargs.py for tasks to queue
[2026-03-19T22:49:48.139+0000] {logging_mixin.py:190} INFO - [2026-03-19T22:49:48.139+0000] {dagbag.py:588} INFO - Filling up the DagBag from /home/airflow/.local/lib/python3.12/site-packages/airflow/example_dags/example_xcomargs.py
[2026-03-19T22:49:48.147+0000] {processor.py:925} INFO - DAG(s) 'example_xcom_args', 'example_xcom_args_with_operators' retrieved from /home/airflow/.local/lib/python3.12/site-packages/airflow/example_dags/example_xcomargs.py
[2026-03-19T22:49:48.165+0000] {logging_mixin.py:190} INFO - [2026-03-19T22:49:48.165+0000] {dag.py:3239} INFO - Sync 2 DAGs
[2026-03-19T22:49:48.177+0000] {logging_mixin.py:190} INFO - [2026-03-19T22:49:48.177+0000] {dag.py:4180} INFO - Setting next_dagrun for example_xcom_args to None, run_after=None
[2026-03-19T22:49:48.180+0000] {logging_mixin.py:190} INFO - [2026-03-19T22:49:48.180+0000] {dag.py:4180} INFO - Setting next_dagrun for example_xcom_args_with_operators to None, run_after=None
[2026-03-19T22:49:48.204+0000] {processor.py:208} INFO - Processing /home/airflow/.local/lib/python3.12/site-packages/airflow/example_dags/example_xcomargs.py took 0.072 seconds
[2026-03-19T22:50:18.619+0000] {processor.py:186} INFO - Started process (PID=383) to work on /home/airflow/.local/lib/python3.12/site-packages/airflow/example_dags/example_xcomargs.py
[2026-03-19T22:50:18.620+0000] {processor.py:914} INFO - Processing file /home/airflow/.local/lib/python3.12/site-packages/airflow/example_dags/example_xcomargs.py for tasks to queue
[2026-03-19T22:50:18.621+0000] {logging_mixin.py:190} INFO - [2026-03-19T22:50:18.621+0000] {dagbag.py:588} INFO - Filling up the DagBag from /home/airflow/.local/lib/python3.12/site-packages/airflow/example_dags/example_xcomargs.py
[2026-03-19T22:50:18.630+0000] {processor.py:925} INFO - DAG(s) 'example_xcom_args', 'example_xcom_args_with_operators' retrieved from /home/airflow/.local/lib/python3.12/site-packages/airflow/example_dags/example_xcomargs.py
[2026-03-19T22:50:18.648+0000] {logging_mixin.py:190} INFO - [2026-03-19T22:50:18.648+0000] {dag.py:3239} INFO - Sync 2 DAGs
[2026-03-19T22:50:18.660+0000] {logging_mixin.py:190} INFO - [2026-03-19T22:50:18.660+0000] {dag.py:4180} INFO - Setting next_dagrun for example_xcom_args to None, run_after=None
[2026-03-19T22:50:18.663+0000] {logging_mixin.py:190} INFO - [2026-03-19T22:50:18.663+0000] {dag.py:4180} INFO - Setting next_dagrun for example_xcom_args_with_operators to None, run_after=None
[2026-03-19T22:50:18.683+0000] {processor.py:208} INFO - Processing /home/airflow/.local/lib/python3.12/site-packages/airflow/example_dags/example_xcomargs.py took 0.070 seconds
[2026-03-19T22:50:49.080+0000] {processor.py:186} INFO - Started process (PID=441) to work on /home/airflow/.local/lib/python3.12/site-packages/airflow/example_dags/example_xcomargs.py
[2026-03-19T22:50:49.081+0000] {processor.py:914} INFO - Processing file /home/airflow/.local/lib/python3.12/site-packages/airflow/example_dags/example_xcomargs.py for tasks to queue
[2026-03-19T22:50:49.083+0000] {logging_mixin.py:190} INFO - [2026-03-19T22:50:49.083+0000] {dagbag.py:588} INFO - Filling up the DagBag from /home/airflow/.local/lib/python3.12/site-packages/airflow/example_dags/example_xcomargs.py
[2026-03-19T22:50:49.092+0000] {processor.py:925} INFO - DAG(s) 'example_xcom_args_with_operators', 'example_xcom_args' retrieved from /home/airflow/.local/lib/python3.12/site-packages/airflow/example_dags/example_xcomargs.py
[2026-03-19T22:50:49.110+0000] {logging_mixin.py:190} INFO - [2026-03-19T22:50:49.110+0000] {dag.py:3239} INFO - Sync 2 DAGs
[2026-03-19T22:50:49.122+0000] {logging_mixin.py:190} INFO - [2026-03-19T22:50:49.122+0000] {dag.py:4180} INFO - Setting next_dagrun for example_xcom_args to None, run_after=None
[2026-03-19T22:50:49.125+0000] {logging_mixin.py:190} INFO - [2026-03-19T22:50:49.125+0000] {dag.py:4180} INFO - Setting next_dagrun for example_xcom_args_with_operators to None, run_after=None
[2026-03-19T22:50:49.147+0000] {processor.py:208} INFO - Processing /home/airflow/.local/lib/python3.12/site-packages/airflow/example_dags/example_xcomargs.py took 0.072 seconds
[2026-03-19T22:51:19.980+0000] {processor.py:186} INFO - Started process (PID=499) to work on /home/airflow/.local/lib/python3.12/site-packages/airflow/example_dags/example_xcomargs.py
[2026-03-19T22:51:19.981+0000] {processor.py:914} INFO - Processing file /home/airflow/.local/lib/python3.12/site-packages/airflow/example_dags/example_xcomargs.py for tasks to queue
[2026-03-19T22:51:19.983+0000] {logging_mixin.py:190} INFO - [2026-03-19T22:51:19.982+0000] {dagbag.py:588} INFO - Filling up the DagBag from /home/airflow/.local/lib/python3.12/site-packages/airflow/example_dags/example_xcomargs.py
[2026-03-19T22:51:19.991+0000] {processor.py:925} INFO - DAG(s) 'example_xcom_args', 'example_xcom_args_with_operators' retrieved from /home/airflow/.local/lib/python3.12/site-packages/airflow/example_dags/example_xcomargs.py
[2026-03-19T22:51:20.010+0000] {logging_mixin.py:190} INFO - [2026-03-19T22:51:20.010+0000] {dag.py:3239} INFO - Sync 2 DAGs
[2026-03-19T22:51:20.023+0000] {logging_mixin.py:190} INFO - [2026-03-19T22:51:20.023+0000] {dag.py:4180} INFO - Setting next_dagrun for example_xcom_args to None, run_after=None
[2026-03-19T22:51:20.026+0000] {logging_mixin.py:190} INFO - [2026-03-19T22:51:20.026+0000] {dag.py:4180} INFO - Setting next_dagrun for example_xcom_args_with_operators to None, run_after=None
[2026-03-19T22:51:20.045+0000] {processor.py:208} INFO - Processing /home/airflow/.local/lib/python3.12/site-packages/airflow/example_dags/example_xcomargs.py took 0.070 seconds
[2026-03-19T22:51:50.206+0000] {processor.py:186} INFO - Started process (PID=557) to work on /home/airflow/.local/lib/python3.12/site-packages/airflow/example_dags/example_xcomargs.py
[2026-03-19T22:51:50.207+0000] {processor.py:914} INFO - Processing file /home/airflow/.local/lib/python3.12/site-packages/airflow/example_dags/example_xcomargs.py for tasks to queue
[2026-03-19T22:51:50.209+0000] {logging_mixin.py:190} INFO - [2026-03-19T22:51:50.208+0000] {dagbag.py:588} INFO - Filling up the DagBag from /home/airflow/.local/lib/python3.12/site-packages/airflow/example_dags/example_xcomargs.py
[2026-03-19T22:51:50.217+0000] {processor.py:925} INFO - DAG(s) 'example_xcom_args', 'example_xcom_args_with_operators' retrieved from /home/airflow/.local/lib/python3.12/site-packages/airflow/example_dags/example_xcomargs.py
[2026-03-19T22:51:50.236+0000] {logging_mixin.py:190} INFO - [2026-03-19T22:51:50.236+0000] {dag.py:3239} INFO - Sync 2 DAGs
[2026-03-19T22:51:50.251+0000] {logging_mixin.py:190} INFO - [2026-03-19T22:51:50.251+0000] {dag.py:4180} INFO - Setting next_dagrun for example_xcom_args to None, run_after=None
[2026-03-19T22:51:50.255+0000] {logging_mixin.py:190} INFO - [2026-03-19T22:51:50.254+0000] {dag.py:4180} INFO - Setting next_dagrun for example_xcom_args_with_operators to None, run_after=None
[2026-03-19T22:51:50.274+0000] {processor.py:208} INFO - Processing /home/airflow/.local/lib/python3.12/site-packages/airflow/example_dags/example_xcomargs.py took 0.072 seconds
[2026-03-19T22:52:20.932+0000] {processor.py:186} INFO - Started process (PID=615) to work on /home/airflow/.local/lib/python3.12/site-packages/airflow/example_dags/example_xcomargs.py
[2026-03-19T22:52:20.933+0000] {processor.py:914} INFO - Processing file /home/airflow/.local/lib/python3.12/site-packages/airflow/example_dags/example_xcomargs.py for tasks to queue
[2026-03-19T22:52:20.935+0000] {logging_mixin.py:190} INFO - [2026-03-19T22:52:20.935+0000] {dagbag.py:588} INFO - Filling up the DagBag from /home/airflow/.local/lib/python3.12/site-packages/airflow/example_dags/example_xcomargs.py
[2026-03-19T22:52:20.944+0000] {processor.py:925} INFO - DAG(s) 'example_xcom_args', 'example_xcom_args_with_operators' retrieved from /home/airflow/.local/lib/python3.12/site-packages/airflow/example_dags/example_xcomargs.py
[2026-03-19T22:52:20.964+0000] {logging_mixin.py:190} INFO - [2026-03-19T22:52:20.964+0000] {dag.py:3239} INFO - Sync 2 DAGs
[2026-03-19T22:52:20.976+0000] {logging_mixin.py:190} INFO - [2026-03-19T22:52:20.976+0000] {dag.py:4180} INFO - Setting next_dagrun for example_xcom_args to None, run_after=None
[2026-03-19T22:52:20.980+0000] {logging_mixin.py:190} INFO - [2026-03-19T22:52:20.980+0000] {dag.py:4180} INFO - Setting next_dagrun for example_xcom_args_with_operators to None, run_after=None
[2026-03-19T22:52:20.997+0000] {processor.py:208} INFO - Processing /home/airflow/.local/lib/python3.12/site-packages/airflow/example_dags/example_xcomargs.py took 0.070 seconds
[2026-03-19T22:52:52.234+0000] {processor.py:186} INFO - Started process (PID=673) to work on /home/airflow/.local/lib/python3.12/site-packages/airflow/example_dags/example_xcomargs.py
[2026-03-19T22:52:52.235+0000] {processor.py:914} INFO - Processing file /home/airflow/.local/lib/python3.12/site-packages/airflow/example_dags/example_xcomargs.py for tasks to queue
[2026-03-19T22:52:52.237+0000] {logging_mixin.py:190} INFO - [2026-03-19T22:52:52.237+0000] {dagbag.py:588} INFO - Filling up the DagBag from /home/airflow/.local/lib/python3.12/site-packages/airflow/example_dags/example_xcomargs.py
[2026-03-19T22:52:52.249+0000] {processor.py:925} INFO - DAG(s) 'example_xcom_args_with_operators', 'example_xcom_args' retrieved from /home/airflow/.local/lib/python3.12/site-packages/airflow/example_dags/example_xcomargs.py
[2026-03-19T22:52:52.271+0000] {logging_mixin.py:190} INFO - [2026-03-19T22:52:52.270+0000] {dag.py:3239} INFO - Sync 2 DAGs
[2026-03-19T22:52:52.284+0000] {logging_mixin.py:190} INFO - [2026-03-19T22:52:52.284+0000] {dag.py:4180} INFO - Setting next_dagrun for example_xcom_args to None, run_after=None
[2026-03-19T22:52:52.288+0000] {logging_mixin.py:190} INFO - [2026-03-19T22:52:52.288+0000] {dag.py:4180} INFO - Setting next_dagrun for example_xcom_args_with_operators to None, run_after=None
[2026-03-19T22:52:52.308+0000] {processor.py:208} INFO - Processing /home/airflow/.local/lib/python3.12/site-packages/airflow/example_dags/example_xcomargs.py took 0.079 seconds
[2026-03-19T22:53:23.617+0000] {processor.py:186} INFO - Started process (PID=731) to work on /home/airflow/.local/lib/python3.12/site-packages/airflow/example_dags/example_xcomargs.py
[2026-03-19T22:53:23.618+0000] {processor.py:914} INFO - Processing file /home/airflow/.local/lib/python3.12/site-packages/airflow/example_dags/example_xcomargs.py for tasks to queue
[2026-03-19T22:53:23.620+0000] {logging_mixin.py:190} INFO - [2026-03-19T22:53:23.620+0000] {dagbag.py:588} INFO - Filling up the DagBag from /home/airflow/.local/lib/python3.12/site-packages/airflow/example_dags/example_xcomargs.py
[2026-03-19T22:53:23.629+0000] {processor.py:925} INFO - DAG(s) 'example_xcom_args_with_operators', 'example_xcom_args' retrieved from /home/airflow/.local/lib/python3.12/site-packages/airflow/example_dags/example_xcomargs.py
[2026-03-19T22:53:23.649+0000] {logging_mixin.py:190} INFO - [2026-03-19T22:53:23.649+0000] {dag.py:3239} INFO - Sync 2 DAGs
[2026-03-19T22:53:23.661+0000] {logging_mixin.py:190} INFO - [2026-03-19T22:53:23.661+0000] {dag.py:4180} INFO - Setting next_dagrun for example_xcom_args to None, run_after=None
[2026-03-19T22:53:23.665+0000] {logging_mixin.py:190} INFO - [2026-03-19T22:53:23.665+0000] {dag.py:4180} INFO - Setting next_dagrun for example_xcom_args_with_operators to None, run_after=None
[2026-03-19T22:53:23.683+0000] {processor.py:208} INFO - Processing /home/airflow/.local/lib/python3.12/site-packages/airflow/example_dags/example_xcomargs.py took 0.071 seconds
[2026-03-19T22:53:55.298+0000] {processor.py:186} INFO - Started process (PID=789) to work on /home/airflow/.local/lib/python3.12/site-packages/airflow/example_dags/example_xcomargs.py
[2026-03-19T22:53:55.299+0000] {processor.py:914} INFO - Processing file /home/airflow/.local/lib/python3.12/site-packages/airflow/example_dags/example_xcomargs.py for tasks to queue
[2026-03-19T22:53:55.301+0000] {logging_mixin.py:190} INFO - [2026-03-19T22:53:55.301+0000] {dagbag.py:588} INFO - Filling up the DagBag from /home/airflow/.local/lib/python3.12/site-packages/airflow/example_dags/example_xcomargs.py
[2026-03-19T22:53:55.311+0000] {processor.py:925} INFO - DAG(s) 'example_xcom_args', 'example_xcom_args_with_operators' retrieved from /home/airflow/.local/lib/python3.12/site-packages/airflow/example_dags/example_xcomargs.py
[2026-03-19T22:53:55.331+0000] {logging_mixin.py:190} INFO - [2026-03-19T22:53:55.330+0000] {dag.py:3239} INFO - Sync 2 DAGs
[2026-03-19T22:53:55.344+0000] {logging_mixin.py:190} INFO - [2026-03-19T22:53:55.344+0000] {dag.py:4180} INFO - Setting next_dagrun for example_xcom_args to None, run_after=None
[2026-03-19T22:53:55.348+0000] {logging_mixin.py:190} INFO - [2026-03-19T22:53:55.348+0000] {dag.py:4180} INFO - Setting next_dagrun for example_xcom_args_with_operators to None, run_after=None
[2026-03-19T22:53:55.364+0000] {processor.py:208} INFO - Processing /home/airflow/.local/lib/python3.12/site-packages/airflow/example_dags/example_xcomargs.py took 0.072 seconds
[2026-03-19T22:54:26.555+0000] {processor.py:186} INFO - Started process (PID=847) to work on /home/airflow/.local/lib/python3.12/site-packages/airflow/example_dags/example_xcomargs.py
[2026-03-19T22:54:26.556+0000] {processor.py:914} INFO - Processing file /home/airflow/.local/lib/python3.12/site-packages/airflow/example_dags/example_xcomargs.py for tasks to queue
[2026-03-19T22:54:26.558+0000] {logging_mixin.py:190} INFO - [2026-03-19T22:54:26.557+0000] {dagbag.py:588} INFO - Filling up the DagBag from /home/airflow/.local/lib/python3.12/site-packages/airflow/example_dags/example_xcomargs.py
[2026-03-19T22:54:26.566+0000] {processor.py:925} INFO - DAG(s) 'example_xcom_args_with_operators', 'example_xcom_args' retrieved from /home/airflow/.local/lib/python3.12/site-packages/airflow/example_dags/example_xcomargs.py
[2026-03-19T22:54:26.585+0000] {logging_mixin.py:190} INFO - [2026-03-19T22:54:26.585+0000] {dag.py:3239} INFO - Sync 2 DAGs
[2026-03-19T22:54:26.598+0000] {logging_mixin.py:190} INFO - [2026-03-19T22:54:26.598+0000] {dag.py:4180} INFO - Setting next_dagrun for example_xcom_args to None, run_after=None
[2026-03-19T22:54:26.601+0000] {logging_mixin.py:190} INFO - [2026-03-19T22:54:26.601+0000] {dag.py:4180} INFO - Setting next_dagrun for example_xcom_args_with_operators to None, run_after=None
[2026-03-19T22:54:26.621+0000] {processor.py:208} INFO - Processing /home/airflow/.local/lib/python3.12/site-packages/airflow/example_dags/example_xcomargs.py took 0.071 seconds
[2026-03-19T22:54:57.821+0000] {processor.py:186} INFO - Started process (PID=905) to work on /home/airflow/.local/lib/python3.12/site-packages/airflow/example_dags/example_xcomargs.py
[2026-03-19T22:54:57.822+0000] {processor.py:914} INFO - Processing file /home/airflow/.local/lib/python3.12/site-packages/airflow/example_dags/example_xcomargs.py for tasks to queue
[2026-03-19T22:54:57.824+0000] {logging_mixin.py:190} INFO - [2026-03-19T22:54:57.823+0000] {dagbag.py:588} INFO - Filling up the DagBag from /home/airflow/.local/lib/python3.12/site-packages/airflow/example_dags/example_xcomargs.py
[2026-03-19T22:54:57.832+0000] {processor.py:925} INFO - DAG(s) 'example_xcom_args', 'example_xcom_args_with_operators' retrieved from /home/airflow/.local/lib/python3.12/site-packages/airflow/example_dags/example_xcomargs.py
[2026-03-19T22:54:57.851+0000] {logging_mixin.py:190} INFO - [2026-03-19T22:54:57.851+0000] {dag.py:3239} INFO - Sync 2 DAGs
[2026-03-19T22:54:57.864+0000] {logging_mixin.py:190} INFO - [2026-03-19T22:54:57.864+0000] {dag.py:4180} INFO - Setting next_dagrun for example_xcom_args to None, run_after=None
[2026-03-19T22:54:57.867+0000] {logging_mixin.py:190} INFO - [2026-03-19T22:54:57.867+0000] {dag.py:4180} INFO - Setting next_dagrun for example_xcom_args_with_operators to None, run_after=None
[2026-03-19T22:54:57.886+0000] {processor.py:208} INFO - Processing /home/airflow/.local/lib/python3.12/site-packages/airflow/example_dags/example_xcomargs.py took 0.071 seconds
[2026-03-19T22:55:29.200+0000] {processor.py:186} INFO - Started process (PID=963) to work on /home/airflow/.local/lib/python3.12/site-packages/airflow/example_dags/example_xcomargs.py
[2026-03-19T22:55:29.201+0000] {processor.py:914} INFO - Processing file /home/airflow/.local/lib/python3.12/site-packages/airflow/example_dags/example_xcomargs.py for tasks to queue
[2026-03-19T22:55:29.203+0000] {logging_mixin.py:190} INFO - [2026-03-19T22:55:29.203+0000] {dagbag.py:588} INFO - Filling up the DagBag from /home/airflow/.local/lib/python3.12/site-packages/airflow/example_dags/example_xcomargs.py
[2026-03-19T22:55:29.212+0000] {processor.py:925} INFO - DAG(s) 'example_xcom_args', 'example_xcom_args_with_operators' retrieved from /home/airflow/.local/lib/python3.12/site-packages/airflow/example_dags/example_xcomargs.py
[2026-03-19T22:55:29.232+0000] {logging_mixin.py:190} INFO - [2026-03-19T22:55:29.232+0000] {dag.py:3239} INFO - Sync 2 DAGs
[2026-03-19T22:55:29.246+0000] {logging_mixin.py:190} INFO - [2026-03-19T22:55:29.246+0000] {dag.py:4180} INFO - Setting next_dagrun for example_xcom_args to None, run_after=None
[2026-03-19T22:55:29.250+0000] {logging_mixin.py:190} INFO - [2026-03-19T22:55:29.250+0000] {dag.py:4180} INFO - Setting next_dagrun for example_xcom_args_with_operators to None, run_after=None
[2026-03-19T22:55:29.270+0000] {processor.py:208} INFO - Processing /home/airflow/.local/lib/python3.12/site-packages/airflow/example_dags/example_xcomargs.py took 0.075 seconds
