[2026-03-19T22:36:40.563+0000] {processor.py:186} INFO - Started process (PID=50) to work on /home/airflow/.local/lib/python3.12/site-packages/airflow/example_dags/example_local_kubernetes_executor.py
[2026-03-19T22:36:40.564+0000] {processor.py:914} INFO - Processing file /home/airflow/.local/lib/python3.12/site-packages/airflow/example_dags/example_local_kubernetes_executor.py for tasks to queue
[2026-03-19T22:36:40.567+0000] {logging_mixin.py:190} INFO - [2026-03-19T22:36:40.566+0000] {dagbag.py:588} INFO - Filling up the DagBag from /home/airflow/.local/lib/python3.12/site-packages/airflow/example_dags/example_local_kubernetes_executor.py
[2026-03-19T22:36:40.581+0000] {processor.py:925} INFO - DAG(s) 'example_local_kubernetes_executor' retrieved from /home/airflow/.local/lib/python3.12/site-packages/airflow/example_dags/example_local_kubernetes_executor.py
[2026-03-19T22:36:40.780+0000] {logging_mixin.py:190} INFO - [2026-03-19T22:36:40.778+0000] {override.py:1911} INFO - Created Permission View: can read on DAG:example_local_kubernetes_executor
[2026-03-19T22:36:40.827+0000] {logging_mixin.py:190} INFO - [2026-03-19T22:36:40.827+0000] {override.py:1911} INFO - Created Permission View: can delete on DAG:example_local_kubernetes_executor
[2026-03-19T22:36:40.914+0000] {logging_mixin.py:190} INFO - [2026-03-19T22:36:40.913+0000] {override.py:1911} INFO - Created Permission View: can edit on DAG:example_local_kubernetes_executor
[2026-03-19T22:36:41.024+0000] {logging_mixin.py:190} INFO - [2026-03-19T22:36:41.024+0000] {override.py:1911} INFO - Created Permission View: can read on DAG Run:example_local_kubernetes_executor
[2026-03-19T22:36:41.120+0000] {logging_mixin.py:190} INFO - [2026-03-19T22:36:41.119+0000] {override.py:1911} INFO - Created Permission View: can create on DAG Run:example_local_kubernetes_executor
[2026-03-19T22:36:41.201+0000] {logging_mixin.py:190} INFO - [2026-03-19T22:36:41.201+0000] {override.py:1911} INFO - Created Permission View: menu access on DAG Run:example_local_kubernetes_executor
[2026-03-19T22:36:41.238+0000] {logging_mixin.py:190} INFO - [2026-03-19T22:36:41.238+0000] {override.py:1911} INFO - Created Permission View: can delete on DAG Run:example_local_kubernetes_executor
[2026-03-19T22:36:41.238+0000] {logging_mixin.py:190} INFO - [2026-03-19T22:36:41.238+0000] {dag.py:3239} INFO - Sync 1 DAGs
[2026-03-19T22:36:41.251+0000] {logging_mixin.py:190} INFO - [2026-03-19T22:36:41.250+0000] {dag.py:3262} INFO - Creating ORM DAG for example_local_kubernetes_executor
[2026-03-19T22:36:41.251+0000] {logging_mixin.py:190} INFO - [2026-03-19T22:36:41.251+0000] {dag.py:4180} INFO - Setting next_dagrun for example_local_kubernetes_executor to None, run_after=None
[2026-03-19T22:36:41.308+0000] {processor.py:208} INFO - Processing /home/airflow/.local/lib/python3.12/site-packages/airflow/example_dags/example_local_kubernetes_executor.py took 0.750 seconds
[2026-03-19T22:37:12.169+0000] {processor.py:186} INFO - Started process (PID=108) to work on /home/airflow/.local/lib/python3.12/site-packages/airflow/example_dags/example_local_kubernetes_executor.py
[2026-03-19T22:37:12.174+0000] {processor.py:914} INFO - Processing file /home/airflow/.local/lib/python3.12/site-packages/airflow/example_dags/example_local_kubernetes_executor.py for tasks to queue
[2026-03-19T22:37:12.180+0000] {logging_mixin.py:190} INFO - [2026-03-19T22:37:12.179+0000] {dagbag.py:588} INFO - Filling up the DagBag from /home/airflow/.local/lib/python3.12/site-packages/airflow/example_dags/example_local_kubernetes_executor.py
[2026-03-19T22:37:12.200+0000] {processor.py:925} INFO - DAG(s) 'example_local_kubernetes_executor' retrieved from /home/airflow/.local/lib/python3.12/site-packages/airflow/example_dags/example_local_kubernetes_executor.py
[2026-03-19T22:37:12.241+0000] {logging_mixin.py:190} INFO - [2026-03-19T22:37:12.240+0000] {dag.py:3239} INFO - Sync 1 DAGs
[2026-03-19T22:37:12.270+0000] {logging_mixin.py:190} INFO - [2026-03-19T22:37:12.270+0000] {dag.py:4180} INFO - Setting next_dagrun for example_local_kubernetes_executor to None, run_after=None
[2026-03-19T22:37:12.327+0000] {processor.py:208} INFO - Processing /home/airflow/.local/lib/python3.12/site-packages/airflow/example_dags/example_local_kubernetes_executor.py took 0.168 seconds
[2026-03-19T22:40:45.062+0000] {processor.py:186} INFO - Started process (PID=166) to work on /home/airflow/.local/lib/python3.12/site-packages/airflow/example_dags/example_local_kubernetes_executor.py
[2026-03-19T22:40:45.063+0000] {processor.py:914} INFO - Processing file /home/airflow/.local/lib/python3.12/site-packages/airflow/example_dags/example_local_kubernetes_executor.py for tasks to queue
[2026-03-19T22:40:45.066+0000] {logging_mixin.py:190} INFO - [2026-03-19T22:40:45.066+0000] {dagbag.py:588} INFO - Filling up the DagBag from /home/airflow/.local/lib/python3.12/site-packages/airflow/example_dags/example_local_kubernetes_executor.py
[2026-03-19T22:40:45.096+0000] {processor.py:925} INFO - DAG(s) 'example_local_kubernetes_executor' retrieved from /home/airflow/.local/lib/python3.12/site-packages/airflow/example_dags/example_local_kubernetes_executor.py
[2026-03-19T22:40:45.129+0000] {logging_mixin.py:190} INFO - [2026-03-19T22:40:45.128+0000] {dag.py:3239} INFO - Sync 1 DAGs
[2026-03-19T22:40:45.149+0000] {logging_mixin.py:190} INFO - [2026-03-19T22:40:45.149+0000] {dag.py:4180} INFO - Setting next_dagrun for example_local_kubernetes_executor to None, run_after=None
[2026-03-19T22:40:45.179+0000] {processor.py:208} INFO - Processing /home/airflow/.local/lib/python3.12/site-packages/airflow/example_dags/example_local_kubernetes_executor.py took 0.125 seconds
[2026-03-19T22:45:20.447+0000] {processor.py:186} INFO - Started process (PID=201) to work on /home/airflow/.local/lib/python3.12/site-packages/airflow/example_dags/example_local_kubernetes_executor.py
[2026-03-19T22:45:20.499+0000] {processor.py:914} INFO - Processing file /home/airflow/.local/lib/python3.12/site-packages/airflow/example_dags/example_local_kubernetes_executor.py for tasks to queue
[2026-03-19T22:45:20.560+0000] {logging_mixin.py:190} INFO - [2026-03-19T22:45:20.525+0000] {dagbag.py:588} INFO - Filling up the DagBag from /home/airflow/.local/lib/python3.12/site-packages/airflow/example_dags/example_local_kubernetes_executor.py
[2026-03-19T22:45:21.799+0000] {processor.py:925} INFO - DAG(s) 'example_local_kubernetes_executor' retrieved from /home/airflow/.local/lib/python3.12/site-packages/airflow/example_dags/example_local_kubernetes_executor.py
[2026-03-19T22:45:24.015+0000] {logging_mixin.py:190} INFO - [2026-03-19T22:45:23.964+0000] {dag.py:3239} INFO - Sync 1 DAGs
[2026-03-19T22:45:24.843+0000] {logging_mixin.py:190} INFO - [2026-03-19T22:45:24.805+0000] {dag.py:4180} INFO - Setting next_dagrun for example_local_kubernetes_executor to None, run_after=None
[2026-03-19T22:45:25.694+0000] {processor.py:208} INFO - Processing /home/airflow/.local/lib/python3.12/site-packages/airflow/example_dags/example_local_kubernetes_executor.py took 6.128 seconds
[2026-03-19T22:47:36.468+0000] {processor.py:186} INFO - Started process (PID=50) to work on /home/airflow/.local/lib/python3.12/site-packages/airflow/example_dags/example_local_kubernetes_executor.py
[2026-03-19T22:47:36.469+0000] {processor.py:914} INFO - Processing file /home/airflow/.local/lib/python3.12/site-packages/airflow/example_dags/example_local_kubernetes_executor.py for tasks to queue
[2026-03-19T22:47:36.470+0000] {logging_mixin.py:190} INFO - [2026-03-19T22:47:36.470+0000] {dagbag.py:588} INFO - Filling up the DagBag from /home/airflow/.local/lib/python3.12/site-packages/airflow/example_dags/example_local_kubernetes_executor.py
[2026-03-19T22:47:36.479+0000] {processor.py:925} INFO - DAG(s) 'example_local_kubernetes_executor' retrieved from /home/airflow/.local/lib/python3.12/site-packages/airflow/example_dags/example_local_kubernetes_executor.py
[2026-03-19T22:47:36.576+0000] {logging_mixin.py:190} INFO - [2026-03-19T22:47:36.575+0000] {override.py:1911} INFO - Created Permission View: can delete on DAG:example_local_kubernetes_executor
[2026-03-19T22:47:36.588+0000] {logging_mixin.py:190} INFO - [2026-03-19T22:47:36.588+0000] {override.py:1911} INFO - Created Permission View: can edit on DAG:example_local_kubernetes_executor
[2026-03-19T22:47:36.598+0000] {logging_mixin.py:190} INFO - [2026-03-19T22:47:36.598+0000] {override.py:1911} INFO - Created Permission View: can read on DAG:example_local_kubernetes_executor
[2026-03-19T22:47:36.623+0000] {logging_mixin.py:190} INFO - [2026-03-19T22:47:36.622+0000] {override.py:1911} INFO - Created Permission View: can create on DAG Run:example_local_kubernetes_executor
[2026-03-19T22:47:36.635+0000] {logging_mixin.py:190} INFO - [2026-03-19T22:47:36.635+0000] {override.py:1911} INFO - Created Permission View: can delete on DAG Run:example_local_kubernetes_executor
[2026-03-19T22:47:36.648+0000] {logging_mixin.py:190} INFO - [2026-03-19T22:47:36.648+0000] {override.py:1911} INFO - Created Permission View: menu access on DAG Run:example_local_kubernetes_executor
[2026-03-19T22:47:36.658+0000] {logging_mixin.py:190} INFO - [2026-03-19T22:47:36.657+0000] {override.py:1911} INFO - Created Permission View: can read on DAG Run:example_local_kubernetes_executor
[2026-03-19T22:47:36.658+0000] {logging_mixin.py:190} INFO - [2026-03-19T22:47:36.658+0000] {dag.py:3239} INFO - Sync 1 DAGs
[2026-03-19T22:47:36.669+0000] {logging_mixin.py:190} INFO - [2026-03-19T22:47:36.669+0000] {dag.py:3262} INFO - Creating ORM DAG for example_local_kubernetes_executor
[2026-03-19T22:47:36.670+0000] {logging_mixin.py:190} INFO - [2026-03-19T22:47:36.670+0000] {dag.py:4180} INFO - Setting next_dagrun for example_local_kubernetes_executor to None, run_after=None
[2026-03-19T22:47:36.687+0000] {processor.py:208} INFO - Processing /home/airflow/.local/lib/python3.12/site-packages/airflow/example_dags/example_local_kubernetes_executor.py took 0.224 seconds
[2026-03-19T22:48:06.936+0000] {processor.py:186} INFO - Started process (PID=108) to work on /home/airflow/.local/lib/python3.12/site-packages/airflow/example_dags/example_local_kubernetes_executor.py
[2026-03-19T22:48:06.937+0000] {processor.py:914} INFO - Processing file /home/airflow/.local/lib/python3.12/site-packages/airflow/example_dags/example_local_kubernetes_executor.py for tasks to queue
[2026-03-19T22:48:06.939+0000] {logging_mixin.py:190} INFO - [2026-03-19T22:48:06.939+0000] {dagbag.py:588} INFO - Filling up the DagBag from /home/airflow/.local/lib/python3.12/site-packages/airflow/example_dags/example_local_kubernetes_executor.py
[2026-03-19T22:48:06.947+0000] {processor.py:925} INFO - DAG(s) 'example_local_kubernetes_executor' retrieved from /home/airflow/.local/lib/python3.12/site-packages/airflow/example_dags/example_local_kubernetes_executor.py
[2026-03-19T22:48:06.963+0000] {logging_mixin.py:190} INFO - [2026-03-19T22:48:06.963+0000] {dag.py:3239} INFO - Sync 1 DAGs
[2026-03-19T22:48:06.975+0000] {logging_mixin.py:190} INFO - [2026-03-19T22:48:06.975+0000] {dag.py:4180} INFO - Setting next_dagrun for example_local_kubernetes_executor to None, run_after=None
[2026-03-19T22:48:07.013+0000] {processor.py:208} INFO - Processing /home/airflow/.local/lib/python3.12/site-packages/airflow/example_dags/example_local_kubernetes_executor.py took 0.082 seconds
[2026-03-19T22:48:37.614+0000] {processor.py:186} INFO - Started process (PID=166) to work on /home/airflow/.local/lib/python3.12/site-packages/airflow/example_dags/example_local_kubernetes_executor.py
[2026-03-19T22:48:37.615+0000] {processor.py:914} INFO - Processing file /home/airflow/.local/lib/python3.12/site-packages/airflow/example_dags/example_local_kubernetes_executor.py for tasks to queue
[2026-03-19T22:48:37.617+0000] {logging_mixin.py:190} INFO - [2026-03-19T22:48:37.616+0000] {dagbag.py:588} INFO - Filling up the DagBag from /home/airflow/.local/lib/python3.12/site-packages/airflow/example_dags/example_local_kubernetes_executor.py
[2026-03-19T22:48:37.624+0000] {processor.py:925} INFO - DAG(s) 'example_local_kubernetes_executor' retrieved from /home/airflow/.local/lib/python3.12/site-packages/airflow/example_dags/example_local_kubernetes_executor.py
[2026-03-19T22:48:37.640+0000] {logging_mixin.py:190} INFO - [2026-03-19T22:48:37.640+0000] {dag.py:3239} INFO - Sync 1 DAGs
[2026-03-19T22:48:37.652+0000] {logging_mixin.py:190} INFO - [2026-03-19T22:48:37.652+0000] {dag.py:4180} INFO - Setting next_dagrun for example_local_kubernetes_executor to None, run_after=None
[2026-03-19T22:48:37.669+0000] {processor.py:208} INFO - Processing /home/airflow/.local/lib/python3.12/site-packages/airflow/example_dags/example_local_kubernetes_executor.py took 0.060 seconds
[2026-03-19T22:49:08.200+0000] {processor.py:186} INFO - Started process (PID=224) to work on /home/airflow/.local/lib/python3.12/site-packages/airflow/example_dags/example_local_kubernetes_executor.py
[2026-03-19T22:49:08.201+0000] {processor.py:914} INFO - Processing file /home/airflow/.local/lib/python3.12/site-packages/airflow/example_dags/example_local_kubernetes_executor.py for tasks to queue
[2026-03-19T22:49:08.203+0000] {logging_mixin.py:190} INFO - [2026-03-19T22:49:08.203+0000] {dagbag.py:588} INFO - Filling up the DagBag from /home/airflow/.local/lib/python3.12/site-packages/airflow/example_dags/example_local_kubernetes_executor.py
[2026-03-19T22:49:08.210+0000] {processor.py:925} INFO - DAG(s) 'example_local_kubernetes_executor' retrieved from /home/airflow/.local/lib/python3.12/site-packages/airflow/example_dags/example_local_kubernetes_executor.py
[2026-03-19T22:49:08.226+0000] {logging_mixin.py:190} INFO - [2026-03-19T22:49:08.226+0000] {dag.py:3239} INFO - Sync 1 DAGs
[2026-03-19T22:49:08.239+0000] {logging_mixin.py:190} INFO - [2026-03-19T22:49:08.239+0000] {dag.py:4180} INFO - Setting next_dagrun for example_local_kubernetes_executor to None, run_after=None
[2026-03-19T22:49:08.258+0000] {processor.py:208} INFO - Processing /home/airflow/.local/lib/python3.12/site-packages/airflow/example_dags/example_local_kubernetes_executor.py took 0.062 seconds
[2026-03-19T22:49:38.744+0000] {processor.py:186} INFO - Started process (PID=282) to work on /home/airflow/.local/lib/python3.12/site-packages/airflow/example_dags/example_local_kubernetes_executor.py
[2026-03-19T22:49:38.745+0000] {processor.py:914} INFO - Processing file /home/airflow/.local/lib/python3.12/site-packages/airflow/example_dags/example_local_kubernetes_executor.py for tasks to queue
[2026-03-19T22:49:38.746+0000] {logging_mixin.py:190} INFO - [2026-03-19T22:49:38.746+0000] {dagbag.py:588} INFO - Filling up the DagBag from /home/airflow/.local/lib/python3.12/site-packages/airflow/example_dags/example_local_kubernetes_executor.py
[2026-03-19T22:49:38.754+0000] {processor.py:925} INFO - DAG(s) 'example_local_kubernetes_executor' retrieved from /home/airflow/.local/lib/python3.12/site-packages/airflow/example_dags/example_local_kubernetes_executor.py
[2026-03-19T22:49:38.769+0000] {logging_mixin.py:190} INFO - [2026-03-19T22:49:38.769+0000] {dag.py:3239} INFO - Sync 1 DAGs
[2026-03-19T22:49:38.781+0000] {logging_mixin.py:190} INFO - [2026-03-19T22:49:38.781+0000] {dag.py:4180} INFO - Setting next_dagrun for example_local_kubernetes_executor to None, run_after=None
[2026-03-19T22:49:38.800+0000] {processor.py:208} INFO - Processing /home/airflow/.local/lib/python3.12/site-packages/airflow/example_dags/example_local_kubernetes_executor.py took 0.060 seconds
[2026-03-19T22:50:09.069+0000] {processor.py:186} INFO - Started process (PID=340) to work on /home/airflow/.local/lib/python3.12/site-packages/airflow/example_dags/example_local_kubernetes_executor.py
[2026-03-19T22:50:09.070+0000] {processor.py:914} INFO - Processing file /home/airflow/.local/lib/python3.12/site-packages/airflow/example_dags/example_local_kubernetes_executor.py for tasks to queue
[2026-03-19T22:50:09.072+0000] {logging_mixin.py:190} INFO - [2026-03-19T22:50:09.072+0000] {dagbag.py:588} INFO - Filling up the DagBag from /home/airflow/.local/lib/python3.12/site-packages/airflow/example_dags/example_local_kubernetes_executor.py
[2026-03-19T22:50:09.080+0000] {processor.py:925} INFO - DAG(s) 'example_local_kubernetes_executor' retrieved from /home/airflow/.local/lib/python3.12/site-packages/airflow/example_dags/example_local_kubernetes_executor.py
[2026-03-19T22:50:09.097+0000] {logging_mixin.py:190} INFO - [2026-03-19T22:50:09.097+0000] {dag.py:3239} INFO - Sync 1 DAGs
[2026-03-19T22:50:09.109+0000] {logging_mixin.py:190} INFO - [2026-03-19T22:50:09.109+0000] {dag.py:4180} INFO - Setting next_dagrun for example_local_kubernetes_executor to None, run_after=None
[2026-03-19T22:50:09.128+0000] {processor.py:208} INFO - Processing /home/airflow/.local/lib/python3.12/site-packages/airflow/example_dags/example_local_kubernetes_executor.py took 0.064 seconds
[2026-03-19T22:50:39.539+0000] {processor.py:186} INFO - Started process (PID=400) to work on /home/airflow/.local/lib/python3.12/site-packages/airflow/example_dags/example_local_kubernetes_executor.py
[2026-03-19T22:50:39.539+0000] {processor.py:914} INFO - Processing file /home/airflow/.local/lib/python3.12/site-packages/airflow/example_dags/example_local_kubernetes_executor.py for tasks to queue
[2026-03-19T22:50:39.541+0000] {logging_mixin.py:190} INFO - [2026-03-19T22:50:39.541+0000] {dagbag.py:588} INFO - Filling up the DagBag from /home/airflow/.local/lib/python3.12/site-packages/airflow/example_dags/example_local_kubernetes_executor.py
[2026-03-19T22:50:39.551+0000] {processor.py:925} INFO - DAG(s) 'example_local_kubernetes_executor' retrieved from /home/airflow/.local/lib/python3.12/site-packages/airflow/example_dags/example_local_kubernetes_executor.py
[2026-03-19T22:50:39.575+0000] {logging_mixin.py:190} INFO - [2026-03-19T22:50:39.575+0000] {dag.py:3239} INFO - Sync 1 DAGs
[2026-03-19T22:50:39.592+0000] {logging_mixin.py:190} INFO - [2026-03-19T22:50:39.592+0000] {dag.py:4180} INFO - Setting next_dagrun for example_local_kubernetes_executor to None, run_after=None
[2026-03-19T22:50:39.614+0000] {processor.py:208} INFO - Processing /home/airflow/.local/lib/python3.12/site-packages/airflow/example_dags/example_local_kubernetes_executor.py took 0.081 seconds
[2026-03-19T22:51:10.119+0000] {processor.py:186} INFO - Started process (PID=458) to work on /home/airflow/.local/lib/python3.12/site-packages/airflow/example_dags/example_local_kubernetes_executor.py
[2026-03-19T22:51:10.120+0000] {processor.py:914} INFO - Processing file /home/airflow/.local/lib/python3.12/site-packages/airflow/example_dags/example_local_kubernetes_executor.py for tasks to queue
[2026-03-19T22:51:10.121+0000] {logging_mixin.py:190} INFO - [2026-03-19T22:51:10.121+0000] {dagbag.py:588} INFO - Filling up the DagBag from /home/airflow/.local/lib/python3.12/site-packages/airflow/example_dags/example_local_kubernetes_executor.py
[2026-03-19T22:51:10.131+0000] {processor.py:925} INFO - DAG(s) 'example_local_kubernetes_executor' retrieved from /home/airflow/.local/lib/python3.12/site-packages/airflow/example_dags/example_local_kubernetes_executor.py
[2026-03-19T22:51:10.148+0000] {logging_mixin.py:190} INFO - [2026-03-19T22:51:10.147+0000] {dag.py:3239} INFO - Sync 1 DAGs
[2026-03-19T22:51:10.161+0000] {logging_mixin.py:190} INFO - [2026-03-19T22:51:10.160+0000] {dag.py:4180} INFO - Setting next_dagrun for example_local_kubernetes_executor to None, run_after=None
[2026-03-19T22:51:10.183+0000] {processor.py:208} INFO - Processing /home/airflow/.local/lib/python3.12/site-packages/airflow/example_dags/example_local_kubernetes_executor.py took 0.070 seconds
[2026-03-19T22:51:40.929+0000] {processor.py:186} INFO - Started process (PID=516) to work on /home/airflow/.local/lib/python3.12/site-packages/airflow/example_dags/example_local_kubernetes_executor.py
[2026-03-19T22:51:40.930+0000] {processor.py:914} INFO - Processing file /home/airflow/.local/lib/python3.12/site-packages/airflow/example_dags/example_local_kubernetes_executor.py for tasks to queue
[2026-03-19T22:51:40.932+0000] {logging_mixin.py:190} INFO - [2026-03-19T22:51:40.931+0000] {dagbag.py:588} INFO - Filling up the DagBag from /home/airflow/.local/lib/python3.12/site-packages/airflow/example_dags/example_local_kubernetes_executor.py
[2026-03-19T22:51:40.939+0000] {processor.py:925} INFO - DAG(s) 'example_local_kubernetes_executor' retrieved from /home/airflow/.local/lib/python3.12/site-packages/airflow/example_dags/example_local_kubernetes_executor.py
[2026-03-19T22:51:40.955+0000] {logging_mixin.py:190} INFO - [2026-03-19T22:51:40.955+0000] {dag.py:3239} INFO - Sync 1 DAGs
[2026-03-19T22:51:40.967+0000] {logging_mixin.py:190} INFO - [2026-03-19T22:51:40.967+0000] {dag.py:4180} INFO - Setting next_dagrun for example_local_kubernetes_executor to None, run_after=None
[2026-03-19T22:51:40.985+0000] {processor.py:208} INFO - Processing /home/airflow/.local/lib/python3.12/site-packages/airflow/example_dags/example_local_kubernetes_executor.py took 0.061 seconds
[2026-03-19T22:52:11.514+0000] {processor.py:186} INFO - Started process (PID=574) to work on /home/airflow/.local/lib/python3.12/site-packages/airflow/example_dags/example_local_kubernetes_executor.py
[2026-03-19T22:52:11.515+0000] {processor.py:914} INFO - Processing file /home/airflow/.local/lib/python3.12/site-packages/airflow/example_dags/example_local_kubernetes_executor.py for tasks to queue
[2026-03-19T22:52:11.517+0000] {logging_mixin.py:190} INFO - [2026-03-19T22:52:11.517+0000] {dagbag.py:588} INFO - Filling up the DagBag from /home/airflow/.local/lib/python3.12/site-packages/airflow/example_dags/example_local_kubernetes_executor.py
[2026-03-19T22:52:11.528+0000] {processor.py:925} INFO - DAG(s) 'example_local_kubernetes_executor' retrieved from /home/airflow/.local/lib/python3.12/site-packages/airflow/example_dags/example_local_kubernetes_executor.py
[2026-03-19T22:52:11.551+0000] {logging_mixin.py:190} INFO - [2026-03-19T22:52:11.551+0000] {dag.py:3239} INFO - Sync 1 DAGs
[2026-03-19T22:52:11.565+0000] {logging_mixin.py:190} INFO - [2026-03-19T22:52:11.565+0000] {dag.py:4180} INFO - Setting next_dagrun for example_local_kubernetes_executor to None, run_after=None
[2026-03-19T22:52:11.585+0000] {processor.py:208} INFO - Processing /home/airflow/.local/lib/python3.12/site-packages/airflow/example_dags/example_local_kubernetes_executor.py took 0.076 seconds
[2026-03-19T22:52:41.960+0000] {processor.py:186} INFO - Started process (PID=632) to work on /home/airflow/.local/lib/python3.12/site-packages/airflow/example_dags/example_local_kubernetes_executor.py
[2026-03-19T22:52:41.961+0000] {processor.py:914} INFO - Processing file /home/airflow/.local/lib/python3.12/site-packages/airflow/example_dags/example_local_kubernetes_executor.py for tasks to queue
[2026-03-19T22:52:41.963+0000] {logging_mixin.py:190} INFO - [2026-03-19T22:52:41.963+0000] {dagbag.py:588} INFO - Filling up the DagBag from /home/airflow/.local/lib/python3.12/site-packages/airflow/example_dags/example_local_kubernetes_executor.py
[2026-03-19T22:52:41.971+0000] {processor.py:925} INFO - DAG(s) 'example_local_kubernetes_executor' retrieved from /home/airflow/.local/lib/python3.12/site-packages/airflow/example_dags/example_local_kubernetes_executor.py
[2026-03-19T22:52:41.987+0000] {logging_mixin.py:190} INFO - [2026-03-19T22:52:41.986+0000] {dag.py:3239} INFO - Sync 1 DAGs
[2026-03-19T22:52:41.999+0000] {logging_mixin.py:190} INFO - [2026-03-19T22:52:41.999+0000] {dag.py:4180} INFO - Setting next_dagrun for example_local_kubernetes_executor to None, run_after=None
[2026-03-19T22:52:42.018+0000] {processor.py:208} INFO - Processing /home/airflow/.local/lib/python3.12/site-packages/airflow/example_dags/example_local_kubernetes_executor.py took 0.063 seconds
[2026-03-19T22:53:12.314+0000] {processor.py:186} INFO - Started process (PID=690) to work on /home/airflow/.local/lib/python3.12/site-packages/airflow/example_dags/example_local_kubernetes_executor.py
[2026-03-19T22:53:12.315+0000] {processor.py:914} INFO - Processing file /home/airflow/.local/lib/python3.12/site-packages/airflow/example_dags/example_local_kubernetes_executor.py for tasks to queue
[2026-03-19T22:53:12.317+0000] {logging_mixin.py:190} INFO - [2026-03-19T22:53:12.317+0000] {dagbag.py:588} INFO - Filling up the DagBag from /home/airflow/.local/lib/python3.12/site-packages/airflow/example_dags/example_local_kubernetes_executor.py
[2026-03-19T22:53:12.325+0000] {processor.py:925} INFO - DAG(s) 'example_local_kubernetes_executor' retrieved from /home/airflow/.local/lib/python3.12/site-packages/airflow/example_dags/example_local_kubernetes_executor.py
[2026-03-19T22:53:12.341+0000] {logging_mixin.py:190} INFO - [2026-03-19T22:53:12.340+0000] {dag.py:3239} INFO - Sync 1 DAGs
[2026-03-19T22:53:12.353+0000] {logging_mixin.py:190} INFO - [2026-03-19T22:53:12.353+0000] {dag.py:4180} INFO - Setting next_dagrun for example_local_kubernetes_executor to None, run_after=None
[2026-03-19T22:53:12.373+0000] {processor.py:208} INFO - Processing /home/airflow/.local/lib/python3.12/site-packages/airflow/example_dags/example_local_kubernetes_executor.py took 0.063 seconds
[2026-03-19T22:53:42.772+0000] {processor.py:186} INFO - Started process (PID=748) to work on /home/airflow/.local/lib/python3.12/site-packages/airflow/example_dags/example_local_kubernetes_executor.py
[2026-03-19T22:53:42.773+0000] {processor.py:914} INFO - Processing file /home/airflow/.local/lib/python3.12/site-packages/airflow/example_dags/example_local_kubernetes_executor.py for tasks to queue
[2026-03-19T22:53:42.775+0000] {logging_mixin.py:190} INFO - [2026-03-19T22:53:42.775+0000] {dagbag.py:588} INFO - Filling up the DagBag from /home/airflow/.local/lib/python3.12/site-packages/airflow/example_dags/example_local_kubernetes_executor.py
[2026-03-19T22:53:42.782+0000] {processor.py:925} INFO - DAG(s) 'example_local_kubernetes_executor' retrieved from /home/airflow/.local/lib/python3.12/site-packages/airflow/example_dags/example_local_kubernetes_executor.py
[2026-03-19T22:53:42.799+0000] {logging_mixin.py:190} INFO - [2026-03-19T22:53:42.799+0000] {dag.py:3239} INFO - Sync 1 DAGs
[2026-03-19T22:53:42.811+0000] {logging_mixin.py:190} INFO - [2026-03-19T22:53:42.811+0000] {dag.py:4180} INFO - Setting next_dagrun for example_local_kubernetes_executor to None, run_after=None
[2026-03-19T22:53:42.832+0000] {processor.py:208} INFO - Processing /home/airflow/.local/lib/python3.12/site-packages/airflow/example_dags/example_local_kubernetes_executor.py took 0.065 seconds
[2026-03-19T22:54:13.297+0000] {processor.py:186} INFO - Started process (PID=806) to work on /home/airflow/.local/lib/python3.12/site-packages/airflow/example_dags/example_local_kubernetes_executor.py
[2026-03-19T22:54:13.298+0000] {processor.py:914} INFO - Processing file /home/airflow/.local/lib/python3.12/site-packages/airflow/example_dags/example_local_kubernetes_executor.py for tasks to queue
[2026-03-19T22:54:13.300+0000] {logging_mixin.py:190} INFO - [2026-03-19T22:54:13.300+0000] {dagbag.py:588} INFO - Filling up the DagBag from /home/airflow/.local/lib/python3.12/site-packages/airflow/example_dags/example_local_kubernetes_executor.py
[2026-03-19T22:54:13.308+0000] {processor.py:925} INFO - DAG(s) 'example_local_kubernetes_executor' retrieved from /home/airflow/.local/lib/python3.12/site-packages/airflow/example_dags/example_local_kubernetes_executor.py
[2026-03-19T22:54:13.324+0000] {logging_mixin.py:190} INFO - [2026-03-19T22:54:13.323+0000] {dag.py:3239} INFO - Sync 1 DAGs
[2026-03-19T22:54:13.336+0000] {logging_mixin.py:190} INFO - [2026-03-19T22:54:13.335+0000] {dag.py:4180} INFO - Setting next_dagrun for example_local_kubernetes_executor to None, run_after=None
[2026-03-19T22:54:13.354+0000] {processor.py:208} INFO - Processing /home/airflow/.local/lib/python3.12/site-packages/airflow/example_dags/example_local_kubernetes_executor.py took 0.061 seconds
[2026-03-19T22:54:43.482+0000] {processor.py:186} INFO - Started process (PID=864) to work on /home/airflow/.local/lib/python3.12/site-packages/airflow/example_dags/example_local_kubernetes_executor.py
[2026-03-19T22:54:43.483+0000] {processor.py:914} INFO - Processing file /home/airflow/.local/lib/python3.12/site-packages/airflow/example_dags/example_local_kubernetes_executor.py for tasks to queue
[2026-03-19T22:54:43.485+0000] {logging_mixin.py:190} INFO - [2026-03-19T22:54:43.485+0000] {dagbag.py:588} INFO - Filling up the DagBag from /home/airflow/.local/lib/python3.12/site-packages/airflow/example_dags/example_local_kubernetes_executor.py
[2026-03-19T22:54:43.494+0000] {processor.py:925} INFO - DAG(s) 'example_local_kubernetes_executor' retrieved from /home/airflow/.local/lib/python3.12/site-packages/airflow/example_dags/example_local_kubernetes_executor.py
[2026-03-19T22:54:43.510+0000] {logging_mixin.py:190} INFO - [2026-03-19T22:54:43.510+0000] {dag.py:3239} INFO - Sync 1 DAGs
[2026-03-19T22:54:43.522+0000] {logging_mixin.py:190} INFO - [2026-03-19T22:54:43.522+0000] {dag.py:4180} INFO - Setting next_dagrun for example_local_kubernetes_executor to None, run_after=None
[2026-03-19T22:54:43.553+0000] {processor.py:208} INFO - Processing /home/airflow/.local/lib/python3.12/site-packages/airflow/example_dags/example_local_kubernetes_executor.py took 0.075 seconds
[2026-03-19T22:55:13.788+0000] {processor.py:186} INFO - Started process (PID=922) to work on /home/airflow/.local/lib/python3.12/site-packages/airflow/example_dags/example_local_kubernetes_executor.py
[2026-03-19T22:55:13.789+0000] {processor.py:914} INFO - Processing file /home/airflow/.local/lib/python3.12/site-packages/airflow/example_dags/example_local_kubernetes_executor.py for tasks to queue
[2026-03-19T22:55:13.791+0000] {logging_mixin.py:190} INFO - [2026-03-19T22:55:13.790+0000] {dagbag.py:588} INFO - Filling up the DagBag from /home/airflow/.local/lib/python3.12/site-packages/airflow/example_dags/example_local_kubernetes_executor.py
[2026-03-19T22:55:13.799+0000] {processor.py:925} INFO - DAG(s) 'example_local_kubernetes_executor' retrieved from /home/airflow/.local/lib/python3.12/site-packages/airflow/example_dags/example_local_kubernetes_executor.py
[2026-03-19T22:55:13.816+0000] {logging_mixin.py:190} INFO - [2026-03-19T22:55:13.815+0000] {dag.py:3239} INFO - Sync 1 DAGs
[2026-03-19T22:55:13.828+0000] {logging_mixin.py:190} INFO - [2026-03-19T22:55:13.828+0000] {dag.py:4180} INFO - Setting next_dagrun for example_local_kubernetes_executor to None, run_after=None
[2026-03-19T22:55:13.851+0000] {processor.py:208} INFO - Processing /home/airflow/.local/lib/python3.12/site-packages/airflow/example_dags/example_local_kubernetes_executor.py took 0.068 seconds
