[2026-03-19T22:36:58.609+0000] {processor.py:186} INFO - Started process (PID=75) to work on /home/airflow/.local/lib/python3.12/site-packages/airflow/example_dags/example_outlet_event_extra.py
[2026-03-19T22:36:58.610+0000] {processor.py:914} INFO - Processing file /home/airflow/.local/lib/python3.12/site-packages/airflow/example_dags/example_outlet_event_extra.py for tasks to queue
[2026-03-19T22:36:58.614+0000] {logging_mixin.py:190} INFO - [2026-03-19T22:36:58.614+0000] {dagbag.py:588} INFO - Filling up the DagBag from /home/airflow/.local/lib/python3.12/site-packages/airflow/example_dags/example_outlet_event_extra.py
[2026-03-19T22:36:59.678+0000] {processor.py:925} INFO - DAG(s) 'dataset_with_extra_by_context', 'dataset_with_extra_from_classic_operator', 'dataset_with_extra_by_yield' retrieved from /home/airflow/.local/lib/python3.12/site-packages/airflow/example_dags/example_outlet_event_extra.py
[2026-03-19T22:37:00.419+0000] {logging_mixin.py:190} INFO - [2026-03-19T22:37:00.417+0000] {override.py:1911} INFO - Created Permission View: can read on DAG:dataset_with_extra_by_context
[2026-03-19T22:37:00.468+0000] {logging_mixin.py:190} INFO - [2026-03-19T22:37:00.467+0000] {override.py:1911} INFO - Created Permission View: can delete on DAG:dataset_with_extra_by_context
[2026-03-19T22:37:00.490+0000] {logging_mixin.py:190} INFO - [2026-03-19T22:37:00.490+0000] {override.py:1911} INFO - Created Permission View: can edit on DAG:dataset_with_extra_by_context
[2026-03-19T22:37:00.519+0000] {logging_mixin.py:190} INFO - [2026-03-19T22:37:00.518+0000] {override.py:1911} INFO - Created Permission View: can read on DAG Run:dataset_with_extra_by_context
[2026-03-19T22:37:00.546+0000] {logging_mixin.py:190} INFO - [2026-03-19T22:37:00.546+0000] {override.py:1911} INFO - Created Permission View: can create on DAG Run:dataset_with_extra_by_context
[2026-03-19T22:37:00.565+0000] {logging_mixin.py:190} INFO - [2026-03-19T22:37:00.564+0000] {override.py:1911} INFO - Created Permission View: menu access on DAG Run:dataset_with_extra_by_context
[2026-03-19T22:37:00.583+0000] {logging_mixin.py:190} INFO - [2026-03-19T22:37:00.582+0000] {override.py:1911} INFO - Created Permission View: can delete on DAG Run:dataset_with_extra_by_context
[2026-03-19T22:37:00.621+0000] {logging_mixin.py:190} INFO - [2026-03-19T22:37:00.621+0000] {override.py:1911} INFO - Created Permission View: can read on DAG:dataset_with_extra_from_classic_operator
[2026-03-19T22:37:00.641+0000] {logging_mixin.py:190} INFO - [2026-03-19T22:37:00.641+0000] {override.py:1911} INFO - Created Permission View: can delete on DAG:dataset_with_extra_from_classic_operator
[2026-03-19T22:37:00.670+0000] {logging_mixin.py:190} INFO - [2026-03-19T22:37:00.670+0000] {override.py:1911} INFO - Created Permission View: can edit on DAG:dataset_with_extra_from_classic_operator
[2026-03-19T22:37:00.703+0000] {logging_mixin.py:190} INFO - [2026-03-19T22:37:00.703+0000] {override.py:1911} INFO - Created Permission View: can read on DAG Run:dataset_with_extra_from_classic_operator
[2026-03-19T22:37:00.726+0000] {logging_mixin.py:190} INFO - [2026-03-19T22:37:00.726+0000] {override.py:1911} INFO - Created Permission View: can create on DAG Run:dataset_with_extra_from_classic_operator
[2026-03-19T22:37:00.744+0000] {logging_mixin.py:190} INFO - [2026-03-19T22:37:00.743+0000] {override.py:1911} INFO - Created Permission View: menu access on DAG Run:dataset_with_extra_from_classic_operator
[2026-03-19T22:37:00.774+0000] {logging_mixin.py:190} INFO - [2026-03-19T22:37:00.774+0000] {override.py:1911} INFO - Created Permission View: can delete on DAG Run:dataset_with_extra_from_classic_operator
[2026-03-19T22:37:00.806+0000] {logging_mixin.py:190} INFO - [2026-03-19T22:37:00.806+0000] {override.py:1911} INFO - Created Permission View: can read on DAG:dataset_with_extra_by_yield
[2026-03-19T22:37:00.823+0000] {logging_mixin.py:190} INFO - [2026-03-19T22:37:00.823+0000] {override.py:1911} INFO - Created Permission View: can delete on DAG:dataset_with_extra_by_yield
[2026-03-19T22:37:00.854+0000] {logging_mixin.py:190} INFO - [2026-03-19T22:37:00.853+0000] {override.py:1911} INFO - Created Permission View: can edit on DAG:dataset_with_extra_by_yield
[2026-03-19T22:37:00.887+0000] {logging_mixin.py:190} INFO - [2026-03-19T22:37:00.887+0000] {override.py:1911} INFO - Created Permission View: can read on DAG Run:dataset_with_extra_by_yield
[2026-03-19T22:37:00.917+0000] {logging_mixin.py:190} INFO - [2026-03-19T22:37:00.916+0000] {override.py:1911} INFO - Created Permission View: can create on DAG Run:dataset_with_extra_by_yield
[2026-03-19T22:37:00.932+0000] {logging_mixin.py:190} INFO - [2026-03-19T22:37:00.931+0000] {override.py:1911} INFO - Created Permission View: menu access on DAG Run:dataset_with_extra_by_yield
[2026-03-19T22:37:00.947+0000] {logging_mixin.py:190} INFO - [2026-03-19T22:37:00.947+0000] {override.py:1911} INFO - Created Permission View: can delete on DAG Run:dataset_with_extra_by_yield
[2026-03-19T22:37:00.948+0000] {logging_mixin.py:190} INFO - [2026-03-19T22:37:00.948+0000] {dag.py:3239} INFO - Sync 3 DAGs
[2026-03-19T22:37:00.979+0000] {logging_mixin.py:190} INFO - [2026-03-19T22:37:00.978+0000] {dag.py:3262} INFO - Creating ORM DAG for dataset_with_extra_by_yield
[2026-03-19T22:37:00.981+0000] {logging_mixin.py:190} INFO - [2026-03-19T22:37:00.980+0000] {dag.py:3262} INFO - Creating ORM DAG for dataset_with_extra_by_context
[2026-03-19T22:37:00.982+0000] {logging_mixin.py:190} INFO - [2026-03-19T22:37:00.982+0000] {dag.py:3262} INFO - Creating ORM DAG for dataset_with_extra_from_classic_operator
[2026-03-19T22:37:01.002+0000] {logging_mixin.py:190} INFO - [2026-03-19T22:37:01.002+0000] {dag.py:4180} INFO - Setting next_dagrun for dataset_with_extra_by_context to 2026-03-18 00:00:00+00:00, run_after=2026-03-19 00:00:00+00:00
[2026-03-19T22:37:01.011+0000] {logging_mixin.py:190} INFO - [2026-03-19T22:37:01.010+0000] {dag.py:4180} INFO - Setting next_dagrun for dataset_with_extra_by_yield to 2026-03-18 00:00:00+00:00, run_after=2026-03-19 00:00:00+00:00
[2026-03-19T22:37:01.015+0000] {logging_mixin.py:190} INFO - [2026-03-19T22:37:01.015+0000] {dag.py:4180} INFO - Setting next_dagrun for dataset_with_extra_from_classic_operator to 2026-03-18 00:00:00+00:00, run_after=2026-03-19 00:00:00+00:00
[2026-03-19T22:37:01.079+0000] {processor.py:208} INFO - Processing /home/airflow/.local/lib/python3.12/site-packages/airflow/example_dags/example_outlet_event_extra.py took 2.479 seconds
[2026-03-19T22:39:14.255+0000] {processor.py:186} INFO - Started process (PID=133) to work on /home/airflow/.local/lib/python3.12/site-packages/airflow/example_dags/example_outlet_event_extra.py
[2026-03-19T22:39:14.532+0000] {processor.py:914} INFO - Processing file /home/airflow/.local/lib/python3.12/site-packages/airflow/example_dags/example_outlet_event_extra.py for tasks to queue
[2026-03-19T22:39:15.084+0000] {logging_mixin.py:190} INFO - [2026-03-19T22:39:15.042+0000] {dagbag.py:588} INFO - Filling up the DagBag from /home/airflow/.local/lib/python3.12/site-packages/airflow/example_dags/example_outlet_event_extra.py
[2026-03-19T22:43:43.989+0000] {processor.py:186} INFO - Started process (PID=191) to work on /home/airflow/.local/lib/python3.12/site-packages/airflow/example_dags/example_outlet_event_extra.py
[2026-03-19T22:43:44.120+0000] {processor.py:914} INFO - Processing file /home/airflow/.local/lib/python3.12/site-packages/airflow/example_dags/example_outlet_event_extra.py for tasks to queue
[2026-03-19T22:43:44.246+0000] {logging_mixin.py:190} INFO - [2026-03-19T22:43:44.186+0000] {dagbag.py:588} INFO - Filling up the DagBag from /home/airflow/.local/lib/python3.12/site-packages/airflow/example_dags/example_outlet_event_extra.py
[2026-03-19T22:47:42.496+0000] {processor.py:186} INFO - Started process (PID=75) to work on /home/airflow/.local/lib/python3.12/site-packages/airflow/example_dags/example_outlet_event_extra.py
[2026-03-19T22:47:42.500+0000] {processor.py:914} INFO - Processing file /home/airflow/.local/lib/python3.12/site-packages/airflow/example_dags/example_outlet_event_extra.py for tasks to queue
[2026-03-19T22:47:42.502+0000] {logging_mixin.py:190} INFO - [2026-03-19T22:47:42.502+0000] {dagbag.py:588} INFO - Filling up the DagBag from /home/airflow/.local/lib/python3.12/site-packages/airflow/example_dags/example_outlet_event_extra.py
[2026-03-19T22:47:43.017+0000] {processor.py:925} INFO - DAG(s) 'dataset_with_extra_from_classic_operator', 'dataset_with_extra_by_yield', 'dataset_with_extra_by_context' retrieved from /home/airflow/.local/lib/python3.12/site-packages/airflow/example_dags/example_outlet_event_extra.py
[2026-03-19T22:47:43.124+0000] {logging_mixin.py:190} INFO - [2026-03-19T22:47:43.123+0000] {override.py:1911} INFO - Created Permission View: can delete on DAG:dataset_with_extra_from_classic_operator
[2026-03-19T22:47:43.137+0000] {logging_mixin.py:190} INFO - [2026-03-19T22:47:43.137+0000] {override.py:1911} INFO - Created Permission View: can edit on DAG:dataset_with_extra_from_classic_operator
[2026-03-19T22:47:43.150+0000] {logging_mixin.py:190} INFO - [2026-03-19T22:47:43.150+0000] {override.py:1911} INFO - Created Permission View: can read on DAG:dataset_with_extra_from_classic_operator
[2026-03-19T22:47:43.168+0000] {logging_mixin.py:190} INFO - [2026-03-19T22:47:43.168+0000] {override.py:1911} INFO - Created Permission View: can create on DAG Run:dataset_with_extra_from_classic_operator
[2026-03-19T22:47:43.178+0000] {logging_mixin.py:190} INFO - [2026-03-19T22:47:43.178+0000] {override.py:1911} INFO - Created Permission View: can delete on DAG Run:dataset_with_extra_from_classic_operator
[2026-03-19T22:47:43.188+0000] {logging_mixin.py:190} INFO - [2026-03-19T22:47:43.188+0000] {override.py:1911} INFO - Created Permission View: menu access on DAG Run:dataset_with_extra_from_classic_operator
[2026-03-19T22:47:43.199+0000] {logging_mixin.py:190} INFO - [2026-03-19T22:47:43.199+0000] {override.py:1911} INFO - Created Permission View: can read on DAG Run:dataset_with_extra_from_classic_operator
[2026-03-19T22:47:43.222+0000] {logging_mixin.py:190} INFO - [2026-03-19T22:47:43.221+0000] {override.py:1911} INFO - Created Permission View: can delete on DAG:dataset_with_extra_by_yield
[2026-03-19T22:47:43.233+0000] {logging_mixin.py:190} INFO - [2026-03-19T22:47:43.233+0000] {override.py:1911} INFO - Created Permission View: can edit on DAG:dataset_with_extra_by_yield
[2026-03-19T22:47:43.243+0000] {logging_mixin.py:190} INFO - [2026-03-19T22:47:43.243+0000] {override.py:1911} INFO - Created Permission View: can read on DAG:dataset_with_extra_by_yield
[2026-03-19T22:47:43.260+0000] {logging_mixin.py:190} INFO - [2026-03-19T22:47:43.259+0000] {override.py:1911} INFO - Created Permission View: can create on DAG Run:dataset_with_extra_by_yield
[2026-03-19T22:47:43.269+0000] {logging_mixin.py:190} INFO - [2026-03-19T22:47:43.269+0000] {override.py:1911} INFO - Created Permission View: can delete on DAG Run:dataset_with_extra_by_yield
[2026-03-19T22:47:43.279+0000] {logging_mixin.py:190} INFO - [2026-03-19T22:47:43.279+0000] {override.py:1911} INFO - Created Permission View: menu access on DAG Run:dataset_with_extra_by_yield
[2026-03-19T22:47:43.288+0000] {logging_mixin.py:190} INFO - [2026-03-19T22:47:43.288+0000] {override.py:1911} INFO - Created Permission View: can read on DAG Run:dataset_with_extra_by_yield
[2026-03-19T22:47:43.306+0000] {logging_mixin.py:190} INFO - [2026-03-19T22:47:43.305+0000] {override.py:1911} INFO - Created Permission View: can delete on DAG:dataset_with_extra_by_context
[2026-03-19T22:47:43.315+0000] {logging_mixin.py:190} INFO - [2026-03-19T22:47:43.315+0000] {override.py:1911} INFO - Created Permission View: can edit on DAG:dataset_with_extra_by_context
[2026-03-19T22:47:43.325+0000] {logging_mixin.py:190} INFO - [2026-03-19T22:47:43.324+0000] {override.py:1911} INFO - Created Permission View: can read on DAG:dataset_with_extra_by_context
[2026-03-19T22:47:43.341+0000] {logging_mixin.py:190} INFO - [2026-03-19T22:47:43.340+0000] {override.py:1911} INFO - Created Permission View: can create on DAG Run:dataset_with_extra_by_context
[2026-03-19T22:47:43.353+0000] {logging_mixin.py:190} INFO - [2026-03-19T22:47:43.353+0000] {override.py:1911} INFO - Created Permission View: can delete on DAG Run:dataset_with_extra_by_context
[2026-03-19T22:47:43.366+0000] {logging_mixin.py:190} INFO - [2026-03-19T22:47:43.366+0000] {override.py:1911} INFO - Created Permission View: menu access on DAG Run:dataset_with_extra_by_context
[2026-03-19T22:47:43.381+0000] {logging_mixin.py:190} INFO - [2026-03-19T22:47:43.380+0000] {override.py:1911} INFO - Created Permission View: can read on DAG Run:dataset_with_extra_by_context
[2026-03-19T22:47:43.381+0000] {logging_mixin.py:190} INFO - [2026-03-19T22:47:43.381+0000] {dag.py:3239} INFO - Sync 3 DAGs
[2026-03-19T22:47:43.392+0000] {logging_mixin.py:190} INFO - [2026-03-19T22:47:43.392+0000] {dag.py:3262} INFO - Creating ORM DAG for dataset_with_extra_from_classic_operator
[2026-03-19T22:47:43.393+0000] {logging_mixin.py:190} INFO - [2026-03-19T22:47:43.393+0000] {dag.py:3262} INFO - Creating ORM DAG for dataset_with_extra_by_yield
[2026-03-19T22:47:43.394+0000] {logging_mixin.py:190} INFO - [2026-03-19T22:47:43.393+0000] {dag.py:3262} INFO - Creating ORM DAG for dataset_with_extra_by_context
[2026-03-19T22:47:43.403+0000] {logging_mixin.py:190} INFO - [2026-03-19T22:47:43.403+0000] {dag.py:4180} INFO - Setting next_dagrun for dataset_with_extra_by_context to 2026-03-18 00:00:00+00:00, run_after=2026-03-19 00:00:00+00:00
[2026-03-19T22:47:43.405+0000] {logging_mixin.py:190} INFO - [2026-03-19T22:47:43.405+0000] {dag.py:4180} INFO - Setting next_dagrun for dataset_with_extra_by_yield to 2026-03-18 00:00:00+00:00, run_after=2026-03-19 00:00:00+00:00
[2026-03-19T22:47:43.407+0000] {logging_mixin.py:190} INFO - [2026-03-19T22:47:43.407+0000] {dag.py:4180} INFO - Setting next_dagrun for dataset_with_extra_from_classic_operator to 2026-03-18 00:00:00+00:00, run_after=2026-03-19 00:00:00+00:00
[2026-03-19T22:47:43.431+0000] {processor.py:208} INFO - Processing /home/airflow/.local/lib/python3.12/site-packages/airflow/example_dags/example_outlet_event_extra.py took 0.941 seconds
[2026-03-19T22:48:13.489+0000] {processor.py:186} INFO - Started process (PID=135) to work on /home/airflow/.local/lib/python3.12/site-packages/airflow/example_dags/example_outlet_event_extra.py
[2026-03-19T22:48:13.490+0000] {processor.py:914} INFO - Processing file /home/airflow/.local/lib/python3.12/site-packages/airflow/example_dags/example_outlet_event_extra.py for tasks to queue
[2026-03-19T22:48:13.492+0000] {logging_mixin.py:190} INFO - [2026-03-19T22:48:13.491+0000] {dagbag.py:588} INFO - Filling up the DagBag from /home/airflow/.local/lib/python3.12/site-packages/airflow/example_dags/example_outlet_event_extra.py
[2026-03-19T22:48:13.981+0000] {processor.py:925} INFO - DAG(s) 'dataset_with_extra_from_classic_operator', 'dataset_with_extra_by_context', 'dataset_with_extra_by_yield' retrieved from /home/airflow/.local/lib/python3.12/site-packages/airflow/example_dags/example_outlet_event_extra.py
[2026-03-19T22:48:14.002+0000] {logging_mixin.py:190} INFO - [2026-03-19T22:48:14.002+0000] {dag.py:3239} INFO - Sync 3 DAGs
[2026-03-19T22:48:14.024+0000] {logging_mixin.py:190} INFO - [2026-03-19T22:48:14.024+0000] {dag.py:4180} INFO - Setting next_dagrun for dataset_with_extra_by_context to 2026-03-18 00:00:00+00:00, run_after=2026-03-19 00:00:00+00:00
[2026-03-19T22:48:14.029+0000] {logging_mixin.py:190} INFO - [2026-03-19T22:48:14.028+0000] {dag.py:4180} INFO - Setting next_dagrun for dataset_with_extra_by_yield to 2026-03-18 00:00:00+00:00, run_after=2026-03-19 00:00:00+00:00
[2026-03-19T22:48:14.032+0000] {logging_mixin.py:190} INFO - [2026-03-19T22:48:14.032+0000] {dag.py:4180} INFO - Setting next_dagrun for dataset_with_extra_from_classic_operator to 2026-03-18 00:00:00+00:00, run_after=2026-03-19 00:00:00+00:00
[2026-03-19T22:48:14.051+0000] {processor.py:208} INFO - Processing /home/airflow/.local/lib/python3.12/site-packages/airflow/example_dags/example_outlet_event_extra.py took 0.568 seconds
[2026-03-19T22:48:44.122+0000] {processor.py:186} INFO - Started process (PID=194) to work on /home/airflow/.local/lib/python3.12/site-packages/airflow/example_dags/example_outlet_event_extra.py
[2026-03-19T22:48:44.122+0000] {processor.py:914} INFO - Processing file /home/airflow/.local/lib/python3.12/site-packages/airflow/example_dags/example_outlet_event_extra.py for tasks to queue
[2026-03-19T22:48:44.124+0000] {logging_mixin.py:190} INFO - [2026-03-19T22:48:44.124+0000] {dagbag.py:588} INFO - Filling up the DagBag from /home/airflow/.local/lib/python3.12/site-packages/airflow/example_dags/example_outlet_event_extra.py
[2026-03-19T22:48:44.570+0000] {processor.py:925} INFO - DAG(s) 'dataset_with_extra_by_context', 'dataset_with_extra_by_yield', 'dataset_with_extra_from_classic_operator' retrieved from /home/airflow/.local/lib/python3.12/site-packages/airflow/example_dags/example_outlet_event_extra.py
[2026-03-19T22:48:44.590+0000] {logging_mixin.py:190} INFO - [2026-03-19T22:48:44.590+0000] {dag.py:3239} INFO - Sync 3 DAGs
[2026-03-19T22:48:44.610+0000] {logging_mixin.py:190} INFO - [2026-03-19T22:48:44.610+0000] {dag.py:4180} INFO - Setting next_dagrun for dataset_with_extra_by_context to 2026-03-18 00:00:00+00:00, run_after=2026-03-19 00:00:00+00:00
[2026-03-19T22:48:44.615+0000] {logging_mixin.py:190} INFO - [2026-03-19T22:48:44.615+0000] {dag.py:4180} INFO - Setting next_dagrun for dataset_with_extra_by_yield to 2026-03-18 00:00:00+00:00, run_after=2026-03-19 00:00:00+00:00
[2026-03-19T22:48:44.617+0000] {logging_mixin.py:190} INFO - [2026-03-19T22:48:44.617+0000] {dag.py:4180} INFO - Setting next_dagrun for dataset_with_extra_from_classic_operator to 2026-03-18 00:00:00+00:00, run_after=2026-03-19 00:00:00+00:00
[2026-03-19T22:48:44.640+0000] {processor.py:208} INFO - Processing /home/airflow/.local/lib/python3.12/site-packages/airflow/example_dags/example_outlet_event_extra.py took 0.523 seconds
[2026-03-19T22:49:14.904+0000] {processor.py:186} INFO - Started process (PID=251) to work on /home/airflow/.local/lib/python3.12/site-packages/airflow/example_dags/example_outlet_event_extra.py
[2026-03-19T22:49:14.904+0000] {processor.py:914} INFO - Processing file /home/airflow/.local/lib/python3.12/site-packages/airflow/example_dags/example_outlet_event_extra.py for tasks to queue
[2026-03-19T22:49:14.907+0000] {logging_mixin.py:190} INFO - [2026-03-19T22:49:14.906+0000] {dagbag.py:588} INFO - Filling up the DagBag from /home/airflow/.local/lib/python3.12/site-packages/airflow/example_dags/example_outlet_event_extra.py
[2026-03-19T22:49:15.380+0000] {processor.py:925} INFO - DAG(s) 'dataset_with_extra_by_yield', 'dataset_with_extra_from_classic_operator', 'dataset_with_extra_by_context' retrieved from /home/airflow/.local/lib/python3.12/site-packages/airflow/example_dags/example_outlet_event_extra.py
[2026-03-19T22:49:15.400+0000] {logging_mixin.py:190} INFO - [2026-03-19T22:49:15.400+0000] {dag.py:3239} INFO - Sync 3 DAGs
[2026-03-19T22:49:15.421+0000] {logging_mixin.py:190} INFO - [2026-03-19T22:49:15.421+0000] {dag.py:4180} INFO - Setting next_dagrun for dataset_with_extra_by_context to 2026-03-18 00:00:00+00:00, run_after=2026-03-19 00:00:00+00:00
[2026-03-19T22:49:15.425+0000] {logging_mixin.py:190} INFO - [2026-03-19T22:49:15.425+0000] {dag.py:4180} INFO - Setting next_dagrun for dataset_with_extra_by_yield to 2026-03-18 00:00:00+00:00, run_after=2026-03-19 00:00:00+00:00
[2026-03-19T22:49:15.428+0000] {logging_mixin.py:190} INFO - [2026-03-19T22:49:15.428+0000] {dag.py:4180} INFO - Setting next_dagrun for dataset_with_extra_from_classic_operator to 2026-03-18 00:00:00+00:00, run_after=2026-03-19 00:00:00+00:00
[2026-03-19T22:49:15.450+0000] {processor.py:208} INFO - Processing /home/airflow/.local/lib/python3.12/site-packages/airflow/example_dags/example_outlet_event_extra.py took 0.551 seconds
[2026-03-19T22:49:46.220+0000] {processor.py:186} INFO - Started process (PID=312) to work on /home/airflow/.local/lib/python3.12/site-packages/airflow/example_dags/example_outlet_event_extra.py
[2026-03-19T22:49:46.220+0000] {processor.py:914} INFO - Processing file /home/airflow/.local/lib/python3.12/site-packages/airflow/example_dags/example_outlet_event_extra.py for tasks to queue
[2026-03-19T22:49:46.223+0000] {logging_mixin.py:190} INFO - [2026-03-19T22:49:46.222+0000] {dagbag.py:588} INFO - Filling up the DagBag from /home/airflow/.local/lib/python3.12/site-packages/airflow/example_dags/example_outlet_event_extra.py
[2026-03-19T22:49:46.651+0000] {processor.py:925} INFO - DAG(s) 'dataset_with_extra_from_classic_operator', 'dataset_with_extra_by_context', 'dataset_with_extra_by_yield' retrieved from /home/airflow/.local/lib/python3.12/site-packages/airflow/example_dags/example_outlet_event_extra.py
[2026-03-19T22:49:46.671+0000] {logging_mixin.py:190} INFO - [2026-03-19T22:49:46.671+0000] {dag.py:3239} INFO - Sync 3 DAGs
[2026-03-19T22:49:46.689+0000] {logging_mixin.py:190} INFO - [2026-03-19T22:49:46.689+0000] {dag.py:4180} INFO - Setting next_dagrun for dataset_with_extra_by_context to 2026-03-18 00:00:00+00:00, run_after=2026-03-19 00:00:00+00:00
[2026-03-19T22:49:46.693+0000] {logging_mixin.py:190} INFO - [2026-03-19T22:49:46.693+0000] {dag.py:4180} INFO - Setting next_dagrun for dataset_with_extra_by_yield to 2026-03-18 00:00:00+00:00, run_after=2026-03-19 00:00:00+00:00
[2026-03-19T22:49:46.695+0000] {logging_mixin.py:190} INFO - [2026-03-19T22:49:46.695+0000] {dag.py:4180} INFO - Setting next_dagrun for dataset_with_extra_from_classic_operator to 2026-03-18 00:00:00+00:00, run_after=2026-03-19 00:00:00+00:00
[2026-03-19T22:49:46.714+0000] {processor.py:208} INFO - Processing /home/airflow/.local/lib/python3.12/site-packages/airflow/example_dags/example_outlet_event_extra.py took 0.500 seconds
[2026-03-19T22:50:16.947+0000] {processor.py:186} INFO - Started process (PID=374) to work on /home/airflow/.local/lib/python3.12/site-packages/airflow/example_dags/example_outlet_event_extra.py
[2026-03-19T22:50:16.948+0000] {processor.py:914} INFO - Processing file /home/airflow/.local/lib/python3.12/site-packages/airflow/example_dags/example_outlet_event_extra.py for tasks to queue
[2026-03-19T22:50:16.950+0000] {logging_mixin.py:190} INFO - [2026-03-19T22:50:16.949+0000] {dagbag.py:588} INFO - Filling up the DagBag from /home/airflow/.local/lib/python3.12/site-packages/airflow/example_dags/example_outlet_event_extra.py
[2026-03-19T22:50:17.394+0000] {processor.py:925} INFO - DAG(s) 'dataset_with_extra_by_yield', 'dataset_with_extra_from_classic_operator', 'dataset_with_extra_by_context' retrieved from /home/airflow/.local/lib/python3.12/site-packages/airflow/example_dags/example_outlet_event_extra.py
[2026-03-19T22:50:17.413+0000] {logging_mixin.py:190} INFO - [2026-03-19T22:50:17.412+0000] {dag.py:3239} INFO - Sync 3 DAGs
[2026-03-19T22:50:17.433+0000] {logging_mixin.py:190} INFO - [2026-03-19T22:50:17.432+0000] {dag.py:4180} INFO - Setting next_dagrun for dataset_with_extra_by_context to 2026-03-18 00:00:00+00:00, run_after=2026-03-19 00:00:00+00:00
[2026-03-19T22:50:17.437+0000] {logging_mixin.py:190} INFO - [2026-03-19T22:50:17.437+0000] {dag.py:4180} INFO - Setting next_dagrun for dataset_with_extra_by_yield to 2026-03-18 00:00:00+00:00, run_after=2026-03-19 00:00:00+00:00
[2026-03-19T22:50:17.439+0000] {logging_mixin.py:190} INFO - [2026-03-19T22:50:17.439+0000] {dag.py:4180} INFO - Setting next_dagrun for dataset_with_extra_from_classic_operator to 2026-03-18 00:00:00+00:00, run_after=2026-03-19 00:00:00+00:00
[2026-03-19T22:50:17.459+0000] {processor.py:208} INFO - Processing /home/airflow/.local/lib/python3.12/site-packages/airflow/example_dags/example_outlet_event_extra.py took 0.517 seconds
[2026-03-19T22:50:48.340+0000] {processor.py:186} INFO - Started process (PID=433) to work on /home/airflow/.local/lib/python3.12/site-packages/airflow/example_dags/example_outlet_event_extra.py
[2026-03-19T22:50:48.341+0000] {processor.py:914} INFO - Processing file /home/airflow/.local/lib/python3.12/site-packages/airflow/example_dags/example_outlet_event_extra.py for tasks to queue
[2026-03-19T22:50:48.343+0000] {logging_mixin.py:190} INFO - [2026-03-19T22:50:48.342+0000] {dagbag.py:588} INFO - Filling up the DagBag from /home/airflow/.local/lib/python3.12/site-packages/airflow/example_dags/example_outlet_event_extra.py
[2026-03-19T22:50:48.797+0000] {processor.py:925} INFO - DAG(s) 'dataset_with_extra_by_yield', 'dataset_with_extra_by_context', 'dataset_with_extra_from_classic_operator' retrieved from /home/airflow/.local/lib/python3.12/site-packages/airflow/example_dags/example_outlet_event_extra.py
[2026-03-19T22:50:48.818+0000] {logging_mixin.py:190} INFO - [2026-03-19T22:50:48.818+0000] {dag.py:3239} INFO - Sync 3 DAGs
[2026-03-19T22:50:48.837+0000] {logging_mixin.py:190} INFO - [2026-03-19T22:50:48.837+0000] {dag.py:4180} INFO - Setting next_dagrun for dataset_with_extra_by_context to 2026-03-18 00:00:00+00:00, run_after=2026-03-19 00:00:00+00:00
[2026-03-19T22:50:48.841+0000] {logging_mixin.py:190} INFO - [2026-03-19T22:50:48.841+0000] {dag.py:4180} INFO - Setting next_dagrun for dataset_with_extra_by_yield to 2026-03-18 00:00:00+00:00, run_after=2026-03-19 00:00:00+00:00
[2026-03-19T22:50:48.844+0000] {logging_mixin.py:190} INFO - [2026-03-19T22:50:48.844+0000] {dag.py:4180} INFO - Setting next_dagrun for dataset_with_extra_from_classic_operator to 2026-03-18 00:00:00+00:00, run_after=2026-03-19 00:00:00+00:00
[2026-03-19T22:50:48.863+0000] {processor.py:208} INFO - Processing /home/airflow/.local/lib/python3.12/site-packages/airflow/example_dags/example_outlet_event_extra.py took 0.529 seconds
[2026-03-19T22:51:19.181+0000] {processor.py:186} INFO - Started process (PID=490) to work on /home/airflow/.local/lib/python3.12/site-packages/airflow/example_dags/example_outlet_event_extra.py
[2026-03-19T22:51:19.181+0000] {processor.py:914} INFO - Processing file /home/airflow/.local/lib/python3.12/site-packages/airflow/example_dags/example_outlet_event_extra.py for tasks to queue
[2026-03-19T22:51:19.183+0000] {logging_mixin.py:190} INFO - [2026-03-19T22:51:19.183+0000] {dagbag.py:588} INFO - Filling up the DagBag from /home/airflow/.local/lib/python3.12/site-packages/airflow/example_dags/example_outlet_event_extra.py
[2026-03-19T22:51:19.670+0000] {processor.py:925} INFO - DAG(s) 'dataset_with_extra_from_classic_operator', 'dataset_with_extra_by_context', 'dataset_with_extra_by_yield' retrieved from /home/airflow/.local/lib/python3.12/site-packages/airflow/example_dags/example_outlet_event_extra.py
[2026-03-19T22:51:19.692+0000] {logging_mixin.py:190} INFO - [2026-03-19T22:51:19.692+0000] {dag.py:3239} INFO - Sync 3 DAGs
[2026-03-19T22:51:19.717+0000] {logging_mixin.py:190} INFO - [2026-03-19T22:51:19.716+0000] {dag.py:4180} INFO - Setting next_dagrun for dataset_with_extra_by_context to 2026-03-18 00:00:00+00:00, run_after=2026-03-19 00:00:00+00:00
[2026-03-19T22:51:19.722+0000] {logging_mixin.py:190} INFO - [2026-03-19T22:51:19.721+0000] {dag.py:4180} INFO - Setting next_dagrun for dataset_with_extra_by_yield to 2026-03-18 00:00:00+00:00, run_after=2026-03-19 00:00:00+00:00
[2026-03-19T22:51:19.725+0000] {logging_mixin.py:190} INFO - [2026-03-19T22:51:19.725+0000] {dag.py:4180} INFO - Setting next_dagrun for dataset_with_extra_from_classic_operator to 2026-03-18 00:00:00+00:00, run_after=2026-03-19 00:00:00+00:00
[2026-03-19T22:51:19.752+0000] {processor.py:208} INFO - Processing /home/airflow/.local/lib/python3.12/site-packages/airflow/example_dags/example_outlet_event_extra.py took 0.576 seconds
[2026-03-19T22:51:49.816+0000] {processor.py:186} INFO - Started process (PID=552) to work on /home/airflow/.local/lib/python3.12/site-packages/airflow/example_dags/example_outlet_event_extra.py
[2026-03-19T22:51:49.817+0000] {processor.py:914} INFO - Processing file /home/airflow/.local/lib/python3.12/site-packages/airflow/example_dags/example_outlet_event_extra.py for tasks to queue
[2026-03-19T22:51:49.819+0000] {logging_mixin.py:190} INFO - [2026-03-19T22:51:49.818+0000] {dagbag.py:588} INFO - Filling up the DagBag from /home/airflow/.local/lib/python3.12/site-packages/airflow/example_dags/example_outlet_event_extra.py
[2026-03-19T22:51:50.281+0000] {processor.py:925} INFO - DAG(s) 'dataset_with_extra_by_context', 'dataset_with_extra_by_yield', 'dataset_with_extra_from_classic_operator' retrieved from /home/airflow/.local/lib/python3.12/site-packages/airflow/example_dags/example_outlet_event_extra.py
[2026-03-19T22:51:50.300+0000] {logging_mixin.py:190} INFO - [2026-03-19T22:51:50.300+0000] {dag.py:3239} INFO - Sync 3 DAGs
[2026-03-19T22:51:50.320+0000] {logging_mixin.py:190} INFO - [2026-03-19T22:51:50.320+0000] {dag.py:4180} INFO - Setting next_dagrun for dataset_with_extra_by_context to 2026-03-18 00:00:00+00:00, run_after=2026-03-19 00:00:00+00:00
[2026-03-19T22:51:50.324+0000] {logging_mixin.py:190} INFO - [2026-03-19T22:51:50.324+0000] {dag.py:4180} INFO - Setting next_dagrun for dataset_with_extra_by_yield to 2026-03-18 00:00:00+00:00, run_after=2026-03-19 00:00:00+00:00
[2026-03-19T22:51:50.327+0000] {logging_mixin.py:190} INFO - [2026-03-19T22:51:50.327+0000] {dag.py:4180} INFO - Setting next_dagrun for dataset_with_extra_from_classic_operator to 2026-03-18 00:00:00+00:00, run_after=2026-03-19 00:00:00+00:00
[2026-03-19T22:51:50.349+0000] {processor.py:208} INFO - Processing /home/airflow/.local/lib/python3.12/site-packages/airflow/example_dags/example_outlet_event_extra.py took 0.538 seconds
[2026-03-19T22:52:20.464+0000] {processor.py:186} INFO - Started process (PID=609) to work on /home/airflow/.local/lib/python3.12/site-packages/airflow/example_dags/example_outlet_event_extra.py
[2026-03-19T22:52:20.465+0000] {processor.py:914} INFO - Processing file /home/airflow/.local/lib/python3.12/site-packages/airflow/example_dags/example_outlet_event_extra.py for tasks to queue
[2026-03-19T22:52:20.467+0000] {logging_mixin.py:190} INFO - [2026-03-19T22:52:20.467+0000] {dagbag.py:588} INFO - Filling up the DagBag from /home/airflow/.local/lib/python3.12/site-packages/airflow/example_dags/example_outlet_event_extra.py
[2026-03-19T22:52:20.911+0000] {processor.py:925} INFO - DAG(s) 'dataset_with_extra_from_classic_operator', 'dataset_with_extra_by_context', 'dataset_with_extra_by_yield' retrieved from /home/airflow/.local/lib/python3.12/site-packages/airflow/example_dags/example_outlet_event_extra.py
[2026-03-19T22:52:20.931+0000] {logging_mixin.py:190} INFO - [2026-03-19T22:52:20.931+0000] {dag.py:3239} INFO - Sync 3 DAGs
[2026-03-19T22:52:20.954+0000] {logging_mixin.py:190} INFO - [2026-03-19T22:52:20.954+0000] {dag.py:4180} INFO - Setting next_dagrun for dataset_with_extra_by_context to 2026-03-18 00:00:00+00:00, run_after=2026-03-19 00:00:00+00:00
[2026-03-19T22:52:20.958+0000] {logging_mixin.py:190} INFO - [2026-03-19T22:52:20.958+0000] {dag.py:4180} INFO - Setting next_dagrun for dataset_with_extra_by_yield to 2026-03-18 00:00:00+00:00, run_after=2026-03-19 00:00:00+00:00
[2026-03-19T22:52:20.961+0000] {logging_mixin.py:190} INFO - [2026-03-19T22:52:20.961+0000] {dag.py:4180} INFO - Setting next_dagrun for dataset_with_extra_from_classic_operator to 2026-03-18 00:00:00+00:00, run_after=2026-03-19 00:00:00+00:00
[2026-03-19T22:52:20.982+0000] {processor.py:208} INFO - Processing /home/airflow/.local/lib/python3.12/site-packages/airflow/example_dags/example_outlet_event_extra.py took 0.523 seconds
[2026-03-19T22:52:51.978+0000] {processor.py:186} INFO - Started process (PID=670) to work on /home/airflow/.local/lib/python3.12/site-packages/airflow/example_dags/example_outlet_event_extra.py
[2026-03-19T22:52:51.979+0000] {processor.py:914} INFO - Processing file /home/airflow/.local/lib/python3.12/site-packages/airflow/example_dags/example_outlet_event_extra.py for tasks to queue
[2026-03-19T22:52:51.981+0000] {logging_mixin.py:190} INFO - [2026-03-19T22:52:51.980+0000] {dagbag.py:588} INFO - Filling up the DagBag from /home/airflow/.local/lib/python3.12/site-packages/airflow/example_dags/example_outlet_event_extra.py
[2026-03-19T22:52:52.460+0000] {processor.py:925} INFO - DAG(s) 'dataset_with_extra_by_yield', 'dataset_with_extra_from_classic_operator', 'dataset_with_extra_by_context' retrieved from /home/airflow/.local/lib/python3.12/site-packages/airflow/example_dags/example_outlet_event_extra.py
[2026-03-19T22:52:52.483+0000] {logging_mixin.py:190} INFO - [2026-03-19T22:52:52.483+0000] {dag.py:3239} INFO - Sync 3 DAGs
[2026-03-19T22:52:52.511+0000] {logging_mixin.py:190} INFO - [2026-03-19T22:52:52.510+0000] {dag.py:4180} INFO - Setting next_dagrun for dataset_with_extra_by_context to 2026-03-18 00:00:00+00:00, run_after=2026-03-19 00:00:00+00:00
[2026-03-19T22:52:52.516+0000] {logging_mixin.py:190} INFO - [2026-03-19T22:52:52.516+0000] {dag.py:4180} INFO - Setting next_dagrun for dataset_with_extra_by_yield to 2026-03-18 00:00:00+00:00, run_after=2026-03-19 00:00:00+00:00
[2026-03-19T22:52:52.519+0000] {logging_mixin.py:190} INFO - [2026-03-19T22:52:52.519+0000] {dag.py:4180} INFO - Setting next_dagrun for dataset_with_extra_from_classic_operator to 2026-03-18 00:00:00+00:00, run_after=2026-03-19 00:00:00+00:00
[2026-03-19T22:52:52.540+0000] {processor.py:208} INFO - Processing /home/airflow/.local/lib/python3.12/site-packages/airflow/example_dags/example_outlet_event_extra.py took 0.567 seconds
[2026-03-19T22:53:23.552+0000] {processor.py:186} INFO - Started process (PID=730) to work on /home/airflow/.local/lib/python3.12/site-packages/airflow/example_dags/example_outlet_event_extra.py
[2026-03-19T22:53:23.553+0000] {processor.py:914} INFO - Processing file /home/airflow/.local/lib/python3.12/site-packages/airflow/example_dags/example_outlet_event_extra.py for tasks to queue
[2026-03-19T22:53:23.555+0000] {logging_mixin.py:190} INFO - [2026-03-19T22:53:23.554+0000] {dagbag.py:588} INFO - Filling up the DagBag from /home/airflow/.local/lib/python3.12/site-packages/airflow/example_dags/example_outlet_event_extra.py
[2026-03-19T22:53:24.007+0000] {processor.py:925} INFO - DAG(s) 'dataset_with_extra_by_yield', 'dataset_with_extra_from_classic_operator', 'dataset_with_extra_by_context' retrieved from /home/airflow/.local/lib/python3.12/site-packages/airflow/example_dags/example_outlet_event_extra.py
[2026-03-19T22:53:24.026+0000] {logging_mixin.py:190} INFO - [2026-03-19T22:53:24.026+0000] {dag.py:3239} INFO - Sync 3 DAGs
[2026-03-19T22:53:24.047+0000] {logging_mixin.py:190} INFO - [2026-03-19T22:53:24.046+0000] {dag.py:4180} INFO - Setting next_dagrun for dataset_with_extra_by_context to 2026-03-18 00:00:00+00:00, run_after=2026-03-19 00:00:00+00:00
[2026-03-19T22:53:24.051+0000] {logging_mixin.py:190} INFO - [2026-03-19T22:53:24.051+0000] {dag.py:4180} INFO - Setting next_dagrun for dataset_with_extra_by_yield to 2026-03-18 00:00:00+00:00, run_after=2026-03-19 00:00:00+00:00
[2026-03-19T22:53:24.054+0000] {logging_mixin.py:190} INFO - [2026-03-19T22:53:24.054+0000] {dag.py:4180} INFO - Setting next_dagrun for dataset_with_extra_from_classic_operator to 2026-03-18 00:00:00+00:00, run_after=2026-03-19 00:00:00+00:00
[2026-03-19T22:53:24.073+0000] {processor.py:208} INFO - Processing /home/airflow/.local/lib/python3.12/site-packages/airflow/example_dags/example_outlet_event_extra.py took 0.527 seconds
[2026-03-19T22:53:55.089+0000] {processor.py:186} INFO - Started process (PID=786) to work on /home/airflow/.local/lib/python3.12/site-packages/airflow/example_dags/example_outlet_event_extra.py
[2026-03-19T22:53:55.090+0000] {processor.py:914} INFO - Processing file /home/airflow/.local/lib/python3.12/site-packages/airflow/example_dags/example_outlet_event_extra.py for tasks to queue
[2026-03-19T22:53:55.092+0000] {logging_mixin.py:190} INFO - [2026-03-19T22:53:55.091+0000] {dagbag.py:588} INFO - Filling up the DagBag from /home/airflow/.local/lib/python3.12/site-packages/airflow/example_dags/example_outlet_event_extra.py
[2026-03-19T22:53:55.552+0000] {processor.py:925} INFO - DAG(s) 'dataset_with_extra_by_context', 'dataset_with_extra_by_yield', 'dataset_with_extra_from_classic_operator' retrieved from /home/airflow/.local/lib/python3.12/site-packages/airflow/example_dags/example_outlet_event_extra.py
[2026-03-19T22:53:55.571+0000] {logging_mixin.py:190} INFO - [2026-03-19T22:53:55.571+0000] {dag.py:3239} INFO - Sync 3 DAGs
[2026-03-19T22:53:55.590+0000] {logging_mixin.py:190} INFO - [2026-03-19T22:53:55.590+0000] {dag.py:4180} INFO - Setting next_dagrun for dataset_with_extra_by_context to 2026-03-18 00:00:00+00:00, run_after=2026-03-19 00:00:00+00:00
[2026-03-19T22:53:55.595+0000] {logging_mixin.py:190} INFO - [2026-03-19T22:53:55.594+0000] {dag.py:4180} INFO - Setting next_dagrun for dataset_with_extra_by_yield to 2026-03-18 00:00:00+00:00, run_after=2026-03-19 00:00:00+00:00
[2026-03-19T22:53:55.597+0000] {logging_mixin.py:190} INFO - [2026-03-19T22:53:55.597+0000] {dag.py:4180} INFO - Setting next_dagrun for dataset_with_extra_from_classic_operator to 2026-03-18 00:00:00+00:00, run_after=2026-03-19 00:00:00+00:00
[2026-03-19T22:53:55.618+0000] {processor.py:208} INFO - Processing /home/airflow/.local/lib/python3.12/site-packages/airflow/example_dags/example_outlet_event_extra.py took 0.534 seconds
[2026-03-19T22:54:26.111+0000] {processor.py:186} INFO - Started process (PID=842) to work on /home/airflow/.local/lib/python3.12/site-packages/airflow/example_dags/example_outlet_event_extra.py
[2026-03-19T22:54:26.112+0000] {processor.py:914} INFO - Processing file /home/airflow/.local/lib/python3.12/site-packages/airflow/example_dags/example_outlet_event_extra.py for tasks to queue
[2026-03-19T22:54:26.114+0000] {logging_mixin.py:190} INFO - [2026-03-19T22:54:26.114+0000] {dagbag.py:588} INFO - Filling up the DagBag from /home/airflow/.local/lib/python3.12/site-packages/airflow/example_dags/example_outlet_event_extra.py
[2026-03-19T22:54:26.583+0000] {processor.py:925} INFO - DAG(s) 'dataset_with_extra_by_yield', 'dataset_with_extra_by_context', 'dataset_with_extra_from_classic_operator' retrieved from /home/airflow/.local/lib/python3.12/site-packages/airflow/example_dags/example_outlet_event_extra.py
[2026-03-19T22:54:26.602+0000] {logging_mixin.py:190} INFO - [2026-03-19T22:54:26.602+0000] {dag.py:3239} INFO - Sync 3 DAGs
[2026-03-19T22:54:26.622+0000] {logging_mixin.py:190} INFO - [2026-03-19T22:54:26.622+0000] {dag.py:4180} INFO - Setting next_dagrun for dataset_with_extra_by_context to 2026-03-18 00:00:00+00:00, run_after=2026-03-19 00:00:00+00:00
[2026-03-19T22:54:26.626+0000] {logging_mixin.py:190} INFO - [2026-03-19T22:54:26.626+0000] {dag.py:4180} INFO - Setting next_dagrun for dataset_with_extra_by_yield to 2026-03-18 00:00:00+00:00, run_after=2026-03-19 00:00:00+00:00
[2026-03-19T22:54:26.629+0000] {logging_mixin.py:190} INFO - [2026-03-19T22:54:26.629+0000] {dag.py:4180} INFO - Setting next_dagrun for dataset_with_extra_from_classic_operator to 2026-03-18 00:00:00+00:00, run_after=2026-03-19 00:00:00+00:00
[2026-03-19T22:54:26.650+0000] {processor.py:208} INFO - Processing /home/airflow/.local/lib/python3.12/site-packages/airflow/example_dags/example_outlet_event_extra.py took 0.544 seconds
[2026-03-19T22:54:57.501+0000] {processor.py:186} INFO - Started process (PID=901) to work on /home/airflow/.local/lib/python3.12/site-packages/airflow/example_dags/example_outlet_event_extra.py
[2026-03-19T22:54:57.502+0000] {processor.py:914} INFO - Processing file /home/airflow/.local/lib/python3.12/site-packages/airflow/example_dags/example_outlet_event_extra.py for tasks to queue
[2026-03-19T22:54:57.504+0000] {logging_mixin.py:190} INFO - [2026-03-19T22:54:57.503+0000] {dagbag.py:588} INFO - Filling up the DagBag from /home/airflow/.local/lib/python3.12/site-packages/airflow/example_dags/example_outlet_event_extra.py
[2026-03-19T22:54:57.946+0000] {processor.py:925} INFO - DAG(s) 'dataset_with_extra_from_classic_operator', 'dataset_with_extra_by_yield', 'dataset_with_extra_by_context' retrieved from /home/airflow/.local/lib/python3.12/site-packages/airflow/example_dags/example_outlet_event_extra.py
[2026-03-19T22:54:57.964+0000] {logging_mixin.py:190} INFO - [2026-03-19T22:54:57.964+0000] {dag.py:3239} INFO - Sync 3 DAGs
[2026-03-19T22:54:57.984+0000] {logging_mixin.py:190} INFO - [2026-03-19T22:54:57.984+0000] {dag.py:4180} INFO - Setting next_dagrun for dataset_with_extra_by_context to 2026-03-18 00:00:00+00:00, run_after=2026-03-19 00:00:00+00:00
[2026-03-19T22:54:57.988+0000] {logging_mixin.py:190} INFO - [2026-03-19T22:54:57.988+0000] {dag.py:4180} INFO - Setting next_dagrun for dataset_with_extra_by_yield to 2026-03-18 00:00:00+00:00, run_after=2026-03-19 00:00:00+00:00
[2026-03-19T22:54:57.991+0000] {logging_mixin.py:190} INFO - [2026-03-19T22:54:57.990+0000] {dag.py:4180} INFO - Setting next_dagrun for dataset_with_extra_from_classic_operator to 2026-03-18 00:00:00+00:00, run_after=2026-03-19 00:00:00+00:00
[2026-03-19T22:54:58.012+0000] {processor.py:208} INFO - Processing /home/airflow/.local/lib/python3.12/site-packages/airflow/example_dags/example_outlet_event_extra.py took 0.516 seconds
[2026-03-19T22:55:28.834+0000] {processor.py:186} INFO - Started process (PID=959) to work on /home/airflow/.local/lib/python3.12/site-packages/airflow/example_dags/example_outlet_event_extra.py
[2026-03-19T22:55:28.835+0000] {processor.py:914} INFO - Processing file /home/airflow/.local/lib/python3.12/site-packages/airflow/example_dags/example_outlet_event_extra.py for tasks to queue
[2026-03-19T22:55:28.837+0000] {logging_mixin.py:190} INFO - [2026-03-19T22:55:28.837+0000] {dagbag.py:588} INFO - Filling up the DagBag from /home/airflow/.local/lib/python3.12/site-packages/airflow/example_dags/example_outlet_event_extra.py
[2026-03-19T22:55:29.304+0000] {processor.py:925} INFO - DAG(s) 'dataset_with_extra_by_yield', 'dataset_with_extra_from_classic_operator', 'dataset_with_extra_by_context' retrieved from /home/airflow/.local/lib/python3.12/site-packages/airflow/example_dags/example_outlet_event_extra.py
[2026-03-19T22:55:29.324+0000] {logging_mixin.py:190} INFO - [2026-03-19T22:55:29.324+0000] {dag.py:3239} INFO - Sync 3 DAGs
[2026-03-19T22:55:29.345+0000] {logging_mixin.py:190} INFO - [2026-03-19T22:55:29.344+0000] {dag.py:4180} INFO - Setting next_dagrun for dataset_with_extra_by_context to 2026-03-18 00:00:00+00:00, run_after=2026-03-19 00:00:00+00:00
[2026-03-19T22:55:29.349+0000] {logging_mixin.py:190} INFO - [2026-03-19T22:55:29.348+0000] {dag.py:4180} INFO - Setting next_dagrun for dataset_with_extra_by_yield to 2026-03-18 00:00:00+00:00, run_after=2026-03-19 00:00:00+00:00
[2026-03-19T22:55:29.351+0000] {logging_mixin.py:190} INFO - [2026-03-19T22:55:29.351+0000] {dag.py:4180} INFO - Setting next_dagrun for dataset_with_extra_from_classic_operator to 2026-03-18 00:00:00+00:00, run_after=2026-03-19 00:00:00+00:00
[2026-03-19T22:55:29.372+0000] {processor.py:208} INFO - Processing /home/airflow/.local/lib/python3.12/site-packages/airflow/example_dags/example_outlet_event_extra.py took 0.542 seconds
