[2026-03-19T22:36:41.931+0000] {processor.py:186} INFO - Started process (PID=53) to work on /home/airflow/.local/lib/python3.12/site-packages/airflow/example_dags/example_external_task_marker_dag.py
[2026-03-19T22:36:41.932+0000] {processor.py:914} INFO - Processing file /home/airflow/.local/lib/python3.12/site-packages/airflow/example_dags/example_external_task_marker_dag.py for tasks to queue
[2026-03-19T22:36:41.934+0000] {logging_mixin.py:190} INFO - [2026-03-19T22:36:41.934+0000] {dagbag.py:588} INFO - Filling up the DagBag from /home/airflow/.local/lib/python3.12/site-packages/airflow/example_dags/example_external_task_marker_dag.py
[2026-03-19T22:36:41.958+0000] {processor.py:925} INFO - DAG(s) 'example_external_task_marker_child', 'example_external_task_marker_parent' retrieved from /home/airflow/.local/lib/python3.12/site-packages/airflow/example_dags/example_external_task_marker_dag.py
[2026-03-19T22:36:42.130+0000] {logging_mixin.py:190} INFO - [2026-03-19T22:36:42.129+0000] {override.py:1911} INFO - Created Permission View: can read on DAG:example_external_task_marker_child
[2026-03-19T22:36:42.190+0000] {logging_mixin.py:190} INFO - [2026-03-19T22:36:42.190+0000] {override.py:1911} INFO - Created Permission View: can delete on DAG:example_external_task_marker_child
[2026-03-19T22:36:42.242+0000] {logging_mixin.py:190} INFO - [2026-03-19T22:36:42.241+0000] {override.py:1911} INFO - Created Permission View: can edit on DAG:example_external_task_marker_child
[2026-03-19T22:36:42.364+0000] {logging_mixin.py:190} INFO - [2026-03-19T22:36:42.364+0000] {override.py:1911} INFO - Created Permission View: can read on DAG Run:example_external_task_marker_child
[2026-03-19T22:36:42.458+0000] {logging_mixin.py:190} INFO - [2026-03-19T22:36:42.458+0000] {override.py:1911} INFO - Created Permission View: can create on DAG Run:example_external_task_marker_child
[2026-03-19T22:36:42.525+0000] {logging_mixin.py:190} INFO - [2026-03-19T22:36:42.524+0000] {override.py:1911} INFO - Created Permission View: menu access on DAG Run:example_external_task_marker_child
[2026-03-19T22:36:42.596+0000] {logging_mixin.py:190} INFO - [2026-03-19T22:36:42.596+0000] {override.py:1911} INFO - Created Permission View: can delete on DAG Run:example_external_task_marker_child
[2026-03-19T22:36:42.698+0000] {logging_mixin.py:190} INFO - [2026-03-19T22:36:42.698+0000] {override.py:1911} INFO - Created Permission View: can read on DAG:example_external_task_marker_parent
[2026-03-19T22:36:42.733+0000] {logging_mixin.py:190} INFO - [2026-03-19T22:36:42.733+0000] {override.py:1911} INFO - Created Permission View: can delete on DAG:example_external_task_marker_parent
[2026-03-19T22:36:42.796+0000] {logging_mixin.py:190} INFO - [2026-03-19T22:36:42.796+0000] {override.py:1911} INFO - Created Permission View: can edit on DAG:example_external_task_marker_parent
[2026-03-19T22:36:42.954+0000] {logging_mixin.py:190} INFO - [2026-03-19T22:36:42.954+0000] {override.py:1911} INFO - Created Permission View: can read on DAG Run:example_external_task_marker_parent
[2026-03-19T22:36:43.003+0000] {logging_mixin.py:190} INFO - [2026-03-19T22:36:43.003+0000] {override.py:1911} INFO - Created Permission View: can create on DAG Run:example_external_task_marker_parent
[2026-03-19T22:36:43.072+0000] {logging_mixin.py:190} INFO - [2026-03-19T22:36:43.072+0000] {override.py:1911} INFO - Created Permission View: menu access on DAG Run:example_external_task_marker_parent
[2026-03-19T22:36:43.123+0000] {logging_mixin.py:190} INFO - [2026-03-19T22:36:43.122+0000] {override.py:1911} INFO - Created Permission View: can delete on DAG Run:example_external_task_marker_parent
[2026-03-19T22:36:43.123+0000] {logging_mixin.py:190} INFO - [2026-03-19T22:36:43.123+0000] {dag.py:3239} INFO - Sync 2 DAGs
[2026-03-19T22:36:43.136+0000] {logging_mixin.py:190} INFO - [2026-03-19T22:36:43.136+0000] {dag.py:3262} INFO - Creating ORM DAG for example_external_task_marker_parent
[2026-03-19T22:36:43.137+0000] {logging_mixin.py:190} INFO - [2026-03-19T22:36:43.137+0000] {dag.py:3262} INFO - Creating ORM DAG for example_external_task_marker_child
[2026-03-19T22:36:43.138+0000] {logging_mixin.py:190} INFO - [2026-03-19T22:36:43.138+0000] {dag.py:4180} INFO - Setting next_dagrun for example_external_task_marker_child to None, run_after=None
[2026-03-19T22:36:43.138+0000] {logging_mixin.py:190} INFO - [2026-03-19T22:36:43.138+0000] {dag.py:4180} INFO - Setting next_dagrun for example_external_task_marker_parent to None, run_after=None
[2026-03-19T22:36:43.182+0000] {processor.py:208} INFO - Processing /home/airflow/.local/lib/python3.12/site-packages/airflow/example_dags/example_external_task_marker_dag.py took 1.256 seconds
[2026-03-19T22:37:13.900+0000] {processor.py:186} INFO - Started process (PID=112) to work on /home/airflow/.local/lib/python3.12/site-packages/airflow/example_dags/example_external_task_marker_dag.py
[2026-03-19T22:37:13.902+0000] {processor.py:914} INFO - Processing file /home/airflow/.local/lib/python3.12/site-packages/airflow/example_dags/example_external_task_marker_dag.py for tasks to queue
[2026-03-19T22:37:13.906+0000] {logging_mixin.py:190} INFO - [2026-03-19T22:37:13.905+0000] {dagbag.py:588} INFO - Filling up the DagBag from /home/airflow/.local/lib/python3.12/site-packages/airflow/example_dags/example_external_task_marker_dag.py
[2026-03-19T22:37:13.923+0000] {processor.py:925} INFO - DAG(s) 'example_external_task_marker_child', 'example_external_task_marker_parent' retrieved from /home/airflow/.local/lib/python3.12/site-packages/airflow/example_dags/example_external_task_marker_dag.py
[2026-03-19T22:37:13.971+0000] {logging_mixin.py:190} INFO - [2026-03-19T22:37:13.971+0000] {dag.py:3239} INFO - Sync 2 DAGs
[2026-03-19T22:37:14.005+0000] {logging_mixin.py:190} INFO - [2026-03-19T22:37:14.005+0000] {dag.py:4180} INFO - Setting next_dagrun for example_external_task_marker_child to None, run_after=None
[2026-03-19T22:37:14.011+0000] {logging_mixin.py:190} INFO - [2026-03-19T22:37:14.011+0000] {dag.py:4180} INFO - Setting next_dagrun for example_external_task_marker_parent to None, run_after=None
[2026-03-19T22:37:14.048+0000] {processor.py:208} INFO - Processing /home/airflow/.local/lib/python3.12/site-packages/airflow/example_dags/example_external_task_marker_dag.py took 0.159 seconds
[2026-03-19T22:40:45.552+0000] {processor.py:186} INFO - Started process (PID=169) to work on /home/airflow/.local/lib/python3.12/site-packages/airflow/example_dags/example_external_task_marker_dag.py
[2026-03-19T22:40:45.553+0000] {processor.py:914} INFO - Processing file /home/airflow/.local/lib/python3.12/site-packages/airflow/example_dags/example_external_task_marker_dag.py for tasks to queue
[2026-03-19T22:40:45.556+0000] {logging_mixin.py:190} INFO - [2026-03-19T22:40:45.556+0000] {dagbag.py:588} INFO - Filling up the DagBag from /home/airflow/.local/lib/python3.12/site-packages/airflow/example_dags/example_external_task_marker_dag.py
[2026-03-19T22:40:45.570+0000] {processor.py:925} INFO - DAG(s) 'example_external_task_marker_child', 'example_external_task_marker_parent' retrieved from /home/airflow/.local/lib/python3.12/site-packages/airflow/example_dags/example_external_task_marker_dag.py
[2026-03-19T22:40:45.623+0000] {logging_mixin.py:190} INFO - [2026-03-19T22:40:45.622+0000] {dag.py:3239} INFO - Sync 2 DAGs
[2026-03-19T22:40:45.647+0000] {logging_mixin.py:190} INFO - [2026-03-19T22:40:45.647+0000] {dag.py:4180} INFO - Setting next_dagrun for example_external_task_marker_child to None, run_after=None
[2026-03-19T22:40:45.653+0000] {logging_mixin.py:190} INFO - [2026-03-19T22:40:45.653+0000] {dag.py:4180} INFO - Setting next_dagrun for example_external_task_marker_parent to None, run_after=None
[2026-03-19T22:40:45.678+0000] {processor.py:208} INFO - Processing /home/airflow/.local/lib/python3.12/site-packages/airflow/example_dags/example_external_task_marker_dag.py took 0.135 seconds
[2026-03-19T22:45:30.011+0000] {processor.py:186} INFO - Started process (PID=204) to work on /home/airflow/.local/lib/python3.12/site-packages/airflow/example_dags/example_external_task_marker_dag.py
[2026-03-19T22:45:30.029+0000] {processor.py:914} INFO - Processing file /home/airflow/.local/lib/python3.12/site-packages/airflow/example_dags/example_external_task_marker_dag.py for tasks to queue
[2026-03-19T22:45:30.046+0000] {logging_mixin.py:190} INFO - [2026-03-19T22:45:30.038+0000] {dagbag.py:588} INFO - Filling up the DagBag from /home/airflow/.local/lib/python3.12/site-packages/airflow/example_dags/example_external_task_marker_dag.py
[2026-03-19T22:45:30.307+0000] {processor.py:925} INFO - DAG(s) 'example_external_task_marker_child', 'example_external_task_marker_parent' retrieved from /home/airflow/.local/lib/python3.12/site-packages/airflow/example_dags/example_external_task_marker_dag.py
[2026-03-19T22:45:30.836+0000] {logging_mixin.py:190} INFO - [2026-03-19T22:45:30.835+0000] {dag.py:3239} INFO - Sync 2 DAGs
[2026-03-19T22:45:31.135+0000] {logging_mixin.py:190} INFO - [2026-03-19T22:45:31.129+0000] {dag.py:4180} INFO - Setting next_dagrun for example_external_task_marker_child to None, run_after=None
[2026-03-19T22:45:31.166+0000] {logging_mixin.py:190} INFO - [2026-03-19T22:45:31.166+0000] {dag.py:4180} INFO - Setting next_dagrun for example_external_task_marker_parent to None, run_after=None
[2026-03-19T22:45:31.308+0000] {processor.py:208} INFO - Processing /home/airflow/.local/lib/python3.12/site-packages/airflow/example_dags/example_external_task_marker_dag.py took 1.554 seconds
[2026-03-19T22:47:36.975+0000] {processor.py:186} INFO - Started process (PID=53) to work on /home/airflow/.local/lib/python3.12/site-packages/airflow/example_dags/example_external_task_marker_dag.py
[2026-03-19T22:47:36.976+0000] {processor.py:914} INFO - Processing file /home/airflow/.local/lib/python3.12/site-packages/airflow/example_dags/example_external_task_marker_dag.py for tasks to queue
[2026-03-19T22:47:36.978+0000] {logging_mixin.py:190} INFO - [2026-03-19T22:47:36.977+0000] {dagbag.py:588} INFO - Filling up the DagBag from /home/airflow/.local/lib/python3.12/site-packages/airflow/example_dags/example_external_task_marker_dag.py
[2026-03-19T22:47:36.985+0000] {processor.py:925} INFO - DAG(s) 'example_external_task_marker_child', 'example_external_task_marker_parent' retrieved from /home/airflow/.local/lib/python3.12/site-packages/airflow/example_dags/example_external_task_marker_dag.py
[2026-03-19T22:47:37.087+0000] {logging_mixin.py:190} INFO - [2026-03-19T22:47:37.086+0000] {override.py:1911} INFO - Created Permission View: can delete on DAG:example_external_task_marker_child
[2026-03-19T22:47:37.098+0000] {logging_mixin.py:190} INFO - [2026-03-19T22:47:37.098+0000] {override.py:1911} INFO - Created Permission View: can edit on DAG:example_external_task_marker_child
[2026-03-19T22:47:37.107+0000] {logging_mixin.py:190} INFO - [2026-03-19T22:47:37.107+0000] {override.py:1911} INFO - Created Permission View: can read on DAG:example_external_task_marker_child
[2026-03-19T22:47:37.132+0000] {logging_mixin.py:190} INFO - [2026-03-19T22:47:37.132+0000] {override.py:1911} INFO - Created Permission View: can create on DAG Run:example_external_task_marker_child
[2026-03-19T22:47:37.145+0000] {logging_mixin.py:190} INFO - [2026-03-19T22:47:37.145+0000] {override.py:1911} INFO - Created Permission View: can delete on DAG Run:example_external_task_marker_child
[2026-03-19T22:47:37.158+0000] {logging_mixin.py:190} INFO - [2026-03-19T22:47:37.157+0000] {override.py:1911} INFO - Created Permission View: menu access on DAG Run:example_external_task_marker_child
[2026-03-19T22:47:37.167+0000] {logging_mixin.py:190} INFO - [2026-03-19T22:47:37.167+0000] {override.py:1911} INFO - Created Permission View: can read on DAG Run:example_external_task_marker_child
[2026-03-19T22:47:37.184+0000] {logging_mixin.py:190} INFO - [2026-03-19T22:47:37.184+0000] {override.py:1911} INFO - Created Permission View: can delete on DAG:example_external_task_marker_parent
[2026-03-19T22:47:37.193+0000] {logging_mixin.py:190} INFO - [2026-03-19T22:47:37.193+0000] {override.py:1911} INFO - Created Permission View: can edit on DAG:example_external_task_marker_parent
[2026-03-19T22:47:37.203+0000] {logging_mixin.py:190} INFO - [2026-03-19T22:47:37.202+0000] {override.py:1911} INFO - Created Permission View: can read on DAG:example_external_task_marker_parent
[2026-03-19T22:47:37.218+0000] {logging_mixin.py:190} INFO - [2026-03-19T22:47:37.218+0000] {override.py:1911} INFO - Created Permission View: can create on DAG Run:example_external_task_marker_parent
[2026-03-19T22:47:37.228+0000] {logging_mixin.py:190} INFO - [2026-03-19T22:47:37.228+0000] {override.py:1911} INFO - Created Permission View: can delete on DAG Run:example_external_task_marker_parent
[2026-03-19T22:47:37.239+0000] {logging_mixin.py:190} INFO - [2026-03-19T22:47:37.238+0000] {override.py:1911} INFO - Created Permission View: menu access on DAG Run:example_external_task_marker_parent
[2026-03-19T22:47:37.250+0000] {logging_mixin.py:190} INFO - [2026-03-19T22:47:37.249+0000] {override.py:1911} INFO - Created Permission View: can read on DAG Run:example_external_task_marker_parent
[2026-03-19T22:47:37.250+0000] {logging_mixin.py:190} INFO - [2026-03-19T22:47:37.250+0000] {dag.py:3239} INFO - Sync 2 DAGs
[2026-03-19T22:47:37.261+0000] {logging_mixin.py:190} INFO - [2026-03-19T22:47:37.260+0000] {dag.py:3262} INFO - Creating ORM DAG for example_external_task_marker_child
[2026-03-19T22:47:37.261+0000] {logging_mixin.py:190} INFO - [2026-03-19T22:47:37.261+0000] {dag.py:3262} INFO - Creating ORM DAG for example_external_task_marker_parent
[2026-03-19T22:47:37.262+0000] {logging_mixin.py:190} INFO - [2026-03-19T22:47:37.262+0000] {dag.py:4180} INFO - Setting next_dagrun for example_external_task_marker_child to None, run_after=None
[2026-03-19T22:47:37.263+0000] {logging_mixin.py:190} INFO - [2026-03-19T22:47:37.262+0000] {dag.py:4180} INFO - Setting next_dagrun for example_external_task_marker_parent to None, run_after=None
[2026-03-19T22:47:37.281+0000] {processor.py:208} INFO - Processing /home/airflow/.local/lib/python3.12/site-packages/airflow/example_dags/example_external_task_marker_dag.py took 0.311 seconds
[2026-03-19T22:48:08.073+0000] {processor.py:186} INFO - Started process (PID=111) to work on /home/airflow/.local/lib/python3.12/site-packages/airflow/example_dags/example_external_task_marker_dag.py
[2026-03-19T22:48:08.073+0000] {processor.py:914} INFO - Processing file /home/airflow/.local/lib/python3.12/site-packages/airflow/example_dags/example_external_task_marker_dag.py for tasks to queue
[2026-03-19T22:48:08.075+0000] {logging_mixin.py:190} INFO - [2026-03-19T22:48:08.075+0000] {dagbag.py:588} INFO - Filling up the DagBag from /home/airflow/.local/lib/python3.12/site-packages/airflow/example_dags/example_external_task_marker_dag.py
[2026-03-19T22:48:08.082+0000] {processor.py:925} INFO - DAG(s) 'example_external_task_marker_child', 'example_external_task_marker_parent' retrieved from /home/airflow/.local/lib/python3.12/site-packages/airflow/example_dags/example_external_task_marker_dag.py
[2026-03-19T22:48:08.100+0000] {logging_mixin.py:190} INFO - [2026-03-19T22:48:08.099+0000] {dag.py:3239} INFO - Sync 2 DAGs
[2026-03-19T22:48:08.113+0000] {logging_mixin.py:190} INFO - [2026-03-19T22:48:08.112+0000] {dag.py:4180} INFO - Setting next_dagrun for example_external_task_marker_child to None, run_after=None
[2026-03-19T22:48:08.116+0000] {logging_mixin.py:190} INFO - [2026-03-19T22:48:08.116+0000] {dag.py:4180} INFO - Setting next_dagrun for example_external_task_marker_parent to None, run_after=None
[2026-03-19T22:48:08.136+0000] {processor.py:208} INFO - Processing /home/airflow/.local/lib/python3.12/site-packages/airflow/example_dags/example_external_task_marker_dag.py took 0.068 seconds
[2026-03-19T22:48:38.714+0000] {processor.py:186} INFO - Started process (PID=169) to work on /home/airflow/.local/lib/python3.12/site-packages/airflow/example_dags/example_external_task_marker_dag.py
[2026-03-19T22:48:38.714+0000] {processor.py:914} INFO - Processing file /home/airflow/.local/lib/python3.12/site-packages/airflow/example_dags/example_external_task_marker_dag.py for tasks to queue
[2026-03-19T22:48:38.716+0000] {logging_mixin.py:190} INFO - [2026-03-19T22:48:38.716+0000] {dagbag.py:588} INFO - Filling up the DagBag from /home/airflow/.local/lib/python3.12/site-packages/airflow/example_dags/example_external_task_marker_dag.py
[2026-03-19T22:48:38.724+0000] {processor.py:925} INFO - DAG(s) 'example_external_task_marker_parent', 'example_external_task_marker_child' retrieved from /home/airflow/.local/lib/python3.12/site-packages/airflow/example_dags/example_external_task_marker_dag.py
[2026-03-19T22:48:38.746+0000] {logging_mixin.py:190} INFO - [2026-03-19T22:48:38.746+0000] {dag.py:3239} INFO - Sync 2 DAGs
[2026-03-19T22:48:38.759+0000] {logging_mixin.py:190} INFO - [2026-03-19T22:48:38.759+0000] {dag.py:4180} INFO - Setting next_dagrun for example_external_task_marker_child to None, run_after=None
[2026-03-19T22:48:38.762+0000] {logging_mixin.py:190} INFO - [2026-03-19T22:48:38.762+0000] {dag.py:4180} INFO - Setting next_dagrun for example_external_task_marker_parent to None, run_after=None
[2026-03-19T22:48:38.782+0000] {processor.py:208} INFO - Processing /home/airflow/.local/lib/python3.12/site-packages/airflow/example_dags/example_external_task_marker_dag.py took 0.074 seconds
[2026-03-19T22:49:09.298+0000] {processor.py:186} INFO - Started process (PID=227) to work on /home/airflow/.local/lib/python3.12/site-packages/airflow/example_dags/example_external_task_marker_dag.py
[2026-03-19T22:49:09.299+0000] {processor.py:914} INFO - Processing file /home/airflow/.local/lib/python3.12/site-packages/airflow/example_dags/example_external_task_marker_dag.py for tasks to queue
[2026-03-19T22:49:09.301+0000] {logging_mixin.py:190} INFO - [2026-03-19T22:49:09.301+0000] {dagbag.py:588} INFO - Filling up the DagBag from /home/airflow/.local/lib/python3.12/site-packages/airflow/example_dags/example_external_task_marker_dag.py
[2026-03-19T22:49:09.308+0000] {processor.py:925} INFO - DAG(s) 'example_external_task_marker_child', 'example_external_task_marker_parent' retrieved from /home/airflow/.local/lib/python3.12/site-packages/airflow/example_dags/example_external_task_marker_dag.py
[2026-03-19T22:49:09.326+0000] {logging_mixin.py:190} INFO - [2026-03-19T22:49:09.326+0000] {dag.py:3239} INFO - Sync 2 DAGs
[2026-03-19T22:49:09.338+0000] {logging_mixin.py:190} INFO - [2026-03-19T22:49:09.338+0000] {dag.py:4180} INFO - Setting next_dagrun for example_external_task_marker_child to None, run_after=None
[2026-03-19T22:49:09.342+0000] {logging_mixin.py:190} INFO - [2026-03-19T22:49:09.341+0000] {dag.py:4180} INFO - Setting next_dagrun for example_external_task_marker_parent to None, run_after=None
[2026-03-19T22:49:09.369+0000] {processor.py:208} INFO - Processing /home/airflow/.local/lib/python3.12/site-packages/airflow/example_dags/example_external_task_marker_dag.py took 0.075 seconds
[2026-03-19T22:49:39.840+0000] {processor.py:186} INFO - Started process (PID=285) to work on /home/airflow/.local/lib/python3.12/site-packages/airflow/example_dags/example_external_task_marker_dag.py
[2026-03-19T22:49:39.840+0000] {processor.py:914} INFO - Processing file /home/airflow/.local/lib/python3.12/site-packages/airflow/example_dags/example_external_task_marker_dag.py for tasks to queue
[2026-03-19T22:49:39.842+0000] {logging_mixin.py:190} INFO - [2026-03-19T22:49:39.842+0000] {dagbag.py:588} INFO - Filling up the DagBag from /home/airflow/.local/lib/python3.12/site-packages/airflow/example_dags/example_external_task_marker_dag.py
[2026-03-19T22:49:39.849+0000] {processor.py:925} INFO - DAG(s) 'example_external_task_marker_parent', 'example_external_task_marker_child' retrieved from /home/airflow/.local/lib/python3.12/site-packages/airflow/example_dags/example_external_task_marker_dag.py
[2026-03-19T22:49:39.867+0000] {logging_mixin.py:190} INFO - [2026-03-19T22:49:39.867+0000] {dag.py:3239} INFO - Sync 2 DAGs
[2026-03-19T22:49:39.880+0000] {logging_mixin.py:190} INFO - [2026-03-19T22:49:39.880+0000] {dag.py:4180} INFO - Setting next_dagrun for example_external_task_marker_child to None, run_after=None
[2026-03-19T22:49:39.883+0000] {logging_mixin.py:190} INFO - [2026-03-19T22:49:39.883+0000] {dag.py:4180} INFO - Setting next_dagrun for example_external_task_marker_parent to None, run_after=None
[2026-03-19T22:49:39.904+0000] {processor.py:208} INFO - Processing /home/airflow/.local/lib/python3.12/site-packages/airflow/example_dags/example_external_task_marker_dag.py took 0.070 seconds
[2026-03-19T22:50:10.458+0000] {processor.py:186} INFO - Started process (PID=345) to work on /home/airflow/.local/lib/python3.12/site-packages/airflow/example_dags/example_external_task_marker_dag.py
[2026-03-19T22:50:10.459+0000] {processor.py:914} INFO - Processing file /home/airflow/.local/lib/python3.12/site-packages/airflow/example_dags/example_external_task_marker_dag.py for tasks to queue
[2026-03-19T22:50:10.461+0000] {logging_mixin.py:190} INFO - [2026-03-19T22:50:10.461+0000] {dagbag.py:588} INFO - Filling up the DagBag from /home/airflow/.local/lib/python3.12/site-packages/airflow/example_dags/example_external_task_marker_dag.py
[2026-03-19T22:50:10.467+0000] {processor.py:925} INFO - DAG(s) 'example_external_task_marker_child', 'example_external_task_marker_parent' retrieved from /home/airflow/.local/lib/python3.12/site-packages/airflow/example_dags/example_external_task_marker_dag.py
[2026-03-19T22:50:10.485+0000] {logging_mixin.py:190} INFO - [2026-03-19T22:50:10.485+0000] {dag.py:3239} INFO - Sync 2 DAGs
[2026-03-19T22:50:10.497+0000] {logging_mixin.py:190} INFO - [2026-03-19T22:50:10.497+0000] {dag.py:4180} INFO - Setting next_dagrun for example_external_task_marker_child to None, run_after=None
[2026-03-19T22:50:10.500+0000] {logging_mixin.py:190} INFO - [2026-03-19T22:50:10.500+0000] {dag.py:4180} INFO - Setting next_dagrun for example_external_task_marker_parent to None, run_after=None
[2026-03-19T22:50:10.523+0000] {processor.py:208} INFO - Processing /home/airflow/.local/lib/python3.12/site-packages/airflow/example_dags/example_external_task_marker_dag.py took 0.069 seconds
[2026-03-19T22:50:40.654+0000] {processor.py:186} INFO - Started process (PID=403) to work on /home/airflow/.local/lib/python3.12/site-packages/airflow/example_dags/example_external_task_marker_dag.py
[2026-03-19T22:50:40.655+0000] {processor.py:914} INFO - Processing file /home/airflow/.local/lib/python3.12/site-packages/airflow/example_dags/example_external_task_marker_dag.py for tasks to queue
[2026-03-19T22:50:40.656+0000] {logging_mixin.py:190} INFO - [2026-03-19T22:50:40.656+0000] {dagbag.py:588} INFO - Filling up the DagBag from /home/airflow/.local/lib/python3.12/site-packages/airflow/example_dags/example_external_task_marker_dag.py
[2026-03-19T22:50:40.663+0000] {processor.py:925} INFO - DAG(s) 'example_external_task_marker_parent', 'example_external_task_marker_child' retrieved from /home/airflow/.local/lib/python3.12/site-packages/airflow/example_dags/example_external_task_marker_dag.py
[2026-03-19T22:50:40.683+0000] {logging_mixin.py:190} INFO - [2026-03-19T22:50:40.682+0000] {dag.py:3239} INFO - Sync 2 DAGs
[2026-03-19T22:50:40.696+0000] {logging_mixin.py:190} INFO - [2026-03-19T22:50:40.695+0000] {dag.py:4180} INFO - Setting next_dagrun for example_external_task_marker_child to None, run_after=None
[2026-03-19T22:50:40.699+0000] {logging_mixin.py:190} INFO - [2026-03-19T22:50:40.699+0000] {dag.py:4180} INFO - Setting next_dagrun for example_external_task_marker_parent to None, run_after=None
[2026-03-19T22:50:40.723+0000] {processor.py:208} INFO - Processing /home/airflow/.local/lib/python3.12/site-packages/airflow/example_dags/example_external_task_marker_dag.py took 0.074 seconds
[2026-03-19T22:51:11.229+0000] {processor.py:186} INFO - Started process (PID=461) to work on /home/airflow/.local/lib/python3.12/site-packages/airflow/example_dags/example_external_task_marker_dag.py
[2026-03-19T22:51:11.230+0000] {processor.py:914} INFO - Processing file /home/airflow/.local/lib/python3.12/site-packages/airflow/example_dags/example_external_task_marker_dag.py for tasks to queue
[2026-03-19T22:51:11.233+0000] {logging_mixin.py:190} INFO - [2026-03-19T22:51:11.232+0000] {dagbag.py:588} INFO - Filling up the DagBag from /home/airflow/.local/lib/python3.12/site-packages/airflow/example_dags/example_external_task_marker_dag.py
[2026-03-19T22:51:11.240+0000] {processor.py:925} INFO - DAG(s) 'example_external_task_marker_child', 'example_external_task_marker_parent' retrieved from /home/airflow/.local/lib/python3.12/site-packages/airflow/example_dags/example_external_task_marker_dag.py
[2026-03-19T22:51:11.261+0000] {logging_mixin.py:190} INFO - [2026-03-19T22:51:11.260+0000] {dag.py:3239} INFO - Sync 2 DAGs
[2026-03-19T22:51:11.275+0000] {logging_mixin.py:190} INFO - [2026-03-19T22:51:11.275+0000] {dag.py:4180} INFO - Setting next_dagrun for example_external_task_marker_child to None, run_after=None
[2026-03-19T22:51:11.279+0000] {logging_mixin.py:190} INFO - [2026-03-19T22:51:11.279+0000] {dag.py:4180} INFO - Setting next_dagrun for example_external_task_marker_parent to None, run_after=None
[2026-03-19T22:51:11.306+0000] {processor.py:208} INFO - Processing /home/airflow/.local/lib/python3.12/site-packages/airflow/example_dags/example_external_task_marker_dag.py took 0.082 seconds
[2026-03-19T22:51:42.026+0000] {processor.py:186} INFO - Started process (PID=519) to work on /home/airflow/.local/lib/python3.12/site-packages/airflow/example_dags/example_external_task_marker_dag.py
[2026-03-19T22:51:42.026+0000] {processor.py:914} INFO - Processing file /home/airflow/.local/lib/python3.12/site-packages/airflow/example_dags/example_external_task_marker_dag.py for tasks to queue
[2026-03-19T22:51:42.028+0000] {logging_mixin.py:190} INFO - [2026-03-19T22:51:42.028+0000] {dagbag.py:588} INFO - Filling up the DagBag from /home/airflow/.local/lib/python3.12/site-packages/airflow/example_dags/example_external_task_marker_dag.py
[2026-03-19T22:51:42.035+0000] {processor.py:925} INFO - DAG(s) 'example_external_task_marker_child', 'example_external_task_marker_parent' retrieved from /home/airflow/.local/lib/python3.12/site-packages/airflow/example_dags/example_external_task_marker_dag.py
[2026-03-19T22:51:42.053+0000] {logging_mixin.py:190} INFO - [2026-03-19T22:51:42.053+0000] {dag.py:3239} INFO - Sync 2 DAGs
[2026-03-19T22:51:42.065+0000] {logging_mixin.py:190} INFO - [2026-03-19T22:51:42.065+0000] {dag.py:4180} INFO - Setting next_dagrun for example_external_task_marker_child to None, run_after=None
[2026-03-19T22:51:42.068+0000] {logging_mixin.py:190} INFO - [2026-03-19T22:51:42.068+0000] {dag.py:4180} INFO - Setting next_dagrun for example_external_task_marker_parent to None, run_after=None
[2026-03-19T22:51:42.090+0000] {processor.py:208} INFO - Processing /home/airflow/.local/lib/python3.12/site-packages/airflow/example_dags/example_external_task_marker_dag.py took 0.070 seconds
[2026-03-19T22:52:12.629+0000] {processor.py:186} INFO - Started process (PID=577) to work on /home/airflow/.local/lib/python3.12/site-packages/airflow/example_dags/example_external_task_marker_dag.py
[2026-03-19T22:52:12.629+0000] {processor.py:914} INFO - Processing file /home/airflow/.local/lib/python3.12/site-packages/airflow/example_dags/example_external_task_marker_dag.py for tasks to queue
[2026-03-19T22:52:12.631+0000] {logging_mixin.py:190} INFO - [2026-03-19T22:52:12.631+0000] {dagbag.py:588} INFO - Filling up the DagBag from /home/airflow/.local/lib/python3.12/site-packages/airflow/example_dags/example_external_task_marker_dag.py
[2026-03-19T22:52:12.638+0000] {processor.py:925} INFO - DAG(s) 'example_external_task_marker_child', 'example_external_task_marker_parent' retrieved from /home/airflow/.local/lib/python3.12/site-packages/airflow/example_dags/example_external_task_marker_dag.py
[2026-03-19T22:52:12.656+0000] {logging_mixin.py:190} INFO - [2026-03-19T22:52:12.656+0000] {dag.py:3239} INFO - Sync 2 DAGs
[2026-03-19T22:52:12.668+0000] {logging_mixin.py:190} INFO - [2026-03-19T22:52:12.668+0000] {dag.py:4180} INFO - Setting next_dagrun for example_external_task_marker_child to None, run_after=None
[2026-03-19T22:52:12.671+0000] {logging_mixin.py:190} INFO - [2026-03-19T22:52:12.671+0000] {dag.py:4180} INFO - Setting next_dagrun for example_external_task_marker_parent to None, run_after=None
[2026-03-19T22:52:12.694+0000] {processor.py:208} INFO - Processing /home/airflow/.local/lib/python3.12/site-packages/airflow/example_dags/example_external_task_marker_dag.py took 0.070 seconds
[2026-03-19T22:52:43.059+0000] {processor.py:186} INFO - Started process (PID=635) to work on /home/airflow/.local/lib/python3.12/site-packages/airflow/example_dags/example_external_task_marker_dag.py
[2026-03-19T22:52:43.060+0000] {processor.py:914} INFO - Processing file /home/airflow/.local/lib/python3.12/site-packages/airflow/example_dags/example_external_task_marker_dag.py for tasks to queue
[2026-03-19T22:52:43.062+0000] {logging_mixin.py:190} INFO - [2026-03-19T22:52:43.062+0000] {dagbag.py:588} INFO - Filling up the DagBag from /home/airflow/.local/lib/python3.12/site-packages/airflow/example_dags/example_external_task_marker_dag.py
[2026-03-19T22:52:43.069+0000] {processor.py:925} INFO - DAG(s) 'example_external_task_marker_child', 'example_external_task_marker_parent' retrieved from /home/airflow/.local/lib/python3.12/site-packages/airflow/example_dags/example_external_task_marker_dag.py
[2026-03-19T22:52:43.088+0000] {logging_mixin.py:190} INFO - [2026-03-19T22:52:43.088+0000] {dag.py:3239} INFO - Sync 2 DAGs
[2026-03-19T22:52:43.102+0000] {logging_mixin.py:190} INFO - [2026-03-19T22:52:43.102+0000] {dag.py:4180} INFO - Setting next_dagrun for example_external_task_marker_child to None, run_after=None
[2026-03-19T22:52:43.106+0000] {logging_mixin.py:190} INFO - [2026-03-19T22:52:43.106+0000] {dag.py:4180} INFO - Setting next_dagrun for example_external_task_marker_parent to None, run_after=None
[2026-03-19T22:52:43.128+0000] {processor.py:208} INFO - Processing /home/airflow/.local/lib/python3.12/site-packages/airflow/example_dags/example_external_task_marker_dag.py took 0.073 seconds
[2026-03-19T22:53:13.415+0000] {processor.py:186} INFO - Started process (PID=693) to work on /home/airflow/.local/lib/python3.12/site-packages/airflow/example_dags/example_external_task_marker_dag.py
[2026-03-19T22:53:13.415+0000] {processor.py:914} INFO - Processing file /home/airflow/.local/lib/python3.12/site-packages/airflow/example_dags/example_external_task_marker_dag.py for tasks to queue
[2026-03-19T22:53:13.417+0000] {logging_mixin.py:190} INFO - [2026-03-19T22:53:13.417+0000] {dagbag.py:588} INFO - Filling up the DagBag from /home/airflow/.local/lib/python3.12/site-packages/airflow/example_dags/example_external_task_marker_dag.py
[2026-03-19T22:53:13.424+0000] {processor.py:925} INFO - DAG(s) 'example_external_task_marker_child', 'example_external_task_marker_parent' retrieved from /home/airflow/.local/lib/python3.12/site-packages/airflow/example_dags/example_external_task_marker_dag.py
[2026-03-19T22:53:13.443+0000] {logging_mixin.py:190} INFO - [2026-03-19T22:53:13.442+0000] {dag.py:3239} INFO - Sync 2 DAGs
[2026-03-19T22:53:13.455+0000] {logging_mixin.py:190} INFO - [2026-03-19T22:53:13.455+0000] {dag.py:4180} INFO - Setting next_dagrun for example_external_task_marker_child to None, run_after=None
[2026-03-19T22:53:13.458+0000] {logging_mixin.py:190} INFO - [2026-03-19T22:53:13.458+0000] {dag.py:4180} INFO - Setting next_dagrun for example_external_task_marker_parent to None, run_after=None
[2026-03-19T22:53:13.480+0000] {processor.py:208} INFO - Processing /home/airflow/.local/lib/python3.12/site-packages/airflow/example_dags/example_external_task_marker_dag.py took 0.071 seconds
[2026-03-19T22:53:43.872+0000] {processor.py:186} INFO - Started process (PID=751) to work on /home/airflow/.local/lib/python3.12/site-packages/airflow/example_dags/example_external_task_marker_dag.py
[2026-03-19T22:53:43.873+0000] {processor.py:914} INFO - Processing file /home/airflow/.local/lib/python3.12/site-packages/airflow/example_dags/example_external_task_marker_dag.py for tasks to queue
[2026-03-19T22:53:43.875+0000] {logging_mixin.py:190} INFO - [2026-03-19T22:53:43.875+0000] {dagbag.py:588} INFO - Filling up the DagBag from /home/airflow/.local/lib/python3.12/site-packages/airflow/example_dags/example_external_task_marker_dag.py
[2026-03-19T22:53:43.885+0000] {processor.py:925} INFO - DAG(s) 'example_external_task_marker_parent', 'example_external_task_marker_child' retrieved from /home/airflow/.local/lib/python3.12/site-packages/airflow/example_dags/example_external_task_marker_dag.py
[2026-03-19T22:53:43.916+0000] {logging_mixin.py:190} INFO - [2026-03-19T22:53:43.916+0000] {dag.py:3239} INFO - Sync 2 DAGs
[2026-03-19T22:53:43.928+0000] {logging_mixin.py:190} INFO - [2026-03-19T22:53:43.928+0000] {dag.py:4180} INFO - Setting next_dagrun for example_external_task_marker_child to None, run_after=None
[2026-03-19T22:53:43.932+0000] {logging_mixin.py:190} INFO - [2026-03-19T22:53:43.932+0000] {dag.py:4180} INFO - Setting next_dagrun for example_external_task_marker_parent to None, run_after=None
[2026-03-19T22:53:43.949+0000] {processor.py:208} INFO - Processing /home/airflow/.local/lib/python3.12/site-packages/airflow/example_dags/example_external_task_marker_dag.py took 0.081 seconds
[2026-03-19T22:54:14.391+0000] {processor.py:186} INFO - Started process (PID=809) to work on /home/airflow/.local/lib/python3.12/site-packages/airflow/example_dags/example_external_task_marker_dag.py
[2026-03-19T22:54:14.391+0000] {processor.py:914} INFO - Processing file /home/airflow/.local/lib/python3.12/site-packages/airflow/example_dags/example_external_task_marker_dag.py for tasks to queue
[2026-03-19T22:54:14.393+0000] {logging_mixin.py:190} INFO - [2026-03-19T22:54:14.393+0000] {dagbag.py:588} INFO - Filling up the DagBag from /home/airflow/.local/lib/python3.12/site-packages/airflow/example_dags/example_external_task_marker_dag.py
[2026-03-19T22:54:14.400+0000] {processor.py:925} INFO - DAG(s) 'example_external_task_marker_parent', 'example_external_task_marker_child' retrieved from /home/airflow/.local/lib/python3.12/site-packages/airflow/example_dags/example_external_task_marker_dag.py
[2026-03-19T22:54:14.419+0000] {logging_mixin.py:190} INFO - [2026-03-19T22:54:14.419+0000] {dag.py:3239} INFO - Sync 2 DAGs
[2026-03-19T22:54:14.432+0000] {logging_mixin.py:190} INFO - [2026-03-19T22:54:14.432+0000] {dag.py:4180} INFO - Setting next_dagrun for example_external_task_marker_child to None, run_after=None
[2026-03-19T22:54:14.435+0000] {logging_mixin.py:190} INFO - [2026-03-19T22:54:14.435+0000] {dag.py:4180} INFO - Setting next_dagrun for example_external_task_marker_parent to None, run_after=None
[2026-03-19T22:54:14.455+0000] {processor.py:208} INFO - Processing /home/airflow/.local/lib/python3.12/site-packages/airflow/example_dags/example_external_task_marker_dag.py took 0.069 seconds
[2026-03-19T22:54:44.652+0000] {processor.py:186} INFO - Started process (PID=867) to work on /home/airflow/.local/lib/python3.12/site-packages/airflow/example_dags/example_external_task_marker_dag.py
[2026-03-19T22:54:44.664+0000] {processor.py:914} INFO - Processing file /home/airflow/.local/lib/python3.12/site-packages/airflow/example_dags/example_external_task_marker_dag.py for tasks to queue
[2026-03-19T22:54:44.668+0000] {logging_mixin.py:190} INFO - [2026-03-19T22:54:44.667+0000] {dagbag.py:588} INFO - Filling up the DagBag from /home/airflow/.local/lib/python3.12/site-packages/airflow/example_dags/example_external_task_marker_dag.py
[2026-03-19T22:54:44.684+0000] {processor.py:925} INFO - DAG(s) 'example_external_task_marker_child', 'example_external_task_marker_parent' retrieved from /home/airflow/.local/lib/python3.12/site-packages/airflow/example_dags/example_external_task_marker_dag.py
[2026-03-19T22:54:44.738+0000] {logging_mixin.py:190} INFO - [2026-03-19T22:54:44.737+0000] {dag.py:3239} INFO - Sync 2 DAGs
[2026-03-19T22:54:44.755+0000] {logging_mixin.py:190} INFO - [2026-03-19T22:54:44.755+0000] {dag.py:4180} INFO - Setting next_dagrun for example_external_task_marker_child to None, run_after=None
[2026-03-19T22:54:44.760+0000] {logging_mixin.py:190} INFO - [2026-03-19T22:54:44.759+0000] {dag.py:4180} INFO - Setting next_dagrun for example_external_task_marker_parent to None, run_after=None
[2026-03-19T22:54:44.814+0000] {processor.py:208} INFO - Processing /home/airflow/.local/lib/python3.12/site-packages/airflow/example_dags/example_external_task_marker_dag.py took 0.164 seconds
[2026-03-19T22:55:14.916+0000] {processor.py:186} INFO - Started process (PID=925) to work on /home/airflow/.local/lib/python3.12/site-packages/airflow/example_dags/example_external_task_marker_dag.py
[2026-03-19T22:55:14.916+0000] {processor.py:914} INFO - Processing file /home/airflow/.local/lib/python3.12/site-packages/airflow/example_dags/example_external_task_marker_dag.py for tasks to queue
[2026-03-19T22:55:14.918+0000] {logging_mixin.py:190} INFO - [2026-03-19T22:55:14.918+0000] {dagbag.py:588} INFO - Filling up the DagBag from /home/airflow/.local/lib/python3.12/site-packages/airflow/example_dags/example_external_task_marker_dag.py
[2026-03-19T22:55:14.925+0000] {processor.py:925} INFO - DAG(s) 'example_external_task_marker_parent', 'example_external_task_marker_child' retrieved from /home/airflow/.local/lib/python3.12/site-packages/airflow/example_dags/example_external_task_marker_dag.py
[2026-03-19T22:55:14.944+0000] {logging_mixin.py:190} INFO - [2026-03-19T22:55:14.944+0000] {dag.py:3239} INFO - Sync 2 DAGs
[2026-03-19T22:55:14.956+0000] {logging_mixin.py:190} INFO - [2026-03-19T22:55:14.956+0000] {dag.py:4180} INFO - Setting next_dagrun for example_external_task_marker_child to None, run_after=None
[2026-03-19T22:55:14.959+0000] {logging_mixin.py:190} INFO - [2026-03-19T22:55:14.959+0000] {dag.py:4180} INFO - Setting next_dagrun for example_external_task_marker_parent to None, run_after=None
[2026-03-19T22:55:14.976+0000] {processor.py:208} INFO - Processing /home/airflow/.local/lib/python3.12/site-packages/airflow/example_dags/example_external_task_marker_dag.py took 0.065 seconds
