[2026-03-19T22:37:01.646+0000] {processor.py:186} INFO - Started process (PID=80) to work on /home/airflow/.local/lib/python3.12/site-packages/airflow/example_dags/example_branch_operator.py
[2026-03-19T22:37:01.651+0000] {processor.py:914} INFO - Processing file /home/airflow/.local/lib/python3.12/site-packages/airflow/example_dags/example_branch_operator.py for tasks to queue
[2026-03-19T22:37:01.656+0000] {logging_mixin.py:190} INFO - [2026-03-19T22:37:01.656+0000] {dagbag.py:588} INFO - Filling up the DagBag from /home/airflow/.local/lib/python3.12/site-packages/airflow/example_dags/example_branch_operator.py
[2026-03-19T22:37:01.736+0000] {processor.py:925} INFO - DAG(s) 'example_branch_operator' retrieved from /home/airflow/.local/lib/python3.12/site-packages/airflow/example_dags/example_branch_operator.py
[2026-03-19T22:37:02.025+0000] {logging_mixin.py:190} INFO - [2026-03-19T22:37:02.021+0000] {override.py:1911} INFO - Created Permission View: can read on DAG:example_branch_operator
[2026-03-19T22:37:02.064+0000] {logging_mixin.py:190} INFO - [2026-03-19T22:37:02.064+0000] {override.py:1911} INFO - Created Permission View: can delete on DAG:example_branch_operator
[2026-03-19T22:37:02.084+0000] {logging_mixin.py:190} INFO - [2026-03-19T22:37:02.083+0000] {override.py:1911} INFO - Created Permission View: can edit on DAG:example_branch_operator
[2026-03-19T22:37:02.112+0000] {logging_mixin.py:190} INFO - [2026-03-19T22:37:02.112+0000] {override.py:1911} INFO - Created Permission View: can read on DAG Run:example_branch_operator
[2026-03-19T22:37:02.130+0000] {logging_mixin.py:190} INFO - [2026-03-19T22:37:02.129+0000] {override.py:1911} INFO - Created Permission View: can create on DAG Run:example_branch_operator
[2026-03-19T22:37:02.150+0000] {logging_mixin.py:190} INFO - [2026-03-19T22:37:02.150+0000] {override.py:1911} INFO - Created Permission View: menu access on DAG Run:example_branch_operator
[2026-03-19T22:37:02.171+0000] {logging_mixin.py:190} INFO - [2026-03-19T22:37:02.170+0000] {override.py:1911} INFO - Created Permission View: can delete on DAG Run:example_branch_operator
[2026-03-19T22:37:02.172+0000] {logging_mixin.py:190} INFO - [2026-03-19T22:37:02.172+0000] {dag.py:3239} INFO - Sync 1 DAGs
[2026-03-19T22:37:02.203+0000] {logging_mixin.py:190} INFO - [2026-03-19T22:37:02.202+0000] {dag.py:3262} INFO - Creating ORM DAG for example_branch_operator
[2026-03-19T22:37:02.243+0000] {logging_mixin.py:190} INFO - [2026-03-19T22:37:02.243+0000] {dag.py:4180} INFO - Setting next_dagrun for example_branch_operator to 2026-03-18 00:00:00+00:00, run_after=2026-03-19 00:00:00+00:00
[2026-03-19T22:37:02.293+0000] {processor.py:208} INFO - Processing /home/airflow/.local/lib/python3.12/site-packages/airflow/example_dags/example_branch_operator.py took 0.661 seconds
[2026-03-19T22:40:25.034+0000] {processor.py:186} INFO - Started process (PID=138) to work on /home/airflow/.local/lib/python3.12/site-packages/airflow/example_dags/example_branch_operator.py
[2026-03-19T22:40:25.265+0000] {processor.py:914} INFO - Processing file /home/airflow/.local/lib/python3.12/site-packages/airflow/example_dags/example_branch_operator.py for tasks to queue
[2026-03-19T22:40:26.016+0000] {logging_mixin.py:190} INFO - [2026-03-19T22:40:25.963+0000] {dagbag.py:588} INFO - Filling up the DagBag from /home/airflow/.local/lib/python3.12/site-packages/airflow/example_dags/example_branch_operator.py
[2026-03-19T22:40:28.223+0000] {processor.py:925} INFO - DAG(s) 'example_branch_operator' retrieved from /home/airflow/.local/lib/python3.12/site-packages/airflow/example_dags/example_branch_operator.py
[2026-03-19T22:40:30.734+0000] {logging_mixin.py:190} INFO - [2026-03-19T22:40:30.723+0000] {dag.py:3239} INFO - Sync 1 DAGs
[2026-03-19T22:40:31.272+0000] {logging_mixin.py:190} INFO - [2026-03-19T22:40:31.269+0000] {dag.py:4180} INFO - Setting next_dagrun for example_branch_operator to 2026-03-18 00:00:00+00:00, run_after=2026-03-19 00:00:00+00:00
[2026-03-19T22:40:31.670+0000] {processor.py:208} INFO - Processing /home/airflow/.local/lib/python3.12/site-packages/airflow/example_dags/example_branch_operator.py took 7.483 seconds
[2026-03-19T22:47:43.487+0000] {processor.py:186} INFO - Started process (PID=80) to work on /home/airflow/.local/lib/python3.12/site-packages/airflow/example_dags/example_branch_operator.py
[2026-03-19T22:47:43.489+0000] {processor.py:914} INFO - Processing file /home/airflow/.local/lib/python3.12/site-packages/airflow/example_dags/example_branch_operator.py for tasks to queue
[2026-03-19T22:47:43.491+0000] {logging_mixin.py:190} INFO - [2026-03-19T22:47:43.490+0000] {dagbag.py:588} INFO - Filling up the DagBag from /home/airflow/.local/lib/python3.12/site-packages/airflow/example_dags/example_branch_operator.py
[2026-03-19T22:47:43.507+0000] {processor.py:925} INFO - DAG(s) 'example_branch_operator' retrieved from /home/airflow/.local/lib/python3.12/site-packages/airflow/example_dags/example_branch_operator.py
[2026-03-19T22:47:43.617+0000] {logging_mixin.py:190} INFO - [2026-03-19T22:47:43.616+0000] {override.py:1911} INFO - Created Permission View: can delete on DAG:example_branch_operator
[2026-03-19T22:47:43.628+0000] {logging_mixin.py:190} INFO - [2026-03-19T22:47:43.628+0000] {override.py:1911} INFO - Created Permission View: can edit on DAG:example_branch_operator
[2026-03-19T22:47:43.638+0000] {logging_mixin.py:190} INFO - [2026-03-19T22:47:43.638+0000] {override.py:1911} INFO - Created Permission View: can read on DAG:example_branch_operator
[2026-03-19T22:47:43.656+0000] {logging_mixin.py:190} INFO - [2026-03-19T22:47:43.655+0000] {override.py:1911} INFO - Created Permission View: can create on DAG Run:example_branch_operator
[2026-03-19T22:47:43.666+0000] {logging_mixin.py:190} INFO - [2026-03-19T22:47:43.666+0000] {override.py:1911} INFO - Created Permission View: can delete on DAG Run:example_branch_operator
[2026-03-19T22:47:43.681+0000] {logging_mixin.py:190} INFO - [2026-03-19T22:47:43.681+0000] {override.py:1911} INFO - Created Permission View: menu access on DAG Run:example_branch_operator
[2026-03-19T22:47:43.692+0000] {logging_mixin.py:190} INFO - [2026-03-19T22:47:43.692+0000] {override.py:1911} INFO - Created Permission View: can read on DAG Run:example_branch_operator
[2026-03-19T22:47:43.693+0000] {logging_mixin.py:190} INFO - [2026-03-19T22:47:43.693+0000] {dag.py:3239} INFO - Sync 1 DAGs
[2026-03-19T22:47:43.705+0000] {logging_mixin.py:190} INFO - [2026-03-19T22:47:43.705+0000] {dag.py:3262} INFO - Creating ORM DAG for example_branch_operator
[2026-03-19T22:47:43.715+0000] {logging_mixin.py:190} INFO - [2026-03-19T22:47:43.715+0000] {dag.py:4180} INFO - Setting next_dagrun for example_branch_operator to 2026-03-18 00:00:00+00:00, run_after=2026-03-19 00:00:00+00:00
[2026-03-19T22:47:43.735+0000] {processor.py:208} INFO - Processing /home/airflow/.local/lib/python3.12/site-packages/airflow/example_dags/example_branch_operator.py took 0.252 seconds
[2026-03-19T22:48:14.093+0000] {processor.py:186} INFO - Started process (PID=138) to work on /home/airflow/.local/lib/python3.12/site-packages/airflow/example_dags/example_branch_operator.py
[2026-03-19T22:48:14.094+0000] {processor.py:914} INFO - Processing file /home/airflow/.local/lib/python3.12/site-packages/airflow/example_dags/example_branch_operator.py for tasks to queue
[2026-03-19T22:48:14.096+0000] {logging_mixin.py:190} INFO - [2026-03-19T22:48:14.096+0000] {dagbag.py:588} INFO - Filling up the DagBag from /home/airflow/.local/lib/python3.12/site-packages/airflow/example_dags/example_branch_operator.py
[2026-03-19T22:48:14.116+0000] {processor.py:925} INFO - DAG(s) 'example_branch_operator' retrieved from /home/airflow/.local/lib/python3.12/site-packages/airflow/example_dags/example_branch_operator.py
[2026-03-19T22:48:14.159+0000] {logging_mixin.py:190} INFO - [2026-03-19T22:48:14.158+0000] {dag.py:3239} INFO - Sync 1 DAGs
[2026-03-19T22:48:14.185+0000] {logging_mixin.py:190} INFO - [2026-03-19T22:48:14.185+0000] {dag.py:4180} INFO - Setting next_dagrun for example_branch_operator to 2026-03-18 00:00:00+00:00, run_after=2026-03-19 00:00:00+00:00
[2026-03-19T22:48:14.210+0000] {processor.py:208} INFO - Processing /home/airflow/.local/lib/python3.12/site-packages/airflow/example_dags/example_branch_operator.py took 0.123 seconds
[2026-03-19T22:48:44.678+0000] {processor.py:186} INFO - Started process (PID=196) to work on /home/airflow/.local/lib/python3.12/site-packages/airflow/example_dags/example_branch_operator.py
[2026-03-19T22:48:44.679+0000] {processor.py:914} INFO - Processing file /home/airflow/.local/lib/python3.12/site-packages/airflow/example_dags/example_branch_operator.py for tasks to queue
[2026-03-19T22:48:44.681+0000] {logging_mixin.py:190} INFO - [2026-03-19T22:48:44.681+0000] {dagbag.py:588} INFO - Filling up the DagBag from /home/airflow/.local/lib/python3.12/site-packages/airflow/example_dags/example_branch_operator.py
[2026-03-19T22:48:44.699+0000] {processor.py:925} INFO - DAG(s) 'example_branch_operator' retrieved from /home/airflow/.local/lib/python3.12/site-packages/airflow/example_dags/example_branch_operator.py
[2026-03-19T22:48:44.723+0000] {logging_mixin.py:190} INFO - [2026-03-19T22:48:44.723+0000] {dag.py:3239} INFO - Sync 1 DAGs
[2026-03-19T22:48:44.744+0000] {logging_mixin.py:190} INFO - [2026-03-19T22:48:44.743+0000] {dag.py:4180} INFO - Setting next_dagrun for example_branch_operator to 2026-03-18 00:00:00+00:00, run_after=2026-03-19 00:00:00+00:00
[2026-03-19T22:48:44.766+0000] {processor.py:208} INFO - Processing /home/airflow/.local/lib/python3.12/site-packages/airflow/example_dags/example_branch_operator.py took 0.093 seconds
[2026-03-19T22:49:15.137+0000] {processor.py:186} INFO - Started process (PID=254) to work on /home/airflow/.local/lib/python3.12/site-packages/airflow/example_dags/example_branch_operator.py
[2026-03-19T22:49:15.138+0000] {processor.py:914} INFO - Processing file /home/airflow/.local/lib/python3.12/site-packages/airflow/example_dags/example_branch_operator.py for tasks to queue
[2026-03-19T22:49:15.140+0000] {logging_mixin.py:190} INFO - [2026-03-19T22:49:15.139+0000] {dagbag.py:588} INFO - Filling up the DagBag from /home/airflow/.local/lib/python3.12/site-packages/airflow/example_dags/example_branch_operator.py
[2026-03-19T22:49:15.155+0000] {processor.py:925} INFO - DAG(s) 'example_branch_operator' retrieved from /home/airflow/.local/lib/python3.12/site-packages/airflow/example_dags/example_branch_operator.py
[2026-03-19T22:49:15.180+0000] {logging_mixin.py:190} INFO - [2026-03-19T22:49:15.180+0000] {dag.py:3239} INFO - Sync 1 DAGs
[2026-03-19T22:49:15.204+0000] {logging_mixin.py:190} INFO - [2026-03-19T22:49:15.203+0000] {dag.py:4180} INFO - Setting next_dagrun for example_branch_operator to 2026-03-18 00:00:00+00:00, run_after=2026-03-19 00:00:00+00:00
[2026-03-19T22:49:15.224+0000] {processor.py:208} INFO - Processing /home/airflow/.local/lib/python3.12/site-packages/airflow/example_dags/example_branch_operator.py took 0.092 seconds
[2026-03-19T22:49:46.195+0000] {processor.py:186} INFO - Started process (PID=311) to work on /home/airflow/.local/lib/python3.12/site-packages/airflow/example_dags/example_branch_operator.py
[2026-03-19T22:49:46.196+0000] {processor.py:914} INFO - Processing file /home/airflow/.local/lib/python3.12/site-packages/airflow/example_dags/example_branch_operator.py for tasks to queue
[2026-03-19T22:49:46.198+0000] {logging_mixin.py:190} INFO - [2026-03-19T22:49:46.198+0000] {dagbag.py:588} INFO - Filling up the DagBag from /home/airflow/.local/lib/python3.12/site-packages/airflow/example_dags/example_branch_operator.py
[2026-03-19T22:49:46.213+0000] {processor.py:925} INFO - DAG(s) 'example_branch_operator' retrieved from /home/airflow/.local/lib/python3.12/site-packages/airflow/example_dags/example_branch_operator.py
[2026-03-19T22:49:46.236+0000] {logging_mixin.py:190} INFO - [2026-03-19T22:49:46.236+0000] {dag.py:3239} INFO - Sync 1 DAGs
[2026-03-19T22:49:46.256+0000] {logging_mixin.py:190} INFO - [2026-03-19T22:49:46.256+0000] {dag.py:4180} INFO - Setting next_dagrun for example_branch_operator to 2026-03-18 00:00:00+00:00, run_after=2026-03-19 00:00:00+00:00
[2026-03-19T22:49:46.276+0000] {processor.py:208} INFO - Processing /home/airflow/.local/lib/python3.12/site-packages/airflow/example_dags/example_branch_operator.py took 0.086 seconds
[2026-03-19T22:50:16.828+0000] {processor.py:186} INFO - Started process (PID=371) to work on /home/airflow/.local/lib/python3.12/site-packages/airflow/example_dags/example_branch_operator.py
[2026-03-19T22:50:16.829+0000] {processor.py:914} INFO - Processing file /home/airflow/.local/lib/python3.12/site-packages/airflow/example_dags/example_branch_operator.py for tasks to queue
[2026-03-19T22:50:16.831+0000] {logging_mixin.py:190} INFO - [2026-03-19T22:50:16.831+0000] {dagbag.py:588} INFO - Filling up the DagBag from /home/airflow/.local/lib/python3.12/site-packages/airflow/example_dags/example_branch_operator.py
[2026-03-19T22:50:16.846+0000] {processor.py:925} INFO - DAG(s) 'example_branch_operator' retrieved from /home/airflow/.local/lib/python3.12/site-packages/airflow/example_dags/example_branch_operator.py
[2026-03-19T22:50:16.869+0000] {logging_mixin.py:190} INFO - [2026-03-19T22:50:16.869+0000] {dag.py:3239} INFO - Sync 1 DAGs
[2026-03-19T22:50:16.889+0000] {logging_mixin.py:190} INFO - [2026-03-19T22:50:16.889+0000] {dag.py:4180} INFO - Setting next_dagrun for example_branch_operator to 2026-03-18 00:00:00+00:00, run_after=2026-03-19 00:00:00+00:00
[2026-03-19T22:50:16.908+0000] {processor.py:208} INFO - Processing /home/airflow/.local/lib/python3.12/site-packages/airflow/example_dags/example_branch_operator.py took 0.085 seconds
[2026-03-19T22:50:48.139+0000] {processor.py:186} INFO - Started process (PID=429) to work on /home/airflow/.local/lib/python3.12/site-packages/airflow/example_dags/example_branch_operator.py
[2026-03-19T22:50:48.140+0000] {processor.py:914} INFO - Processing file /home/airflow/.local/lib/python3.12/site-packages/airflow/example_dags/example_branch_operator.py for tasks to queue
[2026-03-19T22:50:48.142+0000] {logging_mixin.py:190} INFO - [2026-03-19T22:50:48.141+0000] {dagbag.py:588} INFO - Filling up the DagBag from /home/airflow/.local/lib/python3.12/site-packages/airflow/example_dags/example_branch_operator.py
[2026-03-19T22:50:48.157+0000] {processor.py:925} INFO - DAG(s) 'example_branch_operator' retrieved from /home/airflow/.local/lib/python3.12/site-packages/airflow/example_dags/example_branch_operator.py
[2026-03-19T22:50:48.180+0000] {logging_mixin.py:190} INFO - [2026-03-19T22:50:48.180+0000] {dag.py:3239} INFO - Sync 1 DAGs
[2026-03-19T22:50:48.201+0000] {logging_mixin.py:190} INFO - [2026-03-19T22:50:48.200+0000] {dag.py:4180} INFO - Setting next_dagrun for example_branch_operator to 2026-03-18 00:00:00+00:00, run_after=2026-03-19 00:00:00+00:00
[2026-03-19T22:50:48.222+0000] {processor.py:208} INFO - Processing /home/airflow/.local/lib/python3.12/site-packages/airflow/example_dags/example_branch_operator.py took 0.088 seconds
[2026-03-19T22:51:19.069+0000] {processor.py:186} INFO - Started process (PID=487) to work on /home/airflow/.local/lib/python3.12/site-packages/airflow/example_dags/example_branch_operator.py
[2026-03-19T22:51:19.070+0000] {processor.py:914} INFO - Processing file /home/airflow/.local/lib/python3.12/site-packages/airflow/example_dags/example_branch_operator.py for tasks to queue
[2026-03-19T22:51:19.072+0000] {logging_mixin.py:190} INFO - [2026-03-19T22:51:19.071+0000] {dagbag.py:588} INFO - Filling up the DagBag from /home/airflow/.local/lib/python3.12/site-packages/airflow/example_dags/example_branch_operator.py
[2026-03-19T22:51:19.089+0000] {processor.py:925} INFO - DAG(s) 'example_branch_operator' retrieved from /home/airflow/.local/lib/python3.12/site-packages/airflow/example_dags/example_branch_operator.py
[2026-03-19T22:51:19.114+0000] {logging_mixin.py:190} INFO - [2026-03-19T22:51:19.114+0000] {dag.py:3239} INFO - Sync 1 DAGs
[2026-03-19T22:51:19.135+0000] {logging_mixin.py:190} INFO - [2026-03-19T22:51:19.135+0000] {dag.py:4180} INFO - Setting next_dagrun for example_branch_operator to 2026-03-18 00:00:00+00:00, run_after=2026-03-19 00:00:00+00:00
[2026-03-19T22:51:19.154+0000] {processor.py:208} INFO - Processing /home/airflow/.local/lib/python3.12/site-packages/airflow/example_dags/example_branch_operator.py took 0.090 seconds
[2026-03-19T22:51:49.191+0000] {processor.py:186} INFO - Started process (PID=545) to work on /home/airflow/.local/lib/python3.12/site-packages/airflow/example_dags/example_branch_operator.py
[2026-03-19T22:51:49.192+0000] {processor.py:914} INFO - Processing file /home/airflow/.local/lib/python3.12/site-packages/airflow/example_dags/example_branch_operator.py for tasks to queue
[2026-03-19T22:51:49.194+0000] {logging_mixin.py:190} INFO - [2026-03-19T22:51:49.194+0000] {dagbag.py:588} INFO - Filling up the DagBag from /home/airflow/.local/lib/python3.12/site-packages/airflow/example_dags/example_branch_operator.py
[2026-03-19T22:51:49.209+0000] {processor.py:925} INFO - DAG(s) 'example_branch_operator' retrieved from /home/airflow/.local/lib/python3.12/site-packages/airflow/example_dags/example_branch_operator.py
[2026-03-19T22:51:49.234+0000] {logging_mixin.py:190} INFO - [2026-03-19T22:51:49.234+0000] {dag.py:3239} INFO - Sync 1 DAGs
[2026-03-19T22:51:49.255+0000] {logging_mixin.py:190} INFO - [2026-03-19T22:51:49.255+0000] {dag.py:4180} INFO - Setting next_dagrun for example_branch_operator to 2026-03-18 00:00:00+00:00, run_after=2026-03-19 00:00:00+00:00
[2026-03-19T22:51:49.276+0000] {processor.py:208} INFO - Processing /home/airflow/.local/lib/python3.12/site-packages/airflow/example_dags/example_branch_operator.py took 0.090 seconds
[2026-03-19T22:52:19.830+0000] {processor.py:186} INFO - Started process (PID=603) to work on /home/airflow/.local/lib/python3.12/site-packages/airflow/example_dags/example_branch_operator.py
[2026-03-19T22:52:19.831+0000] {processor.py:914} INFO - Processing file /home/airflow/.local/lib/python3.12/site-packages/airflow/example_dags/example_branch_operator.py for tasks to queue
[2026-03-19T22:52:19.833+0000] {logging_mixin.py:190} INFO - [2026-03-19T22:52:19.833+0000] {dagbag.py:588} INFO - Filling up the DagBag from /home/airflow/.local/lib/python3.12/site-packages/airflow/example_dags/example_branch_operator.py
[2026-03-19T22:52:19.849+0000] {processor.py:925} INFO - DAG(s) 'example_branch_operator' retrieved from /home/airflow/.local/lib/python3.12/site-packages/airflow/example_dags/example_branch_operator.py
[2026-03-19T22:52:19.874+0000] {logging_mixin.py:190} INFO - [2026-03-19T22:52:19.874+0000] {dag.py:3239} INFO - Sync 1 DAGs
[2026-03-19T22:52:19.896+0000] {logging_mixin.py:190} INFO - [2026-03-19T22:52:19.896+0000] {dag.py:4180} INFO - Setting next_dagrun for example_branch_operator to 2026-03-18 00:00:00+00:00, run_after=2026-03-19 00:00:00+00:00
[2026-03-19T22:52:19.915+0000] {processor.py:208} INFO - Processing /home/airflow/.local/lib/python3.12/site-packages/airflow/example_dags/example_branch_operator.py took 0.091 seconds
[2026-03-19T22:52:51.527+0000] {processor.py:186} INFO - Started process (PID=661) to work on /home/airflow/.local/lib/python3.12/site-packages/airflow/example_dags/example_branch_operator.py
[2026-03-19T22:52:51.528+0000] {processor.py:914} INFO - Processing file /home/airflow/.local/lib/python3.12/site-packages/airflow/example_dags/example_branch_operator.py for tasks to queue
[2026-03-19T22:52:51.530+0000] {logging_mixin.py:190} INFO - [2026-03-19T22:52:51.530+0000] {dagbag.py:588} INFO - Filling up the DagBag from /home/airflow/.local/lib/python3.12/site-packages/airflow/example_dags/example_branch_operator.py
[2026-03-19T22:52:51.545+0000] {processor.py:925} INFO - DAG(s) 'example_branch_operator' retrieved from /home/airflow/.local/lib/python3.12/site-packages/airflow/example_dags/example_branch_operator.py
[2026-03-19T22:52:51.569+0000] {logging_mixin.py:190} INFO - [2026-03-19T22:52:51.569+0000] {dag.py:3239} INFO - Sync 1 DAGs
[2026-03-19T22:52:51.589+0000] {logging_mixin.py:190} INFO - [2026-03-19T22:52:51.589+0000] {dag.py:4180} INFO - Setting next_dagrun for example_branch_operator to 2026-03-18 00:00:00+00:00, run_after=2026-03-19 00:00:00+00:00
[2026-03-19T22:52:51.609+0000] {processor.py:208} INFO - Processing /home/airflow/.local/lib/python3.12/site-packages/airflow/example_dags/example_branch_operator.py took 0.087 seconds
[2026-03-19T22:53:23.007+0000] {processor.py:186} INFO - Started process (PID=719) to work on /home/airflow/.local/lib/python3.12/site-packages/airflow/example_dags/example_branch_operator.py
[2026-03-19T22:53:23.008+0000] {processor.py:914} INFO - Processing file /home/airflow/.local/lib/python3.12/site-packages/airflow/example_dags/example_branch_operator.py for tasks to queue
[2026-03-19T22:53:23.010+0000] {logging_mixin.py:190} INFO - [2026-03-19T22:53:23.010+0000] {dagbag.py:588} INFO - Filling up the DagBag from /home/airflow/.local/lib/python3.12/site-packages/airflow/example_dags/example_branch_operator.py
[2026-03-19T22:53:23.025+0000] {processor.py:925} INFO - DAG(s) 'example_branch_operator' retrieved from /home/airflow/.local/lib/python3.12/site-packages/airflow/example_dags/example_branch_operator.py
[2026-03-19T22:53:23.048+0000] {logging_mixin.py:190} INFO - [2026-03-19T22:53:23.048+0000] {dag.py:3239} INFO - Sync 1 DAGs
[2026-03-19T22:53:23.069+0000] {logging_mixin.py:190} INFO - [2026-03-19T22:53:23.069+0000] {dag.py:4180} INFO - Setting next_dagrun for example_branch_operator to 2026-03-18 00:00:00+00:00, run_after=2026-03-19 00:00:00+00:00
[2026-03-19T22:53:23.088+0000] {processor.py:208} INFO - Processing /home/airflow/.local/lib/python3.12/site-packages/airflow/example_dags/example_branch_operator.py took 0.086 seconds
[2026-03-19T22:53:54.506+0000] {processor.py:186} INFO - Started process (PID=777) to work on /home/airflow/.local/lib/python3.12/site-packages/airflow/example_dags/example_branch_operator.py
[2026-03-19T22:53:54.506+0000] {processor.py:914} INFO - Processing file /home/airflow/.local/lib/python3.12/site-packages/airflow/example_dags/example_branch_operator.py for tasks to queue
[2026-03-19T22:53:54.508+0000] {logging_mixin.py:190} INFO - [2026-03-19T22:53:54.508+0000] {dagbag.py:588} INFO - Filling up the DagBag from /home/airflow/.local/lib/python3.12/site-packages/airflow/example_dags/example_branch_operator.py
[2026-03-19T22:53:54.523+0000] {processor.py:925} INFO - DAG(s) 'example_branch_operator' retrieved from /home/airflow/.local/lib/python3.12/site-packages/airflow/example_dags/example_branch_operator.py
[2026-03-19T22:53:54.552+0000] {logging_mixin.py:190} INFO - [2026-03-19T22:53:54.552+0000] {dag.py:3239} INFO - Sync 1 DAGs
[2026-03-19T22:53:54.572+0000] {logging_mixin.py:190} INFO - [2026-03-19T22:53:54.572+0000] {dag.py:4180} INFO - Setting next_dagrun for example_branch_operator to 2026-03-18 00:00:00+00:00, run_after=2026-03-19 00:00:00+00:00
[2026-03-19T22:53:54.590+0000] {processor.py:208} INFO - Processing /home/airflow/.local/lib/python3.12/site-packages/airflow/example_dags/example_branch_operator.py took 0.089 seconds
[2026-03-19T22:54:25.774+0000] {processor.py:186} INFO - Started process (PID=835) to work on /home/airflow/.local/lib/python3.12/site-packages/airflow/example_dags/example_branch_operator.py
[2026-03-19T22:54:25.775+0000] {processor.py:914} INFO - Processing file /home/airflow/.local/lib/python3.12/site-packages/airflow/example_dags/example_branch_operator.py for tasks to queue
[2026-03-19T22:54:25.777+0000] {logging_mixin.py:190} INFO - [2026-03-19T22:54:25.776+0000] {dagbag.py:588} INFO - Filling up the DagBag from /home/airflow/.local/lib/python3.12/site-packages/airflow/example_dags/example_branch_operator.py
[2026-03-19T22:54:25.792+0000] {processor.py:925} INFO - DAG(s) 'example_branch_operator' retrieved from /home/airflow/.local/lib/python3.12/site-packages/airflow/example_dags/example_branch_operator.py
[2026-03-19T22:54:25.816+0000] {logging_mixin.py:190} INFO - [2026-03-19T22:54:25.816+0000] {dag.py:3239} INFO - Sync 1 DAGs
[2026-03-19T22:54:25.837+0000] {logging_mixin.py:190} INFO - [2026-03-19T22:54:25.837+0000] {dag.py:4180} INFO - Setting next_dagrun for example_branch_operator to 2026-03-18 00:00:00+00:00, run_after=2026-03-19 00:00:00+00:00
[2026-03-19T22:54:25.854+0000] {processor.py:208} INFO - Processing /home/airflow/.local/lib/python3.12/site-packages/airflow/example_dags/example_branch_operator.py took 0.085 seconds
[2026-03-19T22:54:57.096+0000] {processor.py:186} INFO - Started process (PID=893) to work on /home/airflow/.local/lib/python3.12/site-packages/airflow/example_dags/example_branch_operator.py
[2026-03-19T22:54:57.097+0000] {processor.py:914} INFO - Processing file /home/airflow/.local/lib/python3.12/site-packages/airflow/example_dags/example_branch_operator.py for tasks to queue
[2026-03-19T22:54:57.099+0000] {logging_mixin.py:190} INFO - [2026-03-19T22:54:57.099+0000] {dagbag.py:588} INFO - Filling up the DagBag from /home/airflow/.local/lib/python3.12/site-packages/airflow/example_dags/example_branch_operator.py
[2026-03-19T22:54:57.115+0000] {processor.py:925} INFO - DAG(s) 'example_branch_operator' retrieved from /home/airflow/.local/lib/python3.12/site-packages/airflow/example_dags/example_branch_operator.py
[2026-03-19T22:54:57.138+0000] {logging_mixin.py:190} INFO - [2026-03-19T22:54:57.138+0000] {dag.py:3239} INFO - Sync 1 DAGs
[2026-03-19T22:54:57.159+0000] {logging_mixin.py:190} INFO - [2026-03-19T22:54:57.159+0000] {dag.py:4180} INFO - Setting next_dagrun for example_branch_operator to 2026-03-18 00:00:00+00:00, run_after=2026-03-19 00:00:00+00:00
[2026-03-19T22:54:57.179+0000] {processor.py:208} INFO - Processing /home/airflow/.local/lib/python3.12/site-packages/airflow/example_dags/example_branch_operator.py took 0.087 seconds
[2026-03-19T22:55:28.423+0000] {processor.py:186} INFO - Started process (PID=951) to work on /home/airflow/.local/lib/python3.12/site-packages/airflow/example_dags/example_branch_operator.py
[2026-03-19T22:55:28.424+0000] {processor.py:914} INFO - Processing file /home/airflow/.local/lib/python3.12/site-packages/airflow/example_dags/example_branch_operator.py for tasks to queue
[2026-03-19T22:55:28.426+0000] {logging_mixin.py:190} INFO - [2026-03-19T22:55:28.426+0000] {dagbag.py:588} INFO - Filling up the DagBag from /home/airflow/.local/lib/python3.12/site-packages/airflow/example_dags/example_branch_operator.py
[2026-03-19T22:55:28.441+0000] {processor.py:925} INFO - DAG(s) 'example_branch_operator' retrieved from /home/airflow/.local/lib/python3.12/site-packages/airflow/example_dags/example_branch_operator.py
[2026-03-19T22:55:28.464+0000] {logging_mixin.py:190} INFO - [2026-03-19T22:55:28.463+0000] {dag.py:3239} INFO - Sync 1 DAGs
[2026-03-19T22:55:28.483+0000] {logging_mixin.py:190} INFO - [2026-03-19T22:55:28.483+0000] {dag.py:4180} INFO - Setting next_dagrun for example_branch_operator to 2026-03-18 00:00:00+00:00, run_after=2026-03-19 00:00:00+00:00
[2026-03-19T22:55:28.502+0000] {processor.py:208} INFO - Processing /home/airflow/.local/lib/python3.12/site-packages/airflow/example_dags/example_branch_operator.py took 0.084 seconds
