[2026-03-19T22:36:39.537+0000] {processor.py:186} INFO - Started process (PID=47) to work on /home/airflow/.local/lib/python3.12/site-packages/airflow/example_dags/example_nested_branch_dag.py
[2026-03-19T22:36:39.538+0000] {processor.py:914} INFO - Processing file /home/airflow/.local/lib/python3.12/site-packages/airflow/example_dags/example_nested_branch_dag.py for tasks to queue
[2026-03-19T22:36:39.540+0000] {logging_mixin.py:190} INFO - [2026-03-19T22:36:39.540+0000] {dagbag.py:588} INFO - Filling up the DagBag from /home/airflow/.local/lib/python3.12/site-packages/airflow/example_dags/example_nested_branch_dag.py
[2026-03-19T22:36:39.558+0000] {processor.py:925} INFO - DAG(s) 'example_nested_branch_dag' retrieved from /home/airflow/.local/lib/python3.12/site-packages/airflow/example_dags/example_nested_branch_dag.py
[2026-03-19T22:36:39.797+0000] {logging_mixin.py:190} INFO - [2026-03-19T22:36:39.794+0000] {override.py:1911} INFO - Created Permission View: can read on DAG:example_nested_branch_dag
[2026-03-19T22:36:39.966+0000] {logging_mixin.py:190} INFO - [2026-03-19T22:36:39.966+0000] {override.py:1911} INFO - Created Permission View: can delete on DAG:example_nested_branch_dag
[2026-03-19T22:36:40.078+0000] {logging_mixin.py:190} INFO - [2026-03-19T22:36:40.078+0000] {override.py:1911} INFO - Created Permission View: can edit on DAG:example_nested_branch_dag
[2026-03-19T22:36:40.171+0000] {logging_mixin.py:190} INFO - [2026-03-19T22:36:40.171+0000] {override.py:1911} INFO - Created Permission View: can read on DAG Run:example_nested_branch_dag
[2026-03-19T22:36:40.213+0000] {logging_mixin.py:190} INFO - [2026-03-19T22:36:40.213+0000] {override.py:1911} INFO - Created Permission View: can create on DAG Run:example_nested_branch_dag
[2026-03-19T22:36:40.297+0000] {logging_mixin.py:190} INFO - [2026-03-19T22:36:40.297+0000] {override.py:1911} INFO - Created Permission View: menu access on DAG Run:example_nested_branch_dag
[2026-03-19T22:36:40.350+0000] {logging_mixin.py:190} INFO - [2026-03-19T22:36:40.350+0000] {override.py:1911} INFO - Created Permission View: can delete on DAG Run:example_nested_branch_dag
[2026-03-19T22:36:40.351+0000] {logging_mixin.py:190} INFO - [2026-03-19T22:36:40.351+0000] {dag.py:3239} INFO - Sync 1 DAGs
[2026-03-19T22:36:40.364+0000] {logging_mixin.py:190} INFO - [2026-03-19T22:36:40.364+0000] {dag.py:3262} INFO - Creating ORM DAG for example_nested_branch_dag
[2026-03-19T22:36:40.376+0000] {logging_mixin.py:190} INFO - [2026-03-19T22:36:40.375+0000] {dag.py:4180} INFO - Setting next_dagrun for example_nested_branch_dag to 2026-03-18 00:00:00+00:00, run_after=2026-03-19 00:00:00+00:00
[2026-03-19T22:36:40.445+0000] {processor.py:208} INFO - Processing /home/airflow/.local/lib/python3.12/site-packages/airflow/example_dags/example_nested_branch_dag.py took 0.915 seconds
[2026-03-19T22:37:10.953+0000] {processor.py:186} INFO - Started process (PID=105) to work on /home/airflow/.local/lib/python3.12/site-packages/airflow/example_dags/example_nested_branch_dag.py
[2026-03-19T22:37:10.954+0000] {processor.py:914} INFO - Processing file /home/airflow/.local/lib/python3.12/site-packages/airflow/example_dags/example_nested_branch_dag.py for tasks to queue
[2026-03-19T22:37:10.959+0000] {logging_mixin.py:190} INFO - [2026-03-19T22:37:10.959+0000] {dagbag.py:588} INFO - Filling up the DagBag from /home/airflow/.local/lib/python3.12/site-packages/airflow/example_dags/example_nested_branch_dag.py
[2026-03-19T22:37:10.988+0000] {processor.py:925} INFO - DAG(s) 'example_nested_branch_dag' retrieved from /home/airflow/.local/lib/python3.12/site-packages/airflow/example_dags/example_nested_branch_dag.py
[2026-03-19T22:37:11.023+0000] {logging_mixin.py:190} INFO - [2026-03-19T22:37:11.022+0000] {dag.py:3239} INFO - Sync 1 DAGs
[2026-03-19T22:37:11.067+0000] {logging_mixin.py:190} INFO - [2026-03-19T22:37:11.067+0000] {dag.py:4180} INFO - Setting next_dagrun for example_nested_branch_dag to 2026-03-18 00:00:00+00:00, run_after=2026-03-19 00:00:00+00:00
[2026-03-19T22:37:11.100+0000] {processor.py:208} INFO - Processing /home/airflow/.local/lib/python3.12/site-packages/airflow/example_dags/example_nested_branch_dag.py took 0.160 seconds
[2026-03-19T22:40:44.601+0000] {processor.py:186} INFO - Started process (PID=163) to work on /home/airflow/.local/lib/python3.12/site-packages/airflow/example_dags/example_nested_branch_dag.py
[2026-03-19T22:40:44.603+0000] {processor.py:914} INFO - Processing file /home/airflow/.local/lib/python3.12/site-packages/airflow/example_dags/example_nested_branch_dag.py for tasks to queue
[2026-03-19T22:40:44.609+0000] {logging_mixin.py:190} INFO - [2026-03-19T22:40:44.608+0000] {dagbag.py:588} INFO - Filling up the DagBag from /home/airflow/.local/lib/python3.12/site-packages/airflow/example_dags/example_nested_branch_dag.py
[2026-03-19T22:40:44.635+0000] {processor.py:925} INFO - DAG(s) 'example_nested_branch_dag' retrieved from /home/airflow/.local/lib/python3.12/site-packages/airflow/example_dags/example_nested_branch_dag.py
[2026-03-19T22:40:44.669+0000] {logging_mixin.py:190} INFO - [2026-03-19T22:40:44.669+0000] {dag.py:3239} INFO - Sync 1 DAGs
[2026-03-19T22:40:44.700+0000] {logging_mixin.py:190} INFO - [2026-03-19T22:40:44.700+0000] {dag.py:4180} INFO - Setting next_dagrun for example_nested_branch_dag to 2026-03-18 00:00:00+00:00, run_after=2026-03-19 00:00:00+00:00
[2026-03-19T22:40:44.767+0000] {processor.py:208} INFO - Processing /home/airflow/.local/lib/python3.12/site-packages/airflow/example_dags/example_nested_branch_dag.py took 0.180 seconds
[2026-03-19T22:45:06.008+0000] {processor.py:186} INFO - Started process (PID=198) to work on /home/airflow/.local/lib/python3.12/site-packages/airflow/example_dags/example_nested_branch_dag.py
[2026-03-19T22:45:06.062+0000] {processor.py:914} INFO - Processing file /home/airflow/.local/lib/python3.12/site-packages/airflow/example_dags/example_nested_branch_dag.py for tasks to queue
[2026-03-19T22:45:06.217+0000] {logging_mixin.py:190} INFO - [2026-03-19T22:45:06.145+0000] {dagbag.py:588} INFO - Filling up the DagBag from /home/airflow/.local/lib/python3.12/site-packages/airflow/example_dags/example_nested_branch_dag.py
[2026-03-19T22:45:07.310+0000] {processor.py:925} INFO - DAG(s) 'example_nested_branch_dag' retrieved from /home/airflow/.local/lib/python3.12/site-packages/airflow/example_dags/example_nested_branch_dag.py
[2026-03-19T22:45:08.644+0000] {logging_mixin.py:190} INFO - [2026-03-19T22:45:08.581+0000] {dag.py:3239} INFO - Sync 1 DAGs
[2026-03-19T22:45:09.753+0000] {logging_mixin.py:190} INFO - [2026-03-19T22:45:09.691+0000] {dag.py:4180} INFO - Setting next_dagrun for example_nested_branch_dag to 2026-03-18 00:00:00+00:00, run_after=2026-03-19 00:00:00+00:00
[2026-03-19T22:45:11.028+0000] {processor.py:208} INFO - Processing /home/airflow/.local/lib/python3.12/site-packages/airflow/example_dags/example_nested_branch_dag.py took 5.399 seconds
[2026-03-19T22:47:35.943+0000] {processor.py:186} INFO - Started process (PID=47) to work on /home/airflow/.local/lib/python3.12/site-packages/airflow/example_dags/example_nested_branch_dag.py
[2026-03-19T22:47:35.944+0000] {processor.py:914} INFO - Processing file /home/airflow/.local/lib/python3.12/site-packages/airflow/example_dags/example_nested_branch_dag.py for tasks to queue
[2026-03-19T22:47:35.946+0000] {logging_mixin.py:190} INFO - [2026-03-19T22:47:35.946+0000] {dagbag.py:588} INFO - Filling up the DagBag from /home/airflow/.local/lib/python3.12/site-packages/airflow/example_dags/example_nested_branch_dag.py
[2026-03-19T22:47:35.957+0000] {processor.py:925} INFO - DAG(s) 'example_nested_branch_dag' retrieved from /home/airflow/.local/lib/python3.12/site-packages/airflow/example_dags/example_nested_branch_dag.py
[2026-03-19T22:47:36.071+0000] {logging_mixin.py:190} INFO - [2026-03-19T22:47:36.069+0000] {override.py:1911} INFO - Created Permission View: can delete on DAG:example_nested_branch_dag
[2026-03-19T22:47:36.083+0000] {logging_mixin.py:190} INFO - [2026-03-19T22:47:36.083+0000] {override.py:1911} INFO - Created Permission View: can edit on DAG:example_nested_branch_dag
[2026-03-19T22:47:36.094+0000] {logging_mixin.py:190} INFO - [2026-03-19T22:47:36.094+0000] {override.py:1911} INFO - Created Permission View: can read on DAG:example_nested_branch_dag
[2026-03-19T22:47:36.119+0000] {logging_mixin.py:190} INFO - [2026-03-19T22:47:36.119+0000] {override.py:1911} INFO - Created Permission View: can create on DAG Run:example_nested_branch_dag
[2026-03-19T22:47:36.132+0000] {logging_mixin.py:190} INFO - [2026-03-19T22:47:36.131+0000] {override.py:1911} INFO - Created Permission View: can delete on DAG Run:example_nested_branch_dag
[2026-03-19T22:47:36.142+0000] {logging_mixin.py:190} INFO - [2026-03-19T22:47:36.142+0000] {override.py:1911} INFO - Created Permission View: menu access on DAG Run:example_nested_branch_dag
[2026-03-19T22:47:36.151+0000] {logging_mixin.py:190} INFO - [2026-03-19T22:47:36.151+0000] {override.py:1911} INFO - Created Permission View: can read on DAG Run:example_nested_branch_dag
[2026-03-19T22:47:36.152+0000] {logging_mixin.py:190} INFO - [2026-03-19T22:47:36.152+0000] {dag.py:3239} INFO - Sync 1 DAGs
[2026-03-19T22:47:36.162+0000] {logging_mixin.py:190} INFO - [2026-03-19T22:47:36.162+0000] {dag.py:3262} INFO - Creating ORM DAG for example_nested_branch_dag
[2026-03-19T22:47:36.172+0000] {logging_mixin.py:190} INFO - [2026-03-19T22:47:36.172+0000] {dag.py:4180} INFO - Setting next_dagrun for example_nested_branch_dag to 2026-03-18 00:00:00+00:00, run_after=2026-03-19 00:00:00+00:00
[2026-03-19T22:47:36.189+0000] {processor.py:208} INFO - Processing /home/airflow/.local/lib/python3.12/site-packages/airflow/example_dags/example_nested_branch_dag.py took 0.250 seconds
[2026-03-19T22:48:06.709+0000] {processor.py:186} INFO - Started process (PID=105) to work on /home/airflow/.local/lib/python3.12/site-packages/airflow/example_dags/example_nested_branch_dag.py
[2026-03-19T22:48:06.709+0000] {processor.py:914} INFO - Processing file /home/airflow/.local/lib/python3.12/site-packages/airflow/example_dags/example_nested_branch_dag.py for tasks to queue
[2026-03-19T22:48:06.711+0000] {logging_mixin.py:190} INFO - [2026-03-19T22:48:06.711+0000] {dagbag.py:588} INFO - Filling up the DagBag from /home/airflow/.local/lib/python3.12/site-packages/airflow/example_dags/example_nested_branch_dag.py
[2026-03-19T22:48:06.721+0000] {processor.py:925} INFO - DAG(s) 'example_nested_branch_dag' retrieved from /home/airflow/.local/lib/python3.12/site-packages/airflow/example_dags/example_nested_branch_dag.py
[2026-03-19T22:48:06.737+0000] {logging_mixin.py:190} INFO - [2026-03-19T22:48:06.737+0000] {dag.py:3239} INFO - Sync 1 DAGs
[2026-03-19T22:48:06.788+0000] {logging_mixin.py:190} INFO - [2026-03-19T22:48:06.788+0000] {dag.py:4180} INFO - Setting next_dagrun for example_nested_branch_dag to 2026-03-18 00:00:00+00:00, run_after=2026-03-19 00:00:00+00:00
[2026-03-19T22:48:06.827+0000] {processor.py:208} INFO - Processing /home/airflow/.local/lib/python3.12/site-packages/airflow/example_dags/example_nested_branch_dag.py took 0.123 seconds
[2026-03-19T22:48:37.438+0000] {processor.py:186} INFO - Started process (PID=163) to work on /home/airflow/.local/lib/python3.12/site-packages/airflow/example_dags/example_nested_branch_dag.py
[2026-03-19T22:48:37.439+0000] {processor.py:914} INFO - Processing file /home/airflow/.local/lib/python3.12/site-packages/airflow/example_dags/example_nested_branch_dag.py for tasks to queue
[2026-03-19T22:48:37.440+0000] {logging_mixin.py:190} INFO - [2026-03-19T22:48:37.440+0000] {dagbag.py:588} INFO - Filling up the DagBag from /home/airflow/.local/lib/python3.12/site-packages/airflow/example_dags/example_nested_branch_dag.py
[2026-03-19T22:48:37.450+0000] {processor.py:925} INFO - DAG(s) 'example_nested_branch_dag' retrieved from /home/airflow/.local/lib/python3.12/site-packages/airflow/example_dags/example_nested_branch_dag.py
[2026-03-19T22:48:37.467+0000] {logging_mixin.py:190} INFO - [2026-03-19T22:48:37.467+0000] {dag.py:3239} INFO - Sync 1 DAGs
[2026-03-19T22:48:37.486+0000] {logging_mixin.py:190} INFO - [2026-03-19T22:48:37.486+0000] {dag.py:4180} INFO - Setting next_dagrun for example_nested_branch_dag to 2026-03-18 00:00:00+00:00, run_after=2026-03-19 00:00:00+00:00
[2026-03-19T22:48:37.505+0000] {processor.py:208} INFO - Processing /home/airflow/.local/lib/python3.12/site-packages/airflow/example_dags/example_nested_branch_dag.py took 0.072 seconds
[2026-03-19T22:49:08.027+0000] {processor.py:186} INFO - Started process (PID=221) to work on /home/airflow/.local/lib/python3.12/site-packages/airflow/example_dags/example_nested_branch_dag.py
[2026-03-19T22:49:08.027+0000] {processor.py:914} INFO - Processing file /home/airflow/.local/lib/python3.12/site-packages/airflow/example_dags/example_nested_branch_dag.py for tasks to queue
[2026-03-19T22:49:08.029+0000] {logging_mixin.py:190} INFO - [2026-03-19T22:49:08.029+0000] {dagbag.py:588} INFO - Filling up the DagBag from /home/airflow/.local/lib/python3.12/site-packages/airflow/example_dags/example_nested_branch_dag.py
[2026-03-19T22:49:08.038+0000] {processor.py:925} INFO - DAG(s) 'example_nested_branch_dag' retrieved from /home/airflow/.local/lib/python3.12/site-packages/airflow/example_dags/example_nested_branch_dag.py
[2026-03-19T22:49:08.055+0000] {logging_mixin.py:190} INFO - [2026-03-19T22:49:08.055+0000] {dag.py:3239} INFO - Sync 1 DAGs
[2026-03-19T22:49:08.074+0000] {logging_mixin.py:190} INFO - [2026-03-19T22:49:08.074+0000] {dag.py:4180} INFO - Setting next_dagrun for example_nested_branch_dag to 2026-03-18 00:00:00+00:00, run_after=2026-03-19 00:00:00+00:00
[2026-03-19T22:49:08.093+0000] {processor.py:208} INFO - Processing /home/airflow/.local/lib/python3.12/site-packages/airflow/example_dags/example_nested_branch_dag.py took 0.072 seconds
[2026-03-19T22:49:38.574+0000] {processor.py:186} INFO - Started process (PID=279) to work on /home/airflow/.local/lib/python3.12/site-packages/airflow/example_dags/example_nested_branch_dag.py
[2026-03-19T22:49:38.574+0000] {processor.py:914} INFO - Processing file /home/airflow/.local/lib/python3.12/site-packages/airflow/example_dags/example_nested_branch_dag.py for tasks to queue
[2026-03-19T22:49:38.576+0000] {logging_mixin.py:190} INFO - [2026-03-19T22:49:38.576+0000] {dagbag.py:588} INFO - Filling up the DagBag from /home/airflow/.local/lib/python3.12/site-packages/airflow/example_dags/example_nested_branch_dag.py
[2026-03-19T22:49:38.585+0000] {processor.py:925} INFO - DAG(s) 'example_nested_branch_dag' retrieved from /home/airflow/.local/lib/python3.12/site-packages/airflow/example_dags/example_nested_branch_dag.py
[2026-03-19T22:49:38.602+0000] {logging_mixin.py:190} INFO - [2026-03-19T22:49:38.602+0000] {dag.py:3239} INFO - Sync 1 DAGs
[2026-03-19T22:49:38.621+0000] {logging_mixin.py:190} INFO - [2026-03-19T22:49:38.621+0000] {dag.py:4180} INFO - Setting next_dagrun for example_nested_branch_dag to 2026-03-18 00:00:00+00:00, run_after=2026-03-19 00:00:00+00:00
[2026-03-19T22:49:38.641+0000] {processor.py:208} INFO - Processing /home/airflow/.local/lib/python3.12/site-packages/airflow/example_dags/example_nested_branch_dag.py took 0.072 seconds
[2026-03-19T22:50:08.970+0000] {processor.py:186} INFO - Started process (PID=337) to work on /home/airflow/.local/lib/python3.12/site-packages/airflow/example_dags/example_nested_branch_dag.py
[2026-03-19T22:50:08.971+0000] {processor.py:914} INFO - Processing file /home/airflow/.local/lib/python3.12/site-packages/airflow/example_dags/example_nested_branch_dag.py for tasks to queue
[2026-03-19T22:50:08.973+0000] {logging_mixin.py:190} INFO - [2026-03-19T22:50:08.973+0000] {dagbag.py:588} INFO - Filling up the DagBag from /home/airflow/.local/lib/python3.12/site-packages/airflow/example_dags/example_nested_branch_dag.py
[2026-03-19T22:50:08.982+0000] {processor.py:925} INFO - DAG(s) 'example_nested_branch_dag' retrieved from /home/airflow/.local/lib/python3.12/site-packages/airflow/example_dags/example_nested_branch_dag.py
[2026-03-19T22:50:09.000+0000] {logging_mixin.py:190} INFO - [2026-03-19T22:50:09.000+0000] {dag.py:3239} INFO - Sync 1 DAGs
[2026-03-19T22:50:09.022+0000] {logging_mixin.py:190} INFO - [2026-03-19T22:50:09.022+0000] {dag.py:4180} INFO - Setting next_dagrun for example_nested_branch_dag to 2026-03-18 00:00:00+00:00, run_after=2026-03-19 00:00:00+00:00
[2026-03-19T22:50:09.042+0000] {processor.py:208} INFO - Processing /home/airflow/.local/lib/python3.12/site-packages/airflow/example_dags/example_nested_branch_dag.py took 0.077 seconds
[2026-03-19T22:50:39.417+0000] {processor.py:186} INFO - Started process (PID=397) to work on /home/airflow/.local/lib/python3.12/site-packages/airflow/example_dags/example_nested_branch_dag.py
[2026-03-19T22:50:39.418+0000] {processor.py:914} INFO - Processing file /home/airflow/.local/lib/python3.12/site-packages/airflow/example_dags/example_nested_branch_dag.py for tasks to queue
[2026-03-19T22:50:39.420+0000] {logging_mixin.py:190} INFO - [2026-03-19T22:50:39.419+0000] {dagbag.py:588} INFO - Filling up the DagBag from /home/airflow/.local/lib/python3.12/site-packages/airflow/example_dags/example_nested_branch_dag.py
[2026-03-19T22:50:39.430+0000] {processor.py:925} INFO - DAG(s) 'example_nested_branch_dag' retrieved from /home/airflow/.local/lib/python3.12/site-packages/airflow/example_dags/example_nested_branch_dag.py
[2026-03-19T22:50:39.447+0000] {logging_mixin.py:190} INFO - [2026-03-19T22:50:39.447+0000] {dag.py:3239} INFO - Sync 1 DAGs
[2026-03-19T22:50:39.468+0000] {logging_mixin.py:190} INFO - [2026-03-19T22:50:39.468+0000] {dag.py:4180} INFO - Setting next_dagrun for example_nested_branch_dag to 2026-03-18 00:00:00+00:00, run_after=2026-03-19 00:00:00+00:00
[2026-03-19T22:50:39.486+0000] {processor.py:208} INFO - Processing /home/airflow/.local/lib/python3.12/site-packages/airflow/example_dags/example_nested_branch_dag.py took 0.074 seconds
[2026-03-19T22:51:09.910+0000] {processor.py:186} INFO - Started process (PID=455) to work on /home/airflow/.local/lib/python3.12/site-packages/airflow/example_dags/example_nested_branch_dag.py
[2026-03-19T22:51:09.910+0000] {processor.py:914} INFO - Processing file /home/airflow/.local/lib/python3.12/site-packages/airflow/example_dags/example_nested_branch_dag.py for tasks to queue
[2026-03-19T22:51:09.913+0000] {logging_mixin.py:190} INFO - [2026-03-19T22:51:09.912+0000] {dagbag.py:588} INFO - Filling up the DagBag from /home/airflow/.local/lib/python3.12/site-packages/airflow/example_dags/example_nested_branch_dag.py
[2026-03-19T22:51:09.924+0000] {processor.py:925} INFO - DAG(s) 'example_nested_branch_dag' retrieved from /home/airflow/.local/lib/python3.12/site-packages/airflow/example_dags/example_nested_branch_dag.py
[2026-03-19T22:51:09.942+0000] {logging_mixin.py:190} INFO - [2026-03-19T22:51:09.942+0000] {dag.py:3239} INFO - Sync 1 DAGs
[2026-03-19T22:51:09.967+0000] {logging_mixin.py:190} INFO - [2026-03-19T22:51:09.967+0000] {dag.py:4180} INFO - Setting next_dagrun for example_nested_branch_dag to 2026-03-18 00:00:00+00:00, run_after=2026-03-19 00:00:00+00:00
[2026-03-19T22:51:09.991+0000] {processor.py:208} INFO - Processing /home/airflow/.local/lib/python3.12/site-packages/airflow/example_dags/example_nested_branch_dag.py took 0.086 seconds
[2026-03-19T22:51:40.749+0000] {processor.py:186} INFO - Started process (PID=513) to work on /home/airflow/.local/lib/python3.12/site-packages/airflow/example_dags/example_nested_branch_dag.py
[2026-03-19T22:51:40.749+0000] {processor.py:914} INFO - Processing file /home/airflow/.local/lib/python3.12/site-packages/airflow/example_dags/example_nested_branch_dag.py for tasks to queue
[2026-03-19T22:51:40.751+0000] {logging_mixin.py:190} INFO - [2026-03-19T22:51:40.751+0000] {dagbag.py:588} INFO - Filling up the DagBag from /home/airflow/.local/lib/python3.12/site-packages/airflow/example_dags/example_nested_branch_dag.py
[2026-03-19T22:51:40.761+0000] {processor.py:925} INFO - DAG(s) 'example_nested_branch_dag' retrieved from /home/airflow/.local/lib/python3.12/site-packages/airflow/example_dags/example_nested_branch_dag.py
[2026-03-19T22:51:40.779+0000] {logging_mixin.py:190} INFO - [2026-03-19T22:51:40.779+0000] {dag.py:3239} INFO - Sync 1 DAGs
[2026-03-19T22:51:40.798+0000] {logging_mixin.py:190} INFO - [2026-03-19T22:51:40.798+0000] {dag.py:4180} INFO - Setting next_dagrun for example_nested_branch_dag to 2026-03-18 00:00:00+00:00, run_after=2026-03-19 00:00:00+00:00
[2026-03-19T22:51:40.820+0000] {processor.py:208} INFO - Processing /home/airflow/.local/lib/python3.12/site-packages/airflow/example_dags/example_nested_branch_dag.py took 0.076 seconds
[2026-03-19T22:52:11.310+0000] {processor.py:186} INFO - Started process (PID=571) to work on /home/airflow/.local/lib/python3.12/site-packages/airflow/example_dags/example_nested_branch_dag.py
[2026-03-19T22:52:11.312+0000] {processor.py:914} INFO - Processing file /home/airflow/.local/lib/python3.12/site-packages/airflow/example_dags/example_nested_branch_dag.py for tasks to queue
[2026-03-19T22:52:11.315+0000] {logging_mixin.py:190} INFO - [2026-03-19T22:52:11.315+0000] {dagbag.py:588} INFO - Filling up the DagBag from /home/airflow/.local/lib/python3.12/site-packages/airflow/example_dags/example_nested_branch_dag.py
[2026-03-19T22:52:11.331+0000] {processor.py:925} INFO - DAG(s) 'example_nested_branch_dag' retrieved from /home/airflow/.local/lib/python3.12/site-packages/airflow/example_dags/example_nested_branch_dag.py
[2026-03-19T22:52:11.352+0000] {logging_mixin.py:190} INFO - [2026-03-19T22:52:11.352+0000] {dag.py:3239} INFO - Sync 1 DAGs
[2026-03-19T22:52:11.374+0000] {logging_mixin.py:190} INFO - [2026-03-19T22:52:11.374+0000] {dag.py:4180} INFO - Setting next_dagrun for example_nested_branch_dag to 2026-03-18 00:00:00+00:00, run_after=2026-03-19 00:00:00+00:00
[2026-03-19T22:52:11.393+0000] {processor.py:208} INFO - Processing /home/airflow/.local/lib/python3.12/site-packages/airflow/example_dags/example_nested_branch_dag.py took 0.095 seconds
[2026-03-19T22:52:41.781+0000] {processor.py:186} INFO - Started process (PID=629) to work on /home/airflow/.local/lib/python3.12/site-packages/airflow/example_dags/example_nested_branch_dag.py
[2026-03-19T22:52:41.781+0000] {processor.py:914} INFO - Processing file /home/airflow/.local/lib/python3.12/site-packages/airflow/example_dags/example_nested_branch_dag.py for tasks to queue
[2026-03-19T22:52:41.783+0000] {logging_mixin.py:190} INFO - [2026-03-19T22:52:41.783+0000] {dagbag.py:588} INFO - Filling up the DagBag from /home/airflow/.local/lib/python3.12/site-packages/airflow/example_dags/example_nested_branch_dag.py
[2026-03-19T22:52:41.793+0000] {processor.py:925} INFO - DAG(s) 'example_nested_branch_dag' retrieved from /home/airflow/.local/lib/python3.12/site-packages/airflow/example_dags/example_nested_branch_dag.py
[2026-03-19T22:52:41.809+0000] {logging_mixin.py:190} INFO - [2026-03-19T22:52:41.809+0000] {dag.py:3239} INFO - Sync 1 DAGs
[2026-03-19T22:52:41.833+0000] {logging_mixin.py:190} INFO - [2026-03-19T22:52:41.832+0000] {dag.py:4180} INFO - Setting next_dagrun for example_nested_branch_dag to 2026-03-18 00:00:00+00:00, run_after=2026-03-19 00:00:00+00:00
[2026-03-19T22:52:41.854+0000] {processor.py:208} INFO - Processing /home/airflow/.local/lib/python3.12/site-packages/airflow/example_dags/example_nested_branch_dag.py took 0.078 seconds
[2026-03-19T22:53:12.133+0000] {processor.py:186} INFO - Started process (PID=687) to work on /home/airflow/.local/lib/python3.12/site-packages/airflow/example_dags/example_nested_branch_dag.py
[2026-03-19T22:53:12.134+0000] {processor.py:914} INFO - Processing file /home/airflow/.local/lib/python3.12/site-packages/airflow/example_dags/example_nested_branch_dag.py for tasks to queue
[2026-03-19T22:53:12.137+0000] {logging_mixin.py:190} INFO - [2026-03-19T22:53:12.136+0000] {dagbag.py:588} INFO - Filling up the DagBag from /home/airflow/.local/lib/python3.12/site-packages/airflow/example_dags/example_nested_branch_dag.py
[2026-03-19T22:53:12.146+0000] {processor.py:925} INFO - DAG(s) 'example_nested_branch_dag' retrieved from /home/airflow/.local/lib/python3.12/site-packages/airflow/example_dags/example_nested_branch_dag.py
[2026-03-19T22:53:12.163+0000] {logging_mixin.py:190} INFO - [2026-03-19T22:53:12.163+0000] {dag.py:3239} INFO - Sync 1 DAGs
[2026-03-19T22:53:12.183+0000] {logging_mixin.py:190} INFO - [2026-03-19T22:53:12.183+0000] {dag.py:4180} INFO - Setting next_dagrun for example_nested_branch_dag to 2026-03-18 00:00:00+00:00, run_after=2026-03-19 00:00:00+00:00
[2026-03-19T22:53:12.206+0000] {processor.py:208} INFO - Processing /home/airflow/.local/lib/python3.12/site-packages/airflow/example_dags/example_nested_branch_dag.py took 0.078 seconds
[2026-03-19T22:53:42.586+0000] {processor.py:186} INFO - Started process (PID=745) to work on /home/airflow/.local/lib/python3.12/site-packages/airflow/example_dags/example_nested_branch_dag.py
[2026-03-19T22:53:42.587+0000] {processor.py:914} INFO - Processing file /home/airflow/.local/lib/python3.12/site-packages/airflow/example_dags/example_nested_branch_dag.py for tasks to queue
[2026-03-19T22:53:42.590+0000] {logging_mixin.py:190} INFO - [2026-03-19T22:53:42.589+0000] {dagbag.py:588} INFO - Filling up the DagBag from /home/airflow/.local/lib/python3.12/site-packages/airflow/example_dags/example_nested_branch_dag.py
[2026-03-19T22:53:42.599+0000] {processor.py:925} INFO - DAG(s) 'example_nested_branch_dag' retrieved from /home/airflow/.local/lib/python3.12/site-packages/airflow/example_dags/example_nested_branch_dag.py
[2026-03-19T22:53:42.616+0000] {logging_mixin.py:190} INFO - [2026-03-19T22:53:42.616+0000] {dag.py:3239} INFO - Sync 1 DAGs
[2026-03-19T22:53:42.639+0000] {logging_mixin.py:190} INFO - [2026-03-19T22:53:42.638+0000] {dag.py:4180} INFO - Setting next_dagrun for example_nested_branch_dag to 2026-03-18 00:00:00+00:00, run_after=2026-03-19 00:00:00+00:00
[2026-03-19T22:53:42.660+0000] {processor.py:208} INFO - Processing /home/airflow/.local/lib/python3.12/site-packages/airflow/example_dags/example_nested_branch_dag.py took 0.079 seconds
[2026-03-19T22:54:13.122+0000] {processor.py:186} INFO - Started process (PID=803) to work on /home/airflow/.local/lib/python3.12/site-packages/airflow/example_dags/example_nested_branch_dag.py
[2026-03-19T22:54:13.123+0000] {processor.py:914} INFO - Processing file /home/airflow/.local/lib/python3.12/site-packages/airflow/example_dags/example_nested_branch_dag.py for tasks to queue
[2026-03-19T22:54:13.126+0000] {logging_mixin.py:190} INFO - [2026-03-19T22:54:13.126+0000] {dagbag.py:588} INFO - Filling up the DagBag from /home/airflow/.local/lib/python3.12/site-packages/airflow/example_dags/example_nested_branch_dag.py
[2026-03-19T22:54:13.137+0000] {processor.py:925} INFO - DAG(s) 'example_nested_branch_dag' retrieved from /home/airflow/.local/lib/python3.12/site-packages/airflow/example_dags/example_nested_branch_dag.py
[2026-03-19T22:54:13.157+0000] {logging_mixin.py:190} INFO - [2026-03-19T22:54:13.156+0000] {dag.py:3239} INFO - Sync 1 DAGs
[2026-03-19T22:54:13.178+0000] {logging_mixin.py:190} INFO - [2026-03-19T22:54:13.177+0000] {dag.py:4180} INFO - Setting next_dagrun for example_nested_branch_dag to 2026-03-18 00:00:00+00:00, run_after=2026-03-19 00:00:00+00:00
[2026-03-19T22:54:13.196+0000] {processor.py:208} INFO - Processing /home/airflow/.local/lib/python3.12/site-packages/airflow/example_dags/example_nested_branch_dag.py took 0.080 seconds
[2026-03-19T22:54:43.297+0000] {processor.py:186} INFO - Started process (PID=861) to work on /home/airflow/.local/lib/python3.12/site-packages/airflow/example_dags/example_nested_branch_dag.py
[2026-03-19T22:54:43.298+0000] {processor.py:914} INFO - Processing file /home/airflow/.local/lib/python3.12/site-packages/airflow/example_dags/example_nested_branch_dag.py for tasks to queue
[2026-03-19T22:54:43.300+0000] {logging_mixin.py:190} INFO - [2026-03-19T22:54:43.299+0000] {dagbag.py:588} INFO - Filling up the DagBag from /home/airflow/.local/lib/python3.12/site-packages/airflow/example_dags/example_nested_branch_dag.py
[2026-03-19T22:54:43.309+0000] {processor.py:925} INFO - DAG(s) 'example_nested_branch_dag' retrieved from /home/airflow/.local/lib/python3.12/site-packages/airflow/example_dags/example_nested_branch_dag.py
[2026-03-19T22:54:43.326+0000] {logging_mixin.py:190} INFO - [2026-03-19T22:54:43.325+0000] {dag.py:3239} INFO - Sync 1 DAGs
[2026-03-19T22:54:43.345+0000] {logging_mixin.py:190} INFO - [2026-03-19T22:54:43.344+0000] {dag.py:4180} INFO - Setting next_dagrun for example_nested_branch_dag to 2026-03-18 00:00:00+00:00, run_after=2026-03-19 00:00:00+00:00
[2026-03-19T22:54:43.371+0000] {processor.py:208} INFO - Processing /home/airflow/.local/lib/python3.12/site-packages/airflow/example_dags/example_nested_branch_dag.py took 0.079 seconds
[2026-03-19T22:55:13.608+0000] {processor.py:186} INFO - Started process (PID=919) to work on /home/airflow/.local/lib/python3.12/site-packages/airflow/example_dags/example_nested_branch_dag.py
[2026-03-19T22:55:13.609+0000] {processor.py:914} INFO - Processing file /home/airflow/.local/lib/python3.12/site-packages/airflow/example_dags/example_nested_branch_dag.py for tasks to queue
[2026-03-19T22:55:13.611+0000] {logging_mixin.py:190} INFO - [2026-03-19T22:55:13.611+0000] {dagbag.py:588} INFO - Filling up the DagBag from /home/airflow/.local/lib/python3.12/site-packages/airflow/example_dags/example_nested_branch_dag.py
[2026-03-19T22:55:13.621+0000] {processor.py:925} INFO - DAG(s) 'example_nested_branch_dag' retrieved from /home/airflow/.local/lib/python3.12/site-packages/airflow/example_dags/example_nested_branch_dag.py
[2026-03-19T22:55:13.638+0000] {logging_mixin.py:190} INFO - [2026-03-19T22:55:13.638+0000] {dag.py:3239} INFO - Sync 1 DAGs
[2026-03-19T22:55:13.657+0000] {logging_mixin.py:190} INFO - [2026-03-19T22:55:13.657+0000] {dag.py:4180} INFO - Setting next_dagrun for example_nested_branch_dag to 2026-03-18 00:00:00+00:00, run_after=2026-03-19 00:00:00+00:00
[2026-03-19T22:55:13.674+0000] {processor.py:208} INFO - Processing /home/airflow/.local/lib/python3.12/site-packages/airflow/example_dags/example_nested_branch_dag.py took 0.071 seconds
