[2026-03-19T22:36:43.530+0000] {processor.py:186} INFO - Started process (PID=57) to work on /home/airflow/.local/lib/python3.12/site-packages/airflow/example_dags/example_bash_decorator.py
[2026-03-19T22:36:43.531+0000] {processor.py:914} INFO - Processing file /home/airflow/.local/lib/python3.12/site-packages/airflow/example_dags/example_bash_decorator.py for tasks to queue
[2026-03-19T22:36:43.533+0000] {logging_mixin.py:190} INFO - [2026-03-19T22:36:43.533+0000] {dagbag.py:588} INFO - Filling up the DagBag from /home/airflow/.local/lib/python3.12/site-packages/airflow/example_dags/example_bash_decorator.py
[2026-03-19T22:36:43.553+0000] {processor.py:925} INFO - DAG(s) 'example_bash_decorator' retrieved from /home/airflow/.local/lib/python3.12/site-packages/airflow/example_dags/example_bash_decorator.py
[2026-03-19T22:36:43.781+0000] {logging_mixin.py:190} INFO - [2026-03-19T22:36:43.779+0000] {override.py:1911} INFO - Created Permission View: can read on DAG:example_bash_decorator
[2026-03-19T22:36:43.844+0000] {logging_mixin.py:190} INFO - [2026-03-19T22:36:43.843+0000] {override.py:1911} INFO - Created Permission View: can delete on DAG:example_bash_decorator
[2026-03-19T22:36:43.913+0000] {logging_mixin.py:190} INFO - [2026-03-19T22:36:43.912+0000] {override.py:1911} INFO - Created Permission View: can edit on DAG:example_bash_decorator
[2026-03-19T22:36:44.072+0000] {logging_mixin.py:190} INFO - [2026-03-19T22:36:44.072+0000] {override.py:1911} INFO - Created Permission View: can read on DAG Run:example_bash_decorator
[2026-03-19T22:36:44.151+0000] {logging_mixin.py:190} INFO - [2026-03-19T22:36:44.150+0000] {override.py:1911} INFO - Created Permission View: can create on DAG Run:example_bash_decorator
[2026-03-19T22:36:44.233+0000] {logging_mixin.py:190} INFO - [2026-03-19T22:36:44.232+0000] {override.py:1911} INFO - Created Permission View: menu access on DAG Run:example_bash_decorator
[2026-03-19T22:36:44.292+0000] {logging_mixin.py:190} INFO - [2026-03-19T22:36:44.292+0000] {override.py:1911} INFO - Created Permission View: can delete on DAG Run:example_bash_decorator
[2026-03-19T22:36:44.293+0000] {logging_mixin.py:190} INFO - [2026-03-19T22:36:44.293+0000] {dag.py:3239} INFO - Sync 1 DAGs
[2026-03-19T22:36:44.306+0000] {logging_mixin.py:190} INFO - [2026-03-19T22:36:44.306+0000] {dag.py:3262} INFO - Creating ORM DAG for example_bash_decorator
[2026-03-19T22:36:44.307+0000] {logging_mixin.py:190} INFO - [2026-03-19T22:36:44.307+0000] {dag.py:4180} INFO - Setting next_dagrun for example_bash_decorator to None, run_after=None
[2026-03-19T22:36:44.347+0000] {processor.py:208} INFO - Processing /home/airflow/.local/lib/python3.12/site-packages/airflow/example_dags/example_bash_decorator.py took 0.822 seconds
[2026-03-19T22:37:14.555+0000] {processor.py:186} INFO - Started process (PID=115) to work on /home/airflow/.local/lib/python3.12/site-packages/airflow/example_dags/example_bash_decorator.py
[2026-03-19T22:37:14.558+0000] {processor.py:914} INFO - Processing file /home/airflow/.local/lib/python3.12/site-packages/airflow/example_dags/example_bash_decorator.py for tasks to queue
[2026-03-19T22:37:14.561+0000] {logging_mixin.py:190} INFO - [2026-03-19T22:37:14.560+0000] {dagbag.py:588} INFO - Filling up the DagBag from /home/airflow/.local/lib/python3.12/site-packages/airflow/example_dags/example_bash_decorator.py
[2026-03-19T22:37:14.578+0000] {processor.py:925} INFO - DAG(s) 'example_bash_decorator' retrieved from /home/airflow/.local/lib/python3.12/site-packages/airflow/example_dags/example_bash_decorator.py
[2026-03-19T22:37:14.605+0000] {logging_mixin.py:190} INFO - [2026-03-19T22:37:14.605+0000] {dag.py:3239} INFO - Sync 1 DAGs
[2026-03-19T22:37:14.622+0000] {logging_mixin.py:190} INFO - [2026-03-19T22:37:14.621+0000] {dag.py:4180} INFO - Setting next_dagrun for example_bash_decorator to None, run_after=None
[2026-03-19T22:37:14.654+0000] {processor.py:208} INFO - Processing /home/airflow/.local/lib/python3.12/site-packages/airflow/example_dags/example_bash_decorator.py took 0.106 seconds
[2026-03-19T22:40:45.926+0000] {processor.py:186} INFO - Started process (PID=173) to work on /home/airflow/.local/lib/python3.12/site-packages/airflow/example_dags/example_bash_decorator.py
[2026-03-19T22:40:45.928+0000] {processor.py:914} INFO - Processing file /home/airflow/.local/lib/python3.12/site-packages/airflow/example_dags/example_bash_decorator.py for tasks to queue
[2026-03-19T22:40:45.931+0000] {logging_mixin.py:190} INFO - [2026-03-19T22:40:45.930+0000] {dagbag.py:588} INFO - Filling up the DagBag from /home/airflow/.local/lib/python3.12/site-packages/airflow/example_dags/example_bash_decorator.py
[2026-03-19T22:40:45.950+0000] {processor.py:925} INFO - DAG(s) 'example_bash_decorator' retrieved from /home/airflow/.local/lib/python3.12/site-packages/airflow/example_dags/example_bash_decorator.py
[2026-03-19T22:40:45.991+0000] {logging_mixin.py:190} INFO - [2026-03-19T22:40:45.991+0000] {dag.py:3239} INFO - Sync 1 DAGs
[2026-03-19T22:40:46.011+0000] {logging_mixin.py:190} INFO - [2026-03-19T22:40:46.011+0000] {dag.py:4180} INFO - Setting next_dagrun for example_bash_decorator to None, run_after=None
[2026-03-19T22:40:46.043+0000] {processor.py:208} INFO - Processing /home/airflow/.local/lib/python3.12/site-packages/airflow/example_dags/example_bash_decorator.py took 0.124 seconds
[2026-03-19T22:45:33.243+0000] {processor.py:186} INFO - Started process (PID=208) to work on /home/airflow/.local/lib/python3.12/site-packages/airflow/example_dags/example_bash_decorator.py
[2026-03-19T22:45:33.253+0000] {processor.py:914} INFO - Processing file /home/airflow/.local/lib/python3.12/site-packages/airflow/example_dags/example_bash_decorator.py for tasks to queue
[2026-03-19T22:45:33.265+0000] {logging_mixin.py:190} INFO - [2026-03-19T22:45:33.259+0000] {dagbag.py:588} INFO - Filling up the DagBag from /home/airflow/.local/lib/python3.12/site-packages/airflow/example_dags/example_bash_decorator.py
[2026-03-19T22:45:33.463+0000] {processor.py:925} INFO - DAG(s) 'example_bash_decorator' retrieved from /home/airflow/.local/lib/python3.12/site-packages/airflow/example_dags/example_bash_decorator.py
[2026-03-19T22:45:33.608+0000] {logging_mixin.py:190} INFO - [2026-03-19T22:45:33.608+0000] {dag.py:3239} INFO - Sync 1 DAGs
[2026-03-19T22:45:33.678+0000] {logging_mixin.py:190} INFO - [2026-03-19T22:45:33.677+0000] {dag.py:4180} INFO - Setting next_dagrun for example_bash_decorator to None, run_after=None
[2026-03-19T22:45:33.735+0000] {processor.py:208} INFO - Processing /home/airflow/.local/lib/python3.12/site-packages/airflow/example_dags/example_bash_decorator.py took 0.558 seconds
[2026-03-19T22:47:37.567+0000] {processor.py:186} INFO - Started process (PID=57) to work on /home/airflow/.local/lib/python3.12/site-packages/airflow/example_dags/example_bash_decorator.py
[2026-03-19T22:47:37.570+0000] {processor.py:914} INFO - Processing file /home/airflow/.local/lib/python3.12/site-packages/airflow/example_dags/example_bash_decorator.py for tasks to queue
[2026-03-19T22:47:37.572+0000] {logging_mixin.py:190} INFO - [2026-03-19T22:47:37.572+0000] {dagbag.py:588} INFO - Filling up the DagBag from /home/airflow/.local/lib/python3.12/site-packages/airflow/example_dags/example_bash_decorator.py
[2026-03-19T22:47:37.588+0000] {processor.py:925} INFO - DAG(s) 'example_bash_decorator' retrieved from /home/airflow/.local/lib/python3.12/site-packages/airflow/example_dags/example_bash_decorator.py
[2026-03-19T22:47:37.681+0000] {logging_mixin.py:190} INFO - [2026-03-19T22:47:37.680+0000] {override.py:1911} INFO - Created Permission View: can delete on DAG:example_bash_decorator
[2026-03-19T22:47:37.693+0000] {logging_mixin.py:190} INFO - [2026-03-19T22:47:37.693+0000] {override.py:1911} INFO - Created Permission View: can edit on DAG:example_bash_decorator
[2026-03-19T22:47:37.706+0000] {logging_mixin.py:190} INFO - [2026-03-19T22:47:37.706+0000] {override.py:1911} INFO - Created Permission View: can read on DAG:example_bash_decorator
[2026-03-19T22:47:37.728+0000] {logging_mixin.py:190} INFO - [2026-03-19T22:47:37.727+0000] {override.py:1911} INFO - Created Permission View: can create on DAG Run:example_bash_decorator
[2026-03-19T22:47:37.739+0000] {logging_mixin.py:190} INFO - [2026-03-19T22:47:37.739+0000] {override.py:1911} INFO - Created Permission View: can delete on DAG Run:example_bash_decorator
[2026-03-19T22:47:37.748+0000] {logging_mixin.py:190} INFO - [2026-03-19T22:47:37.748+0000] {override.py:1911} INFO - Created Permission View: menu access on DAG Run:example_bash_decorator
[2026-03-19T22:47:37.757+0000] {logging_mixin.py:190} INFO - [2026-03-19T22:47:37.757+0000] {override.py:1911} INFO - Created Permission View: can read on DAG Run:example_bash_decorator
[2026-03-19T22:47:37.757+0000] {logging_mixin.py:190} INFO - [2026-03-19T22:47:37.757+0000] {dag.py:3239} INFO - Sync 1 DAGs
[2026-03-19T22:47:37.768+0000] {logging_mixin.py:190} INFO - [2026-03-19T22:47:37.767+0000] {dag.py:3262} INFO - Creating ORM DAG for example_bash_decorator
[2026-03-19T22:47:37.768+0000] {logging_mixin.py:190} INFO - [2026-03-19T22:47:37.768+0000] {dag.py:4180} INFO - Setting next_dagrun for example_bash_decorator to None, run_after=None
[2026-03-19T22:47:37.788+0000] {processor.py:208} INFO - Processing /home/airflow/.local/lib/python3.12/site-packages/airflow/example_dags/example_bash_decorator.py took 0.225 seconds
[2026-03-19T22:48:08.342+0000] {processor.py:186} INFO - Started process (PID=115) to work on /home/airflow/.local/lib/python3.12/site-packages/airflow/example_dags/example_bash_decorator.py
[2026-03-19T22:48:08.343+0000] {processor.py:914} INFO - Processing file /home/airflow/.local/lib/python3.12/site-packages/airflow/example_dags/example_bash_decorator.py for tasks to queue
[2026-03-19T22:48:08.344+0000] {logging_mixin.py:190} INFO - [2026-03-19T22:48:08.344+0000] {dagbag.py:588} INFO - Filling up the DagBag from /home/airflow/.local/lib/python3.12/site-packages/airflow/example_dags/example_bash_decorator.py
[2026-03-19T22:48:08.357+0000] {processor.py:925} INFO - DAG(s) 'example_bash_decorator' retrieved from /home/airflow/.local/lib/python3.12/site-packages/airflow/example_dags/example_bash_decorator.py
[2026-03-19T22:48:08.376+0000] {logging_mixin.py:190} INFO - [2026-03-19T22:48:08.376+0000] {dag.py:3239} INFO - Sync 1 DAGs
[2026-03-19T22:48:08.388+0000] {logging_mixin.py:190} INFO - [2026-03-19T22:48:08.388+0000] {dag.py:4180} INFO - Setting next_dagrun for example_bash_decorator to None, run_after=None
[2026-03-19T22:48:08.416+0000] {processor.py:208} INFO - Processing /home/airflow/.local/lib/python3.12/site-packages/airflow/example_dags/example_bash_decorator.py took 0.079 seconds
[2026-03-19T22:48:38.997+0000] {processor.py:186} INFO - Started process (PID=173) to work on /home/airflow/.local/lib/python3.12/site-packages/airflow/example_dags/example_bash_decorator.py
[2026-03-19T22:48:38.998+0000] {processor.py:914} INFO - Processing file /home/airflow/.local/lib/python3.12/site-packages/airflow/example_dags/example_bash_decorator.py for tasks to queue
[2026-03-19T22:48:38.999+0000] {logging_mixin.py:190} INFO - [2026-03-19T22:48:38.999+0000] {dagbag.py:588} INFO - Filling up the DagBag from /home/airflow/.local/lib/python3.12/site-packages/airflow/example_dags/example_bash_decorator.py
[2026-03-19T22:48:39.012+0000] {processor.py:925} INFO - DAG(s) 'example_bash_decorator' retrieved from /home/airflow/.local/lib/python3.12/site-packages/airflow/example_dags/example_bash_decorator.py
[2026-03-19T22:48:39.030+0000] {logging_mixin.py:190} INFO - [2026-03-19T22:48:39.030+0000] {dag.py:3239} INFO - Sync 1 DAGs
[2026-03-19T22:48:39.042+0000] {logging_mixin.py:190} INFO - [2026-03-19T22:48:39.042+0000] {dag.py:4180} INFO - Setting next_dagrun for example_bash_decorator to None, run_after=None
[2026-03-19T22:48:39.060+0000] {processor.py:208} INFO - Processing /home/airflow/.local/lib/python3.12/site-packages/airflow/example_dags/example_bash_decorator.py took 0.069 seconds
[2026-03-19T22:49:09.593+0000] {processor.py:186} INFO - Started process (PID=231) to work on /home/airflow/.local/lib/python3.12/site-packages/airflow/example_dags/example_bash_decorator.py
[2026-03-19T22:49:09.594+0000] {processor.py:914} INFO - Processing file /home/airflow/.local/lib/python3.12/site-packages/airflow/example_dags/example_bash_decorator.py for tasks to queue
[2026-03-19T22:49:09.596+0000] {logging_mixin.py:190} INFO - [2026-03-19T22:49:09.596+0000] {dagbag.py:588} INFO - Filling up the DagBag from /home/airflow/.local/lib/python3.12/site-packages/airflow/example_dags/example_bash_decorator.py
[2026-03-19T22:49:09.616+0000] {processor.py:925} INFO - DAG(s) 'example_bash_decorator' retrieved from /home/airflow/.local/lib/python3.12/site-packages/airflow/example_dags/example_bash_decorator.py
[2026-03-19T22:49:09.641+0000] {logging_mixin.py:190} INFO - [2026-03-19T22:49:09.640+0000] {dag.py:3239} INFO - Sync 1 DAGs
[2026-03-19T22:49:09.656+0000] {logging_mixin.py:190} INFO - [2026-03-19T22:49:09.655+0000] {dag.py:4180} INFO - Setting next_dagrun for example_bash_decorator to None, run_after=None
[2026-03-19T22:49:09.672+0000] {processor.py:208} INFO - Processing /home/airflow/.local/lib/python3.12/site-packages/airflow/example_dags/example_bash_decorator.py took 0.087 seconds
[2026-03-19T22:49:40.107+0000] {processor.py:186} INFO - Started process (PID=289) to work on /home/airflow/.local/lib/python3.12/site-packages/airflow/example_dags/example_bash_decorator.py
[2026-03-19T22:49:40.108+0000] {processor.py:914} INFO - Processing file /home/airflow/.local/lib/python3.12/site-packages/airflow/example_dags/example_bash_decorator.py for tasks to queue
[2026-03-19T22:49:40.110+0000] {logging_mixin.py:190} INFO - [2026-03-19T22:49:40.110+0000] {dagbag.py:588} INFO - Filling up the DagBag from /home/airflow/.local/lib/python3.12/site-packages/airflow/example_dags/example_bash_decorator.py
[2026-03-19T22:49:40.125+0000] {processor.py:925} INFO - DAG(s) 'example_bash_decorator' retrieved from /home/airflow/.local/lib/python3.12/site-packages/airflow/example_dags/example_bash_decorator.py
[2026-03-19T22:49:40.145+0000] {logging_mixin.py:190} INFO - [2026-03-19T22:49:40.144+0000] {dag.py:3239} INFO - Sync 1 DAGs
[2026-03-19T22:49:40.157+0000] {logging_mixin.py:190} INFO - [2026-03-19T22:49:40.157+0000] {dag.py:4180} INFO - Setting next_dagrun for example_bash_decorator to None, run_after=None
[2026-03-19T22:49:40.176+0000] {processor.py:208} INFO - Processing /home/airflow/.local/lib/python3.12/site-packages/airflow/example_dags/example_bash_decorator.py took 0.074 seconds
[2026-03-19T22:50:10.731+0000] {processor.py:186} INFO - Started process (PID=349) to work on /home/airflow/.local/lib/python3.12/site-packages/airflow/example_dags/example_bash_decorator.py
[2026-03-19T22:50:10.732+0000] {processor.py:914} INFO - Processing file /home/airflow/.local/lib/python3.12/site-packages/airflow/example_dags/example_bash_decorator.py for tasks to queue
[2026-03-19T22:50:10.733+0000] {logging_mixin.py:190} INFO - [2026-03-19T22:50:10.733+0000] {dagbag.py:588} INFO - Filling up the DagBag from /home/airflow/.local/lib/python3.12/site-packages/airflow/example_dags/example_bash_decorator.py
[2026-03-19T22:50:10.746+0000] {processor.py:925} INFO - DAG(s) 'example_bash_decorator' retrieved from /home/airflow/.local/lib/python3.12/site-packages/airflow/example_dags/example_bash_decorator.py
[2026-03-19T22:50:10.766+0000] {logging_mixin.py:190} INFO - [2026-03-19T22:50:10.766+0000] {dag.py:3239} INFO - Sync 1 DAGs
[2026-03-19T22:50:10.779+0000] {logging_mixin.py:190} INFO - [2026-03-19T22:50:10.779+0000] {dag.py:4180} INFO - Setting next_dagrun for example_bash_decorator to None, run_after=None
[2026-03-19T22:50:10.801+0000] {processor.py:208} INFO - Processing /home/airflow/.local/lib/python3.12/site-packages/airflow/example_dags/example_bash_decorator.py took 0.075 seconds
[2026-03-19T22:50:40.937+0000] {processor.py:186} INFO - Started process (PID=407) to work on /home/airflow/.local/lib/python3.12/site-packages/airflow/example_dags/example_bash_decorator.py
[2026-03-19T22:50:40.938+0000] {processor.py:914} INFO - Processing file /home/airflow/.local/lib/python3.12/site-packages/airflow/example_dags/example_bash_decorator.py for tasks to queue
[2026-03-19T22:50:40.940+0000] {logging_mixin.py:190} INFO - [2026-03-19T22:50:40.940+0000] {dagbag.py:588} INFO - Filling up the DagBag from /home/airflow/.local/lib/python3.12/site-packages/airflow/example_dags/example_bash_decorator.py
[2026-03-19T22:50:40.952+0000] {processor.py:925} INFO - DAG(s) 'example_bash_decorator' retrieved from /home/airflow/.local/lib/python3.12/site-packages/airflow/example_dags/example_bash_decorator.py
[2026-03-19T22:50:40.971+0000] {logging_mixin.py:190} INFO - [2026-03-19T22:50:40.971+0000] {dag.py:3239} INFO - Sync 1 DAGs
[2026-03-19T22:50:40.984+0000] {logging_mixin.py:190} INFO - [2026-03-19T22:50:40.983+0000] {dag.py:4180} INFO - Setting next_dagrun for example_bash_decorator to None, run_after=None
[2026-03-19T22:50:41.000+0000] {processor.py:208} INFO - Processing /home/airflow/.local/lib/python3.12/site-packages/airflow/example_dags/example_bash_decorator.py took 0.068 seconds
[2026-03-19T22:51:11.541+0000] {processor.py:186} INFO - Started process (PID=465) to work on /home/airflow/.local/lib/python3.12/site-packages/airflow/example_dags/example_bash_decorator.py
[2026-03-19T22:51:11.543+0000] {processor.py:914} INFO - Processing file /home/airflow/.local/lib/python3.12/site-packages/airflow/example_dags/example_bash_decorator.py for tasks to queue
[2026-03-19T22:51:11.547+0000] {logging_mixin.py:190} INFO - [2026-03-19T22:51:11.546+0000] {dagbag.py:588} INFO - Filling up the DagBag from /home/airflow/.local/lib/python3.12/site-packages/airflow/example_dags/example_bash_decorator.py
[2026-03-19T22:51:11.567+0000] {processor.py:925} INFO - DAG(s) 'example_bash_decorator' retrieved from /home/airflow/.local/lib/python3.12/site-packages/airflow/example_dags/example_bash_decorator.py
[2026-03-19T22:51:11.590+0000] {logging_mixin.py:190} INFO - [2026-03-19T22:51:11.590+0000] {dag.py:3239} INFO - Sync 1 DAGs
[2026-03-19T22:51:11.607+0000] {logging_mixin.py:190} INFO - [2026-03-19T22:51:11.607+0000] {dag.py:4180} INFO - Setting next_dagrun for example_bash_decorator to None, run_after=None
[2026-03-19T22:51:11.630+0000] {processor.py:208} INFO - Processing /home/airflow/.local/lib/python3.12/site-packages/airflow/example_dags/example_bash_decorator.py took 0.095 seconds
[2026-03-19T22:51:42.226+0000] {processor.py:186} INFO - Started process (PID=523) to work on /home/airflow/.local/lib/python3.12/site-packages/airflow/example_dags/example_bash_decorator.py
[2026-03-19T22:51:42.226+0000] {processor.py:914} INFO - Processing file /home/airflow/.local/lib/python3.12/site-packages/airflow/example_dags/example_bash_decorator.py for tasks to queue
[2026-03-19T22:51:42.229+0000] {logging_mixin.py:190} INFO - [2026-03-19T22:51:42.228+0000] {dagbag.py:588} INFO - Filling up the DagBag from /home/airflow/.local/lib/python3.12/site-packages/airflow/example_dags/example_bash_decorator.py
[2026-03-19T22:51:42.242+0000] {processor.py:925} INFO - DAG(s) 'example_bash_decorator' retrieved from /home/airflow/.local/lib/python3.12/site-packages/airflow/example_dags/example_bash_decorator.py
[2026-03-19T22:51:42.266+0000] {logging_mixin.py:190} INFO - [2026-03-19T22:51:42.265+0000] {dag.py:3239} INFO - Sync 1 DAGs
[2026-03-19T22:51:42.281+0000] {logging_mixin.py:190} INFO - [2026-03-19T22:51:42.281+0000] {dag.py:4180} INFO - Setting next_dagrun for example_bash_decorator to None, run_after=None
[2026-03-19T22:51:42.312+0000] {processor.py:208} INFO - Processing /home/airflow/.local/lib/python3.12/site-packages/airflow/example_dags/example_bash_decorator.py took 0.092 seconds
[2026-03-19T22:52:12.900+0000] {processor.py:186} INFO - Started process (PID=581) to work on /home/airflow/.local/lib/python3.12/site-packages/airflow/example_dags/example_bash_decorator.py
[2026-03-19T22:52:12.901+0000] {processor.py:914} INFO - Processing file /home/airflow/.local/lib/python3.12/site-packages/airflow/example_dags/example_bash_decorator.py for tasks to queue
[2026-03-19T22:52:12.902+0000] {logging_mixin.py:190} INFO - [2026-03-19T22:52:12.902+0000] {dagbag.py:588} INFO - Filling up the DagBag from /home/airflow/.local/lib/python3.12/site-packages/airflow/example_dags/example_bash_decorator.py
[2026-03-19T22:52:12.915+0000] {processor.py:925} INFO - DAG(s) 'example_bash_decorator' retrieved from /home/airflow/.local/lib/python3.12/site-packages/airflow/example_dags/example_bash_decorator.py
[2026-03-19T22:52:12.933+0000] {logging_mixin.py:190} INFO - [2026-03-19T22:52:12.932+0000] {dag.py:3239} INFO - Sync 1 DAGs
[2026-03-19T22:52:12.944+0000] {logging_mixin.py:190} INFO - [2026-03-19T22:52:12.944+0000] {dag.py:4180} INFO - Setting next_dagrun for example_bash_decorator to None, run_after=None
[2026-03-19T22:52:12.961+0000] {processor.py:208} INFO - Processing /home/airflow/.local/lib/python3.12/site-packages/airflow/example_dags/example_bash_decorator.py took 0.067 seconds
[2026-03-19T22:52:43.350+0000] {processor.py:186} INFO - Started process (PID=639) to work on /home/airflow/.local/lib/python3.12/site-packages/airflow/example_dags/example_bash_decorator.py
[2026-03-19T22:52:43.351+0000] {processor.py:914} INFO - Processing file /home/airflow/.local/lib/python3.12/site-packages/airflow/example_dags/example_bash_decorator.py for tasks to queue
[2026-03-19T22:52:43.353+0000] {logging_mixin.py:190} INFO - [2026-03-19T22:52:43.353+0000] {dagbag.py:588} INFO - Filling up the DagBag from /home/airflow/.local/lib/python3.12/site-packages/airflow/example_dags/example_bash_decorator.py
[2026-03-19T22:52:43.366+0000] {processor.py:925} INFO - DAG(s) 'example_bash_decorator' retrieved from /home/airflow/.local/lib/python3.12/site-packages/airflow/example_dags/example_bash_decorator.py
[2026-03-19T22:52:43.385+0000] {logging_mixin.py:190} INFO - [2026-03-19T22:52:43.385+0000] {dag.py:3239} INFO - Sync 1 DAGs
[2026-03-19T22:52:43.397+0000] {logging_mixin.py:190} INFO - [2026-03-19T22:52:43.397+0000] {dag.py:4180} INFO - Setting next_dagrun for example_bash_decorator to None, run_after=None
[2026-03-19T22:52:43.416+0000] {processor.py:208} INFO - Processing /home/airflow/.local/lib/python3.12/site-packages/airflow/example_dags/example_bash_decorator.py took 0.071 seconds
[2026-03-19T22:53:13.685+0000] {processor.py:186} INFO - Started process (PID=697) to work on /home/airflow/.local/lib/python3.12/site-packages/airflow/example_dags/example_bash_decorator.py
[2026-03-19T22:53:13.686+0000] {processor.py:914} INFO - Processing file /home/airflow/.local/lib/python3.12/site-packages/airflow/example_dags/example_bash_decorator.py for tasks to queue
[2026-03-19T22:53:13.687+0000] {logging_mixin.py:190} INFO - [2026-03-19T22:53:13.687+0000] {dagbag.py:588} INFO - Filling up the DagBag from /home/airflow/.local/lib/python3.12/site-packages/airflow/example_dags/example_bash_decorator.py
[2026-03-19T22:53:13.700+0000] {processor.py:925} INFO - DAG(s) 'example_bash_decorator' retrieved from /home/airflow/.local/lib/python3.12/site-packages/airflow/example_dags/example_bash_decorator.py
[2026-03-19T22:53:13.718+0000] {logging_mixin.py:190} INFO - [2026-03-19T22:53:13.718+0000] {dag.py:3239} INFO - Sync 1 DAGs
[2026-03-19T22:53:13.730+0000] {logging_mixin.py:190} INFO - [2026-03-19T22:53:13.729+0000] {dag.py:4180} INFO - Setting next_dagrun for example_bash_decorator to None, run_after=None
[2026-03-19T22:53:13.747+0000] {processor.py:208} INFO - Processing /home/airflow/.local/lib/python3.12/site-packages/airflow/example_dags/example_bash_decorator.py took 0.067 seconds
[2026-03-19T22:53:44.072+0000] {processor.py:186} INFO - Started process (PID=755) to work on /home/airflow/.local/lib/python3.12/site-packages/airflow/example_dags/example_bash_decorator.py
[2026-03-19T22:53:44.073+0000] {processor.py:914} INFO - Processing file /home/airflow/.local/lib/python3.12/site-packages/airflow/example_dags/example_bash_decorator.py for tasks to queue
[2026-03-19T22:53:44.074+0000] {logging_mixin.py:190} INFO - [2026-03-19T22:53:44.074+0000] {dagbag.py:588} INFO - Filling up the DagBag from /home/airflow/.local/lib/python3.12/site-packages/airflow/example_dags/example_bash_decorator.py
[2026-03-19T22:53:44.087+0000] {processor.py:925} INFO - DAG(s) 'example_bash_decorator' retrieved from /home/airflow/.local/lib/python3.12/site-packages/airflow/example_dags/example_bash_decorator.py
[2026-03-19T22:53:44.106+0000] {logging_mixin.py:190} INFO - [2026-03-19T22:53:44.105+0000] {dag.py:3239} INFO - Sync 1 DAGs
[2026-03-19T22:53:44.117+0000] {logging_mixin.py:190} INFO - [2026-03-19T22:53:44.117+0000] {dag.py:4180} INFO - Setting next_dagrun for example_bash_decorator to None, run_after=None
[2026-03-19T22:53:44.136+0000] {processor.py:208} INFO - Processing /home/airflow/.local/lib/python3.12/site-packages/airflow/example_dags/example_bash_decorator.py took 0.069 seconds
[2026-03-19T22:54:14.657+0000] {processor.py:186} INFO - Started process (PID=813) to work on /home/airflow/.local/lib/python3.12/site-packages/airflow/example_dags/example_bash_decorator.py
[2026-03-19T22:54:14.658+0000] {processor.py:914} INFO - Processing file /home/airflow/.local/lib/python3.12/site-packages/airflow/example_dags/example_bash_decorator.py for tasks to queue
[2026-03-19T22:54:14.660+0000] {logging_mixin.py:190} INFO - [2026-03-19T22:54:14.659+0000] {dagbag.py:588} INFO - Filling up the DagBag from /home/airflow/.local/lib/python3.12/site-packages/airflow/example_dags/example_bash_decorator.py
[2026-03-19T22:54:14.672+0000] {processor.py:925} INFO - DAG(s) 'example_bash_decorator' retrieved from /home/airflow/.local/lib/python3.12/site-packages/airflow/example_dags/example_bash_decorator.py
[2026-03-19T22:54:14.691+0000] {logging_mixin.py:190} INFO - [2026-03-19T22:54:14.691+0000] {dag.py:3239} INFO - Sync 1 DAGs
[2026-03-19T22:54:14.703+0000] {logging_mixin.py:190} INFO - [2026-03-19T22:54:14.703+0000] {dag.py:4180} INFO - Setting next_dagrun for example_bash_decorator to None, run_after=None
[2026-03-19T22:54:14.723+0000] {processor.py:208} INFO - Processing /home/airflow/.local/lib/python3.12/site-packages/airflow/example_dags/example_bash_decorator.py took 0.071 seconds
[2026-03-19T22:54:44.991+0000] {processor.py:186} INFO - Started process (PID=871) to work on /home/airflow/.local/lib/python3.12/site-packages/airflow/example_dags/example_bash_decorator.py
[2026-03-19T22:54:44.992+0000] {processor.py:914} INFO - Processing file /home/airflow/.local/lib/python3.12/site-packages/airflow/example_dags/example_bash_decorator.py for tasks to queue
[2026-03-19T22:54:44.994+0000] {logging_mixin.py:190} INFO - [2026-03-19T22:54:44.993+0000] {dagbag.py:588} INFO - Filling up the DagBag from /home/airflow/.local/lib/python3.12/site-packages/airflow/example_dags/example_bash_decorator.py
[2026-03-19T22:54:45.007+0000] {processor.py:925} INFO - DAG(s) 'example_bash_decorator' retrieved from /home/airflow/.local/lib/python3.12/site-packages/airflow/example_dags/example_bash_decorator.py
[2026-03-19T22:54:45.026+0000] {logging_mixin.py:190} INFO - [2026-03-19T22:54:45.026+0000] {dag.py:3239} INFO - Sync 1 DAGs
[2026-03-19T22:54:45.038+0000] {logging_mixin.py:190} INFO - [2026-03-19T22:54:45.038+0000] {dag.py:4180} INFO - Setting next_dagrun for example_bash_decorator to None, run_after=None
[2026-03-19T22:54:45.057+0000] {processor.py:208} INFO - Processing /home/airflow/.local/lib/python3.12/site-packages/airflow/example_dags/example_bash_decorator.py took 0.071 seconds
[2026-03-19T22:55:15.184+0000] {processor.py:186} INFO - Started process (PID=929) to work on /home/airflow/.local/lib/python3.12/site-packages/airflow/example_dags/example_bash_decorator.py
[2026-03-19T22:55:15.185+0000] {processor.py:914} INFO - Processing file /home/airflow/.local/lib/python3.12/site-packages/airflow/example_dags/example_bash_decorator.py for tasks to queue
[2026-03-19T22:55:15.187+0000] {logging_mixin.py:190} INFO - [2026-03-19T22:55:15.186+0000] {dagbag.py:588} INFO - Filling up the DagBag from /home/airflow/.local/lib/python3.12/site-packages/airflow/example_dags/example_bash_decorator.py
[2026-03-19T22:55:15.199+0000] {processor.py:925} INFO - DAG(s) 'example_bash_decorator' retrieved from /home/airflow/.local/lib/python3.12/site-packages/airflow/example_dags/example_bash_decorator.py
[2026-03-19T22:55:15.218+0000] {logging_mixin.py:190} INFO - [2026-03-19T22:55:15.217+0000] {dag.py:3239} INFO - Sync 1 DAGs
[2026-03-19T22:55:15.229+0000] {logging_mixin.py:190} INFO - [2026-03-19T22:55:15.229+0000] {dag.py:4180} INFO - Setting next_dagrun for example_bash_decorator to None, run_after=None
[2026-03-19T22:55:15.248+0000] {processor.py:208} INFO - Processing /home/airflow/.local/lib/python3.12/site-packages/airflow/example_dags/example_bash_decorator.py took 0.069 seconds
