[2026-03-19T22:36:45.749+0000] {processor.py:186} INFO - Started process (PID=61) to work on /home/airflow/.local/lib/python3.12/site-packages/airflow/example_dags/example_dataset_alias_with_no_taskflow.py
[2026-03-19T22:36:45.750+0000] {processor.py:914} INFO - Processing file /home/airflow/.local/lib/python3.12/site-packages/airflow/example_dags/example_dataset_alias_with_no_taskflow.py for tasks to queue
[2026-03-19T22:36:45.753+0000] {logging_mixin.py:190} INFO - [2026-03-19T22:36:45.752+0000] {dagbag.py:588} INFO - Filling up the DagBag from /home/airflow/.local/lib/python3.12/site-packages/airflow/example_dags/example_dataset_alias_with_no_taskflow.py
[2026-03-19T22:36:46.651+0000] {processor.py:925} INFO - DAG(s) 'dataset_alias_example_alias_consumer_with_no_taskflow', 'dataset_s3_bucket_producer_with_no_taskflow', 'dataset_s3_bucket_consumer_with_no_taskflow', 'dataset_alias_example_alias_producer_with_no_taskflow' retrieved from /home/airflow/.local/lib/python3.12/site-packages/airflow/example_dags/example_dataset_alias_with_no_taskflow.py
[2026-03-19T22:36:46.882+0000] {logging_mixin.py:190} INFO - [2026-03-19T22:36:46.882+0000] {override.py:1911} INFO - Created Permission View: can read on DAG:dataset_alias_example_alias_consumer_with_no_taskflow
[2026-03-19T22:36:46.950+0000] {logging_mixin.py:190} INFO - [2026-03-19T22:36:46.946+0000] {override.py:1911} INFO - Created Permission View: can delete on DAG:dataset_alias_example_alias_consumer_with_no_taskflow
[2026-03-19T22:36:46.998+0000] {logging_mixin.py:190} INFO - [2026-03-19T22:36:46.997+0000] {override.py:1911} INFO - Created Permission View: can edit on DAG:dataset_alias_example_alias_consumer_with_no_taskflow
[2026-03-19T22:36:47.113+0000] {logging_mixin.py:190} INFO - [2026-03-19T22:36:47.112+0000] {override.py:1911} INFO - Created Permission View: can read on DAG Run:dataset_alias_example_alias_consumer_with_no_taskflow
[2026-03-19T22:36:47.177+0000] {logging_mixin.py:190} INFO - [2026-03-19T22:36:47.177+0000] {override.py:1911} INFO - Created Permission View: can create on DAG Run:dataset_alias_example_alias_consumer_with_no_taskflow
[2026-03-19T22:36:47.225+0000] {logging_mixin.py:190} INFO - [2026-03-19T22:36:47.224+0000] {override.py:1911} INFO - Created Permission View: menu access on DAG Run:dataset_alias_example_alias_consumer_with_no_taskflow
[2026-03-19T22:36:47.275+0000] {logging_mixin.py:190} INFO - [2026-03-19T22:36:47.274+0000] {override.py:1911} INFO - Created Permission View: can delete on DAG Run:dataset_alias_example_alias_consumer_with_no_taskflow
[2026-03-19T22:36:47.384+0000] {logging_mixin.py:190} INFO - [2026-03-19T22:36:47.384+0000] {override.py:1911} INFO - Created Permission View: can read on DAG:dataset_s3_bucket_producer_with_no_taskflow
[2026-03-19T22:36:47.459+0000] {logging_mixin.py:190} INFO - [2026-03-19T22:36:47.458+0000] {override.py:1911} INFO - Created Permission View: can delete on DAG:dataset_s3_bucket_producer_with_no_taskflow
[2026-03-19T22:36:47.527+0000] {logging_mixin.py:190} INFO - [2026-03-19T22:36:47.527+0000] {override.py:1911} INFO - Created Permission View: can edit on DAG:dataset_s3_bucket_producer_with_no_taskflow
[2026-03-19T22:36:47.688+0000] {logging_mixin.py:190} INFO - [2026-03-19T22:36:47.688+0000] {override.py:1911} INFO - Created Permission View: can read on DAG Run:dataset_s3_bucket_producer_with_no_taskflow
[2026-03-19T22:36:47.774+0000] {logging_mixin.py:190} INFO - [2026-03-19T22:36:47.774+0000] {override.py:1911} INFO - Created Permission View: can create on DAG Run:dataset_s3_bucket_producer_with_no_taskflow
[2026-03-19T22:36:47.856+0000] {logging_mixin.py:190} INFO - [2026-03-19T22:36:47.856+0000] {override.py:1911} INFO - Created Permission View: menu access on DAG Run:dataset_s3_bucket_producer_with_no_taskflow
[2026-03-19T22:36:47.920+0000] {logging_mixin.py:190} INFO - [2026-03-19T22:36:47.920+0000] {override.py:1911} INFO - Created Permission View: can delete on DAG Run:dataset_s3_bucket_producer_with_no_taskflow
[2026-03-19T22:36:48.024+0000] {logging_mixin.py:190} INFO - [2026-03-19T22:36:48.023+0000] {override.py:1911} INFO - Created Permission View: can read on DAG:dataset_s3_bucket_consumer_with_no_taskflow
[2026-03-19T22:36:48.067+0000] {logging_mixin.py:190} INFO - [2026-03-19T22:36:48.067+0000] {override.py:1911} INFO - Created Permission View: can delete on DAG:dataset_s3_bucket_consumer_with_no_taskflow
[2026-03-19T22:36:48.161+0000] {logging_mixin.py:190} INFO - [2026-03-19T22:36:48.161+0000] {override.py:1911} INFO - Created Permission View: can edit on DAG:dataset_s3_bucket_consumer_with_no_taskflow
[2026-03-19T22:36:48.269+0000] {logging_mixin.py:190} INFO - [2026-03-19T22:36:48.269+0000] {override.py:1911} INFO - Created Permission View: can read on DAG Run:dataset_s3_bucket_consumer_with_no_taskflow
[2026-03-19T22:36:48.325+0000] {logging_mixin.py:190} INFO - [2026-03-19T22:36:48.324+0000] {override.py:1911} INFO - Created Permission View: can create on DAG Run:dataset_s3_bucket_consumer_with_no_taskflow
[2026-03-19T22:36:48.391+0000] {logging_mixin.py:190} INFO - [2026-03-19T22:36:48.390+0000] {override.py:1911} INFO - Created Permission View: menu access on DAG Run:dataset_s3_bucket_consumer_with_no_taskflow
[2026-03-19T22:36:48.463+0000] {logging_mixin.py:190} INFO - [2026-03-19T22:36:48.463+0000] {override.py:1911} INFO - Created Permission View: can delete on DAG Run:dataset_s3_bucket_consumer_with_no_taskflow
[2026-03-19T22:36:48.608+0000] {logging_mixin.py:190} INFO - [2026-03-19T22:36:48.608+0000] {override.py:1911} INFO - Created Permission View: can read on DAG:dataset_alias_example_alias_producer_with_no_taskflow
[2026-03-19T22:36:48.705+0000] {logging_mixin.py:190} INFO - [2026-03-19T22:36:48.704+0000] {override.py:1911} INFO - Created Permission View: can delete on DAG:dataset_alias_example_alias_producer_with_no_taskflow
[2026-03-19T22:36:48.784+0000] {logging_mixin.py:190} INFO - [2026-03-19T22:36:48.783+0000] {override.py:1911} INFO - Created Permission View: can edit on DAG:dataset_alias_example_alias_producer_with_no_taskflow
[2026-03-19T22:36:48.953+0000] {logging_mixin.py:190} INFO - [2026-03-19T22:36:48.953+0000] {override.py:1911} INFO - Created Permission View: can read on DAG Run:dataset_alias_example_alias_producer_with_no_taskflow
[2026-03-19T22:36:49.031+0000] {logging_mixin.py:190} INFO - [2026-03-19T22:36:49.030+0000] {override.py:1911} INFO - Created Permission View: can create on DAG Run:dataset_alias_example_alias_producer_with_no_taskflow
[2026-03-19T22:36:49.105+0000] {logging_mixin.py:190} INFO - [2026-03-19T22:36:49.104+0000] {override.py:1911} INFO - Created Permission View: menu access on DAG Run:dataset_alias_example_alias_producer_with_no_taskflow
[2026-03-19T22:36:49.181+0000] {logging_mixin.py:190} INFO - [2026-03-19T22:36:49.181+0000] {override.py:1911} INFO - Created Permission View: can delete on DAG Run:dataset_alias_example_alias_producer_with_no_taskflow
[2026-03-19T22:36:49.182+0000] {logging_mixin.py:190} INFO - [2026-03-19T22:36:49.181+0000] {dag.py:3239} INFO - Sync 4 DAGs
[2026-03-19T22:36:49.208+0000] {logging_mixin.py:190} INFO - [2026-03-19T22:36:49.207+0000] {dag.py:3262} INFO - Creating ORM DAG for dataset_alias_example_alias_producer_with_no_taskflow
[2026-03-19T22:36:49.209+0000] {logging_mixin.py:190} INFO - [2026-03-19T22:36:49.209+0000] {dag.py:3262} INFO - Creating ORM DAG for dataset_s3_bucket_consumer_with_no_taskflow
[2026-03-19T22:36:49.210+0000] {logging_mixin.py:190} INFO - [2026-03-19T22:36:49.210+0000] {dag.py:3262} INFO - Creating ORM DAG for dataset_s3_bucket_producer_with_no_taskflow
[2026-03-19T22:36:49.211+0000] {logging_mixin.py:190} INFO - [2026-03-19T22:36:49.211+0000] {dag.py:3262} INFO - Creating ORM DAG for dataset_alias_example_alias_consumer_with_no_taskflow
[2026-03-19T22:36:49.231+0000] {logging_mixin.py:190} INFO - [2026-03-19T22:36:49.230+0000] {dag.py:4180} INFO - Setting next_dagrun for dataset_alias_example_alias_consumer_with_no_taskflow to None, run_after=None
[2026-03-19T22:36:49.232+0000] {logging_mixin.py:190} INFO - [2026-03-19T22:36:49.232+0000] {dag.py:4180} INFO - Setting next_dagrun for dataset_alias_example_alias_producer_with_no_taskflow to None, run_after=None
[2026-03-19T22:36:49.233+0000] {logging_mixin.py:190} INFO - [2026-03-19T22:36:49.233+0000] {dag.py:4180} INFO - Setting next_dagrun for dataset_s3_bucket_consumer_with_no_taskflow to None, run_after=None
[2026-03-19T22:36:49.234+0000] {logging_mixin.py:190} INFO - [2026-03-19T22:36:49.234+0000] {dag.py:4180} INFO - Setting next_dagrun for dataset_s3_bucket_producer_with_no_taskflow to None, run_after=None
[2026-03-19T22:36:49.357+0000] {processor.py:208} INFO - Processing /home/airflow/.local/lib/python3.12/site-packages/airflow/example_dags/example_dataset_alias_with_no_taskflow.py took 3.617 seconds
[2026-03-19T22:37:20.053+0000] {processor.py:186} INFO - Started process (PID=118) to work on /home/airflow/.local/lib/python3.12/site-packages/airflow/example_dags/example_dataset_alias_with_no_taskflow.py
[2026-03-19T22:37:20.055+0000] {processor.py:914} INFO - Processing file /home/airflow/.local/lib/python3.12/site-packages/airflow/example_dags/example_dataset_alias_with_no_taskflow.py for tasks to queue
[2026-03-19T22:37:20.061+0000] {logging_mixin.py:190} INFO - [2026-03-19T22:37:20.060+0000] {dagbag.py:588} INFO - Filling up the DagBag from /home/airflow/.local/lib/python3.12/site-packages/airflow/example_dags/example_dataset_alias_with_no_taskflow.py
[2026-03-19T22:37:37.954+0000] {processor.py:925} INFO - DAG(s) 'dataset_alias_example_alias_producer_with_no_taskflow', 'dataset_s3_bucket_consumer_with_no_taskflow', 'dataset_s3_bucket_producer_with_no_taskflow', 'dataset_alias_example_alias_consumer_with_no_taskflow' retrieved from /home/airflow/.local/lib/python3.12/site-packages/airflow/example_dags/example_dataset_alias_with_no_taskflow.py
[2026-03-19T22:37:38.058+0000] {logging_mixin.py:190} INFO - [2026-03-19T22:37:38.051+0000] {dag.py:3239} INFO - Sync 4 DAGs
[2026-03-19T22:37:38.231+0000] {logging_mixin.py:190} INFO - [2026-03-19T22:37:38.230+0000] {dag.py:4180} INFO - Setting next_dagrun for dataset_alias_example_alias_consumer_with_no_taskflow to None, run_after=None
[2026-03-19T22:37:38.253+0000] {logging_mixin.py:190} INFO - [2026-03-19T22:37:38.253+0000] {dag.py:4180} INFO - Setting next_dagrun for dataset_alias_example_alias_producer_with_no_taskflow to None, run_after=None
[2026-03-19T22:37:38.257+0000] {logging_mixin.py:190} INFO - [2026-03-19T22:37:38.257+0000] {dag.py:4180} INFO - Setting next_dagrun for dataset_s3_bucket_consumer_with_no_taskflow to None, run_after=None
[2026-03-19T22:37:38.266+0000] {logging_mixin.py:190} INFO - [2026-03-19T22:37:38.263+0000] {dag.py:4180} INFO - Setting next_dagrun for dataset_s3_bucket_producer_with_no_taskflow to None, run_after=None
[2026-03-19T22:37:38.373+0000] {processor.py:208} INFO - Processing /home/airflow/.local/lib/python3.12/site-packages/airflow/example_dags/example_dataset_alias_with_no_taskflow.py took 18.331 seconds
[2026-03-19T22:40:49.930+0000] {processor.py:186} INFO - Started process (PID=177) to work on /home/airflow/.local/lib/python3.12/site-packages/airflow/example_dags/example_dataset_alias_with_no_taskflow.py
[2026-03-19T22:40:49.938+0000] {processor.py:914} INFO - Processing file /home/airflow/.local/lib/python3.12/site-packages/airflow/example_dags/example_dataset_alias_with_no_taskflow.py for tasks to queue
[2026-03-19T22:40:49.977+0000] {logging_mixin.py:190} INFO - [2026-03-19T22:40:49.972+0000] {dagbag.py:588} INFO - Filling up the DagBag from /home/airflow/.local/lib/python3.12/site-packages/airflow/example_dags/example_dataset_alias_with_no_taskflow.py
[2026-03-19T22:45:34.152+0000] {processor.py:186} INFO - Started process (PID=212) to work on /home/airflow/.local/lib/python3.12/site-packages/airflow/example_dags/example_dataset_alias_with_no_taskflow.py
[2026-03-19T22:45:34.154+0000] {processor.py:914} INFO - Processing file /home/airflow/.local/lib/python3.12/site-packages/airflow/example_dags/example_dataset_alias_with_no_taskflow.py for tasks to queue
[2026-03-19T22:45:34.157+0000] {logging_mixin.py:190} INFO - [2026-03-19T22:45:34.156+0000] {dagbag.py:588} INFO - Filling up the DagBag from /home/airflow/.local/lib/python3.12/site-packages/airflow/example_dags/example_dataset_alias_with_no_taskflow.py
[2026-03-19T22:45:39.803+0000] {logging_mixin.py:190} INFO - [2026-03-19T22:45:39.796+0000] {process_utils.py:266} INFO - Waiting up to 5 seconds for processes to exit...
[2026-03-19T22:47:38.258+0000] {processor.py:186} INFO - Started process (PID=61) to work on /home/airflow/.local/lib/python3.12/site-packages/airflow/example_dags/example_dataset_alias_with_no_taskflow.py
[2026-03-19T22:47:38.260+0000] {processor.py:914} INFO - Processing file /home/airflow/.local/lib/python3.12/site-packages/airflow/example_dags/example_dataset_alias_with_no_taskflow.py for tasks to queue
[2026-03-19T22:47:38.262+0000] {logging_mixin.py:190} INFO - [2026-03-19T22:47:38.262+0000] {dagbag.py:588} INFO - Filling up the DagBag from /home/airflow/.local/lib/python3.12/site-packages/airflow/example_dags/example_dataset_alias_with_no_taskflow.py
[2026-03-19T22:47:39.267+0000] {processor.py:925} INFO - DAG(s) 'dataset_alias_example_alias_producer_with_no_taskflow', 'dataset_s3_bucket_producer_with_no_taskflow', 'dataset_alias_example_alias_consumer_with_no_taskflow', 'dataset_s3_bucket_consumer_with_no_taskflow' retrieved from /home/airflow/.local/lib/python3.12/site-packages/airflow/example_dags/example_dataset_alias_with_no_taskflow.py
[2026-03-19T22:47:39.356+0000] {logging_mixin.py:190} INFO - [2026-03-19T22:47:39.355+0000] {override.py:1911} INFO - Created Permission View: can delete on DAG:dataset_alias_example_alias_producer_with_no_taskflow
[2026-03-19T22:47:39.369+0000] {logging_mixin.py:190} INFO - [2026-03-19T22:47:39.368+0000] {override.py:1911} INFO - Created Permission View: can edit on DAG:dataset_alias_example_alias_producer_with_no_taskflow
[2026-03-19T22:47:39.378+0000] {logging_mixin.py:190} INFO - [2026-03-19T22:47:39.378+0000] {override.py:1911} INFO - Created Permission View: can read on DAG:dataset_alias_example_alias_producer_with_no_taskflow
[2026-03-19T22:47:39.397+0000] {logging_mixin.py:190} INFO - [2026-03-19T22:47:39.396+0000] {override.py:1911} INFO - Created Permission View: can create on DAG Run:dataset_alias_example_alias_producer_with_no_taskflow
[2026-03-19T22:47:39.411+0000] {logging_mixin.py:190} INFO - [2026-03-19T22:47:39.410+0000] {override.py:1911} INFO - Created Permission View: can delete on DAG Run:dataset_alias_example_alias_producer_with_no_taskflow
[2026-03-19T22:47:39.423+0000] {logging_mixin.py:190} INFO - [2026-03-19T22:47:39.423+0000] {override.py:1911} INFO - Created Permission View: menu access on DAG Run:dataset_alias_example_alias_producer_with_no_taskflow
[2026-03-19T22:47:39.436+0000] {logging_mixin.py:190} INFO - [2026-03-19T22:47:39.435+0000] {override.py:1911} INFO - Created Permission View: can read on DAG Run:dataset_alias_example_alias_producer_with_no_taskflow
[2026-03-19T22:47:39.459+0000] {logging_mixin.py:190} INFO - [2026-03-19T22:47:39.459+0000] {override.py:1911} INFO - Created Permission View: can delete on DAG:dataset_s3_bucket_producer_with_no_taskflow
[2026-03-19T22:47:39.471+0000] {logging_mixin.py:190} INFO - [2026-03-19T22:47:39.471+0000] {override.py:1911} INFO - Created Permission View: can edit on DAG:dataset_s3_bucket_producer_with_no_taskflow
[2026-03-19T22:47:39.480+0000] {logging_mixin.py:190} INFO - [2026-03-19T22:47:39.479+0000] {override.py:1911} INFO - Created Permission View: can read on DAG:dataset_s3_bucket_producer_with_no_taskflow
[2026-03-19T22:47:39.502+0000] {logging_mixin.py:190} INFO - [2026-03-19T22:47:39.501+0000] {override.py:1911} INFO - Created Permission View: can create on DAG Run:dataset_s3_bucket_producer_with_no_taskflow
[2026-03-19T22:47:39.514+0000] {logging_mixin.py:190} INFO - [2026-03-19T22:47:39.513+0000] {override.py:1911} INFO - Created Permission View: can delete on DAG Run:dataset_s3_bucket_producer_with_no_taskflow
[2026-03-19T22:47:39.526+0000] {logging_mixin.py:190} INFO - [2026-03-19T22:47:39.526+0000] {override.py:1911} INFO - Created Permission View: menu access on DAG Run:dataset_s3_bucket_producer_with_no_taskflow
[2026-03-19T22:47:39.539+0000] {logging_mixin.py:190} INFO - [2026-03-19T22:47:39.539+0000] {override.py:1911} INFO - Created Permission View: can read on DAG Run:dataset_s3_bucket_producer_with_no_taskflow
[2026-03-19T22:47:39.563+0000] {logging_mixin.py:190} INFO - [2026-03-19T22:47:39.563+0000] {override.py:1911} INFO - Created Permission View: can delete on DAG:dataset_alias_example_alias_consumer_with_no_taskflow
[2026-03-19T22:47:39.574+0000] {logging_mixin.py:190} INFO - [2026-03-19T22:47:39.574+0000] {override.py:1911} INFO - Created Permission View: can edit on DAG:dataset_alias_example_alias_consumer_with_no_taskflow
[2026-03-19T22:47:39.583+0000] {logging_mixin.py:190} INFO - [2026-03-19T22:47:39.583+0000] {override.py:1911} INFO - Created Permission View: can read on DAG:dataset_alias_example_alias_consumer_with_no_taskflow
[2026-03-19T22:47:39.609+0000] {logging_mixin.py:190} INFO - [2026-03-19T22:47:39.608+0000] {override.py:1911} INFO - Created Permission View: can create on DAG Run:dataset_alias_example_alias_consumer_with_no_taskflow
[2026-03-19T22:47:39.621+0000] {logging_mixin.py:190} INFO - [2026-03-19T22:47:39.620+0000] {override.py:1911} INFO - Created Permission View: can delete on DAG Run:dataset_alias_example_alias_consumer_with_no_taskflow
[2026-03-19T22:47:39.633+0000] {logging_mixin.py:190} INFO - [2026-03-19T22:47:39.633+0000] {override.py:1911} INFO - Created Permission View: menu access on DAG Run:dataset_alias_example_alias_consumer_with_no_taskflow
[2026-03-19T22:47:39.644+0000] {logging_mixin.py:190} INFO - [2026-03-19T22:47:39.643+0000] {override.py:1911} INFO - Created Permission View: can read on DAG Run:dataset_alias_example_alias_consumer_with_no_taskflow
[2026-03-19T22:47:39.667+0000] {logging_mixin.py:190} INFO - [2026-03-19T22:47:39.667+0000] {override.py:1911} INFO - Created Permission View: can delete on DAG:dataset_s3_bucket_consumer_with_no_taskflow
[2026-03-19T22:47:39.680+0000] {logging_mixin.py:190} INFO - [2026-03-19T22:47:39.679+0000] {override.py:1911} INFO - Created Permission View: can edit on DAG:dataset_s3_bucket_consumer_with_no_taskflow
[2026-03-19T22:47:39.692+0000] {logging_mixin.py:190} INFO - [2026-03-19T22:47:39.692+0000] {override.py:1911} INFO - Created Permission View: can read on DAG:dataset_s3_bucket_consumer_with_no_taskflow
[2026-03-19T22:47:39.716+0000] {logging_mixin.py:190} INFO - [2026-03-19T22:47:39.716+0000] {override.py:1911} INFO - Created Permission View: can create on DAG Run:dataset_s3_bucket_consumer_with_no_taskflow
[2026-03-19T22:47:39.726+0000] {logging_mixin.py:190} INFO - [2026-03-19T22:47:39.726+0000] {override.py:1911} INFO - Created Permission View: can delete on DAG Run:dataset_s3_bucket_consumer_with_no_taskflow
[2026-03-19T22:47:39.735+0000] {logging_mixin.py:190} INFO - [2026-03-19T22:47:39.735+0000] {override.py:1911} INFO - Created Permission View: menu access on DAG Run:dataset_s3_bucket_consumer_with_no_taskflow
[2026-03-19T22:47:39.744+0000] {logging_mixin.py:190} INFO - [2026-03-19T22:47:39.744+0000] {override.py:1911} INFO - Created Permission View: can read on DAG Run:dataset_s3_bucket_consumer_with_no_taskflow
[2026-03-19T22:47:39.745+0000] {logging_mixin.py:190} INFO - [2026-03-19T22:47:39.744+0000] {dag.py:3239} INFO - Sync 4 DAGs
[2026-03-19T22:47:39.756+0000] {logging_mixin.py:190} INFO - [2026-03-19T22:47:39.755+0000] {dag.py:3262} INFO - Creating ORM DAG for dataset_alias_example_alias_producer_with_no_taskflow
[2026-03-19T22:47:39.756+0000] {logging_mixin.py:190} INFO - [2026-03-19T22:47:39.756+0000] {dag.py:3262} INFO - Creating ORM DAG for dataset_s3_bucket_consumer_with_no_taskflow
[2026-03-19T22:47:39.757+0000] {logging_mixin.py:190} INFO - [2026-03-19T22:47:39.757+0000] {dag.py:3262} INFO - Creating ORM DAG for dataset_alias_example_alias_consumer_with_no_taskflow
[2026-03-19T22:47:39.758+0000] {logging_mixin.py:190} INFO - [2026-03-19T22:47:39.758+0000] {dag.py:3262} INFO - Creating ORM DAG for dataset_s3_bucket_producer_with_no_taskflow
[2026-03-19T22:47:39.765+0000] {logging_mixin.py:190} INFO - [2026-03-19T22:47:39.765+0000] {dag.py:4180} INFO - Setting next_dagrun for dataset_alias_example_alias_consumer_with_no_taskflow to None, run_after=None
[2026-03-19T22:47:39.766+0000] {logging_mixin.py:190} INFO - [2026-03-19T22:47:39.766+0000] {dag.py:4180} INFO - Setting next_dagrun for dataset_alias_example_alias_producer_with_no_taskflow to None, run_after=None
[2026-03-19T22:47:39.767+0000] {logging_mixin.py:190} INFO - [2026-03-19T22:47:39.767+0000] {dag.py:4180} INFO - Setting next_dagrun for dataset_s3_bucket_consumer_with_no_taskflow to None, run_after=None
[2026-03-19T22:47:39.767+0000] {logging_mixin.py:190} INFO - [2026-03-19T22:47:39.767+0000] {dag.py:4180} INFO - Setting next_dagrun for dataset_s3_bucket_producer_with_no_taskflow to None, run_after=None
[2026-03-19T22:47:39.799+0000] {processor.py:208} INFO - Processing /home/airflow/.local/lib/python3.12/site-packages/airflow/example_dags/example_dataset_alias_with_no_taskflow.py took 1.546 seconds
[2026-03-19T22:48:10.602+0000] {processor.py:186} INFO - Started process (PID=119) to work on /home/airflow/.local/lib/python3.12/site-packages/airflow/example_dags/example_dataset_alias_with_no_taskflow.py
[2026-03-19T22:48:10.606+0000] {processor.py:914} INFO - Processing file /home/airflow/.local/lib/python3.12/site-packages/airflow/example_dags/example_dataset_alias_with_no_taskflow.py for tasks to queue
[2026-03-19T22:48:10.616+0000] {logging_mixin.py:190} INFO - [2026-03-19T22:48:10.615+0000] {dagbag.py:588} INFO - Filling up the DagBag from /home/airflow/.local/lib/python3.12/site-packages/airflow/example_dags/example_dataset_alias_with_no_taskflow.py
[2026-03-19T22:48:11.808+0000] {processor.py:925} INFO - DAG(s) 'dataset_s3_bucket_producer_with_no_taskflow', 'dataset_alias_example_alias_consumer_with_no_taskflow', 'dataset_s3_bucket_consumer_with_no_taskflow', 'dataset_alias_example_alias_producer_with_no_taskflow' retrieved from /home/airflow/.local/lib/python3.12/site-packages/airflow/example_dags/example_dataset_alias_with_no_taskflow.py
[2026-03-19T22:48:11.826+0000] {logging_mixin.py:190} INFO - [2026-03-19T22:48:11.825+0000] {dag.py:3239} INFO - Sync 4 DAGs
[2026-03-19T22:48:11.848+0000] {logging_mixin.py:190} INFO - [2026-03-19T22:48:11.848+0000] {dag.py:4180} INFO - Setting next_dagrun for dataset_alias_example_alias_consumer_with_no_taskflow to None, run_after=None
[2026-03-19T22:48:11.851+0000] {logging_mixin.py:190} INFO - [2026-03-19T22:48:11.851+0000] {dag.py:4180} INFO - Setting next_dagrun for dataset_alias_example_alias_producer_with_no_taskflow to None, run_after=None
[2026-03-19T22:48:11.853+0000] {logging_mixin.py:190} INFO - [2026-03-19T22:48:11.852+0000] {dag.py:4180} INFO - Setting next_dagrun for dataset_s3_bucket_consumer_with_no_taskflow to None, run_after=None
[2026-03-19T22:48:11.854+0000] {logging_mixin.py:190} INFO - [2026-03-19T22:48:11.854+0000] {dag.py:4180} INFO - Setting next_dagrun for dataset_s3_bucket_producer_with_no_taskflow to None, run_after=None
[2026-03-19T22:48:11.874+0000] {processor.py:208} INFO - Processing /home/airflow/.local/lib/python3.12/site-packages/airflow/example_dags/example_dataset_alias_with_no_taskflow.py took 1.292 seconds
[2026-03-19T22:48:42.210+0000] {processor.py:186} INFO - Started process (PID=177) to work on /home/airflow/.local/lib/python3.12/site-packages/airflow/example_dags/example_dataset_alias_with_no_taskflow.py
[2026-03-19T22:48:42.211+0000] {processor.py:914} INFO - Processing file /home/airflow/.local/lib/python3.12/site-packages/airflow/example_dags/example_dataset_alias_with_no_taskflow.py for tasks to queue
[2026-03-19T22:48:42.213+0000] {logging_mixin.py:190} INFO - [2026-03-19T22:48:42.213+0000] {dagbag.py:588} INFO - Filling up the DagBag from /home/airflow/.local/lib/python3.12/site-packages/airflow/example_dags/example_dataset_alias_with_no_taskflow.py
[2026-03-19T22:48:42.749+0000] {processor.py:925} INFO - DAG(s) 'dataset_alias_example_alias_producer_with_no_taskflow', 'dataset_s3_bucket_consumer_with_no_taskflow', 'dataset_s3_bucket_producer_with_no_taskflow', 'dataset_alias_example_alias_consumer_with_no_taskflow' retrieved from /home/airflow/.local/lib/python3.12/site-packages/airflow/example_dags/example_dataset_alias_with_no_taskflow.py
[2026-03-19T22:48:42.766+0000] {logging_mixin.py:190} INFO - [2026-03-19T22:48:42.766+0000] {dag.py:3239} INFO - Sync 4 DAGs
[2026-03-19T22:48:42.785+0000] {logging_mixin.py:190} INFO - [2026-03-19T22:48:42.784+0000] {dag.py:4180} INFO - Setting next_dagrun for dataset_alias_example_alias_consumer_with_no_taskflow to None, run_after=None
[2026-03-19T22:48:42.787+0000] {logging_mixin.py:190} INFO - [2026-03-19T22:48:42.787+0000] {dag.py:4180} INFO - Setting next_dagrun for dataset_alias_example_alias_producer_with_no_taskflow to None, run_after=None
[2026-03-19T22:48:42.788+0000] {logging_mixin.py:190} INFO - [2026-03-19T22:48:42.788+0000] {dag.py:4180} INFO - Setting next_dagrun for dataset_s3_bucket_consumer_with_no_taskflow to None, run_after=None
[2026-03-19T22:48:42.789+0000] {logging_mixin.py:190} INFO - [2026-03-19T22:48:42.789+0000] {dag.py:4180} INFO - Setting next_dagrun for dataset_s3_bucket_producer_with_no_taskflow to None, run_after=None
[2026-03-19T22:48:42.809+0000] {processor.py:208} INFO - Processing /home/airflow/.local/lib/python3.12/site-packages/airflow/example_dags/example_dataset_alias_with_no_taskflow.py took 0.605 seconds
[2026-03-19T22:49:12.846+0000] {processor.py:186} INFO - Started process (PID=234) to work on /home/airflow/.local/lib/python3.12/site-packages/airflow/example_dags/example_dataset_alias_with_no_taskflow.py
[2026-03-19T22:49:12.847+0000] {processor.py:914} INFO - Processing file /home/airflow/.local/lib/python3.12/site-packages/airflow/example_dags/example_dataset_alias_with_no_taskflow.py for tasks to queue
[2026-03-19T22:49:12.848+0000] {logging_mixin.py:190} INFO - [2026-03-19T22:49:12.848+0000] {dagbag.py:588} INFO - Filling up the DagBag from /home/airflow/.local/lib/python3.12/site-packages/airflow/example_dags/example_dataset_alias_with_no_taskflow.py
[2026-03-19T22:49:13.299+0000] {processor.py:925} INFO - DAG(s) 'dataset_alias_example_alias_consumer_with_no_taskflow', 'dataset_s3_bucket_producer_with_no_taskflow', 'dataset_s3_bucket_consumer_with_no_taskflow', 'dataset_alias_example_alias_producer_with_no_taskflow' retrieved from /home/airflow/.local/lib/python3.12/site-packages/airflow/example_dags/example_dataset_alias_with_no_taskflow.py
[2026-03-19T22:49:13.316+0000] {logging_mixin.py:190} INFO - [2026-03-19T22:49:13.315+0000] {dag.py:3239} INFO - Sync 4 DAGs
[2026-03-19T22:49:13.335+0000] {logging_mixin.py:190} INFO - [2026-03-19T22:49:13.334+0000] {dag.py:4180} INFO - Setting next_dagrun for dataset_alias_example_alias_consumer_with_no_taskflow to None, run_after=None
[2026-03-19T22:49:13.337+0000] {logging_mixin.py:190} INFO - [2026-03-19T22:49:13.337+0000] {dag.py:4180} INFO - Setting next_dagrun for dataset_alias_example_alias_producer_with_no_taskflow to None, run_after=None
[2026-03-19T22:49:13.339+0000] {logging_mixin.py:190} INFO - [2026-03-19T22:49:13.338+0000] {dag.py:4180} INFO - Setting next_dagrun for dataset_s3_bucket_consumer_with_no_taskflow to None, run_after=None
[2026-03-19T22:49:13.340+0000] {logging_mixin.py:190} INFO - [2026-03-19T22:49:13.340+0000] {dag.py:4180} INFO - Setting next_dagrun for dataset_s3_bucket_producer_with_no_taskflow to None, run_after=None
[2026-03-19T22:49:13.362+0000] {processor.py:208} INFO - Processing /home/airflow/.local/lib/python3.12/site-packages/airflow/example_dags/example_dataset_alias_with_no_taskflow.py took 0.522 seconds
[2026-03-19T22:49:44.338+0000] {processor.py:186} INFO - Started process (PID=293) to work on /home/airflow/.local/lib/python3.12/site-packages/airflow/example_dags/example_dataset_alias_with_no_taskflow.py
[2026-03-19T22:49:44.339+0000] {processor.py:914} INFO - Processing file /home/airflow/.local/lib/python3.12/site-packages/airflow/example_dags/example_dataset_alias_with_no_taskflow.py for tasks to queue
[2026-03-19T22:49:44.341+0000] {logging_mixin.py:190} INFO - [2026-03-19T22:49:44.341+0000] {dagbag.py:588} INFO - Filling up the DagBag from /home/airflow/.local/lib/python3.12/site-packages/airflow/example_dags/example_dataset_alias_with_no_taskflow.py
[2026-03-19T22:49:44.816+0000] {processor.py:925} INFO - DAG(s) 'dataset_alias_example_alias_consumer_with_no_taskflow', 'dataset_s3_bucket_consumer_with_no_taskflow', 'dataset_s3_bucket_producer_with_no_taskflow', 'dataset_alias_example_alias_producer_with_no_taskflow' retrieved from /home/airflow/.local/lib/python3.12/site-packages/airflow/example_dags/example_dataset_alias_with_no_taskflow.py
[2026-03-19T22:49:44.834+0000] {logging_mixin.py:190} INFO - [2026-03-19T22:49:44.833+0000] {dag.py:3239} INFO - Sync 4 DAGs
[2026-03-19T22:49:44.853+0000] {logging_mixin.py:190} INFO - [2026-03-19T22:49:44.852+0000] {dag.py:4180} INFO - Setting next_dagrun for dataset_alias_example_alias_consumer_with_no_taskflow to None, run_after=None
[2026-03-19T22:49:44.855+0000] {logging_mixin.py:190} INFO - [2026-03-19T22:49:44.855+0000] {dag.py:4180} INFO - Setting next_dagrun for dataset_alias_example_alias_producer_with_no_taskflow to None, run_after=None
[2026-03-19T22:49:44.856+0000] {logging_mixin.py:190} INFO - [2026-03-19T22:49:44.856+0000] {dag.py:4180} INFO - Setting next_dagrun for dataset_s3_bucket_consumer_with_no_taskflow to None, run_after=None
[2026-03-19T22:49:44.858+0000] {logging_mixin.py:190} INFO - [2026-03-19T22:49:44.857+0000] {dag.py:4180} INFO - Setting next_dagrun for dataset_s3_bucket_producer_with_no_taskflow to None, run_after=None
[2026-03-19T22:49:44.880+0000] {processor.py:208} INFO - Processing /home/airflow/.local/lib/python3.12/site-packages/airflow/example_dags/example_dataset_alias_with_no_taskflow.py took 0.546 seconds
[2026-03-19T22:50:14.953+0000] {processor.py:186} INFO - Started process (PID=352) to work on /home/airflow/.local/lib/python3.12/site-packages/airflow/example_dags/example_dataset_alias_with_no_taskflow.py
[2026-03-19T22:50:14.954+0000] {processor.py:914} INFO - Processing file /home/airflow/.local/lib/python3.12/site-packages/airflow/example_dags/example_dataset_alias_with_no_taskflow.py for tasks to queue
[2026-03-19T22:50:14.956+0000] {logging_mixin.py:190} INFO - [2026-03-19T22:50:14.956+0000] {dagbag.py:588} INFO - Filling up the DagBag from /home/airflow/.local/lib/python3.12/site-packages/airflow/example_dags/example_dataset_alias_with_no_taskflow.py
[2026-03-19T22:50:15.438+0000] {processor.py:925} INFO - DAG(s) 'dataset_alias_example_alias_producer_with_no_taskflow', 'dataset_alias_example_alias_consumer_with_no_taskflow', 'dataset_s3_bucket_producer_with_no_taskflow', 'dataset_s3_bucket_consumer_with_no_taskflow' retrieved from /home/airflow/.local/lib/python3.12/site-packages/airflow/example_dags/example_dataset_alias_with_no_taskflow.py
[2026-03-19T22:50:15.454+0000] {logging_mixin.py:190} INFO - [2026-03-19T22:50:15.453+0000] {dag.py:3239} INFO - Sync 4 DAGs
[2026-03-19T22:50:15.473+0000] {logging_mixin.py:190} INFO - [2026-03-19T22:50:15.473+0000] {dag.py:4180} INFO - Setting next_dagrun for dataset_alias_example_alias_consumer_with_no_taskflow to None, run_after=None
[2026-03-19T22:50:15.476+0000] {logging_mixin.py:190} INFO - [2026-03-19T22:50:15.476+0000] {dag.py:4180} INFO - Setting next_dagrun for dataset_alias_example_alias_producer_with_no_taskflow to None, run_after=None
[2026-03-19T22:50:15.477+0000] {logging_mixin.py:190} INFO - [2026-03-19T22:50:15.477+0000] {dag.py:4180} INFO - Setting next_dagrun for dataset_s3_bucket_consumer_with_no_taskflow to None, run_after=None
[2026-03-19T22:50:15.478+0000] {logging_mixin.py:190} INFO - [2026-03-19T22:50:15.478+0000] {dag.py:4180} INFO - Setting next_dagrun for dataset_s3_bucket_producer_with_no_taskflow to None, run_after=None
[2026-03-19T22:50:15.501+0000] {processor.py:208} INFO - Processing /home/airflow/.local/lib/python3.12/site-packages/airflow/example_dags/example_dataset_alias_with_no_taskflow.py took 0.552 seconds
[2026-03-19T22:50:46.160+0000] {processor.py:186} INFO - Started process (PID=411) to work on /home/airflow/.local/lib/python3.12/site-packages/airflow/example_dags/example_dataset_alias_with_no_taskflow.py
[2026-03-19T22:50:46.161+0000] {processor.py:914} INFO - Processing file /home/airflow/.local/lib/python3.12/site-packages/airflow/example_dags/example_dataset_alias_with_no_taskflow.py for tasks to queue
[2026-03-19T22:50:46.163+0000] {logging_mixin.py:190} INFO - [2026-03-19T22:50:46.163+0000] {dagbag.py:588} INFO - Filling up the DagBag from /home/airflow/.local/lib/python3.12/site-packages/airflow/example_dags/example_dataset_alias_with_no_taskflow.py
[2026-03-19T22:50:46.681+0000] {processor.py:925} INFO - DAG(s) 'dataset_alias_example_alias_consumer_with_no_taskflow', 'dataset_s3_bucket_producer_with_no_taskflow', 'dataset_s3_bucket_consumer_with_no_taskflow', 'dataset_alias_example_alias_producer_with_no_taskflow' retrieved from /home/airflow/.local/lib/python3.12/site-packages/airflow/example_dags/example_dataset_alias_with_no_taskflow.py
[2026-03-19T22:50:46.698+0000] {logging_mixin.py:190} INFO - [2026-03-19T22:50:46.698+0000] {dag.py:3239} INFO - Sync 4 DAGs
[2026-03-19T22:50:46.719+0000] {logging_mixin.py:190} INFO - [2026-03-19T22:50:46.718+0000] {dag.py:4180} INFO - Setting next_dagrun for dataset_alias_example_alias_consumer_with_no_taskflow to None, run_after=None
[2026-03-19T22:50:46.721+0000] {logging_mixin.py:190} INFO - [2026-03-19T22:50:46.721+0000] {dag.py:4180} INFO - Setting next_dagrun for dataset_alias_example_alias_producer_with_no_taskflow to None, run_after=None
[2026-03-19T22:50:46.722+0000] {logging_mixin.py:190} INFO - [2026-03-19T22:50:46.722+0000] {dag.py:4180} INFO - Setting next_dagrun for dataset_s3_bucket_consumer_with_no_taskflow to None, run_after=None
[2026-03-19T22:50:46.723+0000] {logging_mixin.py:190} INFO - [2026-03-19T22:50:46.723+0000] {dag.py:4180} INFO - Setting next_dagrun for dataset_s3_bucket_producer_with_no_taskflow to None, run_after=None
[2026-03-19T22:50:46.744+0000] {processor.py:208} INFO - Processing /home/airflow/.local/lib/python3.12/site-packages/airflow/example_dags/example_dataset_alias_with_no_taskflow.py took 0.588 seconds
[2026-03-19T22:51:16.811+0000] {processor.py:186} INFO - Started process (PID=469) to work on /home/airflow/.local/lib/python3.12/site-packages/airflow/example_dags/example_dataset_alias_with_no_taskflow.py
[2026-03-19T22:51:16.811+0000] {processor.py:914} INFO - Processing file /home/airflow/.local/lib/python3.12/site-packages/airflow/example_dags/example_dataset_alias_with_no_taskflow.py for tasks to queue
[2026-03-19T22:51:16.813+0000] {logging_mixin.py:190} INFO - [2026-03-19T22:51:16.813+0000] {dagbag.py:588} INFO - Filling up the DagBag from /home/airflow/.local/lib/python3.12/site-packages/airflow/example_dags/example_dataset_alias_with_no_taskflow.py
[2026-03-19T22:51:17.287+0000] {processor.py:925} INFO - DAG(s) 'dataset_alias_example_alias_consumer_with_no_taskflow', 'dataset_s3_bucket_producer_with_no_taskflow', 'dataset_s3_bucket_consumer_with_no_taskflow', 'dataset_alias_example_alias_producer_with_no_taskflow' retrieved from /home/airflow/.local/lib/python3.12/site-packages/airflow/example_dags/example_dataset_alias_with_no_taskflow.py
[2026-03-19T22:51:17.304+0000] {logging_mixin.py:190} INFO - [2026-03-19T22:51:17.304+0000] {dag.py:3239} INFO - Sync 4 DAGs
[2026-03-19T22:51:17.323+0000] {logging_mixin.py:190} INFO - [2026-03-19T22:51:17.323+0000] {dag.py:4180} INFO - Setting next_dagrun for dataset_alias_example_alias_consumer_with_no_taskflow to None, run_after=None
[2026-03-19T22:51:17.326+0000] {logging_mixin.py:190} INFO - [2026-03-19T22:51:17.326+0000] {dag.py:4180} INFO - Setting next_dagrun for dataset_alias_example_alias_producer_with_no_taskflow to None, run_after=None
[2026-03-19T22:51:17.327+0000] {logging_mixin.py:190} INFO - [2026-03-19T22:51:17.327+0000] {dag.py:4180} INFO - Setting next_dagrun for dataset_s3_bucket_consumer_with_no_taskflow to None, run_after=None
[2026-03-19T22:51:17.328+0000] {logging_mixin.py:190} INFO - [2026-03-19T22:51:17.328+0000] {dag.py:4180} INFO - Setting next_dagrun for dataset_s3_bucket_producer_with_no_taskflow to None, run_after=None
[2026-03-19T22:51:17.349+0000] {processor.py:208} INFO - Processing /home/airflow/.local/lib/python3.12/site-packages/airflow/example_dags/example_dataset_alias_with_no_taskflow.py took 0.543 seconds
[2026-03-19T22:51:47.384+0000] {processor.py:186} INFO - Started process (PID=526) to work on /home/airflow/.local/lib/python3.12/site-packages/airflow/example_dags/example_dataset_alias_with_no_taskflow.py
[2026-03-19T22:51:47.385+0000] {processor.py:914} INFO - Processing file /home/airflow/.local/lib/python3.12/site-packages/airflow/example_dags/example_dataset_alias_with_no_taskflow.py for tasks to queue
[2026-03-19T22:51:47.387+0000] {logging_mixin.py:190} INFO - [2026-03-19T22:51:47.387+0000] {dagbag.py:588} INFO - Filling up the DagBag from /home/airflow/.local/lib/python3.12/site-packages/airflow/example_dags/example_dataset_alias_with_no_taskflow.py
[2026-03-19T22:51:47.852+0000] {processor.py:925} INFO - DAG(s) 'dataset_s3_bucket_producer_with_no_taskflow', 'dataset_alias_example_alias_consumer_with_no_taskflow', 'dataset_alias_example_alias_producer_with_no_taskflow', 'dataset_s3_bucket_consumer_with_no_taskflow' retrieved from /home/airflow/.local/lib/python3.12/site-packages/airflow/example_dags/example_dataset_alias_with_no_taskflow.py
[2026-03-19T22:51:47.870+0000] {logging_mixin.py:190} INFO - [2026-03-19T22:51:47.869+0000] {dag.py:3239} INFO - Sync 4 DAGs
[2026-03-19T22:51:47.889+0000] {logging_mixin.py:190} INFO - [2026-03-19T22:51:47.889+0000] {dag.py:4180} INFO - Setting next_dagrun for dataset_alias_example_alias_consumer_with_no_taskflow to None, run_after=None
[2026-03-19T22:51:47.891+0000] {logging_mixin.py:190} INFO - [2026-03-19T22:51:47.891+0000] {dag.py:4180} INFO - Setting next_dagrun for dataset_alias_example_alias_producer_with_no_taskflow to None, run_after=None
[2026-03-19T22:51:47.893+0000] {logging_mixin.py:190} INFO - [2026-03-19T22:51:47.893+0000] {dag.py:4180} INFO - Setting next_dagrun for dataset_s3_bucket_consumer_with_no_taskflow to None, run_after=None
[2026-03-19T22:51:47.894+0000] {logging_mixin.py:190} INFO - [2026-03-19T22:51:47.894+0000] {dag.py:4180} INFO - Setting next_dagrun for dataset_s3_bucket_producer_with_no_taskflow to None, run_after=None
[2026-03-19T22:51:47.917+0000] {processor.py:208} INFO - Processing /home/airflow/.local/lib/python3.12/site-packages/airflow/example_dags/example_dataset_alias_with_no_taskflow.py took 0.538 seconds
[2026-03-19T22:52:18.118+0000] {processor.py:186} INFO - Started process (PID=585) to work on /home/airflow/.local/lib/python3.12/site-packages/airflow/example_dags/example_dataset_alias_with_no_taskflow.py
[2026-03-19T22:52:18.118+0000] {processor.py:914} INFO - Processing file /home/airflow/.local/lib/python3.12/site-packages/airflow/example_dags/example_dataset_alias_with_no_taskflow.py for tasks to queue
[2026-03-19T22:52:18.120+0000] {logging_mixin.py:190} INFO - [2026-03-19T22:52:18.120+0000] {dagbag.py:588} INFO - Filling up the DagBag from /home/airflow/.local/lib/python3.12/site-packages/airflow/example_dags/example_dataset_alias_with_no_taskflow.py
[2026-03-19T22:52:18.613+0000] {processor.py:925} INFO - DAG(s) 'dataset_alias_example_alias_producer_with_no_taskflow', 'dataset_s3_bucket_producer_with_no_taskflow', 'dataset_alias_example_alias_consumer_with_no_taskflow', 'dataset_s3_bucket_consumer_with_no_taskflow' retrieved from /home/airflow/.local/lib/python3.12/site-packages/airflow/example_dags/example_dataset_alias_with_no_taskflow.py
[2026-03-19T22:52:18.630+0000] {logging_mixin.py:190} INFO - [2026-03-19T22:52:18.630+0000] {dag.py:3239} INFO - Sync 4 DAGs
[2026-03-19T22:52:18.648+0000] {logging_mixin.py:190} INFO - [2026-03-19T22:52:18.648+0000] {dag.py:4180} INFO - Setting next_dagrun for dataset_alias_example_alias_consumer_with_no_taskflow to None, run_after=None
[2026-03-19T22:52:18.651+0000] {logging_mixin.py:190} INFO - [2026-03-19T22:52:18.651+0000] {dag.py:4180} INFO - Setting next_dagrun for dataset_alias_example_alias_producer_with_no_taskflow to None, run_after=None
[2026-03-19T22:52:18.652+0000] {logging_mixin.py:190} INFO - [2026-03-19T22:52:18.652+0000] {dag.py:4180} INFO - Setting next_dagrun for dataset_s3_bucket_consumer_with_no_taskflow to None, run_after=None
[2026-03-19T22:52:18.653+0000] {logging_mixin.py:190} INFO - [2026-03-19T22:52:18.653+0000] {dag.py:4180} INFO - Setting next_dagrun for dataset_s3_bucket_producer_with_no_taskflow to None, run_after=None
[2026-03-19T22:52:18.676+0000] {processor.py:208} INFO - Processing /home/airflow/.local/lib/python3.12/site-packages/airflow/example_dags/example_dataset_alias_with_no_taskflow.py took 0.563 seconds
[2026-03-19T22:52:49.584+0000] {processor.py:186} INFO - Started process (PID=643) to work on /home/airflow/.local/lib/python3.12/site-packages/airflow/example_dags/example_dataset_alias_with_no_taskflow.py
[2026-03-19T22:52:49.585+0000] {processor.py:914} INFO - Processing file /home/airflow/.local/lib/python3.12/site-packages/airflow/example_dags/example_dataset_alias_with_no_taskflow.py for tasks to queue
[2026-03-19T22:52:49.586+0000] {logging_mixin.py:190} INFO - [2026-03-19T22:52:49.586+0000] {dagbag.py:588} INFO - Filling up the DagBag from /home/airflow/.local/lib/python3.12/site-packages/airflow/example_dags/example_dataset_alias_with_no_taskflow.py
[2026-03-19T22:52:50.106+0000] {processor.py:925} INFO - DAG(s) 'dataset_s3_bucket_producer_with_no_taskflow', 'dataset_s3_bucket_consumer_with_no_taskflow', 'dataset_alias_example_alias_producer_with_no_taskflow', 'dataset_alias_example_alias_consumer_with_no_taskflow' retrieved from /home/airflow/.local/lib/python3.12/site-packages/airflow/example_dags/example_dataset_alias_with_no_taskflow.py
[2026-03-19T22:52:50.122+0000] {logging_mixin.py:190} INFO - [2026-03-19T22:52:50.121+0000] {dag.py:3239} INFO - Sync 4 DAGs
[2026-03-19T22:52:50.140+0000] {logging_mixin.py:190} INFO - [2026-03-19T22:52:50.140+0000] {dag.py:4180} INFO - Setting next_dagrun for dataset_alias_example_alias_consumer_with_no_taskflow to None, run_after=None
[2026-03-19T22:52:50.142+0000] {logging_mixin.py:190} INFO - [2026-03-19T22:52:50.142+0000] {dag.py:4180} INFO - Setting next_dagrun for dataset_alias_example_alias_producer_with_no_taskflow to None, run_after=None
[2026-03-19T22:52:50.143+0000] {logging_mixin.py:190} INFO - [2026-03-19T22:52:50.143+0000] {dag.py:4180} INFO - Setting next_dagrun for dataset_s3_bucket_consumer_with_no_taskflow to None, run_after=None
[2026-03-19T22:52:50.144+0000] {logging_mixin.py:190} INFO - [2026-03-19T22:52:50.144+0000] {dag.py:4180} INFO - Setting next_dagrun for dataset_s3_bucket_producer_with_no_taskflow to None, run_after=None
[2026-03-19T22:52:50.168+0000] {processor.py:208} INFO - Processing /home/airflow/.local/lib/python3.12/site-packages/airflow/example_dags/example_dataset_alias_with_no_taskflow.py took 0.589 seconds
[2026-03-19T22:53:20.955+0000] {processor.py:186} INFO - Started process (PID=701) to work on /home/airflow/.local/lib/python3.12/site-packages/airflow/example_dags/example_dataset_alias_with_no_taskflow.py
[2026-03-19T22:53:20.956+0000] {processor.py:914} INFO - Processing file /home/airflow/.local/lib/python3.12/site-packages/airflow/example_dags/example_dataset_alias_with_no_taskflow.py for tasks to queue
[2026-03-19T22:53:20.960+0000] {logging_mixin.py:190} INFO - [2026-03-19T22:53:20.959+0000] {dagbag.py:588} INFO - Filling up the DagBag from /home/airflow/.local/lib/python3.12/site-packages/airflow/example_dags/example_dataset_alias_with_no_taskflow.py
[2026-03-19T22:53:21.568+0000] {processor.py:925} INFO - DAG(s) 'dataset_s3_bucket_producer_with_no_taskflow', 'dataset_alias_example_alias_producer_with_no_taskflow', 'dataset_s3_bucket_consumer_with_no_taskflow', 'dataset_alias_example_alias_consumer_with_no_taskflow' retrieved from /home/airflow/.local/lib/python3.12/site-packages/airflow/example_dags/example_dataset_alias_with_no_taskflow.py
[2026-03-19T22:53:21.588+0000] {logging_mixin.py:190} INFO - [2026-03-19T22:53:21.587+0000] {dag.py:3239} INFO - Sync 4 DAGs
[2026-03-19T22:53:21.607+0000] {logging_mixin.py:190} INFO - [2026-03-19T22:53:21.607+0000] {dag.py:4180} INFO - Setting next_dagrun for dataset_alias_example_alias_consumer_with_no_taskflow to None, run_after=None
[2026-03-19T22:53:21.610+0000] {logging_mixin.py:190} INFO - [2026-03-19T22:53:21.609+0000] {dag.py:4180} INFO - Setting next_dagrun for dataset_alias_example_alias_producer_with_no_taskflow to None, run_after=None
[2026-03-19T22:53:21.611+0000] {logging_mixin.py:190} INFO - [2026-03-19T22:53:21.611+0000] {dag.py:4180} INFO - Setting next_dagrun for dataset_s3_bucket_consumer_with_no_taskflow to None, run_after=None
[2026-03-19T22:53:21.613+0000] {logging_mixin.py:190} INFO - [2026-03-19T22:53:21.612+0000] {dag.py:4180} INFO - Setting next_dagrun for dataset_s3_bucket_producer_with_no_taskflow to None, run_after=None
[2026-03-19T22:53:21.635+0000] {processor.py:208} INFO - Processing /home/airflow/.local/lib/python3.12/site-packages/airflow/example_dags/example_dataset_alias_with_no_taskflow.py took 0.688 seconds
[2026-03-19T22:53:52.361+0000] {processor.py:186} INFO - Started process (PID=759) to work on /home/airflow/.local/lib/python3.12/site-packages/airflow/example_dags/example_dataset_alias_with_no_taskflow.py
[2026-03-19T22:53:52.362+0000] {processor.py:914} INFO - Processing file /home/airflow/.local/lib/python3.12/site-packages/airflow/example_dags/example_dataset_alias_with_no_taskflow.py for tasks to queue
[2026-03-19T22:53:52.363+0000] {logging_mixin.py:190} INFO - [2026-03-19T22:53:52.363+0000] {dagbag.py:588} INFO - Filling up the DagBag from /home/airflow/.local/lib/python3.12/site-packages/airflow/example_dags/example_dataset_alias_with_no_taskflow.py
[2026-03-19T22:53:52.877+0000] {processor.py:925} INFO - DAG(s) 'dataset_alias_example_alias_producer_with_no_taskflow', 'dataset_s3_bucket_consumer_with_no_taskflow', 'dataset_alias_example_alias_consumer_with_no_taskflow', 'dataset_s3_bucket_producer_with_no_taskflow' retrieved from /home/airflow/.local/lib/python3.12/site-packages/airflow/example_dags/example_dataset_alias_with_no_taskflow.py
[2026-03-19T22:53:52.894+0000] {logging_mixin.py:190} INFO - [2026-03-19T22:53:52.894+0000] {dag.py:3239} INFO - Sync 4 DAGs
[2026-03-19T22:53:52.913+0000] {logging_mixin.py:190} INFO - [2026-03-19T22:53:52.913+0000] {dag.py:4180} INFO - Setting next_dagrun for dataset_alias_example_alias_consumer_with_no_taskflow to None, run_after=None
[2026-03-19T22:53:52.915+0000] {logging_mixin.py:190} INFO - [2026-03-19T22:53:52.915+0000] {dag.py:4180} INFO - Setting next_dagrun for dataset_alias_example_alias_producer_with_no_taskflow to None, run_after=None
[2026-03-19T22:53:52.916+0000] {logging_mixin.py:190} INFO - [2026-03-19T22:53:52.916+0000] {dag.py:4180} INFO - Setting next_dagrun for dataset_s3_bucket_consumer_with_no_taskflow to None, run_after=None
[2026-03-19T22:53:52.917+0000] {logging_mixin.py:190} INFO - [2026-03-19T22:53:52.917+0000] {dag.py:4180} INFO - Setting next_dagrun for dataset_s3_bucket_producer_with_no_taskflow to None, run_after=None
[2026-03-19T22:53:52.937+0000] {processor.py:208} INFO - Processing /home/airflow/.local/lib/python3.12/site-packages/airflow/example_dags/example_dataset_alias_with_no_taskflow.py took 0.580 seconds
[2026-03-19T22:54:23.967+0000] {processor.py:186} INFO - Started process (PID=817) to work on /home/airflow/.local/lib/python3.12/site-packages/airflow/example_dags/example_dataset_alias_with_no_taskflow.py
[2026-03-19T22:54:23.968+0000] {processor.py:914} INFO - Processing file /home/airflow/.local/lib/python3.12/site-packages/airflow/example_dags/example_dataset_alias_with_no_taskflow.py for tasks to queue
[2026-03-19T22:54:23.970+0000] {logging_mixin.py:190} INFO - [2026-03-19T22:54:23.969+0000] {dagbag.py:588} INFO - Filling up the DagBag from /home/airflow/.local/lib/python3.12/site-packages/airflow/example_dags/example_dataset_alias_with_no_taskflow.py
[2026-03-19T22:54:24.450+0000] {processor.py:925} INFO - DAG(s) 'dataset_s3_bucket_producer_with_no_taskflow', 'dataset_alias_example_alias_consumer_with_no_taskflow', 'dataset_s3_bucket_consumer_with_no_taskflow', 'dataset_alias_example_alias_producer_with_no_taskflow' retrieved from /home/airflow/.local/lib/python3.12/site-packages/airflow/example_dags/example_dataset_alias_with_no_taskflow.py
[2026-03-19T22:54:24.466+0000] {logging_mixin.py:190} INFO - [2026-03-19T22:54:24.465+0000] {dag.py:3239} INFO - Sync 4 DAGs
[2026-03-19T22:54:24.484+0000] {logging_mixin.py:190} INFO - [2026-03-19T22:54:24.483+0000] {dag.py:4180} INFO - Setting next_dagrun for dataset_alias_example_alias_consumer_with_no_taskflow to None, run_after=None
[2026-03-19T22:54:24.486+0000] {logging_mixin.py:190} INFO - [2026-03-19T22:54:24.486+0000] {dag.py:4180} INFO - Setting next_dagrun for dataset_alias_example_alias_producer_with_no_taskflow to None, run_after=None
[2026-03-19T22:54:24.487+0000] {logging_mixin.py:190} INFO - [2026-03-19T22:54:24.487+0000] {dag.py:4180} INFO - Setting next_dagrun for dataset_s3_bucket_consumer_with_no_taskflow to None, run_after=None
[2026-03-19T22:54:24.489+0000] {logging_mixin.py:190} INFO - [2026-03-19T22:54:24.488+0000] {dag.py:4180} INFO - Setting next_dagrun for dataset_s3_bucket_producer_with_no_taskflow to None, run_after=None
[2026-03-19T22:54:24.511+0000] {processor.py:208} INFO - Processing /home/airflow/.local/lib/python3.12/site-packages/airflow/example_dags/example_dataset_alias_with_no_taskflow.py took 0.549 seconds
[2026-03-19T22:54:55.228+0000] {processor.py:186} INFO - Started process (PID=875) to work on /home/airflow/.local/lib/python3.12/site-packages/airflow/example_dags/example_dataset_alias_with_no_taskflow.py
[2026-03-19T22:54:55.229+0000] {processor.py:914} INFO - Processing file /home/airflow/.local/lib/python3.12/site-packages/airflow/example_dags/example_dataset_alias_with_no_taskflow.py for tasks to queue
[2026-03-19T22:54:55.231+0000] {logging_mixin.py:190} INFO - [2026-03-19T22:54:55.231+0000] {dagbag.py:588} INFO - Filling up the DagBag from /home/airflow/.local/lib/python3.12/site-packages/airflow/example_dags/example_dataset_alias_with_no_taskflow.py
[2026-03-19T22:54:55.709+0000] {processor.py:925} INFO - DAG(s) 'dataset_s3_bucket_producer_with_no_taskflow', 'dataset_alias_example_alias_producer_with_no_taskflow', 'dataset_s3_bucket_consumer_with_no_taskflow', 'dataset_alias_example_alias_consumer_with_no_taskflow' retrieved from /home/airflow/.local/lib/python3.12/site-packages/airflow/example_dags/example_dataset_alias_with_no_taskflow.py
[2026-03-19T22:54:55.727+0000] {logging_mixin.py:190} INFO - [2026-03-19T22:54:55.727+0000] {dag.py:3239} INFO - Sync 4 DAGs
[2026-03-19T22:54:55.745+0000] {logging_mixin.py:190} INFO - [2026-03-19T22:54:55.745+0000] {dag.py:4180} INFO - Setting next_dagrun for dataset_alias_example_alias_consumer_with_no_taskflow to None, run_after=None
[2026-03-19T22:54:55.748+0000] {logging_mixin.py:190} INFO - [2026-03-19T22:54:55.748+0000] {dag.py:4180} INFO - Setting next_dagrun for dataset_alias_example_alias_producer_with_no_taskflow to None, run_after=None
[2026-03-19T22:54:55.750+0000] {logging_mixin.py:190} INFO - [2026-03-19T22:54:55.750+0000] {dag.py:4180} INFO - Setting next_dagrun for dataset_s3_bucket_consumer_with_no_taskflow to None, run_after=None
[2026-03-19T22:54:55.751+0000] {logging_mixin.py:190} INFO - [2026-03-19T22:54:55.751+0000] {dag.py:4180} INFO - Setting next_dagrun for dataset_s3_bucket_producer_with_no_taskflow to None, run_after=None
[2026-03-19T22:54:55.774+0000] {processor.py:208} INFO - Processing /home/airflow/.local/lib/python3.12/site-packages/airflow/example_dags/example_dataset_alias_with_no_taskflow.py took 0.550 seconds
[2026-03-19T22:55:26.463+0000] {processor.py:186} INFO - Started process (PID=933) to work on /home/airflow/.local/lib/python3.12/site-packages/airflow/example_dags/example_dataset_alias_with_no_taskflow.py
[2026-03-19T22:55:26.464+0000] {processor.py:914} INFO - Processing file /home/airflow/.local/lib/python3.12/site-packages/airflow/example_dags/example_dataset_alias_with_no_taskflow.py for tasks to queue
[2026-03-19T22:55:26.466+0000] {logging_mixin.py:190} INFO - [2026-03-19T22:55:26.466+0000] {dagbag.py:588} INFO - Filling up the DagBag from /home/airflow/.local/lib/python3.12/site-packages/airflow/example_dags/example_dataset_alias_with_no_taskflow.py
[2026-03-19T22:55:26.924+0000] {processor.py:925} INFO - DAG(s) 'dataset_alias_example_alias_consumer_with_no_taskflow', 'dataset_alias_example_alias_producer_with_no_taskflow', 'dataset_s3_bucket_producer_with_no_taskflow', 'dataset_s3_bucket_consumer_with_no_taskflow' retrieved from /home/airflow/.local/lib/python3.12/site-packages/airflow/example_dags/example_dataset_alias_with_no_taskflow.py
[2026-03-19T22:55:26.941+0000] {logging_mixin.py:190} INFO - [2026-03-19T22:55:26.941+0000] {dag.py:3239} INFO - Sync 4 DAGs
[2026-03-19T22:55:26.960+0000] {logging_mixin.py:190} INFO - [2026-03-19T22:55:26.960+0000] {dag.py:4180} INFO - Setting next_dagrun for dataset_alias_example_alias_consumer_with_no_taskflow to None, run_after=None
[2026-03-19T22:55:26.963+0000] {logging_mixin.py:190} INFO - [2026-03-19T22:55:26.962+0000] {dag.py:4180} INFO - Setting next_dagrun for dataset_alias_example_alias_producer_with_no_taskflow to None, run_after=None
[2026-03-19T22:55:26.964+0000] {logging_mixin.py:190} INFO - [2026-03-19T22:55:26.964+0000] {dag.py:4180} INFO - Setting next_dagrun for dataset_s3_bucket_consumer_with_no_taskflow to None, run_after=None
[2026-03-19T22:55:26.965+0000] {logging_mixin.py:190} INFO - [2026-03-19T22:55:26.965+0000] {dag.py:4180} INFO - Setting next_dagrun for dataset_s3_bucket_producer_with_no_taskflow to None, run_after=None
[2026-03-19T22:55:26.987+0000] {processor.py:208} INFO - Processing /home/airflow/.local/lib/python3.12/site-packages/airflow/example_dags/example_dataset_alias_with_no_taskflow.py took 0.529 seconds
