[2026-03-19T22:37:05.581+0000] {processor.py:186} INFO - Started process (PID=89) to work on /home/airflow/.local/lib/python3.12/site-packages/airflow/example_dags/example_kubernetes_executor.py
[2026-03-19T22:37:05.582+0000] {processor.py:914} INFO - Processing file /home/airflow/.local/lib/python3.12/site-packages/airflow/example_dags/example_kubernetes_executor.py for tasks to queue
[2026-03-19T22:37:05.593+0000] {logging_mixin.py:190} INFO - [2026-03-19T22:37:05.589+0000] {dagbag.py:588} INFO - Filling up the DagBag from /home/airflow/.local/lib/python3.12/site-packages/airflow/example_dags/example_kubernetes_executor.py
[2026-03-19T22:37:05.646+0000] {processor.py:925} INFO - DAG(s) 'example_kubernetes_executor' retrieved from /home/airflow/.local/lib/python3.12/site-packages/airflow/example_dags/example_kubernetes_executor.py
[2026-03-19T22:37:05.868+0000] {logging_mixin.py:190} INFO - [2026-03-19T22:37:05.867+0000] {override.py:1911} INFO - Created Permission View: can read on DAG:example_kubernetes_executor
[2026-03-19T22:37:05.889+0000] {logging_mixin.py:190} INFO - [2026-03-19T22:37:05.888+0000] {override.py:1911} INFO - Created Permission View: can delete on DAG:example_kubernetes_executor
[2026-03-19T22:37:05.903+0000] {logging_mixin.py:190} INFO - [2026-03-19T22:37:05.903+0000] {override.py:1911} INFO - Created Permission View: can edit on DAG:example_kubernetes_executor
[2026-03-19T22:37:05.926+0000] {logging_mixin.py:190} INFO - [2026-03-19T22:37:05.925+0000] {override.py:1911} INFO - Created Permission View: can read on DAG Run:example_kubernetes_executor
[2026-03-19T22:37:05.942+0000] {logging_mixin.py:190} INFO - [2026-03-19T22:37:05.941+0000] {override.py:1911} INFO - Created Permission View: can create on DAG Run:example_kubernetes_executor
[2026-03-19T22:37:05.958+0000] {logging_mixin.py:190} INFO - [2026-03-19T22:37:05.958+0000] {override.py:1911} INFO - Created Permission View: menu access on DAG Run:example_kubernetes_executor
[2026-03-19T22:37:05.973+0000] {logging_mixin.py:190} INFO - [2026-03-19T22:37:05.973+0000] {override.py:1911} INFO - Created Permission View: can delete on DAG Run:example_kubernetes_executor
[2026-03-19T22:37:05.974+0000] {logging_mixin.py:190} INFO - [2026-03-19T22:37:05.974+0000] {dag.py:3239} INFO - Sync 1 DAGs
[2026-03-19T22:37:06.000+0000] {logging_mixin.py:190} INFO - [2026-03-19T22:37:06.000+0000] {dag.py:3262} INFO - Creating ORM DAG for example_kubernetes_executor
[2026-03-19T22:37:06.002+0000] {logging_mixin.py:190} INFO - [2026-03-19T22:37:06.001+0000] {dag.py:4180} INFO - Setting next_dagrun for example_kubernetes_executor to None, run_after=None
[2026-03-19T22:37:06.033+0000] {processor.py:208} INFO - Processing /home/airflow/.local/lib/python3.12/site-packages/airflow/example_dags/example_kubernetes_executor.py took 0.463 seconds
[2026-03-19T22:40:42.363+0000] {processor.py:186} INFO - Started process (PID=147) to work on /home/airflow/.local/lib/python3.12/site-packages/airflow/example_dags/example_kubernetes_executor.py
[2026-03-19T22:40:42.364+0000] {processor.py:914} INFO - Processing file /home/airflow/.local/lib/python3.12/site-packages/airflow/example_dags/example_kubernetes_executor.py for tasks to queue
[2026-03-19T22:40:42.368+0000] {logging_mixin.py:190} INFO - [2026-03-19T22:40:42.368+0000] {dagbag.py:588} INFO - Filling up the DagBag from /home/airflow/.local/lib/python3.12/site-packages/airflow/example_dags/example_kubernetes_executor.py
[2026-03-19T22:40:42.508+0000] {processor.py:925} INFO - DAG(s) 'example_kubernetes_executor' retrieved from /home/airflow/.local/lib/python3.12/site-packages/airflow/example_dags/example_kubernetes_executor.py
[2026-03-19T22:40:42.562+0000] {logging_mixin.py:190} INFO - [2026-03-19T22:40:42.562+0000] {dag.py:3239} INFO - Sync 1 DAGs
[2026-03-19T22:40:42.602+0000] {logging_mixin.py:190} INFO - [2026-03-19T22:40:42.602+0000] {dag.py:4180} INFO - Setting next_dagrun for example_kubernetes_executor to None, run_after=None
[2026-03-19T22:40:42.662+0000] {processor.py:208} INFO - Processing /home/airflow/.local/lib/python3.12/site-packages/airflow/example_dags/example_kubernetes_executor.py took 0.308 seconds
[2026-03-19T22:47:45.135+0000] {processor.py:186} INFO - Started process (PID=89) to work on /home/airflow/.local/lib/python3.12/site-packages/airflow/example_dags/example_kubernetes_executor.py
[2026-03-19T22:47:45.140+0000] {processor.py:914} INFO - Processing file /home/airflow/.local/lib/python3.12/site-packages/airflow/example_dags/example_kubernetes_executor.py for tasks to queue
[2026-03-19T22:47:45.143+0000] {logging_mixin.py:190} INFO - [2026-03-19T22:47:45.143+0000] {dagbag.py:588} INFO - Filling up the DagBag from /home/airflow/.local/lib/python3.12/site-packages/airflow/example_dags/example_kubernetes_executor.py
[2026-03-19T22:47:45.159+0000] {processor.py:925} INFO - DAG(s) 'example_kubernetes_executor' retrieved from /home/airflow/.local/lib/python3.12/site-packages/airflow/example_dags/example_kubernetes_executor.py
[2026-03-19T22:47:45.267+0000] {logging_mixin.py:190} INFO - [2026-03-19T22:47:45.267+0000] {override.py:1911} INFO - Created Permission View: can delete on DAG:example_kubernetes_executor
[2026-03-19T22:47:45.282+0000] {logging_mixin.py:190} INFO - [2026-03-19T22:47:45.282+0000] {override.py:1911} INFO - Created Permission View: can edit on DAG:example_kubernetes_executor
[2026-03-19T22:47:45.292+0000] {logging_mixin.py:190} INFO - [2026-03-19T22:47:45.291+0000] {override.py:1911} INFO - Created Permission View: can read on DAG:example_kubernetes_executor
[2026-03-19T22:47:45.309+0000] {logging_mixin.py:190} INFO - [2026-03-19T22:47:45.308+0000] {override.py:1911} INFO - Created Permission View: can create on DAG Run:example_kubernetes_executor
[2026-03-19T22:47:45.317+0000] {logging_mixin.py:190} INFO - [2026-03-19T22:47:45.316+0000] {override.py:1911} INFO - Created Permission View: can delete on DAG Run:example_kubernetes_executor
[2026-03-19T22:47:45.325+0000] {logging_mixin.py:190} INFO - [2026-03-19T22:47:45.324+0000] {override.py:1911} INFO - Created Permission View: menu access on DAG Run:example_kubernetes_executor
[2026-03-19T22:47:45.333+0000] {logging_mixin.py:190} INFO - [2026-03-19T22:47:45.333+0000] {override.py:1911} INFO - Created Permission View: can read on DAG Run:example_kubernetes_executor
[2026-03-19T22:47:45.334+0000] {logging_mixin.py:190} INFO - [2026-03-19T22:47:45.334+0000] {dag.py:3239} INFO - Sync 1 DAGs
[2026-03-19T22:47:45.346+0000] {logging_mixin.py:190} INFO - [2026-03-19T22:47:45.346+0000] {dag.py:3262} INFO - Creating ORM DAG for example_kubernetes_executor
[2026-03-19T22:47:45.347+0000] {logging_mixin.py:190} INFO - [2026-03-19T22:47:45.347+0000] {dag.py:4180} INFO - Setting next_dagrun for example_kubernetes_executor to None, run_after=None
[2026-03-19T22:47:45.364+0000] {processor.py:208} INFO - Processing /home/airflow/.local/lib/python3.12/site-packages/airflow/example_dags/example_kubernetes_executor.py took 0.239 seconds
[2026-03-19T22:48:15.609+0000] {processor.py:186} INFO - Started process (PID=147) to work on /home/airflow/.local/lib/python3.12/site-packages/airflow/example_dags/example_kubernetes_executor.py
[2026-03-19T22:48:15.610+0000] {processor.py:914} INFO - Processing file /home/airflow/.local/lib/python3.12/site-packages/airflow/example_dags/example_kubernetes_executor.py for tasks to queue
[2026-03-19T22:48:15.611+0000] {logging_mixin.py:190} INFO - [2026-03-19T22:48:15.611+0000] {dagbag.py:588} INFO - Filling up the DagBag from /home/airflow/.local/lib/python3.12/site-packages/airflow/example_dags/example_kubernetes_executor.py
[2026-03-19T22:48:15.623+0000] {processor.py:925} INFO - DAG(s) 'example_kubernetes_executor' retrieved from /home/airflow/.local/lib/python3.12/site-packages/airflow/example_dags/example_kubernetes_executor.py
[2026-03-19T22:48:15.643+0000] {logging_mixin.py:190} INFO - [2026-03-19T22:48:15.643+0000] {dag.py:3239} INFO - Sync 1 DAGs
[2026-03-19T22:48:15.656+0000] {logging_mixin.py:190} INFO - [2026-03-19T22:48:15.656+0000] {dag.py:4180} INFO - Setting next_dagrun for example_kubernetes_executor to None, run_after=None
[2026-03-19T22:48:15.676+0000] {processor.py:208} INFO - Processing /home/airflow/.local/lib/python3.12/site-packages/airflow/example_dags/example_kubernetes_executor.py took 0.072 seconds
[2026-03-19T22:48:46.153+0000] {processor.py:186} INFO - Started process (PID=205) to work on /home/airflow/.local/lib/python3.12/site-packages/airflow/example_dags/example_kubernetes_executor.py
[2026-03-19T22:48:46.154+0000] {processor.py:914} INFO - Processing file /home/airflow/.local/lib/python3.12/site-packages/airflow/example_dags/example_kubernetes_executor.py for tasks to queue
[2026-03-19T22:48:46.156+0000] {logging_mixin.py:190} INFO - [2026-03-19T22:48:46.156+0000] {dagbag.py:588} INFO - Filling up the DagBag from /home/airflow/.local/lib/python3.12/site-packages/airflow/example_dags/example_kubernetes_executor.py
[2026-03-19T22:48:46.168+0000] {processor.py:925} INFO - DAG(s) 'example_kubernetes_executor' retrieved from /home/airflow/.local/lib/python3.12/site-packages/airflow/example_dags/example_kubernetes_executor.py
[2026-03-19T22:48:46.188+0000] {logging_mixin.py:190} INFO - [2026-03-19T22:48:46.187+0000] {dag.py:3239} INFO - Sync 1 DAGs
[2026-03-19T22:48:46.200+0000] {logging_mixin.py:190} INFO - [2026-03-19T22:48:46.200+0000] {dag.py:4180} INFO - Setting next_dagrun for example_kubernetes_executor to None, run_after=None
[2026-03-19T22:48:46.220+0000] {processor.py:208} INFO - Processing /home/airflow/.local/lib/python3.12/site-packages/airflow/example_dags/example_kubernetes_executor.py took 0.072 seconds
[2026-03-19T22:49:16.726+0000] {processor.py:186} INFO - Started process (PID=263) to work on /home/airflow/.local/lib/python3.12/site-packages/airflow/example_dags/example_kubernetes_executor.py
[2026-03-19T22:49:16.727+0000] {processor.py:914} INFO - Processing file /home/airflow/.local/lib/python3.12/site-packages/airflow/example_dags/example_kubernetes_executor.py for tasks to queue
[2026-03-19T22:49:16.729+0000] {logging_mixin.py:190} INFO - [2026-03-19T22:49:16.729+0000] {dagbag.py:588} INFO - Filling up the DagBag from /home/airflow/.local/lib/python3.12/site-packages/airflow/example_dags/example_kubernetes_executor.py
[2026-03-19T22:49:16.741+0000] {processor.py:925} INFO - DAG(s) 'example_kubernetes_executor' retrieved from /home/airflow/.local/lib/python3.12/site-packages/airflow/example_dags/example_kubernetes_executor.py
[2026-03-19T22:49:16.762+0000] {logging_mixin.py:190} INFO - [2026-03-19T22:49:16.762+0000] {dag.py:3239} INFO - Sync 1 DAGs
[2026-03-19T22:49:16.774+0000] {logging_mixin.py:190} INFO - [2026-03-19T22:49:16.774+0000] {dag.py:4180} INFO - Setting next_dagrun for example_kubernetes_executor to None, run_after=None
[2026-03-19T22:49:16.793+0000] {processor.py:208} INFO - Processing /home/airflow/.local/lib/python3.12/site-packages/airflow/example_dags/example_kubernetes_executor.py took 0.073 seconds
[2026-03-19T22:49:47.027+0000] {processor.py:186} INFO - Started process (PID=321) to work on /home/airflow/.local/lib/python3.12/site-packages/airflow/example_dags/example_kubernetes_executor.py
[2026-03-19T22:49:47.028+0000] {processor.py:914} INFO - Processing file /home/airflow/.local/lib/python3.12/site-packages/airflow/example_dags/example_kubernetes_executor.py for tasks to queue
[2026-03-19T22:49:47.030+0000] {logging_mixin.py:190} INFO - [2026-03-19T22:49:47.030+0000] {dagbag.py:588} INFO - Filling up the DagBag from /home/airflow/.local/lib/python3.12/site-packages/airflow/example_dags/example_kubernetes_executor.py
[2026-03-19T22:49:47.041+0000] {processor.py:925} INFO - DAG(s) 'example_kubernetes_executor' retrieved from /home/airflow/.local/lib/python3.12/site-packages/airflow/example_dags/example_kubernetes_executor.py
[2026-03-19T22:49:47.067+0000] {logging_mixin.py:190} INFO - [2026-03-19T22:49:47.067+0000] {dag.py:3239} INFO - Sync 1 DAGs
[2026-03-19T22:49:47.080+0000] {logging_mixin.py:190} INFO - [2026-03-19T22:49:47.080+0000] {dag.py:4180} INFO - Setting next_dagrun for example_kubernetes_executor to None, run_after=None
[2026-03-19T22:49:47.100+0000] {processor.py:208} INFO - Processing /home/airflow/.local/lib/python3.12/site-packages/airflow/example_dags/example_kubernetes_executor.py took 0.077 seconds
[2026-03-19T22:50:17.518+0000] {processor.py:186} INFO - Started process (PID=381) to work on /home/airflow/.local/lib/python3.12/site-packages/airflow/example_dags/example_kubernetes_executor.py
[2026-03-19T22:50:17.519+0000] {processor.py:914} INFO - Processing file /home/airflow/.local/lib/python3.12/site-packages/airflow/example_dags/example_kubernetes_executor.py for tasks to queue
[2026-03-19T22:50:17.521+0000] {logging_mixin.py:190} INFO - [2026-03-19T22:50:17.521+0000] {dagbag.py:588} INFO - Filling up the DagBag from /home/airflow/.local/lib/python3.12/site-packages/airflow/example_dags/example_kubernetes_executor.py
[2026-03-19T22:50:17.532+0000] {processor.py:925} INFO - DAG(s) 'example_kubernetes_executor' retrieved from /home/airflow/.local/lib/python3.12/site-packages/airflow/example_dags/example_kubernetes_executor.py
[2026-03-19T22:50:17.552+0000] {logging_mixin.py:190} INFO - [2026-03-19T22:50:17.552+0000] {dag.py:3239} INFO - Sync 1 DAGs
[2026-03-19T22:50:17.564+0000] {logging_mixin.py:190} INFO - [2026-03-19T22:50:17.564+0000] {dag.py:4180} INFO - Setting next_dagrun for example_kubernetes_executor to None, run_after=None
[2026-03-19T22:50:17.581+0000] {processor.py:208} INFO - Processing /home/airflow/.local/lib/python3.12/site-packages/airflow/example_dags/example_kubernetes_executor.py took 0.068 seconds
[2026-03-19T22:50:48.898+0000] {processor.py:186} INFO - Started process (PID=439) to work on /home/airflow/.local/lib/python3.12/site-packages/airflow/example_dags/example_kubernetes_executor.py
[2026-03-19T22:50:48.898+0000] {processor.py:914} INFO - Processing file /home/airflow/.local/lib/python3.12/site-packages/airflow/example_dags/example_kubernetes_executor.py for tasks to queue
[2026-03-19T22:50:48.900+0000] {logging_mixin.py:190} INFO - [2026-03-19T22:50:48.900+0000] {dagbag.py:588} INFO - Filling up the DagBag from /home/airflow/.local/lib/python3.12/site-packages/airflow/example_dags/example_kubernetes_executor.py
[2026-03-19T22:50:48.913+0000] {processor.py:925} INFO - DAG(s) 'example_kubernetes_executor' retrieved from /home/airflow/.local/lib/python3.12/site-packages/airflow/example_dags/example_kubernetes_executor.py
[2026-03-19T22:50:48.933+0000] {logging_mixin.py:190} INFO - [2026-03-19T22:50:48.933+0000] {dag.py:3239} INFO - Sync 1 DAGs
[2026-03-19T22:50:48.946+0000] {logging_mixin.py:190} INFO - [2026-03-19T22:50:48.945+0000] {dag.py:4180} INFO - Setting next_dagrun for example_kubernetes_executor to None, run_after=None
[2026-03-19T22:50:48.964+0000] {processor.py:208} INFO - Processing /home/airflow/.local/lib/python3.12/site-packages/airflow/example_dags/example_kubernetes_executor.py took 0.072 seconds
[2026-03-19T22:51:19.792+0000] {processor.py:186} INFO - Started process (PID=497) to work on /home/airflow/.local/lib/python3.12/site-packages/airflow/example_dags/example_kubernetes_executor.py
[2026-03-19T22:51:19.793+0000] {processor.py:914} INFO - Processing file /home/airflow/.local/lib/python3.12/site-packages/airflow/example_dags/example_kubernetes_executor.py for tasks to queue
[2026-03-19T22:51:19.795+0000] {logging_mixin.py:190} INFO - [2026-03-19T22:51:19.795+0000] {dagbag.py:588} INFO - Filling up the DagBag from /home/airflow/.local/lib/python3.12/site-packages/airflow/example_dags/example_kubernetes_executor.py
[2026-03-19T22:51:19.808+0000] {processor.py:925} INFO - DAG(s) 'example_kubernetes_executor' retrieved from /home/airflow/.local/lib/python3.12/site-packages/airflow/example_dags/example_kubernetes_executor.py
[2026-03-19T22:51:19.828+0000] {logging_mixin.py:190} INFO - [2026-03-19T22:51:19.828+0000] {dag.py:3239} INFO - Sync 1 DAGs
[2026-03-19T22:51:19.841+0000] {logging_mixin.py:190} INFO - [2026-03-19T22:51:19.841+0000] {dag.py:4180} INFO - Setting next_dagrun for example_kubernetes_executor to None, run_after=None
[2026-03-19T22:51:19.862+0000] {processor.py:208} INFO - Processing /home/airflow/.local/lib/python3.12/site-packages/airflow/example_dags/example_kubernetes_executor.py took 0.075 seconds
[2026-03-19T22:51:50.024+0000] {processor.py:186} INFO - Started process (PID=555) to work on /home/airflow/.local/lib/python3.12/site-packages/airflow/example_dags/example_kubernetes_executor.py
[2026-03-19T22:51:50.024+0000] {processor.py:914} INFO - Processing file /home/airflow/.local/lib/python3.12/site-packages/airflow/example_dags/example_kubernetes_executor.py for tasks to queue
[2026-03-19T22:51:50.026+0000] {logging_mixin.py:190} INFO - [2026-03-19T22:51:50.026+0000] {dagbag.py:588} INFO - Filling up the DagBag from /home/airflow/.local/lib/python3.12/site-packages/airflow/example_dags/example_kubernetes_executor.py
[2026-03-19T22:51:50.038+0000] {processor.py:925} INFO - DAG(s) 'example_kubernetes_executor' retrieved from /home/airflow/.local/lib/python3.12/site-packages/airflow/example_dags/example_kubernetes_executor.py
[2026-03-19T22:51:50.058+0000] {logging_mixin.py:190} INFO - [2026-03-19T22:51:50.057+0000] {dag.py:3239} INFO - Sync 1 DAGs
[2026-03-19T22:51:50.070+0000] {logging_mixin.py:190} INFO - [2026-03-19T22:51:50.070+0000] {dag.py:4180} INFO - Setting next_dagrun for example_kubernetes_executor to None, run_after=None
[2026-03-19T22:51:50.091+0000] {processor.py:208} INFO - Processing /home/airflow/.local/lib/python3.12/site-packages/airflow/example_dags/example_kubernetes_executor.py took 0.073 seconds
[2026-03-19T22:52:20.756+0000] {processor.py:186} INFO - Started process (PID=613) to work on /home/airflow/.local/lib/python3.12/site-packages/airflow/example_dags/example_kubernetes_executor.py
[2026-03-19T22:52:20.757+0000] {processor.py:914} INFO - Processing file /home/airflow/.local/lib/python3.12/site-packages/airflow/example_dags/example_kubernetes_executor.py for tasks to queue
[2026-03-19T22:52:20.759+0000] {logging_mixin.py:190} INFO - [2026-03-19T22:52:20.759+0000] {dagbag.py:588} INFO - Filling up the DagBag from /home/airflow/.local/lib/python3.12/site-packages/airflow/example_dags/example_kubernetes_executor.py
[2026-03-19T22:52:20.772+0000] {processor.py:925} INFO - DAG(s) 'example_kubernetes_executor' retrieved from /home/airflow/.local/lib/python3.12/site-packages/airflow/example_dags/example_kubernetes_executor.py
[2026-03-19T22:52:20.793+0000] {logging_mixin.py:190} INFO - [2026-03-19T22:52:20.793+0000] {dag.py:3239} INFO - Sync 1 DAGs
[2026-03-19T22:52:20.806+0000] {logging_mixin.py:190} INFO - [2026-03-19T22:52:20.806+0000] {dag.py:4180} INFO - Setting next_dagrun for example_kubernetes_executor to None, run_after=None
[2026-03-19T22:52:20.825+0000] {processor.py:208} INFO - Processing /home/airflow/.local/lib/python3.12/site-packages/airflow/example_dags/example_kubernetes_executor.py took 0.073 seconds
[2026-03-19T22:52:52.054+0000] {processor.py:186} INFO - Started process (PID=671) to work on /home/airflow/.local/lib/python3.12/site-packages/airflow/example_dags/example_kubernetes_executor.py
[2026-03-19T22:52:52.055+0000] {processor.py:914} INFO - Processing file /home/airflow/.local/lib/python3.12/site-packages/airflow/example_dags/example_kubernetes_executor.py for tasks to queue
[2026-03-19T22:52:52.057+0000] {logging_mixin.py:190} INFO - [2026-03-19T22:52:52.056+0000] {dagbag.py:588} INFO - Filling up the DagBag from /home/airflow/.local/lib/python3.12/site-packages/airflow/example_dags/example_kubernetes_executor.py
[2026-03-19T22:52:52.069+0000] {processor.py:925} INFO - DAG(s) 'example_kubernetes_executor' retrieved from /home/airflow/.local/lib/python3.12/site-packages/airflow/example_dags/example_kubernetes_executor.py
[2026-03-19T22:52:52.089+0000] {logging_mixin.py:190} INFO - [2026-03-19T22:52:52.088+0000] {dag.py:3239} INFO - Sync 1 DAGs
[2026-03-19T22:52:52.101+0000] {logging_mixin.py:190} INFO - [2026-03-19T22:52:52.101+0000] {dag.py:4180} INFO - Setting next_dagrun for example_kubernetes_executor to None, run_after=None
[2026-03-19T22:52:52.121+0000] {processor.py:208} INFO - Processing /home/airflow/.local/lib/python3.12/site-packages/airflow/example_dags/example_kubernetes_executor.py took 0.072 seconds
[2026-03-19T22:53:23.455+0000] {processor.py:186} INFO - Started process (PID=728) to work on /home/airflow/.local/lib/python3.12/site-packages/airflow/example_dags/example_kubernetes_executor.py
[2026-03-19T22:53:23.455+0000] {processor.py:914} INFO - Processing file /home/airflow/.local/lib/python3.12/site-packages/airflow/example_dags/example_kubernetes_executor.py for tasks to queue
[2026-03-19T22:53:23.457+0000] {logging_mixin.py:190} INFO - [2026-03-19T22:53:23.457+0000] {dagbag.py:588} INFO - Filling up the DagBag from /home/airflow/.local/lib/python3.12/site-packages/airflow/example_dags/example_kubernetes_executor.py
[2026-03-19T22:53:23.469+0000] {processor.py:925} INFO - DAG(s) 'example_kubernetes_executor' retrieved from /home/airflow/.local/lib/python3.12/site-packages/airflow/example_dags/example_kubernetes_executor.py
[2026-03-19T22:53:23.491+0000] {logging_mixin.py:190} INFO - [2026-03-19T22:53:23.491+0000] {dag.py:3239} INFO - Sync 1 DAGs
[2026-03-19T22:53:23.503+0000] {logging_mixin.py:190} INFO - [2026-03-19T22:53:23.503+0000] {dag.py:4180} INFO - Setting next_dagrun for example_kubernetes_executor to None, run_after=None
[2026-03-19T22:53:23.523+0000] {processor.py:208} INFO - Processing /home/airflow/.local/lib/python3.12/site-packages/airflow/example_dags/example_kubernetes_executor.py took 0.074 seconds
[2026-03-19T22:53:55.117+0000] {processor.py:186} INFO - Started process (PID=787) to work on /home/airflow/.local/lib/python3.12/site-packages/airflow/example_dags/example_kubernetes_executor.py
[2026-03-19T22:53:55.118+0000] {processor.py:914} INFO - Processing file /home/airflow/.local/lib/python3.12/site-packages/airflow/example_dags/example_kubernetes_executor.py for tasks to queue
[2026-03-19T22:53:55.119+0000] {logging_mixin.py:190} INFO - [2026-03-19T22:53:55.119+0000] {dagbag.py:588} INFO - Filling up the DagBag from /home/airflow/.local/lib/python3.12/site-packages/airflow/example_dags/example_kubernetes_executor.py
[2026-03-19T22:53:55.135+0000] {processor.py:925} INFO - DAG(s) 'example_kubernetes_executor' retrieved from /home/airflow/.local/lib/python3.12/site-packages/airflow/example_dags/example_kubernetes_executor.py
[2026-03-19T22:53:55.157+0000] {logging_mixin.py:190} INFO - [2026-03-19T22:53:55.156+0000] {dag.py:3239} INFO - Sync 1 DAGs
[2026-03-19T22:53:55.169+0000] {logging_mixin.py:190} INFO - [2026-03-19T22:53:55.169+0000] {dag.py:4180} INFO - Setting next_dagrun for example_kubernetes_executor to None, run_after=None
[2026-03-19T22:53:55.189+0000] {processor.py:208} INFO - Processing /home/airflow/.local/lib/python3.12/site-packages/airflow/example_dags/example_kubernetes_executor.py took 0.077 seconds
[2026-03-19T22:54:26.380+0000] {processor.py:186} INFO - Started process (PID=845) to work on /home/airflow/.local/lib/python3.12/site-packages/airflow/example_dags/example_kubernetes_executor.py
[2026-03-19T22:54:26.381+0000] {processor.py:914} INFO - Processing file /home/airflow/.local/lib/python3.12/site-packages/airflow/example_dags/example_kubernetes_executor.py for tasks to queue
[2026-03-19T22:54:26.383+0000] {logging_mixin.py:190} INFO - [2026-03-19T22:54:26.383+0000] {dagbag.py:588} INFO - Filling up the DagBag from /home/airflow/.local/lib/python3.12/site-packages/airflow/example_dags/example_kubernetes_executor.py
[2026-03-19T22:54:26.395+0000] {processor.py:925} INFO - DAG(s) 'example_kubernetes_executor' retrieved from /home/airflow/.local/lib/python3.12/site-packages/airflow/example_dags/example_kubernetes_executor.py
[2026-03-19T22:54:26.416+0000] {logging_mixin.py:190} INFO - [2026-03-19T22:54:26.416+0000] {dag.py:3239} INFO - Sync 1 DAGs
[2026-03-19T22:54:26.429+0000] {logging_mixin.py:190} INFO - [2026-03-19T22:54:26.429+0000] {dag.py:4180} INFO - Setting next_dagrun for example_kubernetes_executor to None, run_after=None
[2026-03-19T22:54:26.448+0000] {processor.py:208} INFO - Processing /home/airflow/.local/lib/python3.12/site-packages/airflow/example_dags/example_kubernetes_executor.py took 0.073 seconds
[2026-03-19T22:54:57.637+0000] {processor.py:186} INFO - Started process (PID=903) to work on /home/airflow/.local/lib/python3.12/site-packages/airflow/example_dags/example_kubernetes_executor.py
[2026-03-19T22:54:57.638+0000] {processor.py:914} INFO - Processing file /home/airflow/.local/lib/python3.12/site-packages/airflow/example_dags/example_kubernetes_executor.py for tasks to queue
[2026-03-19T22:54:57.639+0000] {logging_mixin.py:190} INFO - [2026-03-19T22:54:57.639+0000] {dagbag.py:588} INFO - Filling up the DagBag from /home/airflow/.local/lib/python3.12/site-packages/airflow/example_dags/example_kubernetes_executor.py
[2026-03-19T22:54:57.651+0000] {processor.py:925} INFO - DAG(s) 'example_kubernetes_executor' retrieved from /home/airflow/.local/lib/python3.12/site-packages/airflow/example_dags/example_kubernetes_executor.py
[2026-03-19T22:54:57.671+0000] {logging_mixin.py:190} INFO - [2026-03-19T22:54:57.671+0000] {dag.py:3239} INFO - Sync 1 DAGs
[2026-03-19T22:54:57.684+0000] {logging_mixin.py:190} INFO - [2026-03-19T22:54:57.683+0000] {dag.py:4180} INFO - Setting next_dagrun for example_kubernetes_executor to None, run_after=None
[2026-03-19T22:54:57.704+0000] {processor.py:208} INFO - Processing /home/airflow/.local/lib/python3.12/site-packages/airflow/example_dags/example_kubernetes_executor.py took 0.072 seconds
[2026-03-19T22:55:29.016+0000] {processor.py:186} INFO - Started process (PID=961) to work on /home/airflow/.local/lib/python3.12/site-packages/airflow/example_dags/example_kubernetes_executor.py
[2026-03-19T22:55:29.017+0000] {processor.py:914} INFO - Processing file /home/airflow/.local/lib/python3.12/site-packages/airflow/example_dags/example_kubernetes_executor.py for tasks to queue
[2026-03-19T22:55:29.019+0000] {logging_mixin.py:190} INFO - [2026-03-19T22:55:29.019+0000] {dagbag.py:588} INFO - Filling up the DagBag from /home/airflow/.local/lib/python3.12/site-packages/airflow/example_dags/example_kubernetes_executor.py
[2026-03-19T22:55:29.031+0000] {processor.py:925} INFO - DAG(s) 'example_kubernetes_executor' retrieved from /home/airflow/.local/lib/python3.12/site-packages/airflow/example_dags/example_kubernetes_executor.py
[2026-03-19T22:55:29.053+0000] {logging_mixin.py:190} INFO - [2026-03-19T22:55:29.052+0000] {dag.py:3239} INFO - Sync 1 DAGs
[2026-03-19T22:55:29.066+0000] {logging_mixin.py:190} INFO - [2026-03-19T22:55:29.065+0000] {dag.py:4180} INFO - Setting next_dagrun for example_kubernetes_executor to None, run_after=None
[2026-03-19T22:55:29.089+0000] {processor.py:208} INFO - Processing /home/airflow/.local/lib/python3.12/site-packages/airflow/example_dags/example_kubernetes_executor.py took 0.078 seconds
