[2026-03-19T22:36:59.276+0000] {processor.py:186} INFO - Started process (PID=76) to work on /home/airflow/.local/lib/python3.12/site-packages/airflow/example_dags/example_branch_python_dop_operator_3.py
[2026-03-19T22:36:59.280+0000] {processor.py:914} INFO - Processing file /home/airflow/.local/lib/python3.12/site-packages/airflow/example_dags/example_branch_python_dop_operator_3.py for tasks to queue
[2026-03-19T22:36:59.289+0000] {logging_mixin.py:190} INFO - [2026-03-19T22:36:59.288+0000] {dagbag.py:588} INFO - Filling up the DagBag from /home/airflow/.local/lib/python3.12/site-packages/airflow/example_dags/example_branch_python_dop_operator_3.py
[2026-03-19T22:36:59.321+0000] {processor.py:925} INFO - DAG(s) 'example_branch_dop_operator_v3' retrieved from /home/airflow/.local/lib/python3.12/site-packages/airflow/example_dags/example_branch_python_dop_operator_3.py
[2026-03-19T22:37:00.419+0000] {logging_mixin.py:190} INFO - [2026-03-19T22:37:00.417+0000] {override.py:1911} INFO - Created Permission View: can read on DAG:example_branch_dop_operator_v3
[2026-03-19T22:37:00.442+0000] {logging_mixin.py:190} INFO - [2026-03-19T22:37:00.441+0000] {override.py:1911} INFO - Created Permission View: can delete on DAG:example_branch_dop_operator_v3
[2026-03-19T22:37:00.461+0000] {logging_mixin.py:190} INFO - [2026-03-19T22:37:00.461+0000] {override.py:1911} INFO - Created Permission View: can edit on DAG:example_branch_dop_operator_v3
[2026-03-19T22:37:00.490+0000] {logging_mixin.py:190} INFO - [2026-03-19T22:37:00.490+0000] {override.py:1911} INFO - Created Permission View: can read on DAG Run:example_branch_dop_operator_v3
[2026-03-19T22:37:00.511+0000] {logging_mixin.py:190} INFO - [2026-03-19T22:37:00.511+0000] {override.py:1911} INFO - Created Permission View: can create on DAG Run:example_branch_dop_operator_v3
[2026-03-19T22:37:00.537+0000] {logging_mixin.py:190} INFO - [2026-03-19T22:37:00.537+0000] {override.py:1911} INFO - Created Permission View: menu access on DAG Run:example_branch_dop_operator_v3
[2026-03-19T22:37:00.558+0000] {logging_mixin.py:190} INFO - [2026-03-19T22:37:00.557+0000] {override.py:1911} INFO - Created Permission View: can delete on DAG Run:example_branch_dop_operator_v3
[2026-03-19T22:37:00.558+0000] {logging_mixin.py:190} INFO - [2026-03-19T22:37:00.558+0000] {dag.py:3239} INFO - Sync 1 DAGs
[2026-03-19T22:37:00.590+0000] {logging_mixin.py:190} INFO - [2026-03-19T22:37:00.589+0000] {dag.py:3262} INFO - Creating ORM DAG for example_branch_dop_operator_v3
[2026-03-19T22:37:00.617+0000] {logging_mixin.py:190} INFO - [2026-03-19T22:37:00.617+0000] {dag.py:4180} INFO - Setting next_dagrun for example_branch_dop_operator_v3 to 2026-03-19 22:36:00+00:00, run_after=2026-03-19 22:37:00+00:00
[2026-03-19T22:37:00.662+0000] {processor.py:208} INFO - Processing /home/airflow/.local/lib/python3.12/site-packages/airflow/example_dags/example_branch_python_dop_operator_3.py took 1.395 seconds
[2026-03-19T22:39:28.883+0000] {processor.py:186} INFO - Started process (PID=134) to work on /home/airflow/.local/lib/python3.12/site-packages/airflow/example_dags/example_branch_python_dop_operator_3.py
[2026-03-19T22:39:29.108+0000] {processor.py:914} INFO - Processing file /home/airflow/.local/lib/python3.12/site-packages/airflow/example_dags/example_branch_python_dop_operator_3.py for tasks to queue
[2026-03-19T22:39:29.319+0000] {logging_mixin.py:190} INFO - [2026-03-19T22:39:29.253+0000] {dagbag.py:588} INFO - Filling up the DagBag from /home/airflow/.local/lib/python3.12/site-packages/airflow/example_dags/example_branch_python_dop_operator_3.py
[2026-03-19T22:39:30.720+0000] {processor.py:925} INFO - DAG(s) 'example_branch_dop_operator_v3' retrieved from /home/airflow/.local/lib/python3.12/site-packages/airflow/example_dags/example_branch_python_dop_operator_3.py
[2026-03-19T22:39:36.793+0000] {logging_mixin.py:190} INFO - [2026-03-19T22:39:36.567+0000] {dag.py:3239} INFO - Sync 1 DAGs
[2026-03-19T22:39:42.088+0000] {logging_mixin.py:190} INFO - [2026-03-19T22:39:42.036+0000] {dag.py:4180} INFO - Setting next_dagrun for example_branch_dop_operator_v3 to 2026-03-19 22:38:00+00:00, run_after=2026-03-19 22:39:00+00:00
[2026-03-19T22:39:44.005+0000] {processor.py:208} INFO - Processing /home/airflow/.local/lib/python3.12/site-packages/airflow/example_dags/example_branch_python_dop_operator_3.py took 15.903 seconds
[2026-03-19T22:43:55.487+0000] {processor.py:186} INFO - Started process (PID=192) to work on /home/airflow/.local/lib/python3.12/site-packages/airflow/example_dags/example_branch_python_dop_operator_3.py
[2026-03-19T22:43:55.589+0000] {processor.py:914} INFO - Processing file /home/airflow/.local/lib/python3.12/site-packages/airflow/example_dags/example_branch_python_dop_operator_3.py for tasks to queue
[2026-03-19T22:43:55.698+0000] {logging_mixin.py:190} INFO - [2026-03-19T22:43:55.654+0000] {dagbag.py:588} INFO - Filling up the DagBag from /home/airflow/.local/lib/python3.12/site-packages/airflow/example_dags/example_branch_python_dop_operator_3.py
[2026-03-19T22:43:56.954+0000] {processor.py:925} INFO - DAG(s) 'example_branch_dop_operator_v3' retrieved from /home/airflow/.local/lib/python3.12/site-packages/airflow/example_dags/example_branch_python_dop_operator_3.py
[2026-03-19T22:44:00.022+0000] {logging_mixin.py:190} INFO - [2026-03-19T22:43:59.834+0000] {dag.py:3239} INFO - Sync 1 DAGs
[2026-03-19T22:44:03.336+0000] {logging_mixin.py:190} INFO - [2026-03-19T22:44:03.275+0000] {dag.py:4180} INFO - Setting next_dagrun for example_branch_dop_operator_v3 to 2026-03-19 22:43:00+00:00, run_after=2026-03-19 22:44:00+00:00
[2026-03-19T22:44:06.663+0000] {processor.py:208} INFO - Processing /home/airflow/.local/lib/python3.12/site-packages/airflow/example_dags/example_branch_python_dop_operator_3.py took 12.492 seconds
[2026-03-19T22:47:42.719+0000] {processor.py:186} INFO - Started process (PID=76) to work on /home/airflow/.local/lib/python3.12/site-packages/airflow/example_dags/example_branch_python_dop_operator_3.py
[2026-03-19T22:47:42.721+0000] {processor.py:914} INFO - Processing file /home/airflow/.local/lib/python3.12/site-packages/airflow/example_dags/example_branch_python_dop_operator_3.py for tasks to queue
[2026-03-19T22:47:42.723+0000] {logging_mixin.py:190} INFO - [2026-03-19T22:47:42.723+0000] {dagbag.py:588} INFO - Filling up the DagBag from /home/airflow/.local/lib/python3.12/site-packages/airflow/example_dags/example_branch_python_dop_operator_3.py
[2026-03-19T22:47:42.732+0000] {processor.py:925} INFO - DAG(s) 'example_branch_dop_operator_v3' retrieved from /home/airflow/.local/lib/python3.12/site-packages/airflow/example_dags/example_branch_python_dop_operator_3.py
[2026-03-19T22:47:42.828+0000] {logging_mixin.py:190} INFO - [2026-03-19T22:47:42.827+0000] {override.py:1911} INFO - Created Permission View: can delete on DAG:example_branch_dop_operator_v3
[2026-03-19T22:47:42.843+0000] {logging_mixin.py:190} INFO - [2026-03-19T22:47:42.843+0000] {override.py:1911} INFO - Created Permission View: can edit on DAG:example_branch_dop_operator_v3
[2026-03-19T22:47:42.852+0000] {logging_mixin.py:190} INFO - [2026-03-19T22:47:42.851+0000] {override.py:1911} INFO - Created Permission View: can read on DAG:example_branch_dop_operator_v3
[2026-03-19T22:47:42.876+0000] {logging_mixin.py:190} INFO - [2026-03-19T22:47:42.876+0000] {override.py:1911} INFO - Created Permission View: can create on DAG Run:example_branch_dop_operator_v3
[2026-03-19T22:47:42.890+0000] {logging_mixin.py:190} INFO - [2026-03-19T22:47:42.890+0000] {override.py:1911} INFO - Created Permission View: can delete on DAG Run:example_branch_dop_operator_v3
[2026-03-19T22:47:42.902+0000] {logging_mixin.py:190} INFO - [2026-03-19T22:47:42.902+0000] {override.py:1911} INFO - Created Permission View: menu access on DAG Run:example_branch_dop_operator_v3
[2026-03-19T22:47:42.911+0000] {logging_mixin.py:190} INFO - [2026-03-19T22:47:42.911+0000] {override.py:1911} INFO - Created Permission View: can read on DAG Run:example_branch_dop_operator_v3
[2026-03-19T22:47:42.912+0000] {logging_mixin.py:190} INFO - [2026-03-19T22:47:42.912+0000] {dag.py:3239} INFO - Sync 1 DAGs
[2026-03-19T22:47:42.925+0000] {logging_mixin.py:190} INFO - [2026-03-19T22:47:42.925+0000] {dag.py:3262} INFO - Creating ORM DAG for example_branch_dop_operator_v3
[2026-03-19T22:47:42.938+0000] {logging_mixin.py:190} INFO - [2026-03-19T22:47:42.938+0000] {dag.py:4180} INFO - Setting next_dagrun for example_branch_dop_operator_v3 to 2026-03-19 22:46:00+00:00, run_after=2026-03-19 22:47:00+00:00
[2026-03-19T22:47:42.956+0000] {processor.py:208} INFO - Processing /home/airflow/.local/lib/python3.12/site-packages/airflow/example_dags/example_branch_python_dop_operator_3.py took 0.241 seconds
[2026-03-19T22:48:13.377+0000] {processor.py:186} INFO - Started process (PID=133) to work on /home/airflow/.local/lib/python3.12/site-packages/airflow/example_dags/example_branch_python_dop_operator_3.py
[2026-03-19T22:48:13.379+0000] {processor.py:914} INFO - Processing file /home/airflow/.local/lib/python3.12/site-packages/airflow/example_dags/example_branch_python_dop_operator_3.py for tasks to queue
[2026-03-19T22:48:13.381+0000] {logging_mixin.py:190} INFO - [2026-03-19T22:48:13.381+0000] {dagbag.py:588} INFO - Filling up the DagBag from /home/airflow/.local/lib/python3.12/site-packages/airflow/example_dags/example_branch_python_dop_operator_3.py
[2026-03-19T22:48:13.392+0000] {processor.py:925} INFO - DAG(s) 'example_branch_dop_operator_v3' retrieved from /home/airflow/.local/lib/python3.12/site-packages/airflow/example_dags/example_branch_python_dop_operator_3.py
[2026-03-19T22:48:13.411+0000] {logging_mixin.py:190} INFO - [2026-03-19T22:48:13.411+0000] {dag.py:3239} INFO - Sync 1 DAGs
[2026-03-19T22:48:13.437+0000] {logging_mixin.py:190} INFO - [2026-03-19T22:48:13.437+0000] {dag.py:4180} INFO - Setting next_dagrun for example_branch_dop_operator_v3 to 2026-03-19 22:47:00+00:00, run_after=2026-03-19 22:48:00+00:00
[2026-03-19T22:48:13.460+0000] {processor.py:208} INFO - Processing /home/airflow/.local/lib/python3.12/site-packages/airflow/example_dags/example_branch_python_dop_operator_3.py took 0.089 seconds
[2026-03-19T22:48:43.941+0000] {processor.py:186} INFO - Started process (PID=191) to work on /home/airflow/.local/lib/python3.12/site-packages/airflow/example_dags/example_branch_python_dop_operator_3.py
[2026-03-19T22:48:43.942+0000] {processor.py:914} INFO - Processing file /home/airflow/.local/lib/python3.12/site-packages/airflow/example_dags/example_branch_python_dop_operator_3.py for tasks to queue
[2026-03-19T22:48:43.944+0000] {logging_mixin.py:190} INFO - [2026-03-19T22:48:43.943+0000] {dagbag.py:588} INFO - Filling up the DagBag from /home/airflow/.local/lib/python3.12/site-packages/airflow/example_dags/example_branch_python_dop_operator_3.py
[2026-03-19T22:48:43.952+0000] {processor.py:925} INFO - DAG(s) 'example_branch_dop_operator_v3' retrieved from /home/airflow/.local/lib/python3.12/site-packages/airflow/example_dags/example_branch_python_dop_operator_3.py
[2026-03-19T22:48:43.968+0000] {logging_mixin.py:190} INFO - [2026-03-19T22:48:43.967+0000] {dag.py:3239} INFO - Sync 1 DAGs
[2026-03-19T22:48:43.989+0000] {logging_mixin.py:190} INFO - [2026-03-19T22:48:43.989+0000] {dag.py:4180} INFO - Setting next_dagrun for example_branch_dop_operator_v3 to 2026-03-19 22:47:00+00:00, run_after=2026-03-19 22:48:00+00:00
[2026-03-19T22:48:44.008+0000] {processor.py:208} INFO - Processing /home/airflow/.local/lib/python3.12/site-packages/airflow/example_dags/example_branch_python_dop_operator_3.py took 0.072 seconds
[2026-03-19T22:49:14.805+0000] {processor.py:186} INFO - Started process (PID=249) to work on /home/airflow/.local/lib/python3.12/site-packages/airflow/example_dags/example_branch_python_dop_operator_3.py
[2026-03-19T22:49:14.806+0000] {processor.py:914} INFO - Processing file /home/airflow/.local/lib/python3.12/site-packages/airflow/example_dags/example_branch_python_dop_operator_3.py for tasks to queue
[2026-03-19T22:49:14.808+0000] {logging_mixin.py:190} INFO - [2026-03-19T22:49:14.808+0000] {dagbag.py:588} INFO - Filling up the DagBag from /home/airflow/.local/lib/python3.12/site-packages/airflow/example_dags/example_branch_python_dop_operator_3.py
[2026-03-19T22:49:14.817+0000] {processor.py:925} INFO - DAG(s) 'example_branch_dop_operator_v3' retrieved from /home/airflow/.local/lib/python3.12/site-packages/airflow/example_dags/example_branch_python_dop_operator_3.py
[2026-03-19T22:49:14.833+0000] {logging_mixin.py:190} INFO - [2026-03-19T22:49:14.833+0000] {dag.py:3239} INFO - Sync 1 DAGs
[2026-03-19T22:49:14.855+0000] {logging_mixin.py:190} INFO - [2026-03-19T22:49:14.855+0000] {dag.py:4180} INFO - Setting next_dagrun for example_branch_dop_operator_v3 to 2026-03-19 22:48:00+00:00, run_after=2026-03-19 22:49:00+00:00
[2026-03-19T22:49:14.876+0000] {processor.py:208} INFO - Processing /home/airflow/.local/lib/python3.12/site-packages/airflow/example_dags/example_branch_python_dop_operator_3.py took 0.075 seconds
[2026-03-19T22:49:46.020+0000] {processor.py:186} INFO - Started process (PID=307) to work on /home/airflow/.local/lib/python3.12/site-packages/airflow/example_dags/example_branch_python_dop_operator_3.py
[2026-03-19T22:49:46.021+0000] {processor.py:914} INFO - Processing file /home/airflow/.local/lib/python3.12/site-packages/airflow/example_dags/example_branch_python_dop_operator_3.py for tasks to queue
[2026-03-19T22:49:46.023+0000] {logging_mixin.py:190} INFO - [2026-03-19T22:49:46.023+0000] {dagbag.py:588} INFO - Filling up the DagBag from /home/airflow/.local/lib/python3.12/site-packages/airflow/example_dags/example_branch_python_dop_operator_3.py
[2026-03-19T22:49:46.032+0000] {processor.py:925} INFO - DAG(s) 'example_branch_dop_operator_v3' retrieved from /home/airflow/.local/lib/python3.12/site-packages/airflow/example_dags/example_branch_python_dop_operator_3.py
[2026-03-19T22:49:46.047+0000] {logging_mixin.py:190} INFO - [2026-03-19T22:49:46.046+0000] {dag.py:3239} INFO - Sync 1 DAGs
[2026-03-19T22:49:46.068+0000] {logging_mixin.py:190} INFO - [2026-03-19T22:49:46.068+0000] {dag.py:4180} INFO - Setting next_dagrun for example_branch_dop_operator_v3 to 2026-03-19 22:48:00+00:00, run_after=2026-03-19 22:49:00+00:00
[2026-03-19T22:49:46.086+0000] {processor.py:208} INFO - Processing /home/airflow/.local/lib/python3.12/site-packages/airflow/example_dags/example_branch_python_dop_operator_3.py took 0.071 seconds
[2026-03-19T22:50:16.650+0000] {processor.py:186} INFO - Started process (PID=367) to work on /home/airflow/.local/lib/python3.12/site-packages/airflow/example_dags/example_branch_python_dop_operator_3.py
[2026-03-19T22:50:16.651+0000] {processor.py:914} INFO - Processing file /home/airflow/.local/lib/python3.12/site-packages/airflow/example_dags/example_branch_python_dop_operator_3.py for tasks to queue
[2026-03-19T22:50:16.653+0000] {logging_mixin.py:190} INFO - [2026-03-19T22:50:16.653+0000] {dagbag.py:588} INFO - Filling up the DagBag from /home/airflow/.local/lib/python3.12/site-packages/airflow/example_dags/example_branch_python_dop_operator_3.py
[2026-03-19T22:50:16.663+0000] {processor.py:925} INFO - DAG(s) 'example_branch_dop_operator_v3' retrieved from /home/airflow/.local/lib/python3.12/site-packages/airflow/example_dags/example_branch_python_dop_operator_3.py
[2026-03-19T22:50:16.679+0000] {logging_mixin.py:190} INFO - [2026-03-19T22:50:16.679+0000] {dag.py:3239} INFO - Sync 1 DAGs
[2026-03-19T22:50:16.701+0000] {logging_mixin.py:190} INFO - [2026-03-19T22:50:16.701+0000] {dag.py:4180} INFO - Setting next_dagrun for example_branch_dop_operator_v3 to 2026-03-19 22:49:00+00:00, run_after=2026-03-19 22:50:00+00:00
[2026-03-19T22:50:16.720+0000] {processor.py:208} INFO - Processing /home/airflow/.local/lib/python3.12/site-packages/airflow/example_dags/example_branch_python_dop_operator_3.py took 0.076 seconds
[2026-03-19T22:50:47.958+0000] {processor.py:186} INFO - Started process (PID=425) to work on /home/airflow/.local/lib/python3.12/site-packages/airflow/example_dags/example_branch_python_dop_operator_3.py
[2026-03-19T22:50:47.958+0000] {processor.py:914} INFO - Processing file /home/airflow/.local/lib/python3.12/site-packages/airflow/example_dags/example_branch_python_dop_operator_3.py for tasks to queue
[2026-03-19T22:50:47.960+0000] {logging_mixin.py:190} INFO - [2026-03-19T22:50:47.960+0000] {dagbag.py:588} INFO - Filling up the DagBag from /home/airflow/.local/lib/python3.12/site-packages/airflow/example_dags/example_branch_python_dop_operator_3.py
[2026-03-19T22:50:47.969+0000] {processor.py:925} INFO - DAG(s) 'example_branch_dop_operator_v3' retrieved from /home/airflow/.local/lib/python3.12/site-packages/airflow/example_dags/example_branch_python_dop_operator_3.py
[2026-03-19T22:50:47.986+0000] {logging_mixin.py:190} INFO - [2026-03-19T22:50:47.986+0000] {dag.py:3239} INFO - Sync 1 DAGs
[2026-03-19T22:50:48.008+0000] {logging_mixin.py:190} INFO - [2026-03-19T22:50:48.008+0000] {dag.py:4180} INFO - Setting next_dagrun for example_branch_dop_operator_v3 to 2026-03-19 22:49:00+00:00, run_after=2026-03-19 22:50:00+00:00
[2026-03-19T22:50:48.026+0000] {processor.py:208} INFO - Processing /home/airflow/.local/lib/python3.12/site-packages/airflow/example_dags/example_branch_python_dop_operator_3.py took 0.073 seconds
[2026-03-19T22:51:18.660+0000] {processor.py:186} INFO - Started process (PID=483) to work on /home/airflow/.local/lib/python3.12/site-packages/airflow/example_dags/example_branch_python_dop_operator_3.py
[2026-03-19T22:51:18.661+0000] {processor.py:914} INFO - Processing file /home/airflow/.local/lib/python3.12/site-packages/airflow/example_dags/example_branch_python_dop_operator_3.py for tasks to queue
[2026-03-19T22:51:18.663+0000] {logging_mixin.py:190} INFO - [2026-03-19T22:51:18.663+0000] {dagbag.py:588} INFO - Filling up the DagBag from /home/airflow/.local/lib/python3.12/site-packages/airflow/example_dags/example_branch_python_dop_operator_3.py
[2026-03-19T22:51:18.672+0000] {processor.py:925} INFO - DAG(s) 'example_branch_dop_operator_v3' retrieved from /home/airflow/.local/lib/python3.12/site-packages/airflow/example_dags/example_branch_python_dop_operator_3.py
[2026-03-19T22:51:18.689+0000] {logging_mixin.py:190} INFO - [2026-03-19T22:51:18.689+0000] {dag.py:3239} INFO - Sync 1 DAGs
[2026-03-19T22:51:18.711+0000] {logging_mixin.py:190} INFO - [2026-03-19T22:51:18.711+0000] {dag.py:4180} INFO - Setting next_dagrun for example_branch_dop_operator_v3 to 2026-03-19 22:50:00+00:00, run_after=2026-03-19 22:51:00+00:00
[2026-03-19T22:51:18.731+0000] {processor.py:208} INFO - Processing /home/airflow/.local/lib/python3.12/site-packages/airflow/example_dags/example_branch_python_dop_operator_3.py took 0.076 seconds
[2026-03-19T22:51:48.784+0000] {processor.py:186} INFO - Started process (PID=540) to work on /home/airflow/.local/lib/python3.12/site-packages/airflow/example_dags/example_branch_python_dop_operator_3.py
[2026-03-19T22:51:48.785+0000] {processor.py:914} INFO - Processing file /home/airflow/.local/lib/python3.12/site-packages/airflow/example_dags/example_branch_python_dop_operator_3.py for tasks to queue
[2026-03-19T22:51:48.787+0000] {logging_mixin.py:190} INFO - [2026-03-19T22:51:48.787+0000] {dagbag.py:588} INFO - Filling up the DagBag from /home/airflow/.local/lib/python3.12/site-packages/airflow/example_dags/example_branch_python_dop_operator_3.py
[2026-03-19T22:51:48.796+0000] {processor.py:925} INFO - DAG(s) 'example_branch_dop_operator_v3' retrieved from /home/airflow/.local/lib/python3.12/site-packages/airflow/example_dags/example_branch_python_dop_operator_3.py
[2026-03-19T22:51:48.813+0000] {logging_mixin.py:190} INFO - [2026-03-19T22:51:48.813+0000] {dag.py:3239} INFO - Sync 1 DAGs
[2026-03-19T22:51:48.836+0000] {logging_mixin.py:190} INFO - [2026-03-19T22:51:48.836+0000] {dag.py:4180} INFO - Setting next_dagrun for example_branch_dop_operator_v3 to 2026-03-19 22:50:00+00:00, run_after=2026-03-19 22:51:00+00:00
[2026-03-19T22:51:48.853+0000] {processor.py:208} INFO - Processing /home/airflow/.local/lib/python3.12/site-packages/airflow/example_dags/example_branch_python_dop_operator_3.py took 0.074 seconds
[2026-03-19T22:52:19.387+0000] {processor.py:186} INFO - Started process (PID=598) to work on /home/airflow/.local/lib/python3.12/site-packages/airflow/example_dags/example_branch_python_dop_operator_3.py
[2026-03-19T22:52:19.388+0000] {processor.py:914} INFO - Processing file /home/airflow/.local/lib/python3.12/site-packages/airflow/example_dags/example_branch_python_dop_operator_3.py for tasks to queue
[2026-03-19T22:52:19.390+0000] {logging_mixin.py:190} INFO - [2026-03-19T22:52:19.390+0000] {dagbag.py:588} INFO - Filling up the DagBag from /home/airflow/.local/lib/python3.12/site-packages/airflow/example_dags/example_branch_python_dop_operator_3.py
[2026-03-19T22:52:19.399+0000] {processor.py:925} INFO - DAG(s) 'example_branch_dop_operator_v3' retrieved from /home/airflow/.local/lib/python3.12/site-packages/airflow/example_dags/example_branch_python_dop_operator_3.py
[2026-03-19T22:52:19.415+0000] {logging_mixin.py:190} INFO - [2026-03-19T22:52:19.414+0000] {dag.py:3239} INFO - Sync 1 DAGs
[2026-03-19T22:52:19.437+0000] {logging_mixin.py:190} INFO - [2026-03-19T22:52:19.437+0000] {dag.py:4180} INFO - Setting next_dagrun for example_branch_dop_operator_v3 to 2026-03-19 22:51:00+00:00, run_after=2026-03-19 22:52:00+00:00
[2026-03-19T22:52:19.457+0000] {processor.py:208} INFO - Processing /home/airflow/.local/lib/python3.12/site-packages/airflow/example_dags/example_branch_python_dop_operator_3.py took 0.075 seconds
[2026-03-19T22:52:50.762+0000] {processor.py:186} INFO - Started process (PID=655) to work on /home/airflow/.local/lib/python3.12/site-packages/airflow/example_dags/example_branch_python_dop_operator_3.py
[2026-03-19T22:52:50.763+0000] {processor.py:914} INFO - Processing file /home/airflow/.local/lib/python3.12/site-packages/airflow/example_dags/example_branch_python_dop_operator_3.py for tasks to queue
[2026-03-19T22:52:50.765+0000] {logging_mixin.py:190} INFO - [2026-03-19T22:52:50.765+0000] {dagbag.py:588} INFO - Filling up the DagBag from /home/airflow/.local/lib/python3.12/site-packages/airflow/example_dags/example_branch_python_dop_operator_3.py
[2026-03-19T22:52:50.774+0000] {processor.py:925} INFO - DAG(s) 'example_branch_dop_operator_v3' retrieved from /home/airflow/.local/lib/python3.12/site-packages/airflow/example_dags/example_branch_python_dop_operator_3.py
[2026-03-19T22:52:50.790+0000] {logging_mixin.py:190} INFO - [2026-03-19T22:52:50.790+0000] {dag.py:3239} INFO - Sync 1 DAGs
[2026-03-19T22:52:50.812+0000] {logging_mixin.py:190} INFO - [2026-03-19T22:52:50.812+0000] {dag.py:4180} INFO - Setting next_dagrun for example_branch_dop_operator_v3 to 2026-03-19 22:51:00+00:00, run_after=2026-03-19 22:52:00+00:00
[2026-03-19T22:52:50.833+0000] {processor.py:208} INFO - Processing /home/airflow/.local/lib/python3.12/site-packages/airflow/example_dags/example_branch_python_dop_operator_3.py took 0.076 seconds
[2026-03-19T22:53:22.242+0000] {processor.py:186} INFO - Started process (PID=713) to work on /home/airflow/.local/lib/python3.12/site-packages/airflow/example_dags/example_branch_python_dop_operator_3.py
[2026-03-19T22:53:22.242+0000] {processor.py:914} INFO - Processing file /home/airflow/.local/lib/python3.12/site-packages/airflow/example_dags/example_branch_python_dop_operator_3.py for tasks to queue
[2026-03-19T22:53:22.244+0000] {logging_mixin.py:190} INFO - [2026-03-19T22:53:22.244+0000] {dagbag.py:588} INFO - Filling up the DagBag from /home/airflow/.local/lib/python3.12/site-packages/airflow/example_dags/example_branch_python_dop_operator_3.py
[2026-03-19T22:53:22.253+0000] {processor.py:925} INFO - DAG(s) 'example_branch_dop_operator_v3' retrieved from /home/airflow/.local/lib/python3.12/site-packages/airflow/example_dags/example_branch_python_dop_operator_3.py
[2026-03-19T22:53:22.270+0000] {logging_mixin.py:190} INFO - [2026-03-19T22:53:22.269+0000] {dag.py:3239} INFO - Sync 1 DAGs
[2026-03-19T22:53:22.291+0000] {logging_mixin.py:190} INFO - [2026-03-19T22:53:22.291+0000] {dag.py:4180} INFO - Setting next_dagrun for example_branch_dop_operator_v3 to 2026-03-19 22:52:00+00:00, run_after=2026-03-19 22:53:00+00:00
[2026-03-19T22:53:22.312+0000] {processor.py:208} INFO - Processing /home/airflow/.local/lib/python3.12/site-packages/airflow/example_dags/example_branch_python_dop_operator_3.py took 0.075 seconds
[2026-03-19T22:53:54.142+0000] {processor.py:186} INFO - Started process (PID=773) to work on /home/airflow/.local/lib/python3.12/site-packages/airflow/example_dags/example_branch_python_dop_operator_3.py
[2026-03-19T22:53:54.143+0000] {processor.py:914} INFO - Processing file /home/airflow/.local/lib/python3.12/site-packages/airflow/example_dags/example_branch_python_dop_operator_3.py for tasks to queue
[2026-03-19T22:53:54.145+0000] {logging_mixin.py:190} INFO - [2026-03-19T22:53:54.145+0000] {dagbag.py:588} INFO - Filling up the DagBag from /home/airflow/.local/lib/python3.12/site-packages/airflow/example_dags/example_branch_python_dop_operator_3.py
[2026-03-19T22:53:54.154+0000] {processor.py:925} INFO - DAG(s) 'example_branch_dop_operator_v3' retrieved from /home/airflow/.local/lib/python3.12/site-packages/airflow/example_dags/example_branch_python_dop_operator_3.py
[2026-03-19T22:53:54.170+0000] {logging_mixin.py:190} INFO - [2026-03-19T22:53:54.170+0000] {dag.py:3239} INFO - Sync 1 DAGs
[2026-03-19T22:53:54.192+0000] {logging_mixin.py:190} INFO - [2026-03-19T22:53:54.192+0000] {dag.py:4180} INFO - Setting next_dagrun for example_branch_dop_operator_v3 to 2026-03-19 22:52:00+00:00, run_after=2026-03-19 22:53:00+00:00
[2026-03-19T22:53:54.212+0000] {processor.py:208} INFO - Processing /home/airflow/.local/lib/python3.12/site-packages/airflow/example_dags/example_branch_python_dop_operator_3.py took 0.075 seconds
[2026-03-19T22:54:25.595+0000] {processor.py:186} INFO - Started process (PID=831) to work on /home/airflow/.local/lib/python3.12/site-packages/airflow/example_dags/example_branch_python_dop_operator_3.py
[2026-03-19T22:54:25.596+0000] {processor.py:914} INFO - Processing file /home/airflow/.local/lib/python3.12/site-packages/airflow/example_dags/example_branch_python_dop_operator_3.py for tasks to queue
[2026-03-19T22:54:25.598+0000] {logging_mixin.py:190} INFO - [2026-03-19T22:54:25.597+0000] {dagbag.py:588} INFO - Filling up the DagBag from /home/airflow/.local/lib/python3.12/site-packages/airflow/example_dags/example_branch_python_dop_operator_3.py
[2026-03-19T22:54:25.606+0000] {processor.py:925} INFO - DAG(s) 'example_branch_dop_operator_v3' retrieved from /home/airflow/.local/lib/python3.12/site-packages/airflow/example_dags/example_branch_python_dop_operator_3.py
[2026-03-19T22:54:25.623+0000] {logging_mixin.py:190} INFO - [2026-03-19T22:54:25.623+0000] {dag.py:3239} INFO - Sync 1 DAGs
[2026-03-19T22:54:25.644+0000] {logging_mixin.py:190} INFO - [2026-03-19T22:54:25.644+0000] {dag.py:4180} INFO - Setting next_dagrun for example_branch_dop_operator_v3 to 2026-03-19 22:53:00+00:00, run_after=2026-03-19 22:54:00+00:00
[2026-03-19T22:54:25.665+0000] {processor.py:208} INFO - Processing /home/airflow/.local/lib/python3.12/site-packages/airflow/example_dags/example_branch_python_dop_operator_3.py took 0.075 seconds
[2026-03-19T22:54:56.919+0000] {processor.py:186} INFO - Started process (PID=889) to work on /home/airflow/.local/lib/python3.12/site-packages/airflow/example_dags/example_branch_python_dop_operator_3.py
[2026-03-19T22:54:56.920+0000] {processor.py:914} INFO - Processing file /home/airflow/.local/lib/python3.12/site-packages/airflow/example_dags/example_branch_python_dop_operator_3.py for tasks to queue
[2026-03-19T22:54:56.922+0000] {logging_mixin.py:190} INFO - [2026-03-19T22:54:56.922+0000] {dagbag.py:588} INFO - Filling up the DagBag from /home/airflow/.local/lib/python3.12/site-packages/airflow/example_dags/example_branch_python_dop_operator_3.py
[2026-03-19T22:54:56.931+0000] {processor.py:925} INFO - DAG(s) 'example_branch_dop_operator_v3' retrieved from /home/airflow/.local/lib/python3.12/site-packages/airflow/example_dags/example_branch_python_dop_operator_3.py
[2026-03-19T22:54:56.947+0000] {logging_mixin.py:190} INFO - [2026-03-19T22:54:56.946+0000] {dag.py:3239} INFO - Sync 1 DAGs
[2026-03-19T22:54:56.968+0000] {logging_mixin.py:190} INFO - [2026-03-19T22:54:56.968+0000] {dag.py:4180} INFO - Setting next_dagrun for example_branch_dop_operator_v3 to 2026-03-19 22:53:00+00:00, run_after=2026-03-19 22:54:00+00:00
[2026-03-19T22:54:56.987+0000] {processor.py:208} INFO - Processing /home/airflow/.local/lib/python3.12/site-packages/airflow/example_dags/example_branch_python_dop_operator_3.py took 0.072 seconds
[2026-03-19T22:55:28.243+0000] {processor.py:186} INFO - Started process (PID=947) to work on /home/airflow/.local/lib/python3.12/site-packages/airflow/example_dags/example_branch_python_dop_operator_3.py
[2026-03-19T22:55:28.244+0000] {processor.py:914} INFO - Processing file /home/airflow/.local/lib/python3.12/site-packages/airflow/example_dags/example_branch_python_dop_operator_3.py for tasks to queue
[2026-03-19T22:55:28.246+0000] {logging_mixin.py:190} INFO - [2026-03-19T22:55:28.245+0000] {dagbag.py:588} INFO - Filling up the DagBag from /home/airflow/.local/lib/python3.12/site-packages/airflow/example_dags/example_branch_python_dop_operator_3.py
[2026-03-19T22:55:28.254+0000] {processor.py:925} INFO - DAG(s) 'example_branch_dop_operator_v3' retrieved from /home/airflow/.local/lib/python3.12/site-packages/airflow/example_dags/example_branch_python_dop_operator_3.py
[2026-03-19T22:55:28.270+0000] {logging_mixin.py:190} INFO - [2026-03-19T22:55:28.270+0000] {dag.py:3239} INFO - Sync 1 DAGs
[2026-03-19T22:55:28.292+0000] {logging_mixin.py:190} INFO - [2026-03-19T22:55:28.292+0000] {dag.py:4180} INFO - Setting next_dagrun for example_branch_dop_operator_v3 to 2026-03-19 22:54:00+00:00, run_after=2026-03-19 22:55:00+00:00
[2026-03-19T22:55:28.313+0000] {processor.py:208} INFO - Processing /home/airflow/.local/lib/python3.12/site-packages/airflow/example_dags/example_branch_python_dop_operator_3.py took 0.075 seconds
