[2026-03-19T22:36:56.379+0000] {processor.py:186} INFO - Started process (PID=73) to work on /home/airflow/.local/lib/python3.12/site-packages/airflow/example_dags/example_branch_datetime_operator.py
[2026-03-19T22:36:56.382+0000] {processor.py:914} INFO - Processing file /home/airflow/.local/lib/python3.12/site-packages/airflow/example_dags/example_branch_datetime_operator.py for tasks to queue
[2026-03-19T22:36:56.386+0000] {logging_mixin.py:190} INFO - [2026-03-19T22:36:56.386+0000] {dagbag.py:588} INFO - Filling up the DagBag from /home/airflow/.local/lib/python3.12/site-packages/airflow/example_dags/example_branch_datetime_operator.py
[2026-03-19T22:36:56.425+0000] {processor.py:925} INFO - DAG(s) 'example_branch_datetime_operator_2', 'example_branch_datetime_operator_3', 'example_branch_datetime_operator' retrieved from /home/airflow/.local/lib/python3.12/site-packages/airflow/example_dags/example_branch_datetime_operator.py
[2026-03-19T22:36:56.757+0000] {logging_mixin.py:190} INFO - [2026-03-19T22:36:56.756+0000] {override.py:1911} INFO - Created Permission View: can read on DAG:example_branch_datetime_operator_2
[2026-03-19T22:36:56.795+0000] {logging_mixin.py:190} INFO - [2026-03-19T22:36:56.795+0000] {override.py:1911} INFO - Created Permission View: can delete on DAG:example_branch_datetime_operator_2
[2026-03-19T22:36:56.818+0000] {logging_mixin.py:190} INFO - [2026-03-19T22:36:56.818+0000] {override.py:1911} INFO - Created Permission View: can edit on DAG:example_branch_datetime_operator_2
[2026-03-19T22:36:56.840+0000] {logging_mixin.py:190} INFO - [2026-03-19T22:36:56.840+0000] {override.py:1911} INFO - Created Permission View: can read on DAG Run:example_branch_datetime_operator_2
[2026-03-19T22:36:56.871+0000] {logging_mixin.py:190} INFO - [2026-03-19T22:36:56.870+0000] {override.py:1911} INFO - Created Permission View: can create on DAG Run:example_branch_datetime_operator_2
[2026-03-19T22:36:56.897+0000] {logging_mixin.py:190} INFO - [2026-03-19T22:36:56.893+0000] {override.py:1911} INFO - Created Permission View: menu access on DAG Run:example_branch_datetime_operator_2
[2026-03-19T22:36:56.927+0000] {logging_mixin.py:190} INFO - [2026-03-19T22:36:56.926+0000] {override.py:1911} INFO - Created Permission View: can delete on DAG Run:example_branch_datetime_operator_2
[2026-03-19T22:36:56.966+0000] {logging_mixin.py:190} INFO - [2026-03-19T22:36:56.966+0000] {override.py:1911} INFO - Created Permission View: can read on DAG:example_branch_datetime_operator_3
[2026-03-19T22:36:56.983+0000] {logging_mixin.py:190} INFO - [2026-03-19T22:36:56.982+0000] {override.py:1911} INFO - Created Permission View: can delete on DAG:example_branch_datetime_operator_3
[2026-03-19T22:36:57.000+0000] {logging_mixin.py:190} INFO - [2026-03-19T22:36:57.000+0000] {override.py:1911} INFO - Created Permission View: can edit on DAG:example_branch_datetime_operator_3
[2026-03-19T22:36:57.024+0000] {logging_mixin.py:190} INFO - [2026-03-19T22:36:57.023+0000] {override.py:1911} INFO - Created Permission View: can read on DAG Run:example_branch_datetime_operator_3
[2026-03-19T22:36:57.041+0000] {logging_mixin.py:190} INFO - [2026-03-19T22:36:57.040+0000] {override.py:1911} INFO - Created Permission View: can create on DAG Run:example_branch_datetime_operator_3
[2026-03-19T22:36:57.057+0000] {logging_mixin.py:190} INFO - [2026-03-19T22:36:57.056+0000] {override.py:1911} INFO - Created Permission View: menu access on DAG Run:example_branch_datetime_operator_3
[2026-03-19T22:36:57.159+0000] {logging_mixin.py:190} INFO - [2026-03-19T22:36:57.158+0000] {override.py:1911} INFO - Created Permission View: can delete on DAG Run:example_branch_datetime_operator_3
[2026-03-19T22:36:57.699+0000] {logging_mixin.py:190} INFO - [2026-03-19T22:36:57.698+0000] {override.py:1911} INFO - Created Permission View: can read on DAG:example_branch_datetime_operator
[2026-03-19T22:36:57.732+0000] {logging_mixin.py:190} INFO - [2026-03-19T22:36:57.731+0000] {override.py:1911} INFO - Created Permission View: can delete on DAG:example_branch_datetime_operator
[2026-03-19T22:36:57.747+0000] {logging_mixin.py:190} INFO - [2026-03-19T22:36:57.746+0000] {override.py:1911} INFO - Created Permission View: can edit on DAG:example_branch_datetime_operator
[2026-03-19T22:36:57.767+0000] {logging_mixin.py:190} INFO - [2026-03-19T22:36:57.766+0000] {override.py:1911} INFO - Created Permission View: can read on DAG Run:example_branch_datetime_operator
[2026-03-19T22:36:57.781+0000] {logging_mixin.py:190} INFO - [2026-03-19T22:36:57.781+0000] {override.py:1911} INFO - Created Permission View: can create on DAG Run:example_branch_datetime_operator
[2026-03-19T22:36:57.798+0000] {logging_mixin.py:190} INFO - [2026-03-19T22:36:57.797+0000] {override.py:1911} INFO - Created Permission View: menu access on DAG Run:example_branch_datetime_operator
[2026-03-19T22:36:57.811+0000] {logging_mixin.py:190} INFO - [2026-03-19T22:36:57.810+0000] {override.py:1911} INFO - Created Permission View: can delete on DAG Run:example_branch_datetime_operator
[2026-03-19T22:36:57.812+0000] {logging_mixin.py:190} INFO - [2026-03-19T22:36:57.811+0000] {dag.py:3239} INFO - Sync 3 DAGs
[2026-03-19T22:36:58.020+0000] {logging_mixin.py:190} INFO - [2026-03-19T22:36:58.020+0000] {dag.py:3262} INFO - Creating ORM DAG for example_branch_datetime_operator
[2026-03-19T22:36:58.021+0000] {logging_mixin.py:190} INFO - [2026-03-19T22:36:58.021+0000] {dag.py:3262} INFO - Creating ORM DAG for example_branch_datetime_operator_3
[2026-03-19T22:36:58.022+0000] {logging_mixin.py:190} INFO - [2026-03-19T22:36:58.022+0000] {dag.py:3262} INFO - Creating ORM DAG for example_branch_datetime_operator_2
[2026-03-19T22:36:58.049+0000] {logging_mixin.py:190} INFO - [2026-03-19T22:36:58.048+0000] {dag.py:4180} INFO - Setting next_dagrun for example_branch_datetime_operator to 2026-03-18 00:00:00+00:00, run_after=2026-03-19 00:00:00+00:00
[2026-03-19T22:36:58.052+0000] {logging_mixin.py:190} INFO - [2026-03-19T22:36:58.051+0000] {dag.py:4180} INFO - Setting next_dagrun for example_branch_datetime_operator_2 to 2026-03-18 00:00:00+00:00, run_after=2026-03-19 00:00:00+00:00
[2026-03-19T22:36:58.055+0000] {logging_mixin.py:190} INFO - [2026-03-19T22:36:58.055+0000] {dag.py:4180} INFO - Setting next_dagrun for example_branch_datetime_operator_3 to 2026-03-18 00:00:00+00:00, run_after=2026-03-19 00:00:00+00:00
[2026-03-19T22:36:58.089+0000] {processor.py:208} INFO - Processing /home/airflow/.local/lib/python3.12/site-packages/airflow/example_dags/example_branch_datetime_operator.py took 1.727 seconds
[2026-03-19T22:38:20.219+0000] {processor.py:186} INFO - Started process (PID=131) to work on /home/airflow/.local/lib/python3.12/site-packages/airflow/example_dags/example_branch_datetime_operator.py
[2026-03-19T22:38:21.005+0000] {processor.py:914} INFO - Processing file /home/airflow/.local/lib/python3.12/site-packages/airflow/example_dags/example_branch_datetime_operator.py for tasks to queue
[2026-03-19T22:38:23.394+0000] {logging_mixin.py:190} INFO - [2026-03-19T22:38:22.940+0000] {dagbag.py:588} INFO - Filling up the DagBag from /home/airflow/.local/lib/python3.12/site-packages/airflow/example_dags/example_branch_datetime_operator.py
[2026-03-19T22:38:28.696+0000] {processor.py:925} INFO - DAG(s) 'example_branch_datetime_operator', 'example_branch_datetime_operator_3', 'example_branch_datetime_operator_2' retrieved from /home/airflow/.local/lib/python3.12/site-packages/airflow/example_dags/example_branch_datetime_operator.py
[2026-03-19T22:38:40.988+0000] {logging_mixin.py:190} INFO - [2026-03-19T22:38:40.186+0000] {dag.py:3239} INFO - Sync 3 DAGs
[2026-03-19T22:38:55.028+0000] {logging_mixin.py:190} INFO - [2026-03-19T22:38:54.817+0000] {dag.py:4180} INFO - Setting next_dagrun for example_branch_datetime_operator to 2026-03-18 00:00:00+00:00, run_after=2026-03-19 00:00:00+00:00
[2026-03-19T22:38:57.288+0000] {logging_mixin.py:190} INFO - [2026-03-19T22:38:57.177+0000] {dag.py:4180} INFO - Setting next_dagrun for example_branch_datetime_operator_2 to 2026-03-18 00:00:00+00:00, run_after=2026-03-19 00:00:00+00:00
[2026-03-19T22:38:58.932+0000] {logging_mixin.py:190} INFO - [2026-03-19T22:38:58.765+0000] {dag.py:4180} INFO - Setting next_dagrun for example_branch_datetime_operator_3 to 2026-03-18 00:00:00+00:00, run_after=2026-03-19 00:00:00+00:00
[2026-03-19T22:43:15.506+0000] {processor.py:186} INFO - Started process (PID=189) to work on /home/airflow/.local/lib/python3.12/site-packages/airflow/example_dags/example_branch_datetime_operator.py
[2026-03-19T22:43:15.768+0000] {processor.py:914} INFO - Processing file /home/airflow/.local/lib/python3.12/site-packages/airflow/example_dags/example_branch_datetime_operator.py for tasks to queue
[2026-03-19T22:43:16.143+0000] {logging_mixin.py:190} INFO - [2026-03-19T22:43:15.982+0000] {dagbag.py:588} INFO - Filling up the DagBag from /home/airflow/.local/lib/python3.12/site-packages/airflow/example_dags/example_branch_datetime_operator.py
[2026-03-19T22:43:18.852+0000] {processor.py:925} INFO - DAG(s) 'example_branch_datetime_operator', 'example_branch_datetime_operator_3', 'example_branch_datetime_operator_2' retrieved from /home/airflow/.local/lib/python3.12/site-packages/airflow/example_dags/example_branch_datetime_operator.py
[2026-03-19T22:43:26.133+0000] {logging_mixin.py:190} INFO - [2026-03-19T22:43:26.079+0000] {dag.py:3239} INFO - Sync 3 DAGs
[2026-03-19T22:43:31.376+0000] {logging_mixin.py:190} INFO - [2026-03-19T22:43:31.268+0000] {dag.py:4180} INFO - Setting next_dagrun for example_branch_datetime_operator to 2026-03-18 00:00:00+00:00, run_after=2026-03-19 00:00:00+00:00
[2026-03-19T22:43:32.757+0000] {logging_mixin.py:190} INFO - [2026-03-19T22:43:32.634+0000] {dag.py:4180} INFO - Setting next_dagrun for example_branch_datetime_operator_2 to 2026-03-18 00:00:00+00:00, run_after=2026-03-19 00:00:00+00:00
[2026-03-19T22:43:33.468+0000] {logging_mixin.py:190} INFO - [2026-03-19T22:43:33.440+0000] {dag.py:4180} INFO - Setting next_dagrun for example_branch_datetime_operator_3 to 2026-03-18 00:00:00+00:00, run_after=2026-03-19 00:00:00+00:00
[2026-03-19T22:43:37.385+0000] {processor.py:208} INFO - Processing /home/airflow/.local/lib/python3.12/site-packages/airflow/example_dags/example_branch_datetime_operator.py took 23.319 seconds
[2026-03-19T22:47:41.999+0000] {processor.py:186} INFO - Started process (PID=73) to work on /home/airflow/.local/lib/python3.12/site-packages/airflow/example_dags/example_branch_datetime_operator.py
[2026-03-19T22:47:42.002+0000] {processor.py:914} INFO - Processing file /home/airflow/.local/lib/python3.12/site-packages/airflow/example_dags/example_branch_datetime_operator.py for tasks to queue
[2026-03-19T22:47:42.004+0000] {logging_mixin.py:190} INFO - [2026-03-19T22:47:42.003+0000] {dagbag.py:588} INFO - Filling up the DagBag from /home/airflow/.local/lib/python3.12/site-packages/airflow/example_dags/example_branch_datetime_operator.py
[2026-03-19T22:47:42.014+0000] {processor.py:925} INFO - DAG(s) 'example_branch_datetime_operator_3', 'example_branch_datetime_operator_2', 'example_branch_datetime_operator' retrieved from /home/airflow/.local/lib/python3.12/site-packages/airflow/example_dags/example_branch_datetime_operator.py
[2026-03-19T22:47:42.111+0000] {logging_mixin.py:190} INFO - [2026-03-19T22:47:42.110+0000] {override.py:1911} INFO - Created Permission View: can delete on DAG:example_branch_datetime_operator_3
[2026-03-19T22:47:42.127+0000] {logging_mixin.py:190} INFO - [2026-03-19T22:47:42.127+0000] {override.py:1911} INFO - Created Permission View: can edit on DAG:example_branch_datetime_operator_3
[2026-03-19T22:47:42.141+0000] {logging_mixin.py:190} INFO - [2026-03-19T22:47:42.141+0000] {override.py:1911} INFO - Created Permission View: can read on DAG:example_branch_datetime_operator_3
[2026-03-19T22:47:42.167+0000] {logging_mixin.py:190} INFO - [2026-03-19T22:47:42.167+0000] {override.py:1911} INFO - Created Permission View: can create on DAG Run:example_branch_datetime_operator_3
[2026-03-19T22:47:42.179+0000] {logging_mixin.py:190} INFO - [2026-03-19T22:47:42.179+0000] {override.py:1911} INFO - Created Permission View: can delete on DAG Run:example_branch_datetime_operator_3
[2026-03-19T22:47:42.198+0000] {logging_mixin.py:190} INFO - [2026-03-19T22:47:42.198+0000] {override.py:1911} INFO - Created Permission View: menu access on DAG Run:example_branch_datetime_operator_3
[2026-03-19T22:47:42.208+0000] {logging_mixin.py:190} INFO - [2026-03-19T22:47:42.207+0000] {override.py:1911} INFO - Created Permission View: can read on DAG Run:example_branch_datetime_operator_3
[2026-03-19T22:47:42.233+0000] {logging_mixin.py:190} INFO - [2026-03-19T22:47:42.233+0000] {override.py:1911} INFO - Created Permission View: can delete on DAG:example_branch_datetime_operator_2
[2026-03-19T22:47:42.245+0000] {logging_mixin.py:190} INFO - [2026-03-19T22:47:42.244+0000] {override.py:1911} INFO - Created Permission View: can edit on DAG:example_branch_datetime_operator_2
[2026-03-19T22:47:42.257+0000] {logging_mixin.py:190} INFO - [2026-03-19T22:47:42.257+0000] {override.py:1911} INFO - Created Permission View: can read on DAG:example_branch_datetime_operator_2
[2026-03-19T22:47:42.282+0000] {logging_mixin.py:190} INFO - [2026-03-19T22:47:42.282+0000] {override.py:1911} INFO - Created Permission View: can create on DAG Run:example_branch_datetime_operator_2
[2026-03-19T22:47:42.293+0000] {logging_mixin.py:190} INFO - [2026-03-19T22:47:42.293+0000] {override.py:1911} INFO - Created Permission View: can delete on DAG Run:example_branch_datetime_operator_2
[2026-03-19T22:47:42.303+0000] {logging_mixin.py:190} INFO - [2026-03-19T22:47:42.302+0000] {override.py:1911} INFO - Created Permission View: menu access on DAG Run:example_branch_datetime_operator_2
[2026-03-19T22:47:42.312+0000] {logging_mixin.py:190} INFO - [2026-03-19T22:47:42.312+0000] {override.py:1911} INFO - Created Permission View: can read on DAG Run:example_branch_datetime_operator_2
[2026-03-19T22:47:42.338+0000] {logging_mixin.py:190} INFO - [2026-03-19T22:47:42.338+0000] {override.py:1911} INFO - Created Permission View: can delete on DAG:example_branch_datetime_operator
[2026-03-19T22:47:42.354+0000] {logging_mixin.py:190} INFO - [2026-03-19T22:47:42.353+0000] {override.py:1911} INFO - Created Permission View: can edit on DAG:example_branch_datetime_operator
[2026-03-19T22:47:42.366+0000] {logging_mixin.py:190} INFO - [2026-03-19T22:47:42.366+0000] {override.py:1911} INFO - Created Permission View: can read on DAG:example_branch_datetime_operator
[2026-03-19T22:47:42.389+0000] {logging_mixin.py:190} INFO - [2026-03-19T22:47:42.389+0000] {override.py:1911} INFO - Created Permission View: can create on DAG Run:example_branch_datetime_operator
[2026-03-19T22:47:42.399+0000] {logging_mixin.py:190} INFO - [2026-03-19T22:47:42.398+0000] {override.py:1911} INFO - Created Permission View: can delete on DAG Run:example_branch_datetime_operator
[2026-03-19T22:47:42.407+0000] {logging_mixin.py:190} INFO - [2026-03-19T22:47:42.407+0000] {override.py:1911} INFO - Created Permission View: menu access on DAG Run:example_branch_datetime_operator
[2026-03-19T22:47:42.415+0000] {logging_mixin.py:190} INFO - [2026-03-19T22:47:42.415+0000] {override.py:1911} INFO - Created Permission View: can read on DAG Run:example_branch_datetime_operator
[2026-03-19T22:47:42.415+0000] {logging_mixin.py:190} INFO - [2026-03-19T22:47:42.415+0000] {dag.py:3239} INFO - Sync 3 DAGs
[2026-03-19T22:47:42.426+0000] {logging_mixin.py:190} INFO - [2026-03-19T22:47:42.426+0000] {dag.py:3262} INFO - Creating ORM DAG for example_branch_datetime_operator_3
[2026-03-19T22:47:42.427+0000] {logging_mixin.py:190} INFO - [2026-03-19T22:47:42.427+0000] {dag.py:3262} INFO - Creating ORM DAG for example_branch_datetime_operator
[2026-03-19T22:47:42.427+0000] {logging_mixin.py:190} INFO - [2026-03-19T22:47:42.427+0000] {dag.py:3262} INFO - Creating ORM DAG for example_branch_datetime_operator_2
[2026-03-19T22:47:42.436+0000] {logging_mixin.py:190} INFO - [2026-03-19T22:47:42.436+0000] {dag.py:4180} INFO - Setting next_dagrun for example_branch_datetime_operator to 2026-03-18 00:00:00+00:00, run_after=2026-03-19 00:00:00+00:00
[2026-03-19T22:47:42.437+0000] {logging_mixin.py:190} INFO - [2026-03-19T22:47:42.437+0000] {dag.py:4180} INFO - Setting next_dagrun for example_branch_datetime_operator_2 to 2026-03-18 00:00:00+00:00, run_after=2026-03-19 00:00:00+00:00
[2026-03-19T22:47:42.439+0000] {logging_mixin.py:190} INFO - [2026-03-19T22:47:42.439+0000] {dag.py:4180} INFO - Setting next_dagrun for example_branch_datetime_operator_3 to 2026-03-18 00:00:00+00:00, run_after=2026-03-19 00:00:00+00:00
[2026-03-19T22:47:42.465+0000] {processor.py:208} INFO - Processing /home/airflow/.local/lib/python3.12/site-packages/airflow/example_dags/example_branch_datetime_operator.py took 0.472 seconds
[2026-03-19T22:48:13.145+0000] {processor.py:186} INFO - Started process (PID=131) to work on /home/airflow/.local/lib/python3.12/site-packages/airflow/example_dags/example_branch_datetime_operator.py
[2026-03-19T22:48:13.146+0000] {processor.py:914} INFO - Processing file /home/airflow/.local/lib/python3.12/site-packages/airflow/example_dags/example_branch_datetime_operator.py for tasks to queue
[2026-03-19T22:48:13.148+0000] {logging_mixin.py:190} INFO - [2026-03-19T22:48:13.148+0000] {dagbag.py:588} INFO - Filling up the DagBag from /home/airflow/.local/lib/python3.12/site-packages/airflow/example_dags/example_branch_datetime_operator.py
[2026-03-19T22:48:13.159+0000] {processor.py:925} INFO - DAG(s) 'example_branch_datetime_operator_3', 'example_branch_datetime_operator_2', 'example_branch_datetime_operator' retrieved from /home/airflow/.local/lib/python3.12/site-packages/airflow/example_dags/example_branch_datetime_operator.py
[2026-03-19T22:48:13.186+0000] {logging_mixin.py:190} INFO - [2026-03-19T22:48:13.186+0000] {dag.py:3239} INFO - Sync 3 DAGs
[2026-03-19T22:48:13.211+0000] {logging_mixin.py:190} INFO - [2026-03-19T22:48:13.211+0000] {dag.py:4180} INFO - Setting next_dagrun for example_branch_datetime_operator to 2026-03-18 00:00:00+00:00, run_after=2026-03-19 00:00:00+00:00
[2026-03-19T22:48:13.216+0000] {logging_mixin.py:190} INFO - [2026-03-19T22:48:13.216+0000] {dag.py:4180} INFO - Setting next_dagrun for example_branch_datetime_operator_2 to 2026-03-18 00:00:00+00:00, run_after=2026-03-19 00:00:00+00:00
[2026-03-19T22:48:13.219+0000] {logging_mixin.py:190} INFO - [2026-03-19T22:48:13.219+0000] {dag.py:4180} INFO - Setting next_dagrun for example_branch_datetime_operator_3 to 2026-03-18 00:00:00+00:00, run_after=2026-03-19 00:00:00+00:00
[2026-03-19T22:48:13.241+0000] {processor.py:208} INFO - Processing /home/airflow/.local/lib/python3.12/site-packages/airflow/example_dags/example_branch_datetime_operator.py took 0.102 seconds
[2026-03-19T22:48:43.745+0000] {processor.py:186} INFO - Started process (PID=189) to work on /home/airflow/.local/lib/python3.12/site-packages/airflow/example_dags/example_branch_datetime_operator.py
[2026-03-19T22:48:43.746+0000] {processor.py:914} INFO - Processing file /home/airflow/.local/lib/python3.12/site-packages/airflow/example_dags/example_branch_datetime_operator.py for tasks to queue
[2026-03-19T22:48:43.748+0000] {logging_mixin.py:190} INFO - [2026-03-19T22:48:43.748+0000] {dagbag.py:588} INFO - Filling up the DagBag from /home/airflow/.local/lib/python3.12/site-packages/airflow/example_dags/example_branch_datetime_operator.py
[2026-03-19T22:48:43.758+0000] {processor.py:925} INFO - DAG(s) 'example_branch_datetime_operator_2', 'example_branch_datetime_operator', 'example_branch_datetime_operator_3' retrieved from /home/airflow/.local/lib/python3.12/site-packages/airflow/example_dags/example_branch_datetime_operator.py
[2026-03-19T22:48:43.780+0000] {logging_mixin.py:190} INFO - [2026-03-19T22:48:43.780+0000] {dag.py:3239} INFO - Sync 3 DAGs
[2026-03-19T22:48:43.801+0000] {logging_mixin.py:190} INFO - [2026-03-19T22:48:43.800+0000] {dag.py:4180} INFO - Setting next_dagrun for example_branch_datetime_operator to 2026-03-18 00:00:00+00:00, run_after=2026-03-19 00:00:00+00:00
[2026-03-19T22:48:43.804+0000] {logging_mixin.py:190} INFO - [2026-03-19T22:48:43.804+0000] {dag.py:4180} INFO - Setting next_dagrun for example_branch_datetime_operator_2 to 2026-03-18 00:00:00+00:00, run_after=2026-03-19 00:00:00+00:00
[2026-03-19T22:48:43.806+0000] {logging_mixin.py:190} INFO - [2026-03-19T22:48:43.806+0000] {dag.py:4180} INFO - Setting next_dagrun for example_branch_datetime_operator_3 to 2026-03-18 00:00:00+00:00, run_after=2026-03-19 00:00:00+00:00
[2026-03-19T22:48:43.822+0000] {processor.py:208} INFO - Processing /home/airflow/.local/lib/python3.12/site-packages/airflow/example_dags/example_branch_datetime_operator.py took 0.082 seconds
[2026-03-19T22:49:14.698+0000] {processor.py:186} INFO - Started process (PID=247) to work on /home/airflow/.local/lib/python3.12/site-packages/airflow/example_dags/example_branch_datetime_operator.py
[2026-03-19T22:49:14.698+0000] {processor.py:914} INFO - Processing file /home/airflow/.local/lib/python3.12/site-packages/airflow/example_dags/example_branch_datetime_operator.py for tasks to queue
[2026-03-19T22:49:14.701+0000] {logging_mixin.py:190} INFO - [2026-03-19T22:49:14.700+0000] {dagbag.py:588} INFO - Filling up the DagBag from /home/airflow/.local/lib/python3.12/site-packages/airflow/example_dags/example_branch_datetime_operator.py
[2026-03-19T22:49:14.711+0000] {processor.py:925} INFO - DAG(s) 'example_branch_datetime_operator_2', 'example_branch_datetime_operator_3', 'example_branch_datetime_operator' retrieved from /home/airflow/.local/lib/python3.12/site-packages/airflow/example_dags/example_branch_datetime_operator.py
[2026-03-19T22:49:14.732+0000] {logging_mixin.py:190} INFO - [2026-03-19T22:49:14.732+0000] {dag.py:3239} INFO - Sync 3 DAGs
[2026-03-19T22:49:14.753+0000] {logging_mixin.py:190} INFO - [2026-03-19T22:49:14.753+0000] {dag.py:4180} INFO - Setting next_dagrun for example_branch_datetime_operator to 2026-03-18 00:00:00+00:00, run_after=2026-03-19 00:00:00+00:00
[2026-03-19T22:49:14.757+0000] {logging_mixin.py:190} INFO - [2026-03-19T22:49:14.757+0000] {dag.py:4180} INFO - Setting next_dagrun for example_branch_datetime_operator_2 to 2026-03-18 00:00:00+00:00, run_after=2026-03-19 00:00:00+00:00
[2026-03-19T22:49:14.759+0000] {logging_mixin.py:190} INFO - [2026-03-19T22:49:14.759+0000] {dag.py:4180} INFO - Setting next_dagrun for example_branch_datetime_operator_3 to 2026-03-18 00:00:00+00:00, run_after=2026-03-19 00:00:00+00:00
[2026-03-19T22:49:14.778+0000] {processor.py:208} INFO - Processing /home/airflow/.local/lib/python3.12/site-packages/airflow/example_dags/example_branch_datetime_operator.py took 0.085 seconds
[2026-03-19T22:49:45.919+0000] {processor.py:186} INFO - Started process (PID=305) to work on /home/airflow/.local/lib/python3.12/site-packages/airflow/example_dags/example_branch_datetime_operator.py
[2026-03-19T22:49:45.920+0000] {processor.py:914} INFO - Processing file /home/airflow/.local/lib/python3.12/site-packages/airflow/example_dags/example_branch_datetime_operator.py for tasks to queue
[2026-03-19T22:49:45.922+0000] {logging_mixin.py:190} INFO - [2026-03-19T22:49:45.922+0000] {dagbag.py:588} INFO - Filling up the DagBag from /home/airflow/.local/lib/python3.12/site-packages/airflow/example_dags/example_branch_datetime_operator.py
[2026-03-19T22:49:45.932+0000] {processor.py:925} INFO - DAG(s) 'example_branch_datetime_operator_2', 'example_branch_datetime_operator', 'example_branch_datetime_operator_3' retrieved from /home/airflow/.local/lib/python3.12/site-packages/airflow/example_dags/example_branch_datetime_operator.py
[2026-03-19T22:49:45.952+0000] {logging_mixin.py:190} INFO - [2026-03-19T22:49:45.952+0000] {dag.py:3239} INFO - Sync 3 DAGs
[2026-03-19T22:49:45.973+0000] {logging_mixin.py:190} INFO - [2026-03-19T22:49:45.972+0000] {dag.py:4180} INFO - Setting next_dagrun for example_branch_datetime_operator to 2026-03-18 00:00:00+00:00, run_after=2026-03-19 00:00:00+00:00
[2026-03-19T22:49:45.977+0000] {logging_mixin.py:190} INFO - [2026-03-19T22:49:45.976+0000] {dag.py:4180} INFO - Setting next_dagrun for example_branch_datetime_operator_2 to 2026-03-18 00:00:00+00:00, run_after=2026-03-19 00:00:00+00:00
[2026-03-19T22:49:45.979+0000] {logging_mixin.py:190} INFO - [2026-03-19T22:49:45.979+0000] {dag.py:4180} INFO - Setting next_dagrun for example_branch_datetime_operator_3 to 2026-03-18 00:00:00+00:00, run_after=2026-03-19 00:00:00+00:00
[2026-03-19T22:49:45.995+0000] {processor.py:208} INFO - Processing /home/airflow/.local/lib/python3.12/site-packages/airflow/example_dags/example_branch_datetime_operator.py took 0.081 seconds
[2026-03-19T22:50:16.544+0000] {processor.py:186} INFO - Started process (PID=365) to work on /home/airflow/.local/lib/python3.12/site-packages/airflow/example_dags/example_branch_datetime_operator.py
[2026-03-19T22:50:16.545+0000] {processor.py:914} INFO - Processing file /home/airflow/.local/lib/python3.12/site-packages/airflow/example_dags/example_branch_datetime_operator.py for tasks to queue
[2026-03-19T22:50:16.547+0000] {logging_mixin.py:190} INFO - [2026-03-19T22:50:16.546+0000] {dagbag.py:588} INFO - Filling up the DagBag from /home/airflow/.local/lib/python3.12/site-packages/airflow/example_dags/example_branch_datetime_operator.py
[2026-03-19T22:50:16.557+0000] {processor.py:925} INFO - DAG(s) 'example_branch_datetime_operator', 'example_branch_datetime_operator_2', 'example_branch_datetime_operator_3' retrieved from /home/airflow/.local/lib/python3.12/site-packages/airflow/example_dags/example_branch_datetime_operator.py
[2026-03-19T22:50:16.578+0000] {logging_mixin.py:190} INFO - [2026-03-19T22:50:16.578+0000] {dag.py:3239} INFO - Sync 3 DAGs
[2026-03-19T22:50:16.599+0000] {logging_mixin.py:190} INFO - [2026-03-19T22:50:16.599+0000] {dag.py:4180} INFO - Setting next_dagrun for example_branch_datetime_operator to 2026-03-18 00:00:00+00:00, run_after=2026-03-19 00:00:00+00:00
[2026-03-19T22:50:16.603+0000] {logging_mixin.py:190} INFO - [2026-03-19T22:50:16.603+0000] {dag.py:4180} INFO - Setting next_dagrun for example_branch_datetime_operator_2 to 2026-03-18 00:00:00+00:00, run_after=2026-03-19 00:00:00+00:00
[2026-03-19T22:50:16.605+0000] {logging_mixin.py:190} INFO - [2026-03-19T22:50:16.605+0000] {dag.py:4180} INFO - Setting next_dagrun for example_branch_datetime_operator_3 to 2026-03-18 00:00:00+00:00, run_after=2026-03-19 00:00:00+00:00
[2026-03-19T22:50:16.623+0000] {processor.py:208} INFO - Processing /home/airflow/.local/lib/python3.12/site-packages/airflow/example_dags/example_branch_datetime_operator.py took 0.084 seconds
[2026-03-19T22:50:47.853+0000] {processor.py:186} INFO - Started process (PID=423) to work on /home/airflow/.local/lib/python3.12/site-packages/airflow/example_dags/example_branch_datetime_operator.py
[2026-03-19T22:50:47.854+0000] {processor.py:914} INFO - Processing file /home/airflow/.local/lib/python3.12/site-packages/airflow/example_dags/example_branch_datetime_operator.py for tasks to queue
[2026-03-19T22:50:47.856+0000] {logging_mixin.py:190} INFO - [2026-03-19T22:50:47.856+0000] {dagbag.py:588} INFO - Filling up the DagBag from /home/airflow/.local/lib/python3.12/site-packages/airflow/example_dags/example_branch_datetime_operator.py
[2026-03-19T22:50:47.867+0000] {processor.py:925} INFO - DAG(s) 'example_branch_datetime_operator_3', 'example_branch_datetime_operator_2', 'example_branch_datetime_operator' retrieved from /home/airflow/.local/lib/python3.12/site-packages/airflow/example_dags/example_branch_datetime_operator.py
[2026-03-19T22:50:47.889+0000] {logging_mixin.py:190} INFO - [2026-03-19T22:50:47.889+0000] {dag.py:3239} INFO - Sync 3 DAGs
[2026-03-19T22:50:47.910+0000] {logging_mixin.py:190} INFO - [2026-03-19T22:50:47.910+0000] {dag.py:4180} INFO - Setting next_dagrun for example_branch_datetime_operator to 2026-03-18 00:00:00+00:00, run_after=2026-03-19 00:00:00+00:00
[2026-03-19T22:50:47.915+0000] {logging_mixin.py:190} INFO - [2026-03-19T22:50:47.915+0000] {dag.py:4180} INFO - Setting next_dagrun for example_branch_datetime_operator_2 to 2026-03-18 00:00:00+00:00, run_after=2026-03-19 00:00:00+00:00
[2026-03-19T22:50:47.917+0000] {logging_mixin.py:190} INFO - [2026-03-19T22:50:47.917+0000] {dag.py:4180} INFO - Setting next_dagrun for example_branch_datetime_operator_3 to 2026-03-18 00:00:00+00:00, run_after=2026-03-19 00:00:00+00:00
[2026-03-19T22:50:47.933+0000] {processor.py:208} INFO - Processing /home/airflow/.local/lib/python3.12/site-packages/airflow/example_dags/example_branch_datetime_operator.py took 0.085 seconds
[2026-03-19T22:51:18.452+0000] {processor.py:186} INFO - Started process (PID=481) to work on /home/airflow/.local/lib/python3.12/site-packages/airflow/example_dags/example_branch_datetime_operator.py
[2026-03-19T22:51:18.453+0000] {processor.py:914} INFO - Processing file /home/airflow/.local/lib/python3.12/site-packages/airflow/example_dags/example_branch_datetime_operator.py for tasks to queue
[2026-03-19T22:51:18.455+0000] {logging_mixin.py:190} INFO - [2026-03-19T22:51:18.454+0000] {dagbag.py:588} INFO - Filling up the DagBag from /home/airflow/.local/lib/python3.12/site-packages/airflow/example_dags/example_branch_datetime_operator.py
[2026-03-19T22:51:18.465+0000] {processor.py:925} INFO - DAG(s) 'example_branch_datetime_operator', 'example_branch_datetime_operator_3', 'example_branch_datetime_operator_2' retrieved from /home/airflow/.local/lib/python3.12/site-packages/airflow/example_dags/example_branch_datetime_operator.py
[2026-03-19T22:51:18.486+0000] {logging_mixin.py:190} INFO - [2026-03-19T22:51:18.486+0000] {dag.py:3239} INFO - Sync 3 DAGs
[2026-03-19T22:51:18.507+0000] {logging_mixin.py:190} INFO - [2026-03-19T22:51:18.507+0000] {dag.py:4180} INFO - Setting next_dagrun for example_branch_datetime_operator to 2026-03-18 00:00:00+00:00, run_after=2026-03-19 00:00:00+00:00
[2026-03-19T22:51:18.511+0000] {logging_mixin.py:190} INFO - [2026-03-19T22:51:18.511+0000] {dag.py:4180} INFO - Setting next_dagrun for example_branch_datetime_operator_2 to 2026-03-18 00:00:00+00:00, run_after=2026-03-19 00:00:00+00:00
[2026-03-19T22:51:18.514+0000] {logging_mixin.py:190} INFO - [2026-03-19T22:51:18.514+0000] {dag.py:4180} INFO - Setting next_dagrun for example_branch_datetime_operator_3 to 2026-03-18 00:00:00+00:00, run_after=2026-03-19 00:00:00+00:00
[2026-03-19T22:51:18.533+0000] {processor.py:208} INFO - Processing /home/airflow/.local/lib/python3.12/site-packages/airflow/example_dags/example_branch_datetime_operator.py took 0.086 seconds
[2026-03-19T22:51:48.582+0000] {processor.py:186} INFO - Started process (PID=538) to work on /home/airflow/.local/lib/python3.12/site-packages/airflow/example_dags/example_branch_datetime_operator.py
[2026-03-19T22:51:48.583+0000] {processor.py:914} INFO - Processing file /home/airflow/.local/lib/python3.12/site-packages/airflow/example_dags/example_branch_datetime_operator.py for tasks to queue
[2026-03-19T22:51:48.585+0000] {logging_mixin.py:190} INFO - [2026-03-19T22:51:48.584+0000] {dagbag.py:588} INFO - Filling up the DagBag from /home/airflow/.local/lib/python3.12/site-packages/airflow/example_dags/example_branch_datetime_operator.py
[2026-03-19T22:51:48.595+0000] {processor.py:925} INFO - DAG(s) 'example_branch_datetime_operator_3', 'example_branch_datetime_operator', 'example_branch_datetime_operator_2' retrieved from /home/airflow/.local/lib/python3.12/site-packages/airflow/example_dags/example_branch_datetime_operator.py
[2026-03-19T22:51:48.617+0000] {logging_mixin.py:190} INFO - [2026-03-19T22:51:48.617+0000] {dag.py:3239} INFO - Sync 3 DAGs
[2026-03-19T22:51:48.638+0000] {logging_mixin.py:190} INFO - [2026-03-19T22:51:48.638+0000] {dag.py:4180} INFO - Setting next_dagrun for example_branch_datetime_operator to 2026-03-18 00:00:00+00:00, run_after=2026-03-19 00:00:00+00:00
[2026-03-19T22:51:48.642+0000] {logging_mixin.py:190} INFO - [2026-03-19T22:51:48.642+0000] {dag.py:4180} INFO - Setting next_dagrun for example_branch_datetime_operator_2 to 2026-03-18 00:00:00+00:00, run_after=2026-03-19 00:00:00+00:00
[2026-03-19T22:51:48.644+0000] {logging_mixin.py:190} INFO - [2026-03-19T22:51:48.644+0000] {dag.py:4180} INFO - Setting next_dagrun for example_branch_datetime_operator_3 to 2026-03-18 00:00:00+00:00, run_after=2026-03-19 00:00:00+00:00
[2026-03-19T22:51:48.660+0000] {processor.py:208} INFO - Processing /home/airflow/.local/lib/python3.12/site-packages/airflow/example_dags/example_branch_datetime_operator.py took 0.083 seconds
[2026-03-19T22:52:19.182+0000] {processor.py:186} INFO - Started process (PID=595) to work on /home/airflow/.local/lib/python3.12/site-packages/airflow/example_dags/example_branch_datetime_operator.py
[2026-03-19T22:52:19.183+0000] {processor.py:914} INFO - Processing file /home/airflow/.local/lib/python3.12/site-packages/airflow/example_dags/example_branch_datetime_operator.py for tasks to queue
[2026-03-19T22:52:19.185+0000] {logging_mixin.py:190} INFO - [2026-03-19T22:52:19.185+0000] {dagbag.py:588} INFO - Filling up the DagBag from /home/airflow/.local/lib/python3.12/site-packages/airflow/example_dags/example_branch_datetime_operator.py
[2026-03-19T22:52:19.194+0000] {processor.py:925} INFO - DAG(s) 'example_branch_datetime_operator_2', 'example_branch_datetime_operator_3', 'example_branch_datetime_operator' retrieved from /home/airflow/.local/lib/python3.12/site-packages/airflow/example_dags/example_branch_datetime_operator.py
[2026-03-19T22:52:19.215+0000] {logging_mixin.py:190} INFO - [2026-03-19T22:52:19.215+0000] {dag.py:3239} INFO - Sync 3 DAGs
[2026-03-19T22:52:19.236+0000] {logging_mixin.py:190} INFO - [2026-03-19T22:52:19.236+0000] {dag.py:4180} INFO - Setting next_dagrun for example_branch_datetime_operator to 2026-03-18 00:00:00+00:00, run_after=2026-03-19 00:00:00+00:00
[2026-03-19T22:52:19.241+0000] {logging_mixin.py:190} INFO - [2026-03-19T22:52:19.240+0000] {dag.py:4180} INFO - Setting next_dagrun for example_branch_datetime_operator_2 to 2026-03-18 00:00:00+00:00, run_after=2026-03-19 00:00:00+00:00
[2026-03-19T22:52:19.243+0000] {logging_mixin.py:190} INFO - [2026-03-19T22:52:19.243+0000] {dag.py:4180} INFO - Setting next_dagrun for example_branch_datetime_operator_3 to 2026-03-18 00:00:00+00:00, run_after=2026-03-19 00:00:00+00:00
[2026-03-19T22:52:19.259+0000] {processor.py:208} INFO - Processing /home/airflow/.local/lib/python3.12/site-packages/airflow/example_dags/example_branch_datetime_operator.py took 0.082 seconds
[2026-03-19T22:52:50.657+0000] {processor.py:186} INFO - Started process (PID=653) to work on /home/airflow/.local/lib/python3.12/site-packages/airflow/example_dags/example_branch_datetime_operator.py
[2026-03-19T22:52:50.657+0000] {processor.py:914} INFO - Processing file /home/airflow/.local/lib/python3.12/site-packages/airflow/example_dags/example_branch_datetime_operator.py for tasks to queue
[2026-03-19T22:52:50.659+0000] {logging_mixin.py:190} INFO - [2026-03-19T22:52:50.659+0000] {dagbag.py:588} INFO - Filling up the DagBag from /home/airflow/.local/lib/python3.12/site-packages/airflow/example_dags/example_branch_datetime_operator.py
[2026-03-19T22:52:50.669+0000] {processor.py:925} INFO - DAG(s) 'example_branch_datetime_operator_2', 'example_branch_datetime_operator_3', 'example_branch_datetime_operator' retrieved from /home/airflow/.local/lib/python3.12/site-packages/airflow/example_dags/example_branch_datetime_operator.py
[2026-03-19T22:52:50.690+0000] {logging_mixin.py:190} INFO - [2026-03-19T22:52:50.689+0000] {dag.py:3239} INFO - Sync 3 DAGs
[2026-03-19T22:52:50.711+0000] {logging_mixin.py:190} INFO - [2026-03-19T22:52:50.710+0000] {dag.py:4180} INFO - Setting next_dagrun for example_branch_datetime_operator to 2026-03-18 00:00:00+00:00, run_after=2026-03-19 00:00:00+00:00
[2026-03-19T22:52:50.715+0000] {logging_mixin.py:190} INFO - [2026-03-19T22:52:50.715+0000] {dag.py:4180} INFO - Setting next_dagrun for example_branch_datetime_operator_2 to 2026-03-18 00:00:00+00:00, run_after=2026-03-19 00:00:00+00:00
[2026-03-19T22:52:50.717+0000] {logging_mixin.py:190} INFO - [2026-03-19T22:52:50.717+0000] {dag.py:4180} INFO - Setting next_dagrun for example_branch_datetime_operator_3 to 2026-03-18 00:00:00+00:00, run_after=2026-03-19 00:00:00+00:00
[2026-03-19T22:52:50.736+0000] {processor.py:208} INFO - Processing /home/airflow/.local/lib/python3.12/site-packages/airflow/example_dags/example_branch_datetime_operator.py took 0.084 seconds
[2026-03-19T22:53:22.131+0000] {processor.py:186} INFO - Started process (PID=711) to work on /home/airflow/.local/lib/python3.12/site-packages/airflow/example_dags/example_branch_datetime_operator.py
[2026-03-19T22:53:22.132+0000] {processor.py:914} INFO - Processing file /home/airflow/.local/lib/python3.12/site-packages/airflow/example_dags/example_branch_datetime_operator.py for tasks to queue
[2026-03-19T22:53:22.134+0000] {logging_mixin.py:190} INFO - [2026-03-19T22:53:22.134+0000] {dagbag.py:588} INFO - Filling up the DagBag from /home/airflow/.local/lib/python3.12/site-packages/airflow/example_dags/example_branch_datetime_operator.py
[2026-03-19T22:53:22.145+0000] {processor.py:925} INFO - DAG(s) 'example_branch_datetime_operator_3', 'example_branch_datetime_operator', 'example_branch_datetime_operator_2' retrieved from /home/airflow/.local/lib/python3.12/site-packages/airflow/example_dags/example_branch_datetime_operator.py
[2026-03-19T22:53:22.169+0000] {logging_mixin.py:190} INFO - [2026-03-19T22:53:22.169+0000] {dag.py:3239} INFO - Sync 3 DAGs
[2026-03-19T22:53:22.192+0000] {logging_mixin.py:190} INFO - [2026-03-19T22:53:22.191+0000] {dag.py:4180} INFO - Setting next_dagrun for example_branch_datetime_operator to 2026-03-18 00:00:00+00:00, run_after=2026-03-19 00:00:00+00:00
[2026-03-19T22:53:22.197+0000] {logging_mixin.py:190} INFO - [2026-03-19T22:53:22.197+0000] {dag.py:4180} INFO - Setting next_dagrun for example_branch_datetime_operator_2 to 2026-03-18 00:00:00+00:00, run_after=2026-03-19 00:00:00+00:00
[2026-03-19T22:53:22.199+0000] {logging_mixin.py:190} INFO - [2026-03-19T22:53:22.199+0000] {dag.py:4180} INFO - Setting next_dagrun for example_branch_datetime_operator_3 to 2026-03-18 00:00:00+00:00, run_after=2026-03-19 00:00:00+00:00
[2026-03-19T22:53:22.216+0000] {processor.py:208} INFO - Processing /home/airflow/.local/lib/python3.12/site-packages/airflow/example_dags/example_branch_datetime_operator.py took 0.090 seconds
[2026-03-19T22:53:53.427+0000] {processor.py:186} INFO - Started process (PID=769) to work on /home/airflow/.local/lib/python3.12/site-packages/airflow/example_dags/example_branch_datetime_operator.py
[2026-03-19T22:53:53.428+0000] {processor.py:914} INFO - Processing file /home/airflow/.local/lib/python3.12/site-packages/airflow/example_dags/example_branch_datetime_operator.py for tasks to queue
[2026-03-19T22:53:53.430+0000] {logging_mixin.py:190} INFO - [2026-03-19T22:53:53.429+0000] {dagbag.py:588} INFO - Filling up the DagBag from /home/airflow/.local/lib/python3.12/site-packages/airflow/example_dags/example_branch_datetime_operator.py
[2026-03-19T22:53:53.439+0000] {processor.py:925} INFO - DAG(s) 'example_branch_datetime_operator_3', 'example_branch_datetime_operator_2', 'example_branch_datetime_operator' retrieved from /home/airflow/.local/lib/python3.12/site-packages/airflow/example_dags/example_branch_datetime_operator.py
[2026-03-19T22:53:53.459+0000] {logging_mixin.py:190} INFO - [2026-03-19T22:53:53.459+0000] {dag.py:3239} INFO - Sync 3 DAGs
[2026-03-19T22:53:53.480+0000] {logging_mixin.py:190} INFO - [2026-03-19T22:53:53.480+0000] {dag.py:4180} INFO - Setting next_dagrun for example_branch_datetime_operator to 2026-03-18 00:00:00+00:00, run_after=2026-03-19 00:00:00+00:00
[2026-03-19T22:53:53.484+0000] {logging_mixin.py:190} INFO - [2026-03-19T22:53:53.484+0000] {dag.py:4180} INFO - Setting next_dagrun for example_branch_datetime_operator_2 to 2026-03-18 00:00:00+00:00, run_after=2026-03-19 00:00:00+00:00
[2026-03-19T22:53:53.486+0000] {logging_mixin.py:190} INFO - [2026-03-19T22:53:53.486+0000] {dag.py:4180} INFO - Setting next_dagrun for example_branch_datetime_operator_3 to 2026-03-18 00:00:00+00:00, run_after=2026-03-19 00:00:00+00:00
[2026-03-19T22:53:53.509+0000] {processor.py:208} INFO - Processing /home/airflow/.local/lib/python3.12/site-packages/airflow/example_dags/example_branch_datetime_operator.py took 0.087 seconds
[2026-03-19T22:54:24.934+0000] {processor.py:186} INFO - Started process (PID=827) to work on /home/airflow/.local/lib/python3.12/site-packages/airflow/example_dags/example_branch_datetime_operator.py
[2026-03-19T22:54:24.934+0000] {processor.py:914} INFO - Processing file /home/airflow/.local/lib/python3.12/site-packages/airflow/example_dags/example_branch_datetime_operator.py for tasks to queue
[2026-03-19T22:54:24.936+0000] {logging_mixin.py:190} INFO - [2026-03-19T22:54:24.936+0000] {dagbag.py:588} INFO - Filling up the DagBag from /home/airflow/.local/lib/python3.12/site-packages/airflow/example_dags/example_branch_datetime_operator.py
[2026-03-19T22:54:24.946+0000] {processor.py:925} INFO - DAG(s) 'example_branch_datetime_operator_3', 'example_branch_datetime_operator', 'example_branch_datetime_operator_2' retrieved from /home/airflow/.local/lib/python3.12/site-packages/airflow/example_dags/example_branch_datetime_operator.py
[2026-03-19T22:54:24.968+0000] {logging_mixin.py:190} INFO - [2026-03-19T22:54:24.968+0000] {dag.py:3239} INFO - Sync 3 DAGs
[2026-03-19T22:54:24.990+0000] {logging_mixin.py:190} INFO - [2026-03-19T22:54:24.989+0000] {dag.py:4180} INFO - Setting next_dagrun for example_branch_datetime_operator to 2026-03-18 00:00:00+00:00, run_after=2026-03-19 00:00:00+00:00
[2026-03-19T22:54:24.994+0000] {logging_mixin.py:190} INFO - [2026-03-19T22:54:24.994+0000] {dag.py:4180} INFO - Setting next_dagrun for example_branch_datetime_operator_2 to 2026-03-18 00:00:00+00:00, run_after=2026-03-19 00:00:00+00:00
[2026-03-19T22:54:24.996+0000] {logging_mixin.py:190} INFO - [2026-03-19T22:54:24.996+0000] {dag.py:4180} INFO - Setting next_dagrun for example_branch_datetime_operator_3 to 2026-03-18 00:00:00+00:00, run_after=2026-03-19 00:00:00+00:00
[2026-03-19T22:54:25.015+0000] {processor.py:208} INFO - Processing /home/airflow/.local/lib/python3.12/site-packages/airflow/example_dags/example_branch_datetime_operator.py took 0.086 seconds
[2026-03-19T22:54:56.264+0000] {processor.py:186} INFO - Started process (PID=885) to work on /home/airflow/.local/lib/python3.12/site-packages/airflow/example_dags/example_branch_datetime_operator.py
[2026-03-19T22:54:56.265+0000] {processor.py:914} INFO - Processing file /home/airflow/.local/lib/python3.12/site-packages/airflow/example_dags/example_branch_datetime_operator.py for tasks to queue
[2026-03-19T22:54:56.267+0000] {logging_mixin.py:190} INFO - [2026-03-19T22:54:56.267+0000] {dagbag.py:588} INFO - Filling up the DagBag from /home/airflow/.local/lib/python3.12/site-packages/airflow/example_dags/example_branch_datetime_operator.py
[2026-03-19T22:54:56.277+0000] {processor.py:925} INFO - DAG(s) 'example_branch_datetime_operator', 'example_branch_datetime_operator_2', 'example_branch_datetime_operator_3' retrieved from /home/airflow/.local/lib/python3.12/site-packages/airflow/example_dags/example_branch_datetime_operator.py
[2026-03-19T22:54:56.299+0000] {logging_mixin.py:190} INFO - [2026-03-19T22:54:56.299+0000] {dag.py:3239} INFO - Sync 3 DAGs
[2026-03-19T22:54:56.320+0000] {logging_mixin.py:190} INFO - [2026-03-19T22:54:56.320+0000] {dag.py:4180} INFO - Setting next_dagrun for example_branch_datetime_operator to 2026-03-18 00:00:00+00:00, run_after=2026-03-19 00:00:00+00:00
[2026-03-19T22:54:56.324+0000] {logging_mixin.py:190} INFO - [2026-03-19T22:54:56.324+0000] {dag.py:4180} INFO - Setting next_dagrun for example_branch_datetime_operator_2 to 2026-03-18 00:00:00+00:00, run_after=2026-03-19 00:00:00+00:00
[2026-03-19T22:54:56.326+0000] {logging_mixin.py:190} INFO - [2026-03-19T22:54:56.326+0000] {dag.py:4180} INFO - Setting next_dagrun for example_branch_datetime_operator_3 to 2026-03-18 00:00:00+00:00, run_after=2026-03-19 00:00:00+00:00
[2026-03-19T22:54:56.344+0000] {processor.py:208} INFO - Processing /home/airflow/.local/lib/python3.12/site-packages/airflow/example_dags/example_branch_datetime_operator.py took 0.085 seconds
[2026-03-19T22:55:27.496+0000] {processor.py:186} INFO - Started process (PID=943) to work on /home/airflow/.local/lib/python3.12/site-packages/airflow/example_dags/example_branch_datetime_operator.py
[2026-03-19T22:55:27.497+0000] {processor.py:914} INFO - Processing file /home/airflow/.local/lib/python3.12/site-packages/airflow/example_dags/example_branch_datetime_operator.py for tasks to queue
[2026-03-19T22:55:27.499+0000] {logging_mixin.py:190} INFO - [2026-03-19T22:55:27.499+0000] {dagbag.py:588} INFO - Filling up the DagBag from /home/airflow/.local/lib/python3.12/site-packages/airflow/example_dags/example_branch_datetime_operator.py
[2026-03-19T22:55:27.509+0000] {processor.py:925} INFO - DAG(s) 'example_branch_datetime_operator_3', 'example_branch_datetime_operator', 'example_branch_datetime_operator_2' retrieved from /home/airflow/.local/lib/python3.12/site-packages/airflow/example_dags/example_branch_datetime_operator.py
[2026-03-19T22:55:27.530+0000] {logging_mixin.py:190} INFO - [2026-03-19T22:55:27.529+0000] {dag.py:3239} INFO - Sync 3 DAGs
[2026-03-19T22:55:27.551+0000] {logging_mixin.py:190} INFO - [2026-03-19T22:55:27.551+0000] {dag.py:4180} INFO - Setting next_dagrun for example_branch_datetime_operator to 2026-03-18 00:00:00+00:00, run_after=2026-03-19 00:00:00+00:00
[2026-03-19T22:55:27.555+0000] {logging_mixin.py:190} INFO - [2026-03-19T22:55:27.555+0000] {dag.py:4180} INFO - Setting next_dagrun for example_branch_datetime_operator_2 to 2026-03-18 00:00:00+00:00, run_after=2026-03-19 00:00:00+00:00
[2026-03-19T22:55:27.557+0000] {logging_mixin.py:190} INFO - [2026-03-19T22:55:27.557+0000] {dag.py:4180} INFO - Setting next_dagrun for example_branch_datetime_operator_3 to 2026-03-18 00:00:00+00:00, run_after=2026-03-19 00:00:00+00:00
[2026-03-19T22:55:27.574+0000] {processor.py:208} INFO - Processing /home/airflow/.local/lib/python3.12/site-packages/airflow/example_dags/example_branch_datetime_operator.py took 0.083 seconds
