[2026-03-19T22:37:02.487+0000] {processor.py:186} INFO - Started process (PID=83) to work on /home/airflow/.local/lib/python3.12/site-packages/airflow/example_dags/example_params_ui_tutorial.py
[2026-03-19T22:37:02.492+0000] {processor.py:914} INFO - Processing file /home/airflow/.local/lib/python3.12/site-packages/airflow/example_dags/example_params_ui_tutorial.py for tasks to queue
[2026-03-19T22:37:02.499+0000] {logging_mixin.py:190} INFO - [2026-03-19T22:37:02.498+0000] {dagbag.py:588} INFO - Filling up the DagBag from /home/airflow/.local/lib/python3.12/site-packages/airflow/example_dags/example_params_ui_tutorial.py
[2026-03-19T22:37:02.524+0000] {processor.py:925} INFO - DAG(s) 'example_params_ui_tutorial' retrieved from /home/airflow/.local/lib/python3.12/site-packages/airflow/example_dags/example_params_ui_tutorial.py
[2026-03-19T22:37:02.828+0000] {logging_mixin.py:190} INFO - [2026-03-19T22:37:02.826+0000] {override.py:1911} INFO - Created Permission View: can read on DAG:example_params_ui_tutorial
[2026-03-19T22:37:02.850+0000] {logging_mixin.py:190} INFO - [2026-03-19T22:37:02.849+0000] {override.py:1911} INFO - Created Permission View: can delete on DAG:example_params_ui_tutorial
[2026-03-19T22:37:02.865+0000] {logging_mixin.py:190} INFO - [2026-03-19T22:37:02.865+0000] {override.py:1911} INFO - Created Permission View: can edit on DAG:example_params_ui_tutorial
[2026-03-19T22:37:02.890+0000] {logging_mixin.py:190} INFO - [2026-03-19T22:37:02.889+0000] {override.py:1911} INFO - Created Permission View: can read on DAG Run:example_params_ui_tutorial
[2026-03-19T22:37:02.909+0000] {logging_mixin.py:190} INFO - [2026-03-19T22:37:02.909+0000] {override.py:1911} INFO - Created Permission View: can create on DAG Run:example_params_ui_tutorial
[2026-03-19T22:37:02.924+0000] {logging_mixin.py:190} INFO - [2026-03-19T22:37:02.924+0000] {override.py:1911} INFO - Created Permission View: menu access on DAG Run:example_params_ui_tutorial
[2026-03-19T22:37:02.941+0000] {logging_mixin.py:190} INFO - [2026-03-19T22:37:02.940+0000] {override.py:1911} INFO - Created Permission View: can delete on DAG Run:example_params_ui_tutorial
[2026-03-19T22:37:02.942+0000] {logging_mixin.py:190} INFO - [2026-03-19T22:37:02.941+0000] {dag.py:3239} INFO - Sync 1 DAGs
[2026-03-19T22:37:02.983+0000] {logging_mixin.py:190} INFO - [2026-03-19T22:37:02.983+0000] {dag.py:3262} INFO - Creating ORM DAG for example_params_ui_tutorial
[2026-03-19T22:37:02.984+0000] {logging_mixin.py:190} INFO - [2026-03-19T22:37:02.984+0000] {dag.py:4180} INFO - Setting next_dagrun for example_params_ui_tutorial to None, run_after=None
[2026-03-19T22:37:03.032+0000] {processor.py:208} INFO - Processing /home/airflow/.local/lib/python3.12/site-packages/airflow/example_dags/example_params_ui_tutorial.py took 0.555 seconds
[2026-03-19T22:40:36.460+0000] {processor.py:186} INFO - Started process (PID=141) to work on /home/airflow/.local/lib/python3.12/site-packages/airflow/example_dags/example_params_ui_tutorial.py
[2026-03-19T22:40:36.500+0000] {processor.py:914} INFO - Processing file /home/airflow/.local/lib/python3.12/site-packages/airflow/example_dags/example_params_ui_tutorial.py for tasks to queue
[2026-03-19T22:40:36.748+0000] {logging_mixin.py:190} INFO - [2026-03-19T22:40:36.740+0000] {dagbag.py:588} INFO - Filling up the DagBag from /home/airflow/.local/lib/python3.12/site-packages/airflow/example_dags/example_params_ui_tutorial.py
[2026-03-19T22:40:37.904+0000] {processor.py:925} INFO - DAG(s) 'example_params_ui_tutorial' retrieved from /home/airflow/.local/lib/python3.12/site-packages/airflow/example_dags/example_params_ui_tutorial.py
[2026-03-19T22:40:38.824+0000] {logging_mixin.py:190} INFO - [2026-03-19T22:40:38.810+0000] {dag.py:3239} INFO - Sync 1 DAGs
[2026-03-19T22:40:39.024+0000] {logging_mixin.py:190} INFO - [2026-03-19T22:40:39.023+0000] {dag.py:4180} INFO - Setting next_dagrun for example_params_ui_tutorial to None, run_after=None
[2026-03-19T22:40:39.137+0000] {processor.py:208} INFO - Processing /home/airflow/.local/lib/python3.12/site-packages/airflow/example_dags/example_params_ui_tutorial.py took 3.776 seconds
[2026-03-19T22:47:43.959+0000] {processor.py:186} INFO - Started process (PID=83) to work on /home/airflow/.local/lib/python3.12/site-packages/airflow/example_dags/example_params_ui_tutorial.py
[2026-03-19T22:47:43.962+0000] {processor.py:914} INFO - Processing file /home/airflow/.local/lib/python3.12/site-packages/airflow/example_dags/example_params_ui_tutorial.py for tasks to queue
[2026-03-19T22:47:43.964+0000] {logging_mixin.py:190} INFO - [2026-03-19T22:47:43.964+0000] {dagbag.py:588} INFO - Filling up the DagBag from /home/airflow/.local/lib/python3.12/site-packages/airflow/example_dags/example_params_ui_tutorial.py
[2026-03-19T22:47:43.974+0000] {processor.py:925} INFO - DAG(s) 'example_params_ui_tutorial' retrieved from /home/airflow/.local/lib/python3.12/site-packages/airflow/example_dags/example_params_ui_tutorial.py
[2026-03-19T22:47:44.214+0000] {logging_mixin.py:190} INFO - [2026-03-19T22:47:44.213+0000] {override.py:1911} INFO - Created Permission View: can delete on DAG:example_params_ui_tutorial
[2026-03-19T22:47:44.260+0000] {logging_mixin.py:190} INFO - [2026-03-19T22:47:44.259+0000] {override.py:1911} INFO - Created Permission View: can edit on DAG:example_params_ui_tutorial
[2026-03-19T22:47:44.307+0000] {logging_mixin.py:190} INFO - [2026-03-19T22:47:44.307+0000] {override.py:1911} INFO - Created Permission View: can read on DAG:example_params_ui_tutorial
[2026-03-19T22:47:44.395+0000] {logging_mixin.py:190} INFO - [2026-03-19T22:47:44.395+0000] {override.py:1911} INFO - Created Permission View: can create on DAG Run:example_params_ui_tutorial
[2026-03-19T22:47:44.451+0000] {logging_mixin.py:190} INFO - [2026-03-19T22:47:44.450+0000] {override.py:1911} INFO - Created Permission View: can delete on DAG Run:example_params_ui_tutorial
[2026-03-19T22:47:44.505+0000] {logging_mixin.py:190} INFO - [2026-03-19T22:47:44.505+0000] {override.py:1911} INFO - Created Permission View: menu access on DAG Run:example_params_ui_tutorial
[2026-03-19T22:47:44.524+0000] {logging_mixin.py:190} INFO - [2026-03-19T22:47:44.524+0000] {override.py:1911} INFO - Created Permission View: can read on DAG Run:example_params_ui_tutorial
[2026-03-19T22:47:44.525+0000] {logging_mixin.py:190} INFO - [2026-03-19T22:47:44.525+0000] {dag.py:3239} INFO - Sync 1 DAGs
[2026-03-19T22:47:44.536+0000] {logging_mixin.py:190} INFO - [2026-03-19T22:47:44.536+0000] {dag.py:3262} INFO - Creating ORM DAG for example_params_ui_tutorial
[2026-03-19T22:47:44.537+0000] {logging_mixin.py:190} INFO - [2026-03-19T22:47:44.537+0000] {dag.py:4180} INFO - Setting next_dagrun for example_params_ui_tutorial to None, run_after=None
[2026-03-19T22:47:44.558+0000] {processor.py:208} INFO - Processing /home/airflow/.local/lib/python3.12/site-packages/airflow/example_dags/example_params_ui_tutorial.py took 0.604 seconds
[2026-03-19T22:48:15.321+0000] {processor.py:186} INFO - Started process (PID=141) to work on /home/airflow/.local/lib/python3.12/site-packages/airflow/example_dags/example_params_ui_tutorial.py
[2026-03-19T22:48:15.321+0000] {processor.py:914} INFO - Processing file /home/airflow/.local/lib/python3.12/site-packages/airflow/example_dags/example_params_ui_tutorial.py for tasks to queue
[2026-03-19T22:48:15.323+0000] {logging_mixin.py:190} INFO - [2026-03-19T22:48:15.323+0000] {dagbag.py:588} INFO - Filling up the DagBag from /home/airflow/.local/lib/python3.12/site-packages/airflow/example_dags/example_params_ui_tutorial.py
[2026-03-19T22:48:15.333+0000] {processor.py:925} INFO - DAG(s) 'example_params_ui_tutorial' retrieved from /home/airflow/.local/lib/python3.12/site-packages/airflow/example_dags/example_params_ui_tutorial.py
[2026-03-19T22:48:15.370+0000] {logging_mixin.py:190} INFO - [2026-03-19T22:48:15.370+0000] {dag.py:3239} INFO - Sync 1 DAGs
[2026-03-19T22:48:15.382+0000] {logging_mixin.py:190} INFO - [2026-03-19T22:48:15.382+0000] {dag.py:4180} INFO - Setting next_dagrun for example_params_ui_tutorial to None, run_after=None
[2026-03-19T22:48:15.404+0000] {processor.py:208} INFO - Processing /home/airflow/.local/lib/python3.12/site-packages/airflow/example_dags/example_params_ui_tutorial.py took 0.088 seconds
[2026-03-19T22:48:45.873+0000] {processor.py:186} INFO - Started process (PID=199) to work on /home/airflow/.local/lib/python3.12/site-packages/airflow/example_dags/example_params_ui_tutorial.py
[2026-03-19T22:48:45.874+0000] {processor.py:914} INFO - Processing file /home/airflow/.local/lib/python3.12/site-packages/airflow/example_dags/example_params_ui_tutorial.py for tasks to queue
[2026-03-19T22:48:45.876+0000] {logging_mixin.py:190} INFO - [2026-03-19T22:48:45.875+0000] {dagbag.py:588} INFO - Filling up the DagBag from /home/airflow/.local/lib/python3.12/site-packages/airflow/example_dags/example_params_ui_tutorial.py
[2026-03-19T22:48:45.885+0000] {processor.py:925} INFO - DAG(s) 'example_params_ui_tutorial' retrieved from /home/airflow/.local/lib/python3.12/site-packages/airflow/example_dags/example_params_ui_tutorial.py
[2026-03-19T22:48:45.922+0000] {logging_mixin.py:190} INFO - [2026-03-19T22:48:45.922+0000] {dag.py:3239} INFO - Sync 1 DAGs
[2026-03-19T22:48:45.934+0000] {logging_mixin.py:190} INFO - [2026-03-19T22:48:45.934+0000] {dag.py:4180} INFO - Setting next_dagrun for example_params_ui_tutorial to None, run_after=None
[2026-03-19T22:48:45.953+0000] {processor.py:208} INFO - Processing /home/airflow/.local/lib/python3.12/site-packages/airflow/example_dags/example_params_ui_tutorial.py took 0.085 seconds
[2026-03-19T22:49:16.447+0000] {processor.py:186} INFO - Started process (PID=257) to work on /home/airflow/.local/lib/python3.12/site-packages/airflow/example_dags/example_params_ui_tutorial.py
[2026-03-19T22:49:16.448+0000] {processor.py:914} INFO - Processing file /home/airflow/.local/lib/python3.12/site-packages/airflow/example_dags/example_params_ui_tutorial.py for tasks to queue
[2026-03-19T22:49:16.449+0000] {logging_mixin.py:190} INFO - [2026-03-19T22:49:16.449+0000] {dagbag.py:588} INFO - Filling up the DagBag from /home/airflow/.local/lib/python3.12/site-packages/airflow/example_dags/example_params_ui_tutorial.py
[2026-03-19T22:49:16.457+0000] {processor.py:925} INFO - DAG(s) 'example_params_ui_tutorial' retrieved from /home/airflow/.local/lib/python3.12/site-packages/airflow/example_dags/example_params_ui_tutorial.py
[2026-03-19T22:49:16.492+0000] {logging_mixin.py:190} INFO - [2026-03-19T22:49:16.492+0000] {dag.py:3239} INFO - Sync 1 DAGs
[2026-03-19T22:49:16.505+0000] {logging_mixin.py:190} INFO - [2026-03-19T22:49:16.504+0000] {dag.py:4180} INFO - Setting next_dagrun for example_params_ui_tutorial to None, run_after=None
[2026-03-19T22:49:16.526+0000] {processor.py:208} INFO - Processing /home/airflow/.local/lib/python3.12/site-packages/airflow/example_dags/example_params_ui_tutorial.py took 0.084 seconds
[2026-03-19T22:49:46.748+0000] {processor.py:186} INFO - Started process (PID=315) to work on /home/airflow/.local/lib/python3.12/site-packages/airflow/example_dags/example_params_ui_tutorial.py
[2026-03-19T22:49:46.749+0000] {processor.py:914} INFO - Processing file /home/airflow/.local/lib/python3.12/site-packages/airflow/example_dags/example_params_ui_tutorial.py for tasks to queue
[2026-03-19T22:49:46.751+0000] {logging_mixin.py:190} INFO - [2026-03-19T22:49:46.751+0000] {dagbag.py:588} INFO - Filling up the DagBag from /home/airflow/.local/lib/python3.12/site-packages/airflow/example_dags/example_params_ui_tutorial.py
[2026-03-19T22:49:46.759+0000] {processor.py:925} INFO - DAG(s) 'example_params_ui_tutorial' retrieved from /home/airflow/.local/lib/python3.12/site-packages/airflow/example_dags/example_params_ui_tutorial.py
[2026-03-19T22:49:46.794+0000] {logging_mixin.py:190} INFO - [2026-03-19T22:49:46.794+0000] {dag.py:3239} INFO - Sync 1 DAGs
[2026-03-19T22:49:46.807+0000] {logging_mixin.py:190} INFO - [2026-03-19T22:49:46.807+0000] {dag.py:4180} INFO - Setting next_dagrun for example_params_ui_tutorial to None, run_after=None
[2026-03-19T22:49:46.826+0000] {processor.py:208} INFO - Processing /home/airflow/.local/lib/python3.12/site-packages/airflow/example_dags/example_params_ui_tutorial.py took 0.083 seconds
[2026-03-19T22:50:17.023+0000] {processor.py:186} INFO - Started process (PID=375) to work on /home/airflow/.local/lib/python3.12/site-packages/airflow/example_dags/example_params_ui_tutorial.py
[2026-03-19T22:50:17.023+0000] {processor.py:914} INFO - Processing file /home/airflow/.local/lib/python3.12/site-packages/airflow/example_dags/example_params_ui_tutorial.py for tasks to queue
[2026-03-19T22:50:17.025+0000] {logging_mixin.py:190} INFO - [2026-03-19T22:50:17.025+0000] {dagbag.py:588} INFO - Filling up the DagBag from /home/airflow/.local/lib/python3.12/site-packages/airflow/example_dags/example_params_ui_tutorial.py
[2026-03-19T22:50:17.033+0000] {processor.py:925} INFO - DAG(s) 'example_params_ui_tutorial' retrieved from /home/airflow/.local/lib/python3.12/site-packages/airflow/example_dags/example_params_ui_tutorial.py
[2026-03-19T22:50:17.070+0000] {logging_mixin.py:190} INFO - [2026-03-19T22:50:17.069+0000] {dag.py:3239} INFO - Sync 1 DAGs
[2026-03-19T22:50:17.082+0000] {logging_mixin.py:190} INFO - [2026-03-19T22:50:17.081+0000] {dag.py:4180} INFO - Setting next_dagrun for example_params_ui_tutorial to None, run_after=None
[2026-03-19T22:50:17.102+0000] {processor.py:208} INFO - Processing /home/airflow/.local/lib/python3.12/site-packages/airflow/example_dags/example_params_ui_tutorial.py took 0.084 seconds
[2026-03-19T22:50:48.280+0000] {processor.py:186} INFO - Started process (PID=432) to work on /home/airflow/.local/lib/python3.12/site-packages/airflow/example_dags/example_params_ui_tutorial.py
[2026-03-19T22:50:48.281+0000] {processor.py:914} INFO - Processing file /home/airflow/.local/lib/python3.12/site-packages/airflow/example_dags/example_params_ui_tutorial.py for tasks to queue
[2026-03-19T22:50:48.283+0000] {logging_mixin.py:190} INFO - [2026-03-19T22:50:48.283+0000] {dagbag.py:588} INFO - Filling up the DagBag from /home/airflow/.local/lib/python3.12/site-packages/airflow/example_dags/example_params_ui_tutorial.py
[2026-03-19T22:50:48.291+0000] {processor.py:925} INFO - DAG(s) 'example_params_ui_tutorial' retrieved from /home/airflow/.local/lib/python3.12/site-packages/airflow/example_dags/example_params_ui_tutorial.py
[2026-03-19T22:50:48.328+0000] {logging_mixin.py:190} INFO - [2026-03-19T22:50:48.328+0000] {dag.py:3239} INFO - Sync 1 DAGs
[2026-03-19T22:50:48.341+0000] {logging_mixin.py:190} INFO - [2026-03-19T22:50:48.340+0000] {dag.py:4180} INFO - Setting next_dagrun for example_params_ui_tutorial to None, run_after=None
[2026-03-19T22:50:48.361+0000] {processor.py:208} INFO - Processing /home/airflow/.local/lib/python3.12/site-packages/airflow/example_dags/example_params_ui_tutorial.py took 0.086 seconds
[2026-03-19T22:51:19.255+0000] {processor.py:186} INFO - Started process (PID=491) to work on /home/airflow/.local/lib/python3.12/site-packages/airflow/example_dags/example_params_ui_tutorial.py
[2026-03-19T22:51:19.256+0000] {processor.py:914} INFO - Processing file /home/airflow/.local/lib/python3.12/site-packages/airflow/example_dags/example_params_ui_tutorial.py for tasks to queue
[2026-03-19T22:51:19.258+0000] {logging_mixin.py:190} INFO - [2026-03-19T22:51:19.258+0000] {dagbag.py:588} INFO - Filling up the DagBag from /home/airflow/.local/lib/python3.12/site-packages/airflow/example_dags/example_params_ui_tutorial.py
[2026-03-19T22:51:19.265+0000] {processor.py:925} INFO - DAG(s) 'example_params_ui_tutorial' retrieved from /home/airflow/.local/lib/python3.12/site-packages/airflow/example_dags/example_params_ui_tutorial.py
[2026-03-19T22:51:19.302+0000] {logging_mixin.py:190} INFO - [2026-03-19T22:51:19.302+0000] {dag.py:3239} INFO - Sync 1 DAGs
[2026-03-19T22:51:19.314+0000] {logging_mixin.py:190} INFO - [2026-03-19T22:51:19.314+0000] {dag.py:4180} INFO - Setting next_dagrun for example_params_ui_tutorial to None, run_after=None
[2026-03-19T22:51:19.333+0000] {processor.py:208} INFO - Processing /home/airflow/.local/lib/python3.12/site-packages/airflow/example_dags/example_params_ui_tutorial.py took 0.083 seconds
[2026-03-19T22:51:49.499+0000] {processor.py:186} INFO - Started process (PID=548) to work on /home/airflow/.local/lib/python3.12/site-packages/airflow/example_dags/example_params_ui_tutorial.py
[2026-03-19T22:51:49.500+0000] {processor.py:914} INFO - Processing file /home/airflow/.local/lib/python3.12/site-packages/airflow/example_dags/example_params_ui_tutorial.py for tasks to queue
[2026-03-19T22:51:49.502+0000] {logging_mixin.py:190} INFO - [2026-03-19T22:51:49.502+0000] {dagbag.py:588} INFO - Filling up the DagBag from /home/airflow/.local/lib/python3.12/site-packages/airflow/example_dags/example_params_ui_tutorial.py
[2026-03-19T22:51:49.510+0000] {processor.py:925} INFO - DAG(s) 'example_params_ui_tutorial' retrieved from /home/airflow/.local/lib/python3.12/site-packages/airflow/example_dags/example_params_ui_tutorial.py
[2026-03-19T22:51:49.547+0000] {logging_mixin.py:190} INFO - [2026-03-19T22:51:49.547+0000] {dag.py:3239} INFO - Sync 1 DAGs
[2026-03-19T22:51:49.560+0000] {logging_mixin.py:190} INFO - [2026-03-19T22:51:49.560+0000] {dag.py:4180} INFO - Setting next_dagrun for example_params_ui_tutorial to None, run_after=None
[2026-03-19T22:51:49.580+0000] {processor.py:208} INFO - Processing /home/airflow/.local/lib/python3.12/site-packages/airflow/example_dags/example_params_ui_tutorial.py took 0.085 seconds
[2026-03-19T22:52:20.134+0000] {processor.py:186} INFO - Started process (PID=606) to work on /home/airflow/.local/lib/python3.12/site-packages/airflow/example_dags/example_params_ui_tutorial.py
[2026-03-19T22:52:20.134+0000] {processor.py:914} INFO - Processing file /home/airflow/.local/lib/python3.12/site-packages/airflow/example_dags/example_params_ui_tutorial.py for tasks to queue
[2026-03-19T22:52:20.136+0000] {logging_mixin.py:190} INFO - [2026-03-19T22:52:20.136+0000] {dagbag.py:588} INFO - Filling up the DagBag from /home/airflow/.local/lib/python3.12/site-packages/airflow/example_dags/example_params_ui_tutorial.py
[2026-03-19T22:52:20.144+0000] {processor.py:925} INFO - DAG(s) 'example_params_ui_tutorial' retrieved from /home/airflow/.local/lib/python3.12/site-packages/airflow/example_dags/example_params_ui_tutorial.py
[2026-03-19T22:52:20.182+0000] {logging_mixin.py:190} INFO - [2026-03-19T22:52:20.181+0000] {dag.py:3239} INFO - Sync 1 DAGs
[2026-03-19T22:52:20.194+0000] {logging_mixin.py:190} INFO - [2026-03-19T22:52:20.193+0000] {dag.py:4180} INFO - Setting next_dagrun for example_params_ui_tutorial to None, run_after=None
[2026-03-19T22:52:20.212+0000] {processor.py:208} INFO - Processing /home/airflow/.local/lib/python3.12/site-packages/airflow/example_dags/example_params_ui_tutorial.py took 0.083 seconds
[2026-03-19T22:52:51.694+0000] {processor.py:186} INFO - Started process (PID=664) to work on /home/airflow/.local/lib/python3.12/site-packages/airflow/example_dags/example_params_ui_tutorial.py
[2026-03-19T22:52:51.695+0000] {processor.py:914} INFO - Processing file /home/airflow/.local/lib/python3.12/site-packages/airflow/example_dags/example_params_ui_tutorial.py for tasks to queue
[2026-03-19T22:52:51.697+0000] {logging_mixin.py:190} INFO - [2026-03-19T22:52:51.697+0000] {dagbag.py:588} INFO - Filling up the DagBag from /home/airflow/.local/lib/python3.12/site-packages/airflow/example_dags/example_params_ui_tutorial.py
[2026-03-19T22:52:51.704+0000] {processor.py:925} INFO - DAG(s) 'example_params_ui_tutorial' retrieved from /home/airflow/.local/lib/python3.12/site-packages/airflow/example_dags/example_params_ui_tutorial.py
[2026-03-19T22:52:51.742+0000] {logging_mixin.py:190} INFO - [2026-03-19T22:52:51.742+0000] {dag.py:3239} INFO - Sync 1 DAGs
[2026-03-19T22:52:51.755+0000] {logging_mixin.py:190} INFO - [2026-03-19T22:52:51.755+0000] {dag.py:4180} INFO - Setting next_dagrun for example_params_ui_tutorial to None, run_after=None
[2026-03-19T22:52:51.774+0000] {processor.py:208} INFO - Processing /home/airflow/.local/lib/python3.12/site-packages/airflow/example_dags/example_params_ui_tutorial.py took 0.085 seconds
[2026-03-19T22:53:23.154+0000] {processor.py:186} INFO - Started process (PID=722) to work on /home/airflow/.local/lib/python3.12/site-packages/airflow/example_dags/example_params_ui_tutorial.py
[2026-03-19T22:53:23.154+0000] {processor.py:914} INFO - Processing file /home/airflow/.local/lib/python3.12/site-packages/airflow/example_dags/example_params_ui_tutorial.py for tasks to queue
[2026-03-19T22:53:23.157+0000] {logging_mixin.py:190} INFO - [2026-03-19T22:53:23.156+0000] {dagbag.py:588} INFO - Filling up the DagBag from /home/airflow/.local/lib/python3.12/site-packages/airflow/example_dags/example_params_ui_tutorial.py
[2026-03-19T22:53:23.164+0000] {processor.py:925} INFO - DAG(s) 'example_params_ui_tutorial' retrieved from /home/airflow/.local/lib/python3.12/site-packages/airflow/example_dags/example_params_ui_tutorial.py
[2026-03-19T22:53:23.200+0000] {logging_mixin.py:190} INFO - [2026-03-19T22:53:23.200+0000] {dag.py:3239} INFO - Sync 1 DAGs
[2026-03-19T22:53:23.212+0000] {logging_mixin.py:190} INFO - [2026-03-19T22:53:23.212+0000] {dag.py:4180} INFO - Setting next_dagrun for example_params_ui_tutorial to None, run_after=None
[2026-03-19T22:53:23.230+0000] {processor.py:208} INFO - Processing /home/airflow/.local/lib/python3.12/site-packages/airflow/example_dags/example_params_ui_tutorial.py took 0.082 seconds
[2026-03-19T22:53:54.709+0000] {processor.py:186} INFO - Started process (PID=780) to work on /home/airflow/.local/lib/python3.12/site-packages/airflow/example_dags/example_params_ui_tutorial.py
[2026-03-19T22:53:54.710+0000] {processor.py:914} INFO - Processing file /home/airflow/.local/lib/python3.12/site-packages/airflow/example_dags/example_params_ui_tutorial.py for tasks to queue
[2026-03-19T22:53:54.712+0000] {logging_mixin.py:190} INFO - [2026-03-19T22:53:54.712+0000] {dagbag.py:588} INFO - Filling up the DagBag from /home/airflow/.local/lib/python3.12/site-packages/airflow/example_dags/example_params_ui_tutorial.py
[2026-03-19T22:53:54.720+0000] {processor.py:925} INFO - DAG(s) 'example_params_ui_tutorial' retrieved from /home/airflow/.local/lib/python3.12/site-packages/airflow/example_dags/example_params_ui_tutorial.py
[2026-03-19T22:53:54.756+0000] {logging_mixin.py:190} INFO - [2026-03-19T22:53:54.756+0000] {dag.py:3239} INFO - Sync 1 DAGs
[2026-03-19T22:53:54.769+0000] {logging_mixin.py:190} INFO - [2026-03-19T22:53:54.769+0000] {dag.py:4180} INFO - Setting next_dagrun for example_params_ui_tutorial to None, run_after=None
[2026-03-19T22:53:54.792+0000] {processor.py:208} INFO - Processing /home/airflow/.local/lib/python3.12/site-packages/airflow/example_dags/example_params_ui_tutorial.py took 0.087 seconds
[2026-03-19T22:54:25.908+0000] {processor.py:186} INFO - Started process (PID=838) to work on /home/airflow/.local/lib/python3.12/site-packages/airflow/example_dags/example_params_ui_tutorial.py
[2026-03-19T22:54:25.909+0000] {processor.py:914} INFO - Processing file /home/airflow/.local/lib/python3.12/site-packages/airflow/example_dags/example_params_ui_tutorial.py for tasks to queue
[2026-03-19T22:54:25.911+0000] {logging_mixin.py:190} INFO - [2026-03-19T22:54:25.911+0000] {dagbag.py:588} INFO - Filling up the DagBag from /home/airflow/.local/lib/python3.12/site-packages/airflow/example_dags/example_params_ui_tutorial.py
[2026-03-19T22:54:25.919+0000] {processor.py:925} INFO - DAG(s) 'example_params_ui_tutorial' retrieved from /home/airflow/.local/lib/python3.12/site-packages/airflow/example_dags/example_params_ui_tutorial.py
[2026-03-19T22:54:25.955+0000] {logging_mixin.py:190} INFO - [2026-03-19T22:54:25.955+0000] {dag.py:3239} INFO - Sync 1 DAGs
[2026-03-19T22:54:25.968+0000] {logging_mixin.py:190} INFO - [2026-03-19T22:54:25.968+0000] {dag.py:4180} INFO - Setting next_dagrun for example_params_ui_tutorial to None, run_after=None
[2026-03-19T22:54:25.990+0000] {processor.py:208} INFO - Processing /home/airflow/.local/lib/python3.12/site-packages/airflow/example_dags/example_params_ui_tutorial.py took 0.087 seconds
[2026-03-19T22:54:57.245+0000] {processor.py:186} INFO - Started process (PID=896) to work on /home/airflow/.local/lib/python3.12/site-packages/airflow/example_dags/example_params_ui_tutorial.py
[2026-03-19T22:54:57.246+0000] {processor.py:914} INFO - Processing file /home/airflow/.local/lib/python3.12/site-packages/airflow/example_dags/example_params_ui_tutorial.py for tasks to queue
[2026-03-19T22:54:57.248+0000] {logging_mixin.py:190} INFO - [2026-03-19T22:54:57.247+0000] {dagbag.py:588} INFO - Filling up the DagBag from /home/airflow/.local/lib/python3.12/site-packages/airflow/example_dags/example_params_ui_tutorial.py
[2026-03-19T22:54:57.255+0000] {processor.py:925} INFO - DAG(s) 'example_params_ui_tutorial' retrieved from /home/airflow/.local/lib/python3.12/site-packages/airflow/example_dags/example_params_ui_tutorial.py
[2026-03-19T22:54:57.293+0000] {logging_mixin.py:190} INFO - [2026-03-19T22:54:57.293+0000] {dag.py:3239} INFO - Sync 1 DAGs
[2026-03-19T22:54:57.305+0000] {logging_mixin.py:190} INFO - [2026-03-19T22:54:57.305+0000] {dag.py:4180} INFO - Setting next_dagrun for example_params_ui_tutorial to None, run_after=None
[2026-03-19T22:54:57.324+0000] {processor.py:208} INFO - Processing /home/airflow/.local/lib/python3.12/site-packages/airflow/example_dags/example_params_ui_tutorial.py took 0.084 seconds
[2026-03-19T22:55:28.618+0000] {processor.py:186} INFO - Started process (PID=954) to work on /home/airflow/.local/lib/python3.12/site-packages/airflow/example_dags/example_params_ui_tutorial.py
[2026-03-19T22:55:28.619+0000] {processor.py:914} INFO - Processing file /home/airflow/.local/lib/python3.12/site-packages/airflow/example_dags/example_params_ui_tutorial.py for tasks to queue
[2026-03-19T22:55:28.620+0000] {logging_mixin.py:190} INFO - [2026-03-19T22:55:28.620+0000] {dagbag.py:588} INFO - Filling up the DagBag from /home/airflow/.local/lib/python3.12/site-packages/airflow/example_dags/example_params_ui_tutorial.py
[2026-03-19T22:55:28.628+0000] {processor.py:925} INFO - DAG(s) 'example_params_ui_tutorial' retrieved from /home/airflow/.local/lib/python3.12/site-packages/airflow/example_dags/example_params_ui_tutorial.py
[2026-03-19T22:55:28.664+0000] {logging_mixin.py:190} INFO - [2026-03-19T22:55:28.664+0000] {dag.py:3239} INFO - Sync 1 DAGs
[2026-03-19T22:55:28.677+0000] {logging_mixin.py:190} INFO - [2026-03-19T22:55:28.677+0000] {dag.py:4180} INFO - Setting next_dagrun for example_params_ui_tutorial to None, run_after=None
[2026-03-19T22:55:28.696+0000] {processor.py:208} INFO - Processing /home/airflow/.local/lib/python3.12/site-packages/airflow/example_dags/example_params_ui_tutorial.py took 0.083 seconds
