[2026-03-19T22:36:42.804+0000] {processor.py:186} INFO - Started process (PID=55) to work on /home/airflow/.local/lib/python3.12/site-packages/airflow/example_dags/example_task_group_decorator.py
[2026-03-19T22:36:42.805+0000] {processor.py:914} INFO - Processing file /home/airflow/.local/lib/python3.12/site-packages/airflow/example_dags/example_task_group_decorator.py for tasks to queue
[2026-03-19T22:36:42.807+0000] {logging_mixin.py:190} INFO - [2026-03-19T22:36:42.807+0000] {dagbag.py:588} INFO - Filling up the DagBag from /home/airflow/.local/lib/python3.12/site-packages/airflow/example_dags/example_task_group_decorator.py
[2026-03-19T22:36:42.849+0000] {processor.py:925} INFO - DAG(s) 'example_task_group_decorator' retrieved from /home/airflow/.local/lib/python3.12/site-packages/airflow/example_dags/example_task_group_decorator.py
[2026-03-19T22:36:43.094+0000] {logging_mixin.py:190} INFO - [2026-03-19T22:36:43.093+0000] {override.py:1911} INFO - Created Permission View: can read on DAG:example_task_group_decorator
[2026-03-19T22:36:43.152+0000] {logging_mixin.py:190} INFO - [2026-03-19T22:36:43.152+0000] {override.py:1911} INFO - Created Permission View: can delete on DAG:example_task_group_decorator
[2026-03-19T22:36:43.199+0000] {logging_mixin.py:190} INFO - [2026-03-19T22:36:43.199+0000] {override.py:1911} INFO - Created Permission View: can edit on DAG:example_task_group_decorator
[2026-03-19T22:36:43.292+0000] {logging_mixin.py:190} INFO - [2026-03-19T22:36:43.292+0000] {override.py:1911} INFO - Created Permission View: can read on DAG Run:example_task_group_decorator
[2026-03-19T22:36:43.329+0000] {logging_mixin.py:190} INFO - [2026-03-19T22:36:43.328+0000] {override.py:1911} INFO - Created Permission View: can create on DAG Run:example_task_group_decorator
[2026-03-19T22:36:43.391+0000] {logging_mixin.py:190} INFO - [2026-03-19T22:36:43.391+0000] {override.py:1911} INFO - Created Permission View: menu access on DAG Run:example_task_group_decorator
[2026-03-19T22:36:43.439+0000] {logging_mixin.py:190} INFO - [2026-03-19T22:36:43.439+0000] {override.py:1911} INFO - Created Permission View: can delete on DAG Run:example_task_group_decorator
[2026-03-19T22:36:43.440+0000] {logging_mixin.py:190} INFO - [2026-03-19T22:36:43.440+0000] {dag.py:3239} INFO - Sync 1 DAGs
[2026-03-19T22:36:43.452+0000] {logging_mixin.py:190} INFO - [2026-03-19T22:36:43.452+0000] {dag.py:3262} INFO - Creating ORM DAG for example_task_group_decorator
[2026-03-19T22:36:43.453+0000] {logging_mixin.py:190} INFO - [2026-03-19T22:36:43.453+0000] {dag.py:4180} INFO - Setting next_dagrun for example_task_group_decorator to None, run_after=None
[2026-03-19T22:36:43.499+0000] {processor.py:208} INFO - Processing /home/airflow/.local/lib/python3.12/site-packages/airflow/example_dags/example_task_group_decorator.py took 0.700 seconds
[2026-03-19T22:37:13.914+0000] {processor.py:186} INFO - Started process (PID=113) to work on /home/airflow/.local/lib/python3.12/site-packages/airflow/example_dags/example_task_group_decorator.py
[2026-03-19T22:37:13.916+0000] {processor.py:914} INFO - Processing file /home/airflow/.local/lib/python3.12/site-packages/airflow/example_dags/example_task_group_decorator.py for tasks to queue
[2026-03-19T22:37:13.920+0000] {logging_mixin.py:190} INFO - [2026-03-19T22:37:13.919+0000] {dagbag.py:588} INFO - Filling up the DagBag from /home/airflow/.local/lib/python3.12/site-packages/airflow/example_dags/example_task_group_decorator.py
[2026-03-19T22:37:13.953+0000] {processor.py:925} INFO - DAG(s) 'example_task_group_decorator' retrieved from /home/airflow/.local/lib/python3.12/site-packages/airflow/example_dags/example_task_group_decorator.py
[2026-03-19T22:37:13.999+0000] {logging_mixin.py:190} INFO - [2026-03-19T22:37:13.998+0000] {dag.py:3239} INFO - Sync 1 DAGs
[2026-03-19T22:37:14.025+0000] {logging_mixin.py:190} INFO - [2026-03-19T22:37:14.025+0000] {dag.py:4180} INFO - Setting next_dagrun for example_task_group_decorator to None, run_after=None
[2026-03-19T22:37:14.070+0000] {processor.py:208} INFO - Processing /home/airflow/.local/lib/python3.12/site-packages/airflow/example_dags/example_task_group_decorator.py took 0.165 seconds
[2026-03-19T22:40:45.737+0000] {processor.py:186} INFO - Started process (PID=171) to work on /home/airflow/.local/lib/python3.12/site-packages/airflow/example_dags/example_task_group_decorator.py
[2026-03-19T22:40:45.739+0000] {processor.py:914} INFO - Processing file /home/airflow/.local/lib/python3.12/site-packages/airflow/example_dags/example_task_group_decorator.py for tasks to queue
[2026-03-19T22:40:45.742+0000] {logging_mixin.py:190} INFO - [2026-03-19T22:40:45.741+0000] {dagbag.py:588} INFO - Filling up the DagBag from /home/airflow/.local/lib/python3.12/site-packages/airflow/example_dags/example_task_group_decorator.py
[2026-03-19T22:40:45.780+0000] {processor.py:925} INFO - DAG(s) 'example_task_group_decorator' retrieved from /home/airflow/.local/lib/python3.12/site-packages/airflow/example_dags/example_task_group_decorator.py
[2026-03-19T22:40:45.828+0000] {logging_mixin.py:190} INFO - [2026-03-19T22:40:45.827+0000] {dag.py:3239} INFO - Sync 1 DAGs
[2026-03-19T22:40:45.849+0000] {logging_mixin.py:190} INFO - [2026-03-19T22:40:45.849+0000] {dag.py:4180} INFO - Setting next_dagrun for example_task_group_decorator to None, run_after=None
[2026-03-19T22:40:45.877+0000] {processor.py:208} INFO - Processing /home/airflow/.local/lib/python3.12/site-packages/airflow/example_dags/example_task_group_decorator.py took 0.148 seconds
[2026-03-19T22:45:31.926+0000] {processor.py:186} INFO - Started process (PID=206) to work on /home/airflow/.local/lib/python3.12/site-packages/airflow/example_dags/example_task_group_decorator.py
[2026-03-19T22:45:31.937+0000] {processor.py:914} INFO - Processing file /home/airflow/.local/lib/python3.12/site-packages/airflow/example_dags/example_task_group_decorator.py for tasks to queue
[2026-03-19T22:45:31.949+0000] {logging_mixin.py:190} INFO - [2026-03-19T22:45:31.943+0000] {dagbag.py:588} INFO - Filling up the DagBag from /home/airflow/.local/lib/python3.12/site-packages/airflow/example_dags/example_task_group_decorator.py
[2026-03-19T22:45:32.203+0000] {processor.py:925} INFO - DAG(s) 'example_task_group_decorator' retrieved from /home/airflow/.local/lib/python3.12/site-packages/airflow/example_dags/example_task_group_decorator.py
[2026-03-19T22:45:32.648+0000] {logging_mixin.py:190} INFO - [2026-03-19T22:45:32.645+0000] {dag.py:3239} INFO - Sync 1 DAGs
[2026-03-19T22:45:32.905+0000] {logging_mixin.py:190} INFO - [2026-03-19T22:45:32.900+0000] {dag.py:4180} INFO - Setting next_dagrun for example_task_group_decorator to None, run_after=None
[2026-03-19T22:45:33.009+0000] {processor.py:208} INFO - Processing /home/airflow/.local/lib/python3.12/site-packages/airflow/example_dags/example_task_group_decorator.py took 1.183 seconds
[2026-03-19T22:47:37.306+0000] {processor.py:186} INFO - Started process (PID=55) to work on /home/airflow/.local/lib/python3.12/site-packages/airflow/example_dags/example_task_group_decorator.py
[2026-03-19T22:47:37.308+0000] {processor.py:914} INFO - Processing file /home/airflow/.local/lib/python3.12/site-packages/airflow/example_dags/example_task_group_decorator.py for tasks to queue
[2026-03-19T22:47:37.310+0000] {logging_mixin.py:190} INFO - [2026-03-19T22:47:37.310+0000] {dagbag.py:588} INFO - Filling up the DagBag from /home/airflow/.local/lib/python3.12/site-packages/airflow/example_dags/example_task_group_decorator.py
[2026-03-19T22:47:37.327+0000] {processor.py:925} INFO - DAG(s) 'example_task_group_decorator' retrieved from /home/airflow/.local/lib/python3.12/site-packages/airflow/example_dags/example_task_group_decorator.py
[2026-03-19T22:47:37.433+0000] {logging_mixin.py:190} INFO - [2026-03-19T22:47:37.432+0000] {override.py:1911} INFO - Created Permission View: can delete on DAG:example_task_group_decorator
[2026-03-19T22:47:37.446+0000] {logging_mixin.py:190} INFO - [2026-03-19T22:47:37.446+0000] {override.py:1911} INFO - Created Permission View: can edit on DAG:example_task_group_decorator
[2026-03-19T22:47:37.455+0000] {logging_mixin.py:190} INFO - [2026-03-19T22:47:37.454+0000] {override.py:1911} INFO - Created Permission View: can read on DAG:example_task_group_decorator
[2026-03-19T22:47:37.475+0000] {logging_mixin.py:190} INFO - [2026-03-19T22:47:37.475+0000] {override.py:1911} INFO - Created Permission View: can create on DAG Run:example_task_group_decorator
[2026-03-19T22:47:37.487+0000] {logging_mixin.py:190} INFO - [2026-03-19T22:47:37.487+0000] {override.py:1911} INFO - Created Permission View: can delete on DAG Run:example_task_group_decorator
[2026-03-19T22:47:37.499+0000] {logging_mixin.py:190} INFO - [2026-03-19T22:47:37.499+0000] {override.py:1911} INFO - Created Permission View: menu access on DAG Run:example_task_group_decorator
[2026-03-19T22:47:37.513+0000] {logging_mixin.py:190} INFO - [2026-03-19T22:47:37.512+0000] {override.py:1911} INFO - Created Permission View: can read on DAG Run:example_task_group_decorator
[2026-03-19T22:47:37.513+0000] {logging_mixin.py:190} INFO - [2026-03-19T22:47:37.513+0000] {dag.py:3239} INFO - Sync 1 DAGs
[2026-03-19T22:47:37.524+0000] {logging_mixin.py:190} INFO - [2026-03-19T22:47:37.524+0000] {dag.py:3262} INFO - Creating ORM DAG for example_task_group_decorator
[2026-03-19T22:47:37.525+0000] {logging_mixin.py:190} INFO - [2026-03-19T22:47:37.525+0000] {dag.py:4180} INFO - Setting next_dagrun for example_task_group_decorator to None, run_after=None
[2026-03-19T22:47:37.541+0000] {processor.py:208} INFO - Processing /home/airflow/.local/lib/python3.12/site-packages/airflow/example_dags/example_task_group_decorator.py took 0.240 seconds
[2026-03-19T22:48:08.244+0000] {processor.py:186} INFO - Started process (PID=113) to work on /home/airflow/.local/lib/python3.12/site-packages/airflow/example_dags/example_task_group_decorator.py
[2026-03-19T22:48:08.245+0000] {processor.py:914} INFO - Processing file /home/airflow/.local/lib/python3.12/site-packages/airflow/example_dags/example_task_group_decorator.py for tasks to queue
[2026-03-19T22:48:08.247+0000] {logging_mixin.py:190} INFO - [2026-03-19T22:48:08.247+0000] {dagbag.py:588} INFO - Filling up the DagBag from /home/airflow/.local/lib/python3.12/site-packages/airflow/example_dags/example_task_group_decorator.py
[2026-03-19T22:48:08.260+0000] {processor.py:925} INFO - DAG(s) 'example_task_group_decorator' retrieved from /home/airflow/.local/lib/python3.12/site-packages/airflow/example_dags/example_task_group_decorator.py
[2026-03-19T22:48:08.281+0000] {logging_mixin.py:190} INFO - [2026-03-19T22:48:08.281+0000] {dag.py:3239} INFO - Sync 1 DAGs
[2026-03-19T22:48:08.293+0000] {logging_mixin.py:190} INFO - [2026-03-19T22:48:08.293+0000] {dag.py:4180} INFO - Setting next_dagrun for example_task_group_decorator to None, run_after=None
[2026-03-19T22:48:08.313+0000] {processor.py:208} INFO - Processing /home/airflow/.local/lib/python3.12/site-packages/airflow/example_dags/example_task_group_decorator.py took 0.074 seconds
[2026-03-19T22:48:38.898+0000] {processor.py:186} INFO - Started process (PID=171) to work on /home/airflow/.local/lib/python3.12/site-packages/airflow/example_dags/example_task_group_decorator.py
[2026-03-19T22:48:38.899+0000] {processor.py:914} INFO - Processing file /home/airflow/.local/lib/python3.12/site-packages/airflow/example_dags/example_task_group_decorator.py for tasks to queue
[2026-03-19T22:48:38.901+0000] {logging_mixin.py:190} INFO - [2026-03-19T22:48:38.901+0000] {dagbag.py:588} INFO - Filling up the DagBag from /home/airflow/.local/lib/python3.12/site-packages/airflow/example_dags/example_task_group_decorator.py
[2026-03-19T22:48:38.914+0000] {processor.py:925} INFO - DAG(s) 'example_task_group_decorator' retrieved from /home/airflow/.local/lib/python3.12/site-packages/airflow/example_dags/example_task_group_decorator.py
[2026-03-19T22:48:38.935+0000] {logging_mixin.py:190} INFO - [2026-03-19T22:48:38.935+0000] {dag.py:3239} INFO - Sync 1 DAGs
[2026-03-19T22:48:38.947+0000] {logging_mixin.py:190} INFO - [2026-03-19T22:48:38.947+0000] {dag.py:4180} INFO - Setting next_dagrun for example_task_group_decorator to None, run_after=None
[2026-03-19T22:48:38.968+0000] {processor.py:208} INFO - Processing /home/airflow/.local/lib/python3.12/site-packages/airflow/example_dags/example_task_group_decorator.py took 0.074 seconds
[2026-03-19T22:49:09.486+0000] {processor.py:186} INFO - Started process (PID=229) to work on /home/airflow/.local/lib/python3.12/site-packages/airflow/example_dags/example_task_group_decorator.py
[2026-03-19T22:49:09.486+0000] {processor.py:914} INFO - Processing file /home/airflow/.local/lib/python3.12/site-packages/airflow/example_dags/example_task_group_decorator.py for tasks to queue
[2026-03-19T22:49:09.488+0000] {logging_mixin.py:190} INFO - [2026-03-19T22:49:09.488+0000] {dagbag.py:588} INFO - Filling up the DagBag from /home/airflow/.local/lib/python3.12/site-packages/airflow/example_dags/example_task_group_decorator.py
[2026-03-19T22:49:09.501+0000] {processor.py:925} INFO - DAG(s) 'example_task_group_decorator' retrieved from /home/airflow/.local/lib/python3.12/site-packages/airflow/example_dags/example_task_group_decorator.py
[2026-03-19T22:49:09.523+0000] {logging_mixin.py:190} INFO - [2026-03-19T22:49:09.523+0000] {dag.py:3239} INFO - Sync 1 DAGs
[2026-03-19T22:49:09.536+0000] {logging_mixin.py:190} INFO - [2026-03-19T22:49:09.536+0000] {dag.py:4180} INFO - Setting next_dagrun for example_task_group_decorator to None, run_after=None
[2026-03-19T22:49:09.558+0000] {processor.py:208} INFO - Processing /home/airflow/.local/lib/python3.12/site-packages/airflow/example_dags/example_task_group_decorator.py took 0.077 seconds
[2026-03-19T22:49:40.013+0000] {processor.py:186} INFO - Started process (PID=287) to work on /home/airflow/.local/lib/python3.12/site-packages/airflow/example_dags/example_task_group_decorator.py
[2026-03-19T22:49:40.013+0000] {processor.py:914} INFO - Processing file /home/airflow/.local/lib/python3.12/site-packages/airflow/example_dags/example_task_group_decorator.py for tasks to queue
[2026-03-19T22:49:40.015+0000] {logging_mixin.py:190} INFO - [2026-03-19T22:49:40.015+0000] {dagbag.py:588} INFO - Filling up the DagBag from /home/airflow/.local/lib/python3.12/site-packages/airflow/example_dags/example_task_group_decorator.py
[2026-03-19T22:49:40.028+0000] {processor.py:925} INFO - DAG(s) 'example_task_group_decorator' retrieved from /home/airflow/.local/lib/python3.12/site-packages/airflow/example_dags/example_task_group_decorator.py
[2026-03-19T22:49:40.048+0000] {logging_mixin.py:190} INFO - [2026-03-19T22:49:40.048+0000] {dag.py:3239} INFO - Sync 1 DAGs
[2026-03-19T22:49:40.060+0000] {logging_mixin.py:190} INFO - [2026-03-19T22:49:40.060+0000] {dag.py:4180} INFO - Setting next_dagrun for example_task_group_decorator to None, run_after=None
[2026-03-19T22:49:40.078+0000] {processor.py:208} INFO - Processing /home/airflow/.local/lib/python3.12/site-packages/airflow/example_dags/example_task_group_decorator.py took 0.070 seconds
[2026-03-19T22:50:10.635+0000] {processor.py:186} INFO - Started process (PID=347) to work on /home/airflow/.local/lib/python3.12/site-packages/airflow/example_dags/example_task_group_decorator.py
[2026-03-19T22:50:10.636+0000] {processor.py:914} INFO - Processing file /home/airflow/.local/lib/python3.12/site-packages/airflow/example_dags/example_task_group_decorator.py for tasks to queue
[2026-03-19T22:50:10.639+0000] {logging_mixin.py:190} INFO - [2026-03-19T22:50:10.638+0000] {dagbag.py:588} INFO - Filling up the DagBag from /home/airflow/.local/lib/python3.12/site-packages/airflow/example_dags/example_task_group_decorator.py
[2026-03-19T22:50:10.652+0000] {processor.py:925} INFO - DAG(s) 'example_task_group_decorator' retrieved from /home/airflow/.local/lib/python3.12/site-packages/airflow/example_dags/example_task_group_decorator.py
[2026-03-19T22:50:10.671+0000] {logging_mixin.py:190} INFO - [2026-03-19T22:50:10.671+0000] {dag.py:3239} INFO - Sync 1 DAGs
[2026-03-19T22:50:10.683+0000] {logging_mixin.py:190} INFO - [2026-03-19T22:50:10.683+0000] {dag.py:4180} INFO - Setting next_dagrun for example_task_group_decorator to None, run_after=None
[2026-03-19T22:50:10.703+0000] {processor.py:208} INFO - Processing /home/airflow/.local/lib/python3.12/site-packages/airflow/example_dags/example_task_group_decorator.py took 0.072 seconds
[2026-03-19T22:50:40.844+0000] {processor.py:186} INFO - Started process (PID=405) to work on /home/airflow/.local/lib/python3.12/site-packages/airflow/example_dags/example_task_group_decorator.py
[2026-03-19T22:50:40.845+0000] {processor.py:914} INFO - Processing file /home/airflow/.local/lib/python3.12/site-packages/airflow/example_dags/example_task_group_decorator.py for tasks to queue
[2026-03-19T22:50:40.847+0000] {logging_mixin.py:190} INFO - [2026-03-19T22:50:40.846+0000] {dagbag.py:588} INFO - Filling up the DagBag from /home/airflow/.local/lib/python3.12/site-packages/airflow/example_dags/example_task_group_decorator.py
[2026-03-19T22:50:40.860+0000] {processor.py:925} INFO - DAG(s) 'example_task_group_decorator' retrieved from /home/airflow/.local/lib/python3.12/site-packages/airflow/example_dags/example_task_group_decorator.py
[2026-03-19T22:50:40.880+0000] {logging_mixin.py:190} INFO - [2026-03-19T22:50:40.879+0000] {dag.py:3239} INFO - Sync 1 DAGs
[2026-03-19T22:50:40.892+0000] {logging_mixin.py:190} INFO - [2026-03-19T22:50:40.891+0000] {dag.py:4180} INFO - Setting next_dagrun for example_task_group_decorator to None, run_after=None
[2026-03-19T22:50:40.909+0000] {processor.py:208} INFO - Processing /home/airflow/.local/lib/python3.12/site-packages/airflow/example_dags/example_task_group_decorator.py took 0.070 seconds
[2026-03-19T22:51:11.428+0000] {processor.py:186} INFO - Started process (PID=463) to work on /home/airflow/.local/lib/python3.12/site-packages/airflow/example_dags/example_task_group_decorator.py
[2026-03-19T22:51:11.429+0000] {processor.py:914} INFO - Processing file /home/airflow/.local/lib/python3.12/site-packages/airflow/example_dags/example_task_group_decorator.py for tasks to queue
[2026-03-19T22:51:11.431+0000] {logging_mixin.py:190} INFO - [2026-03-19T22:51:11.431+0000] {dagbag.py:588} INFO - Filling up the DagBag from /home/airflow/.local/lib/python3.12/site-packages/airflow/example_dags/example_task_group_decorator.py
[2026-03-19T22:51:11.447+0000] {processor.py:925} INFO - DAG(s) 'example_task_group_decorator' retrieved from /home/airflow/.local/lib/python3.12/site-packages/airflow/example_dags/example_task_group_decorator.py
[2026-03-19T22:51:11.472+0000] {logging_mixin.py:190} INFO - [2026-03-19T22:51:11.472+0000] {dag.py:3239} INFO - Sync 1 DAGs
[2026-03-19T22:51:11.487+0000] {logging_mixin.py:190} INFO - [2026-03-19T22:51:11.487+0000] {dag.py:4180} INFO - Setting next_dagrun for example_task_group_decorator to None, run_after=None
[2026-03-19T22:51:11.507+0000] {processor.py:208} INFO - Processing /home/airflow/.local/lib/python3.12/site-packages/airflow/example_dags/example_task_group_decorator.py took 0.085 seconds
[2026-03-19T22:51:42.118+0000] {processor.py:186} INFO - Started process (PID=521) to work on /home/airflow/.local/lib/python3.12/site-packages/airflow/example_dags/example_task_group_decorator.py
[2026-03-19T22:51:42.119+0000] {processor.py:914} INFO - Processing file /home/airflow/.local/lib/python3.12/site-packages/airflow/example_dags/example_task_group_decorator.py for tasks to queue
[2026-03-19T22:51:42.122+0000] {logging_mixin.py:190} INFO - [2026-03-19T22:51:42.121+0000] {dagbag.py:588} INFO - Filling up the DagBag from /home/airflow/.local/lib/python3.12/site-packages/airflow/example_dags/example_task_group_decorator.py
[2026-03-19T22:51:42.136+0000] {processor.py:925} INFO - DAG(s) 'example_task_group_decorator' retrieved from /home/airflow/.local/lib/python3.12/site-packages/airflow/example_dags/example_task_group_decorator.py
[2026-03-19T22:51:42.158+0000] {logging_mixin.py:190} INFO - [2026-03-19T22:51:42.158+0000] {dag.py:3239} INFO - Sync 1 DAGs
[2026-03-19T22:51:42.171+0000] {logging_mixin.py:190} INFO - [2026-03-19T22:51:42.171+0000] {dag.py:4180} INFO - Setting next_dagrun for example_task_group_decorator to None, run_after=None
[2026-03-19T22:51:42.195+0000] {processor.py:208} INFO - Processing /home/airflow/.local/lib/python3.12/site-packages/airflow/example_dags/example_task_group_decorator.py took 0.081 seconds
[2026-03-19T22:52:12.801+0000] {processor.py:186} INFO - Started process (PID=579) to work on /home/airflow/.local/lib/python3.12/site-packages/airflow/example_dags/example_task_group_decorator.py
[2026-03-19T22:52:12.801+0000] {processor.py:914} INFO - Processing file /home/airflow/.local/lib/python3.12/site-packages/airflow/example_dags/example_task_group_decorator.py for tasks to queue
[2026-03-19T22:52:12.803+0000] {logging_mixin.py:190} INFO - [2026-03-19T22:52:12.803+0000] {dagbag.py:588} INFO - Filling up the DagBag from /home/airflow/.local/lib/python3.12/site-packages/airflow/example_dags/example_task_group_decorator.py
[2026-03-19T22:52:12.816+0000] {processor.py:925} INFO - DAG(s) 'example_task_group_decorator' retrieved from /home/airflow/.local/lib/python3.12/site-packages/airflow/example_dags/example_task_group_decorator.py
[2026-03-19T22:52:12.837+0000] {logging_mixin.py:190} INFO - [2026-03-19T22:52:12.837+0000] {dag.py:3239} INFO - Sync 1 DAGs
[2026-03-19T22:52:12.850+0000] {logging_mixin.py:190} INFO - [2026-03-19T22:52:12.849+0000] {dag.py:4180} INFO - Setting next_dagrun for example_task_group_decorator to None, run_after=None
[2026-03-19T22:52:12.869+0000] {processor.py:208} INFO - Processing /home/airflow/.local/lib/python3.12/site-packages/airflow/example_dags/example_task_group_decorator.py took 0.073 seconds
[2026-03-19T22:52:43.246+0000] {processor.py:186} INFO - Started process (PID=637) to work on /home/airflow/.local/lib/python3.12/site-packages/airflow/example_dags/example_task_group_decorator.py
[2026-03-19T22:52:43.248+0000] {processor.py:914} INFO - Processing file /home/airflow/.local/lib/python3.12/site-packages/airflow/example_dags/example_task_group_decorator.py for tasks to queue
[2026-03-19T22:52:43.250+0000] {logging_mixin.py:190} INFO - [2026-03-19T22:52:43.250+0000] {dagbag.py:588} INFO - Filling up the DagBag from /home/airflow/.local/lib/python3.12/site-packages/airflow/example_dags/example_task_group_decorator.py
[2026-03-19T22:52:43.263+0000] {processor.py:925} INFO - DAG(s) 'example_task_group_decorator' retrieved from /home/airflow/.local/lib/python3.12/site-packages/airflow/example_dags/example_task_group_decorator.py
[2026-03-19T22:52:43.284+0000] {logging_mixin.py:190} INFO - [2026-03-19T22:52:43.284+0000] {dag.py:3239} INFO - Sync 1 DAGs
[2026-03-19T22:52:43.297+0000] {logging_mixin.py:190} INFO - [2026-03-19T22:52:43.296+0000] {dag.py:4180} INFO - Setting next_dagrun for example_task_group_decorator to None, run_after=None
[2026-03-19T22:52:43.317+0000] {processor.py:208} INFO - Processing /home/airflow/.local/lib/python3.12/site-packages/airflow/example_dags/example_task_group_decorator.py took 0.077 seconds
[2026-03-19T22:53:13.590+0000] {processor.py:186} INFO - Started process (PID=695) to work on /home/airflow/.local/lib/python3.12/site-packages/airflow/example_dags/example_task_group_decorator.py
[2026-03-19T22:53:13.590+0000] {processor.py:914} INFO - Processing file /home/airflow/.local/lib/python3.12/site-packages/airflow/example_dags/example_task_group_decorator.py for tasks to queue
[2026-03-19T22:53:13.592+0000] {logging_mixin.py:190} INFO - [2026-03-19T22:53:13.592+0000] {dagbag.py:588} INFO - Filling up the DagBag from /home/airflow/.local/lib/python3.12/site-packages/airflow/example_dags/example_task_group_decorator.py
[2026-03-19T22:53:13.605+0000] {processor.py:925} INFO - DAG(s) 'example_task_group_decorator' retrieved from /home/airflow/.local/lib/python3.12/site-packages/airflow/example_dags/example_task_group_decorator.py
[2026-03-19T22:53:13.626+0000] {logging_mixin.py:190} INFO - [2026-03-19T22:53:13.626+0000] {dag.py:3239} INFO - Sync 1 DAGs
[2026-03-19T22:53:13.638+0000] {logging_mixin.py:190} INFO - [2026-03-19T22:53:13.638+0000] {dag.py:4180} INFO - Setting next_dagrun for example_task_group_decorator to None, run_after=None
[2026-03-19T22:53:13.655+0000] {processor.py:208} INFO - Processing /home/airflow/.local/lib/python3.12/site-packages/airflow/example_dags/example_task_group_decorator.py took 0.070 seconds
[2026-03-19T22:53:43.975+0000] {processor.py:186} INFO - Started process (PID=753) to work on /home/airflow/.local/lib/python3.12/site-packages/airflow/example_dags/example_task_group_decorator.py
[2026-03-19T22:53:43.976+0000] {processor.py:914} INFO - Processing file /home/airflow/.local/lib/python3.12/site-packages/airflow/example_dags/example_task_group_decorator.py for tasks to queue
[2026-03-19T22:53:43.978+0000] {logging_mixin.py:190} INFO - [2026-03-19T22:53:43.978+0000] {dagbag.py:588} INFO - Filling up the DagBag from /home/airflow/.local/lib/python3.12/site-packages/airflow/example_dags/example_task_group_decorator.py
[2026-03-19T22:53:43.992+0000] {processor.py:925} INFO - DAG(s) 'example_task_group_decorator' retrieved from /home/airflow/.local/lib/python3.12/site-packages/airflow/example_dags/example_task_group_decorator.py
[2026-03-19T22:53:44.013+0000] {logging_mixin.py:190} INFO - [2026-03-19T22:53:44.013+0000] {dag.py:3239} INFO - Sync 1 DAGs
[2026-03-19T22:53:44.026+0000] {logging_mixin.py:190} INFO - [2026-03-19T22:53:44.026+0000] {dag.py:4180} INFO - Setting next_dagrun for example_task_group_decorator to None, run_after=None
[2026-03-19T22:53:44.045+0000] {processor.py:208} INFO - Processing /home/airflow/.local/lib/python3.12/site-packages/airflow/example_dags/example_task_group_decorator.py took 0.074 seconds
[2026-03-19T22:54:14.562+0000] {processor.py:186} INFO - Started process (PID=811) to work on /home/airflow/.local/lib/python3.12/site-packages/airflow/example_dags/example_task_group_decorator.py
[2026-03-19T22:54:14.563+0000] {processor.py:914} INFO - Processing file /home/airflow/.local/lib/python3.12/site-packages/airflow/example_dags/example_task_group_decorator.py for tasks to queue
[2026-03-19T22:54:14.565+0000] {logging_mixin.py:190} INFO - [2026-03-19T22:54:14.565+0000] {dagbag.py:588} INFO - Filling up the DagBag from /home/airflow/.local/lib/python3.12/site-packages/airflow/example_dags/example_task_group_decorator.py
[2026-03-19T22:54:14.578+0000] {processor.py:925} INFO - DAG(s) 'example_task_group_decorator' retrieved from /home/airflow/.local/lib/python3.12/site-packages/airflow/example_dags/example_task_group_decorator.py
[2026-03-19T22:54:14.598+0000] {logging_mixin.py:190} INFO - [2026-03-19T22:54:14.598+0000] {dag.py:3239} INFO - Sync 1 DAGs
[2026-03-19T22:54:14.610+0000] {logging_mixin.py:190} INFO - [2026-03-19T22:54:14.609+0000] {dag.py:4180} INFO - Setting next_dagrun for example_task_group_decorator to None, run_after=None
[2026-03-19T22:54:14.630+0000] {processor.py:208} INFO - Processing /home/airflow/.local/lib/python3.12/site-packages/airflow/example_dags/example_task_group_decorator.py took 0.073 seconds
[2026-03-19T22:54:44.873+0000] {processor.py:186} INFO - Started process (PID=869) to work on /home/airflow/.local/lib/python3.12/site-packages/airflow/example_dags/example_task_group_decorator.py
[2026-03-19T22:54:44.875+0000] {processor.py:914} INFO - Processing file /home/airflow/.local/lib/python3.12/site-packages/airflow/example_dags/example_task_group_decorator.py for tasks to queue
[2026-03-19T22:54:44.878+0000] {logging_mixin.py:190} INFO - [2026-03-19T22:54:44.877+0000] {dagbag.py:588} INFO - Filling up the DagBag from /home/airflow/.local/lib/python3.12/site-packages/airflow/example_dags/example_task_group_decorator.py
[2026-03-19T22:54:44.895+0000] {processor.py:925} INFO - DAG(s) 'example_task_group_decorator' retrieved from /home/airflow/.local/lib/python3.12/site-packages/airflow/example_dags/example_task_group_decorator.py
[2026-03-19T22:54:44.921+0000] {logging_mixin.py:190} INFO - [2026-03-19T22:54:44.921+0000] {dag.py:3239} INFO - Sync 1 DAGs
[2026-03-19T22:54:44.942+0000] {logging_mixin.py:190} INFO - [2026-03-19T22:54:44.941+0000] {dag.py:4180} INFO - Setting next_dagrun for example_task_group_decorator to None, run_after=None
[2026-03-19T22:54:44.965+0000] {processor.py:208} INFO - Processing /home/airflow/.local/lib/python3.12/site-packages/airflow/example_dags/example_task_group_decorator.py took 0.100 seconds
[2026-03-19T22:55:15.085+0000] {processor.py:186} INFO - Started process (PID=927) to work on /home/airflow/.local/lib/python3.12/site-packages/airflow/example_dags/example_task_group_decorator.py
[2026-03-19T22:55:15.085+0000] {processor.py:914} INFO - Processing file /home/airflow/.local/lib/python3.12/site-packages/airflow/example_dags/example_task_group_decorator.py for tasks to queue
[2026-03-19T22:55:15.087+0000] {logging_mixin.py:190} INFO - [2026-03-19T22:55:15.087+0000] {dagbag.py:588} INFO - Filling up the DagBag from /home/airflow/.local/lib/python3.12/site-packages/airflow/example_dags/example_task_group_decorator.py
[2026-03-19T22:55:15.101+0000] {processor.py:925} INFO - DAG(s) 'example_task_group_decorator' retrieved from /home/airflow/.local/lib/python3.12/site-packages/airflow/example_dags/example_task_group_decorator.py
[2026-03-19T22:55:15.123+0000] {logging_mixin.py:190} INFO - [2026-03-19T22:55:15.122+0000] {dag.py:3239} INFO - Sync 1 DAGs
[2026-03-19T22:55:15.135+0000] {logging_mixin.py:190} INFO - [2026-03-19T22:55:15.134+0000] {dag.py:4180} INFO - Setting next_dagrun for example_task_group_decorator to None, run_after=None
[2026-03-19T22:55:15.155+0000] {processor.py:208} INFO - Processing /home/airflow/.local/lib/python3.12/site-packages/airflow/example_dags/example_task_group_decorator.py took 0.075 seconds
