[2026-03-19T22:36:52.322+0000] {processor.py:186} INFO - Started process (PID=66) to work on /home/airflow/.local/lib/python3.12/site-packages/airflow/example_dags/example_trigger_controller_dag.py
[2026-03-19T22:36:52.323+0000] {processor.py:914} INFO - Processing file /home/airflow/.local/lib/python3.12/site-packages/airflow/example_dags/example_trigger_controller_dag.py for tasks to queue
[2026-03-19T22:36:52.327+0000] {logging_mixin.py:190} INFO - [2026-03-19T22:36:52.327+0000] {dagbag.py:588} INFO - Filling up the DagBag from /home/airflow/.local/lib/python3.12/site-packages/airflow/example_dags/example_trigger_controller_dag.py
[2026-03-19T22:36:52.350+0000] {processor.py:925} INFO - DAG(s) 'example_trigger_controller_dag' retrieved from /home/airflow/.local/lib/python3.12/site-packages/airflow/example_dags/example_trigger_controller_dag.py
[2026-03-19T22:36:52.558+0000] {logging_mixin.py:190} INFO - [2026-03-19T22:36:52.558+0000] {override.py:1911} INFO - Created Permission View: can read on DAG:example_trigger_controller_dag
[2026-03-19T22:36:52.606+0000] {logging_mixin.py:190} INFO - [2026-03-19T22:36:52.605+0000] {override.py:1911} INFO - Created Permission View: can delete on DAG:example_trigger_controller_dag
[2026-03-19T22:36:52.660+0000] {logging_mixin.py:190} INFO - [2026-03-19T22:36:52.659+0000] {override.py:1911} INFO - Created Permission View: can edit on DAG:example_trigger_controller_dag
[2026-03-19T22:36:52.733+0000] {logging_mixin.py:190} INFO - [2026-03-19T22:36:52.733+0000] {override.py:1911} INFO - Created Permission View: can read on DAG Run:example_trigger_controller_dag
[2026-03-19T22:36:52.791+0000] {logging_mixin.py:190} INFO - [2026-03-19T22:36:52.790+0000] {override.py:1911} INFO - Created Permission View: can create on DAG Run:example_trigger_controller_dag
[2026-03-19T22:36:52.834+0000] {logging_mixin.py:190} INFO - [2026-03-19T22:36:52.834+0000] {override.py:1911} INFO - Created Permission View: menu access on DAG Run:example_trigger_controller_dag
[2026-03-19T22:36:52.895+0000] {logging_mixin.py:190} INFO - [2026-03-19T22:36:52.894+0000] {override.py:1911} INFO - Created Permission View: can delete on DAG Run:example_trigger_controller_dag
[2026-03-19T22:36:52.897+0000] {logging_mixin.py:190} INFO - [2026-03-19T22:36:52.896+0000] {dag.py:3239} INFO - Sync 1 DAGs
[2026-03-19T22:36:52.939+0000] {logging_mixin.py:190} INFO - [2026-03-19T22:36:52.938+0000] {dag.py:3262} INFO - Creating ORM DAG for example_trigger_controller_dag
[2026-03-19T22:36:52.968+0000] {logging_mixin.py:190} INFO - [2026-03-19T22:36:52.968+0000] {dag.py:4180} INFO - Setting next_dagrun for example_trigger_controller_dag to 2021-01-01 00:00:00+00:00, run_after=2021-01-01 00:00:00+00:00
[2026-03-19T22:36:53.091+0000] {processor.py:208} INFO - Processing /home/airflow/.local/lib/python3.12/site-packages/airflow/example_dags/example_trigger_controller_dag.py took 0.781 seconds
[2026-03-19T22:37:39.831+0000] {processor.py:186} INFO - Started process (PID=124) to work on /home/airflow/.local/lib/python3.12/site-packages/airflow/example_dags/example_trigger_controller_dag.py
[2026-03-19T22:37:39.834+0000] {processor.py:914} INFO - Processing file /home/airflow/.local/lib/python3.12/site-packages/airflow/example_dags/example_trigger_controller_dag.py for tasks to queue
[2026-03-19T22:37:39.841+0000] {logging_mixin.py:190} INFO - [2026-03-19T22:37:39.839+0000] {dagbag.py:588} INFO - Filling up the DagBag from /home/airflow/.local/lib/python3.12/site-packages/airflow/example_dags/example_trigger_controller_dag.py
[2026-03-19T22:37:39.865+0000] {processor.py:925} INFO - DAG(s) 'example_trigger_controller_dag' retrieved from /home/airflow/.local/lib/python3.12/site-packages/airflow/example_dags/example_trigger_controller_dag.py
[2026-03-19T22:37:39.916+0000] {logging_mixin.py:190} INFO - [2026-03-19T22:37:39.916+0000] {dag.py:3239} INFO - Sync 1 DAGs
[2026-03-19T22:37:39.997+0000] {logging_mixin.py:190} INFO - [2026-03-19T22:37:39.996+0000] {dag.py:4180} INFO - Setting next_dagrun for example_trigger_controller_dag to 2021-01-01 00:00:00+00:00, run_after=2021-01-01 00:00:00+00:00
[2026-03-19T22:37:40.051+0000] {processor.py:208} INFO - Processing /home/airflow/.local/lib/python3.12/site-packages/airflow/example_dags/example_trigger_controller_dag.py took 0.234 seconds
[2026-03-19T22:42:03.773+0000] {processor.py:186} INFO - Started process (PID=182) to work on /home/airflow/.local/lib/python3.12/site-packages/airflow/example_dags/example_trigger_controller_dag.py
[2026-03-19T22:42:03.864+0000] {processor.py:914} INFO - Processing file /home/airflow/.local/lib/python3.12/site-packages/airflow/example_dags/example_trigger_controller_dag.py for tasks to queue
[2026-03-19T22:42:03.922+0000] {logging_mixin.py:190} INFO - [2026-03-19T22:42:03.899+0000] {dagbag.py:588} INFO - Filling up the DagBag from /home/airflow/.local/lib/python3.12/site-packages/airflow/example_dags/example_trigger_controller_dag.py
[2026-03-19T22:42:04.500+0000] {processor.py:925} INFO - DAG(s) 'example_trigger_controller_dag' retrieved from /home/airflow/.local/lib/python3.12/site-packages/airflow/example_dags/example_trigger_controller_dag.py
[2026-03-19T22:42:06.412+0000] {logging_mixin.py:190} INFO - [2026-03-19T22:42:06.356+0000] {dag.py:3239} INFO - Sync 1 DAGs
[2026-03-19T22:42:06.918+0000] {logging_mixin.py:190} INFO - [2026-03-19T22:42:06.916+0000] {dag.py:4180} INFO - Setting next_dagrun for example_trigger_controller_dag to 2021-01-01 00:00:00+00:00, run_after=2021-01-01 00:00:00+00:00
[2026-03-19T22:42:07.085+0000] {processor.py:208} INFO - Processing /home/airflow/.local/lib/python3.12/site-packages/airflow/example_dags/example_trigger_controller_dag.py took 3.692 seconds
[2026-03-19T22:47:40.588+0000] {processor.py:186} INFO - Started process (PID=66) to work on /home/airflow/.local/lib/python3.12/site-packages/airflow/example_dags/example_trigger_controller_dag.py
[2026-03-19T22:47:40.592+0000] {processor.py:914} INFO - Processing file /home/airflow/.local/lib/python3.12/site-packages/airflow/example_dags/example_trigger_controller_dag.py for tasks to queue
[2026-03-19T22:47:40.594+0000] {logging_mixin.py:190} INFO - [2026-03-19T22:47:40.594+0000] {dagbag.py:588} INFO - Filling up the DagBag from /home/airflow/.local/lib/python3.12/site-packages/airflow/example_dags/example_trigger_controller_dag.py
[2026-03-19T22:47:40.600+0000] {processor.py:925} INFO - DAG(s) 'example_trigger_controller_dag' retrieved from /home/airflow/.local/lib/python3.12/site-packages/airflow/example_dags/example_trigger_controller_dag.py
[2026-03-19T22:47:40.694+0000] {logging_mixin.py:190} INFO - [2026-03-19T22:47:40.694+0000] {override.py:1911} INFO - Created Permission View: can delete on DAG:example_trigger_controller_dag
[2026-03-19T22:47:40.708+0000] {logging_mixin.py:190} INFO - [2026-03-19T22:47:40.708+0000] {override.py:1911} INFO - Created Permission View: can edit on DAG:example_trigger_controller_dag
[2026-03-19T22:47:40.720+0000] {logging_mixin.py:190} INFO - [2026-03-19T22:47:40.719+0000] {override.py:1911} INFO - Created Permission View: can read on DAG:example_trigger_controller_dag
[2026-03-19T22:47:40.737+0000] {logging_mixin.py:190} INFO - [2026-03-19T22:47:40.737+0000] {override.py:1911} INFO - Created Permission View: can create on DAG Run:example_trigger_controller_dag
[2026-03-19T22:47:40.748+0000] {logging_mixin.py:190} INFO - [2026-03-19T22:47:40.747+0000] {override.py:1911} INFO - Created Permission View: can delete on DAG Run:example_trigger_controller_dag
[2026-03-19T22:47:40.759+0000] {logging_mixin.py:190} INFO - [2026-03-19T22:47:40.758+0000] {override.py:1911} INFO - Created Permission View: menu access on DAG Run:example_trigger_controller_dag
[2026-03-19T22:47:40.769+0000] {logging_mixin.py:190} INFO - [2026-03-19T22:47:40.769+0000] {override.py:1911} INFO - Created Permission View: can read on DAG Run:example_trigger_controller_dag
[2026-03-19T22:47:40.770+0000] {logging_mixin.py:190} INFO - [2026-03-19T22:47:40.770+0000] {dag.py:3239} INFO - Sync 1 DAGs
[2026-03-19T22:47:40.781+0000] {logging_mixin.py:190} INFO - [2026-03-19T22:47:40.780+0000] {dag.py:3262} INFO - Creating ORM DAG for example_trigger_controller_dag
[2026-03-19T22:47:40.788+0000] {logging_mixin.py:190} INFO - [2026-03-19T22:47:40.788+0000] {dag.py:4180} INFO - Setting next_dagrun for example_trigger_controller_dag to 2021-01-01 00:00:00+00:00, run_after=2021-01-01 00:00:00+00:00
[2026-03-19T22:47:40.804+0000] {processor.py:208} INFO - Processing /home/airflow/.local/lib/python3.12/site-packages/airflow/example_dags/example_trigger_controller_dag.py took 0.221 seconds
[2026-03-19T22:48:12.091+0000] {processor.py:186} INFO - Started process (PID=124) to work on /home/airflow/.local/lib/python3.12/site-packages/airflow/example_dags/example_trigger_controller_dag.py
[2026-03-19T22:48:12.092+0000] {processor.py:914} INFO - Processing file /home/airflow/.local/lib/python3.12/site-packages/airflow/example_dags/example_trigger_controller_dag.py for tasks to queue
[2026-03-19T22:48:12.095+0000] {logging_mixin.py:190} INFO - [2026-03-19T22:48:12.094+0000] {dagbag.py:588} INFO - Filling up the DagBag from /home/airflow/.local/lib/python3.12/site-packages/airflow/example_dags/example_trigger_controller_dag.py
[2026-03-19T22:48:12.103+0000] {processor.py:925} INFO - DAG(s) 'example_trigger_controller_dag' retrieved from /home/airflow/.local/lib/python3.12/site-packages/airflow/example_dags/example_trigger_controller_dag.py
[2026-03-19T22:48:12.120+0000] {logging_mixin.py:190} INFO - [2026-03-19T22:48:12.120+0000] {dag.py:3239} INFO - Sync 1 DAGs
[2026-03-19T22:48:12.145+0000] {logging_mixin.py:190} INFO - [2026-03-19T22:48:12.145+0000] {dag.py:4180} INFO - Setting next_dagrun for example_trigger_controller_dag to 2021-01-01 00:00:00+00:00, run_after=2021-01-01 00:00:00+00:00
[2026-03-19T22:48:12.169+0000] {processor.py:208} INFO - Processing /home/airflow/.local/lib/python3.12/site-packages/airflow/example_dags/example_trigger_controller_dag.py took 0.083 seconds
[2026-03-19T22:48:43.023+0000] {processor.py:186} INFO - Started process (PID=182) to work on /home/airflow/.local/lib/python3.12/site-packages/airflow/example_dags/example_trigger_controller_dag.py
[2026-03-19T22:48:43.024+0000] {processor.py:914} INFO - Processing file /home/airflow/.local/lib/python3.12/site-packages/airflow/example_dags/example_trigger_controller_dag.py for tasks to queue
[2026-03-19T22:48:43.026+0000] {logging_mixin.py:190} INFO - [2026-03-19T22:48:43.026+0000] {dagbag.py:588} INFO - Filling up the DagBag from /home/airflow/.local/lib/python3.12/site-packages/airflow/example_dags/example_trigger_controller_dag.py
[2026-03-19T22:48:43.032+0000] {processor.py:925} INFO - DAG(s) 'example_trigger_controller_dag' retrieved from /home/airflow/.local/lib/python3.12/site-packages/airflow/example_dags/example_trigger_controller_dag.py
[2026-03-19T22:48:43.047+0000] {logging_mixin.py:190} INFO - [2026-03-19T22:48:43.047+0000] {dag.py:3239} INFO - Sync 1 DAGs
[2026-03-19T22:48:43.065+0000] {logging_mixin.py:190} INFO - [2026-03-19T22:48:43.064+0000] {dag.py:4180} INFO - Setting next_dagrun for example_trigger_controller_dag to 2021-01-01 00:00:00+00:00, run_after=2021-01-01 00:00:00+00:00
[2026-03-19T22:48:43.083+0000] {processor.py:208} INFO - Processing /home/airflow/.local/lib/python3.12/site-packages/airflow/example_dags/example_trigger_controller_dag.py took 0.064 seconds
[2026-03-19T22:49:13.823+0000] {processor.py:186} INFO - Started process (PID=240) to work on /home/airflow/.local/lib/python3.12/site-packages/airflow/example_dags/example_trigger_controller_dag.py
[2026-03-19T22:49:13.823+0000] {processor.py:914} INFO - Processing file /home/airflow/.local/lib/python3.12/site-packages/airflow/example_dags/example_trigger_controller_dag.py for tasks to queue
[2026-03-19T22:49:13.825+0000] {logging_mixin.py:190} INFO - [2026-03-19T22:49:13.825+0000] {dagbag.py:588} INFO - Filling up the DagBag from /home/airflow/.local/lib/python3.12/site-packages/airflow/example_dags/example_trigger_controller_dag.py
[2026-03-19T22:49:13.831+0000] {processor.py:925} INFO - DAG(s) 'example_trigger_controller_dag' retrieved from /home/airflow/.local/lib/python3.12/site-packages/airflow/example_dags/example_trigger_controller_dag.py
[2026-03-19T22:49:13.848+0000] {logging_mixin.py:190} INFO - [2026-03-19T22:49:13.848+0000] {dag.py:3239} INFO - Sync 1 DAGs
[2026-03-19T22:49:13.868+0000] {logging_mixin.py:190} INFO - [2026-03-19T22:49:13.867+0000] {dag.py:4180} INFO - Setting next_dagrun for example_trigger_controller_dag to 2021-01-01 00:00:00+00:00, run_after=2021-01-01 00:00:00+00:00
[2026-03-19T22:49:13.885+0000] {processor.py:208} INFO - Processing /home/airflow/.local/lib/python3.12/site-packages/airflow/example_dags/example_trigger_controller_dag.py took 0.068 seconds
[2026-03-19T22:49:45.115+0000] {processor.py:186} INFO - Started process (PID=298) to work on /home/airflow/.local/lib/python3.12/site-packages/airflow/example_dags/example_trigger_controller_dag.py
[2026-03-19T22:49:45.116+0000] {processor.py:914} INFO - Processing file /home/airflow/.local/lib/python3.12/site-packages/airflow/example_dags/example_trigger_controller_dag.py for tasks to queue
[2026-03-19T22:49:45.118+0000] {logging_mixin.py:190} INFO - [2026-03-19T22:49:45.118+0000] {dagbag.py:588} INFO - Filling up the DagBag from /home/airflow/.local/lib/python3.12/site-packages/airflow/example_dags/example_trigger_controller_dag.py
[2026-03-19T22:49:45.124+0000] {processor.py:925} INFO - DAG(s) 'example_trigger_controller_dag' retrieved from /home/airflow/.local/lib/python3.12/site-packages/airflow/example_dags/example_trigger_controller_dag.py
[2026-03-19T22:49:45.139+0000] {logging_mixin.py:190} INFO - [2026-03-19T22:49:45.138+0000] {dag.py:3239} INFO - Sync 1 DAGs
[2026-03-19T22:49:45.158+0000] {logging_mixin.py:190} INFO - [2026-03-19T22:49:45.158+0000] {dag.py:4180} INFO - Setting next_dagrun for example_trigger_controller_dag to 2021-01-01 00:00:00+00:00, run_after=2021-01-01 00:00:00+00:00
[2026-03-19T22:49:45.177+0000] {processor.py:208} INFO - Processing /home/airflow/.local/lib/python3.12/site-packages/airflow/example_dags/example_trigger_controller_dag.py took 0.067 seconds
[2026-03-19T22:50:15.717+0000] {processor.py:186} INFO - Started process (PID=358) to work on /home/airflow/.local/lib/python3.12/site-packages/airflow/example_dags/example_trigger_controller_dag.py
[2026-03-19T22:50:15.718+0000] {processor.py:914} INFO - Processing file /home/airflow/.local/lib/python3.12/site-packages/airflow/example_dags/example_trigger_controller_dag.py for tasks to queue
[2026-03-19T22:50:15.720+0000] {logging_mixin.py:190} INFO - [2026-03-19T22:50:15.719+0000] {dagbag.py:588} INFO - Filling up the DagBag from /home/airflow/.local/lib/python3.12/site-packages/airflow/example_dags/example_trigger_controller_dag.py
[2026-03-19T22:50:15.725+0000] {processor.py:925} INFO - DAG(s) 'example_trigger_controller_dag' retrieved from /home/airflow/.local/lib/python3.12/site-packages/airflow/example_dags/example_trigger_controller_dag.py
[2026-03-19T22:50:15.741+0000] {logging_mixin.py:190} INFO - [2026-03-19T22:50:15.741+0000] {dag.py:3239} INFO - Sync 1 DAGs
[2026-03-19T22:50:15.760+0000] {logging_mixin.py:190} INFO - [2026-03-19T22:50:15.760+0000] {dag.py:4180} INFO - Setting next_dagrun for example_trigger_controller_dag to 2021-01-01 00:00:00+00:00, run_after=2021-01-01 00:00:00+00:00
[2026-03-19T22:50:15.777+0000] {processor.py:208} INFO - Processing /home/airflow/.local/lib/python3.12/site-packages/airflow/example_dags/example_trigger_controller_dag.py took 0.065 seconds
[2026-03-19T22:50:47.040+0000] {processor.py:186} INFO - Started process (PID=416) to work on /home/airflow/.local/lib/python3.12/site-packages/airflow/example_dags/example_trigger_controller_dag.py
[2026-03-19T22:50:47.041+0000] {processor.py:914} INFO - Processing file /home/airflow/.local/lib/python3.12/site-packages/airflow/example_dags/example_trigger_controller_dag.py for tasks to queue
[2026-03-19T22:50:47.043+0000] {logging_mixin.py:190} INFO - [2026-03-19T22:50:47.043+0000] {dagbag.py:588} INFO - Filling up the DagBag from /home/airflow/.local/lib/python3.12/site-packages/airflow/example_dags/example_trigger_controller_dag.py
[2026-03-19T22:50:47.049+0000] {processor.py:925} INFO - DAG(s) 'example_trigger_controller_dag' retrieved from /home/airflow/.local/lib/python3.12/site-packages/airflow/example_dags/example_trigger_controller_dag.py
[2026-03-19T22:50:47.065+0000] {logging_mixin.py:190} INFO - [2026-03-19T22:50:47.065+0000] {dag.py:3239} INFO - Sync 1 DAGs
[2026-03-19T22:50:47.088+0000] {logging_mixin.py:190} INFO - [2026-03-19T22:50:47.088+0000] {dag.py:4180} INFO - Setting next_dagrun for example_trigger_controller_dag to 2021-01-01 00:00:00+00:00, run_after=2021-01-01 00:00:00+00:00
[2026-03-19T22:50:47.109+0000] {processor.py:208} INFO - Processing /home/airflow/.local/lib/python3.12/site-packages/airflow/example_dags/example_trigger_controller_dag.py took 0.074 seconds
[2026-03-19T22:51:17.565+0000] {processor.py:186} INFO - Started process (PID=474) to work on /home/airflow/.local/lib/python3.12/site-packages/airflow/example_dags/example_trigger_controller_dag.py
[2026-03-19T22:51:17.566+0000] {processor.py:914} INFO - Processing file /home/airflow/.local/lib/python3.12/site-packages/airflow/example_dags/example_trigger_controller_dag.py for tasks to queue
[2026-03-19T22:51:17.568+0000] {logging_mixin.py:190} INFO - [2026-03-19T22:51:17.568+0000] {dagbag.py:588} INFO - Filling up the DagBag from /home/airflow/.local/lib/python3.12/site-packages/airflow/example_dags/example_trigger_controller_dag.py
[2026-03-19T22:51:17.574+0000] {processor.py:925} INFO - DAG(s) 'example_trigger_controller_dag' retrieved from /home/airflow/.local/lib/python3.12/site-packages/airflow/example_dags/example_trigger_controller_dag.py
[2026-03-19T22:51:17.589+0000] {logging_mixin.py:190} INFO - [2026-03-19T22:51:17.589+0000] {dag.py:3239} INFO - Sync 1 DAGs
[2026-03-19T22:51:17.608+0000] {logging_mixin.py:190} INFO - [2026-03-19T22:51:17.608+0000] {dag.py:4180} INFO - Setting next_dagrun for example_trigger_controller_dag to 2021-01-01 00:00:00+00:00, run_after=2021-01-01 00:00:00+00:00
[2026-03-19T22:51:17.627+0000] {processor.py:208} INFO - Processing /home/airflow/.local/lib/python3.12/site-packages/airflow/example_dags/example_trigger_controller_dag.py took 0.067 seconds
[2026-03-19T22:51:48.281+0000] {processor.py:186} INFO - Started process (PID=532) to work on /home/airflow/.local/lib/python3.12/site-packages/airflow/example_dags/example_trigger_controller_dag.py
[2026-03-19T22:51:48.282+0000] {processor.py:914} INFO - Processing file /home/airflow/.local/lib/python3.12/site-packages/airflow/example_dags/example_trigger_controller_dag.py for tasks to queue
[2026-03-19T22:51:48.284+0000] {logging_mixin.py:190} INFO - [2026-03-19T22:51:48.283+0000] {dagbag.py:588} INFO - Filling up the DagBag from /home/airflow/.local/lib/python3.12/site-packages/airflow/example_dags/example_trigger_controller_dag.py
[2026-03-19T22:51:48.289+0000] {processor.py:925} INFO - DAG(s) 'example_trigger_controller_dag' retrieved from /home/airflow/.local/lib/python3.12/site-packages/airflow/example_dags/example_trigger_controller_dag.py
[2026-03-19T22:51:48.304+0000] {logging_mixin.py:190} INFO - [2026-03-19T22:51:48.304+0000] {dag.py:3239} INFO - Sync 1 DAGs
[2026-03-19T22:51:48.324+0000] {logging_mixin.py:190} INFO - [2026-03-19T22:51:48.324+0000] {dag.py:4180} INFO - Setting next_dagrun for example_trigger_controller_dag to 2021-01-01 00:00:00+00:00, run_after=2021-01-01 00:00:00+00:00
[2026-03-19T22:51:48.345+0000] {processor.py:208} INFO - Processing /home/airflow/.local/lib/python3.12/site-packages/airflow/example_dags/example_trigger_controller_dag.py took 0.069 seconds
[2026-03-19T22:52:18.903+0000] {processor.py:186} INFO - Started process (PID=590) to work on /home/airflow/.local/lib/python3.12/site-packages/airflow/example_dags/example_trigger_controller_dag.py
[2026-03-19T22:52:18.904+0000] {processor.py:914} INFO - Processing file /home/airflow/.local/lib/python3.12/site-packages/airflow/example_dags/example_trigger_controller_dag.py for tasks to queue
[2026-03-19T22:52:18.906+0000] {logging_mixin.py:190} INFO - [2026-03-19T22:52:18.906+0000] {dagbag.py:588} INFO - Filling up the DagBag from /home/airflow/.local/lib/python3.12/site-packages/airflow/example_dags/example_trigger_controller_dag.py
[2026-03-19T22:52:18.912+0000] {processor.py:925} INFO - DAG(s) 'example_trigger_controller_dag' retrieved from /home/airflow/.local/lib/python3.12/site-packages/airflow/example_dags/example_trigger_controller_dag.py
[2026-03-19T22:52:18.928+0000] {logging_mixin.py:190} INFO - [2026-03-19T22:52:18.928+0000] {dag.py:3239} INFO - Sync 1 DAGs
[2026-03-19T22:52:18.949+0000] {logging_mixin.py:190} INFO - [2026-03-19T22:52:18.948+0000] {dag.py:4180} INFO - Setting next_dagrun for example_trigger_controller_dag to 2021-01-01 00:00:00+00:00, run_after=2021-01-01 00:00:00+00:00
[2026-03-19T22:52:18.968+0000] {processor.py:208} INFO - Processing /home/airflow/.local/lib/python3.12/site-packages/airflow/example_dags/example_trigger_controller_dag.py took 0.069 seconds
[2026-03-19T22:52:50.395+0000] {processor.py:186} INFO - Started process (PID=648) to work on /home/airflow/.local/lib/python3.12/site-packages/airflow/example_dags/example_trigger_controller_dag.py
[2026-03-19T22:52:50.396+0000] {processor.py:914} INFO - Processing file /home/airflow/.local/lib/python3.12/site-packages/airflow/example_dags/example_trigger_controller_dag.py for tasks to queue
[2026-03-19T22:52:50.398+0000] {logging_mixin.py:190} INFO - [2026-03-19T22:52:50.398+0000] {dagbag.py:588} INFO - Filling up the DagBag from /home/airflow/.local/lib/python3.12/site-packages/airflow/example_dags/example_trigger_controller_dag.py
[2026-03-19T22:52:50.404+0000] {processor.py:925} INFO - DAG(s) 'example_trigger_controller_dag' retrieved from /home/airflow/.local/lib/python3.12/site-packages/airflow/example_dags/example_trigger_controller_dag.py
[2026-03-19T22:52:50.420+0000] {logging_mixin.py:190} INFO - [2026-03-19T22:52:50.420+0000] {dag.py:3239} INFO - Sync 1 DAGs
[2026-03-19T22:52:50.439+0000] {logging_mixin.py:190} INFO - [2026-03-19T22:52:50.439+0000] {dag.py:4180} INFO - Setting next_dagrun for example_trigger_controller_dag to 2021-01-01 00:00:00+00:00, run_after=2021-01-01 00:00:00+00:00
[2026-03-19T22:52:50.462+0000] {processor.py:208} INFO - Processing /home/airflow/.local/lib/python3.12/site-packages/airflow/example_dags/example_trigger_controller_dag.py took 0.072 seconds
[2026-03-19T22:53:21.931+0000] {processor.py:186} INFO - Started process (PID=706) to work on /home/airflow/.local/lib/python3.12/site-packages/airflow/example_dags/example_trigger_controller_dag.py
[2026-03-19T22:53:21.932+0000] {processor.py:914} INFO - Processing file /home/airflow/.local/lib/python3.12/site-packages/airflow/example_dags/example_trigger_controller_dag.py for tasks to queue
[2026-03-19T22:53:21.934+0000] {logging_mixin.py:190} INFO - [2026-03-19T22:53:21.934+0000] {dagbag.py:588} INFO - Filling up the DagBag from /home/airflow/.local/lib/python3.12/site-packages/airflow/example_dags/example_trigger_controller_dag.py
[2026-03-19T22:53:21.940+0000] {processor.py:925} INFO - DAG(s) 'example_trigger_controller_dag' retrieved from /home/airflow/.local/lib/python3.12/site-packages/airflow/example_dags/example_trigger_controller_dag.py
[2026-03-19T22:53:21.956+0000] {logging_mixin.py:190} INFO - [2026-03-19T22:53:21.955+0000] {dag.py:3239} INFO - Sync 1 DAGs
[2026-03-19T22:53:21.974+0000] {logging_mixin.py:190} INFO - [2026-03-19T22:53:21.974+0000] {dag.py:4180} INFO - Setting next_dagrun for example_trigger_controller_dag to 2021-01-01 00:00:00+00:00, run_after=2021-01-01 00:00:00+00:00
[2026-03-19T22:53:21.993+0000] {processor.py:208} INFO - Processing /home/airflow/.local/lib/python3.12/site-packages/airflow/example_dags/example_trigger_controller_dag.py took 0.066 seconds
[2026-03-19T22:53:53.166+0000] {processor.py:186} INFO - Started process (PID=764) to work on /home/airflow/.local/lib/python3.12/site-packages/airflow/example_dags/example_trigger_controller_dag.py
[2026-03-19T22:53:53.167+0000] {processor.py:914} INFO - Processing file /home/airflow/.local/lib/python3.12/site-packages/airflow/example_dags/example_trigger_controller_dag.py for tasks to queue
[2026-03-19T22:53:53.169+0000] {logging_mixin.py:190} INFO - [2026-03-19T22:53:53.168+0000] {dagbag.py:588} INFO - Filling up the DagBag from /home/airflow/.local/lib/python3.12/site-packages/airflow/example_dags/example_trigger_controller_dag.py
[2026-03-19T22:53:53.174+0000] {processor.py:925} INFO - DAG(s) 'example_trigger_controller_dag' retrieved from /home/airflow/.local/lib/python3.12/site-packages/airflow/example_dags/example_trigger_controller_dag.py
[2026-03-19T22:53:53.190+0000] {logging_mixin.py:190} INFO - [2026-03-19T22:53:53.189+0000] {dag.py:3239} INFO - Sync 1 DAGs
[2026-03-19T22:53:53.209+0000] {logging_mixin.py:190} INFO - [2026-03-19T22:53:53.208+0000] {dag.py:4180} INFO - Setting next_dagrun for example_trigger_controller_dag to 2021-01-01 00:00:00+00:00, run_after=2021-01-01 00:00:00+00:00
[2026-03-19T22:53:53.228+0000] {processor.py:208} INFO - Processing /home/airflow/.local/lib/python3.12/site-packages/airflow/example_dags/example_trigger_controller_dag.py took 0.067 seconds
[2026-03-19T22:54:24.712+0000] {processor.py:186} INFO - Started process (PID=822) to work on /home/airflow/.local/lib/python3.12/site-packages/airflow/example_dags/example_trigger_controller_dag.py
[2026-03-19T22:54:24.712+0000] {processor.py:914} INFO - Processing file /home/airflow/.local/lib/python3.12/site-packages/airflow/example_dags/example_trigger_controller_dag.py for tasks to queue
[2026-03-19T22:54:24.714+0000] {logging_mixin.py:190} INFO - [2026-03-19T22:54:24.714+0000] {dagbag.py:588} INFO - Filling up the DagBag from /home/airflow/.local/lib/python3.12/site-packages/airflow/example_dags/example_trigger_controller_dag.py
[2026-03-19T22:54:24.721+0000] {processor.py:925} INFO - DAG(s) 'example_trigger_controller_dag' retrieved from /home/airflow/.local/lib/python3.12/site-packages/airflow/example_dags/example_trigger_controller_dag.py
[2026-03-19T22:54:24.736+0000] {logging_mixin.py:190} INFO - [2026-03-19T22:54:24.736+0000] {dag.py:3239} INFO - Sync 1 DAGs
[2026-03-19T22:54:24.756+0000] {logging_mixin.py:190} INFO - [2026-03-19T22:54:24.756+0000] {dag.py:4180} INFO - Setting next_dagrun for example_trigger_controller_dag to 2021-01-01 00:00:00+00:00, run_after=2021-01-01 00:00:00+00:00
[2026-03-19T22:54:24.774+0000] {processor.py:208} INFO - Processing /home/airflow/.local/lib/python3.12/site-packages/airflow/example_dags/example_trigger_controller_dag.py took 0.068 seconds
[2026-03-19T22:54:56.066+0000] {processor.py:186} INFO - Started process (PID=880) to work on /home/airflow/.local/lib/python3.12/site-packages/airflow/example_dags/example_trigger_controller_dag.py
[2026-03-19T22:54:56.067+0000] {processor.py:914} INFO - Processing file /home/airflow/.local/lib/python3.12/site-packages/airflow/example_dags/example_trigger_controller_dag.py for tasks to queue
[2026-03-19T22:54:56.069+0000] {logging_mixin.py:190} INFO - [2026-03-19T22:54:56.068+0000] {dagbag.py:588} INFO - Filling up the DagBag from /home/airflow/.local/lib/python3.12/site-packages/airflow/example_dags/example_trigger_controller_dag.py
[2026-03-19T22:54:56.074+0000] {processor.py:925} INFO - DAG(s) 'example_trigger_controller_dag' retrieved from /home/airflow/.local/lib/python3.12/site-packages/airflow/example_dags/example_trigger_controller_dag.py
[2026-03-19T22:54:56.090+0000] {logging_mixin.py:190} INFO - [2026-03-19T22:54:56.090+0000] {dag.py:3239} INFO - Sync 1 DAGs
[2026-03-19T22:54:56.109+0000] {logging_mixin.py:190} INFO - [2026-03-19T22:54:56.109+0000] {dag.py:4180} INFO - Setting next_dagrun for example_trigger_controller_dag to 2021-01-01 00:00:00+00:00, run_after=2021-01-01 00:00:00+00:00
[2026-03-19T22:54:56.129+0000] {processor.py:208} INFO - Processing /home/airflow/.local/lib/python3.12/site-packages/airflow/example_dags/example_trigger_controller_dag.py took 0.067 seconds
[2026-03-19T22:55:27.231+0000] {processor.py:186} INFO - Started process (PID=938) to work on /home/airflow/.local/lib/python3.12/site-packages/airflow/example_dags/example_trigger_controller_dag.py
[2026-03-19T22:55:27.232+0000] {processor.py:914} INFO - Processing file /home/airflow/.local/lib/python3.12/site-packages/airflow/example_dags/example_trigger_controller_dag.py for tasks to queue
[2026-03-19T22:55:27.234+0000] {logging_mixin.py:190} INFO - [2026-03-19T22:55:27.233+0000] {dagbag.py:588} INFO - Filling up the DagBag from /home/airflow/.local/lib/python3.12/site-packages/airflow/example_dags/example_trigger_controller_dag.py
[2026-03-19T22:55:27.239+0000] {processor.py:925} INFO - DAG(s) 'example_trigger_controller_dag' retrieved from /home/airflow/.local/lib/python3.12/site-packages/airflow/example_dags/example_trigger_controller_dag.py
[2026-03-19T22:55:27.255+0000] {logging_mixin.py:190} INFO - [2026-03-19T22:55:27.255+0000] {dag.py:3239} INFO - Sync 1 DAGs
[2026-03-19T22:55:27.274+0000] {logging_mixin.py:190} INFO - [2026-03-19T22:55:27.274+0000] {dag.py:4180} INFO - Setting next_dagrun for example_trigger_controller_dag to 2021-01-01 00:00:00+00:00, run_after=2021-01-01 00:00:00+00:00
[2026-03-19T22:55:27.292+0000] {processor.py:208} INFO - Processing /home/airflow/.local/lib/python3.12/site-packages/airflow/example_dags/example_trigger_controller_dag.py took 0.066 seconds
