[2026-03-19T22:36:49.425+0000] {processor.py:186} INFO - Started process (PID=62) to work on /home/airflow/.local/lib/python3.12/site-packages/airflow/example_dags/example_time_delta_sensor_async.py
[2026-03-19T22:36:49.427+0000] {processor.py:914} INFO - Processing file /home/airflow/.local/lib/python3.12/site-packages/airflow/example_dags/example_time_delta_sensor_async.py for tasks to queue
[2026-03-19T22:36:49.431+0000] {logging_mixin.py:190} INFO - [2026-03-19T22:36:49.431+0000] {dagbag.py:588} INFO - Filling up the DagBag from /home/airflow/.local/lib/python3.12/site-packages/airflow/example_dags/example_time_delta_sensor_async.py
[2026-03-19T22:36:49.472+0000] {processor.py:925} INFO - DAG(s) 'example_time_delta_sensor_async' retrieved from /home/airflow/.local/lib/python3.12/site-packages/airflow/example_dags/example_time_delta_sensor_async.py
[2026-03-19T22:36:49.802+0000] {logging_mixin.py:190} INFO - [2026-03-19T22:36:49.801+0000] {override.py:1911} INFO - Created Permission View: can read on DAG:example_time_delta_sensor_async
[2026-03-19T22:36:50.139+0000] {logging_mixin.py:190} INFO - [2026-03-19T22:36:50.139+0000] {override.py:1911} INFO - Created Permission View: can delete on DAG:example_time_delta_sensor_async
[2026-03-19T22:36:50.263+0000] {logging_mixin.py:190} INFO - [2026-03-19T22:36:50.262+0000] {override.py:1911} INFO - Created Permission View: can edit on DAG:example_time_delta_sensor_async
[2026-03-19T22:36:50.402+0000] {logging_mixin.py:190} INFO - [2026-03-19T22:36:50.401+0000] {override.py:1911} INFO - Created Permission View: can read on DAG Run:example_time_delta_sensor_async
[2026-03-19T22:36:50.479+0000] {logging_mixin.py:190} INFO - [2026-03-19T22:36:50.479+0000] {override.py:1911} INFO - Created Permission View: can create on DAG Run:example_time_delta_sensor_async
[2026-03-19T22:36:50.540+0000] {logging_mixin.py:190} INFO - [2026-03-19T22:36:50.539+0000] {override.py:1911} INFO - Created Permission View: menu access on DAG Run:example_time_delta_sensor_async
[2026-03-19T22:36:50.601+0000] {logging_mixin.py:190} INFO - [2026-03-19T22:36:50.600+0000] {override.py:1911} INFO - Created Permission View: can delete on DAG Run:example_time_delta_sensor_async
[2026-03-19T22:36:50.602+0000] {logging_mixin.py:190} INFO - [2026-03-19T22:36:50.602+0000] {dag.py:3239} INFO - Sync 1 DAGs
[2026-03-19T22:36:50.622+0000] {logging_mixin.py:190} INFO - [2026-03-19T22:36:50.622+0000] {dag.py:3262} INFO - Creating ORM DAG for example_time_delta_sensor_async
[2026-03-19T22:36:50.623+0000] {logging_mixin.py:190} INFO - [2026-03-19T22:36:50.623+0000] {dag.py:4180} INFO - Setting next_dagrun for example_time_delta_sensor_async to None, run_after=None
[2026-03-19T22:36:50.705+0000] {processor.py:208} INFO - Processing /home/airflow/.local/lib/python3.12/site-packages/airflow/example_dags/example_time_delta_sensor_async.py took 1.288 seconds
[2026-03-19T22:37:21.142+0000] {processor.py:186} INFO - Started process (PID=119) to work on /home/airflow/.local/lib/python3.12/site-packages/airflow/example_dags/example_time_delta_sensor_async.py
[2026-03-19T22:37:21.149+0000] {processor.py:914} INFO - Processing file /home/airflow/.local/lib/python3.12/site-packages/airflow/example_dags/example_time_delta_sensor_async.py for tasks to queue
[2026-03-19T22:37:21.175+0000] {logging_mixin.py:190} INFO - [2026-03-19T22:37:21.173+0000] {dagbag.py:588} INFO - Filling up the DagBag from /home/airflow/.local/lib/python3.12/site-packages/airflow/example_dags/example_time_delta_sensor_async.py
[2026-03-19T22:37:21.240+0000] {processor.py:925} INFO - DAG(s) 'example_time_delta_sensor_async' retrieved from /home/airflow/.local/lib/python3.12/site-packages/airflow/example_dags/example_time_delta_sensor_async.py
[2026-03-19T22:37:21.378+0000] {logging_mixin.py:190} INFO - [2026-03-19T22:37:21.377+0000] {dag.py:3239} INFO - Sync 1 DAGs
[2026-03-19T22:37:21.484+0000] {logging_mixin.py:190} INFO - [2026-03-19T22:37:21.484+0000] {dag.py:4180} INFO - Setting next_dagrun for example_time_delta_sensor_async to None, run_after=None
[2026-03-19T22:37:21.554+0000] {processor.py:208} INFO - Processing /home/airflow/.local/lib/python3.12/site-packages/airflow/example_dags/example_time_delta_sensor_async.py took 0.475 seconds
[2026-03-19T22:41:38.938+0000] {processor.py:186} INFO - Started process (PID=178) to work on /home/airflow/.local/lib/python3.12/site-packages/airflow/example_dags/example_time_delta_sensor_async.py
[2026-03-19T22:41:38.968+0000] {processor.py:914} INFO - Processing file /home/airflow/.local/lib/python3.12/site-packages/airflow/example_dags/example_time_delta_sensor_async.py for tasks to queue
[2026-03-19T22:41:39.027+0000] {logging_mixin.py:190} INFO - [2026-03-19T22:41:38.989+0000] {dagbag.py:588} INFO - Filling up the DagBag from /home/airflow/.local/lib/python3.12/site-packages/airflow/example_dags/example_time_delta_sensor_async.py
[2026-03-19T22:41:39.715+0000] {processor.py:925} INFO - DAG(s) 'example_time_delta_sensor_async' retrieved from /home/airflow/.local/lib/python3.12/site-packages/airflow/example_dags/example_time_delta_sensor_async.py
[2026-03-19T22:41:43.484+0000] {logging_mixin.py:190} INFO - [2026-03-19T22:41:43.456+0000] {dag.py:3239} INFO - Sync 1 DAGs
[2026-03-19T22:41:44.046+0000] {logging_mixin.py:190} INFO - [2026-03-19T22:41:44.042+0000] {dag.py:4180} INFO - Setting next_dagrun for example_time_delta_sensor_async to None, run_after=None
[2026-03-19T22:41:46.118+0000] {processor.py:208} INFO - Processing /home/airflow/.local/lib/python3.12/site-packages/airflow/example_dags/example_time_delta_sensor_async.py took 7.663 seconds
[2026-03-19T22:47:39.830+0000] {processor.py:186} INFO - Started process (PID=62) to work on /home/airflow/.local/lib/python3.12/site-packages/airflow/example_dags/example_time_delta_sensor_async.py
[2026-03-19T22:47:39.832+0000] {processor.py:914} INFO - Processing file /home/airflow/.local/lib/python3.12/site-packages/airflow/example_dags/example_time_delta_sensor_async.py for tasks to queue
[2026-03-19T22:47:39.834+0000] {logging_mixin.py:190} INFO - [2026-03-19T22:47:39.834+0000] {dagbag.py:588} INFO - Filling up the DagBag from /home/airflow/.local/lib/python3.12/site-packages/airflow/example_dags/example_time_delta_sensor_async.py
[2026-03-19T22:47:39.842+0000] {processor.py:925} INFO - DAG(s) 'example_time_delta_sensor_async' retrieved from /home/airflow/.local/lib/python3.12/site-packages/airflow/example_dags/example_time_delta_sensor_async.py
[2026-03-19T22:47:39.942+0000] {logging_mixin.py:190} INFO - [2026-03-19T22:47:39.942+0000] {override.py:1911} INFO - Created Permission View: can delete on DAG:example_time_delta_sensor_async
[2026-03-19T22:47:39.957+0000] {logging_mixin.py:190} INFO - [2026-03-19T22:47:39.956+0000] {override.py:1911} INFO - Created Permission View: can edit on DAG:example_time_delta_sensor_async
[2026-03-19T22:47:39.967+0000] {logging_mixin.py:190} INFO - [2026-03-19T22:47:39.967+0000] {override.py:1911} INFO - Created Permission View: can read on DAG:example_time_delta_sensor_async
[2026-03-19T22:47:39.985+0000] {logging_mixin.py:190} INFO - [2026-03-19T22:47:39.985+0000] {override.py:1911} INFO - Created Permission View: can create on DAG Run:example_time_delta_sensor_async
[2026-03-19T22:47:39.994+0000] {logging_mixin.py:190} INFO - [2026-03-19T22:47:39.994+0000] {override.py:1911} INFO - Created Permission View: can delete on DAG Run:example_time_delta_sensor_async
[2026-03-19T22:47:40.005+0000] {logging_mixin.py:190} INFO - [2026-03-19T22:47:40.005+0000] {override.py:1911} INFO - Created Permission View: menu access on DAG Run:example_time_delta_sensor_async
[2026-03-19T22:47:40.018+0000] {logging_mixin.py:190} INFO - [2026-03-19T22:47:40.018+0000] {override.py:1911} INFO - Created Permission View: can read on DAG Run:example_time_delta_sensor_async
[2026-03-19T22:47:40.019+0000] {logging_mixin.py:190} INFO - [2026-03-19T22:47:40.019+0000] {dag.py:3239} INFO - Sync 1 DAGs
[2026-03-19T22:47:40.030+0000] {logging_mixin.py:190} INFO - [2026-03-19T22:47:40.030+0000] {dag.py:3262} INFO - Creating ORM DAG for example_time_delta_sensor_async
[2026-03-19T22:47:40.031+0000] {logging_mixin.py:190} INFO - [2026-03-19T22:47:40.031+0000] {dag.py:4180} INFO - Setting next_dagrun for example_time_delta_sensor_async to None, run_after=None
[2026-03-19T22:47:40.049+0000] {processor.py:208} INFO - Processing /home/airflow/.local/lib/python3.12/site-packages/airflow/example_dags/example_time_delta_sensor_async.py took 0.225 seconds
[2026-03-19T22:48:11.906+0000] {processor.py:186} INFO - Started process (PID=120) to work on /home/airflow/.local/lib/python3.12/site-packages/airflow/example_dags/example_time_delta_sensor_async.py
[2026-03-19T22:48:11.907+0000] {processor.py:914} INFO - Processing file /home/airflow/.local/lib/python3.12/site-packages/airflow/example_dags/example_time_delta_sensor_async.py for tasks to queue
[2026-03-19T22:48:11.909+0000] {logging_mixin.py:190} INFO - [2026-03-19T22:48:11.908+0000] {dagbag.py:588} INFO - Filling up the DagBag from /home/airflow/.local/lib/python3.12/site-packages/airflow/example_dags/example_time_delta_sensor_async.py
[2026-03-19T22:48:11.915+0000] {processor.py:925} INFO - DAG(s) 'example_time_delta_sensor_async' retrieved from /home/airflow/.local/lib/python3.12/site-packages/airflow/example_dags/example_time_delta_sensor_async.py
[2026-03-19T22:48:11.930+0000] {logging_mixin.py:190} INFO - [2026-03-19T22:48:11.930+0000] {dag.py:3239} INFO - Sync 1 DAGs
[2026-03-19T22:48:11.942+0000] {logging_mixin.py:190} INFO - [2026-03-19T22:48:11.942+0000] {dag.py:4180} INFO - Setting next_dagrun for example_time_delta_sensor_async to None, run_after=None
[2026-03-19T22:48:11.960+0000] {processor.py:208} INFO - Processing /home/airflow/.local/lib/python3.12/site-packages/airflow/example_dags/example_time_delta_sensor_async.py took 0.059 seconds
[2026-03-19T22:48:42.839+0000] {processor.py:186} INFO - Started process (PID=178) to work on /home/airflow/.local/lib/python3.12/site-packages/airflow/example_dags/example_time_delta_sensor_async.py
[2026-03-19T22:48:42.840+0000] {processor.py:914} INFO - Processing file /home/airflow/.local/lib/python3.12/site-packages/airflow/example_dags/example_time_delta_sensor_async.py for tasks to queue
[2026-03-19T22:48:42.842+0000] {logging_mixin.py:190} INFO - [2026-03-19T22:48:42.841+0000] {dagbag.py:588} INFO - Filling up the DagBag from /home/airflow/.local/lib/python3.12/site-packages/airflow/example_dags/example_time_delta_sensor_async.py
[2026-03-19T22:48:42.848+0000] {processor.py:925} INFO - DAG(s) 'example_time_delta_sensor_async' retrieved from /home/airflow/.local/lib/python3.12/site-packages/airflow/example_dags/example_time_delta_sensor_async.py
[2026-03-19T22:48:42.863+0000] {logging_mixin.py:190} INFO - [2026-03-19T22:48:42.863+0000] {dag.py:3239} INFO - Sync 1 DAGs
[2026-03-19T22:48:42.876+0000] {logging_mixin.py:190} INFO - [2026-03-19T22:48:42.876+0000] {dag.py:4180} INFO - Setting next_dagrun for example_time_delta_sensor_async to None, run_after=None
[2026-03-19T22:48:42.894+0000] {processor.py:208} INFO - Processing /home/airflow/.local/lib/python3.12/site-packages/airflow/example_dags/example_time_delta_sensor_async.py took 0.061 seconds
[2026-03-19T22:49:13.399+0000] {processor.py:186} INFO - Started process (PID=236) to work on /home/airflow/.local/lib/python3.12/site-packages/airflow/example_dags/example_time_delta_sensor_async.py
[2026-03-19T22:49:13.400+0000] {processor.py:914} INFO - Processing file /home/airflow/.local/lib/python3.12/site-packages/airflow/example_dags/example_time_delta_sensor_async.py for tasks to queue
[2026-03-19T22:49:13.402+0000] {logging_mixin.py:190} INFO - [2026-03-19T22:49:13.401+0000] {dagbag.py:588} INFO - Filling up the DagBag from /home/airflow/.local/lib/python3.12/site-packages/airflow/example_dags/example_time_delta_sensor_async.py
[2026-03-19T22:49:13.407+0000] {processor.py:925} INFO - DAG(s) 'example_time_delta_sensor_async' retrieved from /home/airflow/.local/lib/python3.12/site-packages/airflow/example_dags/example_time_delta_sensor_async.py
[2026-03-19T22:49:13.424+0000] {logging_mixin.py:190} INFO - [2026-03-19T22:49:13.424+0000] {dag.py:3239} INFO - Sync 1 DAGs
[2026-03-19T22:49:13.438+0000] {logging_mixin.py:190} INFO - [2026-03-19T22:49:13.437+0000] {dag.py:4180} INFO - Setting next_dagrun for example_time_delta_sensor_async to None, run_after=None
[2026-03-19T22:49:13.457+0000] {processor.py:208} INFO - Processing /home/airflow/.local/lib/python3.12/site-packages/airflow/example_dags/example_time_delta_sensor_async.py took 0.063 seconds
[2026-03-19T22:49:44.908+0000] {processor.py:186} INFO - Started process (PID=294) to work on /home/airflow/.local/lib/python3.12/site-packages/airflow/example_dags/example_time_delta_sensor_async.py
[2026-03-19T22:49:44.909+0000] {processor.py:914} INFO - Processing file /home/airflow/.local/lib/python3.12/site-packages/airflow/example_dags/example_time_delta_sensor_async.py for tasks to queue
[2026-03-19T22:49:44.911+0000] {logging_mixin.py:190} INFO - [2026-03-19T22:49:44.911+0000] {dagbag.py:588} INFO - Filling up the DagBag from /home/airflow/.local/lib/python3.12/site-packages/airflow/example_dags/example_time_delta_sensor_async.py
[2026-03-19T22:49:44.917+0000] {processor.py:925} INFO - DAG(s) 'example_time_delta_sensor_async' retrieved from /home/airflow/.local/lib/python3.12/site-packages/airflow/example_dags/example_time_delta_sensor_async.py
[2026-03-19T22:49:44.932+0000] {logging_mixin.py:190} INFO - [2026-03-19T22:49:44.932+0000] {dag.py:3239} INFO - Sync 1 DAGs
[2026-03-19T22:49:44.945+0000] {logging_mixin.py:190} INFO - [2026-03-19T22:49:44.944+0000] {dag.py:4180} INFO - Setting next_dagrun for example_time_delta_sensor_async to None, run_after=None
[2026-03-19T22:49:44.963+0000] {processor.py:208} INFO - Processing /home/airflow/.local/lib/python3.12/site-packages/airflow/example_dags/example_time_delta_sensor_async.py took 0.060 seconds
[2026-03-19T22:50:15.533+0000] {processor.py:186} INFO - Started process (PID=354) to work on /home/airflow/.local/lib/python3.12/site-packages/airflow/example_dags/example_time_delta_sensor_async.py
[2026-03-19T22:50:15.533+0000] {processor.py:914} INFO - Processing file /home/airflow/.local/lib/python3.12/site-packages/airflow/example_dags/example_time_delta_sensor_async.py for tasks to queue
[2026-03-19T22:50:15.535+0000] {logging_mixin.py:190} INFO - [2026-03-19T22:50:15.535+0000] {dagbag.py:588} INFO - Filling up the DagBag from /home/airflow/.local/lib/python3.12/site-packages/airflow/example_dags/example_time_delta_sensor_async.py
[2026-03-19T22:50:15.541+0000] {processor.py:925} INFO - DAG(s) 'example_time_delta_sensor_async' retrieved from /home/airflow/.local/lib/python3.12/site-packages/airflow/example_dags/example_time_delta_sensor_async.py
[2026-03-19T22:50:15.556+0000] {logging_mixin.py:190} INFO - [2026-03-19T22:50:15.556+0000] {dag.py:3239} INFO - Sync 1 DAGs
[2026-03-19T22:50:15.568+0000] {logging_mixin.py:190} INFO - [2026-03-19T22:50:15.568+0000] {dag.py:4180} INFO - Setting next_dagrun for example_time_delta_sensor_async to None, run_after=None
[2026-03-19T22:50:15.587+0000] {processor.py:208} INFO - Processing /home/airflow/.local/lib/python3.12/site-packages/airflow/example_dags/example_time_delta_sensor_async.py took 0.060 seconds
[2026-03-19T22:50:46.772+0000] {processor.py:186} INFO - Started process (PID=412) to work on /home/airflow/.local/lib/python3.12/site-packages/airflow/example_dags/example_time_delta_sensor_async.py
[2026-03-19T22:50:46.772+0000] {processor.py:914} INFO - Processing file /home/airflow/.local/lib/python3.12/site-packages/airflow/example_dags/example_time_delta_sensor_async.py for tasks to queue
[2026-03-19T22:50:46.774+0000] {logging_mixin.py:190} INFO - [2026-03-19T22:50:46.774+0000] {dagbag.py:588} INFO - Filling up the DagBag from /home/airflow/.local/lib/python3.12/site-packages/airflow/example_dags/example_time_delta_sensor_async.py
[2026-03-19T22:50:46.780+0000] {processor.py:925} INFO - DAG(s) 'example_time_delta_sensor_async' retrieved from /home/airflow/.local/lib/python3.12/site-packages/airflow/example_dags/example_time_delta_sensor_async.py
[2026-03-19T22:50:46.795+0000] {logging_mixin.py:190} INFO - [2026-03-19T22:50:46.795+0000] {dag.py:3239} INFO - Sync 1 DAGs
[2026-03-19T22:50:46.808+0000] {logging_mixin.py:190} INFO - [2026-03-19T22:50:46.808+0000] {dag.py:4180} INFO - Setting next_dagrun for example_time_delta_sensor_async to None, run_after=None
[2026-03-19T22:50:46.826+0000] {processor.py:208} INFO - Processing /home/airflow/.local/lib/python3.12/site-packages/airflow/example_dags/example_time_delta_sensor_async.py took 0.060 seconds
[2026-03-19T22:51:17.378+0000] {processor.py:186} INFO - Started process (PID=470) to work on /home/airflow/.local/lib/python3.12/site-packages/airflow/example_dags/example_time_delta_sensor_async.py
[2026-03-19T22:51:17.379+0000] {processor.py:914} INFO - Processing file /home/airflow/.local/lib/python3.12/site-packages/airflow/example_dags/example_time_delta_sensor_async.py for tasks to queue
[2026-03-19T22:51:17.380+0000] {logging_mixin.py:190} INFO - [2026-03-19T22:51:17.380+0000] {dagbag.py:588} INFO - Filling up the DagBag from /home/airflow/.local/lib/python3.12/site-packages/airflow/example_dags/example_time_delta_sensor_async.py
[2026-03-19T22:51:17.386+0000] {processor.py:925} INFO - DAG(s) 'example_time_delta_sensor_async' retrieved from /home/airflow/.local/lib/python3.12/site-packages/airflow/example_dags/example_time_delta_sensor_async.py
[2026-03-19T22:51:17.402+0000] {logging_mixin.py:190} INFO - [2026-03-19T22:51:17.402+0000] {dag.py:3239} INFO - Sync 1 DAGs
[2026-03-19T22:51:17.414+0000] {logging_mixin.py:190} INFO - [2026-03-19T22:51:17.414+0000] {dag.py:4180} INFO - Setting next_dagrun for example_time_delta_sensor_async to None, run_after=None
[2026-03-19T22:51:17.434+0000] {processor.py:208} INFO - Processing /home/airflow/.local/lib/python3.12/site-packages/airflow/example_dags/example_time_delta_sensor_async.py took 0.061 seconds
[2026-03-19T22:51:47.947+0000] {processor.py:186} INFO - Started process (PID=528) to work on /home/airflow/.local/lib/python3.12/site-packages/airflow/example_dags/example_time_delta_sensor_async.py
[2026-03-19T22:51:47.947+0000] {processor.py:914} INFO - Processing file /home/airflow/.local/lib/python3.12/site-packages/airflow/example_dags/example_time_delta_sensor_async.py for tasks to queue
[2026-03-19T22:51:47.949+0000] {logging_mixin.py:190} INFO - [2026-03-19T22:51:47.949+0000] {dagbag.py:588} INFO - Filling up the DagBag from /home/airflow/.local/lib/python3.12/site-packages/airflow/example_dags/example_time_delta_sensor_async.py
[2026-03-19T22:51:47.955+0000] {processor.py:925} INFO - DAG(s) 'example_time_delta_sensor_async' retrieved from /home/airflow/.local/lib/python3.12/site-packages/airflow/example_dags/example_time_delta_sensor_async.py
[2026-03-19T22:51:47.972+0000] {logging_mixin.py:190} INFO - [2026-03-19T22:51:47.972+0000] {dag.py:3239} INFO - Sync 1 DAGs
[2026-03-19T22:51:47.984+0000] {logging_mixin.py:190} INFO - [2026-03-19T22:51:47.984+0000] {dag.py:4180} INFO - Setting next_dagrun for example_time_delta_sensor_async to None, run_after=None
[2026-03-19T22:51:48.003+0000] {processor.py:208} INFO - Processing /home/airflow/.local/lib/python3.12/site-packages/airflow/example_dags/example_time_delta_sensor_async.py took 0.062 seconds
[2026-03-19T22:52:18.705+0000] {processor.py:186} INFO - Started process (PID=586) to work on /home/airflow/.local/lib/python3.12/site-packages/airflow/example_dags/example_time_delta_sensor_async.py
[2026-03-19T22:52:18.706+0000] {processor.py:914} INFO - Processing file /home/airflow/.local/lib/python3.12/site-packages/airflow/example_dags/example_time_delta_sensor_async.py for tasks to queue
[2026-03-19T22:52:18.708+0000] {logging_mixin.py:190} INFO - [2026-03-19T22:52:18.707+0000] {dagbag.py:588} INFO - Filling up the DagBag from /home/airflow/.local/lib/python3.12/site-packages/airflow/example_dags/example_time_delta_sensor_async.py
[2026-03-19T22:52:18.714+0000] {processor.py:925} INFO - DAG(s) 'example_time_delta_sensor_async' retrieved from /home/airflow/.local/lib/python3.12/site-packages/airflow/example_dags/example_time_delta_sensor_async.py
[2026-03-19T22:52:18.730+0000] {logging_mixin.py:190} INFO - [2026-03-19T22:52:18.729+0000] {dag.py:3239} INFO - Sync 1 DAGs
[2026-03-19T22:52:18.742+0000] {logging_mixin.py:190} INFO - [2026-03-19T22:52:18.741+0000] {dag.py:4180} INFO - Setting next_dagrun for example_time_delta_sensor_async to None, run_after=None
[2026-03-19T22:52:18.762+0000] {processor.py:208} INFO - Processing /home/airflow/.local/lib/python3.12/site-packages/airflow/example_dags/example_time_delta_sensor_async.py took 0.062 seconds
[2026-03-19T22:52:50.195+0000] {processor.py:186} INFO - Started process (PID=644) to work on /home/airflow/.local/lib/python3.12/site-packages/airflow/example_dags/example_time_delta_sensor_async.py
[2026-03-19T22:52:50.196+0000] {processor.py:914} INFO - Processing file /home/airflow/.local/lib/python3.12/site-packages/airflow/example_dags/example_time_delta_sensor_async.py for tasks to queue
[2026-03-19T22:52:50.198+0000] {logging_mixin.py:190} INFO - [2026-03-19T22:52:50.198+0000] {dagbag.py:588} INFO - Filling up the DagBag from /home/airflow/.local/lib/python3.12/site-packages/airflow/example_dags/example_time_delta_sensor_async.py
[2026-03-19T22:52:50.204+0000] {processor.py:925} INFO - DAG(s) 'example_time_delta_sensor_async' retrieved from /home/airflow/.local/lib/python3.12/site-packages/airflow/example_dags/example_time_delta_sensor_async.py
[2026-03-19T22:52:50.220+0000] {logging_mixin.py:190} INFO - [2026-03-19T22:52:50.219+0000] {dag.py:3239} INFO - Sync 1 DAGs
[2026-03-19T22:52:50.232+0000] {logging_mixin.py:190} INFO - [2026-03-19T22:52:50.232+0000] {dag.py:4180} INFO - Setting next_dagrun for example_time_delta_sensor_async to None, run_after=None
[2026-03-19T22:52:50.252+0000] {processor.py:208} INFO - Processing /home/airflow/.local/lib/python3.12/site-packages/airflow/example_dags/example_time_delta_sensor_async.py took 0.062 seconds
[2026-03-19T22:53:21.662+0000] {processor.py:186} INFO - Started process (PID=702) to work on /home/airflow/.local/lib/python3.12/site-packages/airflow/example_dags/example_time_delta_sensor_async.py
[2026-03-19T22:53:21.663+0000] {processor.py:914} INFO - Processing file /home/airflow/.local/lib/python3.12/site-packages/airflow/example_dags/example_time_delta_sensor_async.py for tasks to queue
[2026-03-19T22:53:21.665+0000] {logging_mixin.py:190} INFO - [2026-03-19T22:53:21.665+0000] {dagbag.py:588} INFO - Filling up the DagBag from /home/airflow/.local/lib/python3.12/site-packages/airflow/example_dags/example_time_delta_sensor_async.py
[2026-03-19T22:53:21.671+0000] {processor.py:925} INFO - DAG(s) 'example_time_delta_sensor_async' retrieved from /home/airflow/.local/lib/python3.12/site-packages/airflow/example_dags/example_time_delta_sensor_async.py
[2026-03-19T22:53:21.685+0000] {logging_mixin.py:190} INFO - [2026-03-19T22:53:21.685+0000] {dag.py:3239} INFO - Sync 1 DAGs
[2026-03-19T22:53:21.697+0000] {logging_mixin.py:190} INFO - [2026-03-19T22:53:21.697+0000] {dag.py:4180} INFO - Setting next_dagrun for example_time_delta_sensor_async to None, run_after=None
[2026-03-19T22:53:21.717+0000] {processor.py:208} INFO - Processing /home/airflow/.local/lib/python3.12/site-packages/airflow/example_dags/example_time_delta_sensor_async.py took 0.060 seconds
[2026-03-19T22:53:52.965+0000] {processor.py:186} INFO - Started process (PID=760) to work on /home/airflow/.local/lib/python3.12/site-packages/airflow/example_dags/example_time_delta_sensor_async.py
[2026-03-19T22:53:52.965+0000] {processor.py:914} INFO - Processing file /home/airflow/.local/lib/python3.12/site-packages/airflow/example_dags/example_time_delta_sensor_async.py for tasks to queue
[2026-03-19T22:53:52.967+0000] {logging_mixin.py:190} INFO - [2026-03-19T22:53:52.967+0000] {dagbag.py:588} INFO - Filling up the DagBag from /home/airflow/.local/lib/python3.12/site-packages/airflow/example_dags/example_time_delta_sensor_async.py
[2026-03-19T22:53:52.974+0000] {processor.py:925} INFO - DAG(s) 'example_time_delta_sensor_async' retrieved from /home/airflow/.local/lib/python3.12/site-packages/airflow/example_dags/example_time_delta_sensor_async.py
[2026-03-19T22:53:52.992+0000] {logging_mixin.py:190} INFO - [2026-03-19T22:53:52.992+0000] {dag.py:3239} INFO - Sync 1 DAGs
[2026-03-19T22:53:53.005+0000] {logging_mixin.py:190} INFO - [2026-03-19T22:53:53.005+0000] {dag.py:4180} INFO - Setting next_dagrun for example_time_delta_sensor_async to None, run_after=None
[2026-03-19T22:53:53.024+0000] {processor.py:208} INFO - Processing /home/airflow/.local/lib/python3.12/site-packages/airflow/example_dags/example_time_delta_sensor_async.py took 0.065 seconds
[2026-03-19T22:54:24.538+0000] {processor.py:186} INFO - Started process (PID=818) to work on /home/airflow/.local/lib/python3.12/site-packages/airflow/example_dags/example_time_delta_sensor_async.py
[2026-03-19T22:54:24.539+0000] {processor.py:914} INFO - Processing file /home/airflow/.local/lib/python3.12/site-packages/airflow/example_dags/example_time_delta_sensor_async.py for tasks to queue
[2026-03-19T22:54:24.541+0000] {logging_mixin.py:190} INFO - [2026-03-19T22:54:24.541+0000] {dagbag.py:588} INFO - Filling up the DagBag from /home/airflow/.local/lib/python3.12/site-packages/airflow/example_dags/example_time_delta_sensor_async.py
[2026-03-19T22:54:24.547+0000] {processor.py:925} INFO - DAG(s) 'example_time_delta_sensor_async' retrieved from /home/airflow/.local/lib/python3.12/site-packages/airflow/example_dags/example_time_delta_sensor_async.py
[2026-03-19T22:54:24.562+0000] {logging_mixin.py:190} INFO - [2026-03-19T22:54:24.562+0000] {dag.py:3239} INFO - Sync 1 DAGs
[2026-03-19T22:54:24.574+0000] {logging_mixin.py:190} INFO - [2026-03-19T22:54:24.574+0000] {dag.py:4180} INFO - Setting next_dagrun for example_time_delta_sensor_async to None, run_after=None
[2026-03-19T22:54:24.595+0000] {processor.py:208} INFO - Processing /home/airflow/.local/lib/python3.12/site-packages/airflow/example_dags/example_time_delta_sensor_async.py took 0.061 seconds
[2026-03-19T22:54:55.801+0000] {processor.py:186} INFO - Started process (PID=876) to work on /home/airflow/.local/lib/python3.12/site-packages/airflow/example_dags/example_time_delta_sensor_async.py
[2026-03-19T22:54:55.802+0000] {processor.py:914} INFO - Processing file /home/airflow/.local/lib/python3.12/site-packages/airflow/example_dags/example_time_delta_sensor_async.py for tasks to queue
[2026-03-19T22:54:55.804+0000] {logging_mixin.py:190} INFO - [2026-03-19T22:54:55.804+0000] {dagbag.py:588} INFO - Filling up the DagBag from /home/airflow/.local/lib/python3.12/site-packages/airflow/example_dags/example_time_delta_sensor_async.py
[2026-03-19T22:54:55.810+0000] {processor.py:925} INFO - DAG(s) 'example_time_delta_sensor_async' retrieved from /home/airflow/.local/lib/python3.12/site-packages/airflow/example_dags/example_time_delta_sensor_async.py
[2026-03-19T22:54:55.824+0000] {logging_mixin.py:190} INFO - [2026-03-19T22:54:55.824+0000] {dag.py:3239} INFO - Sync 1 DAGs
[2026-03-19T22:54:55.836+0000] {logging_mixin.py:190} INFO - [2026-03-19T22:54:55.836+0000] {dag.py:4180} INFO - Setting next_dagrun for example_time_delta_sensor_async to None, run_after=None
[2026-03-19T22:54:55.857+0000] {processor.py:208} INFO - Processing /home/airflow/.local/lib/python3.12/site-packages/airflow/example_dags/example_time_delta_sensor_async.py took 0.061 seconds
[2026-03-19T22:55:27.017+0000] {processor.py:186} INFO - Started process (PID=934) to work on /home/airflow/.local/lib/python3.12/site-packages/airflow/example_dags/example_time_delta_sensor_async.py
[2026-03-19T22:55:27.018+0000] {processor.py:914} INFO - Processing file /home/airflow/.local/lib/python3.12/site-packages/airflow/example_dags/example_time_delta_sensor_async.py for tasks to queue
[2026-03-19T22:55:27.020+0000] {logging_mixin.py:190} INFO - [2026-03-19T22:55:27.020+0000] {dagbag.py:588} INFO - Filling up the DagBag from /home/airflow/.local/lib/python3.12/site-packages/airflow/example_dags/example_time_delta_sensor_async.py
[2026-03-19T22:55:27.026+0000] {processor.py:925} INFO - DAG(s) 'example_time_delta_sensor_async' retrieved from /home/airflow/.local/lib/python3.12/site-packages/airflow/example_dags/example_time_delta_sensor_async.py
[2026-03-19T22:55:27.043+0000] {logging_mixin.py:190} INFO - [2026-03-19T22:55:27.042+0000] {dag.py:3239} INFO - Sync 1 DAGs
[2026-03-19T22:55:27.055+0000] {logging_mixin.py:190} INFO - [2026-03-19T22:55:27.055+0000] {dag.py:4180} INFO - Setting next_dagrun for example_time_delta_sensor_async to None, run_after=None
[2026-03-19T22:55:27.074+0000] {processor.py:208} INFO - Processing /home/airflow/.local/lib/python3.12/site-packages/airflow/example_dags/example_time_delta_sensor_async.py took 0.063 seconds
