[2026-03-19T22:37:01.285+0000] {processor.py:186} INFO - Started process (PID=79) to work on /home/airflow/.local/lib/python3.12/site-packages/airflow/example_dags/example_dynamic_task_mapping.py
[2026-03-19T22:37:01.289+0000] {processor.py:914} INFO - Processing file /home/airflow/.local/lib/python3.12/site-packages/airflow/example_dags/example_dynamic_task_mapping.py for tasks to queue
[2026-03-19T22:37:01.294+0000] {logging_mixin.py:190} INFO - [2026-03-19T22:37:01.293+0000] {dagbag.py:588} INFO - Filling up the DagBag from /home/airflow/.local/lib/python3.12/site-packages/airflow/example_dags/example_dynamic_task_mapping.py
[2026-03-19T22:37:01.310+0000] {processor.py:925} INFO - DAG(s) 'example_dynamic_task_mapping' retrieved from /home/airflow/.local/lib/python3.12/site-packages/airflow/example_dags/example_dynamic_task_mapping.py
[2026-03-19T22:37:01.523+0000] {logging_mixin.py:190} INFO - [2026-03-19T22:37:01.522+0000] {override.py:1911} INFO - Created Permission View: can read on DAG:example_dynamic_task_mapping
[2026-03-19T22:37:01.552+0000] {logging_mixin.py:190} INFO - [2026-03-19T22:37:01.551+0000] {override.py:1911} INFO - Created Permission View: can delete on DAG:example_dynamic_task_mapping
[2026-03-19T22:37:01.571+0000] {logging_mixin.py:190} INFO - [2026-03-19T22:37:01.571+0000] {override.py:1911} INFO - Created Permission View: can edit on DAG:example_dynamic_task_mapping
[2026-03-19T22:37:01.598+0000] {logging_mixin.py:190} INFO - [2026-03-19T22:37:01.597+0000] {override.py:1911} INFO - Created Permission View: can read on DAG Run:example_dynamic_task_mapping
[2026-03-19T22:37:01.618+0000] {logging_mixin.py:190} INFO - [2026-03-19T22:37:01.618+0000] {override.py:1911} INFO - Created Permission View: can create on DAG Run:example_dynamic_task_mapping
[2026-03-19T22:37:01.640+0000] {logging_mixin.py:190} INFO - [2026-03-19T22:37:01.640+0000] {override.py:1911} INFO - Created Permission View: menu access on DAG Run:example_dynamic_task_mapping
[2026-03-19T22:37:01.658+0000] {logging_mixin.py:190} INFO - [2026-03-19T22:37:01.657+0000] {override.py:1911} INFO - Created Permission View: can delete on DAG Run:example_dynamic_task_mapping
[2026-03-19T22:37:01.660+0000] {logging_mixin.py:190} INFO - [2026-03-19T22:37:01.660+0000] {dag.py:3239} INFO - Sync 1 DAGs
[2026-03-19T22:37:01.688+0000] {logging_mixin.py:190} INFO - [2026-03-19T22:37:01.688+0000] {dag.py:3262} INFO - Creating ORM DAG for example_dynamic_task_mapping
[2026-03-19T22:37:01.690+0000] {logging_mixin.py:190} INFO - [2026-03-19T22:37:01.690+0000] {dag.py:4180} INFO - Setting next_dagrun for example_dynamic_task_mapping to None, run_after=None
[2026-03-19T22:37:01.766+0000] {processor.py:208} INFO - Processing /home/airflow/.local/lib/python3.12/site-packages/airflow/example_dags/example_dynamic_task_mapping.py took 0.492 seconds
[2026-03-19T22:40:10.360+0000] {processor.py:186} INFO - Started process (PID=137) to work on /home/airflow/.local/lib/python3.12/site-packages/airflow/example_dags/example_dynamic_task_mapping.py
[2026-03-19T22:40:10.495+0000] {processor.py:914} INFO - Processing file /home/airflow/.local/lib/python3.12/site-packages/airflow/example_dags/example_dynamic_task_mapping.py for tasks to queue
[2026-03-19T22:40:10.862+0000] {logging_mixin.py:190} INFO - [2026-03-19T22:40:10.794+0000] {dagbag.py:588} INFO - Filling up the DagBag from /home/airflow/.local/lib/python3.12/site-packages/airflow/example_dags/example_dynamic_task_mapping.py
[2026-03-19T22:40:12.715+0000] {processor.py:925} INFO - DAG(s) 'example_dynamic_task_mapping' retrieved from /home/airflow/.local/lib/python3.12/site-packages/airflow/example_dags/example_dynamic_task_mapping.py
[2026-03-19T22:40:16.641+0000] {logging_mixin.py:190} INFO - [2026-03-19T22:40:16.499+0000] {dag.py:3239} INFO - Sync 1 DAGs
[2026-03-19T22:40:18.214+0000] {logging_mixin.py:190} INFO - [2026-03-19T22:40:18.006+0000] {dag.py:4180} INFO - Setting next_dagrun for example_dynamic_task_mapping to None, run_after=None
[2026-03-19T22:40:23.751+0000] {processor.py:208} INFO - Processing /home/airflow/.local/lib/python3.12/site-packages/airflow/example_dags/example_dynamic_task_mapping.py took 14.135 seconds
[2026-03-19T22:47:43.463+0000] {processor.py:186} INFO - Started process (PID=79) to work on /home/airflow/.local/lib/python3.12/site-packages/airflow/example_dags/example_dynamic_task_mapping.py
[2026-03-19T22:47:43.464+0000] {processor.py:914} INFO - Processing file /home/airflow/.local/lib/python3.12/site-packages/airflow/example_dags/example_dynamic_task_mapping.py for tasks to queue
[2026-03-19T22:47:43.467+0000] {logging_mixin.py:190} INFO - [2026-03-19T22:47:43.466+0000] {dagbag.py:588} INFO - Filling up the DagBag from /home/airflow/.local/lib/python3.12/site-packages/airflow/example_dags/example_dynamic_task_mapping.py
[2026-03-19T22:47:43.474+0000] {processor.py:925} INFO - DAG(s) 'example_dynamic_task_mapping' retrieved from /home/airflow/.local/lib/python3.12/site-packages/airflow/example_dags/example_dynamic_task_mapping.py
[2026-03-19T22:47:43.571+0000] {logging_mixin.py:190} INFO - [2026-03-19T22:47:43.571+0000] {override.py:1911} INFO - Created Permission View: can delete on DAG:example_dynamic_task_mapping
[2026-03-19T22:47:43.585+0000] {logging_mixin.py:190} INFO - [2026-03-19T22:47:43.585+0000] {override.py:1911} INFO - Created Permission View: can edit on DAG:example_dynamic_task_mapping
[2026-03-19T22:47:43.596+0000] {logging_mixin.py:190} INFO - [2026-03-19T22:47:43.596+0000] {override.py:1911} INFO - Created Permission View: can read on DAG:example_dynamic_task_mapping
[2026-03-19T22:47:43.621+0000] {logging_mixin.py:190} INFO - [2026-03-19T22:47:43.620+0000] {override.py:1911} INFO - Created Permission View: can create on DAG Run:example_dynamic_task_mapping
[2026-03-19T22:47:43.633+0000] {logging_mixin.py:190} INFO - [2026-03-19T22:47:43.632+0000] {override.py:1911} INFO - Created Permission View: can delete on DAG Run:example_dynamic_task_mapping
[2026-03-19T22:47:43.643+0000] {logging_mixin.py:190} INFO - [2026-03-19T22:47:43.642+0000] {override.py:1911} INFO - Created Permission View: menu access on DAG Run:example_dynamic_task_mapping
[2026-03-19T22:47:43.651+0000] {logging_mixin.py:190} INFO - [2026-03-19T22:47:43.651+0000] {override.py:1911} INFO - Created Permission View: can read on DAG Run:example_dynamic_task_mapping
[2026-03-19T22:47:43.652+0000] {logging_mixin.py:190} INFO - [2026-03-19T22:47:43.652+0000] {dag.py:3239} INFO - Sync 1 DAGs
[2026-03-19T22:47:43.663+0000] {logging_mixin.py:190} INFO - [2026-03-19T22:47:43.662+0000] {dag.py:3262} INFO - Creating ORM DAG for example_dynamic_task_mapping
[2026-03-19T22:47:43.663+0000] {logging_mixin.py:190} INFO - [2026-03-19T22:47:43.663+0000] {dag.py:4180} INFO - Setting next_dagrun for example_dynamic_task_mapping to None, run_after=None
[2026-03-19T22:47:43.682+0000] {processor.py:208} INFO - Processing /home/airflow/.local/lib/python3.12/site-packages/airflow/example_dags/example_dynamic_task_mapping.py took 0.224 seconds
[2026-03-19T22:48:14.085+0000] {processor.py:186} INFO - Started process (PID=137) to work on /home/airflow/.local/lib/python3.12/site-packages/airflow/example_dags/example_dynamic_task_mapping.py
[2026-03-19T22:48:14.086+0000] {processor.py:914} INFO - Processing file /home/airflow/.local/lib/python3.12/site-packages/airflow/example_dags/example_dynamic_task_mapping.py for tasks to queue
[2026-03-19T22:48:14.088+0000] {logging_mixin.py:190} INFO - [2026-03-19T22:48:14.087+0000] {dagbag.py:588} INFO - Filling up the DagBag from /home/airflow/.local/lib/python3.12/site-packages/airflow/example_dags/example_dynamic_task_mapping.py
[2026-03-19T22:48:14.095+0000] {processor.py:925} INFO - DAG(s) 'example_dynamic_task_mapping' retrieved from /home/airflow/.local/lib/python3.12/site-packages/airflow/example_dags/example_dynamic_task_mapping.py
[2026-03-19T22:48:14.114+0000] {logging_mixin.py:190} INFO - [2026-03-19T22:48:14.114+0000] {dag.py:3239} INFO - Sync 1 DAGs
[2026-03-19T22:48:14.141+0000] {logging_mixin.py:190} INFO - [2026-03-19T22:48:14.140+0000] {dag.py:4180} INFO - Setting next_dagrun for example_dynamic_task_mapping to None, run_after=None
[2026-03-19T22:48:14.169+0000] {processor.py:208} INFO - Processing /home/airflow/.local/lib/python3.12/site-packages/airflow/example_dags/example_dynamic_task_mapping.py took 0.089 seconds
[2026-03-19T22:48:44.677+0000] {processor.py:186} INFO - Started process (PID=195) to work on /home/airflow/.local/lib/python3.12/site-packages/airflow/example_dags/example_dynamic_task_mapping.py
[2026-03-19T22:48:44.678+0000] {processor.py:914} INFO - Processing file /home/airflow/.local/lib/python3.12/site-packages/airflow/example_dags/example_dynamic_task_mapping.py for tasks to queue
[2026-03-19T22:48:44.680+0000] {logging_mixin.py:190} INFO - [2026-03-19T22:48:44.680+0000] {dagbag.py:588} INFO - Filling up the DagBag from /home/airflow/.local/lib/python3.12/site-packages/airflow/example_dags/example_dynamic_task_mapping.py
[2026-03-19T22:48:44.688+0000] {processor.py:925} INFO - DAG(s) 'example_dynamic_task_mapping' retrieved from /home/airflow/.local/lib/python3.12/site-packages/airflow/example_dags/example_dynamic_task_mapping.py
[2026-03-19T22:48:44.706+0000] {logging_mixin.py:190} INFO - [2026-03-19T22:48:44.706+0000] {dag.py:3239} INFO - Sync 1 DAGs
[2026-03-19T22:48:44.719+0000] {logging_mixin.py:190} INFO - [2026-03-19T22:48:44.719+0000] {dag.py:4180} INFO - Setting next_dagrun for example_dynamic_task_mapping to None, run_after=None
[2026-03-19T22:48:44.739+0000] {processor.py:208} INFO - Processing /home/airflow/.local/lib/python3.12/site-packages/airflow/example_dags/example_dynamic_task_mapping.py took 0.067 seconds
[2026-03-19T22:49:15.045+0000] {processor.py:186} INFO - Started process (PID=253) to work on /home/airflow/.local/lib/python3.12/site-packages/airflow/example_dags/example_dynamic_task_mapping.py
[2026-03-19T22:49:15.046+0000] {processor.py:914} INFO - Processing file /home/airflow/.local/lib/python3.12/site-packages/airflow/example_dags/example_dynamic_task_mapping.py for tasks to queue
[2026-03-19T22:49:15.048+0000] {logging_mixin.py:190} INFO - [2026-03-19T22:49:15.048+0000] {dagbag.py:588} INFO - Filling up the DagBag from /home/airflow/.local/lib/python3.12/site-packages/airflow/example_dags/example_dynamic_task_mapping.py
[2026-03-19T22:49:15.056+0000] {processor.py:925} INFO - DAG(s) 'example_dynamic_task_mapping' retrieved from /home/airflow/.local/lib/python3.12/site-packages/airflow/example_dags/example_dynamic_task_mapping.py
[2026-03-19T22:49:15.073+0000] {logging_mixin.py:190} INFO - [2026-03-19T22:49:15.073+0000] {dag.py:3239} INFO - Sync 1 DAGs
[2026-03-19T22:49:15.086+0000] {logging_mixin.py:190} INFO - [2026-03-19T22:49:15.086+0000] {dag.py:4180} INFO - Setting next_dagrun for example_dynamic_task_mapping to None, run_after=None
[2026-03-19T22:49:15.111+0000] {processor.py:208} INFO - Processing /home/airflow/.local/lib/python3.12/site-packages/airflow/example_dags/example_dynamic_task_mapping.py took 0.072 seconds
[2026-03-19T22:49:46.135+0000] {processor.py:186} INFO - Started process (PID=310) to work on /home/airflow/.local/lib/python3.12/site-packages/airflow/example_dags/example_dynamic_task_mapping.py
[2026-03-19T22:49:46.136+0000] {processor.py:914} INFO - Processing file /home/airflow/.local/lib/python3.12/site-packages/airflow/example_dags/example_dynamic_task_mapping.py for tasks to queue
[2026-03-19T22:49:46.138+0000] {logging_mixin.py:190} INFO - [2026-03-19T22:49:46.137+0000] {dagbag.py:588} INFO - Filling up the DagBag from /home/airflow/.local/lib/python3.12/site-packages/airflow/example_dags/example_dynamic_task_mapping.py
[2026-03-19T22:49:46.145+0000] {processor.py:925} INFO - DAG(s) 'example_dynamic_task_mapping' retrieved from /home/airflow/.local/lib/python3.12/site-packages/airflow/example_dags/example_dynamic_task_mapping.py
[2026-03-19T22:49:46.160+0000] {logging_mixin.py:190} INFO - [2026-03-19T22:49:46.160+0000] {dag.py:3239} INFO - Sync 1 DAGs
[2026-03-19T22:49:46.173+0000] {logging_mixin.py:190} INFO - [2026-03-19T22:49:46.173+0000] {dag.py:4180} INFO - Setting next_dagrun for example_dynamic_task_mapping to None, run_after=None
[2026-03-19T22:49:46.193+0000] {processor.py:208} INFO - Processing /home/airflow/.local/lib/python3.12/site-packages/airflow/example_dags/example_dynamic_task_mapping.py took 0.063 seconds
[2026-03-19T22:50:16.766+0000] {processor.py:186} INFO - Started process (PID=370) to work on /home/airflow/.local/lib/python3.12/site-packages/airflow/example_dags/example_dynamic_task_mapping.py
[2026-03-19T22:50:16.767+0000] {processor.py:914} INFO - Processing file /home/airflow/.local/lib/python3.12/site-packages/airflow/example_dags/example_dynamic_task_mapping.py for tasks to queue
[2026-03-19T22:50:16.769+0000] {logging_mixin.py:190} INFO - [2026-03-19T22:50:16.769+0000] {dagbag.py:588} INFO - Filling up the DagBag from /home/airflow/.local/lib/python3.12/site-packages/airflow/example_dags/example_dynamic_task_mapping.py
[2026-03-19T22:50:16.777+0000] {processor.py:925} INFO - DAG(s) 'example_dynamic_task_mapping' retrieved from /home/airflow/.local/lib/python3.12/site-packages/airflow/example_dags/example_dynamic_task_mapping.py
[2026-03-19T22:50:16.793+0000] {logging_mixin.py:190} INFO - [2026-03-19T22:50:16.793+0000] {dag.py:3239} INFO - Sync 1 DAGs
[2026-03-19T22:50:16.805+0000] {logging_mixin.py:190} INFO - [2026-03-19T22:50:16.805+0000] {dag.py:4180} INFO - Setting next_dagrun for example_dynamic_task_mapping to None, run_after=None
[2026-03-19T22:50:16.822+0000] {processor.py:208} INFO - Processing /home/airflow/.local/lib/python3.12/site-packages/airflow/example_dags/example_dynamic_task_mapping.py took 0.061 seconds
[2026-03-19T22:50:48.087+0000] {processor.py:186} INFO - Started process (PID=428) to work on /home/airflow/.local/lib/python3.12/site-packages/airflow/example_dags/example_dynamic_task_mapping.py
[2026-03-19T22:50:48.088+0000] {processor.py:914} INFO - Processing file /home/airflow/.local/lib/python3.12/site-packages/airflow/example_dags/example_dynamic_task_mapping.py for tasks to queue
[2026-03-19T22:50:48.090+0000] {logging_mixin.py:190} INFO - [2026-03-19T22:50:48.090+0000] {dagbag.py:588} INFO - Filling up the DagBag from /home/airflow/.local/lib/python3.12/site-packages/airflow/example_dags/example_dynamic_task_mapping.py
[2026-03-19T22:50:48.098+0000] {processor.py:925} INFO - DAG(s) 'example_dynamic_task_mapping' retrieved from /home/airflow/.local/lib/python3.12/site-packages/airflow/example_dags/example_dynamic_task_mapping.py
[2026-03-19T22:50:48.115+0000] {logging_mixin.py:190} INFO - [2026-03-19T22:50:48.115+0000] {dag.py:3239} INFO - Sync 1 DAGs
[2026-03-19T22:50:48.128+0000] {logging_mixin.py:190} INFO - [2026-03-19T22:50:48.128+0000] {dag.py:4180} INFO - Setting next_dagrun for example_dynamic_task_mapping to None, run_after=None
[2026-03-19T22:50:48.148+0000] {processor.py:208} INFO - Processing /home/airflow/.local/lib/python3.12/site-packages/airflow/example_dags/example_dynamic_task_mapping.py took 0.066 seconds
[2026-03-19T22:51:18.966+0000] {processor.py:186} INFO - Started process (PID=486) to work on /home/airflow/.local/lib/python3.12/site-packages/airflow/example_dags/example_dynamic_task_mapping.py
[2026-03-19T22:51:18.967+0000] {processor.py:914} INFO - Processing file /home/airflow/.local/lib/python3.12/site-packages/airflow/example_dags/example_dynamic_task_mapping.py for tasks to queue
[2026-03-19T22:51:18.969+0000] {logging_mixin.py:190} INFO - [2026-03-19T22:51:18.969+0000] {dagbag.py:588} INFO - Filling up the DagBag from /home/airflow/.local/lib/python3.12/site-packages/airflow/example_dags/example_dynamic_task_mapping.py
[2026-03-19T22:51:18.978+0000] {processor.py:925} INFO - DAG(s) 'example_dynamic_task_mapping' retrieved from /home/airflow/.local/lib/python3.12/site-packages/airflow/example_dags/example_dynamic_task_mapping.py
[2026-03-19T22:51:19.001+0000] {logging_mixin.py:190} INFO - [2026-03-19T22:51:19.001+0000] {dag.py:3239} INFO - Sync 1 DAGs
[2026-03-19T22:51:19.014+0000] {logging_mixin.py:190} INFO - [2026-03-19T22:51:19.014+0000] {dag.py:4180} INFO - Setting next_dagrun for example_dynamic_task_mapping to None, run_after=None
[2026-03-19T22:51:19.036+0000] {processor.py:208} INFO - Processing /home/airflow/.local/lib/python3.12/site-packages/airflow/example_dags/example_dynamic_task_mapping.py took 0.076 seconds
[2026-03-19T22:51:49.105+0000] {processor.py:186} INFO - Started process (PID=544) to work on /home/airflow/.local/lib/python3.12/site-packages/airflow/example_dags/example_dynamic_task_mapping.py
[2026-03-19T22:51:49.106+0000] {processor.py:914} INFO - Processing file /home/airflow/.local/lib/python3.12/site-packages/airflow/example_dags/example_dynamic_task_mapping.py for tasks to queue
[2026-03-19T22:51:49.108+0000] {logging_mixin.py:190} INFO - [2026-03-19T22:51:49.108+0000] {dagbag.py:588} INFO - Filling up the DagBag from /home/airflow/.local/lib/python3.12/site-packages/airflow/example_dags/example_dynamic_task_mapping.py
[2026-03-19T22:51:49.117+0000] {processor.py:925} INFO - DAG(s) 'example_dynamic_task_mapping' retrieved from /home/airflow/.local/lib/python3.12/site-packages/airflow/example_dags/example_dynamic_task_mapping.py
[2026-03-19T22:51:49.133+0000] {logging_mixin.py:190} INFO - [2026-03-19T22:51:49.133+0000] {dag.py:3239} INFO - Sync 1 DAGs
[2026-03-19T22:51:49.147+0000] {logging_mixin.py:190} INFO - [2026-03-19T22:51:49.146+0000] {dag.py:4180} INFO - Setting next_dagrun for example_dynamic_task_mapping to None, run_after=None
[2026-03-19T22:51:49.165+0000] {processor.py:208} INFO - Processing /home/airflow/.local/lib/python3.12/site-packages/airflow/example_dags/example_dynamic_task_mapping.py took 0.065 seconds
[2026-03-19T22:52:19.670+0000] {processor.py:186} INFO - Started process (PID=601) to work on /home/airflow/.local/lib/python3.12/site-packages/airflow/example_dags/example_dynamic_task_mapping.py
[2026-03-19T22:52:19.671+0000] {processor.py:914} INFO - Processing file /home/airflow/.local/lib/python3.12/site-packages/airflow/example_dags/example_dynamic_task_mapping.py for tasks to queue
[2026-03-19T22:52:19.673+0000] {logging_mixin.py:190} INFO - [2026-03-19T22:52:19.673+0000] {dagbag.py:588} INFO - Filling up the DagBag from /home/airflow/.local/lib/python3.12/site-packages/airflow/example_dags/example_dynamic_task_mapping.py
[2026-03-19T22:52:19.680+0000] {processor.py:925} INFO - DAG(s) 'example_dynamic_task_mapping' retrieved from /home/airflow/.local/lib/python3.12/site-packages/airflow/example_dags/example_dynamic_task_mapping.py
[2026-03-19T22:52:19.697+0000] {logging_mixin.py:190} INFO - [2026-03-19T22:52:19.697+0000] {dag.py:3239} INFO - Sync 1 DAGs
[2026-03-19T22:52:19.711+0000] {logging_mixin.py:190} INFO - [2026-03-19T22:52:19.711+0000] {dag.py:4180} INFO - Setting next_dagrun for example_dynamic_task_mapping to None, run_after=None
[2026-03-19T22:52:19.734+0000] {processor.py:208} INFO - Processing /home/airflow/.local/lib/python3.12/site-packages/airflow/example_dags/example_dynamic_task_mapping.py took 0.070 seconds
[2026-03-19T22:52:51.514+0000] {processor.py:186} INFO - Started process (PID=660) to work on /home/airflow/.local/lib/python3.12/site-packages/airflow/example_dags/example_dynamic_task_mapping.py
[2026-03-19T22:52:51.515+0000] {processor.py:914} INFO - Processing file /home/airflow/.local/lib/python3.12/site-packages/airflow/example_dags/example_dynamic_task_mapping.py for tasks to queue
[2026-03-19T22:52:51.517+0000] {logging_mixin.py:190} INFO - [2026-03-19T22:52:51.517+0000] {dagbag.py:588} INFO - Filling up the DagBag from /home/airflow/.local/lib/python3.12/site-packages/airflow/example_dags/example_dynamic_task_mapping.py
[2026-03-19T22:52:51.524+0000] {processor.py:925} INFO - DAG(s) 'example_dynamic_task_mapping' retrieved from /home/airflow/.local/lib/python3.12/site-packages/airflow/example_dags/example_dynamic_task_mapping.py
[2026-03-19T22:52:51.539+0000] {logging_mixin.py:190} INFO - [2026-03-19T22:52:51.539+0000] {dag.py:3239} INFO - Sync 1 DAGs
[2026-03-19T22:52:51.552+0000] {logging_mixin.py:190} INFO - [2026-03-19T22:52:51.551+0000] {dag.py:4180} INFO - Setting next_dagrun for example_dynamic_task_mapping to None, run_after=None
[2026-03-19T22:52:51.571+0000] {processor.py:208} INFO - Processing /home/airflow/.local/lib/python3.12/site-packages/airflow/example_dags/example_dynamic_task_mapping.py took 0.062 seconds
[2026-03-19T22:53:22.973+0000] {processor.py:186} INFO - Started process (PID=718) to work on /home/airflow/.local/lib/python3.12/site-packages/airflow/example_dags/example_dynamic_task_mapping.py
[2026-03-19T22:53:22.974+0000] {processor.py:914} INFO - Processing file /home/airflow/.local/lib/python3.12/site-packages/airflow/example_dags/example_dynamic_task_mapping.py for tasks to queue
[2026-03-19T22:53:22.976+0000] {logging_mixin.py:190} INFO - [2026-03-19T22:53:22.976+0000] {dagbag.py:588} INFO - Filling up the DagBag from /home/airflow/.local/lib/python3.12/site-packages/airflow/example_dags/example_dynamic_task_mapping.py
[2026-03-19T22:53:22.985+0000] {processor.py:925} INFO - DAG(s) 'example_dynamic_task_mapping' retrieved from /home/airflow/.local/lib/python3.12/site-packages/airflow/example_dags/example_dynamic_task_mapping.py
[2026-03-19T22:53:23.001+0000] {logging_mixin.py:190} INFO - [2026-03-19T22:53:23.001+0000] {dag.py:3239} INFO - Sync 1 DAGs
[2026-03-19T22:53:23.013+0000] {logging_mixin.py:190} INFO - [2026-03-19T22:53:23.013+0000] {dag.py:4180} INFO - Setting next_dagrun for example_dynamic_task_mapping to None, run_after=None
[2026-03-19T22:53:23.034+0000] {processor.py:208} INFO - Processing /home/airflow/.local/lib/python3.12/site-packages/airflow/example_dags/example_dynamic_task_mapping.py took 0.066 seconds
[2026-03-19T22:53:54.420+0000] {processor.py:186} INFO - Started process (PID=776) to work on /home/airflow/.local/lib/python3.12/site-packages/airflow/example_dags/example_dynamic_task_mapping.py
[2026-03-19T22:53:54.421+0000] {processor.py:914} INFO - Processing file /home/airflow/.local/lib/python3.12/site-packages/airflow/example_dags/example_dynamic_task_mapping.py for tasks to queue
[2026-03-19T22:53:54.423+0000] {logging_mixin.py:190} INFO - [2026-03-19T22:53:54.422+0000] {dagbag.py:588} INFO - Filling up the DagBag from /home/airflow/.local/lib/python3.12/site-packages/airflow/example_dags/example_dynamic_task_mapping.py
[2026-03-19T22:53:54.430+0000] {processor.py:925} INFO - DAG(s) 'example_dynamic_task_mapping' retrieved from /home/airflow/.local/lib/python3.12/site-packages/airflow/example_dags/example_dynamic_task_mapping.py
[2026-03-19T22:53:54.447+0000] {logging_mixin.py:190} INFO - [2026-03-19T22:53:54.447+0000] {dag.py:3239} INFO - Sync 1 DAGs
[2026-03-19T22:53:54.459+0000] {logging_mixin.py:190} INFO - [2026-03-19T22:53:54.459+0000] {dag.py:4180} INFO - Setting next_dagrun for example_dynamic_task_mapping to None, run_after=None
[2026-03-19T22:53:54.480+0000] {processor.py:208} INFO - Processing /home/airflow/.local/lib/python3.12/site-packages/airflow/example_dags/example_dynamic_task_mapping.py took 0.065 seconds
[2026-03-19T22:54:25.730+0000] {processor.py:186} INFO - Started process (PID=834) to work on /home/airflow/.local/lib/python3.12/site-packages/airflow/example_dags/example_dynamic_task_mapping.py
[2026-03-19T22:54:25.731+0000] {processor.py:914} INFO - Processing file /home/airflow/.local/lib/python3.12/site-packages/airflow/example_dags/example_dynamic_task_mapping.py for tasks to queue
[2026-03-19T22:54:25.733+0000] {logging_mixin.py:190} INFO - [2026-03-19T22:54:25.732+0000] {dagbag.py:588} INFO - Filling up the DagBag from /home/airflow/.local/lib/python3.12/site-packages/airflow/example_dags/example_dynamic_task_mapping.py
[2026-03-19T22:54:25.740+0000] {processor.py:925} INFO - DAG(s) 'example_dynamic_task_mapping' retrieved from /home/airflow/.local/lib/python3.12/site-packages/airflow/example_dags/example_dynamic_task_mapping.py
[2026-03-19T22:54:25.757+0000] {logging_mixin.py:190} INFO - [2026-03-19T22:54:25.756+0000] {dag.py:3239} INFO - Sync 1 DAGs
[2026-03-19T22:54:25.769+0000] {logging_mixin.py:190} INFO - [2026-03-19T22:54:25.769+0000] {dag.py:4180} INFO - Setting next_dagrun for example_dynamic_task_mapping to None, run_after=None
[2026-03-19T22:54:25.787+0000] {processor.py:208} INFO - Processing /home/airflow/.local/lib/python3.12/site-packages/airflow/example_dags/example_dynamic_task_mapping.py took 0.062 seconds
[2026-03-19T22:54:57.068+0000] {processor.py:186} INFO - Started process (PID=892) to work on /home/airflow/.local/lib/python3.12/site-packages/airflow/example_dags/example_dynamic_task_mapping.py
[2026-03-19T22:54:57.069+0000] {processor.py:914} INFO - Processing file /home/airflow/.local/lib/python3.12/site-packages/airflow/example_dags/example_dynamic_task_mapping.py for tasks to queue
[2026-03-19T22:54:57.071+0000] {logging_mixin.py:190} INFO - [2026-03-19T22:54:57.071+0000] {dagbag.py:588} INFO - Filling up the DagBag from /home/airflow/.local/lib/python3.12/site-packages/airflow/example_dags/example_dynamic_task_mapping.py
[2026-03-19T22:54:57.078+0000] {processor.py:925} INFO - DAG(s) 'example_dynamic_task_mapping' retrieved from /home/airflow/.local/lib/python3.12/site-packages/airflow/example_dags/example_dynamic_task_mapping.py
[2026-03-19T22:54:57.093+0000] {logging_mixin.py:190} INFO - [2026-03-19T22:54:57.093+0000] {dag.py:3239} INFO - Sync 1 DAGs
[2026-03-19T22:54:57.105+0000] {logging_mixin.py:190} INFO - [2026-03-19T22:54:57.105+0000] {dag.py:4180} INFO - Setting next_dagrun for example_dynamic_task_mapping to None, run_after=None
[2026-03-19T22:54:57.125+0000] {processor.py:208} INFO - Processing /home/airflow/.local/lib/python3.12/site-packages/airflow/example_dags/example_dynamic_task_mapping.py took 0.062 seconds
[2026-03-19T22:55:28.356+0000] {processor.py:186} INFO - Started process (PID=950) to work on /home/airflow/.local/lib/python3.12/site-packages/airflow/example_dags/example_dynamic_task_mapping.py
[2026-03-19T22:55:28.357+0000] {processor.py:914} INFO - Processing file /home/airflow/.local/lib/python3.12/site-packages/airflow/example_dags/example_dynamic_task_mapping.py for tasks to queue
[2026-03-19T22:55:28.359+0000] {logging_mixin.py:190} INFO - [2026-03-19T22:55:28.359+0000] {dagbag.py:588} INFO - Filling up the DagBag from /home/airflow/.local/lib/python3.12/site-packages/airflow/example_dags/example_dynamic_task_mapping.py
[2026-03-19T22:55:28.366+0000] {processor.py:925} INFO - DAG(s) 'example_dynamic_task_mapping' retrieved from /home/airflow/.local/lib/python3.12/site-packages/airflow/example_dags/example_dynamic_task_mapping.py
[2026-03-19T22:55:28.382+0000] {logging_mixin.py:190} INFO - [2026-03-19T22:55:28.382+0000] {dag.py:3239} INFO - Sync 1 DAGs
[2026-03-19T22:55:28.394+0000] {logging_mixin.py:190} INFO - [2026-03-19T22:55:28.394+0000] {dag.py:4180} INFO - Setting next_dagrun for example_dynamic_task_mapping to None, run_after=None
[2026-03-19T22:55:28.415+0000] {processor.py:208} INFO - Processing /home/airflow/.local/lib/python3.12/site-packages/airflow/example_dags/example_dynamic_task_mapping.py took 0.064 seconds
