[2026-03-19T22:36:50.818+0000] {processor.py:186} INFO - Started process (PID=63) to work on /home/airflow/.local/lib/python3.12/site-packages/airflow/example_dags/example_dag_decorator.py
[2026-03-19T22:36:50.821+0000] {processor.py:914} INFO - Processing file /home/airflow/.local/lib/python3.12/site-packages/airflow/example_dags/example_dag_decorator.py for tasks to queue
[2026-03-19T22:36:50.826+0000] {logging_mixin.py:190} INFO - [2026-03-19T22:36:50.825+0000] {dagbag.py:588} INFO - Filling up the DagBag from /home/airflow/.local/lib/python3.12/site-packages/airflow/example_dags/example_dag_decorator.py
[2026-03-19T22:36:50.854+0000] {processor.py:925} INFO - DAG(s) 'example_dag_decorator' retrieved from /home/airflow/.local/lib/python3.12/site-packages/airflow/example_dags/example_dag_decorator.py
[2026-03-19T22:36:51.142+0000] {logging_mixin.py:190} INFO - [2026-03-19T22:36:51.141+0000] {override.py:1911} INFO - Created Permission View: can read on DAG:example_dag_decorator
[2026-03-19T22:36:51.188+0000] {logging_mixin.py:190} INFO - [2026-03-19T22:36:51.187+0000] {override.py:1911} INFO - Created Permission View: can delete on DAG:example_dag_decorator
[2026-03-19T22:36:51.226+0000] {logging_mixin.py:190} INFO - [2026-03-19T22:36:51.226+0000] {override.py:1911} INFO - Created Permission View: can edit on DAG:example_dag_decorator
[2026-03-19T22:36:51.317+0000] {logging_mixin.py:190} INFO - [2026-03-19T22:36:51.316+0000] {override.py:1911} INFO - Created Permission View: can read on DAG Run:example_dag_decorator
[2026-03-19T22:36:51.371+0000] {logging_mixin.py:190} INFO - [2026-03-19T22:36:51.371+0000] {override.py:1911} INFO - Created Permission View: can create on DAG Run:example_dag_decorator
[2026-03-19T22:36:51.419+0000] {logging_mixin.py:190} INFO - [2026-03-19T22:36:51.418+0000] {override.py:1911} INFO - Created Permission View: menu access on DAG Run:example_dag_decorator
[2026-03-19T22:36:51.478+0000] {logging_mixin.py:190} INFO - [2026-03-19T22:36:51.477+0000] {override.py:1911} INFO - Created Permission View: can delete on DAG Run:example_dag_decorator
[2026-03-19T22:36:51.478+0000] {logging_mixin.py:190} INFO - [2026-03-19T22:36:51.478+0000] {dag.py:3239} INFO - Sync 1 DAGs
[2026-03-19T22:36:51.490+0000] {logging_mixin.py:190} INFO - [2026-03-19T22:36:51.489+0000] {dag.py:3262} INFO - Creating ORM DAG for example_dag_decorator
[2026-03-19T22:36:51.490+0000] {logging_mixin.py:190} INFO - [2026-03-19T22:36:51.490+0000] {dag.py:4180} INFO - Setting next_dagrun for example_dag_decorator to None, run_after=None
[2026-03-19T22:36:51.538+0000] {processor.py:208} INFO - Processing /home/airflow/.local/lib/python3.12/site-packages/airflow/example_dags/example_dag_decorator.py took 0.732 seconds
[2026-03-19T22:37:21.641+0000] {processor.py:186} INFO - Started process (PID=120) to work on /home/airflow/.local/lib/python3.12/site-packages/airflow/example_dags/example_dag_decorator.py
[2026-03-19T22:37:21.647+0000] {processor.py:914} INFO - Processing file /home/airflow/.local/lib/python3.12/site-packages/airflow/example_dags/example_dag_decorator.py for tasks to queue
[2026-03-19T22:37:21.655+0000] {logging_mixin.py:190} INFO - [2026-03-19T22:37:21.653+0000] {dagbag.py:588} INFO - Filling up the DagBag from /home/airflow/.local/lib/python3.12/site-packages/airflow/example_dags/example_dag_decorator.py
[2026-03-19T22:37:21.693+0000] {processor.py:925} INFO - DAG(s) 'example_dag_decorator' retrieved from /home/airflow/.local/lib/python3.12/site-packages/airflow/example_dags/example_dag_decorator.py
[2026-03-19T22:37:21.801+0000] {logging_mixin.py:190} INFO - [2026-03-19T22:37:21.800+0000] {dag.py:3239} INFO - Sync 1 DAGs
[2026-03-19T22:37:21.864+0000] {logging_mixin.py:190} INFO - [2026-03-19T22:37:21.864+0000] {dag.py:4180} INFO - Setting next_dagrun for example_dag_decorator to None, run_after=None
[2026-03-19T22:37:21.936+0000] {processor.py:208} INFO - Processing /home/airflow/.local/lib/python3.12/site-packages/airflow/example_dags/example_dag_decorator.py took 0.308 seconds
[2026-03-19T22:41:43.818+0000] {processor.py:186} INFO - Started process (PID=179) to work on /home/airflow/.local/lib/python3.12/site-packages/airflow/example_dags/example_dag_decorator.py
[2026-03-19T22:41:43.845+0000] {processor.py:914} INFO - Processing file /home/airflow/.local/lib/python3.12/site-packages/airflow/example_dags/example_dag_decorator.py for tasks to queue
[2026-03-19T22:41:43.869+0000] {logging_mixin.py:190} INFO - [2026-03-19T22:41:43.859+0000] {dagbag.py:588} INFO - Filling up the DagBag from /home/airflow/.local/lib/python3.12/site-packages/airflow/example_dags/example_dag_decorator.py
[2026-03-19T22:41:45.275+0000] {processor.py:925} INFO - DAG(s) 'example_dag_decorator' retrieved from /home/airflow/.local/lib/python3.12/site-packages/airflow/example_dags/example_dag_decorator.py
[2026-03-19T22:41:56.672+0000] {logging_mixin.py:190} INFO - [2026-03-19T22:41:56.572+0000] {dag.py:3239} INFO - Sync 1 DAGs
[2026-03-19T22:41:57.692+0000] {logging_mixin.py:190} INFO - [2026-03-19T22:41:57.657+0000] {dag.py:4180} INFO - Setting next_dagrun for example_dag_decorator to None, run_after=None
[2026-03-19T22:42:00.428+0000] {processor.py:208} INFO - Processing /home/airflow/.local/lib/python3.12/site-packages/airflow/example_dags/example_dag_decorator.py took 16.887 seconds
[2026-03-19T22:47:40.082+0000] {processor.py:186} INFO - Started process (PID=63) to work on /home/airflow/.local/lib/python3.12/site-packages/airflow/example_dags/example_dag_decorator.py
[2026-03-19T22:47:40.084+0000] {processor.py:914} INFO - Processing file /home/airflow/.local/lib/python3.12/site-packages/airflow/example_dags/example_dag_decorator.py for tasks to queue
[2026-03-19T22:47:40.087+0000] {logging_mixin.py:190} INFO - [2026-03-19T22:47:40.086+0000] {dagbag.py:588} INFO - Filling up the DagBag from /home/airflow/.local/lib/python3.12/site-packages/airflow/example_dags/example_dag_decorator.py
[2026-03-19T22:47:40.098+0000] {processor.py:925} INFO - DAG(s) 'example_dag_decorator' retrieved from /home/airflow/.local/lib/python3.12/site-packages/airflow/example_dags/example_dag_decorator.py
[2026-03-19T22:47:40.200+0000] {logging_mixin.py:190} INFO - [2026-03-19T22:47:40.199+0000] {override.py:1911} INFO - Created Permission View: can delete on DAG:example_dag_decorator
[2026-03-19T22:47:40.212+0000] {logging_mixin.py:190} INFO - [2026-03-19T22:47:40.212+0000] {override.py:1911} INFO - Created Permission View: can edit on DAG:example_dag_decorator
[2026-03-19T22:47:40.221+0000] {logging_mixin.py:190} INFO - [2026-03-19T22:47:40.221+0000] {override.py:1911} INFO - Created Permission View: can read on DAG:example_dag_decorator
[2026-03-19T22:47:40.240+0000] {logging_mixin.py:190} INFO - [2026-03-19T22:47:40.239+0000] {override.py:1911} INFO - Created Permission View: can create on DAG Run:example_dag_decorator
[2026-03-19T22:47:40.252+0000] {logging_mixin.py:190} INFO - [2026-03-19T22:47:40.252+0000] {override.py:1911} INFO - Created Permission View: can delete on DAG Run:example_dag_decorator
[2026-03-19T22:47:40.265+0000] {logging_mixin.py:190} INFO - [2026-03-19T22:47:40.264+0000] {override.py:1911} INFO - Created Permission View: menu access on DAG Run:example_dag_decorator
[2026-03-19T22:47:40.277+0000] {logging_mixin.py:190} INFO - [2026-03-19T22:47:40.277+0000] {override.py:1911} INFO - Created Permission View: can read on DAG Run:example_dag_decorator
[2026-03-19T22:47:40.278+0000] {logging_mixin.py:190} INFO - [2026-03-19T22:47:40.277+0000] {dag.py:3239} INFO - Sync 1 DAGs
[2026-03-19T22:47:40.288+0000] {logging_mixin.py:190} INFO - [2026-03-19T22:47:40.288+0000] {dag.py:3262} INFO - Creating ORM DAG for example_dag_decorator
[2026-03-19T22:47:40.289+0000] {logging_mixin.py:190} INFO - [2026-03-19T22:47:40.289+0000] {dag.py:4180} INFO - Setting next_dagrun for example_dag_decorator to None, run_after=None
[2026-03-19T22:47:40.306+0000] {processor.py:208} INFO - Processing /home/airflow/.local/lib/python3.12/site-packages/airflow/example_dags/example_dag_decorator.py took 0.229 seconds
[2026-03-19T22:48:11.925+0000] {processor.py:186} INFO - Started process (PID=121) to work on /home/airflow/.local/lib/python3.12/site-packages/airflow/example_dags/example_dag_decorator.py
[2026-03-19T22:48:11.927+0000] {processor.py:914} INFO - Processing file /home/airflow/.local/lib/python3.12/site-packages/airflow/example_dags/example_dag_decorator.py for tasks to queue
[2026-03-19T22:48:11.929+0000] {logging_mixin.py:190} INFO - [2026-03-19T22:48:11.929+0000] {dagbag.py:588} INFO - Filling up the DagBag from /home/airflow/.local/lib/python3.12/site-packages/airflow/example_dags/example_dag_decorator.py
[2026-03-19T22:48:11.940+0000] {processor.py:925} INFO - DAG(s) 'example_dag_decorator' retrieved from /home/airflow/.local/lib/python3.12/site-packages/airflow/example_dags/example_dag_decorator.py
[2026-03-19T22:48:12.032+0000] {logging_mixin.py:190} INFO - [2026-03-19T22:48:12.032+0000] {dag.py:3239} INFO - Sync 1 DAGs
[2026-03-19T22:48:12.042+0000] {logging_mixin.py:190} INFO - [2026-03-19T22:48:12.042+0000] {dag.py:4180} INFO - Setting next_dagrun for example_dag_decorator to None, run_after=None
[2026-03-19T22:48:12.062+0000] {processor.py:208} INFO - Processing /home/airflow/.local/lib/python3.12/site-packages/airflow/example_dags/example_dag_decorator.py took 0.143 seconds
[2026-03-19T22:48:42.858+0000] {processor.py:186} INFO - Started process (PID=179) to work on /home/airflow/.local/lib/python3.12/site-packages/airflow/example_dags/example_dag_decorator.py
[2026-03-19T22:48:42.858+0000] {processor.py:914} INFO - Processing file /home/airflow/.local/lib/python3.12/site-packages/airflow/example_dags/example_dag_decorator.py for tasks to queue
[2026-03-19T22:48:42.860+0000] {logging_mixin.py:190} INFO - [2026-03-19T22:48:42.860+0000] {dagbag.py:588} INFO - Filling up the DagBag from /home/airflow/.local/lib/python3.12/site-packages/airflow/example_dags/example_dag_decorator.py
[2026-03-19T22:48:42.871+0000] {processor.py:925} INFO - DAG(s) 'example_dag_decorator' retrieved from /home/airflow/.local/lib/python3.12/site-packages/airflow/example_dags/example_dag_decorator.py
[2026-03-19T22:48:42.968+0000] {logging_mixin.py:190} INFO - [2026-03-19T22:48:42.968+0000] {dag.py:3239} INFO - Sync 1 DAGs
[2026-03-19T22:48:42.978+0000] {logging_mixin.py:190} INFO - [2026-03-19T22:48:42.978+0000] {dag.py:4180} INFO - Setting next_dagrun for example_dag_decorator to None, run_after=None
[2026-03-19T22:48:42.996+0000] {processor.py:208} INFO - Processing /home/airflow/.local/lib/python3.12/site-packages/airflow/example_dags/example_dag_decorator.py took 0.143 seconds
[2026-03-19T22:49:13.484+0000] {processor.py:186} INFO - Started process (PID=237) to work on /home/airflow/.local/lib/python3.12/site-packages/airflow/example_dags/example_dag_decorator.py
[2026-03-19T22:49:13.485+0000] {processor.py:914} INFO - Processing file /home/airflow/.local/lib/python3.12/site-packages/airflow/example_dags/example_dag_decorator.py for tasks to queue
[2026-03-19T22:49:13.487+0000] {logging_mixin.py:190} INFO - [2026-03-19T22:49:13.486+0000] {dagbag.py:588} INFO - Filling up the DagBag from /home/airflow/.local/lib/python3.12/site-packages/airflow/example_dags/example_dag_decorator.py
[2026-03-19T22:49:13.496+0000] {processor.py:925} INFO - DAG(s) 'example_dag_decorator' retrieved from /home/airflow/.local/lib/python3.12/site-packages/airflow/example_dags/example_dag_decorator.py
[2026-03-19T22:49:13.584+0000] {logging_mixin.py:190} INFO - [2026-03-19T22:49:13.584+0000] {dag.py:3239} INFO - Sync 1 DAGs
[2026-03-19T22:49:13.594+0000] {logging_mixin.py:190} INFO - [2026-03-19T22:49:13.594+0000] {dag.py:4180} INFO - Setting next_dagrun for example_dag_decorator to None, run_after=None
[2026-03-19T22:49:13.616+0000] {processor.py:208} INFO - Processing /home/airflow/.local/lib/python3.12/site-packages/airflow/example_dags/example_dag_decorator.py took 0.137 seconds
[2026-03-19T22:49:44.960+0000] {processor.py:186} INFO - Started process (PID=295) to work on /home/airflow/.local/lib/python3.12/site-packages/airflow/example_dags/example_dag_decorator.py
[2026-03-19T22:49:44.961+0000] {processor.py:914} INFO - Processing file /home/airflow/.local/lib/python3.12/site-packages/airflow/example_dags/example_dag_decorator.py for tasks to queue
[2026-03-19T22:49:44.963+0000] {logging_mixin.py:190} INFO - [2026-03-19T22:49:44.963+0000] {dagbag.py:588} INFO - Filling up the DagBag from /home/airflow/.local/lib/python3.12/site-packages/airflow/example_dags/example_dag_decorator.py
[2026-03-19T22:49:44.973+0000] {processor.py:925} INFO - DAG(s) 'example_dag_decorator' retrieved from /home/airflow/.local/lib/python3.12/site-packages/airflow/example_dags/example_dag_decorator.py
[2026-03-19T22:49:45.063+0000] {logging_mixin.py:190} INFO - [2026-03-19T22:49:45.062+0000] {dag.py:3239} INFO - Sync 1 DAGs
[2026-03-19T22:49:45.073+0000] {logging_mixin.py:190} INFO - [2026-03-19T22:49:45.073+0000] {dag.py:4180} INFO - Setting next_dagrun for example_dag_decorator to None, run_after=None
[2026-03-19T22:49:45.090+0000] {processor.py:208} INFO - Processing /home/airflow/.local/lib/python3.12/site-packages/airflow/example_dags/example_dag_decorator.py took 0.134 seconds
[2026-03-19T22:50:15.560+0000] {processor.py:186} INFO - Started process (PID=355) to work on /home/airflow/.local/lib/python3.12/site-packages/airflow/example_dags/example_dag_decorator.py
[2026-03-19T22:50:15.561+0000] {processor.py:914} INFO - Processing file /home/airflow/.local/lib/python3.12/site-packages/airflow/example_dags/example_dag_decorator.py for tasks to queue
[2026-03-19T22:50:15.563+0000] {logging_mixin.py:190} INFO - [2026-03-19T22:50:15.563+0000] {dagbag.py:588} INFO - Filling up the DagBag from /home/airflow/.local/lib/python3.12/site-packages/airflow/example_dags/example_dag_decorator.py
[2026-03-19T22:50:15.573+0000] {processor.py:925} INFO - DAG(s) 'example_dag_decorator' retrieved from /home/airflow/.local/lib/python3.12/site-packages/airflow/example_dags/example_dag_decorator.py
[2026-03-19T22:50:15.663+0000] {logging_mixin.py:190} INFO - [2026-03-19T22:50:15.663+0000] {dag.py:3239} INFO - Sync 1 DAGs
[2026-03-19T22:50:15.673+0000] {logging_mixin.py:190} INFO - [2026-03-19T22:50:15.673+0000] {dag.py:4180} INFO - Setting next_dagrun for example_dag_decorator to None, run_after=None
[2026-03-19T22:50:15.691+0000] {processor.py:208} INFO - Processing /home/airflow/.local/lib/python3.12/site-packages/airflow/example_dags/example_dag_decorator.py took 0.135 seconds
[2026-03-19T22:50:46.788+0000] {processor.py:186} INFO - Started process (PID=413) to work on /home/airflow/.local/lib/python3.12/site-packages/airflow/example_dags/example_dag_decorator.py
[2026-03-19T22:50:46.789+0000] {processor.py:914} INFO - Processing file /home/airflow/.local/lib/python3.12/site-packages/airflow/example_dags/example_dag_decorator.py for tasks to queue
[2026-03-19T22:50:46.791+0000] {logging_mixin.py:190} INFO - [2026-03-19T22:50:46.791+0000] {dagbag.py:588} INFO - Filling up the DagBag from /home/airflow/.local/lib/python3.12/site-packages/airflow/example_dags/example_dag_decorator.py
[2026-03-19T22:50:46.801+0000] {processor.py:925} INFO - DAG(s) 'example_dag_decorator' retrieved from /home/airflow/.local/lib/python3.12/site-packages/airflow/example_dags/example_dag_decorator.py
[2026-03-19T22:50:46.890+0000] {logging_mixin.py:190} INFO - [2026-03-19T22:50:46.890+0000] {dag.py:3239} INFO - Sync 1 DAGs
[2026-03-19T22:50:46.900+0000] {logging_mixin.py:190} INFO - [2026-03-19T22:50:46.900+0000] {dag.py:4180} INFO - Setting next_dagrun for example_dag_decorator to None, run_after=None
[2026-03-19T22:50:46.921+0000] {processor.py:208} INFO - Processing /home/airflow/.local/lib/python3.12/site-packages/airflow/example_dags/example_dag_decorator.py took 0.138 seconds
[2026-03-19T22:51:17.403+0000] {processor.py:186} INFO - Started process (PID=471) to work on /home/airflow/.local/lib/python3.12/site-packages/airflow/example_dags/example_dag_decorator.py
[2026-03-19T22:51:17.404+0000] {processor.py:914} INFO - Processing file /home/airflow/.local/lib/python3.12/site-packages/airflow/example_dags/example_dag_decorator.py for tasks to queue
[2026-03-19T22:51:17.406+0000] {logging_mixin.py:190} INFO - [2026-03-19T22:51:17.405+0000] {dagbag.py:588} INFO - Filling up the DagBag from /home/airflow/.local/lib/python3.12/site-packages/airflow/example_dags/example_dag_decorator.py
[2026-03-19T22:51:17.416+0000] {processor.py:925} INFO - DAG(s) 'example_dag_decorator' retrieved from /home/airflow/.local/lib/python3.12/site-packages/airflow/example_dags/example_dag_decorator.py
[2026-03-19T22:51:17.510+0000] {logging_mixin.py:190} INFO - [2026-03-19T22:51:17.510+0000] {dag.py:3239} INFO - Sync 1 DAGs
[2026-03-19T22:51:17.520+0000] {logging_mixin.py:190} INFO - [2026-03-19T22:51:17.520+0000] {dag.py:4180} INFO - Setting next_dagrun for example_dag_decorator to None, run_after=None
[2026-03-19T22:51:17.538+0000] {processor.py:208} INFO - Processing /home/airflow/.local/lib/python3.12/site-packages/airflow/example_dags/example_dag_decorator.py took 0.140 seconds
[2026-03-19T22:51:48.029+0000] {processor.py:186} INFO - Started process (PID=529) to work on /home/airflow/.local/lib/python3.12/site-packages/airflow/example_dags/example_dag_decorator.py
[2026-03-19T22:51:48.030+0000] {processor.py:914} INFO - Processing file /home/airflow/.local/lib/python3.12/site-packages/airflow/example_dags/example_dag_decorator.py for tasks to queue
[2026-03-19T22:51:48.032+0000] {logging_mixin.py:190} INFO - [2026-03-19T22:51:48.031+0000] {dagbag.py:588} INFO - Filling up the DagBag from /home/airflow/.local/lib/python3.12/site-packages/airflow/example_dags/example_dag_decorator.py
[2026-03-19T22:51:48.042+0000] {processor.py:925} INFO - DAG(s) 'example_dag_decorator' retrieved from /home/airflow/.local/lib/python3.12/site-packages/airflow/example_dags/example_dag_decorator.py
[2026-03-19T22:51:48.132+0000] {logging_mixin.py:190} INFO - [2026-03-19T22:51:48.132+0000] {dag.py:3239} INFO - Sync 1 DAGs
[2026-03-19T22:51:48.143+0000] {logging_mixin.py:190} INFO - [2026-03-19T22:51:48.143+0000] {dag.py:4180} INFO - Setting next_dagrun for example_dag_decorator to None, run_after=None
[2026-03-19T22:51:48.163+0000] {processor.py:208} INFO - Processing /home/airflow/.local/lib/python3.12/site-packages/airflow/example_dags/example_dag_decorator.py took 0.140 seconds
[2026-03-19T22:52:18.741+0000] {processor.py:186} INFO - Started process (PID=587) to work on /home/airflow/.local/lib/python3.12/site-packages/airflow/example_dags/example_dag_decorator.py
[2026-03-19T22:52:18.742+0000] {processor.py:914} INFO - Processing file /home/airflow/.local/lib/python3.12/site-packages/airflow/example_dags/example_dag_decorator.py for tasks to queue
[2026-03-19T22:52:18.744+0000] {logging_mixin.py:190} INFO - [2026-03-19T22:52:18.744+0000] {dagbag.py:588} INFO - Filling up the DagBag from /home/airflow/.local/lib/python3.12/site-packages/airflow/example_dags/example_dag_decorator.py
[2026-03-19T22:52:18.754+0000] {processor.py:925} INFO - DAG(s) 'example_dag_decorator' retrieved from /home/airflow/.local/lib/python3.12/site-packages/airflow/example_dags/example_dag_decorator.py
[2026-03-19T22:52:18.845+0000] {logging_mixin.py:190} INFO - [2026-03-19T22:52:18.844+0000] {dag.py:3239} INFO - Sync 1 DAGs
[2026-03-19T22:52:18.855+0000] {logging_mixin.py:190} INFO - [2026-03-19T22:52:18.855+0000] {dag.py:4180} INFO - Setting next_dagrun for example_dag_decorator to None, run_after=None
[2026-03-19T22:52:18.877+0000] {processor.py:208} INFO - Processing /home/airflow/.local/lib/python3.12/site-packages/airflow/example_dags/example_dag_decorator.py took 0.141 seconds
[2026-03-19T22:52:50.233+0000] {processor.py:186} INFO - Started process (PID=645) to work on /home/airflow/.local/lib/python3.12/site-packages/airflow/example_dags/example_dag_decorator.py
[2026-03-19T22:52:50.234+0000] {processor.py:914} INFO - Processing file /home/airflow/.local/lib/python3.12/site-packages/airflow/example_dags/example_dag_decorator.py for tasks to queue
[2026-03-19T22:52:50.236+0000] {logging_mixin.py:190} INFO - [2026-03-19T22:52:50.236+0000] {dagbag.py:588} INFO - Filling up the DagBag from /home/airflow/.local/lib/python3.12/site-packages/airflow/example_dags/example_dag_decorator.py
[2026-03-19T22:52:50.246+0000] {processor.py:925} INFO - DAG(s) 'example_dag_decorator' retrieved from /home/airflow/.local/lib/python3.12/site-packages/airflow/example_dags/example_dag_decorator.py
[2026-03-19T22:52:50.336+0000] {logging_mixin.py:190} INFO - [2026-03-19T22:52:50.336+0000] {dag.py:3239} INFO - Sync 1 DAGs
[2026-03-19T22:52:50.346+0000] {logging_mixin.py:190} INFO - [2026-03-19T22:52:50.346+0000] {dag.py:4180} INFO - Setting next_dagrun for example_dag_decorator to None, run_after=None
[2026-03-19T22:52:50.369+0000] {processor.py:208} INFO - Processing /home/airflow/.local/lib/python3.12/site-packages/airflow/example_dags/example_dag_decorator.py took 0.140 seconds
[2026-03-19T22:53:21.684+0000] {processor.py:186} INFO - Started process (PID=703) to work on /home/airflow/.local/lib/python3.12/site-packages/airflow/example_dags/example_dag_decorator.py
[2026-03-19T22:53:21.685+0000] {processor.py:914} INFO - Processing file /home/airflow/.local/lib/python3.12/site-packages/airflow/example_dags/example_dag_decorator.py for tasks to queue
[2026-03-19T22:53:21.687+0000] {logging_mixin.py:190} INFO - [2026-03-19T22:53:21.687+0000] {dagbag.py:588} INFO - Filling up the DagBag from /home/airflow/.local/lib/python3.12/site-packages/airflow/example_dags/example_dag_decorator.py
[2026-03-19T22:53:21.697+0000] {processor.py:925} INFO - DAG(s) 'example_dag_decorator' retrieved from /home/airflow/.local/lib/python3.12/site-packages/airflow/example_dags/example_dag_decorator.py
[2026-03-19T22:53:21.786+0000] {logging_mixin.py:190} INFO - [2026-03-19T22:53:21.786+0000] {dag.py:3239} INFO - Sync 1 DAGs
[2026-03-19T22:53:21.796+0000] {logging_mixin.py:190} INFO - [2026-03-19T22:53:21.796+0000] {dag.py:4180} INFO - Setting next_dagrun for example_dag_decorator to None, run_after=None
[2026-03-19T22:53:21.818+0000] {processor.py:208} INFO - Processing /home/airflow/.local/lib/python3.12/site-packages/airflow/example_dags/example_dag_decorator.py took 0.138 seconds
[2026-03-19T22:53:52.999+0000] {processor.py:186} INFO - Started process (PID=761) to work on /home/airflow/.local/lib/python3.12/site-packages/airflow/example_dags/example_dag_decorator.py
[2026-03-19T22:53:53.000+0000] {processor.py:914} INFO - Processing file /home/airflow/.local/lib/python3.12/site-packages/airflow/example_dags/example_dag_decorator.py for tasks to queue
[2026-03-19T22:53:53.002+0000] {logging_mixin.py:190} INFO - [2026-03-19T22:53:53.001+0000] {dagbag.py:588} INFO - Filling up the DagBag from /home/airflow/.local/lib/python3.12/site-packages/airflow/example_dags/example_dag_decorator.py
[2026-03-19T22:53:53.012+0000] {processor.py:925} INFO - DAG(s) 'example_dag_decorator' retrieved from /home/airflow/.local/lib/python3.12/site-packages/airflow/example_dags/example_dag_decorator.py
[2026-03-19T22:53:53.106+0000] {logging_mixin.py:190} INFO - [2026-03-19T22:53:53.106+0000] {dag.py:3239} INFO - Sync 1 DAGs
[2026-03-19T22:53:53.117+0000] {logging_mixin.py:190} INFO - [2026-03-19T22:53:53.116+0000] {dag.py:4180} INFO - Setting next_dagrun for example_dag_decorator to None, run_after=None
[2026-03-19T22:53:53.138+0000] {processor.py:208} INFO - Processing /home/airflow/.local/lib/python3.12/site-packages/airflow/example_dags/example_dag_decorator.py took 0.144 seconds
[2026-03-19T22:54:24.563+0000] {processor.py:186} INFO - Started process (PID=819) to work on /home/airflow/.local/lib/python3.12/site-packages/airflow/example_dags/example_dag_decorator.py
[2026-03-19T22:54:24.564+0000] {processor.py:914} INFO - Processing file /home/airflow/.local/lib/python3.12/site-packages/airflow/example_dags/example_dag_decorator.py for tasks to queue
[2026-03-19T22:54:24.566+0000] {logging_mixin.py:190} INFO - [2026-03-19T22:54:24.566+0000] {dagbag.py:588} INFO - Filling up the DagBag from /home/airflow/.local/lib/python3.12/site-packages/airflow/example_dags/example_dag_decorator.py
[2026-03-19T22:54:24.576+0000] {processor.py:925} INFO - DAG(s) 'example_dag_decorator' retrieved from /home/airflow/.local/lib/python3.12/site-packages/airflow/example_dags/example_dag_decorator.py
[2026-03-19T22:54:24.594+0000] {logging_mixin.py:190} INFO - [2026-03-19T22:54:24.594+0000] {dag.py:3239} INFO - Sync 1 DAGs
[2026-03-19T22:54:24.607+0000] {logging_mixin.py:190} INFO - [2026-03-19T22:54:24.607+0000] {dag.py:4180} INFO - Setting next_dagrun for example_dag_decorator to None, run_after=None
[2026-03-19T22:54:24.625+0000] {processor.py:208} INFO - Processing /home/airflow/.local/lib/python3.12/site-packages/airflow/example_dags/example_dag_decorator.py took 0.067 seconds
[2026-03-19T22:54:55.818+0000] {processor.py:186} INFO - Started process (PID=877) to work on /home/airflow/.local/lib/python3.12/site-packages/airflow/example_dags/example_dag_decorator.py
[2026-03-19T22:54:55.819+0000] {processor.py:914} INFO - Processing file /home/airflow/.local/lib/python3.12/site-packages/airflow/example_dags/example_dag_decorator.py for tasks to queue
[2026-03-19T22:54:55.821+0000] {logging_mixin.py:190} INFO - [2026-03-19T22:54:55.821+0000] {dagbag.py:588} INFO - Filling up the DagBag from /home/airflow/.local/lib/python3.12/site-packages/airflow/example_dags/example_dag_decorator.py
[2026-03-19T22:54:55.831+0000] {processor.py:925} INFO - DAG(s) 'example_dag_decorator' retrieved from /home/airflow/.local/lib/python3.12/site-packages/airflow/example_dags/example_dag_decorator.py
[2026-03-19T22:54:55.921+0000] {logging_mixin.py:190} INFO - [2026-03-19T22:54:55.920+0000] {dag.py:3239} INFO - Sync 1 DAGs
[2026-03-19T22:54:55.931+0000] {logging_mixin.py:190} INFO - [2026-03-19T22:54:55.930+0000] {dag.py:4180} INFO - Setting next_dagrun for example_dag_decorator to None, run_after=None
[2026-03-19T22:54:55.953+0000] {processor.py:208} INFO - Processing /home/airflow/.local/lib/python3.12/site-packages/airflow/example_dags/example_dag_decorator.py took 0.140 seconds
[2026-03-19T22:55:27.066+0000] {processor.py:186} INFO - Started process (PID=935) to work on /home/airflow/.local/lib/python3.12/site-packages/airflow/example_dags/example_dag_decorator.py
[2026-03-19T22:55:27.067+0000] {processor.py:914} INFO - Processing file /home/airflow/.local/lib/python3.12/site-packages/airflow/example_dags/example_dag_decorator.py for tasks to queue
[2026-03-19T22:55:27.069+0000] {logging_mixin.py:190} INFO - [2026-03-19T22:55:27.068+0000] {dagbag.py:588} INFO - Filling up the DagBag from /home/airflow/.local/lib/python3.12/site-packages/airflow/example_dags/example_dag_decorator.py
[2026-03-19T22:55:27.080+0000] {processor.py:925} INFO - DAG(s) 'example_dag_decorator' retrieved from /home/airflow/.local/lib/python3.12/site-packages/airflow/example_dags/example_dag_decorator.py
[2026-03-19T22:55:27.176+0000] {logging_mixin.py:190} INFO - [2026-03-19T22:55:27.176+0000] {dag.py:3239} INFO - Sync 1 DAGs
[2026-03-19T22:55:27.187+0000] {logging_mixin.py:190} INFO - [2026-03-19T22:55:27.187+0000] {dag.py:4180} INFO - Setting next_dagrun for example_dag_decorator to None, run_after=None
[2026-03-19T22:55:27.205+0000] {processor.py:208} INFO - Processing /home/airflow/.local/lib/python3.12/site-packages/airflow/example_dags/example_dag_decorator.py took 0.145 seconds
