[2026-03-19T22:37:03.092+0000] {processor.py:186} INFO - Started process (PID=85) to work on /home/airflow/.local/lib/python3.12/site-packages/airflow/example_dags/example_skip_dag.py
[2026-03-19T22:37:03.095+0000] {processor.py:914} INFO - Processing file /home/airflow/.local/lib/python3.12/site-packages/airflow/example_dags/example_skip_dag.py for tasks to queue
[2026-03-19T22:37:03.100+0000] {logging_mixin.py:190} INFO - [2026-03-19T22:37:03.099+0000] {dagbag.py:588} INFO - Filling up the DagBag from /home/airflow/.local/lib/python3.12/site-packages/airflow/example_dags/example_skip_dag.py
[2026-03-19T22:37:03.117+0000] {processor.py:925} INFO - DAG(s) 'example_skip_dag' retrieved from /home/airflow/.local/lib/python3.12/site-packages/airflow/example_dags/example_skip_dag.py
[2026-03-19T22:37:03.323+0000] {logging_mixin.py:190} INFO - [2026-03-19T22:37:03.321+0000] {override.py:1911} INFO - Created Permission View: can read on DAG:example_skip_dag
[2026-03-19T22:37:03.350+0000] {logging_mixin.py:190} INFO - [2026-03-19T22:37:03.349+0000] {override.py:1911} INFO - Created Permission View: can delete on DAG:example_skip_dag
[2026-03-19T22:37:03.366+0000] {logging_mixin.py:190} INFO - [2026-03-19T22:37:03.365+0000] {override.py:1911} INFO - Created Permission View: can edit on DAG:example_skip_dag
[2026-03-19T22:37:03.388+0000] {logging_mixin.py:190} INFO - [2026-03-19T22:37:03.387+0000] {override.py:1911} INFO - Created Permission View: can read on DAG Run:example_skip_dag
[2026-03-19T22:37:03.405+0000] {logging_mixin.py:190} INFO - [2026-03-19T22:37:03.405+0000] {override.py:1911} INFO - Created Permission View: can create on DAG Run:example_skip_dag
[2026-03-19T22:37:03.421+0000] {logging_mixin.py:190} INFO - [2026-03-19T22:37:03.420+0000] {override.py:1911} INFO - Created Permission View: menu access on DAG Run:example_skip_dag
[2026-03-19T22:37:03.441+0000] {logging_mixin.py:190} INFO - [2026-03-19T22:37:03.441+0000] {override.py:1911} INFO - Created Permission View: can delete on DAG Run:example_skip_dag
[2026-03-19T22:37:03.443+0000] {logging_mixin.py:190} INFO - [2026-03-19T22:37:03.443+0000] {dag.py:3239} INFO - Sync 1 DAGs
[2026-03-19T22:37:03.490+0000] {logging_mixin.py:190} INFO - [2026-03-19T22:37:03.489+0000] {dag.py:3262} INFO - Creating ORM DAG for example_skip_dag
[2026-03-19T22:37:03.533+0000] {logging_mixin.py:190} INFO - [2026-03-19T22:37:03.532+0000] {dag.py:4180} INFO - Setting next_dagrun for example_skip_dag to 2026-03-18 00:00:00+00:00, run_after=2026-03-19 00:00:00+00:00
[2026-03-19T22:37:03.587+0000] {processor.py:208} INFO - Processing /home/airflow/.local/lib/python3.12/site-packages/airflow/example_dags/example_skip_dag.py took 0.507 seconds
[2026-03-19T22:40:39.316+0000] {processor.py:186} INFO - Started process (PID=143) to work on /home/airflow/.local/lib/python3.12/site-packages/airflow/example_dags/example_skip_dag.py
[2026-03-19T22:40:39.318+0000] {processor.py:914} INFO - Processing file /home/airflow/.local/lib/python3.12/site-packages/airflow/example_dags/example_skip_dag.py for tasks to queue
[2026-03-19T22:40:39.323+0000] {logging_mixin.py:190} INFO - [2026-03-19T22:40:39.323+0000] {dagbag.py:588} INFO - Filling up the DagBag from /home/airflow/.local/lib/python3.12/site-packages/airflow/example_dags/example_skip_dag.py
[2026-03-19T22:40:39.393+0000] {processor.py:925} INFO - DAG(s) 'example_skip_dag' retrieved from /home/airflow/.local/lib/python3.12/site-packages/airflow/example_dags/example_skip_dag.py
[2026-03-19T22:40:39.755+0000] {logging_mixin.py:190} INFO - [2026-03-19T22:40:39.745+0000] {dag.py:3239} INFO - Sync 1 DAGs
[2026-03-19T22:40:40.623+0000] {logging_mixin.py:190} INFO - [2026-03-19T22:40:40.615+0000] {dag.py:4180} INFO - Setting next_dagrun for example_skip_dag to 2026-03-18 00:00:00+00:00, run_after=2026-03-19 00:00:00+00:00
[2026-03-19T22:40:40.934+0000] {processor.py:208} INFO - Processing /home/airflow/.local/lib/python3.12/site-packages/airflow/example_dags/example_skip_dag.py took 1.629 seconds
[2026-03-19T22:47:44.585+0000] {processor.py:186} INFO - Started process (PID=85) to work on /home/airflow/.local/lib/python3.12/site-packages/airflow/example_dags/example_skip_dag.py
[2026-03-19T22:47:44.587+0000] {processor.py:914} INFO - Processing file /home/airflow/.local/lib/python3.12/site-packages/airflow/example_dags/example_skip_dag.py for tasks to queue
[2026-03-19T22:47:44.589+0000] {logging_mixin.py:190} INFO - [2026-03-19T22:47:44.588+0000] {dagbag.py:588} INFO - Filling up the DagBag from /home/airflow/.local/lib/python3.12/site-packages/airflow/example_dags/example_skip_dag.py
[2026-03-19T22:47:44.596+0000] {processor.py:925} INFO - DAG(s) 'example_skip_dag' retrieved from /home/airflow/.local/lib/python3.12/site-packages/airflow/example_dags/example_skip_dag.py
[2026-03-19T22:47:44.722+0000] {logging_mixin.py:190} INFO - [2026-03-19T22:47:44.721+0000] {override.py:1911} INFO - Created Permission View: can delete on DAG:example_skip_dag
[2026-03-19T22:47:44.736+0000] {logging_mixin.py:190} INFO - [2026-03-19T22:47:44.736+0000] {override.py:1911} INFO - Created Permission View: can edit on DAG:example_skip_dag
[2026-03-19T22:47:44.748+0000] {logging_mixin.py:190} INFO - [2026-03-19T22:47:44.747+0000] {override.py:1911} INFO - Created Permission View: can read on DAG:example_skip_dag
[2026-03-19T22:47:44.768+0000] {logging_mixin.py:190} INFO - [2026-03-19T22:47:44.767+0000] {override.py:1911} INFO - Created Permission View: can create on DAG Run:example_skip_dag
[2026-03-19T22:47:44.777+0000] {logging_mixin.py:190} INFO - [2026-03-19T22:47:44.777+0000] {override.py:1911} INFO - Created Permission View: can delete on DAG Run:example_skip_dag
[2026-03-19T22:47:44.787+0000] {logging_mixin.py:190} INFO - [2026-03-19T22:47:44.787+0000] {override.py:1911} INFO - Created Permission View: menu access on DAG Run:example_skip_dag
[2026-03-19T22:47:44.800+0000] {logging_mixin.py:190} INFO - [2026-03-19T22:47:44.799+0000] {override.py:1911} INFO - Created Permission View: can read on DAG Run:example_skip_dag
[2026-03-19T22:47:44.800+0000] {logging_mixin.py:190} INFO - [2026-03-19T22:47:44.800+0000] {dag.py:3239} INFO - Sync 1 DAGs
[2026-03-19T22:47:44.812+0000] {logging_mixin.py:190} INFO - [2026-03-19T22:47:44.812+0000] {dag.py:3262} INFO - Creating ORM DAG for example_skip_dag
[2026-03-19T22:47:44.820+0000] {logging_mixin.py:190} INFO - [2026-03-19T22:47:44.820+0000] {dag.py:4180} INFO - Setting next_dagrun for example_skip_dag to 2026-03-18 00:00:00+00:00, run_after=2026-03-19 00:00:00+00:00
[2026-03-19T22:47:44.838+0000] {processor.py:208} INFO - Processing /home/airflow/.local/lib/python3.12/site-packages/airflow/example_dags/example_skip_dag.py took 0.256 seconds
[2026-03-19T22:48:15.429+0000] {processor.py:186} INFO - Started process (PID=143) to work on /home/airflow/.local/lib/python3.12/site-packages/airflow/example_dags/example_skip_dag.py
[2026-03-19T22:48:15.430+0000] {processor.py:914} INFO - Processing file /home/airflow/.local/lib/python3.12/site-packages/airflow/example_dags/example_skip_dag.py for tasks to queue
[2026-03-19T22:48:15.432+0000] {logging_mixin.py:190} INFO - [2026-03-19T22:48:15.431+0000] {dagbag.py:588} INFO - Filling up the DagBag from /home/airflow/.local/lib/python3.12/site-packages/airflow/example_dags/example_skip_dag.py
[2026-03-19T22:48:15.438+0000] {processor.py:925} INFO - DAG(s) 'example_skip_dag' retrieved from /home/airflow/.local/lib/python3.12/site-packages/airflow/example_dags/example_skip_dag.py
[2026-03-19T22:48:15.455+0000] {logging_mixin.py:190} INFO - [2026-03-19T22:48:15.454+0000] {dag.py:3239} INFO - Sync 1 DAGs
[2026-03-19T22:48:15.474+0000] {logging_mixin.py:190} INFO - [2026-03-19T22:48:15.474+0000] {dag.py:4180} INFO - Setting next_dagrun for example_skip_dag to 2026-03-18 00:00:00+00:00, run_after=2026-03-19 00:00:00+00:00
[2026-03-19T22:48:15.494+0000] {processor.py:208} INFO - Processing /home/airflow/.local/lib/python3.12/site-packages/airflow/example_dags/example_skip_dag.py took 0.070 seconds
[2026-03-19T22:48:45.979+0000] {processor.py:186} INFO - Started process (PID=201) to work on /home/airflow/.local/lib/python3.12/site-packages/airflow/example_dags/example_skip_dag.py
[2026-03-19T22:48:45.980+0000] {processor.py:914} INFO - Processing file /home/airflow/.local/lib/python3.12/site-packages/airflow/example_dags/example_skip_dag.py for tasks to queue
[2026-03-19T22:48:45.982+0000] {logging_mixin.py:190} INFO - [2026-03-19T22:48:45.981+0000] {dagbag.py:588} INFO - Filling up the DagBag from /home/airflow/.local/lib/python3.12/site-packages/airflow/example_dags/example_skip_dag.py
[2026-03-19T22:48:45.988+0000] {processor.py:925} INFO - DAG(s) 'example_skip_dag' retrieved from /home/airflow/.local/lib/python3.12/site-packages/airflow/example_dags/example_skip_dag.py
[2026-03-19T22:48:46.005+0000] {logging_mixin.py:190} INFO - [2026-03-19T22:48:46.005+0000] {dag.py:3239} INFO - Sync 1 DAGs
[2026-03-19T22:48:46.024+0000] {logging_mixin.py:190} INFO - [2026-03-19T22:48:46.023+0000] {dag.py:4180} INFO - Setting next_dagrun for example_skip_dag to 2026-03-18 00:00:00+00:00, run_after=2026-03-19 00:00:00+00:00
[2026-03-19T22:48:46.042+0000] {processor.py:208} INFO - Processing /home/airflow/.local/lib/python3.12/site-packages/airflow/example_dags/example_skip_dag.py took 0.068 seconds
[2026-03-19T22:49:16.551+0000] {processor.py:186} INFO - Started process (PID=259) to work on /home/airflow/.local/lib/python3.12/site-packages/airflow/example_dags/example_skip_dag.py
[2026-03-19T22:49:16.552+0000] {processor.py:914} INFO - Processing file /home/airflow/.local/lib/python3.12/site-packages/airflow/example_dags/example_skip_dag.py for tasks to queue
[2026-03-19T22:49:16.554+0000] {logging_mixin.py:190} INFO - [2026-03-19T22:49:16.553+0000] {dagbag.py:588} INFO - Filling up the DagBag from /home/airflow/.local/lib/python3.12/site-packages/airflow/example_dags/example_skip_dag.py
[2026-03-19T22:49:16.560+0000] {processor.py:925} INFO - DAG(s) 'example_skip_dag' retrieved from /home/airflow/.local/lib/python3.12/site-packages/airflow/example_dags/example_skip_dag.py
[2026-03-19T22:49:16.576+0000] {logging_mixin.py:190} INFO - [2026-03-19T22:49:16.576+0000] {dag.py:3239} INFO - Sync 1 DAGs
[2026-03-19T22:49:16.596+0000] {logging_mixin.py:190} INFO - [2026-03-19T22:49:16.595+0000] {dag.py:4180} INFO - Setting next_dagrun for example_skip_dag to 2026-03-18 00:00:00+00:00, run_after=2026-03-19 00:00:00+00:00
[2026-03-19T22:49:16.616+0000] {processor.py:208} INFO - Processing /home/airflow/.local/lib/python3.12/site-packages/airflow/example_dags/example_skip_dag.py took 0.070 seconds
[2026-03-19T22:49:46.850+0000] {processor.py:186} INFO - Started process (PID=317) to work on /home/airflow/.local/lib/python3.12/site-packages/airflow/example_dags/example_skip_dag.py
[2026-03-19T22:49:46.851+0000] {processor.py:914} INFO - Processing file /home/airflow/.local/lib/python3.12/site-packages/airflow/example_dags/example_skip_dag.py for tasks to queue
[2026-03-19T22:49:46.853+0000] {logging_mixin.py:190} INFO - [2026-03-19T22:49:46.853+0000] {dagbag.py:588} INFO - Filling up the DagBag from /home/airflow/.local/lib/python3.12/site-packages/airflow/example_dags/example_skip_dag.py
[2026-03-19T22:49:46.860+0000] {processor.py:925} INFO - DAG(s) 'example_skip_dag' retrieved from /home/airflow/.local/lib/python3.12/site-packages/airflow/example_dags/example_skip_dag.py
[2026-03-19T22:49:46.876+0000] {logging_mixin.py:190} INFO - [2026-03-19T22:49:46.876+0000] {dag.py:3239} INFO - Sync 1 DAGs
[2026-03-19T22:49:46.895+0000] {logging_mixin.py:190} INFO - [2026-03-19T22:49:46.895+0000] {dag.py:4180} INFO - Setting next_dagrun for example_skip_dag to 2026-03-18 00:00:00+00:00, run_after=2026-03-19 00:00:00+00:00
[2026-03-19T22:49:46.915+0000] {processor.py:208} INFO - Processing /home/airflow/.local/lib/python3.12/site-packages/airflow/example_dags/example_skip_dag.py took 0.070 seconds
[2026-03-19T22:50:17.254+0000] {processor.py:186} INFO - Started process (PID=377) to work on /home/airflow/.local/lib/python3.12/site-packages/airflow/example_dags/example_skip_dag.py
[2026-03-19T22:50:17.255+0000] {processor.py:914} INFO - Processing file /home/airflow/.local/lib/python3.12/site-packages/airflow/example_dags/example_skip_dag.py for tasks to queue
[2026-03-19T22:50:17.257+0000] {logging_mixin.py:190} INFO - [2026-03-19T22:50:17.257+0000] {dagbag.py:588} INFO - Filling up the DagBag from /home/airflow/.local/lib/python3.12/site-packages/airflow/example_dags/example_skip_dag.py
[2026-03-19T22:50:17.264+0000] {processor.py:925} INFO - DAG(s) 'example_skip_dag' retrieved from /home/airflow/.local/lib/python3.12/site-packages/airflow/example_dags/example_skip_dag.py
[2026-03-19T22:50:17.282+0000] {logging_mixin.py:190} INFO - [2026-03-19T22:50:17.282+0000] {dag.py:3239} INFO - Sync 1 DAGs
[2026-03-19T22:50:17.301+0000] {logging_mixin.py:190} INFO - [2026-03-19T22:50:17.301+0000] {dag.py:4180} INFO - Setting next_dagrun for example_skip_dag to 2026-03-18 00:00:00+00:00, run_after=2026-03-19 00:00:00+00:00
[2026-03-19T22:50:17.320+0000] {processor.py:208} INFO - Processing /home/airflow/.local/lib/python3.12/site-packages/airflow/example_dags/example_skip_dag.py took 0.071 seconds
[2026-03-19T22:50:48.514+0000] {processor.py:186} INFO - Started process (PID=435) to work on /home/airflow/.local/lib/python3.12/site-packages/airflow/example_dags/example_skip_dag.py
[2026-03-19T22:50:48.515+0000] {processor.py:914} INFO - Processing file /home/airflow/.local/lib/python3.12/site-packages/airflow/example_dags/example_skip_dag.py for tasks to queue
[2026-03-19T22:50:48.517+0000] {logging_mixin.py:190} INFO - [2026-03-19T22:50:48.517+0000] {dagbag.py:588} INFO - Filling up the DagBag from /home/airflow/.local/lib/python3.12/site-packages/airflow/example_dags/example_skip_dag.py
[2026-03-19T22:50:48.524+0000] {processor.py:925} INFO - DAG(s) 'example_skip_dag' retrieved from /home/airflow/.local/lib/python3.12/site-packages/airflow/example_dags/example_skip_dag.py
[2026-03-19T22:50:48.546+0000] {logging_mixin.py:190} INFO - [2026-03-19T22:50:48.546+0000] {dag.py:3239} INFO - Sync 1 DAGs
[2026-03-19T22:50:48.566+0000] {logging_mixin.py:190} INFO - [2026-03-19T22:50:48.566+0000] {dag.py:4180} INFO - Setting next_dagrun for example_skip_dag to 2026-03-18 00:00:00+00:00, run_after=2026-03-19 00:00:00+00:00
[2026-03-19T22:50:48.585+0000] {processor.py:208} INFO - Processing /home/airflow/.local/lib/python3.12/site-packages/airflow/example_dags/example_skip_dag.py took 0.076 seconds
[2026-03-19T22:51:19.493+0000] {processor.py:186} INFO - Started process (PID=493) to work on /home/airflow/.local/lib/python3.12/site-packages/airflow/example_dags/example_skip_dag.py
[2026-03-19T22:51:19.494+0000] {processor.py:914} INFO - Processing file /home/airflow/.local/lib/python3.12/site-packages/airflow/example_dags/example_skip_dag.py for tasks to queue
[2026-03-19T22:51:19.496+0000] {logging_mixin.py:190} INFO - [2026-03-19T22:51:19.496+0000] {dagbag.py:588} INFO - Filling up the DagBag from /home/airflow/.local/lib/python3.12/site-packages/airflow/example_dags/example_skip_dag.py
[2026-03-19T22:51:19.503+0000] {processor.py:925} INFO - DAG(s) 'example_skip_dag' retrieved from /home/airflow/.local/lib/python3.12/site-packages/airflow/example_dags/example_skip_dag.py
[2026-03-19T22:51:19.521+0000] {logging_mixin.py:190} INFO - [2026-03-19T22:51:19.521+0000] {dag.py:3239} INFO - Sync 1 DAGs
[2026-03-19T22:51:19.541+0000] {logging_mixin.py:190} INFO - [2026-03-19T22:51:19.541+0000] {dag.py:4180} INFO - Setting next_dagrun for example_skip_dag to 2026-03-18 00:00:00+00:00, run_after=2026-03-19 00:00:00+00:00
[2026-03-19T22:51:19.559+0000] {processor.py:208} INFO - Processing /home/airflow/.local/lib/python3.12/site-packages/airflow/example_dags/example_skip_dag.py took 0.071 seconds
[2026-03-19T22:51:49.607+0000] {processor.py:186} INFO - Started process (PID=550) to work on /home/airflow/.local/lib/python3.12/site-packages/airflow/example_dags/example_skip_dag.py
[2026-03-19T22:51:49.607+0000] {processor.py:914} INFO - Processing file /home/airflow/.local/lib/python3.12/site-packages/airflow/example_dags/example_skip_dag.py for tasks to queue
[2026-03-19T22:51:49.609+0000] {logging_mixin.py:190} INFO - [2026-03-19T22:51:49.609+0000] {dagbag.py:588} INFO - Filling up the DagBag from /home/airflow/.local/lib/python3.12/site-packages/airflow/example_dags/example_skip_dag.py
[2026-03-19T22:51:49.616+0000] {processor.py:925} INFO - DAG(s) 'example_skip_dag' retrieved from /home/airflow/.local/lib/python3.12/site-packages/airflow/example_dags/example_skip_dag.py
[2026-03-19T22:51:49.634+0000] {logging_mixin.py:190} INFO - [2026-03-19T22:51:49.634+0000] {dag.py:3239} INFO - Sync 1 DAGs
[2026-03-19T22:51:49.655+0000] {logging_mixin.py:190} INFO - [2026-03-19T22:51:49.654+0000] {dag.py:4180} INFO - Setting next_dagrun for example_skip_dag to 2026-03-18 00:00:00+00:00, run_after=2026-03-19 00:00:00+00:00
[2026-03-19T22:51:49.674+0000] {processor.py:208} INFO - Processing /home/airflow/.local/lib/python3.12/site-packages/airflow/example_dags/example_skip_dag.py took 0.073 seconds
[2026-03-19T22:52:20.362+0000] {processor.py:186} INFO - Started process (PID=608) to work on /home/airflow/.local/lib/python3.12/site-packages/airflow/example_dags/example_skip_dag.py
[2026-03-19T22:52:20.363+0000] {processor.py:914} INFO - Processing file /home/airflow/.local/lib/python3.12/site-packages/airflow/example_dags/example_skip_dag.py for tasks to queue
[2026-03-19T22:52:20.365+0000] {logging_mixin.py:190} INFO - [2026-03-19T22:52:20.365+0000] {dagbag.py:588} INFO - Filling up the DagBag from /home/airflow/.local/lib/python3.12/site-packages/airflow/example_dags/example_skip_dag.py
[2026-03-19T22:52:20.372+0000] {processor.py:925} INFO - DAG(s) 'example_skip_dag' retrieved from /home/airflow/.local/lib/python3.12/site-packages/airflow/example_dags/example_skip_dag.py
[2026-03-19T22:52:20.390+0000] {logging_mixin.py:190} INFO - [2026-03-19T22:52:20.389+0000] {dag.py:3239} INFO - Sync 1 DAGs
[2026-03-19T22:52:20.409+0000] {logging_mixin.py:190} INFO - [2026-03-19T22:52:20.409+0000] {dag.py:4180} INFO - Setting next_dagrun for example_skip_dag to 2026-03-18 00:00:00+00:00, run_after=2026-03-19 00:00:00+00:00
[2026-03-19T22:52:20.434+0000] {processor.py:208} INFO - Processing /home/airflow/.local/lib/python3.12/site-packages/airflow/example_dags/example_skip_dag.py took 0.077 seconds
[2026-03-19T22:52:51.800+0000] {processor.py:186} INFO - Started process (PID=666) to work on /home/airflow/.local/lib/python3.12/site-packages/airflow/example_dags/example_skip_dag.py
[2026-03-19T22:52:51.801+0000] {processor.py:914} INFO - Processing file /home/airflow/.local/lib/python3.12/site-packages/airflow/example_dags/example_skip_dag.py for tasks to queue
[2026-03-19T22:52:51.803+0000] {logging_mixin.py:190} INFO - [2026-03-19T22:52:51.803+0000] {dagbag.py:588} INFO - Filling up the DagBag from /home/airflow/.local/lib/python3.12/site-packages/airflow/example_dags/example_skip_dag.py
[2026-03-19T22:52:51.810+0000] {processor.py:925} INFO - DAG(s) 'example_skip_dag' retrieved from /home/airflow/.local/lib/python3.12/site-packages/airflow/example_dags/example_skip_dag.py
[2026-03-19T22:52:51.827+0000] {logging_mixin.py:190} INFO - [2026-03-19T22:52:51.827+0000] {dag.py:3239} INFO - Sync 1 DAGs
[2026-03-19T22:52:51.847+0000] {logging_mixin.py:190} INFO - [2026-03-19T22:52:51.847+0000] {dag.py:4180} INFO - Setting next_dagrun for example_skip_dag to 2026-03-18 00:00:00+00:00, run_after=2026-03-19 00:00:00+00:00
[2026-03-19T22:52:51.866+0000] {processor.py:208} INFO - Processing /home/airflow/.local/lib/python3.12/site-packages/airflow/example_dags/example_skip_dag.py took 0.071 seconds
[2026-03-19T22:53:23.257+0000] {processor.py:186} INFO - Started process (PID=724) to work on /home/airflow/.local/lib/python3.12/site-packages/airflow/example_dags/example_skip_dag.py
[2026-03-19T22:53:23.258+0000] {processor.py:914} INFO - Processing file /home/airflow/.local/lib/python3.12/site-packages/airflow/example_dags/example_skip_dag.py for tasks to queue
[2026-03-19T22:53:23.260+0000] {logging_mixin.py:190} INFO - [2026-03-19T22:53:23.260+0000] {dagbag.py:588} INFO - Filling up the DagBag from /home/airflow/.local/lib/python3.12/site-packages/airflow/example_dags/example_skip_dag.py
[2026-03-19T22:53:23.267+0000] {processor.py:925} INFO - DAG(s) 'example_skip_dag' retrieved from /home/airflow/.local/lib/python3.12/site-packages/airflow/example_dags/example_skip_dag.py
[2026-03-19T22:53:23.286+0000] {logging_mixin.py:190} INFO - [2026-03-19T22:53:23.286+0000] {dag.py:3239} INFO - Sync 1 DAGs
[2026-03-19T22:53:23.309+0000] {logging_mixin.py:190} INFO - [2026-03-19T22:53:23.308+0000] {dag.py:4180} INFO - Setting next_dagrun for example_skip_dag to 2026-03-18 00:00:00+00:00, run_after=2026-03-19 00:00:00+00:00
[2026-03-19T22:53:23.330+0000] {processor.py:208} INFO - Processing /home/airflow/.local/lib/python3.12/site-packages/airflow/example_dags/example_skip_dag.py took 0.077 seconds
[2026-03-19T22:53:54.817+0000] {processor.py:186} INFO - Started process (PID=782) to work on /home/airflow/.local/lib/python3.12/site-packages/airflow/example_dags/example_skip_dag.py
[2026-03-19T22:53:54.818+0000] {processor.py:914} INFO - Processing file /home/airflow/.local/lib/python3.12/site-packages/airflow/example_dags/example_skip_dag.py for tasks to queue
[2026-03-19T22:53:54.820+0000] {logging_mixin.py:190} INFO - [2026-03-19T22:53:54.820+0000] {dagbag.py:588} INFO - Filling up the DagBag from /home/airflow/.local/lib/python3.12/site-packages/airflow/example_dags/example_skip_dag.py
[2026-03-19T22:53:54.827+0000] {processor.py:925} INFO - DAG(s) 'example_skip_dag' retrieved from /home/airflow/.local/lib/python3.12/site-packages/airflow/example_dags/example_skip_dag.py
[2026-03-19T22:53:54.844+0000] {logging_mixin.py:190} INFO - [2026-03-19T22:53:54.844+0000] {dag.py:3239} INFO - Sync 1 DAGs
[2026-03-19T22:53:54.863+0000] {logging_mixin.py:190} INFO - [2026-03-19T22:53:54.863+0000] {dag.py:4180} INFO - Setting next_dagrun for example_skip_dag to 2026-03-18 00:00:00+00:00, run_after=2026-03-19 00:00:00+00:00
[2026-03-19T22:53:54.886+0000] {processor.py:208} INFO - Processing /home/airflow/.local/lib/python3.12/site-packages/airflow/example_dags/example_skip_dag.py took 0.073 seconds
[2026-03-19T22:54:26.016+0000] {processor.py:186} INFO - Started process (PID=840) to work on /home/airflow/.local/lib/python3.12/site-packages/airflow/example_dags/example_skip_dag.py
[2026-03-19T22:54:26.017+0000] {processor.py:914} INFO - Processing file /home/airflow/.local/lib/python3.12/site-packages/airflow/example_dags/example_skip_dag.py for tasks to queue
[2026-03-19T22:54:26.019+0000] {logging_mixin.py:190} INFO - [2026-03-19T22:54:26.018+0000] {dagbag.py:588} INFO - Filling up the DagBag from /home/airflow/.local/lib/python3.12/site-packages/airflow/example_dags/example_skip_dag.py
[2026-03-19T22:54:26.025+0000] {processor.py:925} INFO - DAG(s) 'example_skip_dag' retrieved from /home/airflow/.local/lib/python3.12/site-packages/airflow/example_dags/example_skip_dag.py
[2026-03-19T22:54:26.045+0000] {logging_mixin.py:190} INFO - [2026-03-19T22:54:26.045+0000] {dag.py:3239} INFO - Sync 1 DAGs
[2026-03-19T22:54:26.065+0000] {logging_mixin.py:190} INFO - [2026-03-19T22:54:26.064+0000] {dag.py:4180} INFO - Setting next_dagrun for example_skip_dag to 2026-03-18 00:00:00+00:00, run_after=2026-03-19 00:00:00+00:00
[2026-03-19T22:54:26.084+0000] {processor.py:208} INFO - Processing /home/airflow/.local/lib/python3.12/site-packages/airflow/example_dags/example_skip_dag.py took 0.073 seconds
[2026-03-19T22:54:57.351+0000] {processor.py:186} INFO - Started process (PID=898) to work on /home/airflow/.local/lib/python3.12/site-packages/airflow/example_dags/example_skip_dag.py
[2026-03-19T22:54:57.352+0000] {processor.py:914} INFO - Processing file /home/airflow/.local/lib/python3.12/site-packages/airflow/example_dags/example_skip_dag.py for tasks to queue
[2026-03-19T22:54:57.354+0000] {logging_mixin.py:190} INFO - [2026-03-19T22:54:57.353+0000] {dagbag.py:588} INFO - Filling up the DagBag from /home/airflow/.local/lib/python3.12/site-packages/airflow/example_dags/example_skip_dag.py
[2026-03-19T22:54:57.360+0000] {processor.py:925} INFO - DAG(s) 'example_skip_dag' retrieved from /home/airflow/.local/lib/python3.12/site-packages/airflow/example_dags/example_skip_dag.py
[2026-03-19T22:54:57.378+0000] {logging_mixin.py:190} INFO - [2026-03-19T22:54:57.378+0000] {dag.py:3239} INFO - Sync 1 DAGs
[2026-03-19T22:54:57.399+0000] {logging_mixin.py:190} INFO - [2026-03-19T22:54:57.398+0000] {dag.py:4180} INFO - Setting next_dagrun for example_skip_dag to 2026-03-18 00:00:00+00:00, run_after=2026-03-19 00:00:00+00:00
[2026-03-19T22:54:57.417+0000] {processor.py:208} INFO - Processing /home/airflow/.local/lib/python3.12/site-packages/airflow/example_dags/example_skip_dag.py took 0.072 seconds
[2026-03-19T22:55:28.723+0000] {processor.py:186} INFO - Started process (PID=956) to work on /home/airflow/.local/lib/python3.12/site-packages/airflow/example_dags/example_skip_dag.py
[2026-03-19T22:55:28.724+0000] {processor.py:914} INFO - Processing file /home/airflow/.local/lib/python3.12/site-packages/airflow/example_dags/example_skip_dag.py for tasks to queue
[2026-03-19T22:55:28.725+0000] {logging_mixin.py:190} INFO - [2026-03-19T22:55:28.725+0000] {dagbag.py:588} INFO - Filling up the DagBag from /home/airflow/.local/lib/python3.12/site-packages/airflow/example_dags/example_skip_dag.py
[2026-03-19T22:55:28.732+0000] {processor.py:925} INFO - DAG(s) 'example_skip_dag' retrieved from /home/airflow/.local/lib/python3.12/site-packages/airflow/example_dags/example_skip_dag.py
[2026-03-19T22:55:28.749+0000] {logging_mixin.py:190} INFO - [2026-03-19T22:55:28.749+0000] {dag.py:3239} INFO - Sync 1 DAGs
[2026-03-19T22:55:28.768+0000] {logging_mixin.py:190} INFO - [2026-03-19T22:55:28.768+0000] {dag.py:4180} INFO - Setting next_dagrun for example_skip_dag to 2026-03-18 00:00:00+00:00, run_after=2026-03-19 00:00:00+00:00
[2026-03-19T22:55:28.787+0000] {processor.py:208} INFO - Processing /home/airflow/.local/lib/python3.12/site-packages/airflow/example_dags/example_skip_dag.py took 0.068 seconds
