[2026-03-19T22:36:53.173+0000] {processor.py:186} INFO - Started process (PID=68) to work on /home/airflow/.local/lib/python3.12/site-packages/airflow/example_dags/example_inlet_event_extra.py
[2026-03-19T22:36:53.175+0000] {processor.py:914} INFO - Processing file /home/airflow/.local/lib/python3.12/site-packages/airflow/example_dags/example_inlet_event_extra.py for tasks to queue
[2026-03-19T22:36:53.184+0000] {logging_mixin.py:190} INFO - [2026-03-19T22:36:53.183+0000] {dagbag.py:588} INFO - Filling up the DagBag from /home/airflow/.local/lib/python3.12/site-packages/airflow/example_dags/example_inlet_event_extra.py
[2026-03-19T22:36:55.155+0000] {processor.py:925} INFO - DAG(s) 'read_dataset_event', 'read_dataset_event_from_classic' retrieved from /home/airflow/.local/lib/python3.12/site-packages/airflow/example_dags/example_inlet_event_extra.py
[2026-03-19T22:36:55.385+0000] {logging_mixin.py:190} INFO - [2026-03-19T22:36:55.384+0000] {override.py:1911} INFO - Created Permission View: can read on DAG:read_dataset_event
[2026-03-19T22:36:55.410+0000] {logging_mixin.py:190} INFO - [2026-03-19T22:36:55.410+0000] {override.py:1911} INFO - Created Permission View: can delete on DAG:read_dataset_event
[2026-03-19T22:36:55.432+0000] {logging_mixin.py:190} INFO - [2026-03-19T22:36:55.431+0000] {override.py:1911} INFO - Created Permission View: can edit on DAG:read_dataset_event
[2026-03-19T22:36:55.466+0000] {logging_mixin.py:190} INFO - [2026-03-19T22:36:55.466+0000] {override.py:1911} INFO - Created Permission View: can read on DAG Run:read_dataset_event
[2026-03-19T22:36:55.492+0000] {logging_mixin.py:190} INFO - [2026-03-19T22:36:55.491+0000] {override.py:1911} INFO - Created Permission View: can create on DAG Run:read_dataset_event
[2026-03-19T22:36:55.504+0000] {logging_mixin.py:190} INFO - [2026-03-19T22:36:55.504+0000] {override.py:1911} INFO - Created Permission View: menu access on DAG Run:read_dataset_event
[2026-03-19T22:36:55.520+0000] {logging_mixin.py:190} INFO - [2026-03-19T22:36:55.520+0000] {override.py:1911} INFO - Created Permission View: can delete on DAG Run:read_dataset_event
[2026-03-19T22:36:55.555+0000] {logging_mixin.py:190} INFO - [2026-03-19T22:36:55.555+0000] {override.py:1911} INFO - Created Permission View: can read on DAG:read_dataset_event_from_classic
[2026-03-19T22:36:55.570+0000] {logging_mixin.py:190} INFO - [2026-03-19T22:36:55.569+0000] {override.py:1911} INFO - Created Permission View: can delete on DAG:read_dataset_event_from_classic
[2026-03-19T22:36:55.587+0000] {logging_mixin.py:190} INFO - [2026-03-19T22:36:55.587+0000] {override.py:1911} INFO - Created Permission View: can edit on DAG:read_dataset_event_from_classic
[2026-03-19T22:36:55.610+0000] {logging_mixin.py:190} INFO - [2026-03-19T22:36:55.610+0000] {override.py:1911} INFO - Created Permission View: can read on DAG Run:read_dataset_event_from_classic
[2026-03-19T22:36:55.629+0000] {logging_mixin.py:190} INFO - [2026-03-19T22:36:55.629+0000] {override.py:1911} INFO - Created Permission View: can create on DAG Run:read_dataset_event_from_classic
[2026-03-19T22:36:55.644+0000] {logging_mixin.py:190} INFO - [2026-03-19T22:36:55.643+0000] {override.py:1911} INFO - Created Permission View: menu access on DAG Run:read_dataset_event_from_classic
[2026-03-19T22:36:55.661+0000] {logging_mixin.py:190} INFO - [2026-03-19T22:36:55.660+0000] {override.py:1911} INFO - Created Permission View: can delete on DAG Run:read_dataset_event_from_classic
[2026-03-19T22:36:55.663+0000] {logging_mixin.py:190} INFO - [2026-03-19T22:36:55.662+0000] {dag.py:3239} INFO - Sync 2 DAGs
[2026-03-19T22:36:55.690+0000] {logging_mixin.py:190} INFO - [2026-03-19T22:36:55.689+0000] {dag.py:3262} INFO - Creating ORM DAG for read_dataset_event_from_classic
[2026-03-19T22:36:55.693+0000] {logging_mixin.py:190} INFO - [2026-03-19T22:36:55.693+0000] {dag.py:3262} INFO - Creating ORM DAG for read_dataset_event
[2026-03-19T22:36:55.725+0000] {logging_mixin.py:190} INFO - [2026-03-19T22:36:55.725+0000] {dag.py:4180} INFO - Setting next_dagrun for read_dataset_event to 2026-03-18 00:00:00+00:00, run_after=2026-03-19 00:00:00+00:00
[2026-03-19T22:36:55.732+0000] {logging_mixin.py:190} INFO - [2026-03-19T22:36:55.730+0000] {dag.py:4180} INFO - Setting next_dagrun for read_dataset_event_from_classic to 2026-03-18 00:00:00+00:00, run_after=2026-03-19 00:00:00+00:00
[2026-03-19T22:36:55.780+0000] {processor.py:208} INFO - Processing /home/airflow/.local/lib/python3.12/site-packages/airflow/example_dags/example_inlet_event_extra.py took 2.623 seconds
[2026-03-19T22:37:40.124+0000] {processor.py:186} INFO - Started process (PID=126) to work on /home/airflow/.local/lib/python3.12/site-packages/airflow/example_dags/example_inlet_event_extra.py
[2026-03-19T22:37:40.132+0000] {processor.py:914} INFO - Processing file /home/airflow/.local/lib/python3.12/site-packages/airflow/example_dags/example_inlet_event_extra.py for tasks to queue
[2026-03-19T22:37:40.136+0000] {logging_mixin.py:190} INFO - [2026-03-19T22:37:40.135+0000] {dagbag.py:588} INFO - Filling up the DagBag from /home/airflow/.local/lib/python3.12/site-packages/airflow/example_dags/example_inlet_event_extra.py
[2026-03-19T22:37:54.685+0000] {processor.py:925} INFO - DAG(s) 'read_dataset_event', 'read_dataset_event_from_classic' retrieved from /home/airflow/.local/lib/python3.12/site-packages/airflow/example_dags/example_inlet_event_extra.py
[2026-03-19T22:38:01.951+0000] {logging_mixin.py:190} INFO - [2026-03-19T22:38:01.886+0000] {dag.py:3239} INFO - Sync 2 DAGs
[2026-03-19T22:38:03.988+0000] {logging_mixin.py:190} INFO - [2026-03-19T22:38:03.923+0000] {dag.py:4180} INFO - Setting next_dagrun for read_dataset_event to 2026-03-18 00:00:00+00:00, run_after=2026-03-19 00:00:00+00:00
[2026-03-19T22:38:04.521+0000] {logging_mixin.py:190} INFO - [2026-03-19T22:38:04.482+0000] {dag.py:4180} INFO - Setting next_dagrun for read_dataset_event_from_classic to 2026-03-18 00:00:00+00:00, run_after=2026-03-19 00:00:00+00:00
[2026-03-19T22:38:05.577+0000] {processor.py:208} INFO - Processing /home/airflow/.local/lib/python3.12/site-packages/airflow/example_dags/example_inlet_event_extra.py took 25.452 seconds
[2026-03-19T22:42:07.686+0000] {processor.py:186} INFO - Started process (PID=184) to work on /home/airflow/.local/lib/python3.12/site-packages/airflow/example_dags/example_inlet_event_extra.py
[2026-03-19T22:42:07.695+0000] {processor.py:914} INFO - Processing file /home/airflow/.local/lib/python3.12/site-packages/airflow/example_dags/example_inlet_event_extra.py for tasks to queue
[2026-03-19T22:42:07.699+0000] {logging_mixin.py:190} INFO - [2026-03-19T22:42:07.698+0000] {dagbag.py:588} INFO - Filling up the DagBag from /home/airflow/.local/lib/python3.12/site-packages/airflow/example_dags/example_inlet_event_extra.py
[2026-03-19T22:47:40.832+0000] {processor.py:186} INFO - Started process (PID=68) to work on /home/airflow/.local/lib/python3.12/site-packages/airflow/example_dags/example_inlet_event_extra.py
[2026-03-19T22:47:40.835+0000] {processor.py:914} INFO - Processing file /home/airflow/.local/lib/python3.12/site-packages/airflow/example_dags/example_inlet_event_extra.py for tasks to queue
[2026-03-19T22:47:40.837+0000] {logging_mixin.py:190} INFO - [2026-03-19T22:47:40.837+0000] {dagbag.py:588} INFO - Filling up the DagBag from /home/airflow/.local/lib/python3.12/site-packages/airflow/example_dags/example_inlet_event_extra.py
[2026-03-19T22:47:41.374+0000] {processor.py:925} INFO - DAG(s) 'read_dataset_event_from_classic', 'read_dataset_event' retrieved from /home/airflow/.local/lib/python3.12/site-packages/airflow/example_dags/example_inlet_event_extra.py
[2026-03-19T22:47:41.460+0000] {logging_mixin.py:190} INFO - [2026-03-19T22:47:41.459+0000] {override.py:1911} INFO - Created Permission View: can delete on DAG:read_dataset_event_from_classic
[2026-03-19T22:47:41.476+0000] {logging_mixin.py:190} INFO - [2026-03-19T22:47:41.476+0000] {override.py:1911} INFO - Created Permission View: can edit on DAG:read_dataset_event_from_classic
[2026-03-19T22:47:41.489+0000] {logging_mixin.py:190} INFO - [2026-03-19T22:47:41.488+0000] {override.py:1911} INFO - Created Permission View: can read on DAG:read_dataset_event_from_classic
[2026-03-19T22:47:41.514+0000] {logging_mixin.py:190} INFO - [2026-03-19T22:47:41.513+0000] {override.py:1911} INFO - Created Permission View: can create on DAG Run:read_dataset_event_from_classic
[2026-03-19T22:47:41.526+0000] {logging_mixin.py:190} INFO - [2026-03-19T22:47:41.526+0000] {override.py:1911} INFO - Created Permission View: can delete on DAG Run:read_dataset_event_from_classic
[2026-03-19T22:47:41.535+0000] {logging_mixin.py:190} INFO - [2026-03-19T22:47:41.535+0000] {override.py:1911} INFO - Created Permission View: menu access on DAG Run:read_dataset_event_from_classic
[2026-03-19T22:47:41.544+0000] {logging_mixin.py:190} INFO - [2026-03-19T22:47:41.544+0000] {override.py:1911} INFO - Created Permission View: can read on DAG Run:read_dataset_event_from_classic
[2026-03-19T22:47:41.570+0000] {logging_mixin.py:190} INFO - [2026-03-19T22:47:41.570+0000] {override.py:1911} INFO - Created Permission View: can delete on DAG:read_dataset_event
[2026-03-19T22:47:41.584+0000] {logging_mixin.py:190} INFO - [2026-03-19T22:47:41.584+0000] {override.py:1911} INFO - Created Permission View: can edit on DAG:read_dataset_event
[2026-03-19T22:47:41.596+0000] {logging_mixin.py:190} INFO - [2026-03-19T22:47:41.596+0000] {override.py:1911} INFO - Created Permission View: can read on DAG:read_dataset_event
[2026-03-19T22:47:41.619+0000] {logging_mixin.py:190} INFO - [2026-03-19T22:47:41.619+0000] {override.py:1911} INFO - Created Permission View: can create on DAG Run:read_dataset_event
[2026-03-19T22:47:41.628+0000] {logging_mixin.py:190} INFO - [2026-03-19T22:47:41.628+0000] {override.py:1911} INFO - Created Permission View: can delete on DAG Run:read_dataset_event
[2026-03-19T22:47:41.639+0000] {logging_mixin.py:190} INFO - [2026-03-19T22:47:41.638+0000] {override.py:1911} INFO - Created Permission View: menu access on DAG Run:read_dataset_event
[2026-03-19T22:47:41.648+0000] {logging_mixin.py:190} INFO - [2026-03-19T22:47:41.648+0000] {override.py:1911} INFO - Created Permission View: can read on DAG Run:read_dataset_event
[2026-03-19T22:47:41.649+0000] {logging_mixin.py:190} INFO - [2026-03-19T22:47:41.649+0000] {dag.py:3239} INFO - Sync 2 DAGs
[2026-03-19T22:47:41.660+0000] {logging_mixin.py:190} INFO - [2026-03-19T22:47:41.660+0000] {dag.py:3262} INFO - Creating ORM DAG for read_dataset_event_from_classic
[2026-03-19T22:47:41.661+0000] {logging_mixin.py:190} INFO - [2026-03-19T22:47:41.661+0000] {dag.py:3262} INFO - Creating ORM DAG for read_dataset_event
[2026-03-19T22:47:41.672+0000] {logging_mixin.py:190} INFO - [2026-03-19T22:47:41.672+0000] {dag.py:4180} INFO - Setting next_dagrun for read_dataset_event to 2026-03-18 00:00:00+00:00, run_after=2026-03-19 00:00:00+00:00
[2026-03-19T22:47:41.676+0000] {logging_mixin.py:190} INFO - [2026-03-19T22:47:41.675+0000] {dag.py:4180} INFO - Setting next_dagrun for read_dataset_event_from_classic to 2026-03-18 00:00:00+00:00, run_after=2026-03-19 00:00:00+00:00
[2026-03-19T22:47:41.702+0000] {processor.py:208} INFO - Processing /home/airflow/.local/lib/python3.12/site-packages/airflow/example_dags/example_inlet_event_extra.py took 0.875 seconds
[2026-03-19T22:48:12.201+0000] {processor.py:186} INFO - Started process (PID=126) to work on /home/airflow/.local/lib/python3.12/site-packages/airflow/example_dags/example_inlet_event_extra.py
[2026-03-19T22:48:12.202+0000] {processor.py:914} INFO - Processing file /home/airflow/.local/lib/python3.12/site-packages/airflow/example_dags/example_inlet_event_extra.py for tasks to queue
[2026-03-19T22:48:12.204+0000] {logging_mixin.py:190} INFO - [2026-03-19T22:48:12.204+0000] {dagbag.py:588} INFO - Filling up the DagBag from /home/airflow/.local/lib/python3.12/site-packages/airflow/example_dags/example_inlet_event_extra.py
[2026-03-19T22:48:12.935+0000] {processor.py:925} INFO - DAG(s) 'read_dataset_event_from_classic', 'read_dataset_event' retrieved from /home/airflow/.local/lib/python3.12/site-packages/airflow/example_dags/example_inlet_event_extra.py
[2026-03-19T22:48:12.953+0000] {logging_mixin.py:190} INFO - [2026-03-19T22:48:12.953+0000] {dag.py:3239} INFO - Sync 2 DAGs
[2026-03-19T22:48:12.974+0000] {logging_mixin.py:190} INFO - [2026-03-19T22:48:12.974+0000] {dag.py:4180} INFO - Setting next_dagrun for read_dataset_event to 2026-03-18 00:00:00+00:00, run_after=2026-03-19 00:00:00+00:00
[2026-03-19T22:48:12.981+0000] {logging_mixin.py:190} INFO - [2026-03-19T22:48:12.981+0000] {dag.py:4180} INFO - Setting next_dagrun for read_dataset_event_from_classic to 2026-03-18 00:00:00+00:00, run_after=2026-03-19 00:00:00+00:00
[2026-03-19T22:48:13.000+0000] {processor.py:208} INFO - Processing /home/airflow/.local/lib/python3.12/site-packages/airflow/example_dags/example_inlet_event_extra.py took 0.807 seconds
[2026-03-19T22:48:43.109+0000] {processor.py:186} INFO - Started process (PID=184) to work on /home/airflow/.local/lib/python3.12/site-packages/airflow/example_dags/example_inlet_event_extra.py
[2026-03-19T22:48:43.110+0000] {processor.py:914} INFO - Processing file /home/airflow/.local/lib/python3.12/site-packages/airflow/example_dags/example_inlet_event_extra.py for tasks to queue
[2026-03-19T22:48:43.112+0000] {logging_mixin.py:190} INFO - [2026-03-19T22:48:43.111+0000] {dagbag.py:588} INFO - Filling up the DagBag from /home/airflow/.local/lib/python3.12/site-packages/airflow/example_dags/example_inlet_event_extra.py
[2026-03-19T22:48:43.561+0000] {processor.py:925} INFO - DAG(s) 'read_dataset_event', 'read_dataset_event_from_classic' retrieved from /home/airflow/.local/lib/python3.12/site-packages/airflow/example_dags/example_inlet_event_extra.py
[2026-03-19T22:48:43.578+0000] {logging_mixin.py:190} INFO - [2026-03-19T22:48:43.578+0000] {dag.py:3239} INFO - Sync 2 DAGs
[2026-03-19T22:48:43.598+0000] {logging_mixin.py:190} INFO - [2026-03-19T22:48:43.597+0000] {dag.py:4180} INFO - Setting next_dagrun for read_dataset_event to 2026-03-18 00:00:00+00:00, run_after=2026-03-19 00:00:00+00:00
[2026-03-19T22:48:43.602+0000] {logging_mixin.py:190} INFO - [2026-03-19T22:48:43.601+0000] {dag.py:4180} INFO - Setting next_dagrun for read_dataset_event_from_classic to 2026-03-18 00:00:00+00:00, run_after=2026-03-19 00:00:00+00:00
[2026-03-19T22:48:43.620+0000] {processor.py:208} INFO - Processing /home/airflow/.local/lib/python3.12/site-packages/airflow/example_dags/example_inlet_event_extra.py took 0.516 seconds
[2026-03-19T22:49:14.078+0000] {processor.py:186} INFO - Started process (PID=244) to work on /home/airflow/.local/lib/python3.12/site-packages/airflow/example_dags/example_inlet_event_extra.py
[2026-03-19T22:49:14.079+0000] {processor.py:914} INFO - Processing file /home/airflow/.local/lib/python3.12/site-packages/airflow/example_dags/example_inlet_event_extra.py for tasks to queue
[2026-03-19T22:49:14.081+0000] {logging_mixin.py:190} INFO - [2026-03-19T22:49:14.080+0000] {dagbag.py:588} INFO - Filling up the DagBag from /home/airflow/.local/lib/python3.12/site-packages/airflow/example_dags/example_inlet_event_extra.py
[2026-03-19T22:49:14.582+0000] {processor.py:925} INFO - DAG(s) 'read_dataset_event', 'read_dataset_event_from_classic' retrieved from /home/airflow/.local/lib/python3.12/site-packages/airflow/example_dags/example_inlet_event_extra.py
[2026-03-19T22:49:14.599+0000] {logging_mixin.py:190} INFO - [2026-03-19T22:49:14.599+0000] {dag.py:3239} INFO - Sync 2 DAGs
[2026-03-19T22:49:14.619+0000] {logging_mixin.py:190} INFO - [2026-03-19T22:49:14.619+0000] {dag.py:4180} INFO - Setting next_dagrun for read_dataset_event to 2026-03-18 00:00:00+00:00, run_after=2026-03-19 00:00:00+00:00
[2026-03-19T22:49:14.624+0000] {logging_mixin.py:190} INFO - [2026-03-19T22:49:14.623+0000] {dag.py:4180} INFO - Setting next_dagrun for read_dataset_event_from_classic to 2026-03-18 00:00:00+00:00, run_after=2026-03-19 00:00:00+00:00
[2026-03-19T22:49:14.643+0000] {processor.py:208} INFO - Processing /home/airflow/.local/lib/python3.12/site-packages/airflow/example_dags/example_inlet_event_extra.py took 0.570 seconds
[2026-03-19T22:49:45.288+0000] {processor.py:186} INFO - Started process (PID=302) to work on /home/airflow/.local/lib/python3.12/site-packages/airflow/example_dags/example_inlet_event_extra.py
[2026-03-19T22:49:45.288+0000] {processor.py:914} INFO - Processing file /home/airflow/.local/lib/python3.12/site-packages/airflow/example_dags/example_inlet_event_extra.py for tasks to queue
[2026-03-19T22:49:45.290+0000] {logging_mixin.py:190} INFO - [2026-03-19T22:49:45.290+0000] {dagbag.py:588} INFO - Filling up the DagBag from /home/airflow/.local/lib/python3.12/site-packages/airflow/example_dags/example_inlet_event_extra.py
[2026-03-19T22:49:45.767+0000] {processor.py:925} INFO - DAG(s) 'read_dataset_event_from_classic', 'read_dataset_event' retrieved from /home/airflow/.local/lib/python3.12/site-packages/airflow/example_dags/example_inlet_event_extra.py
[2026-03-19T22:49:45.785+0000] {logging_mixin.py:190} INFO - [2026-03-19T22:49:45.785+0000] {dag.py:3239} INFO - Sync 2 DAGs
[2026-03-19T22:49:45.808+0000] {logging_mixin.py:190} INFO - [2026-03-19T22:49:45.808+0000] {dag.py:4180} INFO - Setting next_dagrun for read_dataset_event to 2026-03-18 00:00:00+00:00, run_after=2026-03-19 00:00:00+00:00
[2026-03-19T22:49:45.813+0000] {logging_mixin.py:190} INFO - [2026-03-19T22:49:45.813+0000] {dag.py:4180} INFO - Setting next_dagrun for read_dataset_event_from_classic to 2026-03-18 00:00:00+00:00, run_after=2026-03-19 00:00:00+00:00
[2026-03-19T22:49:45.831+0000] {processor.py:208} INFO - Processing /home/airflow/.local/lib/python3.12/site-packages/airflow/example_dags/example_inlet_event_extra.py took 0.548 seconds
[2026-03-19T22:50:15.894+0000] {processor.py:186} INFO - Started process (PID=362) to work on /home/airflow/.local/lib/python3.12/site-packages/airflow/example_dags/example_inlet_event_extra.py
[2026-03-19T22:50:15.894+0000] {processor.py:914} INFO - Processing file /home/airflow/.local/lib/python3.12/site-packages/airflow/example_dags/example_inlet_event_extra.py for tasks to queue
[2026-03-19T22:50:15.896+0000] {logging_mixin.py:190} INFO - [2026-03-19T22:50:15.896+0000] {dagbag.py:588} INFO - Filling up the DagBag from /home/airflow/.local/lib/python3.12/site-packages/airflow/example_dags/example_inlet_event_extra.py
[2026-03-19T22:50:16.369+0000] {processor.py:925} INFO - DAG(s) 'read_dataset_event', 'read_dataset_event_from_classic' retrieved from /home/airflow/.local/lib/python3.12/site-packages/airflow/example_dags/example_inlet_event_extra.py
[2026-03-19T22:50:16.385+0000] {logging_mixin.py:190} INFO - [2026-03-19T22:50:16.385+0000] {dag.py:3239} INFO - Sync 2 DAGs
[2026-03-19T22:50:16.405+0000] {logging_mixin.py:190} INFO - [2026-03-19T22:50:16.405+0000] {dag.py:4180} INFO - Setting next_dagrun for read_dataset_event to 2026-03-18 00:00:00+00:00, run_after=2026-03-19 00:00:00+00:00
[2026-03-19T22:50:16.410+0000] {logging_mixin.py:190} INFO - [2026-03-19T22:50:16.410+0000] {dag.py:4180} INFO - Setting next_dagrun for read_dataset_event_from_classic to 2026-03-18 00:00:00+00:00, run_after=2026-03-19 00:00:00+00:00
[2026-03-19T22:50:16.427+0000] {processor.py:208} INFO - Processing /home/airflow/.local/lib/python3.12/site-packages/airflow/example_dags/example_inlet_event_extra.py took 0.538 seconds
[2026-03-19T22:50:47.223+0000] {processor.py:186} INFO - Started process (PID=420) to work on /home/airflow/.local/lib/python3.12/site-packages/airflow/example_dags/example_inlet_event_extra.py
[2026-03-19T22:50:47.224+0000] {processor.py:914} INFO - Processing file /home/airflow/.local/lib/python3.12/site-packages/airflow/example_dags/example_inlet_event_extra.py for tasks to queue
[2026-03-19T22:50:47.226+0000] {logging_mixin.py:190} INFO - [2026-03-19T22:50:47.225+0000] {dagbag.py:588} INFO - Filling up the DagBag from /home/airflow/.local/lib/python3.12/site-packages/airflow/example_dags/example_inlet_event_extra.py
[2026-03-19T22:50:47.715+0000] {processor.py:925} INFO - DAG(s) 'read_dataset_event', 'read_dataset_event_from_classic' retrieved from /home/airflow/.local/lib/python3.12/site-packages/airflow/example_dags/example_inlet_event_extra.py
[2026-03-19T22:50:47.732+0000] {logging_mixin.py:190} INFO - [2026-03-19T22:50:47.732+0000] {dag.py:3239} INFO - Sync 2 DAGs
[2026-03-19T22:50:47.754+0000] {logging_mixin.py:190} INFO - [2026-03-19T22:50:47.754+0000] {dag.py:4180} INFO - Setting next_dagrun for read_dataset_event to 2026-03-18 00:00:00+00:00, run_after=2026-03-19 00:00:00+00:00
[2026-03-19T22:50:47.759+0000] {logging_mixin.py:190} INFO - [2026-03-19T22:50:47.758+0000] {dag.py:4180} INFO - Setting next_dagrun for read_dataset_event_from_classic to 2026-03-18 00:00:00+00:00, run_after=2026-03-19 00:00:00+00:00
[2026-03-19T22:50:47.778+0000] {processor.py:208} INFO - Processing /home/airflow/.local/lib/python3.12/site-packages/airflow/example_dags/example_inlet_event_extra.py took 0.560 seconds
[2026-03-19T22:51:17.822+0000] {processor.py:186} INFO - Started process (PID=478) to work on /home/airflow/.local/lib/python3.12/site-packages/airflow/example_dags/example_inlet_event_extra.py
[2026-03-19T22:51:17.822+0000] {processor.py:914} INFO - Processing file /home/airflow/.local/lib/python3.12/site-packages/airflow/example_dags/example_inlet_event_extra.py for tasks to queue
[2026-03-19T22:51:17.824+0000] {logging_mixin.py:190} INFO - [2026-03-19T22:51:17.824+0000] {dagbag.py:588} INFO - Filling up the DagBag from /home/airflow/.local/lib/python3.12/site-packages/airflow/example_dags/example_inlet_event_extra.py
[2026-03-19T22:51:18.264+0000] {processor.py:925} INFO - DAG(s) 'read_dataset_event_from_classic', 'read_dataset_event' retrieved from /home/airflow/.local/lib/python3.12/site-packages/airflow/example_dags/example_inlet_event_extra.py
[2026-03-19T22:51:18.281+0000] {logging_mixin.py:190} INFO - [2026-03-19T22:51:18.280+0000] {dag.py:3239} INFO - Sync 2 DAGs
[2026-03-19T22:51:18.301+0000] {logging_mixin.py:190} INFO - [2026-03-19T22:51:18.301+0000] {dag.py:4180} INFO - Setting next_dagrun for read_dataset_event to 2026-03-18 00:00:00+00:00, run_after=2026-03-19 00:00:00+00:00
[2026-03-19T22:51:18.305+0000] {logging_mixin.py:190} INFO - [2026-03-19T22:51:18.305+0000] {dag.py:4180} INFO - Setting next_dagrun for read_dataset_event_from_classic to 2026-03-18 00:00:00+00:00, run_after=2026-03-19 00:00:00+00:00
[2026-03-19T22:51:18.324+0000] {processor.py:208} INFO - Processing /home/airflow/.local/lib/python3.12/site-packages/airflow/example_dags/example_inlet_event_extra.py took 0.507 seconds
[2026-03-19T22:51:48.456+0000] {processor.py:186} INFO - Started process (PID=536) to work on /home/airflow/.local/lib/python3.12/site-packages/airflow/example_dags/example_inlet_event_extra.py
[2026-03-19T22:51:48.457+0000] {processor.py:914} INFO - Processing file /home/airflow/.local/lib/python3.12/site-packages/airflow/example_dags/example_inlet_event_extra.py for tasks to queue
[2026-03-19T22:51:48.459+0000] {logging_mixin.py:190} INFO - [2026-03-19T22:51:48.458+0000] {dagbag.py:588} INFO - Filling up the DagBag from /home/airflow/.local/lib/python3.12/site-packages/airflow/example_dags/example_inlet_event_extra.py
[2026-03-19T22:51:48.928+0000] {processor.py:925} INFO - DAG(s) 'read_dataset_event', 'read_dataset_event_from_classic' retrieved from /home/airflow/.local/lib/python3.12/site-packages/airflow/example_dags/example_inlet_event_extra.py
[2026-03-19T22:51:48.945+0000] {logging_mixin.py:190} INFO - [2026-03-19T22:51:48.945+0000] {dag.py:3239} INFO - Sync 2 DAGs
[2026-03-19T22:51:48.966+0000] {logging_mixin.py:190} INFO - [2026-03-19T22:51:48.966+0000] {dag.py:4180} INFO - Setting next_dagrun for read_dataset_event to 2026-03-18 00:00:00+00:00, run_after=2026-03-19 00:00:00+00:00
[2026-03-19T22:51:48.970+0000] {logging_mixin.py:190} INFO - [2026-03-19T22:51:48.970+0000] {dag.py:4180} INFO - Setting next_dagrun for read_dataset_event_from_classic to 2026-03-18 00:00:00+00:00, run_after=2026-03-19 00:00:00+00:00
[2026-03-19T22:51:48.989+0000] {processor.py:208} INFO - Processing /home/airflow/.local/lib/python3.12/site-packages/airflow/example_dags/example_inlet_event_extra.py took 0.538 seconds
[2026-03-19T22:52:19.271+0000] {processor.py:186} INFO - Started process (PID=596) to work on /home/airflow/.local/lib/python3.12/site-packages/airflow/example_dags/example_inlet_event_extra.py
[2026-03-19T22:52:19.271+0000] {processor.py:914} INFO - Processing file /home/airflow/.local/lib/python3.12/site-packages/airflow/example_dags/example_inlet_event_extra.py for tasks to queue
[2026-03-19T22:52:19.273+0000] {logging_mixin.py:190} INFO - [2026-03-19T22:52:19.273+0000] {dagbag.py:588} INFO - Filling up the DagBag from /home/airflow/.local/lib/python3.12/site-packages/airflow/example_dags/example_inlet_event_extra.py
[2026-03-19T22:52:19.726+0000] {processor.py:925} INFO - DAG(s) 'read_dataset_event', 'read_dataset_event_from_classic' retrieved from /home/airflow/.local/lib/python3.12/site-packages/airflow/example_dags/example_inlet_event_extra.py
[2026-03-19T22:52:19.744+0000] {logging_mixin.py:190} INFO - [2026-03-19T22:52:19.744+0000] {dag.py:3239} INFO - Sync 2 DAGs
[2026-03-19T22:52:19.767+0000] {logging_mixin.py:190} INFO - [2026-03-19T22:52:19.766+0000] {dag.py:4180} INFO - Setting next_dagrun for read_dataset_event to 2026-03-18 00:00:00+00:00, run_after=2026-03-19 00:00:00+00:00
[2026-03-19T22:52:19.771+0000] {logging_mixin.py:190} INFO - [2026-03-19T22:52:19.771+0000] {dag.py:4180} INFO - Setting next_dagrun for read_dataset_event_from_classic to 2026-03-18 00:00:00+00:00, run_after=2026-03-19 00:00:00+00:00
[2026-03-19T22:52:19.790+0000] {processor.py:208} INFO - Processing /home/airflow/.local/lib/python3.12/site-packages/airflow/example_dags/example_inlet_event_extra.py took 0.524 seconds
[2026-03-19T22:52:50.845+0000] {processor.py:186} INFO - Started process (PID=656) to work on /home/airflow/.local/lib/python3.12/site-packages/airflow/example_dags/example_inlet_event_extra.py
[2026-03-19T22:52:50.846+0000] {processor.py:914} INFO - Processing file /home/airflow/.local/lib/python3.12/site-packages/airflow/example_dags/example_inlet_event_extra.py for tasks to queue
[2026-03-19T22:52:50.848+0000] {logging_mixin.py:190} INFO - [2026-03-19T22:52:50.848+0000] {dagbag.py:588} INFO - Filling up the DagBag from /home/airflow/.local/lib/python3.12/site-packages/airflow/example_dags/example_inlet_event_extra.py
[2026-03-19T22:52:51.334+0000] {processor.py:925} INFO - DAG(s) 'read_dataset_event_from_classic', 'read_dataset_event' retrieved from /home/airflow/.local/lib/python3.12/site-packages/airflow/example_dags/example_inlet_event_extra.py
[2026-03-19T22:52:51.351+0000] {logging_mixin.py:190} INFO - [2026-03-19T22:52:51.350+0000] {dag.py:3239} INFO - Sync 2 DAGs
[2026-03-19T22:52:51.370+0000] {logging_mixin.py:190} INFO - [2026-03-19T22:52:51.370+0000] {dag.py:4180} INFO - Setting next_dagrun for read_dataset_event to 2026-03-18 00:00:00+00:00, run_after=2026-03-19 00:00:00+00:00
[2026-03-19T22:52:51.375+0000] {logging_mixin.py:190} INFO - [2026-03-19T22:52:51.374+0000] {dag.py:4180} INFO - Setting next_dagrun for read_dataset_event_from_classic to 2026-03-18 00:00:00+00:00, run_after=2026-03-19 00:00:00+00:00
[2026-03-19T22:52:51.394+0000] {processor.py:208} INFO - Processing /home/airflow/.local/lib/python3.12/site-packages/airflow/example_dags/example_inlet_event_extra.py took 0.553 seconds
[2026-03-19T22:53:22.302+0000] {processor.py:186} INFO - Started process (PID=714) to work on /home/airflow/.local/lib/python3.12/site-packages/airflow/example_dags/example_inlet_event_extra.py
[2026-03-19T22:53:22.303+0000] {processor.py:914} INFO - Processing file /home/airflow/.local/lib/python3.12/site-packages/airflow/example_dags/example_inlet_event_extra.py for tasks to queue
[2026-03-19T22:53:22.305+0000] {logging_mixin.py:190} INFO - [2026-03-19T22:53:22.305+0000] {dagbag.py:588} INFO - Filling up the DagBag from /home/airflow/.local/lib/python3.12/site-packages/airflow/example_dags/example_inlet_event_extra.py
[2026-03-19T22:53:22.794+0000] {processor.py:925} INFO - DAG(s) 'read_dataset_event_from_classic', 'read_dataset_event' retrieved from /home/airflow/.local/lib/python3.12/site-packages/airflow/example_dags/example_inlet_event_extra.py
[2026-03-19T22:53:22.810+0000] {logging_mixin.py:190} INFO - [2026-03-19T22:53:22.810+0000] {dag.py:3239} INFO - Sync 2 DAGs
[2026-03-19T22:53:22.829+0000] {logging_mixin.py:190} INFO - [2026-03-19T22:53:22.829+0000] {dag.py:4180} INFO - Setting next_dagrun for read_dataset_event to 2026-03-18 00:00:00+00:00, run_after=2026-03-19 00:00:00+00:00
[2026-03-19T22:53:22.833+0000] {logging_mixin.py:190} INFO - [2026-03-19T22:53:22.833+0000] {dag.py:4180} INFO - Setting next_dagrun for read_dataset_event_from_classic to 2026-03-18 00:00:00+00:00, run_after=2026-03-19 00:00:00+00:00
[2026-03-19T22:53:22.851+0000] {processor.py:208} INFO - Processing /home/airflow/.local/lib/python3.12/site-packages/airflow/example_dags/example_inlet_event_extra.py took 0.553 seconds
[2026-03-19T22:53:53.537+0000] {processor.py:186} INFO - Started process (PID=771) to work on /home/airflow/.local/lib/python3.12/site-packages/airflow/example_dags/example_inlet_event_extra.py
[2026-03-19T22:53:53.538+0000] {processor.py:914} INFO - Processing file /home/airflow/.local/lib/python3.12/site-packages/airflow/example_dags/example_inlet_event_extra.py for tasks to queue
[2026-03-19T22:53:53.540+0000] {logging_mixin.py:190} INFO - [2026-03-19T22:53:53.539+0000] {dagbag.py:588} INFO - Filling up the DagBag from /home/airflow/.local/lib/python3.12/site-packages/airflow/example_dags/example_inlet_event_extra.py
[2026-03-19T22:53:54.020+0000] {processor.py:925} INFO - DAG(s) 'read_dataset_event_from_classic', 'read_dataset_event' retrieved from /home/airflow/.local/lib/python3.12/site-packages/airflow/example_dags/example_inlet_event_extra.py
[2026-03-19T22:53:54.035+0000] {logging_mixin.py:190} INFO - [2026-03-19T22:53:54.035+0000] {dag.py:3239} INFO - Sync 2 DAGs
[2026-03-19T22:53:54.054+0000] {logging_mixin.py:190} INFO - [2026-03-19T22:53:54.054+0000] {dag.py:4180} INFO - Setting next_dagrun for read_dataset_event to 2026-03-18 00:00:00+00:00, run_after=2026-03-19 00:00:00+00:00
[2026-03-19T22:53:54.058+0000] {logging_mixin.py:190} INFO - [2026-03-19T22:53:54.058+0000] {dag.py:4180} INFO - Setting next_dagrun for read_dataset_event_from_classic to 2026-03-18 00:00:00+00:00, run_after=2026-03-19 00:00:00+00:00
[2026-03-19T22:53:54.107+0000] {processor.py:208} INFO - Processing /home/airflow/.local/lib/python3.12/site-packages/airflow/example_dags/example_inlet_event_extra.py took 0.575 seconds
[2026-03-19T22:54:25.042+0000] {processor.py:186} INFO - Started process (PID=829) to work on /home/airflow/.local/lib/python3.12/site-packages/airflow/example_dags/example_inlet_event_extra.py
[2026-03-19T22:54:25.043+0000] {processor.py:914} INFO - Processing file /home/airflow/.local/lib/python3.12/site-packages/airflow/example_dags/example_inlet_event_extra.py for tasks to queue
[2026-03-19T22:54:25.045+0000] {logging_mixin.py:190} INFO - [2026-03-19T22:54:25.044+0000] {dagbag.py:588} INFO - Filling up the DagBag from /home/airflow/.local/lib/python3.12/site-packages/airflow/example_dags/example_inlet_event_extra.py
[2026-03-19T22:54:25.506+0000] {processor.py:925} INFO - DAG(s) 'read_dataset_event', 'read_dataset_event_from_classic' retrieved from /home/airflow/.local/lib/python3.12/site-packages/airflow/example_dags/example_inlet_event_extra.py
[2026-03-19T22:54:25.523+0000] {logging_mixin.py:190} INFO - [2026-03-19T22:54:25.523+0000] {dag.py:3239} INFO - Sync 2 DAGs
[2026-03-19T22:54:25.542+0000] {logging_mixin.py:190} INFO - [2026-03-19T22:54:25.542+0000] {dag.py:4180} INFO - Setting next_dagrun for read_dataset_event to 2026-03-18 00:00:00+00:00, run_after=2026-03-19 00:00:00+00:00
[2026-03-19T22:54:25.546+0000] {logging_mixin.py:190} INFO - [2026-03-19T22:54:25.546+0000] {dag.py:4180} INFO - Setting next_dagrun for read_dataset_event_from_classic to 2026-03-18 00:00:00+00:00, run_after=2026-03-19 00:00:00+00:00
[2026-03-19T22:54:25.565+0000] {processor.py:208} INFO - Processing /home/airflow/.local/lib/python3.12/site-packages/airflow/example_dags/example_inlet_event_extra.py took 0.528 seconds
[2026-03-19T22:54:56.370+0000] {processor.py:186} INFO - Started process (PID=887) to work on /home/airflow/.local/lib/python3.12/site-packages/airflow/example_dags/example_inlet_event_extra.py
[2026-03-19T22:54:56.371+0000] {processor.py:914} INFO - Processing file /home/airflow/.local/lib/python3.12/site-packages/airflow/example_dags/example_inlet_event_extra.py for tasks to queue
[2026-03-19T22:54:56.373+0000] {logging_mixin.py:190} INFO - [2026-03-19T22:54:56.372+0000] {dagbag.py:588} INFO - Filling up the DagBag from /home/airflow/.local/lib/python3.12/site-packages/airflow/example_dags/example_inlet_event_extra.py
[2026-03-19T22:54:56.831+0000] {processor.py:925} INFO - DAG(s) 'read_dataset_event_from_classic', 'read_dataset_event' retrieved from /home/airflow/.local/lib/python3.12/site-packages/airflow/example_dags/example_inlet_event_extra.py
[2026-03-19T22:54:56.848+0000] {logging_mixin.py:190} INFO - [2026-03-19T22:54:56.848+0000] {dag.py:3239} INFO - Sync 2 DAGs
[2026-03-19T22:54:56.868+0000] {logging_mixin.py:190} INFO - [2026-03-19T22:54:56.868+0000] {dag.py:4180} INFO - Setting next_dagrun for read_dataset_event to 2026-03-18 00:00:00+00:00, run_after=2026-03-19 00:00:00+00:00
[2026-03-19T22:54:56.872+0000] {logging_mixin.py:190} INFO - [2026-03-19T22:54:56.872+0000] {dag.py:4180} INFO - Setting next_dagrun for read_dataset_event_from_classic to 2026-03-18 00:00:00+00:00, run_after=2026-03-19 00:00:00+00:00
[2026-03-19T22:54:56.888+0000] {processor.py:208} INFO - Processing /home/airflow/.local/lib/python3.12/site-packages/airflow/example_dags/example_inlet_event_extra.py took 0.523 seconds
[2026-03-19T22:55:27.601+0000] {processor.py:186} INFO - Started process (PID=945) to work on /home/airflow/.local/lib/python3.12/site-packages/airflow/example_dags/example_inlet_event_extra.py
[2026-03-19T22:55:27.602+0000] {processor.py:914} INFO - Processing file /home/airflow/.local/lib/python3.12/site-packages/airflow/example_dags/example_inlet_event_extra.py for tasks to queue
[2026-03-19T22:55:27.604+0000] {logging_mixin.py:190} INFO - [2026-03-19T22:55:27.604+0000] {dagbag.py:588} INFO - Filling up the DagBag from /home/airflow/.local/lib/python3.12/site-packages/airflow/example_dags/example_inlet_event_extra.py
[2026-03-19T22:55:28.155+0000] {processor.py:925} INFO - DAG(s) 'read_dataset_event', 'read_dataset_event_from_classic' retrieved from /home/airflow/.local/lib/python3.12/site-packages/airflow/example_dags/example_inlet_event_extra.py
[2026-03-19T22:55:28.170+0000] {logging_mixin.py:190} INFO - [2026-03-19T22:55:28.170+0000] {dag.py:3239} INFO - Sync 2 DAGs
[2026-03-19T22:55:28.190+0000] {logging_mixin.py:190} INFO - [2026-03-19T22:55:28.190+0000] {dag.py:4180} INFO - Setting next_dagrun for read_dataset_event to 2026-03-18 00:00:00+00:00, run_after=2026-03-19 00:00:00+00:00
[2026-03-19T22:55:28.194+0000] {logging_mixin.py:190} INFO - [2026-03-19T22:55:28.194+0000] {dag.py:4180} INFO - Setting next_dagrun for read_dataset_event_from_classic to 2026-03-18 00:00:00+00:00, run_after=2026-03-19 00:00:00+00:00
[2026-03-19T22:55:28.214+0000] {processor.py:208} INFO - Processing /home/airflow/.local/lib/python3.12/site-packages/airflow/example_dags/example_inlet_event_extra.py took 0.618 seconds
