[2026-03-19T22:36:51.570+0000] {processor.py:186} INFO - Started process (PID=64) to work on /home/airflow/.local/lib/python3.12/site-packages/airflow/example_dags/example_branch_labels.py
[2026-03-19T22:36:51.571+0000] {processor.py:914} INFO - Processing file /home/airflow/.local/lib/python3.12/site-packages/airflow/example_dags/example_branch_labels.py for tasks to queue
[2026-03-19T22:36:51.573+0000] {logging_mixin.py:190} INFO - [2026-03-19T22:36:51.573+0000] {dagbag.py:588} INFO - Filling up the DagBag from /home/airflow/.local/lib/python3.12/site-packages/airflow/example_dags/example_branch_labels.py
[2026-03-19T22:36:51.583+0000] {processor.py:925} INFO - DAG(s) 'example_branch_labels' retrieved from /home/airflow/.local/lib/python3.12/site-packages/airflow/example_dags/example_branch_labels.py
[2026-03-19T22:36:51.751+0000] {logging_mixin.py:190} INFO - [2026-03-19T22:36:51.751+0000] {override.py:1911} INFO - Created Permission View: can read on DAG:example_branch_labels
[2026-03-19T22:36:51.771+0000] {logging_mixin.py:190} INFO - [2026-03-19T22:36:51.771+0000] {override.py:1911} INFO - Created Permission View: can delete on DAG:example_branch_labels
[2026-03-19T22:36:51.789+0000] {logging_mixin.py:190} INFO - [2026-03-19T22:36:51.788+0000] {override.py:1911} INFO - Created Permission View: can edit on DAG:example_branch_labels
[2026-03-19T22:36:51.829+0000] {logging_mixin.py:190} INFO - [2026-03-19T22:36:51.828+0000] {override.py:1911} INFO - Created Permission View: can read on DAG Run:example_branch_labels
[2026-03-19T22:36:51.850+0000] {logging_mixin.py:190} INFO - [2026-03-19T22:36:51.849+0000] {override.py:1911} INFO - Created Permission View: can create on DAG Run:example_branch_labels
[2026-03-19T22:36:51.871+0000] {logging_mixin.py:190} INFO - [2026-03-19T22:36:51.871+0000] {override.py:1911} INFO - Created Permission View: menu access on DAG Run:example_branch_labels
[2026-03-19T22:36:51.888+0000] {logging_mixin.py:190} INFO - [2026-03-19T22:36:51.887+0000] {override.py:1911} INFO - Created Permission View: can delete on DAG Run:example_branch_labels
[2026-03-19T22:36:51.888+0000] {logging_mixin.py:190} INFO - [2026-03-19T22:36:51.888+0000] {dag.py:3239} INFO - Sync 1 DAGs
[2026-03-19T22:36:51.906+0000] {logging_mixin.py:190} INFO - [2026-03-19T22:36:51.905+0000] {dag.py:3262} INFO - Creating ORM DAG for example_branch_labels
[2026-03-19T22:36:51.930+0000] {logging_mixin.py:190} INFO - [2026-03-19T22:36:51.930+0000] {dag.py:4180} INFO - Setting next_dagrun for example_branch_labels to 2026-03-18 00:00:00+00:00, run_after=2026-03-19 00:00:00+00:00
[2026-03-19T22:36:51.972+0000] {processor.py:208} INFO - Processing /home/airflow/.local/lib/python3.12/site-packages/airflow/example_dags/example_branch_labels.py took 0.407 seconds
[2026-03-19T22:37:39.145+0000] {processor.py:186} INFO - Started process (PID=122) to work on /home/airflow/.local/lib/python3.12/site-packages/airflow/example_dags/example_branch_labels.py
[2026-03-19T22:37:39.149+0000] {processor.py:914} INFO - Processing file /home/airflow/.local/lib/python3.12/site-packages/airflow/example_dags/example_branch_labels.py for tasks to queue
[2026-03-19T22:37:39.188+0000] {logging_mixin.py:190} INFO - [2026-03-19T22:37:39.183+0000] {dagbag.py:588} INFO - Filling up the DagBag from /home/airflow/.local/lib/python3.12/site-packages/airflow/example_dags/example_branch_labels.py
[2026-03-19T22:37:39.295+0000] {processor.py:925} INFO - DAG(s) 'example_branch_labels' retrieved from /home/airflow/.local/lib/python3.12/site-packages/airflow/example_dags/example_branch_labels.py
[2026-03-19T22:37:39.389+0000] {logging_mixin.py:190} INFO - [2026-03-19T22:37:39.386+0000] {dag.py:3239} INFO - Sync 1 DAGs
[2026-03-19T22:37:39.520+0000] {logging_mixin.py:190} INFO - [2026-03-19T22:37:39.519+0000] {dag.py:4180} INFO - Setting next_dagrun for example_branch_labels to 2026-03-18 00:00:00+00:00, run_after=2026-03-19 00:00:00+00:00
[2026-03-19T22:37:39.801+0000] {processor.py:208} INFO - Processing /home/airflow/.local/lib/python3.12/site-packages/airflow/example_dags/example_branch_labels.py took 0.715 seconds
[2026-03-19T22:41:53.772+0000] {processor.py:186} INFO - Started process (PID=180) to work on /home/airflow/.local/lib/python3.12/site-packages/airflow/example_dags/example_branch_labels.py
[2026-03-19T22:41:54.095+0000] {processor.py:914} INFO - Processing file /home/airflow/.local/lib/python3.12/site-packages/airflow/example_dags/example_branch_labels.py for tasks to queue
[2026-03-19T22:41:54.415+0000] {logging_mixin.py:190} INFO - [2026-03-19T22:41:54.382+0000] {dagbag.py:588} INFO - Filling up the DagBag from /home/airflow/.local/lib/python3.12/site-packages/airflow/example_dags/example_branch_labels.py
[2026-03-19T22:41:55.489+0000] {processor.py:925} INFO - DAG(s) 'example_branch_labels' retrieved from /home/airflow/.local/lib/python3.12/site-packages/airflow/example_dags/example_branch_labels.py
[2026-03-19T22:41:57.649+0000] {logging_mixin.py:190} INFO - [2026-03-19T22:41:57.511+0000] {dag.py:3239} INFO - Sync 1 DAGs
[2026-03-19T22:42:00.589+0000] {logging_mixin.py:190} INFO - [2026-03-19T22:42:00.558+0000] {dag.py:4180} INFO - Setting next_dagrun for example_branch_labels to 2026-03-18 00:00:00+00:00, run_after=2026-03-19 00:00:00+00:00
[2026-03-19T22:42:00.888+0000] {processor.py:208} INFO - Processing /home/airflow/.local/lib/python3.12/site-packages/airflow/example_dags/example_branch_labels.py took 9.170 seconds
[2026-03-19T22:47:40.333+0000] {processor.py:186} INFO - Started process (PID=64) to work on /home/airflow/.local/lib/python3.12/site-packages/airflow/example_dags/example_branch_labels.py
[2026-03-19T22:47:40.335+0000] {processor.py:914} INFO - Processing file /home/airflow/.local/lib/python3.12/site-packages/airflow/example_dags/example_branch_labels.py for tasks to queue
[2026-03-19T22:47:40.337+0000] {logging_mixin.py:190} INFO - [2026-03-19T22:47:40.337+0000] {dagbag.py:588} INFO - Filling up the DagBag from /home/airflow/.local/lib/python3.12/site-packages/airflow/example_dags/example_branch_labels.py
[2026-03-19T22:47:40.345+0000] {processor.py:925} INFO - DAG(s) 'example_branch_labels' retrieved from /home/airflow/.local/lib/python3.12/site-packages/airflow/example_dags/example_branch_labels.py
[2026-03-19T22:47:40.449+0000] {logging_mixin.py:190} INFO - [2026-03-19T22:47:40.449+0000] {override.py:1911} INFO - Created Permission View: can delete on DAG:example_branch_labels
[2026-03-19T22:47:40.461+0000] {logging_mixin.py:190} INFO - [2026-03-19T22:47:40.461+0000] {override.py:1911} INFO - Created Permission View: can edit on DAG:example_branch_labels
[2026-03-19T22:47:40.471+0000] {logging_mixin.py:190} INFO - [2026-03-19T22:47:40.471+0000] {override.py:1911} INFO - Created Permission View: can read on DAG:example_branch_labels
[2026-03-19T22:47:40.488+0000] {logging_mixin.py:190} INFO - [2026-03-19T22:47:40.488+0000] {override.py:1911} INFO - Created Permission View: can create on DAG Run:example_branch_labels
[2026-03-19T22:47:40.500+0000] {logging_mixin.py:190} INFO - [2026-03-19T22:47:40.499+0000] {override.py:1911} INFO - Created Permission View: can delete on DAG Run:example_branch_labels
[2026-03-19T22:47:40.511+0000] {logging_mixin.py:190} INFO - [2026-03-19T22:47:40.511+0000] {override.py:1911} INFO - Created Permission View: menu access on DAG Run:example_branch_labels
[2026-03-19T22:47:40.525+0000] {logging_mixin.py:190} INFO - [2026-03-19T22:47:40.525+0000] {override.py:1911} INFO - Created Permission View: can read on DAG Run:example_branch_labels
[2026-03-19T22:47:40.526+0000] {logging_mixin.py:190} INFO - [2026-03-19T22:47:40.526+0000] {dag.py:3239} INFO - Sync 1 DAGs
[2026-03-19T22:47:40.536+0000] {logging_mixin.py:190} INFO - [2026-03-19T22:47:40.536+0000] {dag.py:3262} INFO - Creating ORM DAG for example_branch_labels
[2026-03-19T22:47:40.545+0000] {logging_mixin.py:190} INFO - [2026-03-19T22:47:40.545+0000] {dag.py:4180} INFO - Setting next_dagrun for example_branch_labels to 2026-03-18 00:00:00+00:00, run_after=2026-03-19 00:00:00+00:00
[2026-03-19T22:47:40.563+0000] {processor.py:208} INFO - Processing /home/airflow/.local/lib/python3.12/site-packages/airflow/example_dags/example_branch_labels.py took 0.235 seconds
[2026-03-19T22:48:11.987+0000] {processor.py:186} INFO - Started process (PID=122) to work on /home/airflow/.local/lib/python3.12/site-packages/airflow/example_dags/example_branch_labels.py
[2026-03-19T22:48:11.987+0000] {processor.py:914} INFO - Processing file /home/airflow/.local/lib/python3.12/site-packages/airflow/example_dags/example_branch_labels.py for tasks to queue
[2026-03-19T22:48:11.989+0000] {logging_mixin.py:190} INFO - [2026-03-19T22:48:11.989+0000] {dagbag.py:588} INFO - Filling up the DagBag from /home/airflow/.local/lib/python3.12/site-packages/airflow/example_dags/example_branch_labels.py
[2026-03-19T22:48:11.998+0000] {processor.py:925} INFO - DAG(s) 'example_branch_labels' retrieved from /home/airflow/.local/lib/python3.12/site-packages/airflow/example_dags/example_branch_labels.py
[2026-03-19T22:48:12.015+0000] {logging_mixin.py:190} INFO - [2026-03-19T22:48:12.015+0000] {dag.py:3239} INFO - Sync 1 DAGs
[2026-03-19T22:48:12.035+0000] {logging_mixin.py:190} INFO - [2026-03-19T22:48:12.035+0000] {dag.py:4180} INFO - Setting next_dagrun for example_branch_labels to 2026-03-18 00:00:00+00:00, run_after=2026-03-19 00:00:00+00:00
[2026-03-19T22:48:12.052+0000] {processor.py:208} INFO - Processing /home/airflow/.local/lib/python3.12/site-packages/airflow/example_dags/example_branch_labels.py took 0.071 seconds
[2026-03-19T22:48:42.921+0000] {processor.py:186} INFO - Started process (PID=180) to work on /home/airflow/.local/lib/python3.12/site-packages/airflow/example_dags/example_branch_labels.py
[2026-03-19T22:48:42.922+0000] {processor.py:914} INFO - Processing file /home/airflow/.local/lib/python3.12/site-packages/airflow/example_dags/example_branch_labels.py for tasks to queue
[2026-03-19T22:48:42.924+0000] {logging_mixin.py:190} INFO - [2026-03-19T22:48:42.924+0000] {dagbag.py:588} INFO - Filling up the DagBag from /home/airflow/.local/lib/python3.12/site-packages/airflow/example_dags/example_branch_labels.py
[2026-03-19T22:48:42.932+0000] {processor.py:925} INFO - DAG(s) 'example_branch_labels' retrieved from /home/airflow/.local/lib/python3.12/site-packages/airflow/example_dags/example_branch_labels.py
[2026-03-19T22:48:42.952+0000] {logging_mixin.py:190} INFO - [2026-03-19T22:48:42.952+0000] {dag.py:3239} INFO - Sync 1 DAGs
[2026-03-19T22:48:42.971+0000] {logging_mixin.py:190} INFO - [2026-03-19T22:48:42.971+0000] {dag.py:4180} INFO - Setting next_dagrun for example_branch_labels to 2026-03-18 00:00:00+00:00, run_after=2026-03-19 00:00:00+00:00
[2026-03-19T22:48:42.989+0000] {processor.py:208} INFO - Processing /home/airflow/.local/lib/python3.12/site-packages/airflow/example_dags/example_branch_labels.py took 0.072 seconds
[2026-03-19T22:49:13.641+0000] {processor.py:186} INFO - Started process (PID=238) to work on /home/airflow/.local/lib/python3.12/site-packages/airflow/example_dags/example_branch_labels.py
[2026-03-19T22:49:13.641+0000] {processor.py:914} INFO - Processing file /home/airflow/.local/lib/python3.12/site-packages/airflow/example_dags/example_branch_labels.py for tasks to queue
[2026-03-19T22:49:13.643+0000] {logging_mixin.py:190} INFO - [2026-03-19T22:49:13.643+0000] {dagbag.py:588} INFO - Filling up the DagBag from /home/airflow/.local/lib/python3.12/site-packages/airflow/example_dags/example_branch_labels.py
[2026-03-19T22:49:13.651+0000] {processor.py:925} INFO - DAG(s) 'example_branch_labels' retrieved from /home/airflow/.local/lib/python3.12/site-packages/airflow/example_dags/example_branch_labels.py
[2026-03-19T22:49:13.669+0000] {logging_mixin.py:190} INFO - [2026-03-19T22:49:13.668+0000] {dag.py:3239} INFO - Sync 1 DAGs
[2026-03-19T22:49:13.689+0000] {logging_mixin.py:190} INFO - [2026-03-19T22:49:13.689+0000] {dag.py:4180} INFO - Setting next_dagrun for example_branch_labels to 2026-03-18 00:00:00+00:00, run_after=2026-03-19 00:00:00+00:00
[2026-03-19T22:49:13.708+0000] {processor.py:208} INFO - Processing /home/airflow/.local/lib/python3.12/site-packages/airflow/example_dags/example_branch_labels.py took 0.072 seconds
[2026-03-19T22:49:44.990+0000] {processor.py:186} INFO - Started process (PID=296) to work on /home/airflow/.local/lib/python3.12/site-packages/airflow/example_dags/example_branch_labels.py
[2026-03-19T22:49:44.991+0000] {processor.py:914} INFO - Processing file /home/airflow/.local/lib/python3.12/site-packages/airflow/example_dags/example_branch_labels.py for tasks to queue
[2026-03-19T22:49:44.993+0000] {logging_mixin.py:190} INFO - [2026-03-19T22:49:44.992+0000] {dagbag.py:588} INFO - Filling up the DagBag from /home/airflow/.local/lib/python3.12/site-packages/airflow/example_dags/example_branch_labels.py
[2026-03-19T22:49:45.001+0000] {processor.py:925} INFO - DAG(s) 'example_branch_labels' retrieved from /home/airflow/.local/lib/python3.12/site-packages/airflow/example_dags/example_branch_labels.py
[2026-03-19T22:49:45.018+0000] {logging_mixin.py:190} INFO - [2026-03-19T22:49:45.018+0000] {dag.py:3239} INFO - Sync 1 DAGs
[2026-03-19T22:49:45.037+0000] {logging_mixin.py:190} INFO - [2026-03-19T22:49:45.037+0000] {dag.py:4180} INFO - Setting next_dagrun for example_branch_labels to 2026-03-18 00:00:00+00:00, run_after=2026-03-19 00:00:00+00:00
[2026-03-19T22:49:45.055+0000] {processor.py:208} INFO - Processing /home/airflow/.local/lib/python3.12/site-packages/airflow/example_dags/example_branch_labels.py took 0.070 seconds
[2026-03-19T22:50:15.614+0000] {processor.py:186} INFO - Started process (PID=356) to work on /home/airflow/.local/lib/python3.12/site-packages/airflow/example_dags/example_branch_labels.py
[2026-03-19T22:50:15.615+0000] {processor.py:914} INFO - Processing file /home/airflow/.local/lib/python3.12/site-packages/airflow/example_dags/example_branch_labels.py for tasks to queue
[2026-03-19T22:50:15.617+0000] {logging_mixin.py:190} INFO - [2026-03-19T22:50:15.617+0000] {dagbag.py:588} INFO - Filling up the DagBag from /home/airflow/.local/lib/python3.12/site-packages/airflow/example_dags/example_branch_labels.py
[2026-03-19T22:50:15.625+0000] {processor.py:925} INFO - DAG(s) 'example_branch_labels' retrieved from /home/airflow/.local/lib/python3.12/site-packages/airflow/example_dags/example_branch_labels.py
[2026-03-19T22:50:15.642+0000] {logging_mixin.py:190} INFO - [2026-03-19T22:50:15.642+0000] {dag.py:3239} INFO - Sync 1 DAGs
[2026-03-19T22:50:15.662+0000] {logging_mixin.py:190} INFO - [2026-03-19T22:50:15.662+0000] {dag.py:4180} INFO - Setting next_dagrun for example_branch_labels to 2026-03-18 00:00:00+00:00, run_after=2026-03-19 00:00:00+00:00
[2026-03-19T22:50:15.680+0000] {processor.py:208} INFO - Processing /home/airflow/.local/lib/python3.12/site-packages/airflow/example_dags/example_branch_labels.py took 0.070 seconds
[2026-03-19T22:50:46.852+0000] {processor.py:186} INFO - Started process (PID=414) to work on /home/airflow/.local/lib/python3.12/site-packages/airflow/example_dags/example_branch_labels.py
[2026-03-19T22:50:46.853+0000] {processor.py:914} INFO - Processing file /home/airflow/.local/lib/python3.12/site-packages/airflow/example_dags/example_branch_labels.py for tasks to queue
[2026-03-19T22:50:46.855+0000] {logging_mixin.py:190} INFO - [2026-03-19T22:50:46.855+0000] {dagbag.py:588} INFO - Filling up the DagBag from /home/airflow/.local/lib/python3.12/site-packages/airflow/example_dags/example_branch_labels.py
[2026-03-19T22:50:46.863+0000] {processor.py:925} INFO - DAG(s) 'example_branch_labels' retrieved from /home/airflow/.local/lib/python3.12/site-packages/airflow/example_dags/example_branch_labels.py
[2026-03-19T22:50:46.880+0000] {logging_mixin.py:190} INFO - [2026-03-19T22:50:46.880+0000] {dag.py:3239} INFO - Sync 1 DAGs
[2026-03-19T22:50:46.900+0000] {logging_mixin.py:190} INFO - [2026-03-19T22:50:46.900+0000] {dag.py:4180} INFO - Setting next_dagrun for example_branch_labels to 2026-03-18 00:00:00+00:00, run_after=2026-03-19 00:00:00+00:00
[2026-03-19T22:50:46.917+0000] {processor.py:208} INFO - Processing /home/airflow/.local/lib/python3.12/site-packages/airflow/example_dags/example_branch_labels.py took 0.070 seconds
[2026-03-19T22:51:17.458+0000] {processor.py:186} INFO - Started process (PID=472) to work on /home/airflow/.local/lib/python3.12/site-packages/airflow/example_dags/example_branch_labels.py
[2026-03-19T22:51:17.459+0000] {processor.py:914} INFO - Processing file /home/airflow/.local/lib/python3.12/site-packages/airflow/example_dags/example_branch_labels.py for tasks to queue
[2026-03-19T22:51:17.461+0000] {logging_mixin.py:190} INFO - [2026-03-19T22:51:17.460+0000] {dagbag.py:588} INFO - Filling up the DagBag from /home/airflow/.local/lib/python3.12/site-packages/airflow/example_dags/example_branch_labels.py
[2026-03-19T22:51:17.469+0000] {processor.py:925} INFO - DAG(s) 'example_branch_labels' retrieved from /home/airflow/.local/lib/python3.12/site-packages/airflow/example_dags/example_branch_labels.py
[2026-03-19T22:51:17.489+0000] {logging_mixin.py:190} INFO - [2026-03-19T22:51:17.488+0000] {dag.py:3239} INFO - Sync 1 DAGs
[2026-03-19T22:51:17.508+0000] {logging_mixin.py:190} INFO - [2026-03-19T22:51:17.508+0000] {dag.py:4180} INFO - Setting next_dagrun for example_branch_labels to 2026-03-18 00:00:00+00:00, run_after=2026-03-19 00:00:00+00:00
[2026-03-19T22:51:17.526+0000] {processor.py:208} INFO - Processing /home/airflow/.local/lib/python3.12/site-packages/airflow/example_dags/example_branch_labels.py took 0.073 seconds
[2026-03-19T22:51:48.098+0000] {processor.py:186} INFO - Started process (PID=530) to work on /home/airflow/.local/lib/python3.12/site-packages/airflow/example_dags/example_branch_labels.py
[2026-03-19T22:51:48.099+0000] {processor.py:914} INFO - Processing file /home/airflow/.local/lib/python3.12/site-packages/airflow/example_dags/example_branch_labels.py for tasks to queue
[2026-03-19T22:51:48.101+0000] {logging_mixin.py:190} INFO - [2026-03-19T22:51:48.101+0000] {dagbag.py:588} INFO - Filling up the DagBag from /home/airflow/.local/lib/python3.12/site-packages/airflow/example_dags/example_branch_labels.py
[2026-03-19T22:51:48.109+0000] {processor.py:925} INFO - DAG(s) 'example_branch_labels' retrieved from /home/airflow/.local/lib/python3.12/site-packages/airflow/example_dags/example_branch_labels.py
[2026-03-19T22:51:48.127+0000] {logging_mixin.py:190} INFO - [2026-03-19T22:51:48.127+0000] {dag.py:3239} INFO - Sync 1 DAGs
[2026-03-19T22:51:48.148+0000] {logging_mixin.py:190} INFO - [2026-03-19T22:51:48.147+0000] {dag.py:4180} INFO - Setting next_dagrun for example_branch_labels to 2026-03-18 00:00:00+00:00, run_after=2026-03-19 00:00:00+00:00
[2026-03-19T22:51:48.171+0000] {processor.py:208} INFO - Processing /home/airflow/.local/lib/python3.12/site-packages/airflow/example_dags/example_branch_labels.py took 0.077 seconds
[2026-03-19T22:52:18.787+0000] {processor.py:186} INFO - Started process (PID=588) to work on /home/airflow/.local/lib/python3.12/site-packages/airflow/example_dags/example_branch_labels.py
[2026-03-19T22:52:18.788+0000] {processor.py:914} INFO - Processing file /home/airflow/.local/lib/python3.12/site-packages/airflow/example_dags/example_branch_labels.py for tasks to queue
[2026-03-19T22:52:18.790+0000] {logging_mixin.py:190} INFO - [2026-03-19T22:52:18.790+0000] {dagbag.py:588} INFO - Filling up the DagBag from /home/airflow/.local/lib/python3.12/site-packages/airflow/example_dags/example_branch_labels.py
[2026-03-19T22:52:18.798+0000] {processor.py:925} INFO - DAG(s) 'example_branch_labels' retrieved from /home/airflow/.local/lib/python3.12/site-packages/airflow/example_dags/example_branch_labels.py
[2026-03-19T22:52:18.815+0000] {logging_mixin.py:190} INFO - [2026-03-19T22:52:18.815+0000] {dag.py:3239} INFO - Sync 1 DAGs
[2026-03-19T22:52:18.835+0000] {logging_mixin.py:190} INFO - [2026-03-19T22:52:18.834+0000] {dag.py:4180} INFO - Setting next_dagrun for example_branch_labels to 2026-03-18 00:00:00+00:00, run_after=2026-03-19 00:00:00+00:00
[2026-03-19T22:52:18.855+0000] {processor.py:208} INFO - Processing /home/airflow/.local/lib/python3.12/site-packages/airflow/example_dags/example_branch_labels.py took 0.073 seconds
[2026-03-19T22:52:50.278+0000] {processor.py:186} INFO - Started process (PID=646) to work on /home/airflow/.local/lib/python3.12/site-packages/airflow/example_dags/example_branch_labels.py
[2026-03-19T22:52:50.279+0000] {processor.py:914} INFO - Processing file /home/airflow/.local/lib/python3.12/site-packages/airflow/example_dags/example_branch_labels.py for tasks to queue
[2026-03-19T22:52:50.281+0000] {logging_mixin.py:190} INFO - [2026-03-19T22:52:50.281+0000] {dagbag.py:588} INFO - Filling up the DagBag from /home/airflow/.local/lib/python3.12/site-packages/airflow/example_dags/example_branch_labels.py
[2026-03-19T22:52:50.289+0000] {processor.py:925} INFO - DAG(s) 'example_branch_labels' retrieved from /home/airflow/.local/lib/python3.12/site-packages/airflow/example_dags/example_branch_labels.py
[2026-03-19T22:52:50.307+0000] {logging_mixin.py:190} INFO - [2026-03-19T22:52:50.307+0000] {dag.py:3239} INFO - Sync 1 DAGs
[2026-03-19T22:52:50.326+0000] {logging_mixin.py:190} INFO - [2026-03-19T22:52:50.326+0000] {dag.py:4180} INFO - Setting next_dagrun for example_branch_labels to 2026-03-18 00:00:00+00:00, run_after=2026-03-19 00:00:00+00:00
[2026-03-19T22:52:50.347+0000] {processor.py:208} INFO - Processing /home/airflow/.local/lib/python3.12/site-packages/airflow/example_dags/example_branch_labels.py took 0.074 seconds
[2026-03-19T22:53:21.743+0000] {processor.py:186} INFO - Started process (PID=704) to work on /home/airflow/.local/lib/python3.12/site-packages/airflow/example_dags/example_branch_labels.py
[2026-03-19T22:53:21.744+0000] {processor.py:914} INFO - Processing file /home/airflow/.local/lib/python3.12/site-packages/airflow/example_dags/example_branch_labels.py for tasks to queue
[2026-03-19T22:53:21.746+0000] {logging_mixin.py:190} INFO - [2026-03-19T22:53:21.746+0000] {dagbag.py:588} INFO - Filling up the DagBag from /home/airflow/.local/lib/python3.12/site-packages/airflow/example_dags/example_branch_labels.py
[2026-03-19T22:53:21.754+0000] {processor.py:925} INFO - DAG(s) 'example_branch_labels' retrieved from /home/airflow/.local/lib/python3.12/site-packages/airflow/example_dags/example_branch_labels.py
[2026-03-19T22:53:21.771+0000] {logging_mixin.py:190} INFO - [2026-03-19T22:53:21.771+0000] {dag.py:3239} INFO - Sync 1 DAGs
[2026-03-19T22:53:21.791+0000] {logging_mixin.py:190} INFO - [2026-03-19T22:53:21.791+0000] {dag.py:4180} INFO - Setting next_dagrun for example_branch_labels to 2026-03-18 00:00:00+00:00, run_after=2026-03-19 00:00:00+00:00
[2026-03-19T22:53:21.811+0000] {processor.py:208} INFO - Processing /home/airflow/.local/lib/python3.12/site-packages/airflow/example_dags/example_branch_labels.py took 0.073 seconds
[2026-03-19T22:53:53.048+0000] {processor.py:186} INFO - Started process (PID=762) to work on /home/airflow/.local/lib/python3.12/site-packages/airflow/example_dags/example_branch_labels.py
[2026-03-19T22:53:53.049+0000] {processor.py:914} INFO - Processing file /home/airflow/.local/lib/python3.12/site-packages/airflow/example_dags/example_branch_labels.py for tasks to queue
[2026-03-19T22:53:53.051+0000] {logging_mixin.py:190} INFO - [2026-03-19T22:53:53.051+0000] {dagbag.py:588} INFO - Filling up the DagBag from /home/airflow/.local/lib/python3.12/site-packages/airflow/example_dags/example_branch_labels.py
[2026-03-19T22:53:53.059+0000] {processor.py:925} INFO - DAG(s) 'example_branch_labels' retrieved from /home/airflow/.local/lib/python3.12/site-packages/airflow/example_dags/example_branch_labels.py
[2026-03-19T22:53:53.076+0000] {logging_mixin.py:190} INFO - [2026-03-19T22:53:53.076+0000] {dag.py:3239} INFO - Sync 1 DAGs
[2026-03-19T22:53:53.098+0000] {logging_mixin.py:190} INFO - [2026-03-19T22:53:53.098+0000] {dag.py:4180} INFO - Setting next_dagrun for example_branch_labels to 2026-03-18 00:00:00+00:00, run_after=2026-03-19 00:00:00+00:00
[2026-03-19T22:53:53.119+0000] {processor.py:208} INFO - Processing /home/airflow/.local/lib/python3.12/site-packages/airflow/example_dags/example_branch_labels.py took 0.076 seconds
[2026-03-19T22:54:24.620+0000] {processor.py:186} INFO - Started process (PID=820) to work on /home/airflow/.local/lib/python3.12/site-packages/airflow/example_dags/example_branch_labels.py
[2026-03-19T22:54:24.621+0000] {processor.py:914} INFO - Processing file /home/airflow/.local/lib/python3.12/site-packages/airflow/example_dags/example_branch_labels.py for tasks to queue
[2026-03-19T22:54:24.623+0000] {logging_mixin.py:190} INFO - [2026-03-19T22:54:24.623+0000] {dagbag.py:588} INFO - Filling up the DagBag from /home/airflow/.local/lib/python3.12/site-packages/airflow/example_dags/example_branch_labels.py
[2026-03-19T22:54:24.632+0000] {processor.py:925} INFO - DAG(s) 'example_branch_labels' retrieved from /home/airflow/.local/lib/python3.12/site-packages/airflow/example_dags/example_branch_labels.py
[2026-03-19T22:54:24.648+0000] {logging_mixin.py:190} INFO - [2026-03-19T22:54:24.648+0000] {dag.py:3239} INFO - Sync 1 DAGs
[2026-03-19T22:54:24.667+0000] {logging_mixin.py:190} INFO - [2026-03-19T22:54:24.667+0000] {dag.py:4180} INFO - Setting next_dagrun for example_branch_labels to 2026-03-18 00:00:00+00:00, run_after=2026-03-19 00:00:00+00:00
[2026-03-19T22:54:24.685+0000] {processor.py:208} INFO - Processing /home/airflow/.local/lib/python3.12/site-packages/airflow/example_dags/example_branch_labels.py took 0.070 seconds
[2026-03-19T22:54:55.882+0000] {processor.py:186} INFO - Started process (PID=878) to work on /home/airflow/.local/lib/python3.12/site-packages/airflow/example_dags/example_branch_labels.py
[2026-03-19T22:54:55.882+0000] {processor.py:914} INFO - Processing file /home/airflow/.local/lib/python3.12/site-packages/airflow/example_dags/example_branch_labels.py for tasks to queue
[2026-03-19T22:54:55.884+0000] {logging_mixin.py:190} INFO - [2026-03-19T22:54:55.884+0000] {dagbag.py:588} INFO - Filling up the DagBag from /home/airflow/.local/lib/python3.12/site-packages/airflow/example_dags/example_branch_labels.py
[2026-03-19T22:54:55.892+0000] {processor.py:925} INFO - DAG(s) 'example_branch_labels' retrieved from /home/airflow/.local/lib/python3.12/site-packages/airflow/example_dags/example_branch_labels.py
[2026-03-19T22:54:55.910+0000] {logging_mixin.py:190} INFO - [2026-03-19T22:54:55.909+0000] {dag.py:3239} INFO - Sync 1 DAGs
[2026-03-19T22:54:55.929+0000] {logging_mixin.py:190} INFO - [2026-03-19T22:54:55.929+0000] {dag.py:4180} INFO - Setting next_dagrun for example_branch_labels to 2026-03-18 00:00:00+00:00, run_after=2026-03-19 00:00:00+00:00
[2026-03-19T22:54:55.947+0000] {processor.py:208} INFO - Processing /home/airflow/.local/lib/python3.12/site-packages/airflow/example_dags/example_branch_labels.py took 0.070 seconds
[2026-03-19T22:55:27.101+0000] {processor.py:186} INFO - Started process (PID=936) to work on /home/airflow/.local/lib/python3.12/site-packages/airflow/example_dags/example_branch_labels.py
[2026-03-19T22:55:27.102+0000] {processor.py:914} INFO - Processing file /home/airflow/.local/lib/python3.12/site-packages/airflow/example_dags/example_branch_labels.py for tasks to queue
[2026-03-19T22:55:27.104+0000] {logging_mixin.py:190} INFO - [2026-03-19T22:55:27.103+0000] {dagbag.py:588} INFO - Filling up the DagBag from /home/airflow/.local/lib/python3.12/site-packages/airflow/example_dags/example_branch_labels.py
[2026-03-19T22:55:27.112+0000] {processor.py:925} INFO - DAG(s) 'example_branch_labels' retrieved from /home/airflow/.local/lib/python3.12/site-packages/airflow/example_dags/example_branch_labels.py
[2026-03-19T22:55:27.132+0000] {logging_mixin.py:190} INFO - [2026-03-19T22:55:27.132+0000] {dag.py:3239} INFO - Sync 1 DAGs
[2026-03-19T22:55:27.155+0000] {logging_mixin.py:190} INFO - [2026-03-19T22:55:27.155+0000] {dag.py:4180} INFO - Setting next_dagrun for example_branch_labels to 2026-03-18 00:00:00+00:00, run_after=2026-03-19 00:00:00+00:00
[2026-03-19T22:55:27.173+0000] {processor.py:208} INFO - Processing /home/airflow/.local/lib/python3.12/site-packages/airflow/example_dags/example_branch_labels.py took 0.078 seconds
