[2026-03-19T22:36:40.477+0000] {processor.py:186} INFO - Started process (PID=49) to work on /home/airflow/.local/lib/python3.12/site-packages/airflow/example_dags/example_short_circuit_operator.py
[2026-03-19T22:36:40.478+0000] {processor.py:914} INFO - Processing file /home/airflow/.local/lib/python3.12/site-packages/airflow/example_dags/example_short_circuit_operator.py for tasks to queue
[2026-03-19T22:36:40.480+0000] {logging_mixin.py:190} INFO - [2026-03-19T22:36:40.480+0000] {dagbag.py:588} INFO - Filling up the DagBag from /home/airflow/.local/lib/python3.12/site-packages/airflow/example_dags/example_short_circuit_operator.py
[2026-03-19T22:36:40.493+0000] {processor.py:925} INFO - DAG(s) 'example_short_circuit_operator' retrieved from /home/airflow/.local/lib/python3.12/site-packages/airflow/example_dags/example_short_circuit_operator.py
[2026-03-19T22:36:40.653+0000] {logging_mixin.py:190} INFO - [2026-03-19T22:36:40.652+0000] {override.py:1911} INFO - Created Permission View: can read on DAG:example_short_circuit_operator
[2026-03-19T22:36:40.688+0000] {logging_mixin.py:190} INFO - [2026-03-19T22:36:40.688+0000] {override.py:1911} INFO - Created Permission View: can delete on DAG:example_short_circuit_operator
[2026-03-19T22:36:40.740+0000] {logging_mixin.py:190} INFO - [2026-03-19T22:36:40.739+0000] {override.py:1911} INFO - Created Permission View: can edit on DAG:example_short_circuit_operator
[2026-03-19T22:36:40.866+0000] {logging_mixin.py:190} INFO - [2026-03-19T22:36:40.866+0000] {override.py:1911} INFO - Created Permission View: can read on DAG Run:example_short_circuit_operator
[2026-03-19T22:36:40.940+0000] {logging_mixin.py:190} INFO - [2026-03-19T22:36:40.939+0000] {override.py:1911} INFO - Created Permission View: can create on DAG Run:example_short_circuit_operator
[2026-03-19T22:36:40.985+0000] {logging_mixin.py:190} INFO - [2026-03-19T22:36:40.984+0000] {override.py:1911} INFO - Created Permission View: menu access on DAG Run:example_short_circuit_operator
[2026-03-19T22:36:41.075+0000] {logging_mixin.py:190} INFO - [2026-03-19T22:36:41.074+0000] {override.py:1911} INFO - Created Permission View: can delete on DAG Run:example_short_circuit_operator
[2026-03-19T22:36:41.075+0000] {logging_mixin.py:190} INFO - [2026-03-19T22:36:41.075+0000] {dag.py:3239} INFO - Sync 1 DAGs
[2026-03-19T22:36:41.089+0000] {logging_mixin.py:190} INFO - [2026-03-19T22:36:41.089+0000] {dag.py:3262} INFO - Creating ORM DAG for example_short_circuit_operator
[2026-03-19T22:36:41.090+0000] {logging_mixin.py:190} INFO - [2026-03-19T22:36:41.090+0000] {dag.py:4180} INFO - Setting next_dagrun for example_short_circuit_operator to None, run_after=None
[2026-03-19T22:36:41.176+0000] {processor.py:208} INFO - Processing /home/airflow/.local/lib/python3.12/site-packages/airflow/example_dags/example_short_circuit_operator.py took 0.704 seconds
[2026-03-19T22:37:12.155+0000] {processor.py:186} INFO - Started process (PID=107) to work on /home/airflow/.local/lib/python3.12/site-packages/airflow/example_dags/example_short_circuit_operator.py
[2026-03-19T22:37:12.157+0000] {processor.py:914} INFO - Processing file /home/airflow/.local/lib/python3.12/site-packages/airflow/example_dags/example_short_circuit_operator.py for tasks to queue
[2026-03-19T22:37:12.165+0000] {logging_mixin.py:190} INFO - [2026-03-19T22:37:12.165+0000] {dagbag.py:588} INFO - Filling up the DagBag from /home/airflow/.local/lib/python3.12/site-packages/airflow/example_dags/example_short_circuit_operator.py
[2026-03-19T22:37:12.182+0000] {processor.py:925} INFO - DAG(s) 'example_short_circuit_operator' retrieved from /home/airflow/.local/lib/python3.12/site-packages/airflow/example_dags/example_short_circuit_operator.py
[2026-03-19T22:37:12.241+0000] {logging_mixin.py:190} INFO - [2026-03-19T22:37:12.240+0000] {dag.py:3239} INFO - Sync 1 DAGs
[2026-03-19T22:37:12.272+0000] {logging_mixin.py:190} INFO - [2026-03-19T22:37:12.271+0000] {dag.py:4180} INFO - Setting next_dagrun for example_short_circuit_operator to None, run_after=None
[2026-03-19T22:37:12.314+0000] {processor.py:208} INFO - Processing /home/airflow/.local/lib/python3.12/site-packages/airflow/example_dags/example_short_circuit_operator.py took 0.170 seconds
[2026-03-19T22:40:45.059+0000] {processor.py:186} INFO - Started process (PID=165) to work on /home/airflow/.local/lib/python3.12/site-packages/airflow/example_dags/example_short_circuit_operator.py
[2026-03-19T22:40:45.061+0000] {processor.py:914} INFO - Processing file /home/airflow/.local/lib/python3.12/site-packages/airflow/example_dags/example_short_circuit_operator.py for tasks to queue
[2026-03-19T22:40:45.064+0000] {logging_mixin.py:190} INFO - [2026-03-19T22:40:45.063+0000] {dagbag.py:588} INFO - Filling up the DagBag from /home/airflow/.local/lib/python3.12/site-packages/airflow/example_dags/example_short_circuit_operator.py
[2026-03-19T22:40:45.076+0000] {processor.py:925} INFO - DAG(s) 'example_short_circuit_operator' retrieved from /home/airflow/.local/lib/python3.12/site-packages/airflow/example_dags/example_short_circuit_operator.py
[2026-03-19T22:40:45.110+0000] {logging_mixin.py:190} INFO - [2026-03-19T22:40:45.110+0000] {dag.py:3239} INFO - Sync 1 DAGs
[2026-03-19T22:40:45.130+0000] {logging_mixin.py:190} INFO - [2026-03-19T22:40:45.130+0000] {dag.py:4180} INFO - Setting next_dagrun for example_short_circuit_operator to None, run_after=None
[2026-03-19T22:40:45.161+0000] {processor.py:208} INFO - Processing /home/airflow/.local/lib/python3.12/site-packages/airflow/example_dags/example_short_circuit_operator.py took 0.110 seconds
[2026-03-19T22:45:16.557+0000] {processor.py:186} INFO - Started process (PID=200) to work on /home/airflow/.local/lib/python3.12/site-packages/airflow/example_dags/example_short_circuit_operator.py
[2026-03-19T22:45:16.850+0000] {processor.py:914} INFO - Processing file /home/airflow/.local/lib/python3.12/site-packages/airflow/example_dags/example_short_circuit_operator.py for tasks to queue
[2026-03-19T22:45:17.055+0000] {logging_mixin.py:190} INFO - [2026-03-19T22:45:16.997+0000] {dagbag.py:588} INFO - Filling up the DagBag from /home/airflow/.local/lib/python3.12/site-packages/airflow/example_dags/example_short_circuit_operator.py
[2026-03-19T22:45:18.153+0000] {processor.py:925} INFO - DAG(s) 'example_short_circuit_operator' retrieved from /home/airflow/.local/lib/python3.12/site-packages/airflow/example_dags/example_short_circuit_operator.py
[2026-03-19T22:45:20.460+0000] {logging_mixin.py:190} INFO - [2026-03-19T22:45:20.400+0000] {dag.py:3239} INFO - Sync 1 DAGs
[2026-03-19T22:45:21.910+0000] {logging_mixin.py:190} INFO - [2026-03-19T22:45:21.880+0000] {dag.py:4180} INFO - Setting next_dagrun for example_short_circuit_operator to None, run_after=None
[2026-03-19T22:45:23.511+0000] {processor.py:208} INFO - Processing /home/airflow/.local/lib/python3.12/site-packages/airflow/example_dags/example_short_circuit_operator.py took 7.916 seconds
[2026-03-19T22:47:36.466+0000] {processor.py:186} INFO - Started process (PID=49) to work on /home/airflow/.local/lib/python3.12/site-packages/airflow/example_dags/example_short_circuit_operator.py
[2026-03-19T22:47:36.468+0000] {processor.py:914} INFO - Processing file /home/airflow/.local/lib/python3.12/site-packages/airflow/example_dags/example_short_circuit_operator.py for tasks to queue
[2026-03-19T22:47:36.470+0000] {logging_mixin.py:190} INFO - [2026-03-19T22:47:36.470+0000] {dagbag.py:588} INFO - Filling up the DagBag from /home/airflow/.local/lib/python3.12/site-packages/airflow/example_dags/example_short_circuit_operator.py
[2026-03-19T22:47:36.478+0000] {processor.py:925} INFO - DAG(s) 'example_short_circuit_operator' retrieved from /home/airflow/.local/lib/python3.12/site-packages/airflow/example_dags/example_short_circuit_operator.py
[2026-03-19T22:47:36.580+0000] {logging_mixin.py:190} INFO - [2026-03-19T22:47:36.580+0000] {override.py:1911} INFO - Created Permission View: can delete on DAG:example_short_circuit_operator
[2026-03-19T22:47:36.593+0000] {logging_mixin.py:190} INFO - [2026-03-19T22:47:36.593+0000] {override.py:1911} INFO - Created Permission View: can edit on DAG:example_short_circuit_operator
[2026-03-19T22:47:36.604+0000] {logging_mixin.py:190} INFO - [2026-03-19T22:47:36.604+0000] {override.py:1911} INFO - Created Permission View: can read on DAG:example_short_circuit_operator
[2026-03-19T22:47:36.629+0000] {logging_mixin.py:190} INFO - [2026-03-19T22:47:36.629+0000] {override.py:1911} INFO - Created Permission View: can create on DAG Run:example_short_circuit_operator
[2026-03-19T22:47:36.641+0000] {logging_mixin.py:190} INFO - [2026-03-19T22:47:36.641+0000] {override.py:1911} INFO - Created Permission View: can delete on DAG Run:example_short_circuit_operator
[2026-03-19T22:47:36.653+0000] {logging_mixin.py:190} INFO - [2026-03-19T22:47:36.652+0000] {override.py:1911} INFO - Created Permission View: menu access on DAG Run:example_short_circuit_operator
[2026-03-19T22:47:36.662+0000] {logging_mixin.py:190} INFO - [2026-03-19T22:47:36.662+0000] {override.py:1911} INFO - Created Permission View: can read on DAG Run:example_short_circuit_operator
[2026-03-19T22:47:36.663+0000] {logging_mixin.py:190} INFO - [2026-03-19T22:47:36.662+0000] {dag.py:3239} INFO - Sync 1 DAGs
[2026-03-19T22:47:36.674+0000] {logging_mixin.py:190} INFO - [2026-03-19T22:47:36.673+0000] {dag.py:3262} INFO - Creating ORM DAG for example_short_circuit_operator
[2026-03-19T22:47:36.674+0000] {logging_mixin.py:190} INFO - [2026-03-19T22:47:36.674+0000] {dag.py:4180} INFO - Setting next_dagrun for example_short_circuit_operator to None, run_after=None
[2026-03-19T22:47:36.691+0000] {processor.py:208} INFO - Processing /home/airflow/.local/lib/python3.12/site-packages/airflow/example_dags/example_short_circuit_operator.py took 0.230 seconds
[2026-03-19T22:48:06.935+0000] {processor.py:186} INFO - Started process (PID=107) to work on /home/airflow/.local/lib/python3.12/site-packages/airflow/example_dags/example_short_circuit_operator.py
[2026-03-19T22:48:06.936+0000] {processor.py:914} INFO - Processing file /home/airflow/.local/lib/python3.12/site-packages/airflow/example_dags/example_short_circuit_operator.py for tasks to queue
[2026-03-19T22:48:06.938+0000] {logging_mixin.py:190} INFO - [2026-03-19T22:48:06.938+0000] {dagbag.py:588} INFO - Filling up the DagBag from /home/airflow/.local/lib/python3.12/site-packages/airflow/example_dags/example_short_circuit_operator.py
[2026-03-19T22:48:06.945+0000] {processor.py:925} INFO - DAG(s) 'example_short_circuit_operator' retrieved from /home/airflow/.local/lib/python3.12/site-packages/airflow/example_dags/example_short_circuit_operator.py
[2026-03-19T22:48:06.964+0000] {logging_mixin.py:190} INFO - [2026-03-19T22:48:06.963+0000] {dag.py:3239} INFO - Sync 1 DAGs
[2026-03-19T22:48:06.978+0000] {logging_mixin.py:190} INFO - [2026-03-19T22:48:06.978+0000] {dag.py:4180} INFO - Setting next_dagrun for example_short_circuit_operator to None, run_after=None
[2026-03-19T22:48:07.019+0000] {processor.py:208} INFO - Processing /home/airflow/.local/lib/python3.12/site-packages/airflow/example_dags/example_short_circuit_operator.py took 0.089 seconds
[2026-03-19T22:48:37.613+0000] {processor.py:186} INFO - Started process (PID=165) to work on /home/airflow/.local/lib/python3.12/site-packages/airflow/example_dags/example_short_circuit_operator.py
[2026-03-19T22:48:37.614+0000] {processor.py:914} INFO - Processing file /home/airflow/.local/lib/python3.12/site-packages/airflow/example_dags/example_short_circuit_operator.py for tasks to queue
[2026-03-19T22:48:37.616+0000] {logging_mixin.py:190} INFO - [2026-03-19T22:48:37.616+0000] {dagbag.py:588} INFO - Filling up the DagBag from /home/airflow/.local/lib/python3.12/site-packages/airflow/example_dags/example_short_circuit_operator.py
[2026-03-19T22:48:37.623+0000] {processor.py:925} INFO - DAG(s) 'example_short_circuit_operator' retrieved from /home/airflow/.local/lib/python3.12/site-packages/airflow/example_dags/example_short_circuit_operator.py
[2026-03-19T22:48:37.642+0000] {logging_mixin.py:190} INFO - [2026-03-19T22:48:37.641+0000] {dag.py:3239} INFO - Sync 1 DAGs
[2026-03-19T22:48:37.653+0000] {logging_mixin.py:190} INFO - [2026-03-19T22:48:37.653+0000] {dag.py:4180} INFO - Setting next_dagrun for example_short_circuit_operator to None, run_after=None
[2026-03-19T22:48:37.675+0000] {processor.py:208} INFO - Processing /home/airflow/.local/lib/python3.12/site-packages/airflow/example_dags/example_short_circuit_operator.py took 0.067 seconds
[2026-03-19T22:49:08.200+0000] {processor.py:186} INFO - Started process (PID=223) to work on /home/airflow/.local/lib/python3.12/site-packages/airflow/example_dags/example_short_circuit_operator.py
[2026-03-19T22:49:08.201+0000] {processor.py:914} INFO - Processing file /home/airflow/.local/lib/python3.12/site-packages/airflow/example_dags/example_short_circuit_operator.py for tasks to queue
[2026-03-19T22:49:08.203+0000] {logging_mixin.py:190} INFO - [2026-03-19T22:49:08.202+0000] {dagbag.py:588} INFO - Filling up the DagBag from /home/airflow/.local/lib/python3.12/site-packages/airflow/example_dags/example_short_circuit_operator.py
[2026-03-19T22:49:08.210+0000] {processor.py:925} INFO - DAG(s) 'example_short_circuit_operator' retrieved from /home/airflow/.local/lib/python3.12/site-packages/airflow/example_dags/example_short_circuit_operator.py
[2026-03-19T22:49:08.229+0000] {logging_mixin.py:190} INFO - [2026-03-19T22:49:08.229+0000] {dag.py:3239} INFO - Sync 1 DAGs
[2026-03-19T22:49:08.241+0000] {logging_mixin.py:190} INFO - [2026-03-19T22:49:08.241+0000] {dag.py:4180} INFO - Setting next_dagrun for example_short_circuit_operator to None, run_after=None
[2026-03-19T22:49:08.262+0000] {processor.py:208} INFO - Processing /home/airflow/.local/lib/python3.12/site-packages/airflow/example_dags/example_short_circuit_operator.py took 0.068 seconds
[2026-03-19T22:49:38.743+0000] {processor.py:186} INFO - Started process (PID=281) to work on /home/airflow/.local/lib/python3.12/site-packages/airflow/example_dags/example_short_circuit_operator.py
[2026-03-19T22:49:38.744+0000] {processor.py:914} INFO - Processing file /home/airflow/.local/lib/python3.12/site-packages/airflow/example_dags/example_short_circuit_operator.py for tasks to queue
[2026-03-19T22:49:38.746+0000] {logging_mixin.py:190} INFO - [2026-03-19T22:49:38.746+0000] {dagbag.py:588} INFO - Filling up the DagBag from /home/airflow/.local/lib/python3.12/site-packages/airflow/example_dags/example_short_circuit_operator.py
[2026-03-19T22:49:38.753+0000] {processor.py:925} INFO - DAG(s) 'example_short_circuit_operator' retrieved from /home/airflow/.local/lib/python3.12/site-packages/airflow/example_dags/example_short_circuit_operator.py
[2026-03-19T22:49:38.771+0000] {logging_mixin.py:190} INFO - [2026-03-19T22:49:38.771+0000] {dag.py:3239} INFO - Sync 1 DAGs
[2026-03-19T22:49:38.783+0000] {logging_mixin.py:190} INFO - [2026-03-19T22:49:38.783+0000] {dag.py:4180} INFO - Setting next_dagrun for example_short_circuit_operator to None, run_after=None
[2026-03-19T22:49:38.805+0000] {processor.py:208} INFO - Processing /home/airflow/.local/lib/python3.12/site-packages/airflow/example_dags/example_short_circuit_operator.py took 0.066 seconds
[2026-03-19T22:50:09.056+0000] {processor.py:186} INFO - Started process (PID=339) to work on /home/airflow/.local/lib/python3.12/site-packages/airflow/example_dags/example_short_circuit_operator.py
[2026-03-19T22:50:09.057+0000] {processor.py:914} INFO - Processing file /home/airflow/.local/lib/python3.12/site-packages/airflow/example_dags/example_short_circuit_operator.py for tasks to queue
[2026-03-19T22:50:09.059+0000] {logging_mixin.py:190} INFO - [2026-03-19T22:50:09.058+0000] {dagbag.py:588} INFO - Filling up the DagBag from /home/airflow/.local/lib/python3.12/site-packages/airflow/example_dags/example_short_circuit_operator.py
[2026-03-19T22:50:09.066+0000] {processor.py:925} INFO - DAG(s) 'example_short_circuit_operator' retrieved from /home/airflow/.local/lib/python3.12/site-packages/airflow/example_dags/example_short_circuit_operator.py
[2026-03-19T22:50:09.084+0000] {logging_mixin.py:190} INFO - [2026-03-19T22:50:09.084+0000] {dag.py:3239} INFO - Sync 1 DAGs
[2026-03-19T22:50:09.097+0000] {logging_mixin.py:190} INFO - [2026-03-19T22:50:09.096+0000] {dag.py:4180} INFO - Setting next_dagrun for example_short_circuit_operator to None, run_after=None
[2026-03-19T22:50:09.114+0000] {processor.py:208} INFO - Processing /home/airflow/.local/lib/python3.12/site-packages/airflow/example_dags/example_short_circuit_operator.py took 0.063 seconds
[2026-03-19T22:50:39.511+0000] {processor.py:186} INFO - Started process (PID=399) to work on /home/airflow/.local/lib/python3.12/site-packages/airflow/example_dags/example_short_circuit_operator.py
[2026-03-19T22:50:39.512+0000] {processor.py:914} INFO - Processing file /home/airflow/.local/lib/python3.12/site-packages/airflow/example_dags/example_short_circuit_operator.py for tasks to queue
[2026-03-19T22:50:39.514+0000] {logging_mixin.py:190} INFO - [2026-03-19T22:50:39.514+0000] {dagbag.py:588} INFO - Filling up the DagBag from /home/airflow/.local/lib/python3.12/site-packages/airflow/example_dags/example_short_circuit_operator.py
[2026-03-19T22:50:39.522+0000] {processor.py:925} INFO - DAG(s) 'example_short_circuit_operator' retrieved from /home/airflow/.local/lib/python3.12/site-packages/airflow/example_dags/example_short_circuit_operator.py
[2026-03-19T22:50:39.540+0000] {logging_mixin.py:190} INFO - [2026-03-19T22:50:39.540+0000] {dag.py:3239} INFO - Sync 1 DAGs
[2026-03-19T22:50:39.554+0000] {logging_mixin.py:190} INFO - [2026-03-19T22:50:39.554+0000] {dag.py:4180} INFO - Setting next_dagrun for example_short_circuit_operator to None, run_after=None
[2026-03-19T22:50:39.581+0000] {processor.py:208} INFO - Processing /home/airflow/.local/lib/python3.12/site-packages/airflow/example_dags/example_short_circuit_operator.py took 0.075 seconds
[2026-03-19T22:51:10.118+0000] {processor.py:186} INFO - Started process (PID=457) to work on /home/airflow/.local/lib/python3.12/site-packages/airflow/example_dags/example_short_circuit_operator.py
[2026-03-19T22:51:10.119+0000] {processor.py:914} INFO - Processing file /home/airflow/.local/lib/python3.12/site-packages/airflow/example_dags/example_short_circuit_operator.py for tasks to queue
[2026-03-19T22:51:10.121+0000] {logging_mixin.py:190} INFO - [2026-03-19T22:51:10.121+0000] {dagbag.py:588} INFO - Filling up the DagBag from /home/airflow/.local/lib/python3.12/site-packages/airflow/example_dags/example_short_circuit_operator.py
[2026-03-19T22:51:10.128+0000] {processor.py:925} INFO - DAG(s) 'example_short_circuit_operator' retrieved from /home/airflow/.local/lib/python3.12/site-packages/airflow/example_dags/example_short_circuit_operator.py
[2026-03-19T22:51:10.150+0000] {logging_mixin.py:190} INFO - [2026-03-19T22:51:10.149+0000] {dag.py:3239} INFO - Sync 1 DAGs
[2026-03-19T22:51:10.162+0000] {logging_mixin.py:190} INFO - [2026-03-19T22:51:10.162+0000] {dag.py:4180} INFO - Setting next_dagrun for example_short_circuit_operator to None, run_after=None
[2026-03-19T22:51:10.187+0000] {processor.py:208} INFO - Processing /home/airflow/.local/lib/python3.12/site-packages/airflow/example_dags/example_short_circuit_operator.py took 0.074 seconds
[2026-03-19T22:51:40.928+0000] {processor.py:186} INFO - Started process (PID=515) to work on /home/airflow/.local/lib/python3.12/site-packages/airflow/example_dags/example_short_circuit_operator.py
[2026-03-19T22:51:40.929+0000] {processor.py:914} INFO - Processing file /home/airflow/.local/lib/python3.12/site-packages/airflow/example_dags/example_short_circuit_operator.py for tasks to queue
[2026-03-19T22:51:40.931+0000] {logging_mixin.py:190} INFO - [2026-03-19T22:51:40.930+0000] {dagbag.py:588} INFO - Filling up the DagBag from /home/airflow/.local/lib/python3.12/site-packages/airflow/example_dags/example_short_circuit_operator.py
[2026-03-19T22:51:40.938+0000] {processor.py:925} INFO - DAG(s) 'example_short_circuit_operator' retrieved from /home/airflow/.local/lib/python3.12/site-packages/airflow/example_dags/example_short_circuit_operator.py
[2026-03-19T22:51:40.957+0000] {logging_mixin.py:190} INFO - [2026-03-19T22:51:40.956+0000] {dag.py:3239} INFO - Sync 1 DAGs
[2026-03-19T22:51:40.968+0000] {logging_mixin.py:190} INFO - [2026-03-19T22:51:40.968+0000] {dag.py:4180} INFO - Setting next_dagrun for example_short_circuit_operator to None, run_after=None
[2026-03-19T22:51:40.990+0000] {processor.py:208} INFO - Processing /home/airflow/.local/lib/python3.12/site-packages/airflow/example_dags/example_short_circuit_operator.py took 0.067 seconds
[2026-03-19T22:52:11.512+0000] {processor.py:186} INFO - Started process (PID=573) to work on /home/airflow/.local/lib/python3.12/site-packages/airflow/example_dags/example_short_circuit_operator.py
[2026-03-19T22:52:11.513+0000] {processor.py:914} INFO - Processing file /home/airflow/.local/lib/python3.12/site-packages/airflow/example_dags/example_short_circuit_operator.py for tasks to queue
[2026-03-19T22:52:11.515+0000] {logging_mixin.py:190} INFO - [2026-03-19T22:52:11.515+0000] {dagbag.py:588} INFO - Filling up the DagBag from /home/airflow/.local/lib/python3.12/site-packages/airflow/example_dags/example_short_circuit_operator.py
[2026-03-19T22:52:11.523+0000] {processor.py:925} INFO - DAG(s) 'example_short_circuit_operator' retrieved from /home/airflow/.local/lib/python3.12/site-packages/airflow/example_dags/example_short_circuit_operator.py
[2026-03-19T22:52:11.552+0000] {logging_mixin.py:190} INFO - [2026-03-19T22:52:11.552+0000] {dag.py:3239} INFO - Sync 1 DAGs
[2026-03-19T22:52:11.568+0000] {logging_mixin.py:190} INFO - [2026-03-19T22:52:11.568+0000] {dag.py:4180} INFO - Setting next_dagrun for example_short_circuit_operator to None, run_after=None
[2026-03-19T22:52:11.589+0000] {processor.py:208} INFO - Processing /home/airflow/.local/lib/python3.12/site-packages/airflow/example_dags/example_short_circuit_operator.py took 0.083 seconds
[2026-03-19T22:52:41.960+0000] {processor.py:186} INFO - Started process (PID=631) to work on /home/airflow/.local/lib/python3.12/site-packages/airflow/example_dags/example_short_circuit_operator.py
[2026-03-19T22:52:41.961+0000] {processor.py:914} INFO - Processing file /home/airflow/.local/lib/python3.12/site-packages/airflow/example_dags/example_short_circuit_operator.py for tasks to queue
[2026-03-19T22:52:41.962+0000] {logging_mixin.py:190} INFO - [2026-03-19T22:52:41.962+0000] {dagbag.py:588} INFO - Filling up the DagBag from /home/airflow/.local/lib/python3.12/site-packages/airflow/example_dags/example_short_circuit_operator.py
[2026-03-19T22:52:41.970+0000] {processor.py:925} INFO - DAG(s) 'example_short_circuit_operator' retrieved from /home/airflow/.local/lib/python3.12/site-packages/airflow/example_dags/example_short_circuit_operator.py
[2026-03-19T22:52:41.988+0000] {logging_mixin.py:190} INFO - [2026-03-19T22:52:41.988+0000] {dag.py:3239} INFO - Sync 1 DAGs
[2026-03-19T22:52:42.000+0000] {logging_mixin.py:190} INFO - [2026-03-19T22:52:42.000+0000] {dag.py:4180} INFO - Setting next_dagrun for example_short_circuit_operator to None, run_after=None
[2026-03-19T22:52:42.022+0000] {processor.py:208} INFO - Processing /home/airflow/.local/lib/python3.12/site-packages/airflow/example_dags/example_short_circuit_operator.py took 0.067 seconds
[2026-03-19T22:53:12.314+0000] {processor.py:186} INFO - Started process (PID=689) to work on /home/airflow/.local/lib/python3.12/site-packages/airflow/example_dags/example_short_circuit_operator.py
[2026-03-19T22:53:12.315+0000] {processor.py:914} INFO - Processing file /home/airflow/.local/lib/python3.12/site-packages/airflow/example_dags/example_short_circuit_operator.py for tasks to queue
[2026-03-19T22:53:12.317+0000] {logging_mixin.py:190} INFO - [2026-03-19T22:53:12.317+0000] {dagbag.py:588} INFO - Filling up the DagBag from /home/airflow/.local/lib/python3.12/site-packages/airflow/example_dags/example_short_circuit_operator.py
[2026-03-19T22:53:12.324+0000] {processor.py:925} INFO - DAG(s) 'example_short_circuit_operator' retrieved from /home/airflow/.local/lib/python3.12/site-packages/airflow/example_dags/example_short_circuit_operator.py
[2026-03-19T22:53:12.342+0000] {logging_mixin.py:190} INFO - [2026-03-19T22:53:12.342+0000] {dag.py:3239} INFO - Sync 1 DAGs
[2026-03-19T22:53:12.355+0000] {logging_mixin.py:190} INFO - [2026-03-19T22:53:12.354+0000] {dag.py:4180} INFO - Setting next_dagrun for example_short_circuit_operator to None, run_after=None
[2026-03-19T22:53:12.377+0000] {processor.py:208} INFO - Processing /home/airflow/.local/lib/python3.12/site-packages/airflow/example_dags/example_short_circuit_operator.py took 0.068 seconds
[2026-03-19T22:53:42.772+0000] {processor.py:186} INFO - Started process (PID=747) to work on /home/airflow/.local/lib/python3.12/site-packages/airflow/example_dags/example_short_circuit_operator.py
[2026-03-19T22:53:42.773+0000] {processor.py:914} INFO - Processing file /home/airflow/.local/lib/python3.12/site-packages/airflow/example_dags/example_short_circuit_operator.py for tasks to queue
[2026-03-19T22:53:42.775+0000] {logging_mixin.py:190} INFO - [2026-03-19T22:53:42.775+0000] {dagbag.py:588} INFO - Filling up the DagBag from /home/airflow/.local/lib/python3.12/site-packages/airflow/example_dags/example_short_circuit_operator.py
[2026-03-19T22:53:42.782+0000] {processor.py:925} INFO - DAG(s) 'example_short_circuit_operator' retrieved from /home/airflow/.local/lib/python3.12/site-packages/airflow/example_dags/example_short_circuit_operator.py
[2026-03-19T22:53:42.800+0000] {logging_mixin.py:190} INFO - [2026-03-19T22:53:42.800+0000] {dag.py:3239} INFO - Sync 1 DAGs
[2026-03-19T22:53:42.812+0000] {logging_mixin.py:190} INFO - [2026-03-19T22:53:42.812+0000] {dag.py:4180} INFO - Setting next_dagrun for example_short_circuit_operator to None, run_after=None
[2026-03-19T22:53:42.839+0000] {processor.py:208} INFO - Processing /home/airflow/.local/lib/python3.12/site-packages/airflow/example_dags/example_short_circuit_operator.py took 0.072 seconds
[2026-03-19T22:54:13.224+0000] {processor.py:186} INFO - Started process (PID=805) to work on /home/airflow/.local/lib/python3.12/site-packages/airflow/example_dags/example_short_circuit_operator.py
[2026-03-19T22:54:13.225+0000] {processor.py:914} INFO - Processing file /home/airflow/.local/lib/python3.12/site-packages/airflow/example_dags/example_short_circuit_operator.py for tasks to queue
[2026-03-19T22:54:13.227+0000] {logging_mixin.py:190} INFO - [2026-03-19T22:54:13.227+0000] {dagbag.py:588} INFO - Filling up the DagBag from /home/airflow/.local/lib/python3.12/site-packages/airflow/example_dags/example_short_circuit_operator.py
[2026-03-19T22:54:13.234+0000] {processor.py:925} INFO - DAG(s) 'example_short_circuit_operator' retrieved from /home/airflow/.local/lib/python3.12/site-packages/airflow/example_dags/example_short_circuit_operator.py
[2026-03-19T22:54:13.252+0000] {logging_mixin.py:190} INFO - [2026-03-19T22:54:13.252+0000] {dag.py:3239} INFO - Sync 1 DAGs
[2026-03-19T22:54:13.264+0000] {logging_mixin.py:190} INFO - [2026-03-19T22:54:13.264+0000] {dag.py:4180} INFO - Setting next_dagrun for example_short_circuit_operator to None, run_after=None
[2026-03-19T22:54:13.283+0000] {processor.py:208} INFO - Processing /home/airflow/.local/lib/python3.12/site-packages/airflow/example_dags/example_short_circuit_operator.py took 0.064 seconds
[2026-03-19T22:54:43.480+0000] {processor.py:186} INFO - Started process (PID=863) to work on /home/airflow/.local/lib/python3.12/site-packages/airflow/example_dags/example_short_circuit_operator.py
[2026-03-19T22:54:43.481+0000] {processor.py:914} INFO - Processing file /home/airflow/.local/lib/python3.12/site-packages/airflow/example_dags/example_short_circuit_operator.py for tasks to queue
[2026-03-19T22:54:43.483+0000] {logging_mixin.py:190} INFO - [2026-03-19T22:54:43.483+0000] {dagbag.py:588} INFO - Filling up the DagBag from /home/airflow/.local/lib/python3.12/site-packages/airflow/example_dags/example_short_circuit_operator.py
[2026-03-19T22:54:43.491+0000] {processor.py:925} INFO - DAG(s) 'example_short_circuit_operator' retrieved from /home/airflow/.local/lib/python3.12/site-packages/airflow/example_dags/example_short_circuit_operator.py
[2026-03-19T22:54:43.510+0000] {logging_mixin.py:190} INFO - [2026-03-19T22:54:43.510+0000] {dag.py:3239} INFO - Sync 1 DAGs
[2026-03-19T22:54:43.522+0000] {logging_mixin.py:190} INFO - [2026-03-19T22:54:43.522+0000] {dag.py:4180} INFO - Setting next_dagrun for example_short_circuit_operator to None, run_after=None
[2026-03-19T22:54:43.557+0000] {processor.py:208} INFO - Processing /home/airflow/.local/lib/python3.12/site-packages/airflow/example_dags/example_short_circuit_operator.py took 0.082 seconds
[2026-03-19T22:55:13.787+0000] {processor.py:186} INFO - Started process (PID=921) to work on /home/airflow/.local/lib/python3.12/site-packages/airflow/example_dags/example_short_circuit_operator.py
[2026-03-19T22:55:13.788+0000] {processor.py:914} INFO - Processing file /home/airflow/.local/lib/python3.12/site-packages/airflow/example_dags/example_short_circuit_operator.py for tasks to queue
[2026-03-19T22:55:13.790+0000] {logging_mixin.py:190} INFO - [2026-03-19T22:55:13.789+0000] {dagbag.py:588} INFO - Filling up the DagBag from /home/airflow/.local/lib/python3.12/site-packages/airflow/example_dags/example_short_circuit_operator.py
[2026-03-19T22:55:13.797+0000] {processor.py:925} INFO - DAG(s) 'example_short_circuit_operator' retrieved from /home/airflow/.local/lib/python3.12/site-packages/airflow/example_dags/example_short_circuit_operator.py
[2026-03-19T22:55:13.816+0000] {logging_mixin.py:190} INFO - [2026-03-19T22:55:13.816+0000] {dag.py:3239} INFO - Sync 1 DAGs
[2026-03-19T22:55:13.828+0000] {logging_mixin.py:190} INFO - [2026-03-19T22:55:13.828+0000] {dag.py:4180} INFO - Setting next_dagrun for example_short_circuit_operator to None, run_after=None
[2026-03-19T22:55:13.847+0000] {processor.py:208} INFO - Processing /home/airflow/.local/lib/python3.12/site-packages/airflow/example_dags/example_short_circuit_operator.py took 0.065 seconds
