[2026-03-19T22:37:03.703+0000] {processor.py:186} INFO - Started process (PID=86) to work on /home/airflow/.local/lib/python3.12/site-packages/airflow/example_dags/example_sensors.py
[2026-03-19T22:37:03.706+0000] {processor.py:914} INFO - Processing file /home/airflow/.local/lib/python3.12/site-packages/airflow/example_dags/example_sensors.py for tasks to queue
[2026-03-19T22:37:03.710+0000] {logging_mixin.py:190} INFO - [2026-03-19T22:37:03.709+0000] {dagbag.py:588} INFO - Filling up the DagBag from /home/airflow/.local/lib/python3.12/site-packages/airflow/example_dags/example_sensors.py
[2026-03-19T22:37:03.747+0000] {processor.py:925} INFO - DAG(s) 'example_sensors' retrieved from /home/airflow/.local/lib/python3.12/site-packages/airflow/example_dags/example_sensors.py
[2026-03-19T22:37:04.055+0000] {logging_mixin.py:190} INFO - [2026-03-19T22:37:04.053+0000] {override.py:1911} INFO - Created Permission View: can read on DAG:example_sensors
[2026-03-19T22:37:04.075+0000] {logging_mixin.py:190} INFO - [2026-03-19T22:37:04.075+0000] {override.py:1911} INFO - Created Permission View: can delete on DAG:example_sensors
[2026-03-19T22:37:04.099+0000] {logging_mixin.py:190} INFO - [2026-03-19T22:37:04.098+0000] {override.py:1911} INFO - Created Permission View: can edit on DAG:example_sensors
[2026-03-19T22:37:04.125+0000] {logging_mixin.py:190} INFO - [2026-03-19T22:37:04.125+0000] {override.py:1911} INFO - Created Permission View: can read on DAG Run:example_sensors
[2026-03-19T22:37:04.143+0000] {logging_mixin.py:190} INFO - [2026-03-19T22:37:04.143+0000] {override.py:1911} INFO - Created Permission View: can create on DAG Run:example_sensors
[2026-03-19T22:37:04.172+0000] {logging_mixin.py:190} INFO - [2026-03-19T22:37:04.172+0000] {override.py:1911} INFO - Created Permission View: menu access on DAG Run:example_sensors
[2026-03-19T22:37:04.187+0000] {logging_mixin.py:190} INFO - [2026-03-19T22:37:04.187+0000] {override.py:1911} INFO - Created Permission View: can delete on DAG Run:example_sensors
[2026-03-19T22:37:04.188+0000] {logging_mixin.py:190} INFO - [2026-03-19T22:37:04.188+0000] {dag.py:3239} INFO - Sync 1 DAGs
[2026-03-19T22:37:04.214+0000] {logging_mixin.py:190} INFO - [2026-03-19T22:37:04.213+0000] {dag.py:3262} INFO - Creating ORM DAG for example_sensors
[2026-03-19T22:37:04.215+0000] {logging_mixin.py:190} INFO - [2026-03-19T22:37:04.215+0000] {dag.py:4180} INFO - Setting next_dagrun for example_sensors to None, run_after=None
[2026-03-19T22:37:04.260+0000] {processor.py:208} INFO - Processing /home/airflow/.local/lib/python3.12/site-packages/airflow/example_dags/example_sensors.py took 0.572 seconds
[2026-03-19T22:40:41.368+0000] {processor.py:186} INFO - Started process (PID=144) to work on /home/airflow/.local/lib/python3.12/site-packages/airflow/example_dags/example_sensors.py
[2026-03-19T22:40:41.376+0000] {processor.py:914} INFO - Processing file /home/airflow/.local/lib/python3.12/site-packages/airflow/example_dags/example_sensors.py for tasks to queue
[2026-03-19T22:40:41.490+0000] {logging_mixin.py:190} INFO - [2026-03-19T22:40:41.471+0000] {dagbag.py:588} INFO - Filling up the DagBag from /home/airflow/.local/lib/python3.12/site-packages/airflow/example_dags/example_sensors.py
[2026-03-19T22:40:41.693+0000] {processor.py:925} INFO - DAG(s) 'example_sensors' retrieved from /home/airflow/.local/lib/python3.12/site-packages/airflow/example_dags/example_sensors.py
[2026-03-19T22:40:42.005+0000] {logging_mixin.py:190} INFO - [2026-03-19T22:40:42.004+0000] {dag.py:3239} INFO - Sync 1 DAGs
[2026-03-19T22:40:42.078+0000] {logging_mixin.py:190} INFO - [2026-03-19T22:40:42.078+0000] {dag.py:4180} INFO - Setting next_dagrun for example_sensors to None, run_after=None
[2026-03-19T22:40:42.126+0000] {processor.py:208} INFO - Processing /home/airflow/.local/lib/python3.12/site-packages/airflow/example_dags/example_sensors.py took 0.842 seconds
[2026-03-19T22:47:44.676+0000] {processor.py:186} INFO - Started process (PID=86) to work on /home/airflow/.local/lib/python3.12/site-packages/airflow/example_dags/example_sensors.py
[2026-03-19T22:47:44.678+0000] {processor.py:914} INFO - Processing file /home/airflow/.local/lib/python3.12/site-packages/airflow/example_dags/example_sensors.py for tasks to queue
[2026-03-19T22:47:44.680+0000] {logging_mixin.py:190} INFO - [2026-03-19T22:47:44.680+0000] {dagbag.py:588} INFO - Filling up the DagBag from /home/airflow/.local/lib/python3.12/site-packages/airflow/example_dags/example_sensors.py
[2026-03-19T22:47:44.692+0000] {processor.py:925} INFO - DAG(s) 'example_sensors' retrieved from /home/airflow/.local/lib/python3.12/site-packages/airflow/example_dags/example_sensors.py
[2026-03-19T22:47:44.804+0000] {logging_mixin.py:190} INFO - [2026-03-19T22:47:44.804+0000] {override.py:1911} INFO - Created Permission View: can delete on DAG:example_sensors
[2026-03-19T22:47:44.816+0000] {logging_mixin.py:190} INFO - [2026-03-19T22:47:44.815+0000] {override.py:1911} INFO - Created Permission View: can edit on DAG:example_sensors
[2026-03-19T22:47:44.826+0000] {logging_mixin.py:190} INFO - [2026-03-19T22:47:44.826+0000] {override.py:1911} INFO - Created Permission View: can read on DAG:example_sensors
[2026-03-19T22:47:44.847+0000] {logging_mixin.py:190} INFO - [2026-03-19T22:47:44.846+0000] {override.py:1911} INFO - Created Permission View: can create on DAG Run:example_sensors
[2026-03-19T22:47:44.858+0000] {logging_mixin.py:190} INFO - [2026-03-19T22:47:44.858+0000] {override.py:1911} INFO - Created Permission View: can delete on DAG Run:example_sensors
[2026-03-19T22:47:44.868+0000] {logging_mixin.py:190} INFO - [2026-03-19T22:47:44.868+0000] {override.py:1911} INFO - Created Permission View: menu access on DAG Run:example_sensors
[2026-03-19T22:47:44.878+0000] {logging_mixin.py:190} INFO - [2026-03-19T22:47:44.878+0000] {override.py:1911} INFO - Created Permission View: can read on DAG Run:example_sensors
[2026-03-19T22:47:44.878+0000] {logging_mixin.py:190} INFO - [2026-03-19T22:47:44.878+0000] {dag.py:3239} INFO - Sync 1 DAGs
[2026-03-19T22:47:44.890+0000] {logging_mixin.py:190} INFO - [2026-03-19T22:47:44.889+0000] {dag.py:3262} INFO - Creating ORM DAG for example_sensors
[2026-03-19T22:47:44.890+0000] {logging_mixin.py:190} INFO - [2026-03-19T22:47:44.890+0000] {dag.py:4180} INFO - Setting next_dagrun for example_sensors to None, run_after=None
[2026-03-19T22:47:44.910+0000] {processor.py:208} INFO - Processing /home/airflow/.local/lib/python3.12/site-packages/airflow/example_dags/example_sensors.py took 0.238 seconds
[2026-03-19T22:48:15.450+0000] {processor.py:186} INFO - Started process (PID=144) to work on /home/airflow/.local/lib/python3.12/site-packages/airflow/example_dags/example_sensors.py
[2026-03-19T22:48:15.451+0000] {processor.py:914} INFO - Processing file /home/airflow/.local/lib/python3.12/site-packages/airflow/example_dags/example_sensors.py for tasks to queue
[2026-03-19T22:48:15.453+0000] {logging_mixin.py:190} INFO - [2026-03-19T22:48:15.452+0000] {dagbag.py:588} INFO - Filling up the DagBag from /home/airflow/.local/lib/python3.12/site-packages/airflow/example_dags/example_sensors.py
[2026-03-19T22:48:15.461+0000] {processor.py:925} INFO - DAG(s) 'example_sensors' retrieved from /home/airflow/.local/lib/python3.12/site-packages/airflow/example_dags/example_sensors.py
[2026-03-19T22:48:15.484+0000] {logging_mixin.py:190} INFO - [2026-03-19T22:48:15.484+0000] {dag.py:3239} INFO - Sync 1 DAGs
[2026-03-19T22:48:15.496+0000] {logging_mixin.py:190} INFO - [2026-03-19T22:48:15.495+0000] {dag.py:4180} INFO - Setting next_dagrun for example_sensors to None, run_after=None
[2026-03-19T22:48:15.517+0000] {processor.py:208} INFO - Processing /home/airflow/.local/lib/python3.12/site-packages/airflow/example_dags/example_sensors.py took 0.072 seconds
[2026-03-19T22:48:45.998+0000] {processor.py:186} INFO - Started process (PID=202) to work on /home/airflow/.local/lib/python3.12/site-packages/airflow/example_dags/example_sensors.py
[2026-03-19T22:48:45.999+0000] {processor.py:914} INFO - Processing file /home/airflow/.local/lib/python3.12/site-packages/airflow/example_dags/example_sensors.py for tasks to queue
[2026-03-19T22:48:46.001+0000] {logging_mixin.py:190} INFO - [2026-03-19T22:48:46.001+0000] {dagbag.py:588} INFO - Filling up the DagBag from /home/airflow/.local/lib/python3.12/site-packages/airflow/example_dags/example_sensors.py
[2026-03-19T22:48:46.010+0000] {processor.py:925} INFO - DAG(s) 'example_sensors' retrieved from /home/airflow/.local/lib/python3.12/site-packages/airflow/example_dags/example_sensors.py
[2026-03-19T22:48:46.031+0000] {logging_mixin.py:190} INFO - [2026-03-19T22:48:46.031+0000] {dag.py:3239} INFO - Sync 1 DAGs
[2026-03-19T22:48:46.043+0000] {logging_mixin.py:190} INFO - [2026-03-19T22:48:46.043+0000] {dag.py:4180} INFO - Setting next_dagrun for example_sensors to None, run_after=None
[2026-03-19T22:48:46.061+0000] {processor.py:208} INFO - Processing /home/airflow/.local/lib/python3.12/site-packages/airflow/example_dags/example_sensors.py took 0.068 seconds
[2026-03-19T22:49:16.569+0000] {processor.py:186} INFO - Started process (PID=260) to work on /home/airflow/.local/lib/python3.12/site-packages/airflow/example_dags/example_sensors.py
[2026-03-19T22:49:16.570+0000] {processor.py:914} INFO - Processing file /home/airflow/.local/lib/python3.12/site-packages/airflow/example_dags/example_sensors.py for tasks to queue
[2026-03-19T22:49:16.572+0000] {logging_mixin.py:190} INFO - [2026-03-19T22:49:16.572+0000] {dagbag.py:588} INFO - Filling up the DagBag from /home/airflow/.local/lib/python3.12/site-packages/airflow/example_dags/example_sensors.py
[2026-03-19T22:49:16.582+0000] {processor.py:925} INFO - DAG(s) 'example_sensors' retrieved from /home/airflow/.local/lib/python3.12/site-packages/airflow/example_dags/example_sensors.py
[2026-03-19T22:49:16.603+0000] {logging_mixin.py:190} INFO - [2026-03-19T22:49:16.603+0000] {dag.py:3239} INFO - Sync 1 DAGs
[2026-03-19T22:49:16.615+0000] {logging_mixin.py:190} INFO - [2026-03-19T22:49:16.615+0000] {dag.py:4180} INFO - Setting next_dagrun for example_sensors to None, run_after=None
[2026-03-19T22:49:16.635+0000] {processor.py:208} INFO - Processing /home/airflow/.local/lib/python3.12/site-packages/airflow/example_dags/example_sensors.py took 0.071 seconds
[2026-03-19T22:49:46.872+0000] {processor.py:186} INFO - Started process (PID=318) to work on /home/airflow/.local/lib/python3.12/site-packages/airflow/example_dags/example_sensors.py
[2026-03-19T22:49:46.873+0000] {processor.py:914} INFO - Processing file /home/airflow/.local/lib/python3.12/site-packages/airflow/example_dags/example_sensors.py for tasks to queue
[2026-03-19T22:49:46.875+0000] {logging_mixin.py:190} INFO - [2026-03-19T22:49:46.875+0000] {dagbag.py:588} INFO - Filling up the DagBag from /home/airflow/.local/lib/python3.12/site-packages/airflow/example_dags/example_sensors.py
[2026-03-19T22:49:46.884+0000] {processor.py:925} INFO - DAG(s) 'example_sensors' retrieved from /home/airflow/.local/lib/python3.12/site-packages/airflow/example_dags/example_sensors.py
[2026-03-19T22:49:46.905+0000] {logging_mixin.py:190} INFO - [2026-03-19T22:49:46.905+0000] {dag.py:3239} INFO - Sync 1 DAGs
[2026-03-19T22:49:46.916+0000] {logging_mixin.py:190} INFO - [2026-03-19T22:49:46.916+0000] {dag.py:4180} INFO - Setting next_dagrun for example_sensors to None, run_after=None
[2026-03-19T22:49:46.938+0000] {processor.py:208} INFO - Processing /home/airflow/.local/lib/python3.12/site-packages/airflow/example_dags/example_sensors.py took 0.071 seconds
[2026-03-19T22:50:17.347+0000] {processor.py:186} INFO - Started process (PID=378) to work on /home/airflow/.local/lib/python3.12/site-packages/airflow/example_dags/example_sensors.py
[2026-03-19T22:50:17.348+0000] {processor.py:914} INFO - Processing file /home/airflow/.local/lib/python3.12/site-packages/airflow/example_dags/example_sensors.py for tasks to queue
[2026-03-19T22:50:17.350+0000] {logging_mixin.py:190} INFO - [2026-03-19T22:50:17.350+0000] {dagbag.py:588} INFO - Filling up the DagBag from /home/airflow/.local/lib/python3.12/site-packages/airflow/example_dags/example_sensors.py
[2026-03-19T22:50:17.359+0000] {processor.py:925} INFO - DAG(s) 'example_sensors' retrieved from /home/airflow/.local/lib/python3.12/site-packages/airflow/example_dags/example_sensors.py
[2026-03-19T22:50:17.381+0000] {logging_mixin.py:190} INFO - [2026-03-19T22:50:17.381+0000] {dag.py:3239} INFO - Sync 1 DAGs
[2026-03-19T22:50:17.393+0000] {logging_mixin.py:190} INFO - [2026-03-19T22:50:17.392+0000] {dag.py:4180} INFO - Setting next_dagrun for example_sensors to None, run_after=None
[2026-03-19T22:50:17.411+0000] {processor.py:208} INFO - Processing /home/airflow/.local/lib/python3.12/site-packages/airflow/example_dags/example_sensors.py took 0.068 seconds
[2026-03-19T22:50:48.613+0000] {processor.py:186} INFO - Started process (PID=436) to work on /home/airflow/.local/lib/python3.12/site-packages/airflow/example_dags/example_sensors.py
[2026-03-19T22:50:48.614+0000] {processor.py:914} INFO - Processing file /home/airflow/.local/lib/python3.12/site-packages/airflow/example_dags/example_sensors.py for tasks to queue
[2026-03-19T22:50:48.616+0000] {logging_mixin.py:190} INFO - [2026-03-19T22:50:48.615+0000] {dagbag.py:588} INFO - Filling up the DagBag from /home/airflow/.local/lib/python3.12/site-packages/airflow/example_dags/example_sensors.py
[2026-03-19T22:50:48.625+0000] {processor.py:925} INFO - DAG(s) 'example_sensors' retrieved from /home/airflow/.local/lib/python3.12/site-packages/airflow/example_dags/example_sensors.py
[2026-03-19T22:50:48.647+0000] {logging_mixin.py:190} INFO - [2026-03-19T22:50:48.647+0000] {dag.py:3239} INFO - Sync 1 DAGs
[2026-03-19T22:50:48.659+0000] {logging_mixin.py:190} INFO - [2026-03-19T22:50:48.659+0000] {dag.py:4180} INFO - Setting next_dagrun for example_sensors to None, run_after=None
[2026-03-19T22:50:48.678+0000] {processor.py:208} INFO - Processing /home/airflow/.local/lib/python3.12/site-packages/airflow/example_dags/example_sensors.py took 0.071 seconds
[2026-03-19T22:51:19.584+0000] {processor.py:186} INFO - Started process (PID=494) to work on /home/airflow/.local/lib/python3.12/site-packages/airflow/example_dags/example_sensors.py
[2026-03-19T22:51:19.585+0000] {processor.py:914} INFO - Processing file /home/airflow/.local/lib/python3.12/site-packages/airflow/example_dags/example_sensors.py for tasks to queue
[2026-03-19T22:51:19.587+0000] {logging_mixin.py:190} INFO - [2026-03-19T22:51:19.587+0000] {dagbag.py:588} INFO - Filling up the DagBag from /home/airflow/.local/lib/python3.12/site-packages/airflow/example_dags/example_sensors.py
[2026-03-19T22:51:19.596+0000] {processor.py:925} INFO - DAG(s) 'example_sensors' retrieved from /home/airflow/.local/lib/python3.12/site-packages/airflow/example_dags/example_sensors.py
[2026-03-19T22:51:19.618+0000] {logging_mixin.py:190} INFO - [2026-03-19T22:51:19.618+0000] {dag.py:3239} INFO - Sync 1 DAGs
[2026-03-19T22:51:19.631+0000] {logging_mixin.py:190} INFO - [2026-03-19T22:51:19.631+0000] {dag.py:4180} INFO - Setting next_dagrun for example_sensors to None, run_after=None
[2026-03-19T22:51:19.651+0000] {processor.py:208} INFO - Processing /home/airflow/.local/lib/python3.12/site-packages/airflow/example_dags/example_sensors.py took 0.072 seconds
[2026-03-19T22:51:49.706+0000] {processor.py:186} INFO - Started process (PID=551) to work on /home/airflow/.local/lib/python3.12/site-packages/airflow/example_dags/example_sensors.py
[2026-03-19T22:51:49.707+0000] {processor.py:914} INFO - Processing file /home/airflow/.local/lib/python3.12/site-packages/airflow/example_dags/example_sensors.py for tasks to queue
[2026-03-19T22:51:49.710+0000] {logging_mixin.py:190} INFO - [2026-03-19T22:51:49.709+0000] {dagbag.py:588} INFO - Filling up the DagBag from /home/airflow/.local/lib/python3.12/site-packages/airflow/example_dags/example_sensors.py
[2026-03-19T22:51:49.722+0000] {processor.py:925} INFO - DAG(s) 'example_sensors' retrieved from /home/airflow/.local/lib/python3.12/site-packages/airflow/example_dags/example_sensors.py
[2026-03-19T22:51:49.748+0000] {logging_mixin.py:190} INFO - [2026-03-19T22:51:49.748+0000] {dag.py:3239} INFO - Sync 1 DAGs
[2026-03-19T22:51:49.764+0000] {logging_mixin.py:190} INFO - [2026-03-19T22:51:49.764+0000] {dag.py:4180} INFO - Setting next_dagrun for example_sensors to None, run_after=None
[2026-03-19T22:51:49.784+0000] {processor.py:208} INFO - Processing /home/airflow/.local/lib/python3.12/site-packages/airflow/example_dags/example_sensors.py took 0.083 seconds
[2026-03-19T22:52:20.465+0000] {processor.py:186} INFO - Started process (PID=610) to work on /home/airflow/.local/lib/python3.12/site-packages/airflow/example_dags/example_sensors.py
[2026-03-19T22:52:20.466+0000] {processor.py:914} INFO - Processing file /home/airflow/.local/lib/python3.12/site-packages/airflow/example_dags/example_sensors.py for tasks to queue
[2026-03-19T22:52:20.468+0000] {logging_mixin.py:190} INFO - [2026-03-19T22:52:20.467+0000] {dagbag.py:588} INFO - Filling up the DagBag from /home/airflow/.local/lib/python3.12/site-packages/airflow/example_dags/example_sensors.py
[2026-03-19T22:52:20.476+0000] {processor.py:925} INFO - DAG(s) 'example_sensors' retrieved from /home/airflow/.local/lib/python3.12/site-packages/airflow/example_dags/example_sensors.py
[2026-03-19T22:52:20.498+0000] {logging_mixin.py:190} INFO - [2026-03-19T22:52:20.498+0000] {dag.py:3239} INFO - Sync 1 DAGs
[2026-03-19T22:52:20.510+0000] {logging_mixin.py:190} INFO - [2026-03-19T22:52:20.510+0000] {dag.py:4180} INFO - Setting next_dagrun for example_sensors to None, run_after=None
[2026-03-19T22:52:20.530+0000] {processor.py:208} INFO - Processing /home/airflow/.local/lib/python3.12/site-packages/airflow/example_dags/example_sensors.py took 0.071 seconds
[2026-03-19T22:52:51.848+0000] {processor.py:186} INFO - Started process (PID=667) to work on /home/airflow/.local/lib/python3.12/site-packages/airflow/example_dags/example_sensors.py
[2026-03-19T22:52:51.849+0000] {processor.py:914} INFO - Processing file /home/airflow/.local/lib/python3.12/site-packages/airflow/example_dags/example_sensors.py for tasks to queue
[2026-03-19T22:52:51.851+0000] {logging_mixin.py:190} INFO - [2026-03-19T22:52:51.851+0000] {dagbag.py:588} INFO - Filling up the DagBag from /home/airflow/.local/lib/python3.12/site-packages/airflow/example_dags/example_sensors.py
[2026-03-19T22:52:51.862+0000] {processor.py:925} INFO - DAG(s) 'example_sensors' retrieved from /home/airflow/.local/lib/python3.12/site-packages/airflow/example_dags/example_sensors.py
[2026-03-19T22:52:51.884+0000] {logging_mixin.py:190} INFO - [2026-03-19T22:52:51.884+0000] {dag.py:3239} INFO - Sync 1 DAGs
[2026-03-19T22:52:51.896+0000] {logging_mixin.py:190} INFO - [2026-03-19T22:52:51.895+0000] {dag.py:4180} INFO - Setting next_dagrun for example_sensors to None, run_after=None
[2026-03-19T22:52:51.917+0000] {processor.py:208} INFO - Processing /home/airflow/.local/lib/python3.12/site-packages/airflow/example_dags/example_sensors.py took 0.073 seconds
[2026-03-19T22:53:23.319+0000] {processor.py:186} INFO - Started process (PID=725) to work on /home/airflow/.local/lib/python3.12/site-packages/airflow/example_dags/example_sensors.py
[2026-03-19T22:53:23.320+0000] {processor.py:914} INFO - Processing file /home/airflow/.local/lib/python3.12/site-packages/airflow/example_dags/example_sensors.py for tasks to queue
[2026-03-19T22:53:23.323+0000] {logging_mixin.py:190} INFO - [2026-03-19T22:53:23.322+0000] {dagbag.py:588} INFO - Filling up the DagBag from /home/airflow/.local/lib/python3.12/site-packages/airflow/example_dags/example_sensors.py
[2026-03-19T22:53:23.333+0000] {processor.py:925} INFO - DAG(s) 'example_sensors' retrieved from /home/airflow/.local/lib/python3.12/site-packages/airflow/example_dags/example_sensors.py
[2026-03-19T22:53:23.355+0000] {logging_mixin.py:190} INFO - [2026-03-19T22:53:23.355+0000] {dag.py:3239} INFO - Sync 1 DAGs
[2026-03-19T22:53:23.368+0000] {logging_mixin.py:190} INFO - [2026-03-19T22:53:23.368+0000] {dag.py:4180} INFO - Setting next_dagrun for example_sensors to None, run_after=None
[2026-03-19T22:53:23.391+0000] {processor.py:208} INFO - Processing /home/airflow/.local/lib/python3.12/site-packages/airflow/example_dags/example_sensors.py took 0.077 seconds
[2026-03-19T22:53:54.906+0000] {processor.py:186} INFO - Started process (PID=783) to work on /home/airflow/.local/lib/python3.12/site-packages/airflow/example_dags/example_sensors.py
[2026-03-19T22:53:54.907+0000] {processor.py:914} INFO - Processing file /home/airflow/.local/lib/python3.12/site-packages/airflow/example_dags/example_sensors.py for tasks to queue
[2026-03-19T22:53:54.909+0000] {logging_mixin.py:190} INFO - [2026-03-19T22:53:54.909+0000] {dagbag.py:588} INFO - Filling up the DagBag from /home/airflow/.local/lib/python3.12/site-packages/airflow/example_dags/example_sensors.py
[2026-03-19T22:53:54.918+0000] {processor.py:925} INFO - DAG(s) 'example_sensors' retrieved from /home/airflow/.local/lib/python3.12/site-packages/airflow/example_dags/example_sensors.py
[2026-03-19T22:53:54.939+0000] {logging_mixin.py:190} INFO - [2026-03-19T22:53:54.939+0000] {dag.py:3239} INFO - Sync 1 DAGs
[2026-03-19T22:53:54.951+0000] {logging_mixin.py:190} INFO - [2026-03-19T22:53:54.951+0000] {dag.py:4180} INFO - Setting next_dagrun for example_sensors to None, run_after=None
[2026-03-19T22:53:54.972+0000] {processor.py:208} INFO - Processing /home/airflow/.local/lib/python3.12/site-packages/airflow/example_dags/example_sensors.py took 0.070 seconds
[2026-03-19T22:54:26.091+0000] {processor.py:186} INFO - Started process (PID=841) to work on /home/airflow/.local/lib/python3.12/site-packages/airflow/example_dags/example_sensors.py
[2026-03-19T22:54:26.092+0000] {processor.py:914} INFO - Processing file /home/airflow/.local/lib/python3.12/site-packages/airflow/example_dags/example_sensors.py for tasks to queue
[2026-03-19T22:54:26.094+0000] {logging_mixin.py:190} INFO - [2026-03-19T22:54:26.093+0000] {dagbag.py:588} INFO - Filling up the DagBag from /home/airflow/.local/lib/python3.12/site-packages/airflow/example_dags/example_sensors.py
[2026-03-19T22:54:26.103+0000] {processor.py:925} INFO - DAG(s) 'example_sensors' retrieved from /home/airflow/.local/lib/python3.12/site-packages/airflow/example_dags/example_sensors.py
[2026-03-19T22:54:26.123+0000] {logging_mixin.py:190} INFO - [2026-03-19T22:54:26.123+0000] {dag.py:3239} INFO - Sync 1 DAGs
[2026-03-19T22:54:26.136+0000] {logging_mixin.py:190} INFO - [2026-03-19T22:54:26.135+0000] {dag.py:4180} INFO - Setting next_dagrun for example_sensors to None, run_after=None
[2026-03-19T22:54:26.154+0000] {processor.py:208} INFO - Processing /home/airflow/.local/lib/python3.12/site-packages/airflow/example_dags/example_sensors.py took 0.068 seconds
[2026-03-19T22:54:57.412+0000] {processor.py:186} INFO - Started process (PID=899) to work on /home/airflow/.local/lib/python3.12/site-packages/airflow/example_dags/example_sensors.py
[2026-03-19T22:54:57.413+0000] {processor.py:914} INFO - Processing file /home/airflow/.local/lib/python3.12/site-packages/airflow/example_dags/example_sensors.py for tasks to queue
[2026-03-19T22:54:57.415+0000] {logging_mixin.py:190} INFO - [2026-03-19T22:54:57.415+0000] {dagbag.py:588} INFO - Filling up the DagBag from /home/airflow/.local/lib/python3.12/site-packages/airflow/example_dags/example_sensors.py
[2026-03-19T22:54:57.425+0000] {processor.py:925} INFO - DAG(s) 'example_sensors' retrieved from /home/airflow/.local/lib/python3.12/site-packages/airflow/example_dags/example_sensors.py
[2026-03-19T22:54:57.445+0000] {logging_mixin.py:190} INFO - [2026-03-19T22:54:57.445+0000] {dag.py:3239} INFO - Sync 1 DAGs
[2026-03-19T22:54:57.457+0000] {logging_mixin.py:190} INFO - [2026-03-19T22:54:57.457+0000] {dag.py:4180} INFO - Setting next_dagrun for example_sensors to None, run_after=None
[2026-03-19T22:54:57.476+0000] {processor.py:208} INFO - Processing /home/airflow/.local/lib/python3.12/site-packages/airflow/example_dags/example_sensors.py took 0.069 seconds
[2026-03-19T22:55:28.738+0000] {processor.py:186} INFO - Started process (PID=957) to work on /home/airflow/.local/lib/python3.12/site-packages/airflow/example_dags/example_sensors.py
[2026-03-19T22:55:28.739+0000] {processor.py:914} INFO - Processing file /home/airflow/.local/lib/python3.12/site-packages/airflow/example_dags/example_sensors.py for tasks to queue
[2026-03-19T22:55:28.741+0000] {logging_mixin.py:190} INFO - [2026-03-19T22:55:28.741+0000] {dagbag.py:588} INFO - Filling up the DagBag from /home/airflow/.local/lib/python3.12/site-packages/airflow/example_dags/example_sensors.py
[2026-03-19T22:55:28.752+0000] {processor.py:925} INFO - DAG(s) 'example_sensors' retrieved from /home/airflow/.local/lib/python3.12/site-packages/airflow/example_dags/example_sensors.py
[2026-03-19T22:55:28.773+0000] {logging_mixin.py:190} INFO - [2026-03-19T22:55:28.773+0000] {dag.py:3239} INFO - Sync 1 DAGs
[2026-03-19T22:55:28.785+0000] {logging_mixin.py:190} INFO - [2026-03-19T22:55:28.785+0000] {dag.py:4180} INFO - Setting next_dagrun for example_sensors to None, run_after=None
[2026-03-19T22:55:28.806+0000] {processor.py:208} INFO - Processing /home/airflow/.local/lib/python3.12/site-packages/airflow/example_dags/example_sensors.py took 0.072 seconds
