[2026-03-19T22:37:01.834+0000] {processor.py:186} INFO - Started process (PID=81) to work on /home/airflow/.local/lib/python3.12/site-packages/airflow/example_dags/example_branch_day_of_week_operator.py
[2026-03-19T22:37:01.836+0000] {processor.py:914} INFO - Processing file /home/airflow/.local/lib/python3.12/site-packages/airflow/example_dags/example_branch_day_of_week_operator.py for tasks to queue
[2026-03-19T22:37:01.841+0000] {logging_mixin.py:190} INFO - [2026-03-19T22:37:01.840+0000] {dagbag.py:588} INFO - Filling up the DagBag from /home/airflow/.local/lib/python3.12/site-packages/airflow/example_dags/example_branch_day_of_week_operator.py
[2026-03-19T22:37:01.858+0000] {processor.py:925} INFO - DAG(s) 'example_weekday_branch_operator' retrieved from /home/airflow/.local/lib/python3.12/site-packages/airflow/example_dags/example_branch_day_of_week_operator.py
[2026-03-19T22:37:02.138+0000] {logging_mixin.py:190} INFO - [2026-03-19T22:37:02.137+0000] {override.py:1911} INFO - Created Permission View: can read on DAG:example_weekday_branch_operator
[2026-03-19T22:37:02.166+0000] {logging_mixin.py:190} INFO - [2026-03-19T22:37:02.165+0000] {override.py:1911} INFO - Created Permission View: can delete on DAG:example_weekday_branch_operator
[2026-03-19T22:37:02.180+0000] {logging_mixin.py:190} INFO - [2026-03-19T22:37:02.180+0000] {override.py:1911} INFO - Created Permission View: can edit on DAG:example_weekday_branch_operator
[2026-03-19T22:37:02.204+0000] {logging_mixin.py:190} INFO - [2026-03-19T22:37:02.201+0000] {override.py:1911} INFO - Created Permission View: can read on DAG Run:example_weekday_branch_operator
[2026-03-19T22:37:02.222+0000] {logging_mixin.py:190} INFO - [2026-03-19T22:37:02.221+0000] {override.py:1911} INFO - Created Permission View: can create on DAG Run:example_weekday_branch_operator
[2026-03-19T22:37:02.240+0000] {logging_mixin.py:190} INFO - [2026-03-19T22:37:02.239+0000] {override.py:1911} INFO - Created Permission View: menu access on DAG Run:example_weekday_branch_operator
[2026-03-19T22:37:02.265+0000] {logging_mixin.py:190} INFO - [2026-03-19T22:37:02.264+0000] {override.py:1911} INFO - Created Permission View: can delete on DAG Run:example_weekday_branch_operator
[2026-03-19T22:37:02.266+0000] {logging_mixin.py:190} INFO - [2026-03-19T22:37:02.265+0000] {dag.py:3239} INFO - Sync 1 DAGs
[2026-03-19T22:37:02.300+0000] {logging_mixin.py:190} INFO - [2026-03-19T22:37:02.300+0000] {dag.py:3262} INFO - Creating ORM DAG for example_weekday_branch_operator
[2026-03-19T22:37:02.336+0000] {logging_mixin.py:190} INFO - [2026-03-19T22:37:02.332+0000] {dag.py:4180} INFO - Setting next_dagrun for example_weekday_branch_operator to 2026-03-18 00:00:00+00:00, run_after=2026-03-19 00:00:00+00:00
[2026-03-19T22:37:02.382+0000] {processor.py:208} INFO - Processing /home/airflow/.local/lib/python3.12/site-packages/airflow/example_dags/example_branch_day_of_week_operator.py took 0.557 seconds
[2026-03-19T22:40:29.680+0000] {processor.py:186} INFO - Started process (PID=139) to work on /home/airflow/.local/lib/python3.12/site-packages/airflow/example_dags/example_branch_day_of_week_operator.py
[2026-03-19T22:40:29.806+0000] {processor.py:914} INFO - Processing file /home/airflow/.local/lib/python3.12/site-packages/airflow/example_dags/example_branch_day_of_week_operator.py for tasks to queue
[2026-03-19T22:40:30.148+0000] {logging_mixin.py:190} INFO - [2026-03-19T22:40:30.096+0000] {dagbag.py:588} INFO - Filling up the DagBag from /home/airflow/.local/lib/python3.12/site-packages/airflow/example_dags/example_branch_day_of_week_operator.py
[2026-03-19T22:40:30.814+0000] {processor.py:925} INFO - DAG(s) 'example_weekday_branch_operator' retrieved from /home/airflow/.local/lib/python3.12/site-packages/airflow/example_dags/example_branch_day_of_week_operator.py
[2026-03-19T22:40:31.290+0000] {logging_mixin.py:190} INFO - [2026-03-19T22:40:31.289+0000] {dag.py:3239} INFO - Sync 1 DAGs
[2026-03-19T22:40:31.865+0000] {logging_mixin.py:190} INFO - [2026-03-19T22:40:31.860+0000] {dag.py:4180} INFO - Setting next_dagrun for example_weekday_branch_operator to 2026-03-18 00:00:00+00:00, run_after=2026-03-19 00:00:00+00:00
[2026-03-19T22:40:31.994+0000] {processor.py:208} INFO - Processing /home/airflow/.local/lib/python3.12/site-packages/airflow/example_dags/example_branch_day_of_week_operator.py took 2.989 seconds
[2026-03-19T22:47:43.708+0000] {processor.py:186} INFO - Started process (PID=81) to work on /home/airflow/.local/lib/python3.12/site-packages/airflow/example_dags/example_branch_day_of_week_operator.py
[2026-03-19T22:47:43.711+0000] {processor.py:914} INFO - Processing file /home/airflow/.local/lib/python3.12/site-packages/airflow/example_dags/example_branch_day_of_week_operator.py for tasks to queue
[2026-03-19T22:47:43.713+0000] {logging_mixin.py:190} INFO - [2026-03-19T22:47:43.713+0000] {dagbag.py:588} INFO - Filling up the DagBag from /home/airflow/.local/lib/python3.12/site-packages/airflow/example_dags/example_branch_day_of_week_operator.py
[2026-03-19T22:47:43.722+0000] {processor.py:925} INFO - DAG(s) 'example_weekday_branch_operator' retrieved from /home/airflow/.local/lib/python3.12/site-packages/airflow/example_dags/example_branch_day_of_week_operator.py
[2026-03-19T22:47:43.820+0000] {logging_mixin.py:190} INFO - [2026-03-19T22:47:43.819+0000] {override.py:1911} INFO - Created Permission View: can delete on DAG:example_weekday_branch_operator
[2026-03-19T22:47:43.832+0000] {logging_mixin.py:190} INFO - [2026-03-19T22:47:43.832+0000] {override.py:1911} INFO - Created Permission View: can edit on DAG:example_weekday_branch_operator
[2026-03-19T22:47:43.842+0000] {logging_mixin.py:190} INFO - [2026-03-19T22:47:43.842+0000] {override.py:1911} INFO - Created Permission View: can read on DAG:example_weekday_branch_operator
[2026-03-19T22:47:43.857+0000] {logging_mixin.py:190} INFO - [2026-03-19T22:47:43.857+0000] {override.py:1911} INFO - Created Permission View: can create on DAG Run:example_weekday_branch_operator
[2026-03-19T22:47:43.866+0000] {logging_mixin.py:190} INFO - [2026-03-19T22:47:43.866+0000] {override.py:1911} INFO - Created Permission View: can delete on DAG Run:example_weekday_branch_operator
[2026-03-19T22:47:43.878+0000] {logging_mixin.py:190} INFO - [2026-03-19T22:47:43.878+0000] {override.py:1911} INFO - Created Permission View: menu access on DAG Run:example_weekday_branch_operator
[2026-03-19T22:47:43.891+0000] {logging_mixin.py:190} INFO - [2026-03-19T22:47:43.890+0000] {override.py:1911} INFO - Created Permission View: can read on DAG Run:example_weekday_branch_operator
[2026-03-19T22:47:43.891+0000] {logging_mixin.py:190} INFO - [2026-03-19T22:47:43.891+0000] {dag.py:3239} INFO - Sync 1 DAGs
[2026-03-19T22:47:43.902+0000] {logging_mixin.py:190} INFO - [2026-03-19T22:47:43.902+0000] {dag.py:3262} INFO - Creating ORM DAG for example_weekday_branch_operator
[2026-03-19T22:47:43.912+0000] {logging_mixin.py:190} INFO - [2026-03-19T22:47:43.911+0000] {dag.py:4180} INFO - Setting next_dagrun for example_weekday_branch_operator to 2026-03-18 00:00:00+00:00, run_after=2026-03-19 00:00:00+00:00
[2026-03-19T22:47:43.932+0000] {processor.py:208} INFO - Processing /home/airflow/.local/lib/python3.12/site-packages/airflow/example_dags/example_branch_day_of_week_operator.py took 0.228 seconds
[2026-03-19T22:48:14.202+0000] {processor.py:186} INFO - Started process (PID=139) to work on /home/airflow/.local/lib/python3.12/site-packages/airflow/example_dags/example_branch_day_of_week_operator.py
[2026-03-19T22:48:14.203+0000] {processor.py:914} INFO - Processing file /home/airflow/.local/lib/python3.12/site-packages/airflow/example_dags/example_branch_day_of_week_operator.py for tasks to queue
[2026-03-19T22:48:14.206+0000] {logging_mixin.py:190} INFO - [2026-03-19T22:48:14.205+0000] {dagbag.py:588} INFO - Filling up the DagBag from /home/airflow/.local/lib/python3.12/site-packages/airflow/example_dags/example_branch_day_of_week_operator.py
[2026-03-19T22:48:14.216+0000] {processor.py:925} INFO - DAG(s) 'example_weekday_branch_operator' retrieved from /home/airflow/.local/lib/python3.12/site-packages/airflow/example_dags/example_branch_day_of_week_operator.py
[2026-03-19T22:48:14.236+0000] {logging_mixin.py:190} INFO - [2026-03-19T22:48:14.236+0000] {dag.py:3239} INFO - Sync 1 DAGs
[2026-03-19T22:48:14.257+0000] {logging_mixin.py:190} INFO - [2026-03-19T22:48:14.257+0000] {dag.py:4180} INFO - Setting next_dagrun for example_weekday_branch_operator to 2026-03-18 00:00:00+00:00, run_after=2026-03-19 00:00:00+00:00
[2026-03-19T22:48:14.280+0000] {processor.py:208} INFO - Processing /home/airflow/.local/lib/python3.12/site-packages/airflow/example_dags/example_branch_day_of_week_operator.py took 0.083 seconds
[2026-03-19T22:48:44.765+0000] {processor.py:186} INFO - Started process (PID=197) to work on /home/airflow/.local/lib/python3.12/site-packages/airflow/example_dags/example_branch_day_of_week_operator.py
[2026-03-19T22:48:44.766+0000] {processor.py:914} INFO - Processing file /home/airflow/.local/lib/python3.12/site-packages/airflow/example_dags/example_branch_day_of_week_operator.py for tasks to queue
[2026-03-19T22:48:44.768+0000] {logging_mixin.py:190} INFO - [2026-03-19T22:48:44.768+0000] {dagbag.py:588} INFO - Filling up the DagBag from /home/airflow/.local/lib/python3.12/site-packages/airflow/example_dags/example_branch_day_of_week_operator.py
[2026-03-19T22:48:44.776+0000] {processor.py:925} INFO - DAG(s) 'example_weekday_branch_operator' retrieved from /home/airflow/.local/lib/python3.12/site-packages/airflow/example_dags/example_branch_day_of_week_operator.py
[2026-03-19T22:48:44.793+0000] {logging_mixin.py:190} INFO - [2026-03-19T22:48:44.792+0000] {dag.py:3239} INFO - Sync 1 DAGs
[2026-03-19T22:48:44.813+0000] {logging_mixin.py:190} INFO - [2026-03-19T22:48:44.813+0000] {dag.py:4180} INFO - Setting next_dagrun for example_weekday_branch_operator to 2026-03-18 00:00:00+00:00, run_after=2026-03-19 00:00:00+00:00
[2026-03-19T22:48:44.836+0000] {processor.py:208} INFO - Processing /home/airflow/.local/lib/python3.12/site-packages/airflow/example_dags/example_branch_day_of_week_operator.py took 0.076 seconds
[2026-03-19T22:49:15.253+0000] {processor.py:186} INFO - Started process (PID=255) to work on /home/airflow/.local/lib/python3.12/site-packages/airflow/example_dags/example_branch_day_of_week_operator.py
[2026-03-19T22:49:15.254+0000] {processor.py:914} INFO - Processing file /home/airflow/.local/lib/python3.12/site-packages/airflow/example_dags/example_branch_day_of_week_operator.py for tasks to queue
[2026-03-19T22:49:15.256+0000] {logging_mixin.py:190} INFO - [2026-03-19T22:49:15.256+0000] {dagbag.py:588} INFO - Filling up the DagBag from /home/airflow/.local/lib/python3.12/site-packages/airflow/example_dags/example_branch_day_of_week_operator.py
[2026-03-19T22:49:15.264+0000] {processor.py:925} INFO - DAG(s) 'example_weekday_branch_operator' retrieved from /home/airflow/.local/lib/python3.12/site-packages/airflow/example_dags/example_branch_day_of_week_operator.py
[2026-03-19T22:49:15.283+0000] {logging_mixin.py:190} INFO - [2026-03-19T22:49:15.282+0000] {dag.py:3239} INFO - Sync 1 DAGs
[2026-03-19T22:49:15.303+0000] {logging_mixin.py:190} INFO - [2026-03-19T22:49:15.303+0000] {dag.py:4180} INFO - Setting next_dagrun for example_weekday_branch_operator to 2026-03-18 00:00:00+00:00, run_after=2026-03-19 00:00:00+00:00
[2026-03-19T22:49:15.322+0000] {processor.py:208} INFO - Processing /home/airflow/.local/lib/python3.12/site-packages/airflow/example_dags/example_branch_day_of_week_operator.py took 0.074 seconds
[2026-03-19T22:49:46.305+0000] {processor.py:186} INFO - Started process (PID=313) to work on /home/airflow/.local/lib/python3.12/site-packages/airflow/example_dags/example_branch_day_of_week_operator.py
[2026-03-19T22:49:46.306+0000] {processor.py:914} INFO - Processing file /home/airflow/.local/lib/python3.12/site-packages/airflow/example_dags/example_branch_day_of_week_operator.py for tasks to queue
[2026-03-19T22:49:46.308+0000] {logging_mixin.py:190} INFO - [2026-03-19T22:49:46.308+0000] {dagbag.py:588} INFO - Filling up the DagBag from /home/airflow/.local/lib/python3.12/site-packages/airflow/example_dags/example_branch_day_of_week_operator.py
[2026-03-19T22:49:46.317+0000] {processor.py:925} INFO - DAG(s) 'example_weekday_branch_operator' retrieved from /home/airflow/.local/lib/python3.12/site-packages/airflow/example_dags/example_branch_day_of_week_operator.py
[2026-03-19T22:49:46.333+0000] {logging_mixin.py:190} INFO - [2026-03-19T22:49:46.333+0000] {dag.py:3239} INFO - Sync 1 DAGs
[2026-03-19T22:49:46.353+0000] {logging_mixin.py:190} INFO - [2026-03-19T22:49:46.352+0000] {dag.py:4180} INFO - Setting next_dagrun for example_weekday_branch_operator to 2026-03-18 00:00:00+00:00, run_after=2026-03-19 00:00:00+00:00
[2026-03-19T22:49:46.372+0000] {processor.py:208} INFO - Processing /home/airflow/.local/lib/python3.12/site-packages/airflow/example_dags/example_branch_day_of_week_operator.py took 0.072 seconds
[2026-03-19T22:50:16.849+0000] {processor.py:186} INFO - Started process (PID=372) to work on /home/airflow/.local/lib/python3.12/site-packages/airflow/example_dags/example_branch_day_of_week_operator.py
[2026-03-19T22:50:16.850+0000] {processor.py:914} INFO - Processing file /home/airflow/.local/lib/python3.12/site-packages/airflow/example_dags/example_branch_day_of_week_operator.py for tasks to queue
[2026-03-19T22:50:16.852+0000] {logging_mixin.py:190} INFO - [2026-03-19T22:50:16.851+0000] {dagbag.py:588} INFO - Filling up the DagBag from /home/airflow/.local/lib/python3.12/site-packages/airflow/example_dags/example_branch_day_of_week_operator.py
[2026-03-19T22:50:16.860+0000] {processor.py:925} INFO - DAG(s) 'example_weekday_branch_operator' retrieved from /home/airflow/.local/lib/python3.12/site-packages/airflow/example_dags/example_branch_day_of_week_operator.py
[2026-03-19T22:50:16.878+0000] {logging_mixin.py:190} INFO - [2026-03-19T22:50:16.878+0000] {dag.py:3239} INFO - Sync 1 DAGs
[2026-03-19T22:50:16.898+0000] {logging_mixin.py:190} INFO - [2026-03-19T22:50:16.898+0000] {dag.py:4180} INFO - Setting next_dagrun for example_weekday_branch_operator to 2026-03-18 00:00:00+00:00, run_after=2026-03-19 00:00:00+00:00
[2026-03-19T22:50:16.920+0000] {processor.py:208} INFO - Processing /home/airflow/.local/lib/python3.12/site-packages/airflow/example_dags/example_branch_day_of_week_operator.py took 0.076 seconds
[2026-03-19T22:50:48.175+0000] {processor.py:186} INFO - Started process (PID=430) to work on /home/airflow/.local/lib/python3.12/site-packages/airflow/example_dags/example_branch_day_of_week_operator.py
[2026-03-19T22:50:48.176+0000] {processor.py:914} INFO - Processing file /home/airflow/.local/lib/python3.12/site-packages/airflow/example_dags/example_branch_day_of_week_operator.py for tasks to queue
[2026-03-19T22:50:48.178+0000] {logging_mixin.py:190} INFO - [2026-03-19T22:50:48.177+0000] {dagbag.py:588} INFO - Filling up the DagBag from /home/airflow/.local/lib/python3.12/site-packages/airflow/example_dags/example_branch_day_of_week_operator.py
[2026-03-19T22:50:48.186+0000] {processor.py:925} INFO - DAG(s) 'example_weekday_branch_operator' retrieved from /home/airflow/.local/lib/python3.12/site-packages/airflow/example_dags/example_branch_day_of_week_operator.py
[2026-03-19T22:50:48.212+0000] {logging_mixin.py:190} INFO - [2026-03-19T22:50:48.211+0000] {dag.py:3239} INFO - Sync 1 DAGs
[2026-03-19T22:50:48.232+0000] {logging_mixin.py:190} INFO - [2026-03-19T22:50:48.232+0000] {dag.py:4180} INFO - Setting next_dagrun for example_weekday_branch_operator to 2026-03-18 00:00:00+00:00, run_after=2026-03-19 00:00:00+00:00
[2026-03-19T22:50:48.253+0000] {processor.py:208} INFO - Processing /home/airflow/.local/lib/python3.12/site-packages/airflow/example_dags/example_branch_day_of_week_operator.py took 0.083 seconds
[2026-03-19T22:51:19.070+0000] {processor.py:186} INFO - Started process (PID=488) to work on /home/airflow/.local/lib/python3.12/site-packages/airflow/example_dags/example_branch_day_of_week_operator.py
[2026-03-19T22:51:19.071+0000] {processor.py:914} INFO - Processing file /home/airflow/.local/lib/python3.12/site-packages/airflow/example_dags/example_branch_day_of_week_operator.py for tasks to queue
[2026-03-19T22:51:19.073+0000] {logging_mixin.py:190} INFO - [2026-03-19T22:51:19.073+0000] {dagbag.py:588} INFO - Filling up the DagBag from /home/airflow/.local/lib/python3.12/site-packages/airflow/example_dags/example_branch_day_of_week_operator.py
[2026-03-19T22:51:19.085+0000] {processor.py:925} INFO - DAG(s) 'example_weekday_branch_operator' retrieved from /home/airflow/.local/lib/python3.12/site-packages/airflow/example_dags/example_branch_day_of_week_operator.py
[2026-03-19T22:51:19.103+0000] {logging_mixin.py:190} INFO - [2026-03-19T22:51:19.103+0000] {dag.py:3239} INFO - Sync 1 DAGs
[2026-03-19T22:51:19.125+0000] {logging_mixin.py:190} INFO - [2026-03-19T22:51:19.125+0000] {dag.py:4180} INFO - Setting next_dagrun for example_weekday_branch_operator to 2026-03-18 00:00:00+00:00, run_after=2026-03-19 00:00:00+00:00
[2026-03-19T22:51:19.142+0000] {processor.py:208} INFO - Processing /home/airflow/.local/lib/python3.12/site-packages/airflow/example_dags/example_branch_day_of_week_operator.py took 0.077 seconds
[2026-03-19T22:51:49.304+0000] {processor.py:186} INFO - Started process (PID=546) to work on /home/airflow/.local/lib/python3.12/site-packages/airflow/example_dags/example_branch_day_of_week_operator.py
[2026-03-19T22:51:49.305+0000] {processor.py:914} INFO - Processing file /home/airflow/.local/lib/python3.12/site-packages/airflow/example_dags/example_branch_day_of_week_operator.py for tasks to queue
[2026-03-19T22:51:49.307+0000] {logging_mixin.py:190} INFO - [2026-03-19T22:51:49.307+0000] {dagbag.py:588} INFO - Filling up the DagBag from /home/airflow/.local/lib/python3.12/site-packages/airflow/example_dags/example_branch_day_of_week_operator.py
[2026-03-19T22:51:49.316+0000] {processor.py:925} INFO - DAG(s) 'example_weekday_branch_operator' retrieved from /home/airflow/.local/lib/python3.12/site-packages/airflow/example_dags/example_branch_day_of_week_operator.py
[2026-03-19T22:51:49.334+0000] {logging_mixin.py:190} INFO - [2026-03-19T22:51:49.334+0000] {dag.py:3239} INFO - Sync 1 DAGs
[2026-03-19T22:51:49.356+0000] {logging_mixin.py:190} INFO - [2026-03-19T22:51:49.356+0000] {dag.py:4180} INFO - Setting next_dagrun for example_weekday_branch_operator to 2026-03-18 00:00:00+00:00, run_after=2026-03-19 00:00:00+00:00
[2026-03-19T22:51:49.378+0000] {processor.py:208} INFO - Processing /home/airflow/.local/lib/python3.12/site-packages/airflow/example_dags/example_branch_day_of_week_operator.py took 0.079 seconds
[2026-03-19T22:52:19.941+0000] {processor.py:186} INFO - Started process (PID=604) to work on /home/airflow/.local/lib/python3.12/site-packages/airflow/example_dags/example_branch_day_of_week_operator.py
[2026-03-19T22:52:19.942+0000] {processor.py:914} INFO - Processing file /home/airflow/.local/lib/python3.12/site-packages/airflow/example_dags/example_branch_day_of_week_operator.py for tasks to queue
[2026-03-19T22:52:19.944+0000] {logging_mixin.py:190} INFO - [2026-03-19T22:52:19.944+0000] {dagbag.py:588} INFO - Filling up the DagBag from /home/airflow/.local/lib/python3.12/site-packages/airflow/example_dags/example_branch_day_of_week_operator.py
[2026-03-19T22:52:19.953+0000] {processor.py:925} INFO - DAG(s) 'example_weekday_branch_operator' retrieved from /home/airflow/.local/lib/python3.12/site-packages/airflow/example_dags/example_branch_day_of_week_operator.py
[2026-03-19T22:52:19.970+0000] {logging_mixin.py:190} INFO - [2026-03-19T22:52:19.970+0000] {dag.py:3239} INFO - Sync 1 DAGs
[2026-03-19T22:52:19.992+0000] {logging_mixin.py:190} INFO - [2026-03-19T22:52:19.992+0000] {dag.py:4180} INFO - Setting next_dagrun for example_weekday_branch_operator to 2026-03-18 00:00:00+00:00, run_after=2026-03-19 00:00:00+00:00
[2026-03-19T22:52:20.014+0000] {processor.py:208} INFO - Processing /home/airflow/.local/lib/python3.12/site-packages/airflow/example_dags/example_branch_day_of_week_operator.py took 0.077 seconds
[2026-03-19T22:52:51.599+0000] {processor.py:186} INFO - Started process (PID=662) to work on /home/airflow/.local/lib/python3.12/site-packages/airflow/example_dags/example_branch_day_of_week_operator.py
[2026-03-19T22:52:51.600+0000] {processor.py:914} INFO - Processing file /home/airflow/.local/lib/python3.12/site-packages/airflow/example_dags/example_branch_day_of_week_operator.py for tasks to queue
[2026-03-19T22:52:51.602+0000] {logging_mixin.py:190} INFO - [2026-03-19T22:52:51.602+0000] {dagbag.py:588} INFO - Filling up the DagBag from /home/airflow/.local/lib/python3.12/site-packages/airflow/example_dags/example_branch_day_of_week_operator.py
[2026-03-19T22:52:51.610+0000] {processor.py:925} INFO - DAG(s) 'example_weekday_branch_operator' retrieved from /home/airflow/.local/lib/python3.12/site-packages/airflow/example_dags/example_branch_day_of_week_operator.py
[2026-03-19T22:52:51.626+0000] {logging_mixin.py:190} INFO - [2026-03-19T22:52:51.626+0000] {dag.py:3239} INFO - Sync 1 DAGs
[2026-03-19T22:52:51.647+0000] {logging_mixin.py:190} INFO - [2026-03-19T22:52:51.647+0000] {dag.py:4180} INFO - Setting next_dagrun for example_weekday_branch_operator to 2026-03-18 00:00:00+00:00, run_after=2026-03-19 00:00:00+00:00
[2026-03-19T22:52:51.667+0000] {processor.py:208} INFO - Processing /home/airflow/.local/lib/python3.12/site-packages/airflow/example_dags/example_branch_day_of_week_operator.py took 0.073 seconds
[2026-03-19T22:53:23.058+0000] {processor.py:186} INFO - Started process (PID=720) to work on /home/airflow/.local/lib/python3.12/site-packages/airflow/example_dags/example_branch_day_of_week_operator.py
[2026-03-19T22:53:23.059+0000] {processor.py:914} INFO - Processing file /home/airflow/.local/lib/python3.12/site-packages/airflow/example_dags/example_branch_day_of_week_operator.py for tasks to queue
[2026-03-19T22:53:23.061+0000] {logging_mixin.py:190} INFO - [2026-03-19T22:53:23.060+0000] {dagbag.py:588} INFO - Filling up the DagBag from /home/airflow/.local/lib/python3.12/site-packages/airflow/example_dags/example_branch_day_of_week_operator.py
[2026-03-19T22:53:23.069+0000] {processor.py:925} INFO - DAG(s) 'example_weekday_branch_operator' retrieved from /home/airflow/.local/lib/python3.12/site-packages/airflow/example_dags/example_branch_day_of_week_operator.py
[2026-03-19T22:53:23.087+0000] {logging_mixin.py:190} INFO - [2026-03-19T22:53:23.086+0000] {dag.py:3239} INFO - Sync 1 DAGs
[2026-03-19T22:53:23.108+0000] {logging_mixin.py:190} INFO - [2026-03-19T22:53:23.108+0000] {dag.py:4180} INFO - Setting next_dagrun for example_weekday_branch_operator to 2026-03-18 00:00:00+00:00, run_after=2026-03-19 00:00:00+00:00
[2026-03-19T22:53:23.126+0000] {processor.py:208} INFO - Processing /home/airflow/.local/lib/python3.12/site-packages/airflow/example_dags/example_branch_day_of_week_operator.py took 0.073 seconds
[2026-03-19T22:53:54.616+0000] {processor.py:186} INFO - Started process (PID=778) to work on /home/airflow/.local/lib/python3.12/site-packages/airflow/example_dags/example_branch_day_of_week_operator.py
[2026-03-19T22:53:54.616+0000] {processor.py:914} INFO - Processing file /home/airflow/.local/lib/python3.12/site-packages/airflow/example_dags/example_branch_day_of_week_operator.py for tasks to queue
[2026-03-19T22:53:54.618+0000] {logging_mixin.py:190} INFO - [2026-03-19T22:53:54.618+0000] {dagbag.py:588} INFO - Filling up the DagBag from /home/airflow/.local/lib/python3.12/site-packages/airflow/example_dags/example_branch_day_of_week_operator.py
[2026-03-19T22:53:54.627+0000] {processor.py:925} INFO - DAG(s) 'example_weekday_branch_operator' retrieved from /home/airflow/.local/lib/python3.12/site-packages/airflow/example_dags/example_branch_day_of_week_operator.py
[2026-03-19T22:53:54.644+0000] {logging_mixin.py:190} INFO - [2026-03-19T22:53:54.643+0000] {dag.py:3239} INFO - Sync 1 DAGs
[2026-03-19T22:53:54.664+0000] {logging_mixin.py:190} INFO - [2026-03-19T22:53:54.664+0000] {dag.py:4180} INFO - Setting next_dagrun for example_weekday_branch_operator to 2026-03-18 00:00:00+00:00, run_after=2026-03-19 00:00:00+00:00
[2026-03-19T22:53:54.683+0000] {processor.py:208} INFO - Processing /home/airflow/.local/lib/python3.12/site-packages/airflow/example_dags/example_branch_day_of_week_operator.py took 0.072 seconds
[2026-03-19T22:54:25.812+0000] {processor.py:186} INFO - Started process (PID=836) to work on /home/airflow/.local/lib/python3.12/site-packages/airflow/example_dags/example_branch_day_of_week_operator.py
[2026-03-19T22:54:25.813+0000] {processor.py:914} INFO - Processing file /home/airflow/.local/lib/python3.12/site-packages/airflow/example_dags/example_branch_day_of_week_operator.py for tasks to queue
[2026-03-19T22:54:25.815+0000] {logging_mixin.py:190} INFO - [2026-03-19T22:54:25.815+0000] {dagbag.py:588} INFO - Filling up the DagBag from /home/airflow/.local/lib/python3.12/site-packages/airflow/example_dags/example_branch_day_of_week_operator.py
[2026-03-19T22:54:25.823+0000] {processor.py:925} INFO - DAG(s) 'example_weekday_branch_operator' retrieved from /home/airflow/.local/lib/python3.12/site-packages/airflow/example_dags/example_branch_day_of_week_operator.py
[2026-03-19T22:54:25.840+0000] {logging_mixin.py:190} INFO - [2026-03-19T22:54:25.840+0000] {dag.py:3239} INFO - Sync 1 DAGs
[2026-03-19T22:54:25.860+0000] {logging_mixin.py:190} INFO - [2026-03-19T22:54:25.859+0000] {dag.py:4180} INFO - Setting next_dagrun for example_weekday_branch_operator to 2026-03-18 00:00:00+00:00, run_after=2026-03-19 00:00:00+00:00
[2026-03-19T22:54:25.880+0000] {processor.py:208} INFO - Processing /home/airflow/.local/lib/python3.12/site-packages/airflow/example_dags/example_branch_day_of_week_operator.py took 0.073 seconds
[2026-03-19T22:54:57.151+0000] {processor.py:186} INFO - Started process (PID=894) to work on /home/airflow/.local/lib/python3.12/site-packages/airflow/example_dags/example_branch_day_of_week_operator.py
[2026-03-19T22:54:57.151+0000] {processor.py:914} INFO - Processing file /home/airflow/.local/lib/python3.12/site-packages/airflow/example_dags/example_branch_day_of_week_operator.py for tasks to queue
[2026-03-19T22:54:57.153+0000] {logging_mixin.py:190} INFO - [2026-03-19T22:54:57.153+0000] {dagbag.py:588} INFO - Filling up the DagBag from /home/airflow/.local/lib/python3.12/site-packages/airflow/example_dags/example_branch_day_of_week_operator.py
[2026-03-19T22:54:57.162+0000] {processor.py:925} INFO - DAG(s) 'example_weekday_branch_operator' retrieved from /home/airflow/.local/lib/python3.12/site-packages/airflow/example_dags/example_branch_day_of_week_operator.py
[2026-03-19T22:54:57.178+0000] {logging_mixin.py:190} INFO - [2026-03-19T22:54:57.177+0000] {dag.py:3239} INFO - Sync 1 DAGs
[2026-03-19T22:54:57.198+0000] {logging_mixin.py:190} INFO - [2026-03-19T22:54:57.198+0000] {dag.py:4180} INFO - Setting next_dagrun for example_weekday_branch_operator to 2026-03-18 00:00:00+00:00, run_after=2026-03-19 00:00:00+00:00
[2026-03-19T22:54:57.219+0000] {processor.py:208} INFO - Processing /home/airflow/.local/lib/python3.12/site-packages/airflow/example_dags/example_branch_day_of_week_operator.py took 0.074 seconds
[2026-03-19T22:55:28.442+0000] {processor.py:186} INFO - Started process (PID=952) to work on /home/airflow/.local/lib/python3.12/site-packages/airflow/example_dags/example_branch_day_of_week_operator.py
[2026-03-19T22:55:28.442+0000] {processor.py:914} INFO - Processing file /home/airflow/.local/lib/python3.12/site-packages/airflow/example_dags/example_branch_day_of_week_operator.py for tasks to queue
[2026-03-19T22:55:28.444+0000] {logging_mixin.py:190} INFO - [2026-03-19T22:55:28.444+0000] {dagbag.py:588} INFO - Filling up the DagBag from /home/airflow/.local/lib/python3.12/site-packages/airflow/example_dags/example_branch_day_of_week_operator.py
[2026-03-19T22:55:28.453+0000] {processor.py:925} INFO - DAG(s) 'example_weekday_branch_operator' retrieved from /home/airflow/.local/lib/python3.12/site-packages/airflow/example_dags/example_branch_day_of_week_operator.py
[2026-03-19T22:55:28.469+0000] {logging_mixin.py:190} INFO - [2026-03-19T22:55:28.469+0000] {dag.py:3239} INFO - Sync 1 DAGs
[2026-03-19T22:55:28.489+0000] {logging_mixin.py:190} INFO - [2026-03-19T22:55:28.489+0000] {dag.py:4180} INFO - Setting next_dagrun for example_weekday_branch_operator to 2026-03-18 00:00:00+00:00, run_after=2026-03-19 00:00:00+00:00
[2026-03-19T22:55:28.507+0000] {processor.py:208} INFO - Processing /home/airflow/.local/lib/python3.12/site-packages/airflow/example_dags/example_branch_day_of_week_operator.py took 0.070 seconds
