[2026-03-19T22:37:00.719+0000] {processor.py:186} INFO - Started process (PID=77) to work on /home/airflow/.local/lib/python3.12/site-packages/airflow/example_dags/example_python_decorator.py
[2026-03-19T22:37:00.721+0000] {processor.py:914} INFO - Processing file /home/airflow/.local/lib/python3.12/site-packages/airflow/example_dags/example_python_decorator.py for tasks to queue
[2026-03-19T22:37:00.725+0000] {logging_mixin.py:190} INFO - [2026-03-19T22:37:00.725+0000] {dagbag.py:588} INFO - Filling up the DagBag from /home/airflow/.local/lib/python3.12/site-packages/airflow/example_dags/example_python_decorator.py
[2026-03-19T22:37:00.764+0000] {processor.py:925} INFO - DAG(s) 'example_python_decorator' retrieved from /home/airflow/.local/lib/python3.12/site-packages/airflow/example_dags/example_python_decorator.py
[2026-03-19T22:37:00.992+0000] {logging_mixin.py:190} INFO - [2026-03-19T22:37:00.991+0000] {override.py:1911} INFO - Created Permission View: can read on DAG:example_python_decorator
[2026-03-19T22:37:01.032+0000] {logging_mixin.py:190} INFO - [2026-03-19T22:37:01.031+0000] {override.py:1911} INFO - Created Permission View: can delete on DAG:example_python_decorator
[2026-03-19T22:37:01.051+0000] {logging_mixin.py:190} INFO - [2026-03-19T22:37:01.051+0000] {override.py:1911} INFO - Created Permission View: can edit on DAG:example_python_decorator
[2026-03-19T22:37:01.085+0000] {logging_mixin.py:190} INFO - [2026-03-19T22:37:01.084+0000] {override.py:1911} INFO - Created Permission View: can read on DAG Run:example_python_decorator
[2026-03-19T22:37:01.101+0000] {logging_mixin.py:190} INFO - [2026-03-19T22:37:01.100+0000] {override.py:1911} INFO - Created Permission View: can create on DAG Run:example_python_decorator
[2026-03-19T22:37:01.117+0000] {logging_mixin.py:190} INFO - [2026-03-19T22:37:01.117+0000] {override.py:1911} INFO - Created Permission View: menu access on DAG Run:example_python_decorator
[2026-03-19T22:37:01.142+0000] {logging_mixin.py:190} INFO - [2026-03-19T22:37:01.142+0000] {override.py:1911} INFO - Created Permission View: can delete on DAG Run:example_python_decorator
[2026-03-19T22:37:01.143+0000] {logging_mixin.py:190} INFO - [2026-03-19T22:37:01.143+0000] {dag.py:3239} INFO - Sync 1 DAGs
[2026-03-19T22:37:01.173+0000] {logging_mixin.py:190} INFO - [2026-03-19T22:37:01.173+0000] {dag.py:3262} INFO - Creating ORM DAG for example_python_decorator
[2026-03-19T22:37:01.174+0000] {logging_mixin.py:190} INFO - [2026-03-19T22:37:01.174+0000] {dag.py:4180} INFO - Setting next_dagrun for example_python_decorator to None, run_after=None
[2026-03-19T22:37:01.218+0000] {processor.py:208} INFO - Processing /home/airflow/.local/lib/python3.12/site-packages/airflow/example_dags/example_python_decorator.py took 0.512 seconds
[2026-03-19T22:39:53.683+0000] {processor.py:186} INFO - Started process (PID=135) to work on /home/airflow/.local/lib/python3.12/site-packages/airflow/example_dags/example_python_decorator.py
[2026-03-19T22:39:53.756+0000] {processor.py:914} INFO - Processing file /home/airflow/.local/lib/python3.12/site-packages/airflow/example_dags/example_python_decorator.py for tasks to queue
[2026-03-19T22:39:53.934+0000] {logging_mixin.py:190} INFO - [2026-03-19T22:39:53.921+0000] {dagbag.py:588} INFO - Filling up the DagBag from /home/airflow/.local/lib/python3.12/site-packages/airflow/example_dags/example_python_decorator.py
[2026-03-19T22:39:57.958+0000] {processor.py:925} INFO - DAG(s) 'example_python_decorator' retrieved from /home/airflow/.local/lib/python3.12/site-packages/airflow/example_dags/example_python_decorator.py
[2026-03-19T22:39:59.935+0000] {logging_mixin.py:190} INFO - [2026-03-19T22:39:59.890+0000] {dag.py:3239} INFO - Sync 1 DAGs
[2026-03-19T22:40:01.420+0000] {logging_mixin.py:190} INFO - [2026-03-19T22:40:01.376+0000] {dag.py:4180} INFO - Setting next_dagrun for example_python_decorator to None, run_after=None
[2026-03-19T22:40:04.015+0000] {processor.py:208} INFO - Processing /home/airflow/.local/lib/python3.12/site-packages/airflow/example_dags/example_python_decorator.py took 10.771 seconds
[2026-03-19T22:44:13.284+0000] {processor.py:186} INFO - Started process (PID=193) to work on /home/airflow/.local/lib/python3.12/site-packages/airflow/example_dags/example_python_decorator.py
[2026-03-19T22:44:13.406+0000] {processor.py:914} INFO - Processing file /home/airflow/.local/lib/python3.12/site-packages/airflow/example_dags/example_python_decorator.py for tasks to queue
[2026-03-19T22:44:13.603+0000] {logging_mixin.py:190} INFO - [2026-03-19T22:44:13.515+0000] {dagbag.py:588} INFO - Filling up the DagBag from /home/airflow/.local/lib/python3.12/site-packages/airflow/example_dags/example_python_decorator.py
[2026-03-19T22:44:15.866+0000] {processor.py:925} INFO - DAG(s) 'example_python_decorator' retrieved from /home/airflow/.local/lib/python3.12/site-packages/airflow/example_dags/example_python_decorator.py
[2026-03-19T22:44:18.892+0000] {logging_mixin.py:190} INFO - [2026-03-19T22:44:18.807+0000] {dag.py:3239} INFO - Sync 1 DAGs
[2026-03-19T22:44:20.894+0000] {logging_mixin.py:190} INFO - [2026-03-19T22:44:20.746+0000] {dag.py:4180} INFO - Setting next_dagrun for example_python_decorator to None, run_after=None
[2026-03-19T22:44:24.284+0000] {processor.py:208} INFO - Processing /home/airflow/.local/lib/python3.12/site-packages/airflow/example_dags/example_python_decorator.py took 11.981 seconds
[2026-03-19T22:47:42.984+0000] {processor.py:186} INFO - Started process (PID=77) to work on /home/airflow/.local/lib/python3.12/site-packages/airflow/example_dags/example_python_decorator.py
[2026-03-19T22:47:42.986+0000] {processor.py:914} INFO - Processing file /home/airflow/.local/lib/python3.12/site-packages/airflow/example_dags/example_python_decorator.py for tasks to queue
[2026-03-19T22:47:42.988+0000] {logging_mixin.py:190} INFO - [2026-03-19T22:47:42.988+0000] {dagbag.py:588} INFO - Filling up the DagBag from /home/airflow/.local/lib/python3.12/site-packages/airflow/example_dags/example_python_decorator.py
[2026-03-19T22:47:43.001+0000] {processor.py:925} INFO - DAG(s) 'example_python_decorator' retrieved from /home/airflow/.local/lib/python3.12/site-packages/airflow/example_dags/example_python_decorator.py
[2026-03-19T22:47:43.103+0000] {logging_mixin.py:190} INFO - [2026-03-19T22:47:43.103+0000] {override.py:1911} INFO - Created Permission View: can delete on DAG:example_python_decorator
[2026-03-19T22:47:43.117+0000] {logging_mixin.py:190} INFO - [2026-03-19T22:47:43.117+0000] {override.py:1911} INFO - Created Permission View: can edit on DAG:example_python_decorator
[2026-03-19T22:47:43.130+0000] {logging_mixin.py:190} INFO - [2026-03-19T22:47:43.130+0000] {override.py:1911} INFO - Created Permission View: can read on DAG:example_python_decorator
[2026-03-19T22:47:43.155+0000] {logging_mixin.py:190} INFO - [2026-03-19T22:47:43.154+0000] {override.py:1911} INFO - Created Permission View: can create on DAG Run:example_python_decorator
[2026-03-19T22:47:43.164+0000] {logging_mixin.py:190} INFO - [2026-03-19T22:47:43.164+0000] {override.py:1911} INFO - Created Permission View: can delete on DAG Run:example_python_decorator
[2026-03-19T22:47:43.174+0000] {logging_mixin.py:190} INFO - [2026-03-19T22:47:43.173+0000] {override.py:1911} INFO - Created Permission View: menu access on DAG Run:example_python_decorator
[2026-03-19T22:47:43.183+0000] {logging_mixin.py:190} INFO - [2026-03-19T22:47:43.182+0000] {override.py:1911} INFO - Created Permission View: can read on DAG Run:example_python_decorator
[2026-03-19T22:47:43.183+0000] {logging_mixin.py:190} INFO - [2026-03-19T22:47:43.183+0000] {dag.py:3239} INFO - Sync 1 DAGs
[2026-03-19T22:47:43.194+0000] {logging_mixin.py:190} INFO - [2026-03-19T22:47:43.193+0000] {dag.py:3262} INFO - Creating ORM DAG for example_python_decorator
[2026-03-19T22:47:43.194+0000] {logging_mixin.py:190} INFO - [2026-03-19T22:47:43.194+0000] {dag.py:4180} INFO - Setting next_dagrun for example_python_decorator to None, run_after=None
[2026-03-19T22:47:43.213+0000] {processor.py:208} INFO - Processing /home/airflow/.local/lib/python3.12/site-packages/airflow/example_dags/example_python_decorator.py took 0.234 seconds
[2026-03-19T22:48:13.409+0000] {processor.py:186} INFO - Started process (PID=134) to work on /home/airflow/.local/lib/python3.12/site-packages/airflow/example_dags/example_python_decorator.py
[2026-03-19T22:48:13.411+0000] {processor.py:914} INFO - Processing file /home/airflow/.local/lib/python3.12/site-packages/airflow/example_dags/example_python_decorator.py for tasks to queue
[2026-03-19T22:48:13.413+0000] {logging_mixin.py:190} INFO - [2026-03-19T22:48:13.413+0000] {dagbag.py:588} INFO - Filling up the DagBag from /home/airflow/.local/lib/python3.12/site-packages/airflow/example_dags/example_python_decorator.py
[2026-03-19T22:48:13.427+0000] {processor.py:925} INFO - DAG(s) 'example_python_decorator' retrieved from /home/airflow/.local/lib/python3.12/site-packages/airflow/example_dags/example_python_decorator.py
[2026-03-19T22:48:13.450+0000] {logging_mixin.py:190} INFO - [2026-03-19T22:48:13.449+0000] {dag.py:3239} INFO - Sync 1 DAGs
[2026-03-19T22:48:13.463+0000] {logging_mixin.py:190} INFO - [2026-03-19T22:48:13.463+0000] {dag.py:4180} INFO - Setting next_dagrun for example_python_decorator to None, run_after=None
[2026-03-19T22:48:13.483+0000] {processor.py:208} INFO - Processing /home/airflow/.local/lib/python3.12/site-packages/airflow/example_dags/example_python_decorator.py took 0.081 seconds
[2026-03-19T22:48:43.966+0000] {processor.py:186} INFO - Started process (PID=192) to work on /home/airflow/.local/lib/python3.12/site-packages/airflow/example_dags/example_python_decorator.py
[2026-03-19T22:48:43.966+0000] {processor.py:914} INFO - Processing file /home/airflow/.local/lib/python3.12/site-packages/airflow/example_dags/example_python_decorator.py for tasks to queue
[2026-03-19T22:48:43.968+0000] {logging_mixin.py:190} INFO - [2026-03-19T22:48:43.968+0000] {dagbag.py:588} INFO - Filling up the DagBag from /home/airflow/.local/lib/python3.12/site-packages/airflow/example_dags/example_python_decorator.py
[2026-03-19T22:48:43.980+0000] {processor.py:925} INFO - DAG(s) 'example_python_decorator' retrieved from /home/airflow/.local/lib/python3.12/site-packages/airflow/example_dags/example_python_decorator.py
[2026-03-19T22:48:43.998+0000] {logging_mixin.py:190} INFO - [2026-03-19T22:48:43.998+0000] {dag.py:3239} INFO - Sync 1 DAGs
[2026-03-19T22:48:44.010+0000] {logging_mixin.py:190} INFO - [2026-03-19T22:48:44.010+0000] {dag.py:4180} INFO - Setting next_dagrun for example_python_decorator to None, run_after=None
[2026-03-19T22:48:44.030+0000] {processor.py:208} INFO - Processing /home/airflow/.local/lib/python3.12/site-packages/airflow/example_dags/example_python_decorator.py took 0.069 seconds
[2026-03-19T22:49:14.865+0000] {processor.py:186} INFO - Started process (PID=250) to work on /home/airflow/.local/lib/python3.12/site-packages/airflow/example_dags/example_python_decorator.py
[2026-03-19T22:49:14.866+0000] {processor.py:914} INFO - Processing file /home/airflow/.local/lib/python3.12/site-packages/airflow/example_dags/example_python_decorator.py for tasks to queue
[2026-03-19T22:49:14.868+0000] {logging_mixin.py:190} INFO - [2026-03-19T22:49:14.868+0000] {dagbag.py:588} INFO - Filling up the DagBag from /home/airflow/.local/lib/python3.12/site-packages/airflow/example_dags/example_python_decorator.py
[2026-03-19T22:49:14.881+0000] {processor.py:925} INFO - DAG(s) 'example_python_decorator' retrieved from /home/airflow/.local/lib/python3.12/site-packages/airflow/example_dags/example_python_decorator.py
[2026-03-19T22:49:14.899+0000] {logging_mixin.py:190} INFO - [2026-03-19T22:49:14.899+0000] {dag.py:3239} INFO - Sync 1 DAGs
[2026-03-19T22:49:14.912+0000] {logging_mixin.py:190} INFO - [2026-03-19T22:49:14.912+0000] {dag.py:4180} INFO - Setting next_dagrun for example_python_decorator to None, run_after=None
[2026-03-19T22:49:14.930+0000] {processor.py:208} INFO - Processing /home/airflow/.local/lib/python3.12/site-packages/airflow/example_dags/example_python_decorator.py took 0.070 seconds
[2026-03-19T22:49:46.045+0000] {processor.py:186} INFO - Started process (PID=308) to work on /home/airflow/.local/lib/python3.12/site-packages/airflow/example_dags/example_python_decorator.py
[2026-03-19T22:49:46.046+0000] {processor.py:914} INFO - Processing file /home/airflow/.local/lib/python3.12/site-packages/airflow/example_dags/example_python_decorator.py for tasks to queue
[2026-03-19T22:49:46.048+0000] {logging_mixin.py:190} INFO - [2026-03-19T22:49:46.047+0000] {dagbag.py:588} INFO - Filling up the DagBag from /home/airflow/.local/lib/python3.12/site-packages/airflow/example_dags/example_python_decorator.py
[2026-03-19T22:49:46.059+0000] {processor.py:925} INFO - DAG(s) 'example_python_decorator' retrieved from /home/airflow/.local/lib/python3.12/site-packages/airflow/example_dags/example_python_decorator.py
[2026-03-19T22:49:46.077+0000] {logging_mixin.py:190} INFO - [2026-03-19T22:49:46.077+0000] {dag.py:3239} INFO - Sync 1 DAGs
[2026-03-19T22:49:46.089+0000] {logging_mixin.py:190} INFO - [2026-03-19T22:49:46.089+0000] {dag.py:4180} INFO - Setting next_dagrun for example_python_decorator to None, run_after=None
[2026-03-19T22:49:46.109+0000] {processor.py:208} INFO - Processing /home/airflow/.local/lib/python3.12/site-packages/airflow/example_dags/example_python_decorator.py took 0.069 seconds
[2026-03-19T22:50:16.673+0000] {processor.py:186} INFO - Started process (PID=368) to work on /home/airflow/.local/lib/python3.12/site-packages/airflow/example_dags/example_python_decorator.py
[2026-03-19T22:50:16.674+0000] {processor.py:914} INFO - Processing file /home/airflow/.local/lib/python3.12/site-packages/airflow/example_dags/example_python_decorator.py for tasks to queue
[2026-03-19T22:50:16.676+0000] {logging_mixin.py:190} INFO - [2026-03-19T22:50:16.676+0000] {dagbag.py:588} INFO - Filling up the DagBag from /home/airflow/.local/lib/python3.12/site-packages/airflow/example_dags/example_python_decorator.py
[2026-03-19T22:50:16.689+0000] {processor.py:925} INFO - DAG(s) 'example_python_decorator' retrieved from /home/airflow/.local/lib/python3.12/site-packages/airflow/example_dags/example_python_decorator.py
[2026-03-19T22:50:16.707+0000] {logging_mixin.py:190} INFO - [2026-03-19T22:50:16.707+0000] {dag.py:3239} INFO - Sync 1 DAGs
[2026-03-19T22:50:16.720+0000] {logging_mixin.py:190} INFO - [2026-03-19T22:50:16.720+0000] {dag.py:4180} INFO - Setting next_dagrun for example_python_decorator to None, run_after=None
[2026-03-19T22:50:16.739+0000] {processor.py:208} INFO - Processing /home/airflow/.local/lib/python3.12/site-packages/airflow/example_dags/example_python_decorator.py took 0.071 seconds
[2026-03-19T22:50:47.995+0000] {processor.py:186} INFO - Started process (PID=426) to work on /home/airflow/.local/lib/python3.12/site-packages/airflow/example_dags/example_python_decorator.py
[2026-03-19T22:50:47.996+0000] {processor.py:914} INFO - Processing file /home/airflow/.local/lib/python3.12/site-packages/airflow/example_dags/example_python_decorator.py for tasks to queue
[2026-03-19T22:50:47.998+0000] {logging_mixin.py:190} INFO - [2026-03-19T22:50:47.998+0000] {dagbag.py:588} INFO - Filling up the DagBag from /home/airflow/.local/lib/python3.12/site-packages/airflow/example_dags/example_python_decorator.py
[2026-03-19T22:50:48.011+0000] {processor.py:925} INFO - DAG(s) 'example_python_decorator' retrieved from /home/airflow/.local/lib/python3.12/site-packages/airflow/example_dags/example_python_decorator.py
[2026-03-19T22:50:48.028+0000] {logging_mixin.py:190} INFO - [2026-03-19T22:50:48.028+0000] {dag.py:3239} INFO - Sync 1 DAGs
[2026-03-19T22:50:48.041+0000] {logging_mixin.py:190} INFO - [2026-03-19T22:50:48.040+0000] {dag.py:4180} INFO - Setting next_dagrun for example_python_decorator to None, run_after=None
[2026-03-19T22:50:48.059+0000] {processor.py:208} INFO - Processing /home/airflow/.local/lib/python3.12/site-packages/airflow/example_dags/example_python_decorator.py took 0.068 seconds
[2026-03-19T22:51:18.757+0000] {processor.py:186} INFO - Started process (PID=484) to work on /home/airflow/.local/lib/python3.12/site-packages/airflow/example_dags/example_python_decorator.py
[2026-03-19T22:51:18.758+0000] {processor.py:914} INFO - Processing file /home/airflow/.local/lib/python3.12/site-packages/airflow/example_dags/example_python_decorator.py for tasks to queue
[2026-03-19T22:51:18.760+0000] {logging_mixin.py:190} INFO - [2026-03-19T22:51:18.760+0000] {dagbag.py:588} INFO - Filling up the DagBag from /home/airflow/.local/lib/python3.12/site-packages/airflow/example_dags/example_python_decorator.py
[2026-03-19T22:51:18.773+0000] {processor.py:925} INFO - DAG(s) 'example_python_decorator' retrieved from /home/airflow/.local/lib/python3.12/site-packages/airflow/example_dags/example_python_decorator.py
[2026-03-19T22:51:18.797+0000] {logging_mixin.py:190} INFO - [2026-03-19T22:51:18.797+0000] {dag.py:3239} INFO - Sync 1 DAGs
[2026-03-19T22:51:18.810+0000] {logging_mixin.py:190} INFO - [2026-03-19T22:51:18.810+0000] {dag.py:4180} INFO - Setting next_dagrun for example_python_decorator to None, run_after=None
[2026-03-19T22:51:18.839+0000] {processor.py:208} INFO - Processing /home/airflow/.local/lib/python3.12/site-packages/airflow/example_dags/example_python_decorator.py took 0.087 seconds
[2026-03-19T22:51:48.882+0000] {processor.py:186} INFO - Started process (PID=541) to work on /home/airflow/.local/lib/python3.12/site-packages/airflow/example_dags/example_python_decorator.py
[2026-03-19T22:51:48.883+0000] {processor.py:914} INFO - Processing file /home/airflow/.local/lib/python3.12/site-packages/airflow/example_dags/example_python_decorator.py for tasks to queue
[2026-03-19T22:51:48.885+0000] {logging_mixin.py:190} INFO - [2026-03-19T22:51:48.885+0000] {dagbag.py:588} INFO - Filling up the DagBag from /home/airflow/.local/lib/python3.12/site-packages/airflow/example_dags/example_python_decorator.py
[2026-03-19T22:51:48.897+0000] {processor.py:925} INFO - DAG(s) 'example_python_decorator' retrieved from /home/airflow/.local/lib/python3.12/site-packages/airflow/example_dags/example_python_decorator.py
[2026-03-19T22:51:48.916+0000] {logging_mixin.py:190} INFO - [2026-03-19T22:51:48.916+0000] {dag.py:3239} INFO - Sync 1 DAGs
[2026-03-19T22:51:48.929+0000] {logging_mixin.py:190} INFO - [2026-03-19T22:51:48.929+0000] {dag.py:4180} INFO - Setting next_dagrun for example_python_decorator to None, run_after=None
[2026-03-19T22:51:48.948+0000] {processor.py:208} INFO - Processing /home/airflow/.local/lib/python3.12/site-packages/airflow/example_dags/example_python_decorator.py took 0.072 seconds
[2026-03-19T22:52:19.485+0000] {processor.py:186} INFO - Started process (PID=599) to work on /home/airflow/.local/lib/python3.12/site-packages/airflow/example_dags/example_python_decorator.py
[2026-03-19T22:52:19.486+0000] {processor.py:914} INFO - Processing file /home/airflow/.local/lib/python3.12/site-packages/airflow/example_dags/example_python_decorator.py for tasks to queue
[2026-03-19T22:52:19.487+0000] {logging_mixin.py:190} INFO - [2026-03-19T22:52:19.487+0000] {dagbag.py:588} INFO - Filling up the DagBag from /home/airflow/.local/lib/python3.12/site-packages/airflow/example_dags/example_python_decorator.py
[2026-03-19T22:52:19.500+0000] {processor.py:925} INFO - DAG(s) 'example_python_decorator' retrieved from /home/airflow/.local/lib/python3.12/site-packages/airflow/example_dags/example_python_decorator.py
[2026-03-19T22:52:19.519+0000] {logging_mixin.py:190} INFO - [2026-03-19T22:52:19.518+0000] {dag.py:3239} INFO - Sync 1 DAGs
[2026-03-19T22:52:19.533+0000] {logging_mixin.py:190} INFO - [2026-03-19T22:52:19.533+0000] {dag.py:4180} INFO - Setting next_dagrun for example_python_decorator to None, run_after=None
[2026-03-19T22:52:19.556+0000] {processor.py:208} INFO - Processing /home/airflow/.local/lib/python3.12/site-packages/airflow/example_dags/example_python_decorator.py took 0.076 seconds
[2026-03-19T22:52:51.423+0000] {processor.py:186} INFO - Started process (PID=658) to work on /home/airflow/.local/lib/python3.12/site-packages/airflow/example_dags/example_python_decorator.py
[2026-03-19T22:52:51.424+0000] {processor.py:914} INFO - Processing file /home/airflow/.local/lib/python3.12/site-packages/airflow/example_dags/example_python_decorator.py for tasks to queue
[2026-03-19T22:52:51.426+0000] {logging_mixin.py:190} INFO - [2026-03-19T22:52:51.426+0000] {dagbag.py:588} INFO - Filling up the DagBag from /home/airflow/.local/lib/python3.12/site-packages/airflow/example_dags/example_python_decorator.py
[2026-03-19T22:52:51.438+0000] {processor.py:925} INFO - DAG(s) 'example_python_decorator' retrieved from /home/airflow/.local/lib/python3.12/site-packages/airflow/example_dags/example_python_decorator.py
[2026-03-19T22:52:51.456+0000] {logging_mixin.py:190} INFO - [2026-03-19T22:52:51.455+0000] {dag.py:3239} INFO - Sync 1 DAGs
[2026-03-19T22:52:51.468+0000] {logging_mixin.py:190} INFO - [2026-03-19T22:52:51.468+0000] {dag.py:4180} INFO - Setting next_dagrun for example_python_decorator to None, run_after=None
[2026-03-19T22:52:51.488+0000] {processor.py:208} INFO - Processing /home/airflow/.local/lib/python3.12/site-packages/airflow/example_dags/example_python_decorator.py took 0.070 seconds
[2026-03-19T22:53:22.880+0000] {processor.py:186} INFO - Started process (PID=716) to work on /home/airflow/.local/lib/python3.12/site-packages/airflow/example_dags/example_python_decorator.py
[2026-03-19T22:53:22.880+0000] {processor.py:914} INFO - Processing file /home/airflow/.local/lib/python3.12/site-packages/airflow/example_dags/example_python_decorator.py for tasks to queue
[2026-03-19T22:53:22.882+0000] {logging_mixin.py:190} INFO - [2026-03-19T22:53:22.882+0000] {dagbag.py:588} INFO - Filling up the DagBag from /home/airflow/.local/lib/python3.12/site-packages/airflow/example_dags/example_python_decorator.py
[2026-03-19T22:53:22.895+0000] {processor.py:925} INFO - DAG(s) 'example_python_decorator' retrieved from /home/airflow/.local/lib/python3.12/site-packages/airflow/example_dags/example_python_decorator.py
[2026-03-19T22:53:22.913+0000] {logging_mixin.py:190} INFO - [2026-03-19T22:53:22.913+0000] {dag.py:3239} INFO - Sync 1 DAGs
[2026-03-19T22:53:22.926+0000] {logging_mixin.py:190} INFO - [2026-03-19T22:53:22.926+0000] {dag.py:4180} INFO - Setting next_dagrun for example_python_decorator to None, run_after=None
[2026-03-19T22:53:22.948+0000] {processor.py:208} INFO - Processing /home/airflow/.local/lib/python3.12/site-packages/airflow/example_dags/example_python_decorator.py took 0.073 seconds
[2026-03-19T22:53:54.239+0000] {processor.py:186} INFO - Started process (PID=774) to work on /home/airflow/.local/lib/python3.12/site-packages/airflow/example_dags/example_python_decorator.py
[2026-03-19T22:53:54.240+0000] {processor.py:914} INFO - Processing file /home/airflow/.local/lib/python3.12/site-packages/airflow/example_dags/example_python_decorator.py for tasks to queue
[2026-03-19T22:53:54.242+0000] {logging_mixin.py:190} INFO - [2026-03-19T22:53:54.241+0000] {dagbag.py:588} INFO - Filling up the DagBag from /home/airflow/.local/lib/python3.12/site-packages/airflow/example_dags/example_python_decorator.py
[2026-03-19T22:53:54.254+0000] {processor.py:925} INFO - DAG(s) 'example_python_decorator' retrieved from /home/airflow/.local/lib/python3.12/site-packages/airflow/example_dags/example_python_decorator.py
[2026-03-19T22:53:54.272+0000] {logging_mixin.py:190} INFO - [2026-03-19T22:53:54.272+0000] {dag.py:3239} INFO - Sync 1 DAGs
[2026-03-19T22:53:54.284+0000] {logging_mixin.py:190} INFO - [2026-03-19T22:53:54.284+0000] {dag.py:4180} INFO - Setting next_dagrun for example_python_decorator to None, run_after=None
[2026-03-19T22:53:54.304+0000] {processor.py:208} INFO - Processing /home/airflow/.local/lib/python3.12/site-packages/airflow/example_dags/example_python_decorator.py took 0.071 seconds
[2026-03-19T22:54:25.640+0000] {processor.py:186} INFO - Started process (PID=832) to work on /home/airflow/.local/lib/python3.12/site-packages/airflow/example_dags/example_python_decorator.py
[2026-03-19T22:54:25.641+0000] {processor.py:914} INFO - Processing file /home/airflow/.local/lib/python3.12/site-packages/airflow/example_dags/example_python_decorator.py for tasks to queue
[2026-03-19T22:54:25.643+0000] {logging_mixin.py:190} INFO - [2026-03-19T22:54:25.643+0000] {dagbag.py:588} INFO - Filling up the DagBag from /home/airflow/.local/lib/python3.12/site-packages/airflow/example_dags/example_python_decorator.py
[2026-03-19T22:54:25.655+0000] {processor.py:925} INFO - DAG(s) 'example_python_decorator' retrieved from /home/airflow/.local/lib/python3.12/site-packages/airflow/example_dags/example_python_decorator.py
[2026-03-19T22:54:25.673+0000] {logging_mixin.py:190} INFO - [2026-03-19T22:54:25.673+0000] {dag.py:3239} INFO - Sync 1 DAGs
[2026-03-19T22:54:25.685+0000] {logging_mixin.py:190} INFO - [2026-03-19T22:54:25.685+0000] {dag.py:4180} INFO - Setting next_dagrun for example_python_decorator to None, run_after=None
[2026-03-19T22:54:25.703+0000] {processor.py:208} INFO - Processing /home/airflow/.local/lib/python3.12/site-packages/airflow/example_dags/example_python_decorator.py took 0.068 seconds
[2026-03-19T22:54:56.981+0000] {processor.py:186} INFO - Started process (PID=890) to work on /home/airflow/.local/lib/python3.12/site-packages/airflow/example_dags/example_python_decorator.py
[2026-03-19T22:54:56.982+0000] {processor.py:914} INFO - Processing file /home/airflow/.local/lib/python3.12/site-packages/airflow/example_dags/example_python_decorator.py for tasks to queue
[2026-03-19T22:54:56.984+0000] {logging_mixin.py:190} INFO - [2026-03-19T22:54:56.984+0000] {dagbag.py:588} INFO - Filling up the DagBag from /home/airflow/.local/lib/python3.12/site-packages/airflow/example_dags/example_python_decorator.py
[2026-03-19T22:54:56.996+0000] {processor.py:925} INFO - DAG(s) 'example_python_decorator' retrieved from /home/airflow/.local/lib/python3.12/site-packages/airflow/example_dags/example_python_decorator.py
[2026-03-19T22:54:57.013+0000] {logging_mixin.py:190} INFO - [2026-03-19T22:54:57.013+0000] {dag.py:3239} INFO - Sync 1 DAGs
[2026-03-19T22:54:57.025+0000] {logging_mixin.py:190} INFO - [2026-03-19T22:54:57.025+0000] {dag.py:4180} INFO - Setting next_dagrun for example_python_decorator to None, run_after=None
[2026-03-19T22:54:57.043+0000] {processor.py:208} INFO - Processing /home/airflow/.local/lib/python3.12/site-packages/airflow/example_dags/example_python_decorator.py took 0.067 seconds
[2026-03-19T22:55:28.261+0000] {processor.py:186} INFO - Started process (PID=948) to work on /home/airflow/.local/lib/python3.12/site-packages/airflow/example_dags/example_python_decorator.py
[2026-03-19T22:55:28.262+0000] {processor.py:914} INFO - Processing file /home/airflow/.local/lib/python3.12/site-packages/airflow/example_dags/example_python_decorator.py for tasks to queue
[2026-03-19T22:55:28.264+0000] {logging_mixin.py:190} INFO - [2026-03-19T22:55:28.263+0000] {dagbag.py:588} INFO - Filling up the DagBag from /home/airflow/.local/lib/python3.12/site-packages/airflow/example_dags/example_python_decorator.py
[2026-03-19T22:55:28.276+0000] {processor.py:925} INFO - DAG(s) 'example_python_decorator' retrieved from /home/airflow/.local/lib/python3.12/site-packages/airflow/example_dags/example_python_decorator.py
[2026-03-19T22:55:28.296+0000] {logging_mixin.py:190} INFO - [2026-03-19T22:55:28.296+0000] {dag.py:3239} INFO - Sync 1 DAGs
[2026-03-19T22:55:28.308+0000] {logging_mixin.py:190} INFO - [2026-03-19T22:55:28.308+0000] {dag.py:4180} INFO - Setting next_dagrun for example_python_decorator to None, run_after=None
[2026-03-19T22:55:28.328+0000] {processor.py:208} INFO - Processing /home/airflow/.local/lib/python3.12/site-packages/airflow/example_dags/example_python_decorator.py took 0.073 seconds
