[2026-03-19T22:37:02.919+0000] {processor.py:186} INFO - Started process (PID=84) to work on /home/airflow/.local/lib/python3.12/site-packages/airflow/example_dags/example_workday_timetable.py
[2026-03-19T22:37:02.922+0000] {processor.py:914} INFO - Processing file /home/airflow/.local/lib/python3.12/site-packages/airflow/example_dags/example_workday_timetable.py for tasks to queue
[2026-03-19T22:37:02.926+0000] {logging_mixin.py:190} INFO - [2026-03-19T22:37:02.925+0000] {dagbag.py:588} INFO - Filling up the DagBag from /home/airflow/.local/lib/python3.12/site-packages/airflow/example_dags/example_workday_timetable.py
[2026-03-19T22:37:02.937+0000] {processor.py:925} INFO - DAG(s) 'example_workday_timetable' retrieved from /home/airflow/.local/lib/python3.12/site-packages/airflow/example_dags/example_workday_timetable.py
[2026-03-19T22:37:03.165+0000] {logging_mixin.py:190} INFO - [2026-03-19T22:37:03.164+0000] {override.py:1911} INFO - Created Permission View: can read on DAG:example_workday_timetable
[2026-03-19T22:37:03.189+0000] {logging_mixin.py:190} INFO - [2026-03-19T22:37:03.188+0000] {override.py:1911} INFO - Created Permission View: can delete on DAG:example_workday_timetable
[2026-03-19T22:37:03.204+0000] {logging_mixin.py:190} INFO - [2026-03-19T22:37:03.204+0000] {override.py:1911} INFO - Created Permission View: can edit on DAG:example_workday_timetable
[2026-03-19T22:37:03.224+0000] {logging_mixin.py:190} INFO - [2026-03-19T22:37:03.223+0000] {override.py:1911} INFO - Created Permission View: can read on DAG Run:example_workday_timetable
[2026-03-19T22:37:03.238+0000] {logging_mixin.py:190} INFO - [2026-03-19T22:37:03.237+0000] {override.py:1911} INFO - Created Permission View: can create on DAG Run:example_workday_timetable
[2026-03-19T22:37:03.252+0000] {logging_mixin.py:190} INFO - [2026-03-19T22:37:03.252+0000] {override.py:1911} INFO - Created Permission View: menu access on DAG Run:example_workday_timetable
[2026-03-19T22:37:03.267+0000] {logging_mixin.py:190} INFO - [2026-03-19T22:37:03.266+0000] {override.py:1911} INFO - Created Permission View: can delete on DAG Run:example_workday_timetable
[2026-03-19T22:37:03.268+0000] {logging_mixin.py:190} INFO - [2026-03-19T22:37:03.268+0000] {dag.py:3239} INFO - Sync 1 DAGs
[2026-03-19T22:37:03.300+0000] {logging_mixin.py:190} INFO - [2026-03-19T22:37:03.299+0000] {dag.py:3262} INFO - Creating ORM DAG for example_workday_timetable
[2026-03-19T22:37:03.494+0000] {logging_mixin.py:190} INFO - [2026-03-19T22:37:03.493+0000] {dag.py:4180} INFO - Setting next_dagrun for example_workday_timetable to 2021-01-04 00:00:00+00:00, run_after=2021-01-05 00:00:00+00:00
[2026-03-19T22:37:03.549+0000] {processor.py:208} INFO - Processing /home/airflow/.local/lib/python3.12/site-packages/airflow/example_dags/example_workday_timetable.py took 0.639 seconds
[2026-03-19T22:40:39.287+0000] {processor.py:186} INFO - Started process (PID=142) to work on /home/airflow/.local/lib/python3.12/site-packages/airflow/example_dags/example_workday_timetable.py
[2026-03-19T22:40:39.295+0000] {processor.py:914} INFO - Processing file /home/airflow/.local/lib/python3.12/site-packages/airflow/example_dags/example_workday_timetable.py for tasks to queue
[2026-03-19T22:40:39.320+0000] {logging_mixin.py:190} INFO - [2026-03-19T22:40:39.317+0000] {dagbag.py:588} INFO - Filling up the DagBag from /home/airflow/.local/lib/python3.12/site-packages/airflow/example_dags/example_workday_timetable.py
[2026-03-19T22:40:39.393+0000] {processor.py:925} INFO - DAG(s) 'example_workday_timetable' retrieved from /home/airflow/.local/lib/python3.12/site-packages/airflow/example_dags/example_workday_timetable.py
[2026-03-19T22:40:39.681+0000] {logging_mixin.py:190} INFO - [2026-03-19T22:40:39.664+0000] {dag.py:3239} INFO - Sync 1 DAGs
[2026-03-19T22:40:41.634+0000] {logging_mixin.py:190} INFO - [2026-03-19T22:40:41.618+0000] {dag.py:4180} INFO - Setting next_dagrun for example_workday_timetable to 2021-01-04 00:00:00+00:00, run_after=2021-01-05 00:00:00+00:00
[2026-03-19T22:40:41.801+0000] {processor.py:208} INFO - Processing /home/airflow/.local/lib/python3.12/site-packages/airflow/example_dags/example_workday_timetable.py took 2.682 seconds
[2026-03-19T22:47:44.053+0000] {processor.py:186} INFO - Started process (PID=84) to work on /home/airflow/.local/lib/python3.12/site-packages/airflow/example_dags/example_workday_timetable.py
[2026-03-19T22:47:44.070+0000] {processor.py:914} INFO - Processing file /home/airflow/.local/lib/python3.12/site-packages/airflow/example_dags/example_workday_timetable.py for tasks to queue
[2026-03-19T22:47:44.072+0000] {logging_mixin.py:190} INFO - [2026-03-19T22:47:44.071+0000] {dagbag.py:588} INFO - Filling up the DagBag from /home/airflow/.local/lib/python3.12/site-packages/airflow/example_dags/example_workday_timetable.py
[2026-03-19T22:47:44.098+0000] {processor.py:925} INFO - DAG(s) 'example_workday_timetable' retrieved from /home/airflow/.local/lib/python3.12/site-packages/airflow/example_dags/example_workday_timetable.py
[2026-03-19T22:47:44.242+0000] {logging_mixin.py:190} INFO - [2026-03-19T22:47:44.241+0000] {override.py:1911} INFO - Created Permission View: can delete on DAG:example_workday_timetable
[2026-03-19T22:47:44.283+0000] {logging_mixin.py:190} INFO - [2026-03-19T22:47:44.283+0000] {override.py:1911} INFO - Created Permission View: can edit on DAG:example_workday_timetable
[2026-03-19T22:47:44.337+0000] {logging_mixin.py:190} INFO - [2026-03-19T22:47:44.336+0000] {override.py:1911} INFO - Created Permission View: can read on DAG:example_workday_timetable
[2026-03-19T22:47:44.421+0000] {logging_mixin.py:190} INFO - [2026-03-19T22:47:44.421+0000] {override.py:1911} INFO - Created Permission View: can create on DAG Run:example_workday_timetable
[2026-03-19T22:47:44.491+0000] {logging_mixin.py:190} INFO - [2026-03-19T22:47:44.491+0000] {override.py:1911} INFO - Created Permission View: can delete on DAG Run:example_workday_timetable
[2026-03-19T22:47:44.511+0000] {logging_mixin.py:190} INFO - [2026-03-19T22:47:44.511+0000] {override.py:1911} INFO - Created Permission View: menu access on DAG Run:example_workday_timetable
[2026-03-19T22:47:44.538+0000] {logging_mixin.py:190} INFO - [2026-03-19T22:47:44.538+0000] {override.py:1911} INFO - Created Permission View: can read on DAG Run:example_workday_timetable
[2026-03-19T22:47:44.539+0000] {logging_mixin.py:190} INFO - [2026-03-19T22:47:44.539+0000] {dag.py:3239} INFO - Sync 1 DAGs
[2026-03-19T22:47:44.549+0000] {logging_mixin.py:190} INFO - [2026-03-19T22:47:44.549+0000] {dag.py:3262} INFO - Creating ORM DAG for example_workday_timetable
[2026-03-19T22:47:44.601+0000] {logging_mixin.py:190} INFO - [2026-03-19T22:47:44.601+0000] {dag.py:4180} INFO - Setting next_dagrun for example_workday_timetable to 2021-01-04 00:00:00+00:00, run_after=2021-01-05 00:00:00+00:00
[2026-03-19T22:47:44.628+0000] {processor.py:208} INFO - Processing /home/airflow/.local/lib/python3.12/site-packages/airflow/example_dags/example_workday_timetable.py took 0.581 seconds
[2026-03-19T22:48:15.327+0000] {processor.py:186} INFO - Started process (PID=142) to work on /home/airflow/.local/lib/python3.12/site-packages/airflow/example_dags/example_workday_timetable.py
[2026-03-19T22:48:15.328+0000] {processor.py:914} INFO - Processing file /home/airflow/.local/lib/python3.12/site-packages/airflow/example_dags/example_workday_timetable.py for tasks to queue
[2026-03-19T22:48:15.330+0000] {logging_mixin.py:190} INFO - [2026-03-19T22:48:15.330+0000] {dagbag.py:588} INFO - Filling up the DagBag from /home/airflow/.local/lib/python3.12/site-packages/airflow/example_dags/example_workday_timetable.py
[2026-03-19T22:48:15.336+0000] {processor.py:925} INFO - DAG(s) 'example_workday_timetable' retrieved from /home/airflow/.local/lib/python3.12/site-packages/airflow/example_dags/example_workday_timetable.py
[2026-03-19T22:48:15.351+0000] {logging_mixin.py:190} INFO - [2026-03-19T22:48:15.351+0000] {dag.py:3239} INFO - Sync 1 DAGs
[2026-03-19T22:48:15.401+0000] {logging_mixin.py:190} INFO - [2026-03-19T22:48:15.401+0000] {dag.py:4180} INFO - Setting next_dagrun for example_workday_timetable to 2021-01-04 00:00:00+00:00, run_after=2021-01-05 00:00:00+00:00
[2026-03-19T22:48:15.422+0000] {processor.py:208} INFO - Processing /home/airflow/.local/lib/python3.12/site-packages/airflow/example_dags/example_workday_timetable.py took 0.100 seconds
[2026-03-19T22:48:45.873+0000] {processor.py:186} INFO - Started process (PID=200) to work on /home/airflow/.local/lib/python3.12/site-packages/airflow/example_dags/example_workday_timetable.py
[2026-03-19T22:48:45.874+0000] {processor.py:914} INFO - Processing file /home/airflow/.local/lib/python3.12/site-packages/airflow/example_dags/example_workday_timetable.py for tasks to queue
[2026-03-19T22:48:45.876+0000] {logging_mixin.py:190} INFO - [2026-03-19T22:48:45.875+0000] {dagbag.py:588} INFO - Filling up the DagBag from /home/airflow/.local/lib/python3.12/site-packages/airflow/example_dags/example_workday_timetable.py
[2026-03-19T22:48:45.882+0000] {processor.py:925} INFO - DAG(s) 'example_workday_timetable' retrieved from /home/airflow/.local/lib/python3.12/site-packages/airflow/example_dags/example_workday_timetable.py
[2026-03-19T22:48:45.898+0000] {logging_mixin.py:190} INFO - [2026-03-19T22:48:45.898+0000] {dag.py:3239} INFO - Sync 1 DAGs
[2026-03-19T22:48:45.951+0000] {logging_mixin.py:190} INFO - [2026-03-19T22:48:45.951+0000] {dag.py:4180} INFO - Setting next_dagrun for example_workday_timetable to 2021-01-04 00:00:00+00:00, run_after=2021-01-05 00:00:00+00:00
[2026-03-19T22:48:45.970+0000] {processor.py:208} INFO - Processing /home/airflow/.local/lib/python3.12/site-packages/airflow/example_dags/example_workday_timetable.py took 0.102 seconds
[2026-03-19T22:49:16.447+0000] {processor.py:186} INFO - Started process (PID=258) to work on /home/airflow/.local/lib/python3.12/site-packages/airflow/example_dags/example_workday_timetable.py
[2026-03-19T22:49:16.448+0000] {processor.py:914} INFO - Processing file /home/airflow/.local/lib/python3.12/site-packages/airflow/example_dags/example_workday_timetable.py for tasks to queue
[2026-03-19T22:49:16.450+0000] {logging_mixin.py:190} INFO - [2026-03-19T22:49:16.450+0000] {dagbag.py:588} INFO - Filling up the DagBag from /home/airflow/.local/lib/python3.12/site-packages/airflow/example_dags/example_workday_timetable.py
[2026-03-19T22:49:16.454+0000] {processor.py:925} INFO - DAG(s) 'example_workday_timetable' retrieved from /home/airflow/.local/lib/python3.12/site-packages/airflow/example_dags/example_workday_timetable.py
[2026-03-19T22:49:16.470+0000] {logging_mixin.py:190} INFO - [2026-03-19T22:49:16.470+0000] {dag.py:3239} INFO - Sync 1 DAGs
[2026-03-19T22:49:16.520+0000] {logging_mixin.py:190} INFO - [2026-03-19T22:49:16.520+0000] {dag.py:4180} INFO - Setting next_dagrun for example_workday_timetable to 2021-01-04 00:00:00+00:00, run_after=2021-01-05 00:00:00+00:00
[2026-03-19T22:49:16.541+0000] {processor.py:208} INFO - Processing /home/airflow/.local/lib/python3.12/site-packages/airflow/example_dags/example_workday_timetable.py took 0.099 seconds
[2026-03-19T22:49:46.749+0000] {processor.py:186} INFO - Started process (PID=316) to work on /home/airflow/.local/lib/python3.12/site-packages/airflow/example_dags/example_workday_timetable.py
[2026-03-19T22:49:46.750+0000] {processor.py:914} INFO - Processing file /home/airflow/.local/lib/python3.12/site-packages/airflow/example_dags/example_workday_timetable.py for tasks to queue
[2026-03-19T22:49:46.751+0000] {logging_mixin.py:190} INFO - [2026-03-19T22:49:46.751+0000] {dagbag.py:588} INFO - Filling up the DagBag from /home/airflow/.local/lib/python3.12/site-packages/airflow/example_dags/example_workday_timetable.py
[2026-03-19T22:49:46.756+0000] {processor.py:925} INFO - DAG(s) 'example_workday_timetable' retrieved from /home/airflow/.local/lib/python3.12/site-packages/airflow/example_dags/example_workday_timetable.py
[2026-03-19T22:49:46.772+0000] {logging_mixin.py:190} INFO - [2026-03-19T22:49:46.772+0000] {dag.py:3239} INFO - Sync 1 DAGs
[2026-03-19T22:49:46.822+0000] {logging_mixin.py:190} INFO - [2026-03-19T22:49:46.822+0000] {dag.py:4180} INFO - Setting next_dagrun for example_workday_timetable to 2021-01-04 00:00:00+00:00, run_after=2021-01-05 00:00:00+00:00
[2026-03-19T22:49:46.845+0000] {processor.py:208} INFO - Processing /home/airflow/.local/lib/python3.12/site-packages/airflow/example_dags/example_workday_timetable.py took 0.102 seconds
[2026-03-19T22:50:17.125+0000] {processor.py:186} INFO - Started process (PID=376) to work on /home/airflow/.local/lib/python3.12/site-packages/airflow/example_dags/example_workday_timetable.py
[2026-03-19T22:50:17.126+0000] {processor.py:914} INFO - Processing file /home/airflow/.local/lib/python3.12/site-packages/airflow/example_dags/example_workday_timetable.py for tasks to queue
[2026-03-19T22:50:17.128+0000] {logging_mixin.py:190} INFO - [2026-03-19T22:50:17.127+0000] {dagbag.py:588} INFO - Filling up the DagBag from /home/airflow/.local/lib/python3.12/site-packages/airflow/example_dags/example_workday_timetable.py
[2026-03-19T22:50:17.133+0000] {processor.py:925} INFO - DAG(s) 'example_workday_timetable' retrieved from /home/airflow/.local/lib/python3.12/site-packages/airflow/example_dags/example_workday_timetable.py
[2026-03-19T22:50:17.149+0000] {logging_mixin.py:190} INFO - [2026-03-19T22:50:17.148+0000] {dag.py:3239} INFO - Sync 1 DAGs
[2026-03-19T22:50:17.204+0000] {logging_mixin.py:190} INFO - [2026-03-19T22:50:17.204+0000] {dag.py:4180} INFO - Setting next_dagrun for example_workday_timetable to 2021-01-04 00:00:00+00:00, run_after=2021-01-05 00:00:00+00:00
[2026-03-19T22:50:17.226+0000] {processor.py:208} INFO - Processing /home/airflow/.local/lib/python3.12/site-packages/airflow/example_dags/example_workday_timetable.py took 0.106 seconds
[2026-03-19T22:50:48.389+0000] {processor.py:186} INFO - Started process (PID=434) to work on /home/airflow/.local/lib/python3.12/site-packages/airflow/example_dags/example_workday_timetable.py
[2026-03-19T22:50:48.390+0000] {processor.py:914} INFO - Processing file /home/airflow/.local/lib/python3.12/site-packages/airflow/example_dags/example_workday_timetable.py for tasks to queue
[2026-03-19T22:50:48.391+0000] {logging_mixin.py:190} INFO - [2026-03-19T22:50:48.391+0000] {dagbag.py:588} INFO - Filling up the DagBag from /home/airflow/.local/lib/python3.12/site-packages/airflow/example_dags/example_workday_timetable.py
[2026-03-19T22:50:48.396+0000] {processor.py:925} INFO - DAG(s) 'example_workday_timetable' retrieved from /home/airflow/.local/lib/python3.12/site-packages/airflow/example_dags/example_workday_timetable.py
[2026-03-19T22:50:48.413+0000] {logging_mixin.py:190} INFO - [2026-03-19T22:50:48.413+0000] {dag.py:3239} INFO - Sync 1 DAGs
[2026-03-19T22:50:48.469+0000] {logging_mixin.py:190} INFO - [2026-03-19T22:50:48.468+0000] {dag.py:4180} INFO - Setting next_dagrun for example_workday_timetable to 2021-01-04 00:00:00+00:00, run_after=2021-01-05 00:00:00+00:00
[2026-03-19T22:50:48.490+0000] {processor.py:208} INFO - Processing /home/airflow/.local/lib/python3.12/site-packages/airflow/example_dags/example_workday_timetable.py took 0.106 seconds
[2026-03-19T22:51:19.364+0000] {processor.py:186} INFO - Started process (PID=492) to work on /home/airflow/.local/lib/python3.12/site-packages/airflow/example_dags/example_workday_timetable.py
[2026-03-19T22:51:19.365+0000] {processor.py:914} INFO - Processing file /home/airflow/.local/lib/python3.12/site-packages/airflow/example_dags/example_workday_timetable.py for tasks to queue
[2026-03-19T22:51:19.367+0000] {logging_mixin.py:190} INFO - [2026-03-19T22:51:19.367+0000] {dagbag.py:588} INFO - Filling up the DagBag from /home/airflow/.local/lib/python3.12/site-packages/airflow/example_dags/example_workday_timetable.py
[2026-03-19T22:51:19.373+0000] {processor.py:925} INFO - DAG(s) 'example_workday_timetable' retrieved from /home/airflow/.local/lib/python3.12/site-packages/airflow/example_dags/example_workday_timetable.py
[2026-03-19T22:51:19.392+0000] {logging_mixin.py:190} INFO - [2026-03-19T22:51:19.392+0000] {dag.py:3239} INFO - Sync 1 DAGs
[2026-03-19T22:51:19.448+0000] {logging_mixin.py:190} INFO - [2026-03-19T22:51:19.448+0000] {dag.py:4180} INFO - Setting next_dagrun for example_workday_timetable to 2021-01-04 00:00:00+00:00, run_after=2021-01-05 00:00:00+00:00
[2026-03-19T22:51:19.468+0000] {processor.py:208} INFO - Processing /home/airflow/.local/lib/python3.12/site-packages/airflow/example_dags/example_workday_timetable.py took 0.110 seconds
[2026-03-19T22:51:49.536+0000] {processor.py:186} INFO - Started process (PID=549) to work on /home/airflow/.local/lib/python3.12/site-packages/airflow/example_dags/example_workday_timetable.py
[2026-03-19T22:51:49.536+0000] {processor.py:914} INFO - Processing file /home/airflow/.local/lib/python3.12/site-packages/airflow/example_dags/example_workday_timetable.py for tasks to queue
[2026-03-19T22:51:49.538+0000] {logging_mixin.py:190} INFO - [2026-03-19T22:51:49.538+0000] {dagbag.py:588} INFO - Filling up the DagBag from /home/airflow/.local/lib/python3.12/site-packages/airflow/example_dags/example_workday_timetable.py
[2026-03-19T22:51:49.543+0000] {processor.py:925} INFO - DAG(s) 'example_workday_timetable' retrieved from /home/airflow/.local/lib/python3.12/site-packages/airflow/example_dags/example_workday_timetable.py
[2026-03-19T22:51:49.559+0000] {logging_mixin.py:190} INFO - [2026-03-19T22:51:49.559+0000] {dag.py:3239} INFO - Sync 1 DAGs
[2026-03-19T22:51:49.610+0000] {logging_mixin.py:190} INFO - [2026-03-19T22:51:49.610+0000] {dag.py:4180} INFO - Setting next_dagrun for example_workday_timetable to 2021-01-04 00:00:00+00:00, run_after=2021-01-05 00:00:00+00:00
[2026-03-19T22:51:49.629+0000] {processor.py:208} INFO - Processing /home/airflow/.local/lib/python3.12/site-packages/airflow/example_dags/example_workday_timetable.py took 0.098 seconds
[2026-03-19T22:52:20.236+0000] {processor.py:186} INFO - Started process (PID=607) to work on /home/airflow/.local/lib/python3.12/site-packages/airflow/example_dags/example_workday_timetable.py
[2026-03-19T22:52:20.237+0000] {processor.py:914} INFO - Processing file /home/airflow/.local/lib/python3.12/site-packages/airflow/example_dags/example_workday_timetable.py for tasks to queue
[2026-03-19T22:52:20.239+0000] {logging_mixin.py:190} INFO - [2026-03-19T22:52:20.239+0000] {dagbag.py:588} INFO - Filling up the DagBag from /home/airflow/.local/lib/python3.12/site-packages/airflow/example_dags/example_workday_timetable.py
[2026-03-19T22:52:20.244+0000] {processor.py:925} INFO - DAG(s) 'example_workday_timetable' retrieved from /home/airflow/.local/lib/python3.12/site-packages/airflow/example_dags/example_workday_timetable.py
[2026-03-19T22:52:20.260+0000] {logging_mixin.py:190} INFO - [2026-03-19T22:52:20.259+0000] {dag.py:3239} INFO - Sync 1 DAGs
[2026-03-19T22:52:20.310+0000] {logging_mixin.py:190} INFO - [2026-03-19T22:52:20.310+0000] {dag.py:4180} INFO - Setting next_dagrun for example_workday_timetable to 2021-01-04 00:00:00+00:00, run_after=2021-01-05 00:00:00+00:00
[2026-03-19T22:52:20.333+0000] {processor.py:208} INFO - Processing /home/airflow/.local/lib/python3.12/site-packages/airflow/example_dags/example_workday_timetable.py took 0.102 seconds
[2026-03-19T22:52:51.727+0000] {processor.py:186} INFO - Started process (PID=665) to work on /home/airflow/.local/lib/python3.12/site-packages/airflow/example_dags/example_workday_timetable.py
[2026-03-19T22:52:51.728+0000] {processor.py:914} INFO - Processing file /home/airflow/.local/lib/python3.12/site-packages/airflow/example_dags/example_workday_timetable.py for tasks to queue
[2026-03-19T22:52:51.730+0000] {logging_mixin.py:190} INFO - [2026-03-19T22:52:51.730+0000] {dagbag.py:588} INFO - Filling up the DagBag from /home/airflow/.local/lib/python3.12/site-packages/airflow/example_dags/example_workday_timetable.py
[2026-03-19T22:52:51.735+0000] {processor.py:925} INFO - DAG(s) 'example_workday_timetable' retrieved from /home/airflow/.local/lib/python3.12/site-packages/airflow/example_dags/example_workday_timetable.py
[2026-03-19T22:52:51.751+0000] {logging_mixin.py:190} INFO - [2026-03-19T22:52:51.751+0000] {dag.py:3239} INFO - Sync 1 DAGs
[2026-03-19T22:52:51.805+0000] {logging_mixin.py:190} INFO - [2026-03-19T22:52:51.804+0000] {dag.py:4180} INFO - Setting next_dagrun for example_workday_timetable to 2021-01-04 00:00:00+00:00, run_after=2021-01-05 00:00:00+00:00
[2026-03-19T22:52:51.823+0000] {processor.py:208} INFO - Processing /home/airflow/.local/lib/python3.12/site-packages/airflow/example_dags/example_workday_timetable.py took 0.100 seconds
[2026-03-19T22:53:23.199+0000] {processor.py:186} INFO - Started process (PID=723) to work on /home/airflow/.local/lib/python3.12/site-packages/airflow/example_dags/example_workday_timetable.py
[2026-03-19T22:53:23.200+0000] {processor.py:914} INFO - Processing file /home/airflow/.local/lib/python3.12/site-packages/airflow/example_dags/example_workday_timetable.py for tasks to queue
[2026-03-19T22:53:23.202+0000] {logging_mixin.py:190} INFO - [2026-03-19T22:53:23.202+0000] {dagbag.py:588} INFO - Filling up the DagBag from /home/airflow/.local/lib/python3.12/site-packages/airflow/example_dags/example_workday_timetable.py
[2026-03-19T22:53:23.207+0000] {processor.py:925} INFO - DAG(s) 'example_workday_timetable' retrieved from /home/airflow/.local/lib/python3.12/site-packages/airflow/example_dags/example_workday_timetable.py
[2026-03-19T22:53:23.222+0000] {logging_mixin.py:190} INFO - [2026-03-19T22:53:23.222+0000] {dag.py:3239} INFO - Sync 1 DAGs
[2026-03-19T22:53:23.274+0000] {logging_mixin.py:190} INFO - [2026-03-19T22:53:23.273+0000] {dag.py:4180} INFO - Setting next_dagrun for example_workday_timetable to 2021-01-04 00:00:00+00:00, run_after=2021-01-05 00:00:00+00:00
[2026-03-19T22:53:23.292+0000] {processor.py:208} INFO - Processing /home/airflow/.local/lib/python3.12/site-packages/airflow/example_dags/example_workday_timetable.py took 0.098 seconds
[2026-03-19T22:53:54.784+0000] {processor.py:186} INFO - Started process (PID=781) to work on /home/airflow/.local/lib/python3.12/site-packages/airflow/example_dags/example_workday_timetable.py
[2026-03-19T22:53:54.785+0000] {processor.py:914} INFO - Processing file /home/airflow/.local/lib/python3.12/site-packages/airflow/example_dags/example_workday_timetable.py for tasks to queue
[2026-03-19T22:53:54.787+0000] {logging_mixin.py:190} INFO - [2026-03-19T22:53:54.787+0000] {dagbag.py:588} INFO - Filling up the DagBag from /home/airflow/.local/lib/python3.12/site-packages/airflow/example_dags/example_workday_timetable.py
[2026-03-19T22:53:54.792+0000] {processor.py:925} INFO - DAG(s) 'example_workday_timetable' retrieved from /home/airflow/.local/lib/python3.12/site-packages/airflow/example_dags/example_workday_timetable.py
[2026-03-19T22:53:54.807+0000] {logging_mixin.py:190} INFO - [2026-03-19T22:53:54.807+0000] {dag.py:3239} INFO - Sync 1 DAGs
[2026-03-19T22:53:54.859+0000] {logging_mixin.py:190} INFO - [2026-03-19T22:53:54.859+0000] {dag.py:4180} INFO - Setting next_dagrun for example_workday_timetable to 2021-01-04 00:00:00+00:00, run_after=2021-01-05 00:00:00+00:00
[2026-03-19T22:53:54.879+0000] {processor.py:208} INFO - Processing /home/airflow/.local/lib/python3.12/site-packages/airflow/example_dags/example_workday_timetable.py took 0.099 seconds
[2026-03-19T22:54:25.967+0000] {processor.py:186} INFO - Started process (PID=839) to work on /home/airflow/.local/lib/python3.12/site-packages/airflow/example_dags/example_workday_timetable.py
[2026-03-19T22:54:25.968+0000] {processor.py:914} INFO - Processing file /home/airflow/.local/lib/python3.12/site-packages/airflow/example_dags/example_workday_timetable.py for tasks to queue
[2026-03-19T22:54:25.970+0000] {logging_mixin.py:190} INFO - [2026-03-19T22:54:25.969+0000] {dagbag.py:588} INFO - Filling up the DagBag from /home/airflow/.local/lib/python3.12/site-packages/airflow/example_dags/example_workday_timetable.py
[2026-03-19T22:54:25.975+0000] {processor.py:925} INFO - DAG(s) 'example_workday_timetable' retrieved from /home/airflow/.local/lib/python3.12/site-packages/airflow/example_dags/example_workday_timetable.py
[2026-03-19T22:54:25.990+0000] {logging_mixin.py:190} INFO - [2026-03-19T22:54:25.990+0000] {dag.py:3239} INFO - Sync 1 DAGs
[2026-03-19T22:54:26.044+0000] {logging_mixin.py:190} INFO - [2026-03-19T22:54:26.044+0000] {dag.py:4180} INFO - Setting next_dagrun for example_workday_timetable to 2021-01-04 00:00:00+00:00, run_after=2021-01-05 00:00:00+00:00
[2026-03-19T22:54:26.064+0000] {processor.py:208} INFO - Processing /home/airflow/.local/lib/python3.12/site-packages/airflow/example_dags/example_workday_timetable.py took 0.102 seconds
[2026-03-19T22:54:57.290+0000] {processor.py:186} INFO - Started process (PID=897) to work on /home/airflow/.local/lib/python3.12/site-packages/airflow/example_dags/example_workday_timetable.py
[2026-03-19T22:54:57.291+0000] {processor.py:914} INFO - Processing file /home/airflow/.local/lib/python3.12/site-packages/airflow/example_dags/example_workday_timetable.py for tasks to queue
[2026-03-19T22:54:57.293+0000] {logging_mixin.py:190} INFO - [2026-03-19T22:54:57.292+0000] {dagbag.py:588} INFO - Filling up the DagBag from /home/airflow/.local/lib/python3.12/site-packages/airflow/example_dags/example_workday_timetable.py
[2026-03-19T22:54:57.298+0000] {processor.py:925} INFO - DAG(s) 'example_workday_timetable' retrieved from /home/airflow/.local/lib/python3.12/site-packages/airflow/example_dags/example_workday_timetable.py
[2026-03-19T22:54:57.314+0000] {logging_mixin.py:190} INFO - [2026-03-19T22:54:57.314+0000] {dag.py:3239} INFO - Sync 1 DAGs
[2026-03-19T22:54:57.366+0000] {logging_mixin.py:190} INFO - [2026-03-19T22:54:57.366+0000] {dag.py:4180} INFO - Setting next_dagrun for example_workday_timetable to 2021-01-04 00:00:00+00:00, run_after=2021-01-05 00:00:00+00:00
[2026-03-19T22:54:57.384+0000] {processor.py:208} INFO - Processing /home/airflow/.local/lib/python3.12/site-packages/airflow/example_dags/example_workday_timetable.py took 0.099 seconds
[2026-03-19T22:55:28.618+0000] {processor.py:186} INFO - Started process (PID=955) to work on /home/airflow/.local/lib/python3.12/site-packages/airflow/example_dags/example_workday_timetable.py
[2026-03-19T22:55:28.619+0000] {processor.py:914} INFO - Processing file /home/airflow/.local/lib/python3.12/site-packages/airflow/example_dags/example_workday_timetable.py for tasks to queue
[2026-03-19T22:55:28.620+0000] {logging_mixin.py:190} INFO - [2026-03-19T22:55:28.620+0000] {dagbag.py:588} INFO - Filling up the DagBag from /home/airflow/.local/lib/python3.12/site-packages/airflow/example_dags/example_workday_timetable.py
[2026-03-19T22:55:28.625+0000] {processor.py:925} INFO - DAG(s) 'example_workday_timetable' retrieved from /home/airflow/.local/lib/python3.12/site-packages/airflow/example_dags/example_workday_timetable.py
[2026-03-19T22:55:28.641+0000] {logging_mixin.py:190} INFO - [2026-03-19T22:55:28.641+0000] {dag.py:3239} INFO - Sync 1 DAGs
[2026-03-19T22:55:28.692+0000] {logging_mixin.py:190} INFO - [2026-03-19T22:55:28.692+0000] {dag.py:4180} INFO - Setting next_dagrun for example_workday_timetable to 2021-01-04 00:00:00+00:00, run_after=2021-01-05 00:00:00+00:00
[2026-03-19T22:55:28.712+0000] {processor.py:208} INFO - Processing /home/airflow/.local/lib/python3.12/site-packages/airflow/example_dags/example_workday_timetable.py took 0.099 seconds
