[2026-03-19T22:37:04.312+0000] {processor.py:186} INFO - Started process (PID=88) to work on /home/airflow/.local/lib/python3.12/site-packages/airflow/example_dags/example_subdag_operator.py
[2026-03-19T22:37:04.313+0000] {processor.py:914} INFO - Processing file /home/airflow/.local/lib/python3.12/site-packages/airflow/example_dags/example_subdag_operator.py for tasks to queue
[2026-03-19T22:37:04.316+0000] {logging_mixin.py:190} INFO - [2026-03-19T22:37:04.316+0000] {dagbag.py:588} INFO - Filling up the DagBag from /home/airflow/.local/lib/python3.12/site-packages/airflow/example_dags/example_subdag_operator.py
[2026-03-19T22:37:04.352+0000] {processor.py:925} INFO - DAG(s) 'example_subdag_operator.section-1', 'example_subdag_operator.section-2', 'example_subdag_operator' retrieved from /home/airflow/.local/lib/python3.12/site-packages/airflow/example_dags/example_subdag_operator.py
[2026-03-19T22:37:05.472+0000] {logging_mixin.py:190} INFO - [2026-03-19T22:37:05.471+0000] {override.py:1911} INFO - Created Permission View: can read on DAG:example_subdag_operator
[2026-03-19T22:37:05.500+0000] {logging_mixin.py:190} INFO - [2026-03-19T22:37:05.500+0000] {override.py:1911} INFO - Created Permission View: can delete on DAG:example_subdag_operator
[2026-03-19T22:37:05.526+0000] {logging_mixin.py:190} INFO - [2026-03-19T22:37:05.526+0000] {override.py:1911} INFO - Created Permission View: can edit on DAG:example_subdag_operator
[2026-03-19T22:37:05.552+0000] {logging_mixin.py:190} INFO - [2026-03-19T22:37:05.551+0000] {override.py:1911} INFO - Created Permission View: can read on DAG Run:example_subdag_operator
[2026-03-19T22:37:05.566+0000] {logging_mixin.py:190} INFO - [2026-03-19T22:37:05.566+0000] {override.py:1911} INFO - Created Permission View: can create on DAG Run:example_subdag_operator
[2026-03-19T22:37:05.583+0000] {logging_mixin.py:190} INFO - [2026-03-19T22:37:05.582+0000] {override.py:1911} INFO - Created Permission View: menu access on DAG Run:example_subdag_operator
[2026-03-19T22:37:05.605+0000] {logging_mixin.py:190} INFO - [2026-03-19T22:37:05.605+0000] {override.py:1911} INFO - Created Permission View: can delete on DAG Run:example_subdag_operator
[2026-03-19T22:37:05.606+0000] {logging_mixin.py:190} INFO - [2026-03-19T22:37:05.606+0000] {dag.py:3239} INFO - Sync 3 DAGs
[2026-03-19T22:37:05.642+0000] {logging_mixin.py:190} INFO - [2026-03-19T22:37:05.642+0000] {dag.py:3262} INFO - Creating ORM DAG for example_subdag_operator.section-1
[2026-03-19T22:37:05.644+0000] {logging_mixin.py:190} INFO - [2026-03-19T22:37:05.643+0000] {dag.py:3262} INFO - Creating ORM DAG for example_subdag_operator.section-2
[2026-03-19T22:37:05.647+0000] {logging_mixin.py:190} INFO - [2026-03-19T22:37:05.646+0000] {dag.py:3262} INFO - Creating ORM DAG for example_subdag_operator
[2026-03-19T22:37:05.670+0000] {logging_mixin.py:190} INFO - [2026-03-19T22:37:05.670+0000] {dag.py:4180} INFO - Setting next_dagrun for example_subdag_operator to 2022-01-01 00:00:00+00:00, run_after=2022-01-01 00:00:00+00:00
[2026-03-19T22:37:05.672+0000] {logging_mixin.py:190} INFO - [2026-03-19T22:37:05.672+0000] {dag.py:4180} INFO - Setting next_dagrun for example_subdag_operator.section-1 to None, run_after=None
[2026-03-19T22:37:05.674+0000] {logging_mixin.py:190} INFO - [2026-03-19T22:37:05.673+0000] {dag.py:4180} INFO - Setting next_dagrun for example_subdag_operator.section-2 to None, run_after=None
[2026-03-19T22:37:05.693+0000] {logging_mixin.py:190} INFO - [2026-03-19T22:37:05.692+0000] {dag.py:3239} INFO - Sync 2 DAGs
[2026-03-19T22:37:05.702+0000] {logging_mixin.py:190} INFO - [2026-03-19T22:37:05.702+0000] {dag.py:4180} INFO - Setting next_dagrun for example_subdag_operator.section-1 to None, run_after=None
[2026-03-19T22:37:05.708+0000] {logging_mixin.py:190} INFO - [2026-03-19T22:37:05.708+0000] {dag.py:4180} INFO - Setting next_dagrun for example_subdag_operator.section-2 to None, run_after=None
[2026-03-19T22:37:05.738+0000] {processor.py:208} INFO - Processing /home/airflow/.local/lib/python3.12/site-packages/airflow/example_dags/example_subdag_operator.py took 1.433 seconds
[2026-03-19T22:40:42.180+0000] {processor.py:186} INFO - Started process (PID=146) to work on /home/airflow/.local/lib/python3.12/site-packages/airflow/example_dags/example_subdag_operator.py
[2026-03-19T22:40:42.182+0000] {processor.py:914} INFO - Processing file /home/airflow/.local/lib/python3.12/site-packages/airflow/example_dags/example_subdag_operator.py for tasks to queue
[2026-03-19T22:40:42.185+0000] {logging_mixin.py:190} INFO - [2026-03-19T22:40:42.185+0000] {dagbag.py:588} INFO - Filling up the DagBag from /home/airflow/.local/lib/python3.12/site-packages/airflow/example_dags/example_subdag_operator.py
[2026-03-19T22:40:42.248+0000] {processor.py:925} INFO - DAG(s) 'example_subdag_operator.section-1', 'example_subdag_operator.section-2', 'example_subdag_operator' retrieved from /home/airflow/.local/lib/python3.12/site-packages/airflow/example_dags/example_subdag_operator.py
[2026-03-19T22:40:42.345+0000] {logging_mixin.py:190} INFO - [2026-03-19T22:40:42.344+0000] {dag.py:3239} INFO - Sync 3 DAGs
[2026-03-19T22:40:42.406+0000] {logging_mixin.py:190} INFO - [2026-03-19T22:40:42.406+0000] {dag.py:4180} INFO - Setting next_dagrun for example_subdag_operator to 2022-01-01 00:00:00+00:00, run_after=2022-01-01 00:00:00+00:00
[2026-03-19T22:40:42.412+0000] {logging_mixin.py:190} INFO - [2026-03-19T22:40:42.412+0000] {dag.py:4180} INFO - Setting next_dagrun for example_subdag_operator.section-1 to None, run_after=None
[2026-03-19T22:40:42.415+0000] {logging_mixin.py:190} INFO - [2026-03-19T22:40:42.415+0000] {dag.py:4180} INFO - Setting next_dagrun for example_subdag_operator.section-2 to None, run_after=None
[2026-03-19T22:40:42.427+0000] {logging_mixin.py:190} INFO - [2026-03-19T22:40:42.427+0000] {dag.py:3239} INFO - Sync 2 DAGs
[2026-03-19T22:40:42.433+0000] {logging_mixin.py:190} INFO - [2026-03-19T22:40:42.433+0000] {dag.py:4180} INFO - Setting next_dagrun for example_subdag_operator.section-1 to None, run_after=None
[2026-03-19T22:40:42.434+0000] {logging_mixin.py:190} INFO - [2026-03-19T22:40:42.434+0000] {dag.py:4180} INFO - Setting next_dagrun for example_subdag_operator.section-2 to None, run_after=None
[2026-03-19T22:40:42.452+0000] {processor.py:208} INFO - Processing /home/airflow/.local/lib/python3.12/site-packages/airflow/example_dags/example_subdag_operator.py took 0.204 seconds
[2026-03-19T22:47:44.939+0000] {processor.py:186} INFO - Started process (PID=88) to work on /home/airflow/.local/lib/python3.12/site-packages/airflow/example_dags/example_subdag_operator.py
[2026-03-19T22:47:44.940+0000] {processor.py:914} INFO - Processing file /home/airflow/.local/lib/python3.12/site-packages/airflow/example_dags/example_subdag_operator.py for tasks to queue
[2026-03-19T22:47:44.942+0000] {logging_mixin.py:190} INFO - [2026-03-19T22:47:44.942+0000] {dagbag.py:588} INFO - Filling up the DagBag from /home/airflow/.local/lib/python3.12/site-packages/airflow/example_dags/example_subdag_operator.py
[2026-03-19T22:47:44.966+0000] {processor.py:925} INFO - DAG(s) 'example_subdag_operator.section-1', 'example_subdag_operator.section-2', 'example_subdag_operator' retrieved from /home/airflow/.local/lib/python3.12/site-packages/airflow/example_dags/example_subdag_operator.py
[2026-03-19T22:47:45.073+0000] {logging_mixin.py:190} INFO - [2026-03-19T22:47:45.072+0000] {override.py:1911} INFO - Created Permission View: can delete on DAG:example_subdag_operator
[2026-03-19T22:47:45.097+0000] {logging_mixin.py:190} INFO - [2026-03-19T22:47:45.097+0000] {override.py:1911} INFO - Created Permission View: can edit on DAG:example_subdag_operator
[2026-03-19T22:47:45.110+0000] {logging_mixin.py:190} INFO - [2026-03-19T22:47:45.110+0000] {override.py:1911} INFO - Created Permission View: can read on DAG:example_subdag_operator
[2026-03-19T22:47:45.131+0000] {logging_mixin.py:190} INFO - [2026-03-19T22:47:45.131+0000] {override.py:1911} INFO - Created Permission View: can create on DAG Run:example_subdag_operator
[2026-03-19T22:47:45.143+0000] {logging_mixin.py:190} INFO - [2026-03-19T22:47:45.143+0000] {override.py:1911} INFO - Created Permission View: can delete on DAG Run:example_subdag_operator
[2026-03-19T22:47:45.153+0000] {logging_mixin.py:190} INFO - [2026-03-19T22:47:45.153+0000] {override.py:1911} INFO - Created Permission View: menu access on DAG Run:example_subdag_operator
[2026-03-19T22:47:45.163+0000] {logging_mixin.py:190} INFO - [2026-03-19T22:47:45.163+0000] {override.py:1911} INFO - Created Permission View: can read on DAG Run:example_subdag_operator
[2026-03-19T22:47:45.164+0000] {logging_mixin.py:190} INFO - [2026-03-19T22:47:45.164+0000] {dag.py:3239} INFO - Sync 3 DAGs
[2026-03-19T22:47:45.182+0000] {logging_mixin.py:190} INFO - [2026-03-19T22:47:45.182+0000] {dag.py:3262} INFO - Creating ORM DAG for example_subdag_operator.section-1
[2026-03-19T22:47:45.184+0000] {logging_mixin.py:190} INFO - [2026-03-19T22:47:45.183+0000] {dag.py:3262} INFO - Creating ORM DAG for example_subdag_operator
[2026-03-19T22:47:45.184+0000] {logging_mixin.py:190} INFO - [2026-03-19T22:47:45.184+0000] {dag.py:3262} INFO - Creating ORM DAG for example_subdag_operator.section-2
[2026-03-19T22:47:45.193+0000] {logging_mixin.py:190} INFO - [2026-03-19T22:47:45.193+0000] {dag.py:4180} INFO - Setting next_dagrun for example_subdag_operator to 2022-01-01 00:00:00+00:00, run_after=2022-01-01 00:00:00+00:00
[2026-03-19T22:47:45.194+0000] {logging_mixin.py:190} INFO - [2026-03-19T22:47:45.194+0000] {dag.py:4180} INFO - Setting next_dagrun for example_subdag_operator.section-1 to None, run_after=None
[2026-03-19T22:47:45.195+0000] {logging_mixin.py:190} INFO - [2026-03-19T22:47:45.195+0000] {dag.py:4180} INFO - Setting next_dagrun for example_subdag_operator.section-2 to None, run_after=None
[2026-03-19T22:47:45.204+0000] {logging_mixin.py:190} INFO - [2026-03-19T22:47:45.203+0000] {dag.py:3239} INFO - Sync 2 DAGs
[2026-03-19T22:47:45.210+0000] {logging_mixin.py:190} INFO - [2026-03-19T22:47:45.209+0000] {dag.py:4180} INFO - Setting next_dagrun for example_subdag_operator.section-1 to None, run_after=None
[2026-03-19T22:47:45.213+0000] {logging_mixin.py:190} INFO - [2026-03-19T22:47:45.213+0000] {dag.py:4180} INFO - Setting next_dagrun for example_subdag_operator.section-2 to None, run_after=None
[2026-03-19T22:47:45.229+0000] {processor.py:208} INFO - Processing /home/airflow/.local/lib/python3.12/site-packages/airflow/example_dags/example_subdag_operator.py took 0.296 seconds
[2026-03-19T22:48:15.547+0000] {processor.py:186} INFO - Started process (PID=146) to work on /home/airflow/.local/lib/python3.12/site-packages/airflow/example_dags/example_subdag_operator.py
[2026-03-19T22:48:15.548+0000] {processor.py:914} INFO - Processing file /home/airflow/.local/lib/python3.12/site-packages/airflow/example_dags/example_subdag_operator.py for tasks to queue
[2026-03-19T22:48:15.551+0000] {logging_mixin.py:190} INFO - [2026-03-19T22:48:15.550+0000] {dagbag.py:588} INFO - Filling up the DagBag from /home/airflow/.local/lib/python3.12/site-packages/airflow/example_dags/example_subdag_operator.py
[2026-03-19T22:48:15.573+0000] {processor.py:925} INFO - DAG(s) 'example_subdag_operator.section-1', 'example_subdag_operator.section-2', 'example_subdag_operator' retrieved from /home/airflow/.local/lib/python3.12/site-packages/airflow/example_dags/example_subdag_operator.py
[2026-03-19T22:48:15.585+0000] {logging_mixin.py:190} INFO - [2026-03-19T22:48:15.585+0000] {dag.py:3239} INFO - Sync 3 DAGs
[2026-03-19T22:48:15.605+0000] {logging_mixin.py:190} INFO - [2026-03-19T22:48:15.604+0000] {dag.py:4180} INFO - Setting next_dagrun for example_subdag_operator to 2022-01-01 00:00:00+00:00, run_after=2022-01-01 00:00:00+00:00
[2026-03-19T22:48:15.608+0000] {logging_mixin.py:190} INFO - [2026-03-19T22:48:15.608+0000] {dag.py:4180} INFO - Setting next_dagrun for example_subdag_operator.section-1 to None, run_after=None
[2026-03-19T22:48:15.609+0000] {logging_mixin.py:190} INFO - [2026-03-19T22:48:15.609+0000] {dag.py:4180} INFO - Setting next_dagrun for example_subdag_operator.section-2 to None, run_after=None
[2026-03-19T22:48:15.614+0000] {logging_mixin.py:190} INFO - [2026-03-19T22:48:15.614+0000] {dag.py:3239} INFO - Sync 2 DAGs
[2026-03-19T22:48:15.618+0000] {logging_mixin.py:190} INFO - [2026-03-19T22:48:15.618+0000] {dag.py:4180} INFO - Setting next_dagrun for example_subdag_operator.section-1 to None, run_after=None
[2026-03-19T22:48:15.619+0000] {logging_mixin.py:190} INFO - [2026-03-19T22:48:15.619+0000] {dag.py:4180} INFO - Setting next_dagrun for example_subdag_operator.section-2 to None, run_after=None
[2026-03-19T22:48:15.632+0000] {processor.py:208} INFO - Processing /home/airflow/.local/lib/python3.12/site-packages/airflow/example_dags/example_subdag_operator.py took 0.091 seconds
[2026-03-19T22:48:46.087+0000] {processor.py:186} INFO - Started process (PID=204) to work on /home/airflow/.local/lib/python3.12/site-packages/airflow/example_dags/example_subdag_operator.py
[2026-03-19T22:48:46.088+0000] {processor.py:914} INFO - Processing file /home/airflow/.local/lib/python3.12/site-packages/airflow/example_dags/example_subdag_operator.py for tasks to queue
[2026-03-19T22:48:46.090+0000] {logging_mixin.py:190} INFO - [2026-03-19T22:48:46.090+0000] {dagbag.py:588} INFO - Filling up the DagBag from /home/airflow/.local/lib/python3.12/site-packages/airflow/example_dags/example_subdag_operator.py
[2026-03-19T22:48:46.112+0000] {processor.py:925} INFO - DAG(s) 'example_subdag_operator.section-1', 'example_subdag_operator.section-2', 'example_subdag_operator' retrieved from /home/airflow/.local/lib/python3.12/site-packages/airflow/example_dags/example_subdag_operator.py
[2026-03-19T22:48:46.125+0000] {logging_mixin.py:190} INFO - [2026-03-19T22:48:46.124+0000] {dag.py:3239} INFO - Sync 3 DAGs
[2026-03-19T22:48:46.146+0000] {logging_mixin.py:190} INFO - [2026-03-19T22:48:46.146+0000] {dag.py:4180} INFO - Setting next_dagrun for example_subdag_operator to 2022-01-01 00:00:00+00:00, run_after=2022-01-01 00:00:00+00:00
[2026-03-19T22:48:46.149+0000] {logging_mixin.py:190} INFO - [2026-03-19T22:48:46.149+0000] {dag.py:4180} INFO - Setting next_dagrun for example_subdag_operator.section-1 to None, run_after=None
[2026-03-19T22:48:46.151+0000] {logging_mixin.py:190} INFO - [2026-03-19T22:48:46.150+0000] {dag.py:4180} INFO - Setting next_dagrun for example_subdag_operator.section-2 to None, run_after=None
[2026-03-19T22:48:46.156+0000] {logging_mixin.py:190} INFO - [2026-03-19T22:48:46.156+0000] {dag.py:3239} INFO - Sync 2 DAGs
[2026-03-19T22:48:46.160+0000] {logging_mixin.py:190} INFO - [2026-03-19T22:48:46.160+0000] {dag.py:4180} INFO - Setting next_dagrun for example_subdag_operator.section-1 to None, run_after=None
[2026-03-19T22:48:46.160+0000] {logging_mixin.py:190} INFO - [2026-03-19T22:48:46.160+0000] {dag.py:4180} INFO - Setting next_dagrun for example_subdag_operator.section-2 to None, run_after=None
[2026-03-19T22:48:46.174+0000] {processor.py:208} INFO - Processing /home/airflow/.local/lib/python3.12/site-packages/airflow/example_dags/example_subdag_operator.py took 0.091 seconds
[2026-03-19T22:49:16.661+0000] {processor.py:186} INFO - Started process (PID=262) to work on /home/airflow/.local/lib/python3.12/site-packages/airflow/example_dags/example_subdag_operator.py
[2026-03-19T22:49:16.662+0000] {processor.py:914} INFO - Processing file /home/airflow/.local/lib/python3.12/site-packages/airflow/example_dags/example_subdag_operator.py for tasks to queue
[2026-03-19T22:49:16.664+0000] {logging_mixin.py:190} INFO - [2026-03-19T22:49:16.664+0000] {dagbag.py:588} INFO - Filling up the DagBag from /home/airflow/.local/lib/python3.12/site-packages/airflow/example_dags/example_subdag_operator.py
[2026-03-19T22:49:16.685+0000] {processor.py:925} INFO - DAG(s) 'example_subdag_operator.section-1', 'example_subdag_operator.section-2', 'example_subdag_operator' retrieved from /home/airflow/.local/lib/python3.12/site-packages/airflow/example_dags/example_subdag_operator.py
[2026-03-19T22:49:16.697+0000] {logging_mixin.py:190} INFO - [2026-03-19T22:49:16.697+0000] {dag.py:3239} INFO - Sync 3 DAGs
[2026-03-19T22:49:16.716+0000] {logging_mixin.py:190} INFO - [2026-03-19T22:49:16.716+0000] {dag.py:4180} INFO - Setting next_dagrun for example_subdag_operator to 2022-01-01 00:00:00+00:00, run_after=2022-01-01 00:00:00+00:00
[2026-03-19T22:49:16.719+0000] {logging_mixin.py:190} INFO - [2026-03-19T22:49:16.719+0000] {dag.py:4180} INFO - Setting next_dagrun for example_subdag_operator.section-1 to None, run_after=None
[2026-03-19T22:49:16.720+0000] {logging_mixin.py:190} INFO - [2026-03-19T22:49:16.720+0000] {dag.py:4180} INFO - Setting next_dagrun for example_subdag_operator.section-2 to None, run_after=None
[2026-03-19T22:49:16.727+0000] {logging_mixin.py:190} INFO - [2026-03-19T22:49:16.727+0000] {dag.py:3239} INFO - Sync 2 DAGs
[2026-03-19T22:49:16.732+0000] {logging_mixin.py:190} INFO - [2026-03-19T22:49:16.732+0000] {dag.py:4180} INFO - Setting next_dagrun for example_subdag_operator.section-1 to None, run_after=None
[2026-03-19T22:49:16.733+0000] {logging_mixin.py:190} INFO - [2026-03-19T22:49:16.733+0000] {dag.py:4180} INFO - Setting next_dagrun for example_subdag_operator.section-2 to None, run_after=None
[2026-03-19T22:49:16.748+0000] {processor.py:208} INFO - Processing /home/airflow/.local/lib/python3.12/site-packages/airflow/example_dags/example_subdag_operator.py took 0.091 seconds
[2026-03-19T22:49:46.965+0000] {processor.py:186} INFO - Started process (PID=320) to work on /home/airflow/.local/lib/python3.12/site-packages/airflow/example_dags/example_subdag_operator.py
[2026-03-19T22:49:46.966+0000] {processor.py:914} INFO - Processing file /home/airflow/.local/lib/python3.12/site-packages/airflow/example_dags/example_subdag_operator.py for tasks to queue
[2026-03-19T22:49:46.968+0000] {logging_mixin.py:190} INFO - [2026-03-19T22:49:46.968+0000] {dagbag.py:588} INFO - Filling up the DagBag from /home/airflow/.local/lib/python3.12/site-packages/airflow/example_dags/example_subdag_operator.py
[2026-03-19T22:49:46.989+0000] {processor.py:925} INFO - DAG(s) 'example_subdag_operator.section-1', 'example_subdag_operator.section-2', 'example_subdag_operator' retrieved from /home/airflow/.local/lib/python3.12/site-packages/airflow/example_dags/example_subdag_operator.py
[2026-03-19T22:49:47.001+0000] {logging_mixin.py:190} INFO - [2026-03-19T22:49:47.001+0000] {dag.py:3239} INFO - Sync 3 DAGs
[2026-03-19T22:49:47.020+0000] {logging_mixin.py:190} INFO - [2026-03-19T22:49:47.020+0000] {dag.py:4180} INFO - Setting next_dagrun for example_subdag_operator to 2022-01-01 00:00:00+00:00, run_after=2022-01-01 00:00:00+00:00
[2026-03-19T22:49:47.023+0000] {logging_mixin.py:190} INFO - [2026-03-19T22:49:47.023+0000] {dag.py:4180} INFO - Setting next_dagrun for example_subdag_operator.section-1 to None, run_after=None
[2026-03-19T22:49:47.024+0000] {logging_mixin.py:190} INFO - [2026-03-19T22:49:47.024+0000] {dag.py:4180} INFO - Setting next_dagrun for example_subdag_operator.section-2 to None, run_after=None
[2026-03-19T22:49:47.029+0000] {logging_mixin.py:190} INFO - [2026-03-19T22:49:47.029+0000] {dag.py:3239} INFO - Sync 2 DAGs
[2026-03-19T22:49:47.033+0000] {logging_mixin.py:190} INFO - [2026-03-19T22:49:47.033+0000] {dag.py:4180} INFO - Setting next_dagrun for example_subdag_operator.section-1 to None, run_after=None
[2026-03-19T22:49:47.034+0000] {logging_mixin.py:190} INFO - [2026-03-19T22:49:47.033+0000] {dag.py:4180} INFO - Setting next_dagrun for example_subdag_operator.section-2 to None, run_after=None
[2026-03-19T22:49:47.049+0000] {processor.py:208} INFO - Processing /home/airflow/.local/lib/python3.12/site-packages/airflow/example_dags/example_subdag_operator.py took 0.088 seconds
[2026-03-19T22:50:17.488+0000] {processor.py:186} INFO - Started process (PID=380) to work on /home/airflow/.local/lib/python3.12/site-packages/airflow/example_dags/example_subdag_operator.py
[2026-03-19T22:50:17.489+0000] {processor.py:914} INFO - Processing file /home/airflow/.local/lib/python3.12/site-packages/airflow/example_dags/example_subdag_operator.py for tasks to queue
[2026-03-19T22:50:17.491+0000] {logging_mixin.py:190} INFO - [2026-03-19T22:50:17.491+0000] {dagbag.py:588} INFO - Filling up the DagBag from /home/airflow/.local/lib/python3.12/site-packages/airflow/example_dags/example_subdag_operator.py
[2026-03-19T22:50:17.512+0000] {processor.py:925} INFO - DAG(s) 'example_subdag_operator.section-1', 'example_subdag_operator.section-2', 'example_subdag_operator' retrieved from /home/airflow/.local/lib/python3.12/site-packages/airflow/example_dags/example_subdag_operator.py
[2026-03-19T22:50:17.524+0000] {logging_mixin.py:190} INFO - [2026-03-19T22:50:17.523+0000] {dag.py:3239} INFO - Sync 3 DAGs
[2026-03-19T22:50:17.543+0000] {logging_mixin.py:190} INFO - [2026-03-19T22:50:17.542+0000] {dag.py:4180} INFO - Setting next_dagrun for example_subdag_operator to 2022-01-01 00:00:00+00:00, run_after=2022-01-01 00:00:00+00:00
[2026-03-19T22:50:17.546+0000] {logging_mixin.py:190} INFO - [2026-03-19T22:50:17.546+0000] {dag.py:4180} INFO - Setting next_dagrun for example_subdag_operator.section-1 to None, run_after=None
[2026-03-19T22:50:17.547+0000] {logging_mixin.py:190} INFO - [2026-03-19T22:50:17.547+0000] {dag.py:4180} INFO - Setting next_dagrun for example_subdag_operator.section-2 to None, run_after=None
[2026-03-19T22:50:17.552+0000] {logging_mixin.py:190} INFO - [2026-03-19T22:50:17.552+0000] {dag.py:3239} INFO - Sync 2 DAGs
[2026-03-19T22:50:17.556+0000] {logging_mixin.py:190} INFO - [2026-03-19T22:50:17.556+0000] {dag.py:4180} INFO - Setting next_dagrun for example_subdag_operator.section-1 to None, run_after=None
[2026-03-19T22:50:17.557+0000] {logging_mixin.py:190} INFO - [2026-03-19T22:50:17.557+0000] {dag.py:4180} INFO - Setting next_dagrun for example_subdag_operator.section-2 to None, run_after=None
[2026-03-19T22:50:17.569+0000] {processor.py:208} INFO - Processing /home/airflow/.local/lib/python3.12/site-packages/airflow/example_dags/example_subdag_operator.py took 0.086 seconds
[2026-03-19T22:50:48.787+0000] {processor.py:186} INFO - Started process (PID=438) to work on /home/airflow/.local/lib/python3.12/site-packages/airflow/example_dags/example_subdag_operator.py
[2026-03-19T22:50:48.787+0000] {processor.py:914} INFO - Processing file /home/airflow/.local/lib/python3.12/site-packages/airflow/example_dags/example_subdag_operator.py for tasks to queue
[2026-03-19T22:50:48.789+0000] {logging_mixin.py:190} INFO - [2026-03-19T22:50:48.789+0000] {dagbag.py:588} INFO - Filling up the DagBag from /home/airflow/.local/lib/python3.12/site-packages/airflow/example_dags/example_subdag_operator.py
[2026-03-19T22:50:48.810+0000] {processor.py:925} INFO - DAG(s) 'example_subdag_operator.section-1', 'example_subdag_operator.section-2', 'example_subdag_operator' retrieved from /home/airflow/.local/lib/python3.12/site-packages/airflow/example_dags/example_subdag_operator.py
[2026-03-19T22:50:48.823+0000] {logging_mixin.py:190} INFO - [2026-03-19T22:50:48.823+0000] {dag.py:3239} INFO - Sync 3 DAGs
[2026-03-19T22:50:48.842+0000] {logging_mixin.py:190} INFO - [2026-03-19T22:50:48.842+0000] {dag.py:4180} INFO - Setting next_dagrun for example_subdag_operator to 2022-01-01 00:00:00+00:00, run_after=2022-01-01 00:00:00+00:00
[2026-03-19T22:50:48.845+0000] {logging_mixin.py:190} INFO - [2026-03-19T22:50:48.845+0000] {dag.py:4180} INFO - Setting next_dagrun for example_subdag_operator.section-1 to None, run_after=None
[2026-03-19T22:50:48.846+0000] {logging_mixin.py:190} INFO - [2026-03-19T22:50:48.846+0000] {dag.py:4180} INFO - Setting next_dagrun for example_subdag_operator.section-2 to None, run_after=None
[2026-03-19T22:50:48.851+0000] {logging_mixin.py:190} INFO - [2026-03-19T22:50:48.851+0000] {dag.py:3239} INFO - Sync 2 DAGs
[2026-03-19T22:50:48.856+0000] {logging_mixin.py:190} INFO - [2026-03-19T22:50:48.856+0000] {dag.py:4180} INFO - Setting next_dagrun for example_subdag_operator.section-1 to None, run_after=None
[2026-03-19T22:50:48.857+0000] {logging_mixin.py:190} INFO - [2026-03-19T22:50:48.856+0000] {dag.py:4180} INFO - Setting next_dagrun for example_subdag_operator.section-2 to None, run_after=None
[2026-03-19T22:50:48.869+0000] {processor.py:208} INFO - Processing /home/airflow/.local/lib/python3.12/site-packages/airflow/example_dags/example_subdag_operator.py took 0.088 seconds
[2026-03-19T22:51:19.779+0000] {processor.py:186} INFO - Started process (PID=496) to work on /home/airflow/.local/lib/python3.12/site-packages/airflow/example_dags/example_subdag_operator.py
[2026-03-19T22:51:19.781+0000] {processor.py:914} INFO - Processing file /home/airflow/.local/lib/python3.12/site-packages/airflow/example_dags/example_subdag_operator.py for tasks to queue
[2026-03-19T22:51:19.785+0000] {logging_mixin.py:190} INFO - [2026-03-19T22:51:19.784+0000] {dagbag.py:588} INFO - Filling up the DagBag from /home/airflow/.local/lib/python3.12/site-packages/airflow/example_dags/example_subdag_operator.py
[2026-03-19T22:51:19.806+0000] {processor.py:925} INFO - DAG(s) 'example_subdag_operator.section-1', 'example_subdag_operator.section-2', 'example_subdag_operator' retrieved from /home/airflow/.local/lib/python3.12/site-packages/airflow/example_dags/example_subdag_operator.py
[2026-03-19T22:51:19.818+0000] {logging_mixin.py:190} INFO - [2026-03-19T22:51:19.818+0000] {dag.py:3239} INFO - Sync 3 DAGs
[2026-03-19T22:51:19.838+0000] {logging_mixin.py:190} INFO - [2026-03-19T22:51:19.838+0000] {dag.py:4180} INFO - Setting next_dagrun for example_subdag_operator to 2022-01-01 00:00:00+00:00, run_after=2022-01-01 00:00:00+00:00
[2026-03-19T22:51:19.841+0000] {logging_mixin.py:190} INFO - [2026-03-19T22:51:19.841+0000] {dag.py:4180} INFO - Setting next_dagrun for example_subdag_operator.section-1 to None, run_after=None
[2026-03-19T22:51:19.842+0000] {logging_mixin.py:190} INFO - [2026-03-19T22:51:19.842+0000] {dag.py:4180} INFO - Setting next_dagrun for example_subdag_operator.section-2 to None, run_after=None
[2026-03-19T22:51:19.849+0000] {logging_mixin.py:190} INFO - [2026-03-19T22:51:19.849+0000] {dag.py:3239} INFO - Sync 2 DAGs
[2026-03-19T22:51:19.853+0000] {logging_mixin.py:190} INFO - [2026-03-19T22:51:19.853+0000] {dag.py:4180} INFO - Setting next_dagrun for example_subdag_operator.section-1 to None, run_after=None
[2026-03-19T22:51:19.854+0000] {logging_mixin.py:190} INFO - [2026-03-19T22:51:19.853+0000] {dag.py:4180} INFO - Setting next_dagrun for example_subdag_operator.section-2 to None, run_after=None
[2026-03-19T22:51:19.868+0000] {processor.py:208} INFO - Processing /home/airflow/.local/lib/python3.12/site-packages/airflow/example_dags/example_subdag_operator.py took 0.094 seconds
[2026-03-19T22:51:49.905+0000] {processor.py:186} INFO - Started process (PID=554) to work on /home/airflow/.local/lib/python3.12/site-packages/airflow/example_dags/example_subdag_operator.py
[2026-03-19T22:51:49.906+0000] {processor.py:914} INFO - Processing file /home/airflow/.local/lib/python3.12/site-packages/airflow/example_dags/example_subdag_operator.py for tasks to queue
[2026-03-19T22:51:49.908+0000] {logging_mixin.py:190} INFO - [2026-03-19T22:51:49.908+0000] {dagbag.py:588} INFO - Filling up the DagBag from /home/airflow/.local/lib/python3.12/site-packages/airflow/example_dags/example_subdag_operator.py
[2026-03-19T22:51:49.929+0000] {processor.py:925} INFO - DAG(s) 'example_subdag_operator.section-1', 'example_subdag_operator.section-2', 'example_subdag_operator' retrieved from /home/airflow/.local/lib/python3.12/site-packages/airflow/example_dags/example_subdag_operator.py
[2026-03-19T22:51:49.943+0000] {logging_mixin.py:190} INFO - [2026-03-19T22:51:49.943+0000] {dag.py:3239} INFO - Sync 3 DAGs
[2026-03-19T22:51:49.970+0000] {logging_mixin.py:190} INFO - [2026-03-19T22:51:49.970+0000] {dag.py:4180} INFO - Setting next_dagrun for example_subdag_operator to 2022-01-01 00:00:00+00:00, run_after=2022-01-01 00:00:00+00:00
[2026-03-19T22:51:49.973+0000] {logging_mixin.py:190} INFO - [2026-03-19T22:51:49.973+0000] {dag.py:4180} INFO - Setting next_dagrun for example_subdag_operator.section-1 to None, run_after=None
[2026-03-19T22:51:49.974+0000] {logging_mixin.py:190} INFO - [2026-03-19T22:51:49.974+0000] {dag.py:4180} INFO - Setting next_dagrun for example_subdag_operator.section-2 to None, run_after=None
[2026-03-19T22:51:49.980+0000] {logging_mixin.py:190} INFO - [2026-03-19T22:51:49.980+0000] {dag.py:3239} INFO - Sync 2 DAGs
[2026-03-19T22:51:49.985+0000] {logging_mixin.py:190} INFO - [2026-03-19T22:51:49.984+0000] {dag.py:4180} INFO - Setting next_dagrun for example_subdag_operator.section-1 to None, run_after=None
[2026-03-19T22:51:49.985+0000] {logging_mixin.py:190} INFO - [2026-03-19T22:51:49.985+0000] {dag.py:4180} INFO - Setting next_dagrun for example_subdag_operator.section-2 to None, run_after=None
[2026-03-19T22:51:49.997+0000] {processor.py:208} INFO - Processing /home/airflow/.local/lib/python3.12/site-packages/airflow/example_dags/example_subdag_operator.py took 0.098 seconds
[2026-03-19T22:52:20.642+0000] {processor.py:186} INFO - Started process (PID=612) to work on /home/airflow/.local/lib/python3.12/site-packages/airflow/example_dags/example_subdag_operator.py
[2026-03-19T22:52:20.643+0000] {processor.py:914} INFO - Processing file /home/airflow/.local/lib/python3.12/site-packages/airflow/example_dags/example_subdag_operator.py for tasks to queue
[2026-03-19T22:52:20.644+0000] {logging_mixin.py:190} INFO - [2026-03-19T22:52:20.644+0000] {dagbag.py:588} INFO - Filling up the DagBag from /home/airflow/.local/lib/python3.12/site-packages/airflow/example_dags/example_subdag_operator.py
[2026-03-19T22:52:20.666+0000] {processor.py:925} INFO - DAG(s) 'example_subdag_operator.section-1', 'example_subdag_operator.section-2', 'example_subdag_operator' retrieved from /home/airflow/.local/lib/python3.12/site-packages/airflow/example_dags/example_subdag_operator.py
[2026-03-19T22:52:20.679+0000] {logging_mixin.py:190} INFO - [2026-03-19T22:52:20.678+0000] {dag.py:3239} INFO - Sync 3 DAGs
[2026-03-19T22:52:20.698+0000] {logging_mixin.py:190} INFO - [2026-03-19T22:52:20.698+0000] {dag.py:4180} INFO - Setting next_dagrun for example_subdag_operator to 2022-01-01 00:00:00+00:00, run_after=2022-01-01 00:00:00+00:00
[2026-03-19T22:52:20.703+0000] {logging_mixin.py:190} INFO - [2026-03-19T22:52:20.702+0000] {dag.py:4180} INFO - Setting next_dagrun for example_subdag_operator.section-1 to None, run_after=None
[2026-03-19T22:52:20.704+0000] {logging_mixin.py:190} INFO - [2026-03-19T22:52:20.704+0000] {dag.py:4180} INFO - Setting next_dagrun for example_subdag_operator.section-2 to None, run_after=None
[2026-03-19T22:52:20.710+0000] {logging_mixin.py:190} INFO - [2026-03-19T22:52:20.710+0000] {dag.py:3239} INFO - Sync 2 DAGs
[2026-03-19T22:52:20.715+0000] {logging_mixin.py:190} INFO - [2026-03-19T22:52:20.715+0000] {dag.py:4180} INFO - Setting next_dagrun for example_subdag_operator.section-1 to None, run_after=None
[2026-03-19T22:52:20.716+0000] {logging_mixin.py:190} INFO - [2026-03-19T22:52:20.716+0000] {dag.py:4180} INFO - Setting next_dagrun for example_subdag_operator.section-2 to None, run_after=None
[2026-03-19T22:52:20.729+0000] {processor.py:208} INFO - Processing /home/airflow/.local/lib/python3.12/site-packages/airflow/example_dags/example_subdag_operator.py took 0.092 seconds
[2026-03-19T22:52:51.940+0000] {processor.py:186} INFO - Started process (PID=669) to work on /home/airflow/.local/lib/python3.12/site-packages/airflow/example_dags/example_subdag_operator.py
[2026-03-19T22:52:51.941+0000] {processor.py:914} INFO - Processing file /home/airflow/.local/lib/python3.12/site-packages/airflow/example_dags/example_subdag_operator.py for tasks to queue
[2026-03-19T22:52:51.943+0000] {logging_mixin.py:190} INFO - [2026-03-19T22:52:51.943+0000] {dagbag.py:588} INFO - Filling up the DagBag from /home/airflow/.local/lib/python3.12/site-packages/airflow/example_dags/example_subdag_operator.py
[2026-03-19T22:52:51.965+0000] {processor.py:925} INFO - DAG(s) 'example_subdag_operator.section-1', 'example_subdag_operator.section-2', 'example_subdag_operator' retrieved from /home/airflow/.local/lib/python3.12/site-packages/airflow/example_dags/example_subdag_operator.py
[2026-03-19T22:52:51.979+0000] {logging_mixin.py:190} INFO - [2026-03-19T22:52:51.979+0000] {dag.py:3239} INFO - Sync 3 DAGs
[2026-03-19T22:52:51.998+0000] {logging_mixin.py:190} INFO - [2026-03-19T22:52:51.998+0000] {dag.py:4180} INFO - Setting next_dagrun for example_subdag_operator to 2022-01-01 00:00:00+00:00, run_after=2022-01-01 00:00:00+00:00
[2026-03-19T22:52:52.001+0000] {logging_mixin.py:190} INFO - [2026-03-19T22:52:52.001+0000] {dag.py:4180} INFO - Setting next_dagrun for example_subdag_operator.section-1 to None, run_after=None
[2026-03-19T22:52:52.002+0000] {logging_mixin.py:190} INFO - [2026-03-19T22:52:52.002+0000] {dag.py:4180} INFO - Setting next_dagrun for example_subdag_operator.section-2 to None, run_after=None
[2026-03-19T22:52:52.007+0000] {logging_mixin.py:190} INFO - [2026-03-19T22:52:52.007+0000] {dag.py:3239} INFO - Sync 2 DAGs
[2026-03-19T22:52:52.011+0000] {logging_mixin.py:190} INFO - [2026-03-19T22:52:52.011+0000] {dag.py:4180} INFO - Setting next_dagrun for example_subdag_operator.section-1 to None, run_after=None
[2026-03-19T22:52:52.012+0000] {logging_mixin.py:190} INFO - [2026-03-19T22:52:52.012+0000] {dag.py:4180} INFO - Setting next_dagrun for example_subdag_operator.section-2 to None, run_after=None
[2026-03-19T22:52:52.026+0000] {processor.py:208} INFO - Processing /home/airflow/.local/lib/python3.12/site-packages/airflow/example_dags/example_subdag_operator.py took 0.090 seconds
[2026-03-19T22:53:23.419+0000] {processor.py:186} INFO - Started process (PID=727) to work on /home/airflow/.local/lib/python3.12/site-packages/airflow/example_dags/example_subdag_operator.py
[2026-03-19T22:53:23.420+0000] {processor.py:914} INFO - Processing file /home/airflow/.local/lib/python3.12/site-packages/airflow/example_dags/example_subdag_operator.py for tasks to queue
[2026-03-19T22:53:23.422+0000] {logging_mixin.py:190} INFO - [2026-03-19T22:53:23.422+0000] {dagbag.py:588} INFO - Filling up the DagBag from /home/airflow/.local/lib/python3.12/site-packages/airflow/example_dags/example_subdag_operator.py
[2026-03-19T22:53:23.444+0000] {processor.py:925} INFO - DAG(s) 'example_subdag_operator.section-1', 'example_subdag_operator.section-2', 'example_subdag_operator' retrieved from /home/airflow/.local/lib/python3.12/site-packages/airflow/example_dags/example_subdag_operator.py
[2026-03-19T22:53:23.457+0000] {logging_mixin.py:190} INFO - [2026-03-19T22:53:23.456+0000] {dag.py:3239} INFO - Sync 3 DAGs
[2026-03-19T22:53:23.477+0000] {logging_mixin.py:190} INFO - [2026-03-19T22:53:23.477+0000] {dag.py:4180} INFO - Setting next_dagrun for example_subdag_operator to 2022-01-01 00:00:00+00:00, run_after=2022-01-01 00:00:00+00:00
[2026-03-19T22:53:23.480+0000] {logging_mixin.py:190} INFO - [2026-03-19T22:53:23.480+0000] {dag.py:4180} INFO - Setting next_dagrun for example_subdag_operator.section-1 to None, run_after=None
[2026-03-19T22:53:23.482+0000] {logging_mixin.py:190} INFO - [2026-03-19T22:53:23.482+0000] {dag.py:4180} INFO - Setting next_dagrun for example_subdag_operator.section-2 to None, run_after=None
[2026-03-19T22:53:23.487+0000] {logging_mixin.py:190} INFO - [2026-03-19T22:53:23.487+0000] {dag.py:3239} INFO - Sync 2 DAGs
[2026-03-19T22:53:23.492+0000] {logging_mixin.py:190} INFO - [2026-03-19T22:53:23.492+0000] {dag.py:4180} INFO - Setting next_dagrun for example_subdag_operator.section-1 to None, run_after=None
[2026-03-19T22:53:23.492+0000] {logging_mixin.py:190} INFO - [2026-03-19T22:53:23.492+0000] {dag.py:4180} INFO - Setting next_dagrun for example_subdag_operator.section-2 to None, run_after=None
[2026-03-19T22:53:23.506+0000] {processor.py:208} INFO - Processing /home/airflow/.local/lib/python3.12/site-packages/airflow/example_dags/example_subdag_operator.py took 0.092 seconds
[2026-03-19T22:53:55.002+0000] {processor.py:186} INFO - Started process (PID=785) to work on /home/airflow/.local/lib/python3.12/site-packages/airflow/example_dags/example_subdag_operator.py
[2026-03-19T22:53:55.003+0000] {processor.py:914} INFO - Processing file /home/airflow/.local/lib/python3.12/site-packages/airflow/example_dags/example_subdag_operator.py for tasks to queue
[2026-03-19T22:53:55.005+0000] {logging_mixin.py:190} INFO - [2026-03-19T22:53:55.005+0000] {dagbag.py:588} INFO - Filling up the DagBag from /home/airflow/.local/lib/python3.12/site-packages/airflow/example_dags/example_subdag_operator.py
[2026-03-19T22:53:55.026+0000] {processor.py:925} INFO - DAG(s) 'example_subdag_operator.section-1', 'example_subdag_operator.section-2', 'example_subdag_operator' retrieved from /home/airflow/.local/lib/python3.12/site-packages/airflow/example_dags/example_subdag_operator.py
[2026-03-19T22:53:55.040+0000] {logging_mixin.py:190} INFO - [2026-03-19T22:53:55.039+0000] {dag.py:3239} INFO - Sync 3 DAGs
[2026-03-19T22:53:55.060+0000] {logging_mixin.py:190} INFO - [2026-03-19T22:53:55.060+0000] {dag.py:4180} INFO - Setting next_dagrun for example_subdag_operator to 2022-01-01 00:00:00+00:00, run_after=2022-01-01 00:00:00+00:00
[2026-03-19T22:53:55.064+0000] {logging_mixin.py:190} INFO - [2026-03-19T22:53:55.064+0000] {dag.py:4180} INFO - Setting next_dagrun for example_subdag_operator.section-1 to None, run_after=None
[2026-03-19T22:53:55.066+0000] {logging_mixin.py:190} INFO - [2026-03-19T22:53:55.065+0000] {dag.py:4180} INFO - Setting next_dagrun for example_subdag_operator.section-2 to None, run_after=None
[2026-03-19T22:53:55.072+0000] {logging_mixin.py:190} INFO - [2026-03-19T22:53:55.071+0000] {dag.py:3239} INFO - Sync 2 DAGs
[2026-03-19T22:53:55.076+0000] {logging_mixin.py:190} INFO - [2026-03-19T22:53:55.076+0000] {dag.py:4180} INFO - Setting next_dagrun for example_subdag_operator.section-1 to None, run_after=None
[2026-03-19T22:53:55.076+0000] {logging_mixin.py:190} INFO - [2026-03-19T22:53:55.076+0000] {dag.py:4180} INFO - Setting next_dagrun for example_subdag_operator.section-2 to None, run_after=None
[2026-03-19T22:53:55.089+0000] {processor.py:208} INFO - Processing /home/airflow/.local/lib/python3.12/site-packages/airflow/example_dags/example_subdag_operator.py took 0.092 seconds
[2026-03-19T22:54:26.265+0000] {processor.py:186} INFO - Started process (PID=844) to work on /home/airflow/.local/lib/python3.12/site-packages/airflow/example_dags/example_subdag_operator.py
[2026-03-19T22:54:26.266+0000] {processor.py:914} INFO - Processing file /home/airflow/.local/lib/python3.12/site-packages/airflow/example_dags/example_subdag_operator.py for tasks to queue
[2026-03-19T22:54:26.268+0000] {logging_mixin.py:190} INFO - [2026-03-19T22:54:26.268+0000] {dagbag.py:588} INFO - Filling up the DagBag from /home/airflow/.local/lib/python3.12/site-packages/airflow/example_dags/example_subdag_operator.py
[2026-03-19T22:54:26.289+0000] {processor.py:925} INFO - DAG(s) 'example_subdag_operator.section-1', 'example_subdag_operator.section-2', 'example_subdag_operator' retrieved from /home/airflow/.local/lib/python3.12/site-packages/airflow/example_dags/example_subdag_operator.py
[2026-03-19T22:54:26.301+0000] {logging_mixin.py:190} INFO - [2026-03-19T22:54:26.301+0000] {dag.py:3239} INFO - Sync 3 DAGs
[2026-03-19T22:54:26.324+0000] {logging_mixin.py:190} INFO - [2026-03-19T22:54:26.323+0000] {dag.py:4180} INFO - Setting next_dagrun for example_subdag_operator to 2022-01-01 00:00:00+00:00, run_after=2022-01-01 00:00:00+00:00
[2026-03-19T22:54:26.327+0000] {logging_mixin.py:190} INFO - [2026-03-19T22:54:26.327+0000] {dag.py:4180} INFO - Setting next_dagrun for example_subdag_operator.section-1 to None, run_after=None
[2026-03-19T22:54:26.328+0000] {logging_mixin.py:190} INFO - [2026-03-19T22:54:26.328+0000] {dag.py:4180} INFO - Setting next_dagrun for example_subdag_operator.section-2 to None, run_after=None
[2026-03-19T22:54:26.334+0000] {logging_mixin.py:190} INFO - [2026-03-19T22:54:26.334+0000] {dag.py:3239} INFO - Sync 2 DAGs
[2026-03-19T22:54:26.338+0000] {logging_mixin.py:190} INFO - [2026-03-19T22:54:26.338+0000] {dag.py:4180} INFO - Setting next_dagrun for example_subdag_operator.section-1 to None, run_after=None
[2026-03-19T22:54:26.339+0000] {logging_mixin.py:190} INFO - [2026-03-19T22:54:26.338+0000] {dag.py:4180} INFO - Setting next_dagrun for example_subdag_operator.section-2 to None, run_after=None
[2026-03-19T22:54:26.351+0000] {processor.py:208} INFO - Processing /home/airflow/.local/lib/python3.12/site-packages/airflow/example_dags/example_subdag_operator.py took 0.091 seconds
[2026-03-19T22:54:57.527+0000] {processor.py:186} INFO - Started process (PID=902) to work on /home/airflow/.local/lib/python3.12/site-packages/airflow/example_dags/example_subdag_operator.py
[2026-03-19T22:54:57.528+0000] {processor.py:914} INFO - Processing file /home/airflow/.local/lib/python3.12/site-packages/airflow/example_dags/example_subdag_operator.py for tasks to queue
[2026-03-19T22:54:57.530+0000] {logging_mixin.py:190} INFO - [2026-03-19T22:54:57.530+0000] {dagbag.py:588} INFO - Filling up the DagBag from /home/airflow/.local/lib/python3.12/site-packages/airflow/example_dags/example_subdag_operator.py
[2026-03-19T22:54:57.551+0000] {processor.py:925} INFO - DAG(s) 'example_subdag_operator.section-1', 'example_subdag_operator.section-2', 'example_subdag_operator' retrieved from /home/airflow/.local/lib/python3.12/site-packages/airflow/example_dags/example_subdag_operator.py
[2026-03-19T22:54:57.563+0000] {logging_mixin.py:190} INFO - [2026-03-19T22:54:57.563+0000] {dag.py:3239} INFO - Sync 3 DAGs
[2026-03-19T22:54:57.583+0000] {logging_mixin.py:190} INFO - [2026-03-19T22:54:57.582+0000] {dag.py:4180} INFO - Setting next_dagrun for example_subdag_operator to 2022-01-01 00:00:00+00:00, run_after=2022-01-01 00:00:00+00:00
[2026-03-19T22:54:57.586+0000] {logging_mixin.py:190} INFO - [2026-03-19T22:54:57.586+0000] {dag.py:4180} INFO - Setting next_dagrun for example_subdag_operator.section-1 to None, run_after=None
[2026-03-19T22:54:57.587+0000] {logging_mixin.py:190} INFO - [2026-03-19T22:54:57.587+0000] {dag.py:4180} INFO - Setting next_dagrun for example_subdag_operator.section-2 to None, run_after=None
[2026-03-19T22:54:57.593+0000] {logging_mixin.py:190} INFO - [2026-03-19T22:54:57.593+0000] {dag.py:3239} INFO - Sync 2 DAGs
[2026-03-19T22:54:57.597+0000] {logging_mixin.py:190} INFO - [2026-03-19T22:54:57.597+0000] {dag.py:4180} INFO - Setting next_dagrun for example_subdag_operator.section-1 to None, run_after=None
[2026-03-19T22:54:57.597+0000] {logging_mixin.py:190} INFO - [2026-03-19T22:54:57.597+0000] {dag.py:4180} INFO - Setting next_dagrun for example_subdag_operator.section-2 to None, run_after=None
[2026-03-19T22:54:57.611+0000] {processor.py:208} INFO - Processing /home/airflow/.local/lib/python3.12/site-packages/airflow/example_dags/example_subdag_operator.py took 0.089 seconds
[2026-03-19T22:55:28.900+0000] {processor.py:186} INFO - Started process (PID=960) to work on /home/airflow/.local/lib/python3.12/site-packages/airflow/example_dags/example_subdag_operator.py
[2026-03-19T22:55:28.901+0000] {processor.py:914} INFO - Processing file /home/airflow/.local/lib/python3.12/site-packages/airflow/example_dags/example_subdag_operator.py for tasks to queue
[2026-03-19T22:55:28.903+0000] {logging_mixin.py:190} INFO - [2026-03-19T22:55:28.903+0000] {dagbag.py:588} INFO - Filling up the DagBag from /home/airflow/.local/lib/python3.12/site-packages/airflow/example_dags/example_subdag_operator.py
[2026-03-19T22:55:28.926+0000] {processor.py:925} INFO - DAG(s) 'example_subdag_operator.section-1', 'example_subdag_operator.section-2', 'example_subdag_operator' retrieved from /home/airflow/.local/lib/python3.12/site-packages/airflow/example_dags/example_subdag_operator.py
[2026-03-19T22:55:28.940+0000] {logging_mixin.py:190} INFO - [2026-03-19T22:55:28.940+0000] {dag.py:3239} INFO - Sync 3 DAGs
[2026-03-19T22:55:28.959+0000] {logging_mixin.py:190} INFO - [2026-03-19T22:55:28.958+0000] {dag.py:4180} INFO - Setting next_dagrun for example_subdag_operator to 2022-01-01 00:00:00+00:00, run_after=2022-01-01 00:00:00+00:00
[2026-03-19T22:55:28.962+0000] {logging_mixin.py:190} INFO - [2026-03-19T22:55:28.961+0000] {dag.py:4180} INFO - Setting next_dagrun for example_subdag_operator.section-1 to None, run_after=None
[2026-03-19T22:55:28.964+0000] {logging_mixin.py:190} INFO - [2026-03-19T22:55:28.964+0000] {dag.py:4180} INFO - Setting next_dagrun for example_subdag_operator.section-2 to None, run_after=None
[2026-03-19T22:55:28.969+0000] {logging_mixin.py:190} INFO - [2026-03-19T22:55:28.969+0000] {dag.py:3239} INFO - Sync 2 DAGs
[2026-03-19T22:55:28.974+0000] {logging_mixin.py:190} INFO - [2026-03-19T22:55:28.974+0000] {dag.py:4180} INFO - Setting next_dagrun for example_subdag_operator.section-1 to None, run_after=None
[2026-03-19T22:55:28.974+0000] {logging_mixin.py:190} INFO - [2026-03-19T22:55:28.974+0000] {dag.py:4180} INFO - Setting next_dagrun for example_subdag_operator.section-2 to None, run_after=None
[2026-03-19T22:55:28.989+0000] {processor.py:208} INFO - Processing /home/airflow/.local/lib/python3.12/site-packages/airflow/example_dags/example_subdag_operator.py took 0.094 seconds
