[2026-03-19T22:36:37.398+0000] {processor.py:186} INFO - Started process (PID=44) to work on /home/airflow/.local/lib/python3.12/site-packages/airflow/example_dags/example_latest_only_with_trigger.py
[2026-03-19T22:36:37.399+0000] {processor.py:914} INFO - Processing file /home/airflow/.local/lib/python3.12/site-packages/airflow/example_dags/example_latest_only_with_trigger.py for tasks to queue
[2026-03-19T22:36:37.401+0000] {logging_mixin.py:190} INFO - [2026-03-19T22:36:37.401+0000] {dagbag.py:588} INFO - Filling up the DagBag from /home/airflow/.local/lib/python3.12/site-packages/airflow/example_dags/example_latest_only_with_trigger.py
[2026-03-19T22:36:37.426+0000] {processor.py:925} INFO - DAG(s) 'latest_only_with_trigger' retrieved from /home/airflow/.local/lib/python3.12/site-packages/airflow/example_dags/example_latest_only_with_trigger.py
[2026-03-19T22:36:37.767+0000] {logging_mixin.py:190} INFO - [2026-03-19T22:36:37.766+0000] {override.py:1911} INFO - Created Permission View: can read on DAG:latest_only_with_trigger
[2026-03-19T22:36:37.833+0000] {logging_mixin.py:190} INFO - [2026-03-19T22:36:37.833+0000] {override.py:1911} INFO - Created Permission View: can delete on DAG:latest_only_with_trigger
[2026-03-19T22:36:37.948+0000] {logging_mixin.py:190} INFO - [2026-03-19T22:36:37.948+0000] {override.py:1911} INFO - Created Permission View: can edit on DAG:latest_only_with_trigger
[2026-03-19T22:36:38.107+0000] {logging_mixin.py:190} INFO - [2026-03-19T22:36:38.106+0000] {override.py:1911} INFO - Created Permission View: can read on DAG Run:latest_only_with_trigger
[2026-03-19T22:36:38.181+0000] {logging_mixin.py:190} INFO - [2026-03-19T22:36:38.181+0000] {override.py:1911} INFO - Created Permission View: can create on DAG Run:latest_only_with_trigger
[2026-03-19T22:36:38.258+0000] {logging_mixin.py:190} INFO - [2026-03-19T22:36:38.257+0000] {override.py:1911} INFO - Created Permission View: menu access on DAG Run:latest_only_with_trigger
[2026-03-19T22:36:38.345+0000] {logging_mixin.py:190} INFO - [2026-03-19T22:36:38.345+0000] {override.py:1911} INFO - Created Permission View: can delete on DAG Run:latest_only_with_trigger
[2026-03-19T22:36:38.346+0000] {logging_mixin.py:190} INFO - [2026-03-19T22:36:38.346+0000] {dag.py:3239} INFO - Sync 1 DAGs
[2026-03-19T22:36:38.366+0000] {logging_mixin.py:190} INFO - [2026-03-19T22:36:38.366+0000] {dag.py:3262} INFO - Creating ORM DAG for latest_only_with_trigger
[2026-03-19T22:36:38.388+0000] {logging_mixin.py:190} INFO - [2026-03-19T22:36:38.387+0000] {dag.py:4180} INFO - Setting next_dagrun for latest_only_with_trigger to 2026-03-19 16:00:00+00:00, run_after=2026-03-19 20:00:00+00:00
[2026-03-19T22:36:38.437+0000] {processor.py:208} INFO - Processing /home/airflow/.local/lib/python3.12/site-packages/airflow/example_dags/example_latest_only_with_trigger.py took 1.045 seconds
[2026-03-19T22:37:09.371+0000] {processor.py:186} INFO - Started process (PID=102) to work on /home/airflow/.local/lib/python3.12/site-packages/airflow/example_dags/example_latest_only_with_trigger.py
[2026-03-19T22:37:09.373+0000] {processor.py:914} INFO - Processing file /home/airflow/.local/lib/python3.12/site-packages/airflow/example_dags/example_latest_only_with_trigger.py for tasks to queue
[2026-03-19T22:37:09.377+0000] {logging_mixin.py:190} INFO - [2026-03-19T22:37:09.376+0000] {dagbag.py:588} INFO - Filling up the DagBag from /home/airflow/.local/lib/python3.12/site-packages/airflow/example_dags/example_latest_only_with_trigger.py
[2026-03-19T22:37:09.396+0000] {processor.py:925} INFO - DAG(s) 'latest_only_with_trigger' retrieved from /home/airflow/.local/lib/python3.12/site-packages/airflow/example_dags/example_latest_only_with_trigger.py
[2026-03-19T22:37:09.435+0000] {logging_mixin.py:190} INFO - [2026-03-19T22:37:09.434+0000] {dag.py:3239} INFO - Sync 1 DAGs
[2026-03-19T22:37:09.500+0000] {logging_mixin.py:190} INFO - [2026-03-19T22:37:09.499+0000] {dag.py:4180} INFO - Setting next_dagrun for latest_only_with_trigger to 2026-03-19 16:00:00+00:00, run_after=2026-03-19 20:00:00+00:00
[2026-03-19T22:37:09.549+0000] {processor.py:208} INFO - Processing /home/airflow/.local/lib/python3.12/site-packages/airflow/example_dags/example_latest_only_with_trigger.py took 0.191 seconds
[2026-03-19T22:40:43.817+0000] {processor.py:186} INFO - Started process (PID=160) to work on /home/airflow/.local/lib/python3.12/site-packages/airflow/example_dags/example_latest_only_with_trigger.py
[2026-03-19T22:40:43.819+0000] {processor.py:914} INFO - Processing file /home/airflow/.local/lib/python3.12/site-packages/airflow/example_dags/example_latest_only_with_trigger.py for tasks to queue
[2026-03-19T22:40:43.821+0000] {logging_mixin.py:190} INFO - [2026-03-19T22:40:43.821+0000] {dagbag.py:588} INFO - Filling up the DagBag from /home/airflow/.local/lib/python3.12/site-packages/airflow/example_dags/example_latest_only_with_trigger.py
[2026-03-19T22:40:43.834+0000] {processor.py:925} INFO - DAG(s) 'latest_only_with_trigger' retrieved from /home/airflow/.local/lib/python3.12/site-packages/airflow/example_dags/example_latest_only_with_trigger.py
[2026-03-19T22:40:43.895+0000] {logging_mixin.py:190} INFO - [2026-03-19T22:40:43.894+0000] {dag.py:3239} INFO - Sync 1 DAGs
[2026-03-19T22:40:43.964+0000] {logging_mixin.py:190} INFO - [2026-03-19T22:40:43.964+0000] {dag.py:4180} INFO - Setting next_dagrun for latest_only_with_trigger to 2026-03-19 16:00:00+00:00, run_after=2026-03-19 20:00:00+00:00
[2026-03-19T22:40:44.127+0000] {processor.py:208} INFO - Processing /home/airflow/.local/lib/python3.12/site-packages/airflow/example_dags/example_latest_only_with_trigger.py took 0.316 seconds
[2026-03-19T22:44:38.864+0000] {processor.py:186} INFO - Started process (PID=195) to work on /home/airflow/.local/lib/python3.12/site-packages/airflow/example_dags/example_latest_only_with_trigger.py
[2026-03-19T22:44:38.919+0000] {processor.py:914} INFO - Processing file /home/airflow/.local/lib/python3.12/site-packages/airflow/example_dags/example_latest_only_with_trigger.py for tasks to queue
[2026-03-19T22:44:38.972+0000] {logging_mixin.py:190} INFO - [2026-03-19T22:44:38.939+0000] {dagbag.py:588} INFO - Filling up the DagBag from /home/airflow/.local/lib/python3.12/site-packages/airflow/example_dags/example_latest_only_with_trigger.py
[2026-03-19T22:44:40.506+0000] {processor.py:925} INFO - DAG(s) 'latest_only_with_trigger' retrieved from /home/airflow/.local/lib/python3.12/site-packages/airflow/example_dags/example_latest_only_with_trigger.py
[2026-03-19T22:44:45.696+0000] {logging_mixin.py:190} INFO - [2026-03-19T22:44:45.575+0000] {dag.py:3239} INFO - Sync 1 DAGs
[2026-03-19T22:44:50.150+0000] {logging_mixin.py:190} INFO - [2026-03-19T22:44:49.993+0000] {dag.py:4180} INFO - Setting next_dagrun for latest_only_with_trigger to 2026-03-19 16:00:00+00:00, run_after=2026-03-19 20:00:00+00:00
[2026-03-19T22:44:55.990+0000] {processor.py:208} INFO - Processing /home/airflow/.local/lib/python3.12/site-packages/airflow/example_dags/example_latest_only_with_trigger.py took 17.640 seconds
[2026-03-19T22:47:35.107+0000] {processor.py:186} INFO - Started process (PID=44) to work on /home/airflow/.local/lib/python3.12/site-packages/airflow/example_dags/example_latest_only_with_trigger.py
[2026-03-19T22:47:35.112+0000] {processor.py:914} INFO - Processing file /home/airflow/.local/lib/python3.12/site-packages/airflow/example_dags/example_latest_only_with_trigger.py for tasks to queue
[2026-03-19T22:47:35.122+0000] {logging_mixin.py:190} INFO - [2026-03-19T22:47:35.121+0000] {dagbag.py:588} INFO - Filling up the DagBag from /home/airflow/.local/lib/python3.12/site-packages/airflow/example_dags/example_latest_only_with_trigger.py
[2026-03-19T22:47:35.168+0000] {processor.py:925} INFO - DAG(s) 'latest_only_with_trigger' retrieved from /home/airflow/.local/lib/python3.12/site-packages/airflow/example_dags/example_latest_only_with_trigger.py
[2026-03-19T22:47:35.477+0000] {logging_mixin.py:190} INFO - [2026-03-19T22:47:35.476+0000] {override.py:1911} INFO - Created Permission View: can delete on DAG:latest_only_with_trigger
[2026-03-19T22:47:35.488+0000] {logging_mixin.py:190} INFO - [2026-03-19T22:47:35.488+0000] {override.py:1911} INFO - Created Permission View: can edit on DAG:latest_only_with_trigger
[2026-03-19T22:47:35.501+0000] {logging_mixin.py:190} INFO - [2026-03-19T22:47:35.501+0000] {override.py:1911} INFO - Created Permission View: can read on DAG:latest_only_with_trigger
[2026-03-19T22:47:35.526+0000] {logging_mixin.py:190} INFO - [2026-03-19T22:47:35.526+0000] {override.py:1911} INFO - Created Permission View: can create on DAG Run:latest_only_with_trigger
[2026-03-19T22:47:35.539+0000] {logging_mixin.py:190} INFO - [2026-03-19T22:47:35.539+0000] {override.py:1911} INFO - Created Permission View: can delete on DAG Run:latest_only_with_trigger
[2026-03-19T22:47:35.548+0000] {logging_mixin.py:190} INFO - [2026-03-19T22:47:35.548+0000] {override.py:1911} INFO - Created Permission View: menu access on DAG Run:latest_only_with_trigger
[2026-03-19T22:47:35.559+0000] {logging_mixin.py:190} INFO - [2026-03-19T22:47:35.559+0000] {override.py:1911} INFO - Created Permission View: can read on DAG Run:latest_only_with_trigger
[2026-03-19T22:47:35.560+0000] {logging_mixin.py:190} INFO - [2026-03-19T22:47:35.560+0000] {dag.py:3239} INFO - Sync 1 DAGs
[2026-03-19T22:47:35.572+0000] {logging_mixin.py:190} INFO - [2026-03-19T22:47:35.571+0000] {dag.py:3262} INFO - Creating ORM DAG for latest_only_with_trigger
[2026-03-19T22:47:35.582+0000] {logging_mixin.py:190} INFO - [2026-03-19T22:47:35.581+0000] {dag.py:4180} INFO - Setting next_dagrun for latest_only_with_trigger to 2026-03-19 16:00:00+00:00, run_after=2026-03-19 20:00:00+00:00
[2026-03-19T22:47:35.598+0000] {processor.py:208} INFO - Processing /home/airflow/.local/lib/python3.12/site-packages/airflow/example_dags/example_latest_only_with_trigger.py took 0.513 seconds
[2026-03-19T22:48:06.404+0000] {processor.py:186} INFO - Started process (PID=102) to work on /home/airflow/.local/lib/python3.12/site-packages/airflow/example_dags/example_latest_only_with_trigger.py
[2026-03-19T22:48:06.406+0000] {processor.py:914} INFO - Processing file /home/airflow/.local/lib/python3.12/site-packages/airflow/example_dags/example_latest_only_with_trigger.py for tasks to queue
[2026-03-19T22:48:06.416+0000] {logging_mixin.py:190} INFO - [2026-03-19T22:48:06.415+0000] {dagbag.py:588} INFO - Filling up the DagBag from /home/airflow/.local/lib/python3.12/site-packages/airflow/example_dags/example_latest_only_with_trigger.py
[2026-03-19T22:48:06.442+0000] {processor.py:925} INFO - DAG(s) 'latest_only_with_trigger' retrieved from /home/airflow/.local/lib/python3.12/site-packages/airflow/example_dags/example_latest_only_with_trigger.py
[2026-03-19T22:48:06.482+0000] {logging_mixin.py:190} INFO - [2026-03-19T22:48:06.482+0000] {dag.py:3239} INFO - Sync 1 DAGs
[2026-03-19T22:48:06.536+0000] {logging_mixin.py:190} INFO - [2026-03-19T22:48:06.536+0000] {dag.py:4180} INFO - Setting next_dagrun for latest_only_with_trigger to 2026-03-19 16:00:00+00:00, run_after=2026-03-19 20:00:00+00:00
[2026-03-19T22:48:06.571+0000] {processor.py:208} INFO - Processing /home/airflow/.local/lib/python3.12/site-packages/airflow/example_dags/example_latest_only_with_trigger.py took 0.189 seconds
[2026-03-19T22:48:37.243+0000] {processor.py:186} INFO - Started process (PID=160) to work on /home/airflow/.local/lib/python3.12/site-packages/airflow/example_dags/example_latest_only_with_trigger.py
[2026-03-19T22:48:37.244+0000] {processor.py:914} INFO - Processing file /home/airflow/.local/lib/python3.12/site-packages/airflow/example_dags/example_latest_only_with_trigger.py for tasks to queue
[2026-03-19T22:48:37.246+0000] {logging_mixin.py:190} INFO - [2026-03-19T22:48:37.246+0000] {dagbag.py:588} INFO - Filling up the DagBag from /home/airflow/.local/lib/python3.12/site-packages/airflow/example_dags/example_latest_only_with_trigger.py
[2026-03-19T22:48:37.252+0000] {processor.py:925} INFO - DAG(s) 'latest_only_with_trigger' retrieved from /home/airflow/.local/lib/python3.12/site-packages/airflow/example_dags/example_latest_only_with_trigger.py
[2026-03-19T22:48:37.268+0000] {logging_mixin.py:190} INFO - [2026-03-19T22:48:37.268+0000] {dag.py:3239} INFO - Sync 1 DAGs
[2026-03-19T22:48:37.287+0000] {logging_mixin.py:190} INFO - [2026-03-19T22:48:37.286+0000] {dag.py:4180} INFO - Setting next_dagrun for latest_only_with_trigger to 2026-03-19 16:00:00+00:00, run_after=2026-03-19 20:00:00+00:00
[2026-03-19T22:48:37.306+0000] {processor.py:208} INFO - Processing /home/airflow/.local/lib/python3.12/site-packages/airflow/example_dags/example_latest_only_with_trigger.py took 0.067 seconds
[2026-03-19T22:49:07.821+0000] {processor.py:186} INFO - Started process (PID=218) to work on /home/airflow/.local/lib/python3.12/site-packages/airflow/example_dags/example_latest_only_with_trigger.py
[2026-03-19T22:49:07.822+0000] {processor.py:914} INFO - Processing file /home/airflow/.local/lib/python3.12/site-packages/airflow/example_dags/example_latest_only_with_trigger.py for tasks to queue
[2026-03-19T22:49:07.824+0000] {logging_mixin.py:190} INFO - [2026-03-19T22:49:07.824+0000] {dagbag.py:588} INFO - Filling up the DagBag from /home/airflow/.local/lib/python3.12/site-packages/airflow/example_dags/example_latest_only_with_trigger.py
[2026-03-19T22:49:07.830+0000] {processor.py:925} INFO - DAG(s) 'latest_only_with_trigger' retrieved from /home/airflow/.local/lib/python3.12/site-packages/airflow/example_dags/example_latest_only_with_trigger.py
[2026-03-19T22:49:07.847+0000] {logging_mixin.py:190} INFO - [2026-03-19T22:49:07.847+0000] {dag.py:3239} INFO - Sync 1 DAGs
[2026-03-19T22:49:07.867+0000] {logging_mixin.py:190} INFO - [2026-03-19T22:49:07.867+0000] {dag.py:4180} INFO - Setting next_dagrun for latest_only_with_trigger to 2026-03-19 16:00:00+00:00, run_after=2026-03-19 20:00:00+00:00
[2026-03-19T22:49:07.887+0000] {processor.py:208} INFO - Processing /home/airflow/.local/lib/python3.12/site-packages/airflow/example_dags/example_latest_only_with_trigger.py took 0.071 seconds
[2026-03-19T22:49:38.380+0000] {processor.py:186} INFO - Started process (PID=276) to work on /home/airflow/.local/lib/python3.12/site-packages/airflow/example_dags/example_latest_only_with_trigger.py
[2026-03-19T22:49:38.381+0000] {processor.py:914} INFO - Processing file /home/airflow/.local/lib/python3.12/site-packages/airflow/example_dags/example_latest_only_with_trigger.py for tasks to queue
[2026-03-19T22:49:38.383+0000] {logging_mixin.py:190} INFO - [2026-03-19T22:49:38.383+0000] {dagbag.py:588} INFO - Filling up the DagBag from /home/airflow/.local/lib/python3.12/site-packages/airflow/example_dags/example_latest_only_with_trigger.py
[2026-03-19T22:49:38.389+0000] {processor.py:925} INFO - DAG(s) 'latest_only_with_trigger' retrieved from /home/airflow/.local/lib/python3.12/site-packages/airflow/example_dags/example_latest_only_with_trigger.py
[2026-03-19T22:49:38.405+0000] {logging_mixin.py:190} INFO - [2026-03-19T22:49:38.404+0000] {dag.py:3239} INFO - Sync 1 DAGs
[2026-03-19T22:49:38.425+0000] {logging_mixin.py:190} INFO - [2026-03-19T22:49:38.424+0000] {dag.py:4180} INFO - Setting next_dagrun for latest_only_with_trigger to 2026-03-19 16:00:00+00:00, run_after=2026-03-19 20:00:00+00:00
[2026-03-19T22:49:38.445+0000] {processor.py:208} INFO - Processing /home/airflow/.local/lib/python3.12/site-packages/airflow/example_dags/example_latest_only_with_trigger.py took 0.069 seconds
[2026-03-19T22:50:08.673+0000] {processor.py:186} INFO - Started process (PID=334) to work on /home/airflow/.local/lib/python3.12/site-packages/airflow/example_dags/example_latest_only_with_trigger.py
[2026-03-19T22:50:08.674+0000] {processor.py:914} INFO - Processing file /home/airflow/.local/lib/python3.12/site-packages/airflow/example_dags/example_latest_only_with_trigger.py for tasks to queue
[2026-03-19T22:50:08.676+0000] {logging_mixin.py:190} INFO - [2026-03-19T22:50:08.676+0000] {dagbag.py:588} INFO - Filling up the DagBag from /home/airflow/.local/lib/python3.12/site-packages/airflow/example_dags/example_latest_only_with_trigger.py
[2026-03-19T22:50:08.682+0000] {processor.py:925} INFO - DAG(s) 'latest_only_with_trigger' retrieved from /home/airflow/.local/lib/python3.12/site-packages/airflow/example_dags/example_latest_only_with_trigger.py
[2026-03-19T22:50:08.699+0000] {logging_mixin.py:190} INFO - [2026-03-19T22:50:08.698+0000] {dag.py:3239} INFO - Sync 1 DAGs
[2026-03-19T22:50:08.718+0000] {logging_mixin.py:190} INFO - [2026-03-19T22:50:08.718+0000] {dag.py:4180} INFO - Setting next_dagrun for latest_only_with_trigger to 2026-03-19 16:00:00+00:00, run_after=2026-03-19 20:00:00+00:00
[2026-03-19T22:50:08.739+0000] {processor.py:208} INFO - Processing /home/airflow/.local/lib/python3.12/site-packages/airflow/example_dags/example_latest_only_with_trigger.py took 0.070 seconds
[2026-03-19T22:50:39.164+0000] {processor.py:186} INFO - Started process (PID=394) to work on /home/airflow/.local/lib/python3.12/site-packages/airflow/example_dags/example_latest_only_with_trigger.py
[2026-03-19T22:50:39.165+0000] {processor.py:914} INFO - Processing file /home/airflow/.local/lib/python3.12/site-packages/airflow/example_dags/example_latest_only_with_trigger.py for tasks to queue
[2026-03-19T22:50:39.167+0000] {logging_mixin.py:190} INFO - [2026-03-19T22:50:39.167+0000] {dagbag.py:588} INFO - Filling up the DagBag from /home/airflow/.local/lib/python3.12/site-packages/airflow/example_dags/example_latest_only_with_trigger.py
[2026-03-19T22:50:39.173+0000] {processor.py:925} INFO - DAG(s) 'latest_only_with_trigger' retrieved from /home/airflow/.local/lib/python3.12/site-packages/airflow/example_dags/example_latest_only_with_trigger.py
[2026-03-19T22:50:39.189+0000] {logging_mixin.py:190} INFO - [2026-03-19T22:50:39.189+0000] {dag.py:3239} INFO - Sync 1 DAGs
[2026-03-19T22:50:39.209+0000] {logging_mixin.py:190} INFO - [2026-03-19T22:50:39.209+0000] {dag.py:4180} INFO - Setting next_dagrun for latest_only_with_trigger to 2026-03-19 16:00:00+00:00, run_after=2026-03-19 20:00:00+00:00
[2026-03-19T22:50:39.231+0000] {processor.py:208} INFO - Processing /home/airflow/.local/lib/python3.12/site-packages/airflow/example_dags/example_latest_only_with_trigger.py took 0.072 seconds
[2026-03-19T22:51:09.614+0000] {processor.py:186} INFO - Started process (PID=452) to work on /home/airflow/.local/lib/python3.12/site-packages/airflow/example_dags/example_latest_only_with_trigger.py
[2026-03-19T22:51:09.615+0000] {processor.py:914} INFO - Processing file /home/airflow/.local/lib/python3.12/site-packages/airflow/example_dags/example_latest_only_with_trigger.py for tasks to queue
[2026-03-19T22:51:09.618+0000] {logging_mixin.py:190} INFO - [2026-03-19T22:51:09.618+0000] {dagbag.py:588} INFO - Filling up the DagBag from /home/airflow/.local/lib/python3.12/site-packages/airflow/example_dags/example_latest_only_with_trigger.py
[2026-03-19T22:51:09.628+0000] {processor.py:925} INFO - DAG(s) 'latest_only_with_trigger' retrieved from /home/airflow/.local/lib/python3.12/site-packages/airflow/example_dags/example_latest_only_with_trigger.py
[2026-03-19T22:51:09.653+0000] {logging_mixin.py:190} INFO - [2026-03-19T22:51:09.653+0000] {dag.py:3239} INFO - Sync 1 DAGs
[2026-03-19T22:51:09.691+0000] {logging_mixin.py:190} INFO - [2026-03-19T22:51:09.691+0000] {dag.py:4180} INFO - Setting next_dagrun for latest_only_with_trigger to 2026-03-19 16:00:00+00:00, run_after=2026-03-19 20:00:00+00:00
[2026-03-19T22:51:09.725+0000] {processor.py:208} INFO - Processing /home/airflow/.local/lib/python3.12/site-packages/airflow/example_dags/example_latest_only_with_trigger.py took 0.118 seconds
[2026-03-19T22:51:40.544+0000] {processor.py:186} INFO - Started process (PID=510) to work on /home/airflow/.local/lib/python3.12/site-packages/airflow/example_dags/example_latest_only_with_trigger.py
[2026-03-19T22:51:40.545+0000] {processor.py:914} INFO - Processing file /home/airflow/.local/lib/python3.12/site-packages/airflow/example_dags/example_latest_only_with_trigger.py for tasks to queue
[2026-03-19T22:51:40.547+0000] {logging_mixin.py:190} INFO - [2026-03-19T22:51:40.547+0000] {dagbag.py:588} INFO - Filling up the DagBag from /home/airflow/.local/lib/python3.12/site-packages/airflow/example_dags/example_latest_only_with_trigger.py
[2026-03-19T22:51:40.554+0000] {processor.py:925} INFO - DAG(s) 'latest_only_with_trigger' retrieved from /home/airflow/.local/lib/python3.12/site-packages/airflow/example_dags/example_latest_only_with_trigger.py
[2026-03-19T22:51:40.570+0000] {logging_mixin.py:190} INFO - [2026-03-19T22:51:40.570+0000] {dag.py:3239} INFO - Sync 1 DAGs
[2026-03-19T22:51:40.589+0000] {logging_mixin.py:190} INFO - [2026-03-19T22:51:40.588+0000] {dag.py:4180} INFO - Setting next_dagrun for latest_only_with_trigger to 2026-03-19 16:00:00+00:00, run_after=2026-03-19 20:00:00+00:00
[2026-03-19T22:51:40.609+0000] {processor.py:208} INFO - Processing /home/airflow/.local/lib/python3.12/site-packages/airflow/example_dags/example_latest_only_with_trigger.py took 0.070 seconds
[2026-03-19T22:52:10.901+0000] {processor.py:186} INFO - Started process (PID=568) to work on /home/airflow/.local/lib/python3.12/site-packages/airflow/example_dags/example_latest_only_with_trigger.py
[2026-03-19T22:52:10.902+0000] {processor.py:914} INFO - Processing file /home/airflow/.local/lib/python3.12/site-packages/airflow/example_dags/example_latest_only_with_trigger.py for tasks to queue
[2026-03-19T22:52:10.907+0000] {logging_mixin.py:190} INFO - [2026-03-19T22:52:10.907+0000] {dagbag.py:588} INFO - Filling up the DagBag from /home/airflow/.local/lib/python3.12/site-packages/airflow/example_dags/example_latest_only_with_trigger.py
[2026-03-19T22:52:10.919+0000] {processor.py:925} INFO - DAG(s) 'latest_only_with_trigger' retrieved from /home/airflow/.local/lib/python3.12/site-packages/airflow/example_dags/example_latest_only_with_trigger.py
[2026-03-19T22:52:10.953+0000] {logging_mixin.py:190} INFO - [2026-03-19T22:52:10.952+0000] {dag.py:3239} INFO - Sync 1 DAGs
[2026-03-19T22:52:10.992+0000] {logging_mixin.py:190} INFO - [2026-03-19T22:52:10.992+0000] {dag.py:4180} INFO - Setting next_dagrun for latest_only_with_trigger to 2026-03-19 16:00:00+00:00, run_after=2026-03-19 20:00:00+00:00
[2026-03-19T22:52:11.031+0000] {processor.py:208} INFO - Processing /home/airflow/.local/lib/python3.12/site-packages/airflow/example_dags/example_latest_only_with_trigger.py took 0.138 seconds
[2026-03-19T22:52:41.581+0000] {processor.py:186} INFO - Started process (PID=626) to work on /home/airflow/.local/lib/python3.12/site-packages/airflow/example_dags/example_latest_only_with_trigger.py
[2026-03-19T22:52:41.582+0000] {processor.py:914} INFO - Processing file /home/airflow/.local/lib/python3.12/site-packages/airflow/example_dags/example_latest_only_with_trigger.py for tasks to queue
[2026-03-19T22:52:41.584+0000] {logging_mixin.py:190} INFO - [2026-03-19T22:52:41.584+0000] {dagbag.py:588} INFO - Filling up the DagBag from /home/airflow/.local/lib/python3.12/site-packages/airflow/example_dags/example_latest_only_with_trigger.py
[2026-03-19T22:52:41.590+0000] {processor.py:925} INFO - DAG(s) 'latest_only_with_trigger' retrieved from /home/airflow/.local/lib/python3.12/site-packages/airflow/example_dags/example_latest_only_with_trigger.py
[2026-03-19T22:52:41.607+0000] {logging_mixin.py:190} INFO - [2026-03-19T22:52:41.606+0000] {dag.py:3239} INFO - Sync 1 DAGs
[2026-03-19T22:52:41.626+0000] {logging_mixin.py:190} INFO - [2026-03-19T22:52:41.625+0000] {dag.py:4180} INFO - Setting next_dagrun for latest_only_with_trigger to 2026-03-19 16:00:00+00:00, run_after=2026-03-19 20:00:00+00:00
[2026-03-19T22:52:41.645+0000] {processor.py:208} INFO - Processing /home/airflow/.local/lib/python3.12/site-packages/airflow/example_dags/example_latest_only_with_trigger.py took 0.068 seconds
[2026-03-19T22:53:11.934+0000] {processor.py:186} INFO - Started process (PID=684) to work on /home/airflow/.local/lib/python3.12/site-packages/airflow/example_dags/example_latest_only_with_trigger.py
[2026-03-19T22:53:11.935+0000] {processor.py:914} INFO - Processing file /home/airflow/.local/lib/python3.12/site-packages/airflow/example_dags/example_latest_only_with_trigger.py for tasks to queue
[2026-03-19T22:53:11.937+0000] {logging_mixin.py:190} INFO - [2026-03-19T22:53:11.937+0000] {dagbag.py:588} INFO - Filling up the DagBag from /home/airflow/.local/lib/python3.12/site-packages/airflow/example_dags/example_latest_only_with_trigger.py
[2026-03-19T22:53:11.943+0000] {processor.py:925} INFO - DAG(s) 'latest_only_with_trigger' retrieved from /home/airflow/.local/lib/python3.12/site-packages/airflow/example_dags/example_latest_only_with_trigger.py
[2026-03-19T22:53:11.961+0000] {logging_mixin.py:190} INFO - [2026-03-19T22:53:11.960+0000] {dag.py:3239} INFO - Sync 1 DAGs
[2026-03-19T22:53:11.981+0000] {logging_mixin.py:190} INFO - [2026-03-19T22:53:11.981+0000] {dag.py:4180} INFO - Setting next_dagrun for latest_only_with_trigger to 2026-03-19 16:00:00+00:00, run_after=2026-03-19 20:00:00+00:00
[2026-03-19T22:53:11.998+0000] {processor.py:208} INFO - Processing /home/airflow/.local/lib/python3.12/site-packages/airflow/example_dags/example_latest_only_with_trigger.py took 0.069 seconds
[2026-03-19T22:53:42.372+0000] {processor.py:186} INFO - Started process (PID=742) to work on /home/airflow/.local/lib/python3.12/site-packages/airflow/example_dags/example_latest_only_with_trigger.py
[2026-03-19T22:53:42.372+0000] {processor.py:914} INFO - Processing file /home/airflow/.local/lib/python3.12/site-packages/airflow/example_dags/example_latest_only_with_trigger.py for tasks to queue
[2026-03-19T22:53:42.375+0000] {logging_mixin.py:190} INFO - [2026-03-19T22:53:42.374+0000] {dagbag.py:588} INFO - Filling up the DagBag from /home/airflow/.local/lib/python3.12/site-packages/airflow/example_dags/example_latest_only_with_trigger.py
[2026-03-19T22:53:42.381+0000] {processor.py:925} INFO - DAG(s) 'latest_only_with_trigger' retrieved from /home/airflow/.local/lib/python3.12/site-packages/airflow/example_dags/example_latest_only_with_trigger.py
[2026-03-19T22:53:42.400+0000] {logging_mixin.py:190} INFO - [2026-03-19T22:53:42.400+0000] {dag.py:3239} INFO - Sync 1 DAGs
[2026-03-19T22:53:42.421+0000] {logging_mixin.py:190} INFO - [2026-03-19T22:53:42.420+0000] {dag.py:4180} INFO - Setting next_dagrun for latest_only_with_trigger to 2026-03-19 16:00:00+00:00, run_after=2026-03-19 20:00:00+00:00
[2026-03-19T22:53:42.440+0000] {processor.py:208} INFO - Processing /home/airflow/.local/lib/python3.12/site-packages/airflow/example_dags/example_latest_only_with_trigger.py took 0.074 seconds
[2026-03-19T22:54:12.923+0000] {processor.py:186} INFO - Started process (PID=800) to work on /home/airflow/.local/lib/python3.12/site-packages/airflow/example_dags/example_latest_only_with_trigger.py
[2026-03-19T22:54:12.923+0000] {processor.py:914} INFO - Processing file /home/airflow/.local/lib/python3.12/site-packages/airflow/example_dags/example_latest_only_with_trigger.py for tasks to queue
[2026-03-19T22:54:12.925+0000] {logging_mixin.py:190} INFO - [2026-03-19T22:54:12.925+0000] {dagbag.py:588} INFO - Filling up the DagBag from /home/airflow/.local/lib/python3.12/site-packages/airflow/example_dags/example_latest_only_with_trigger.py
[2026-03-19T22:54:12.932+0000] {processor.py:925} INFO - DAG(s) 'latest_only_with_trigger' retrieved from /home/airflow/.local/lib/python3.12/site-packages/airflow/example_dags/example_latest_only_with_trigger.py
[2026-03-19T22:54:12.948+0000] {logging_mixin.py:190} INFO - [2026-03-19T22:54:12.948+0000] {dag.py:3239} INFO - Sync 1 DAGs
[2026-03-19T22:54:12.967+0000] {logging_mixin.py:190} INFO - [2026-03-19T22:54:12.967+0000] {dag.py:4180} INFO - Setting next_dagrun for latest_only_with_trigger to 2026-03-19 16:00:00+00:00, run_after=2026-03-19 20:00:00+00:00
[2026-03-19T22:54:12.988+0000] {processor.py:208} INFO - Processing /home/airflow/.local/lib/python3.12/site-packages/airflow/example_dags/example_latest_only_with_trigger.py took 0.069 seconds
[2026-03-19T22:54:43.100+0000] {processor.py:186} INFO - Started process (PID=858) to work on /home/airflow/.local/lib/python3.12/site-packages/airflow/example_dags/example_latest_only_with_trigger.py
[2026-03-19T22:54:43.101+0000] {processor.py:914} INFO - Processing file /home/airflow/.local/lib/python3.12/site-packages/airflow/example_dags/example_latest_only_with_trigger.py for tasks to queue
[2026-03-19T22:54:43.103+0000] {logging_mixin.py:190} INFO - [2026-03-19T22:54:43.103+0000] {dagbag.py:588} INFO - Filling up the DagBag from /home/airflow/.local/lib/python3.12/site-packages/airflow/example_dags/example_latest_only_with_trigger.py
[2026-03-19T22:54:43.110+0000] {processor.py:925} INFO - DAG(s) 'latest_only_with_trigger' retrieved from /home/airflow/.local/lib/python3.12/site-packages/airflow/example_dags/example_latest_only_with_trigger.py
[2026-03-19T22:54:43.126+0000] {logging_mixin.py:190} INFO - [2026-03-19T22:54:43.126+0000] {dag.py:3239} INFO - Sync 1 DAGs
[2026-03-19T22:54:43.144+0000] {logging_mixin.py:190} INFO - [2026-03-19T22:54:43.144+0000] {dag.py:4180} INFO - Setting next_dagrun for latest_only_with_trigger to 2026-03-19 16:00:00+00:00, run_after=2026-03-19 20:00:00+00:00
[2026-03-19T22:54:43.161+0000] {processor.py:208} INFO - Processing /home/airflow/.local/lib/python3.12/site-packages/airflow/example_dags/example_latest_only_with_trigger.py took 0.067 seconds
[2026-03-19T22:55:13.415+0000] {processor.py:186} INFO - Started process (PID=916) to work on /home/airflow/.local/lib/python3.12/site-packages/airflow/example_dags/example_latest_only_with_trigger.py
[2026-03-19T22:55:13.416+0000] {processor.py:914} INFO - Processing file /home/airflow/.local/lib/python3.12/site-packages/airflow/example_dags/example_latest_only_with_trigger.py for tasks to queue
[2026-03-19T22:55:13.417+0000] {logging_mixin.py:190} INFO - [2026-03-19T22:55:13.417+0000] {dagbag.py:588} INFO - Filling up the DagBag from /home/airflow/.local/lib/python3.12/site-packages/airflow/example_dags/example_latest_only_with_trigger.py
[2026-03-19T22:55:13.424+0000] {processor.py:925} INFO - DAG(s) 'latest_only_with_trigger' retrieved from /home/airflow/.local/lib/python3.12/site-packages/airflow/example_dags/example_latest_only_with_trigger.py
[2026-03-19T22:55:13.440+0000] {logging_mixin.py:190} INFO - [2026-03-19T22:55:13.440+0000] {dag.py:3239} INFO - Sync 1 DAGs
[2026-03-19T22:55:13.460+0000] {logging_mixin.py:190} INFO - [2026-03-19T22:55:13.459+0000] {dag.py:4180} INFO - Setting next_dagrun for latest_only_with_trigger to 2026-03-19 16:00:00+00:00, run_after=2026-03-19 20:00:00+00:00
[2026-03-19T22:55:13.479+0000] {processor.py:208} INFO - Processing /home/airflow/.local/lib/python3.12/site-packages/airflow/example_dags/example_latest_only_with_trigger.py took 0.069 seconds
