[2026-03-19T22:36:38.558+0000] {processor.py:186} INFO - Started process (PID=46) to work on /home/airflow/.local/lib/python3.12/site-packages/airflow/example_dags/example_xcom.py
[2026-03-19T22:36:38.560+0000] {processor.py:914} INFO - Processing file /home/airflow/.local/lib/python3.12/site-packages/airflow/example_dags/example_xcom.py for tasks to queue
[2026-03-19T22:36:38.564+0000] {logging_mixin.py:190} INFO - [2026-03-19T22:36:38.564+0000] {dagbag.py:588} INFO - Filling up the DagBag from /home/airflow/.local/lib/python3.12/site-packages/airflow/example_dags/example_xcom.py
[2026-03-19T22:36:38.587+0000] {processor.py:925} INFO - DAG(s) 'example_xcom' retrieved from /home/airflow/.local/lib/python3.12/site-packages/airflow/example_dags/example_xcom.py
[2026-03-19T22:36:38.989+0000] {logging_mixin.py:190} INFO - [2026-03-19T22:36:38.986+0000] {override.py:1911} INFO - Created Permission View: can read on DAG:example_xcom
[2026-03-19T22:36:39.074+0000] {logging_mixin.py:190} INFO - [2026-03-19T22:36:39.074+0000] {override.py:1911} INFO - Created Permission View: can delete on DAG:example_xcom
[2026-03-19T22:36:39.141+0000] {logging_mixin.py:190} INFO - [2026-03-19T22:36:39.141+0000] {override.py:1911} INFO - Created Permission View: can edit on DAG:example_xcom
[2026-03-19T22:36:39.266+0000] {logging_mixin.py:190} INFO - [2026-03-19T22:36:39.265+0000] {override.py:1911} INFO - Created Permission View: can read on DAG Run:example_xcom
[2026-03-19T22:36:39.342+0000] {logging_mixin.py:190} INFO - [2026-03-19T22:36:39.342+0000] {override.py:1911} INFO - Created Permission View: can create on DAG Run:example_xcom
[2026-03-19T22:36:39.397+0000] {logging_mixin.py:190} INFO - [2026-03-19T22:36:39.397+0000] {override.py:1911} INFO - Created Permission View: menu access on DAG Run:example_xcom
[2026-03-19T22:36:39.463+0000] {logging_mixin.py:190} INFO - [2026-03-19T22:36:39.463+0000] {override.py:1911} INFO - Created Permission View: can delete on DAG Run:example_xcom
[2026-03-19T22:36:39.464+0000] {logging_mixin.py:190} INFO - [2026-03-19T22:36:39.464+0000] {dag.py:3239} INFO - Sync 1 DAGs
[2026-03-19T22:36:39.479+0000] {logging_mixin.py:190} INFO - [2026-03-19T22:36:39.479+0000] {dag.py:3262} INFO - Creating ORM DAG for example_xcom
[2026-03-19T22:36:39.491+0000] {logging_mixin.py:190} INFO - [2026-03-19T22:36:39.491+0000] {dag.py:4180} INFO - Setting next_dagrun for example_xcom to 2021-01-01 00:00:00+00:00, run_after=2021-01-01 00:00:00+00:00
[2026-03-19T22:36:39.557+0000] {processor.py:208} INFO - Processing /home/airflow/.local/lib/python3.12/site-packages/airflow/example_dags/example_xcom.py took 1.014 seconds
[2026-03-19T22:37:09.940+0000] {processor.py:186} INFO - Started process (PID=104) to work on /home/airflow/.local/lib/python3.12/site-packages/airflow/example_dags/example_xcom.py
[2026-03-19T22:37:09.944+0000] {processor.py:914} INFO - Processing file /home/airflow/.local/lib/python3.12/site-packages/airflow/example_dags/example_xcom.py for tasks to queue
[2026-03-19T22:37:09.953+0000] {logging_mixin.py:190} INFO - [2026-03-19T22:37:09.952+0000] {dagbag.py:588} INFO - Filling up the DagBag from /home/airflow/.local/lib/python3.12/site-packages/airflow/example_dags/example_xcom.py
[2026-03-19T22:37:09.994+0000] {processor.py:925} INFO - DAG(s) 'example_xcom' retrieved from /home/airflow/.local/lib/python3.12/site-packages/airflow/example_dags/example_xcom.py
[2026-03-19T22:37:10.058+0000] {logging_mixin.py:190} INFO - [2026-03-19T22:37:10.057+0000] {dag.py:3239} INFO - Sync 1 DAGs
[2026-03-19T22:37:10.136+0000] {logging_mixin.py:190} INFO - [2026-03-19T22:37:10.135+0000] {dag.py:4180} INFO - Setting next_dagrun for example_xcom to 2021-01-01 00:00:00+00:00, run_after=2021-01-01 00:00:00+00:00
[2026-03-19T22:37:10.173+0000] {processor.py:208} INFO - Processing /home/airflow/.local/lib/python3.12/site-packages/airflow/example_dags/example_xcom.py took 0.249 seconds
[2026-03-19T22:40:44.601+0000] {processor.py:186} INFO - Started process (PID=162) to work on /home/airflow/.local/lib/python3.12/site-packages/airflow/example_dags/example_xcom.py
[2026-03-19T22:40:44.603+0000] {processor.py:914} INFO - Processing file /home/airflow/.local/lib/python3.12/site-packages/airflow/example_dags/example_xcom.py for tasks to queue
[2026-03-19T22:40:44.609+0000] {logging_mixin.py:190} INFO - [2026-03-19T22:40:44.608+0000] {dagbag.py:588} INFO - Filling up the DagBag from /home/airflow/.local/lib/python3.12/site-packages/airflow/example_dags/example_xcom.py
[2026-03-19T22:40:44.631+0000] {processor.py:925} INFO - DAG(s) 'example_xcom' retrieved from /home/airflow/.local/lib/python3.12/site-packages/airflow/example_dags/example_xcom.py
[2026-03-19T22:40:44.659+0000] {logging_mixin.py:190} INFO - [2026-03-19T22:40:44.658+0000] {dag.py:3239} INFO - Sync 1 DAGs
[2026-03-19T22:40:44.689+0000] {logging_mixin.py:190} INFO - [2026-03-19T22:40:44.689+0000] {dag.py:4180} INFO - Setting next_dagrun for example_xcom to 2021-01-01 00:00:00+00:00, run_after=2021-01-01 00:00:00+00:00
[2026-03-19T22:40:44.749+0000] {processor.py:208} INFO - Processing /home/airflow/.local/lib/python3.12/site-packages/airflow/example_dags/example_xcom.py took 0.165 seconds
[2026-03-19T22:45:01.288+0000] {processor.py:186} INFO - Started process (PID=197) to work on /home/airflow/.local/lib/python3.12/site-packages/airflow/example_dags/example_xcom.py
[2026-03-19T22:45:01.423+0000] {processor.py:914} INFO - Processing file /home/airflow/.local/lib/python3.12/site-packages/airflow/example_dags/example_xcom.py for tasks to queue
[2026-03-19T22:45:01.583+0000] {logging_mixin.py:190} INFO - [2026-03-19T22:45:01.520+0000] {dagbag.py:588} INFO - Filling up the DagBag from /home/airflow/.local/lib/python3.12/site-packages/airflow/example_dags/example_xcom.py
[2026-03-19T22:45:02.500+0000] {processor.py:925} INFO - DAG(s) 'example_xcom' retrieved from /home/airflow/.local/lib/python3.12/site-packages/airflow/example_dags/example_xcom.py
[2026-03-19T22:45:04.499+0000] {logging_mixin.py:190} INFO - [2026-03-19T22:45:04.397+0000] {dag.py:3239} INFO - Sync 1 DAGs
[2026-03-19T22:45:05.919+0000] {logging_mixin.py:190} INFO - [2026-03-19T22:45:05.826+0000] {dag.py:4180} INFO - Setting next_dagrun for example_xcom to 2021-01-01 00:00:00+00:00, run_after=2021-01-01 00:00:00+00:00
[2026-03-19T22:45:07.340+0000] {processor.py:208} INFO - Processing /home/airflow/.local/lib/python3.12/site-packages/airflow/example_dags/example_xcom.py took 6.667 seconds
[2026-03-19T22:47:35.943+0000] {processor.py:186} INFO - Started process (PID=46) to work on /home/airflow/.local/lib/python3.12/site-packages/airflow/example_dags/example_xcom.py
[2026-03-19T22:47:35.944+0000] {processor.py:914} INFO - Processing file /home/airflow/.local/lib/python3.12/site-packages/airflow/example_dags/example_xcom.py for tasks to queue
[2026-03-19T22:47:35.946+0000] {logging_mixin.py:190} INFO - [2026-03-19T22:47:35.945+0000] {dagbag.py:588} INFO - Filling up the DagBag from /home/airflow/.local/lib/python3.12/site-packages/airflow/example_dags/example_xcom.py
[2026-03-19T22:47:35.955+0000] {processor.py:925} INFO - DAG(s) 'example_xcom' retrieved from /home/airflow/.local/lib/python3.12/site-packages/airflow/example_dags/example_xcom.py
[2026-03-19T22:47:36.075+0000] {logging_mixin.py:190} INFO - [2026-03-19T22:47:36.073+0000] {override.py:1911} INFO - Created Permission View: can delete on DAG:example_xcom
[2026-03-19T22:47:36.088+0000] {logging_mixin.py:190} INFO - [2026-03-19T22:47:36.087+0000] {override.py:1911} INFO - Created Permission View: can edit on DAG:example_xcom
[2026-03-19T22:47:36.100+0000] {logging_mixin.py:190} INFO - [2026-03-19T22:47:36.100+0000] {override.py:1911} INFO - Created Permission View: can read on DAG:example_xcom
[2026-03-19T22:47:36.125+0000] {logging_mixin.py:190} INFO - [2026-03-19T22:47:36.125+0000] {override.py:1911} INFO - Created Permission View: can create on DAG Run:example_xcom
[2026-03-19T22:47:36.138+0000] {logging_mixin.py:190} INFO - [2026-03-19T22:47:36.138+0000] {override.py:1911} INFO - Created Permission View: can delete on DAG Run:example_xcom
[2026-03-19T22:47:36.147+0000] {logging_mixin.py:190} INFO - [2026-03-19T22:47:36.147+0000] {override.py:1911} INFO - Created Permission View: menu access on DAG Run:example_xcom
[2026-03-19T22:47:36.156+0000] {logging_mixin.py:190} INFO - [2026-03-19T22:47:36.156+0000] {override.py:1911} INFO - Created Permission View: can read on DAG Run:example_xcom
[2026-03-19T22:47:36.156+0000] {logging_mixin.py:190} INFO - [2026-03-19T22:47:36.156+0000] {dag.py:3239} INFO - Sync 1 DAGs
[2026-03-19T22:47:36.167+0000] {logging_mixin.py:190} INFO - [2026-03-19T22:47:36.166+0000] {dag.py:3262} INFO - Creating ORM DAG for example_xcom
[2026-03-19T22:47:36.174+0000] {logging_mixin.py:190} INFO - [2026-03-19T22:47:36.174+0000] {dag.py:4180} INFO - Setting next_dagrun for example_xcom to 2021-01-01 00:00:00+00:00, run_after=2021-01-01 00:00:00+00:00
[2026-03-19T22:47:36.194+0000] {processor.py:208} INFO - Processing /home/airflow/.local/lib/python3.12/site-packages/airflow/example_dags/example_xcom.py took 0.256 seconds
[2026-03-19T22:48:06.708+0000] {processor.py:186} INFO - Started process (PID=104) to work on /home/airflow/.local/lib/python3.12/site-packages/airflow/example_dags/example_xcom.py
[2026-03-19T22:48:06.708+0000] {processor.py:914} INFO - Processing file /home/airflow/.local/lib/python3.12/site-packages/airflow/example_dags/example_xcom.py for tasks to queue
[2026-03-19T22:48:06.710+0000] {logging_mixin.py:190} INFO - [2026-03-19T22:48:06.710+0000] {dagbag.py:588} INFO - Filling up the DagBag from /home/airflow/.local/lib/python3.12/site-packages/airflow/example_dags/example_xcom.py
[2026-03-19T22:48:06.718+0000] {processor.py:925} INFO - DAG(s) 'example_xcom' retrieved from /home/airflow/.local/lib/python3.12/site-packages/airflow/example_dags/example_xcom.py
[2026-03-19T22:48:06.736+0000] {logging_mixin.py:190} INFO - [2026-03-19T22:48:06.736+0000] {dag.py:3239} INFO - Sync 1 DAGs
[2026-03-19T22:48:06.786+0000] {logging_mixin.py:190} INFO - [2026-03-19T22:48:06.785+0000] {dag.py:4180} INFO - Setting next_dagrun for example_xcom to 2021-01-01 00:00:00+00:00, run_after=2021-01-01 00:00:00+00:00
[2026-03-19T22:48:06.820+0000] {processor.py:208} INFO - Processing /home/airflow/.local/lib/python3.12/site-packages/airflow/example_dags/example_xcom.py took 0.117 seconds
[2026-03-19T22:48:37.437+0000] {processor.py:186} INFO - Started process (PID=162) to work on /home/airflow/.local/lib/python3.12/site-packages/airflow/example_dags/example_xcom.py
[2026-03-19T22:48:37.438+0000] {processor.py:914} INFO - Processing file /home/airflow/.local/lib/python3.12/site-packages/airflow/example_dags/example_xcom.py for tasks to queue
[2026-03-19T22:48:37.440+0000] {logging_mixin.py:190} INFO - [2026-03-19T22:48:37.440+0000] {dagbag.py:588} INFO - Filling up the DagBag from /home/airflow/.local/lib/python3.12/site-packages/airflow/example_dags/example_xcom.py
[2026-03-19T22:48:37.448+0000] {processor.py:925} INFO - DAG(s) 'example_xcom' retrieved from /home/airflow/.local/lib/python3.12/site-packages/airflow/example_dags/example_xcom.py
[2026-03-19T22:48:37.465+0000] {logging_mixin.py:190} INFO - [2026-03-19T22:48:37.465+0000] {dag.py:3239} INFO - Sync 1 DAGs
[2026-03-19T22:48:37.483+0000] {logging_mixin.py:190} INFO - [2026-03-19T22:48:37.483+0000] {dag.py:4180} INFO - Setting next_dagrun for example_xcom to 2021-01-01 00:00:00+00:00, run_after=2021-01-01 00:00:00+00:00
[2026-03-19T22:48:37.501+0000] {processor.py:208} INFO - Processing /home/airflow/.local/lib/python3.12/site-packages/airflow/example_dags/example_xcom.py took 0.068 seconds
[2026-03-19T22:49:08.026+0000] {processor.py:186} INFO - Started process (PID=220) to work on /home/airflow/.local/lib/python3.12/site-packages/airflow/example_dags/example_xcom.py
[2026-03-19T22:49:08.027+0000] {processor.py:914} INFO - Processing file /home/airflow/.local/lib/python3.12/site-packages/airflow/example_dags/example_xcom.py for tasks to queue
[2026-03-19T22:49:08.029+0000] {logging_mixin.py:190} INFO - [2026-03-19T22:49:08.028+0000] {dagbag.py:588} INFO - Filling up the DagBag from /home/airflow/.local/lib/python3.12/site-packages/airflow/example_dags/example_xcom.py
[2026-03-19T22:49:08.036+0000] {processor.py:925} INFO - DAG(s) 'example_xcom' retrieved from /home/airflow/.local/lib/python3.12/site-packages/airflow/example_dags/example_xcom.py
[2026-03-19T22:49:08.053+0000] {logging_mixin.py:190} INFO - [2026-03-19T22:49:08.053+0000] {dag.py:3239} INFO - Sync 1 DAGs
[2026-03-19T22:49:08.072+0000] {logging_mixin.py:190} INFO - [2026-03-19T22:49:08.071+0000] {dag.py:4180} INFO - Setting next_dagrun for example_xcom to 2021-01-01 00:00:00+00:00, run_after=2021-01-01 00:00:00+00:00
[2026-03-19T22:49:08.089+0000] {processor.py:208} INFO - Processing /home/airflow/.local/lib/python3.12/site-packages/airflow/example_dags/example_xcom.py took 0.068 seconds
[2026-03-19T22:49:38.574+0000] {processor.py:186} INFO - Started process (PID=278) to work on /home/airflow/.local/lib/python3.12/site-packages/airflow/example_dags/example_xcom.py
[2026-03-19T22:49:38.574+0000] {processor.py:914} INFO - Processing file /home/airflow/.local/lib/python3.12/site-packages/airflow/example_dags/example_xcom.py for tasks to queue
[2026-03-19T22:49:38.576+0000] {logging_mixin.py:190} INFO - [2026-03-19T22:49:38.576+0000] {dagbag.py:588} INFO - Filling up the DagBag from /home/airflow/.local/lib/python3.12/site-packages/airflow/example_dags/example_xcom.py
[2026-03-19T22:49:38.584+0000] {processor.py:925} INFO - DAG(s) 'example_xcom' retrieved from /home/airflow/.local/lib/python3.12/site-packages/airflow/example_dags/example_xcom.py
[2026-03-19T22:49:38.601+0000] {logging_mixin.py:190} INFO - [2026-03-19T22:49:38.601+0000] {dag.py:3239} INFO - Sync 1 DAGs
[2026-03-19T22:49:38.620+0000] {logging_mixin.py:190} INFO - [2026-03-19T22:49:38.619+0000] {dag.py:4180} INFO - Setting next_dagrun for example_xcom to 2021-01-01 00:00:00+00:00, run_after=2021-01-01 00:00:00+00:00
[2026-03-19T22:49:38.636+0000] {processor.py:208} INFO - Processing /home/airflow/.local/lib/python3.12/site-packages/airflow/example_dags/example_xcom.py took 0.067 seconds
[2026-03-19T22:50:08.876+0000] {processor.py:186} INFO - Started process (PID=336) to work on /home/airflow/.local/lib/python3.12/site-packages/airflow/example_dags/example_xcom.py
[2026-03-19T22:50:08.877+0000] {processor.py:914} INFO - Processing file /home/airflow/.local/lib/python3.12/site-packages/airflow/example_dags/example_xcom.py for tasks to queue
[2026-03-19T22:50:08.879+0000] {logging_mixin.py:190} INFO - [2026-03-19T22:50:08.878+0000] {dagbag.py:588} INFO - Filling up the DagBag from /home/airflow/.local/lib/python3.12/site-packages/airflow/example_dags/example_xcom.py
[2026-03-19T22:50:08.886+0000] {processor.py:925} INFO - DAG(s) 'example_xcom' retrieved from /home/airflow/.local/lib/python3.12/site-packages/airflow/example_dags/example_xcom.py
[2026-03-19T22:50:08.903+0000] {logging_mixin.py:190} INFO - [2026-03-19T22:50:08.903+0000] {dag.py:3239} INFO - Sync 1 DAGs
[2026-03-19T22:50:08.922+0000] {logging_mixin.py:190} INFO - [2026-03-19T22:50:08.921+0000] {dag.py:4180} INFO - Setting next_dagrun for example_xcom to 2021-01-01 00:00:00+00:00, run_after=2021-01-01 00:00:00+00:00
[2026-03-19T22:50:08.941+0000] {processor.py:208} INFO - Processing /home/airflow/.local/lib/python3.12/site-packages/airflow/example_dags/example_xcom.py took 0.070 seconds
[2026-03-19T22:50:39.361+0000] {processor.py:186} INFO - Started process (PID=396) to work on /home/airflow/.local/lib/python3.12/site-packages/airflow/example_dags/example_xcom.py
[2026-03-19T22:50:39.362+0000] {processor.py:914} INFO - Processing file /home/airflow/.local/lib/python3.12/site-packages/airflow/example_dags/example_xcom.py for tasks to queue
[2026-03-19T22:50:39.364+0000] {logging_mixin.py:190} INFO - [2026-03-19T22:50:39.364+0000] {dagbag.py:588} INFO - Filling up the DagBag from /home/airflow/.local/lib/python3.12/site-packages/airflow/example_dags/example_xcom.py
[2026-03-19T22:50:39.372+0000] {processor.py:925} INFO - DAG(s) 'example_xcom' retrieved from /home/airflow/.local/lib/python3.12/site-packages/airflow/example_dags/example_xcom.py
[2026-03-19T22:50:39.389+0000] {logging_mixin.py:190} INFO - [2026-03-19T22:50:39.389+0000] {dag.py:3239} INFO - Sync 1 DAGs
[2026-03-19T22:50:39.409+0000] {logging_mixin.py:190} INFO - [2026-03-19T22:50:39.409+0000] {dag.py:4180} INFO - Setting next_dagrun for example_xcom to 2021-01-01 00:00:00+00:00, run_after=2021-01-01 00:00:00+00:00
[2026-03-19T22:50:39.428+0000] {processor.py:208} INFO - Processing /home/airflow/.local/lib/python3.12/site-packages/airflow/example_dags/example_xcom.py took 0.071 seconds
[2026-03-19T22:51:09.907+0000] {processor.py:186} INFO - Started process (PID=454) to work on /home/airflow/.local/lib/python3.12/site-packages/airflow/example_dags/example_xcom.py
[2026-03-19T22:51:09.908+0000] {processor.py:914} INFO - Processing file /home/airflow/.local/lib/python3.12/site-packages/airflow/example_dags/example_xcom.py for tasks to queue
[2026-03-19T22:51:09.910+0000] {logging_mixin.py:190} INFO - [2026-03-19T22:51:09.910+0000] {dagbag.py:588} INFO - Filling up the DagBag from /home/airflow/.local/lib/python3.12/site-packages/airflow/example_dags/example_xcom.py
[2026-03-19T22:51:09.920+0000] {processor.py:925} INFO - DAG(s) 'example_xcom' retrieved from /home/airflow/.local/lib/python3.12/site-packages/airflow/example_dags/example_xcom.py
[2026-03-19T22:51:09.938+0000] {logging_mixin.py:190} INFO - [2026-03-19T22:51:09.938+0000] {dag.py:3239} INFO - Sync 1 DAGs
[2026-03-19T22:51:09.961+0000] {logging_mixin.py:190} INFO - [2026-03-19T22:51:09.961+0000] {dag.py:4180} INFO - Setting next_dagrun for example_xcom to 2021-01-01 00:00:00+00:00, run_after=2021-01-01 00:00:00+00:00
[2026-03-19T22:51:09.985+0000] {processor.py:208} INFO - Processing /home/airflow/.local/lib/python3.12/site-packages/airflow/example_dags/example_xcom.py took 0.084 seconds
[2026-03-19T22:51:40.748+0000] {processor.py:186} INFO - Started process (PID=512) to work on /home/airflow/.local/lib/python3.12/site-packages/airflow/example_dags/example_xcom.py
[2026-03-19T22:51:40.749+0000] {processor.py:914} INFO - Processing file /home/airflow/.local/lib/python3.12/site-packages/airflow/example_dags/example_xcom.py for tasks to queue
[2026-03-19T22:51:40.751+0000] {logging_mixin.py:190} INFO - [2026-03-19T22:51:40.750+0000] {dagbag.py:588} INFO - Filling up the DagBag from /home/airflow/.local/lib/python3.12/site-packages/airflow/example_dags/example_xcom.py
[2026-03-19T22:51:40.759+0000] {processor.py:925} INFO - DAG(s) 'example_xcom' retrieved from /home/airflow/.local/lib/python3.12/site-packages/airflow/example_dags/example_xcom.py
[2026-03-19T22:51:40.777+0000] {logging_mixin.py:190} INFO - [2026-03-19T22:51:40.777+0000] {dag.py:3239} INFO - Sync 1 DAGs
[2026-03-19T22:51:40.796+0000] {logging_mixin.py:190} INFO - [2026-03-19T22:51:40.796+0000] {dag.py:4180} INFO - Setting next_dagrun for example_xcom to 2021-01-01 00:00:00+00:00, run_after=2021-01-01 00:00:00+00:00
[2026-03-19T22:51:40.816+0000] {processor.py:208} INFO - Processing /home/airflow/.local/lib/python3.12/site-packages/airflow/example_dags/example_xcom.py took 0.073 seconds
[2026-03-19T22:52:11.305+0000] {processor.py:186} INFO - Started process (PID=570) to work on /home/airflow/.local/lib/python3.12/site-packages/airflow/example_dags/example_xcom.py
[2026-03-19T22:52:11.306+0000] {processor.py:914} INFO - Processing file /home/airflow/.local/lib/python3.12/site-packages/airflow/example_dags/example_xcom.py for tasks to queue
[2026-03-19T22:52:11.310+0000] {logging_mixin.py:190} INFO - [2026-03-19T22:52:11.310+0000] {dagbag.py:588} INFO - Filling up the DagBag from /home/airflow/.local/lib/python3.12/site-packages/airflow/example_dags/example_xcom.py
[2026-03-19T22:52:11.325+0000] {processor.py:925} INFO - DAG(s) 'example_xcom' retrieved from /home/airflow/.local/lib/python3.12/site-packages/airflow/example_dags/example_xcom.py
[2026-03-19T22:52:11.347+0000] {logging_mixin.py:190} INFO - [2026-03-19T22:52:11.347+0000] {dag.py:3239} INFO - Sync 1 DAGs
[2026-03-19T22:52:11.368+0000] {logging_mixin.py:190} INFO - [2026-03-19T22:52:11.368+0000] {dag.py:4180} INFO - Setting next_dagrun for example_xcom to 2021-01-01 00:00:00+00:00, run_after=2021-01-01 00:00:00+00:00
[2026-03-19T22:52:11.387+0000] {processor.py:208} INFO - Processing /home/airflow/.local/lib/python3.12/site-packages/airflow/example_dags/example_xcom.py took 0.089 seconds
[2026-03-19T22:52:41.778+0000] {processor.py:186} INFO - Started process (PID=628) to work on /home/airflow/.local/lib/python3.12/site-packages/airflow/example_dags/example_xcom.py
[2026-03-19T22:52:41.778+0000] {processor.py:914} INFO - Processing file /home/airflow/.local/lib/python3.12/site-packages/airflow/example_dags/example_xcom.py for tasks to queue
[2026-03-19T22:52:41.781+0000] {logging_mixin.py:190} INFO - [2026-03-19T22:52:41.780+0000] {dagbag.py:588} INFO - Filling up the DagBag from /home/airflow/.local/lib/python3.12/site-packages/airflow/example_dags/example_xcom.py
[2026-03-19T22:52:41.788+0000] {processor.py:925} INFO - DAG(s) 'example_xcom' retrieved from /home/airflow/.local/lib/python3.12/site-packages/airflow/example_dags/example_xcom.py
[2026-03-19T22:52:41.805+0000] {logging_mixin.py:190} INFO - [2026-03-19T22:52:41.805+0000] {dag.py:3239} INFO - Sync 1 DAGs
[2026-03-19T22:52:41.826+0000] {logging_mixin.py:190} INFO - [2026-03-19T22:52:41.825+0000] {dag.py:4180} INFO - Setting next_dagrun for example_xcom to 2021-01-01 00:00:00+00:00, run_after=2021-01-01 00:00:00+00:00
[2026-03-19T22:52:41.848+0000] {processor.py:208} INFO - Processing /home/airflow/.local/lib/python3.12/site-packages/airflow/example_dags/example_xcom.py took 0.075 seconds
[2026-03-19T22:53:12.133+0000] {processor.py:186} INFO - Started process (PID=686) to work on /home/airflow/.local/lib/python3.12/site-packages/airflow/example_dags/example_xcom.py
[2026-03-19T22:53:12.134+0000] {processor.py:914} INFO - Processing file /home/airflow/.local/lib/python3.12/site-packages/airflow/example_dags/example_xcom.py for tasks to queue
[2026-03-19T22:53:12.136+0000] {logging_mixin.py:190} INFO - [2026-03-19T22:53:12.136+0000] {dagbag.py:588} INFO - Filling up the DagBag from /home/airflow/.local/lib/python3.12/site-packages/airflow/example_dags/example_xcom.py
[2026-03-19T22:53:12.144+0000] {processor.py:925} INFO - DAG(s) 'example_xcom' retrieved from /home/airflow/.local/lib/python3.12/site-packages/airflow/example_dags/example_xcom.py
[2026-03-19T22:53:12.162+0000] {logging_mixin.py:190} INFO - [2026-03-19T22:53:12.161+0000] {dag.py:3239} INFO - Sync 1 DAGs
[2026-03-19T22:53:12.181+0000] {logging_mixin.py:190} INFO - [2026-03-19T22:53:12.181+0000] {dag.py:4180} INFO - Setting next_dagrun for example_xcom to 2021-01-01 00:00:00+00:00, run_after=2021-01-01 00:00:00+00:00
[2026-03-19T22:53:12.201+0000] {processor.py:208} INFO - Processing /home/airflow/.local/lib/python3.12/site-packages/airflow/example_dags/example_xcom.py took 0.073 seconds
[2026-03-19T22:53:42.585+0000] {processor.py:186} INFO - Started process (PID=744) to work on /home/airflow/.local/lib/python3.12/site-packages/airflow/example_dags/example_xcom.py
[2026-03-19T22:53:42.585+0000] {processor.py:914} INFO - Processing file /home/airflow/.local/lib/python3.12/site-packages/airflow/example_dags/example_xcom.py for tasks to queue
[2026-03-19T22:53:42.588+0000] {logging_mixin.py:190} INFO - [2026-03-19T22:53:42.588+0000] {dagbag.py:588} INFO - Filling up the DagBag from /home/airflow/.local/lib/python3.12/site-packages/airflow/example_dags/example_xcom.py
[2026-03-19T22:53:42.596+0000] {processor.py:925} INFO - DAG(s) 'example_xcom' retrieved from /home/airflow/.local/lib/python3.12/site-packages/airflow/example_dags/example_xcom.py
[2026-03-19T22:53:42.613+0000] {logging_mixin.py:190} INFO - [2026-03-19T22:53:42.613+0000] {dag.py:3239} INFO - Sync 1 DAGs
[2026-03-19T22:53:42.635+0000] {logging_mixin.py:190} INFO - [2026-03-19T22:53:42.635+0000] {dag.py:4180} INFO - Setting next_dagrun for example_xcom to 2021-01-01 00:00:00+00:00, run_after=2021-01-01 00:00:00+00:00
[2026-03-19T22:53:42.653+0000] {processor.py:208} INFO - Processing /home/airflow/.local/lib/python3.12/site-packages/airflow/example_dags/example_xcom.py took 0.073 seconds
[2026-03-19T22:54:13.120+0000] {processor.py:186} INFO - Started process (PID=802) to work on /home/airflow/.local/lib/python3.12/site-packages/airflow/example_dags/example_xcom.py
[2026-03-19T22:54:13.121+0000] {processor.py:914} INFO - Processing file /home/airflow/.local/lib/python3.12/site-packages/airflow/example_dags/example_xcom.py for tasks to queue
[2026-03-19T22:54:13.123+0000] {logging_mixin.py:190} INFO - [2026-03-19T22:54:13.123+0000] {dagbag.py:588} INFO - Filling up the DagBag from /home/airflow/.local/lib/python3.12/site-packages/airflow/example_dags/example_xcom.py
[2026-03-19T22:54:13.131+0000] {processor.py:925} INFO - DAG(s) 'example_xcom' retrieved from /home/airflow/.local/lib/python3.12/site-packages/airflow/example_dags/example_xcom.py
[2026-03-19T22:54:13.148+0000] {logging_mixin.py:190} INFO - [2026-03-19T22:54:13.148+0000] {dag.py:3239} INFO - Sync 1 DAGs
[2026-03-19T22:54:13.168+0000] {logging_mixin.py:190} INFO - [2026-03-19T22:54:13.168+0000] {dag.py:4180} INFO - Setting next_dagrun for example_xcom to 2021-01-01 00:00:00+00:00, run_after=2021-01-01 00:00:00+00:00
[2026-03-19T22:54:13.187+0000] {processor.py:208} INFO - Processing /home/airflow/.local/lib/python3.12/site-packages/airflow/example_dags/example_xcom.py took 0.072 seconds
[2026-03-19T22:54:43.297+0000] {processor.py:186} INFO - Started process (PID=860) to work on /home/airflow/.local/lib/python3.12/site-packages/airflow/example_dags/example_xcom.py
[2026-03-19T22:54:43.298+0000] {processor.py:914} INFO - Processing file /home/airflow/.local/lib/python3.12/site-packages/airflow/example_dags/example_xcom.py for tasks to queue
[2026-03-19T22:54:43.300+0000] {logging_mixin.py:190} INFO - [2026-03-19T22:54:43.299+0000] {dagbag.py:588} INFO - Filling up the DagBag from /home/airflow/.local/lib/python3.12/site-packages/airflow/example_dags/example_xcom.py
[2026-03-19T22:54:43.307+0000] {processor.py:925} INFO - DAG(s) 'example_xcom' retrieved from /home/airflow/.local/lib/python3.12/site-packages/airflow/example_dags/example_xcom.py
[2026-03-19T22:54:43.325+0000] {logging_mixin.py:190} INFO - [2026-03-19T22:54:43.325+0000] {dag.py:3239} INFO - Sync 1 DAGs
[2026-03-19T22:54:43.343+0000] {logging_mixin.py:190} INFO - [2026-03-19T22:54:43.343+0000] {dag.py:4180} INFO - Setting next_dagrun for example_xcom to 2021-01-01 00:00:00+00:00, run_after=2021-01-01 00:00:00+00:00
[2026-03-19T22:54:43.364+0000] {processor.py:208} INFO - Processing /home/airflow/.local/lib/python3.12/site-packages/airflow/example_dags/example_xcom.py took 0.072 seconds
[2026-03-19T22:55:13.519+0000] {processor.py:186} INFO - Started process (PID=918) to work on /home/airflow/.local/lib/python3.12/site-packages/airflow/example_dags/example_xcom.py
[2026-03-19T22:55:13.520+0000] {processor.py:914} INFO - Processing file /home/airflow/.local/lib/python3.12/site-packages/airflow/example_dags/example_xcom.py for tasks to queue
[2026-03-19T22:55:13.522+0000] {logging_mixin.py:190} INFO - [2026-03-19T22:55:13.522+0000] {dagbag.py:588} INFO - Filling up the DagBag from /home/airflow/.local/lib/python3.12/site-packages/airflow/example_dags/example_xcom.py
[2026-03-19T22:55:13.530+0000] {processor.py:925} INFO - DAG(s) 'example_xcom' retrieved from /home/airflow/.local/lib/python3.12/site-packages/airflow/example_dags/example_xcom.py
[2026-03-19T22:55:13.548+0000] {logging_mixin.py:190} INFO - [2026-03-19T22:55:13.547+0000] {dag.py:3239} INFO - Sync 1 DAGs
[2026-03-19T22:55:13.566+0000] {logging_mixin.py:190} INFO - [2026-03-19T22:55:13.566+0000] {dag.py:4180} INFO - Setting next_dagrun for example_xcom to 2021-01-01 00:00:00+00:00, run_after=2021-01-01 00:00:00+00:00
[2026-03-19T22:55:13.585+0000] {processor.py:208} INFO - Processing /home/airflow/.local/lib/python3.12/site-packages/airflow/example_dags/example_xcom.py took 0.071 seconds
