[2026-03-19T22:36:44.383+0000] {processor.py:186} INFO - Started process (PID=59) to work on /home/airflow/.local/lib/python3.12/site-packages/airflow/example_dags/example_datasets.py
[2026-03-19T22:36:44.384+0000] {processor.py:914} INFO - Processing file /home/airflow/.local/lib/python3.12/site-packages/airflow/example_dags/example_datasets.py for tasks to queue
[2026-03-19T22:36:44.386+0000] {logging_mixin.py:190} INFO - [2026-03-19T22:36:44.386+0000] {dagbag.py:588} INFO - Filling up the DagBag from /home/airflow/.local/lib/python3.12/site-packages/airflow/example_dags/example_datasets.py
[2026-03-19T22:36:46.605+0000] {processor.py:925} INFO - DAG(s) 'dataset_consumes_1_never_scheduled', 'dataset_produces_2', 'dataset_consumes_1_and_2', 'consume_1_or_2_with_dataset_expressions', 'consume_1_and_2_with_dataset_expressions', 'dataset_consumes_unknown_never_scheduled', 'dataset_consumes_1', 'conditional_dataset_and_time_based_timetable', 'consume_1_or_both_2_and_3_with_dataset_expressions', 'dataset_produces_1' retrieved from /home/airflow/.local/lib/python3.12/site-packages/airflow/example_dags/example_datasets.py
[2026-03-19T22:36:46.882+0000] {logging_mixin.py:190} INFO - [2026-03-19T22:36:46.882+0000] {override.py:1911} INFO - Created Permission View: can read on DAG:dataset_consumes_1_never_scheduled
[2026-03-19T22:36:46.950+0000] {logging_mixin.py:190} INFO - [2026-03-19T22:36:46.946+0000] {override.py:1911} INFO - Created Permission View: can delete on DAG:dataset_consumes_1_never_scheduled
[2026-03-19T22:36:46.998+0000] {logging_mixin.py:190} INFO - [2026-03-19T22:36:46.997+0000] {override.py:1911} INFO - Created Permission View: can edit on DAG:dataset_consumes_1_never_scheduled
[2026-03-19T22:36:47.113+0000] {logging_mixin.py:190} INFO - [2026-03-19T22:36:47.112+0000] {override.py:1911} INFO - Created Permission View: can read on DAG Run:dataset_consumes_1_never_scheduled
[2026-03-19T22:36:47.177+0000] {logging_mixin.py:190} INFO - [2026-03-19T22:36:47.177+0000] {override.py:1911} INFO - Created Permission View: can create on DAG Run:dataset_consumes_1_never_scheduled
[2026-03-19T22:36:47.225+0000] {logging_mixin.py:190} INFO - [2026-03-19T22:36:47.224+0000] {override.py:1911} INFO - Created Permission View: menu access on DAG Run:dataset_consumes_1_never_scheduled
[2026-03-19T22:36:47.275+0000] {logging_mixin.py:190} INFO - [2026-03-19T22:36:47.274+0000] {override.py:1911} INFO - Created Permission View: can delete on DAG Run:dataset_consumes_1_never_scheduled
[2026-03-19T22:36:47.384+0000] {logging_mixin.py:190} INFO - [2026-03-19T22:36:47.384+0000] {override.py:1911} INFO - Created Permission View: can read on DAG:dataset_produces_2
[2026-03-19T22:36:47.459+0000] {logging_mixin.py:190} INFO - [2026-03-19T22:36:47.458+0000] {override.py:1911} INFO - Created Permission View: can delete on DAG:dataset_produces_2
[2026-03-19T22:36:47.527+0000] {logging_mixin.py:190} INFO - [2026-03-19T22:36:47.527+0000] {override.py:1911} INFO - Created Permission View: can edit on DAG:dataset_produces_2
[2026-03-19T22:36:47.688+0000] {logging_mixin.py:190} INFO - [2026-03-19T22:36:47.688+0000] {override.py:1911} INFO - Created Permission View: can read on DAG Run:dataset_produces_2
[2026-03-19T22:36:47.774+0000] {logging_mixin.py:190} INFO - [2026-03-19T22:36:47.774+0000] {override.py:1911} INFO - Created Permission View: can create on DAG Run:dataset_produces_2
[2026-03-19T22:36:47.856+0000] {logging_mixin.py:190} INFO - [2026-03-19T22:36:47.856+0000] {override.py:1911} INFO - Created Permission View: menu access on DAG Run:dataset_produces_2
[2026-03-19T22:36:47.920+0000] {logging_mixin.py:190} INFO - [2026-03-19T22:36:47.920+0000] {override.py:1911} INFO - Created Permission View: can delete on DAG Run:dataset_produces_2
[2026-03-19T22:36:48.024+0000] {logging_mixin.py:190} INFO - [2026-03-19T22:36:48.023+0000] {override.py:1911} INFO - Created Permission View: can read on DAG:dataset_consumes_1_and_2
[2026-03-19T22:36:48.067+0000] {logging_mixin.py:190} INFO - [2026-03-19T22:36:48.067+0000] {override.py:1911} INFO - Created Permission View: can delete on DAG:dataset_consumes_1_and_2
[2026-03-19T22:36:48.161+0000] {logging_mixin.py:190} INFO - [2026-03-19T22:36:48.161+0000] {override.py:1911} INFO - Created Permission View: can edit on DAG:dataset_consumes_1_and_2
[2026-03-19T22:36:48.269+0000] {logging_mixin.py:190} INFO - [2026-03-19T22:36:48.269+0000] {override.py:1911} INFO - Created Permission View: can read on DAG Run:dataset_consumes_1_and_2
[2026-03-19T22:36:48.325+0000] {logging_mixin.py:190} INFO - [2026-03-19T22:36:48.324+0000] {override.py:1911} INFO - Created Permission View: can create on DAG Run:dataset_consumes_1_and_2
[2026-03-19T22:36:48.391+0000] {logging_mixin.py:190} INFO - [2026-03-19T22:36:48.390+0000] {override.py:1911} INFO - Created Permission View: menu access on DAG Run:dataset_consumes_1_and_2
[2026-03-19T22:36:48.463+0000] {logging_mixin.py:190} INFO - [2026-03-19T22:36:48.463+0000] {override.py:1911} INFO - Created Permission View: can delete on DAG Run:dataset_consumes_1_and_2
[2026-03-19T22:36:48.608+0000] {logging_mixin.py:190} INFO - [2026-03-19T22:36:48.608+0000] {override.py:1911} INFO - Created Permission View: can read on DAG:consume_1_or_2_with_dataset_expressions
[2026-03-19T22:36:48.705+0000] {logging_mixin.py:190} INFO - [2026-03-19T22:36:48.704+0000] {override.py:1911} INFO - Created Permission View: can delete on DAG:consume_1_or_2_with_dataset_expressions
[2026-03-19T22:36:48.784+0000] {logging_mixin.py:190} INFO - [2026-03-19T22:36:48.783+0000] {override.py:1911} INFO - Created Permission View: can edit on DAG:consume_1_or_2_with_dataset_expressions
[2026-03-19T22:36:48.953+0000] {logging_mixin.py:190} INFO - [2026-03-19T22:36:48.953+0000] {override.py:1911} INFO - Created Permission View: can read on DAG Run:consume_1_or_2_with_dataset_expressions
[2026-03-19T22:36:49.031+0000] {logging_mixin.py:190} INFO - [2026-03-19T22:36:49.030+0000] {override.py:1911} INFO - Created Permission View: can create on DAG Run:consume_1_or_2_with_dataset_expressions
[2026-03-19T22:36:49.105+0000] {logging_mixin.py:190} INFO - [2026-03-19T22:36:49.104+0000] {override.py:1911} INFO - Created Permission View: menu access on DAG Run:consume_1_or_2_with_dataset_expressions
[2026-03-19T22:36:49.181+0000] {logging_mixin.py:190} INFO - [2026-03-19T22:36:49.181+0000] {override.py:1911} INFO - Created Permission View: can delete on DAG Run:consume_1_or_2_with_dataset_expressions
[2026-03-19T22:36:49.340+0000] {logging_mixin.py:190} INFO - [2026-03-19T22:36:49.340+0000] {override.py:1911} INFO - Created Permission View: can read on DAG:consume_1_and_2_with_dataset_expressions
[2026-03-19T22:36:49.387+0000] {logging_mixin.py:190} INFO - [2026-03-19T22:36:49.387+0000] {override.py:1911} INFO - Created Permission View: can delete on DAG:consume_1_and_2_with_dataset_expressions
[2026-03-19T22:36:49.453+0000] {logging_mixin.py:190} INFO - [2026-03-19T22:36:49.452+0000] {override.py:1911} INFO - Created Permission View: can edit on DAG:consume_1_and_2_with_dataset_expressions
[2026-03-19T22:36:49.599+0000] {logging_mixin.py:190} INFO - [2026-03-19T22:36:49.599+0000] {override.py:1911} INFO - Created Permission View: can read on DAG Run:consume_1_and_2_with_dataset_expressions
[2026-03-19T22:36:49.679+0000] {logging_mixin.py:190} INFO - [2026-03-19T22:36:49.678+0000] {override.py:1911} INFO - Created Permission View: can create on DAG Run:consume_1_and_2_with_dataset_expressions
[2026-03-19T22:36:49.753+0000] {logging_mixin.py:190} INFO - [2026-03-19T22:36:49.753+0000] {override.py:1911} INFO - Created Permission View: menu access on DAG Run:consume_1_and_2_with_dataset_expressions
[2026-03-19T22:36:49.858+0000] {logging_mixin.py:190} INFO - [2026-03-19T22:36:49.857+0000] {override.py:1911} INFO - Created Permission View: can delete on DAG Run:consume_1_and_2_with_dataset_expressions
[2026-03-19T22:36:50.245+0000] {logging_mixin.py:190} INFO - [2026-03-19T22:36:50.245+0000] {override.py:1911} INFO - Created Permission View: can read on DAG:dataset_consumes_unknown_never_scheduled
[2026-03-19T22:36:50.300+0000] {logging_mixin.py:190} INFO - [2026-03-19T22:36:50.299+0000] {override.py:1911} INFO - Created Permission View: can delete on DAG:dataset_consumes_unknown_never_scheduled
[2026-03-19T22:36:50.360+0000] {logging_mixin.py:190} INFO - [2026-03-19T22:36:50.359+0000] {override.py:1911} INFO - Created Permission View: can edit on DAG:dataset_consumes_unknown_never_scheduled
[2026-03-19T22:36:50.514+0000] {logging_mixin.py:190} INFO - [2026-03-19T22:36:50.513+0000] {override.py:1911} INFO - Created Permission View: can read on DAG Run:dataset_consumes_unknown_never_scheduled
[2026-03-19T22:36:50.564+0000] {logging_mixin.py:190} INFO - [2026-03-19T22:36:50.564+0000] {override.py:1911} INFO - Created Permission View: can create on DAG Run:dataset_consumes_unknown_never_scheduled
[2026-03-19T22:36:50.623+0000] {logging_mixin.py:190} INFO - [2026-03-19T22:36:50.623+0000] {override.py:1911} INFO - Created Permission View: menu access on DAG Run:dataset_consumes_unknown_never_scheduled
[2026-03-19T22:36:50.664+0000] {logging_mixin.py:190} INFO - [2026-03-19T22:36:50.664+0000] {override.py:1911} INFO - Created Permission View: can delete on DAG Run:dataset_consumes_unknown_never_scheduled
[2026-03-19T22:36:50.811+0000] {logging_mixin.py:190} INFO - [2026-03-19T22:36:50.810+0000] {override.py:1911} INFO - Created Permission View: can read on DAG:dataset_consumes_1
[2026-03-19T22:36:50.977+0000] {logging_mixin.py:190} INFO - [2026-03-19T22:36:50.977+0000] {override.py:1911} INFO - Created Permission View: can delete on DAG:dataset_consumes_1
[2026-03-19T22:36:51.015+0000] {logging_mixin.py:190} INFO - [2026-03-19T22:36:51.015+0000] {override.py:1911} INFO - Created Permission View: can edit on DAG:dataset_consumes_1
[2026-03-19T22:36:51.112+0000] {logging_mixin.py:190} INFO - [2026-03-19T22:36:51.112+0000] {override.py:1911} INFO - Created Permission View: can read on DAG Run:dataset_consumes_1
[2026-03-19T22:36:51.165+0000] {logging_mixin.py:190} INFO - [2026-03-19T22:36:51.165+0000] {override.py:1911} INFO - Created Permission View: can create on DAG Run:dataset_consumes_1
[2026-03-19T22:36:51.209+0000] {logging_mixin.py:190} INFO - [2026-03-19T22:36:51.208+0000] {override.py:1911} INFO - Created Permission View: menu access on DAG Run:dataset_consumes_1
[2026-03-19T22:36:51.251+0000] {logging_mixin.py:190} INFO - [2026-03-19T22:36:51.250+0000] {override.py:1911} INFO - Created Permission View: can delete on DAG Run:dataset_consumes_1
[2026-03-19T22:36:51.339+0000] {logging_mixin.py:190} INFO - [2026-03-19T22:36:51.338+0000] {override.py:1911} INFO - Created Permission View: can read on DAG:conditional_dataset_and_time_based_timetable
[2026-03-19T22:36:51.398+0000] {logging_mixin.py:190} INFO - [2026-03-19T22:36:51.397+0000] {override.py:1911} INFO - Created Permission View: can delete on DAG:conditional_dataset_and_time_based_timetable
[2026-03-19T22:36:51.443+0000] {logging_mixin.py:190} INFO - [2026-03-19T22:36:51.443+0000] {override.py:1911} INFO - Created Permission View: can edit on DAG:conditional_dataset_and_time_based_timetable
[2026-03-19T22:36:51.562+0000] {logging_mixin.py:190} INFO - [2026-03-19T22:36:51.561+0000] {override.py:1911} INFO - Created Permission View: can read on DAG Run:conditional_dataset_and_time_based_timetable
[2026-03-19T22:36:51.591+0000] {logging_mixin.py:190} INFO - [2026-03-19T22:36:51.590+0000] {override.py:1911} INFO - Created Permission View: can create on DAG Run:conditional_dataset_and_time_based_timetable
[2026-03-19T22:36:51.647+0000] {logging_mixin.py:190} INFO - [2026-03-19T22:36:51.647+0000] {override.py:1911} INFO - Created Permission View: menu access on DAG Run:conditional_dataset_and_time_based_timetable
[2026-03-19T22:36:51.684+0000] {logging_mixin.py:190} INFO - [2026-03-19T22:36:51.684+0000] {override.py:1911} INFO - Created Permission View: can delete on DAG Run:conditional_dataset_and_time_based_timetable
[2026-03-19T22:36:51.758+0000] {logging_mixin.py:190} INFO - [2026-03-19T22:36:51.758+0000] {override.py:1911} INFO - Created Permission View: can read on DAG:consume_1_or_both_2_and_3_with_dataset_expressions
[2026-03-19T22:36:51.780+0000] {logging_mixin.py:190} INFO - [2026-03-19T22:36:51.780+0000] {override.py:1911} INFO - Created Permission View: can delete on DAG:consume_1_or_both_2_and_3_with_dataset_expressions
[2026-03-19T22:36:51.802+0000] {logging_mixin.py:190} INFO - [2026-03-19T22:36:51.802+0000] {override.py:1911} INFO - Created Permission View: can edit on DAG:consume_1_or_both_2_and_3_with_dataset_expressions
[2026-03-19T22:36:51.841+0000] {logging_mixin.py:190} INFO - [2026-03-19T22:36:51.840+0000] {override.py:1911} INFO - Created Permission View: can read on DAG Run:consume_1_or_both_2_and_3_with_dataset_expressions
[2026-03-19T22:36:51.860+0000] {logging_mixin.py:190} INFO - [2026-03-19T22:36:51.859+0000] {override.py:1911} INFO - Created Permission View: can create on DAG Run:consume_1_or_both_2_and_3_with_dataset_expressions
[2026-03-19T22:36:51.879+0000] {logging_mixin.py:190} INFO - [2026-03-19T22:36:51.879+0000] {override.py:1911} INFO - Created Permission View: menu access on DAG Run:consume_1_or_both_2_and_3_with_dataset_expressions
[2026-03-19T22:36:51.900+0000] {logging_mixin.py:190} INFO - [2026-03-19T22:36:51.900+0000] {override.py:1911} INFO - Created Permission View: can delete on DAG Run:consume_1_or_both_2_and_3_with_dataset_expressions
[2026-03-19T22:36:51.932+0000] {logging_mixin.py:190} INFO - [2026-03-19T22:36:51.932+0000] {override.py:1911} INFO - Created Permission View: can read on DAG:dataset_produces_1
[2026-03-19T22:36:51.952+0000] {logging_mixin.py:190} INFO - [2026-03-19T22:36:51.951+0000] {override.py:1911} INFO - Created Permission View: can delete on DAG:dataset_produces_1
[2026-03-19T22:36:51.968+0000] {logging_mixin.py:190} INFO - [2026-03-19T22:36:51.967+0000] {override.py:1911} INFO - Created Permission View: can edit on DAG:dataset_produces_1
[2026-03-19T22:36:51.990+0000] {logging_mixin.py:190} INFO - [2026-03-19T22:36:51.990+0000] {override.py:1911} INFO - Created Permission View: can read on DAG Run:dataset_produces_1
[2026-03-19T22:36:52.011+0000] {logging_mixin.py:190} INFO - [2026-03-19T22:36:52.010+0000] {override.py:1911} INFO - Created Permission View: can create on DAG Run:dataset_produces_1
[2026-03-19T22:36:52.032+0000] {logging_mixin.py:190} INFO - [2026-03-19T22:36:52.032+0000] {override.py:1911} INFO - Created Permission View: menu access on DAG Run:dataset_produces_1
[2026-03-19T22:36:52.055+0000] {logging_mixin.py:190} INFO - [2026-03-19T22:36:52.054+0000] {override.py:1911} INFO - Created Permission View: can delete on DAG Run:dataset_produces_1
[2026-03-19T22:36:52.056+0000] {logging_mixin.py:190} INFO - [2026-03-19T22:36:52.055+0000] {dag.py:3239} INFO - Sync 10 DAGs
[2026-03-19T22:36:52.088+0000] {logging_mixin.py:190} INFO - [2026-03-19T22:36:52.086+0000] {dag.py:3262} INFO - Creating ORM DAG for dataset_consumes_1_and_2
[2026-03-19T22:36:52.090+0000] {logging_mixin.py:190} INFO - [2026-03-19T22:36:52.089+0000] {dag.py:3262} INFO - Creating ORM DAG for dataset_produces_1
[2026-03-19T22:36:52.091+0000] {logging_mixin.py:190} INFO - [2026-03-19T22:36:52.091+0000] {dag.py:3262} INFO - Creating ORM DAG for dataset_consumes_1
[2026-03-19T22:36:52.092+0000] {logging_mixin.py:190} INFO - [2026-03-19T22:36:52.092+0000] {dag.py:3262} INFO - Creating ORM DAG for dataset_produces_2
[2026-03-19T22:36:52.093+0000] {logging_mixin.py:190} INFO - [2026-03-19T22:36:52.093+0000] {dag.py:3262} INFO - Creating ORM DAG for consume_1_or_2_with_dataset_expressions
[2026-03-19T22:36:52.095+0000] {logging_mixin.py:190} INFO - [2026-03-19T22:36:52.094+0000] {dag.py:3262} INFO - Creating ORM DAG for conditional_dataset_and_time_based_timetable
[2026-03-19T22:36:52.096+0000] {logging_mixin.py:190} INFO - [2026-03-19T22:36:52.096+0000] {dag.py:3262} INFO - Creating ORM DAG for dataset_consumes_unknown_never_scheduled
[2026-03-19T22:36:52.097+0000] {logging_mixin.py:190} INFO - [2026-03-19T22:36:52.097+0000] {dag.py:3262} INFO - Creating ORM DAG for consume_1_or_both_2_and_3_with_dataset_expressions
[2026-03-19T22:36:52.099+0000] {logging_mixin.py:190} INFO - [2026-03-19T22:36:52.098+0000] {dag.py:3262} INFO - Creating ORM DAG for consume_1_and_2_with_dataset_expressions
[2026-03-19T22:36:52.100+0000] {logging_mixin.py:190} INFO - [2026-03-19T22:36:52.099+0000] {dag.py:3262} INFO - Creating ORM DAG for dataset_consumes_1_never_scheduled
[2026-03-19T22:36:52.123+0000] {logging_mixin.py:190} INFO - [2026-03-19T22:36:52.123+0000] {dag.py:4180} INFO - Setting next_dagrun for conditional_dataset_and_time_based_timetable to 2026-03-18 01:00:00+00:00, run_after=2026-03-18 01:00:00+00:00
[2026-03-19T22:36:52.125+0000] {logging_mixin.py:190} INFO - [2026-03-19T22:36:52.124+0000] {dag.py:4180} INFO - Setting next_dagrun for consume_1_and_2_with_dataset_expressions to None, run_after=None
[2026-03-19T22:36:52.126+0000] {logging_mixin.py:190} INFO - [2026-03-19T22:36:52.126+0000] {dag.py:4180} INFO - Setting next_dagrun for consume_1_or_2_with_dataset_expressions to None, run_after=None
[2026-03-19T22:36:52.128+0000] {logging_mixin.py:190} INFO - [2026-03-19T22:36:52.127+0000] {dag.py:4180} INFO - Setting next_dagrun for consume_1_or_both_2_and_3_with_dataset_expressions to None, run_after=None
[2026-03-19T22:36:52.128+0000] {logging_mixin.py:190} INFO - [2026-03-19T22:36:52.128+0000] {dag.py:4180} INFO - Setting next_dagrun for dataset_consumes_1 to None, run_after=None
[2026-03-19T22:36:52.130+0000] {logging_mixin.py:190} INFO - [2026-03-19T22:36:52.130+0000] {dag.py:4180} INFO - Setting next_dagrun for dataset_consumes_1_and_2 to None, run_after=None
[2026-03-19T22:36:52.132+0000] {logging_mixin.py:190} INFO - [2026-03-19T22:36:52.131+0000] {dag.py:4180} INFO - Setting next_dagrun for dataset_consumes_1_never_scheduled to None, run_after=None
[2026-03-19T22:36:52.133+0000] {logging_mixin.py:190} INFO - [2026-03-19T22:36:52.133+0000] {dag.py:4180} INFO - Setting next_dagrun for dataset_consumes_unknown_never_scheduled to None, run_after=None
[2026-03-19T22:36:52.137+0000] {logging_mixin.py:190} INFO - [2026-03-19T22:36:52.137+0000] {dag.py:4180} INFO - Setting next_dagrun for dataset_produces_1 to 2026-03-18 00:00:00+00:00, run_after=2026-03-19 00:00:00+00:00
[2026-03-19T22:36:52.138+0000] {logging_mixin.py:190} INFO - [2026-03-19T22:36:52.138+0000] {dag.py:4180} INFO - Setting next_dagrun for dataset_produces_2 to None, run_after=None
[2026-03-19T22:36:52.241+0000] {processor.py:208} INFO - Processing /home/airflow/.local/lib/python3.12/site-packages/airflow/example_dags/example_datasets.py took 7.863 seconds
[2026-03-19T22:37:22.662+0000] {processor.py:186} INFO - Started process (PID=121) to work on /home/airflow/.local/lib/python3.12/site-packages/airflow/example_dags/example_datasets.py
[2026-03-19T22:37:22.666+0000] {processor.py:914} INFO - Processing file /home/airflow/.local/lib/python3.12/site-packages/airflow/example_dags/example_datasets.py for tasks to queue
[2026-03-19T22:37:22.677+0000] {logging_mixin.py:190} INFO - [2026-03-19T22:37:22.676+0000] {dagbag.py:588} INFO - Filling up the DagBag from /home/airflow/.local/lib/python3.12/site-packages/airflow/example_dags/example_datasets.py
[2026-03-19T22:37:37.489+0000] {processor.py:925} INFO - DAG(s) 'dataset_consumes_1', 'dataset_produces_1', 'consume_1_or_both_2_and_3_with_dataset_expressions', 'dataset_produces_2', 'dataset_consumes_unknown_never_scheduled', 'dataset_consumes_1_and_2', 'conditional_dataset_and_time_based_timetable', 'consume_1_and_2_with_dataset_expressions', 'consume_1_or_2_with_dataset_expressions', 'dataset_consumes_1_never_scheduled' retrieved from /home/airflow/.local/lib/python3.12/site-packages/airflow/example_dags/example_datasets.py
[2026-03-19T22:37:38.053+0000] {logging_mixin.py:190} INFO - [2026-03-19T22:37:38.042+0000] {dag.py:3239} INFO - Sync 10 DAGs
[2026-03-19T22:37:38.220+0000] {logging_mixin.py:190} INFO - [2026-03-19T22:37:38.219+0000] {dag.py:4180} INFO - Setting next_dagrun for conditional_dataset_and_time_based_timetable to 2026-03-18 01:00:00+00:00, run_after=2026-03-18 01:00:00+00:00
[2026-03-19T22:37:38.251+0000] {logging_mixin.py:190} INFO - [2026-03-19T22:37:38.250+0000] {dag.py:4180} INFO - Setting next_dagrun for consume_1_and_2_with_dataset_expressions to None, run_after=None
[2026-03-19T22:37:38.256+0000] {logging_mixin.py:190} INFO - [2026-03-19T22:37:38.256+0000] {dag.py:4180} INFO - Setting next_dagrun for consume_1_or_2_with_dataset_expressions to None, run_after=None
[2026-03-19T22:37:38.259+0000] {logging_mixin.py:190} INFO - [2026-03-19T22:37:38.259+0000] {dag.py:4180} INFO - Setting next_dagrun for consume_1_or_both_2_and_3_with_dataset_expressions to None, run_after=None
[2026-03-19T22:37:38.263+0000] {logging_mixin.py:190} INFO - [2026-03-19T22:37:38.262+0000] {dag.py:4180} INFO - Setting next_dagrun for dataset_consumes_1 to None, run_after=None
[2026-03-19T22:37:38.266+0000] {logging_mixin.py:190} INFO - [2026-03-19T22:37:38.266+0000] {dag.py:4180} INFO - Setting next_dagrun for dataset_consumes_1_and_2 to None, run_after=None
[2026-03-19T22:37:38.269+0000] {logging_mixin.py:190} INFO - [2026-03-19T22:37:38.269+0000] {dag.py:4180} INFO - Setting next_dagrun for dataset_consumes_1_never_scheduled to None, run_after=None
[2026-03-19T22:37:38.271+0000] {logging_mixin.py:190} INFO - [2026-03-19T22:37:38.271+0000] {dag.py:4180} INFO - Setting next_dagrun for dataset_consumes_unknown_never_scheduled to None, run_after=None
[2026-03-19T22:37:38.278+0000] {logging_mixin.py:190} INFO - [2026-03-19T22:37:38.277+0000] {dag.py:4180} INFO - Setting next_dagrun for dataset_produces_1 to 2026-03-18 00:00:00+00:00, run_after=2026-03-19 00:00:00+00:00
[2026-03-19T22:37:38.283+0000] {logging_mixin.py:190} INFO - [2026-03-19T22:37:38.283+0000] {dag.py:4180} INFO - Setting next_dagrun for dataset_produces_2 to None, run_after=None
[2026-03-19T22:37:38.394+0000] {processor.py:208} INFO - Processing /home/airflow/.local/lib/python3.12/site-packages/airflow/example_dags/example_datasets.py took 15.742 seconds
[2026-03-19T22:40:46.105+0000] {processor.py:186} INFO - Started process (PID=175) to work on /home/airflow/.local/lib/python3.12/site-packages/airflow/example_dags/example_datasets.py
[2026-03-19T22:40:46.107+0000] {processor.py:914} INFO - Processing file /home/airflow/.local/lib/python3.12/site-packages/airflow/example_dags/example_datasets.py for tasks to queue
[2026-03-19T22:40:46.110+0000] {logging_mixin.py:190} INFO - [2026-03-19T22:40:46.110+0000] {dagbag.py:588} INFO - Filling up the DagBag from /home/airflow/.local/lib/python3.12/site-packages/airflow/example_dags/example_datasets.py
[2026-03-19T22:45:33.836+0000] {processor.py:186} INFO - Started process (PID=210) to work on /home/airflow/.local/lib/python3.12/site-packages/airflow/example_dags/example_datasets.py
[2026-03-19T22:45:33.841+0000] {processor.py:914} INFO - Processing file /home/airflow/.local/lib/python3.12/site-packages/airflow/example_dags/example_datasets.py for tasks to queue
[2026-03-19T22:45:33.848+0000] {logging_mixin.py:190} INFO - [2026-03-19T22:45:33.848+0000] {dagbag.py:588} INFO - Filling up the DagBag from /home/airflow/.local/lib/python3.12/site-packages/airflow/example_dags/example_datasets.py
[2026-03-19T22:45:38.885+0000] {logging_mixin.py:190} INFO - [2026-03-19T22:45:38.874+0000] {process_utils.py:266} INFO - Waiting up to 5 seconds for processes to exit...
[2026-03-19T22:47:37.817+0000] {processor.py:186} INFO - Started process (PID=59) to work on /home/airflow/.local/lib/python3.12/site-packages/airflow/example_dags/example_datasets.py
[2026-03-19T22:47:37.820+0000] {processor.py:914} INFO - Processing file /home/airflow/.local/lib/python3.12/site-packages/airflow/example_dags/example_datasets.py for tasks to queue
[2026-03-19T22:47:37.823+0000] {logging_mixin.py:190} INFO - [2026-03-19T22:47:37.822+0000] {dagbag.py:588} INFO - Filling up the DagBag from /home/airflow/.local/lib/python3.12/site-packages/airflow/example_dags/example_datasets.py
[2026-03-19T22:47:39.264+0000] {processor.py:925} INFO - DAG(s) 'dataset_produces_2', 'conditional_dataset_and_time_based_timetable', 'dataset_consumes_1', 'consume_1_or_both_2_and_3_with_dataset_expressions', 'consume_1_and_2_with_dataset_expressions', 'dataset_consumes_1_never_scheduled', 'dataset_produces_1', 'consume_1_or_2_with_dataset_expressions', 'dataset_consumes_unknown_never_scheduled', 'dataset_consumes_1_and_2' retrieved from /home/airflow/.local/lib/python3.12/site-packages/airflow/example_dags/example_datasets.py
[2026-03-19T22:47:39.360+0000] {logging_mixin.py:190} INFO - [2026-03-19T22:47:39.360+0000] {override.py:1911} INFO - Created Permission View: can delete on DAG:dataset_produces_2
[2026-03-19T22:47:39.373+0000] {logging_mixin.py:190} INFO - [2026-03-19T22:47:39.373+0000] {override.py:1911} INFO - Created Permission View: can edit on DAG:dataset_produces_2
[2026-03-19T22:47:39.383+0000] {logging_mixin.py:190} INFO - [2026-03-19T22:47:39.382+0000] {override.py:1911} INFO - Created Permission View: can read on DAG:dataset_produces_2
[2026-03-19T22:47:39.403+0000] {logging_mixin.py:190} INFO - [2026-03-19T22:47:39.402+0000] {override.py:1911} INFO - Created Permission View: can create on DAG Run:dataset_produces_2
[2026-03-19T22:47:39.417+0000] {logging_mixin.py:190} INFO - [2026-03-19T22:47:39.417+0000] {override.py:1911} INFO - Created Permission View: can delete on DAG Run:dataset_produces_2
[2026-03-19T22:47:39.430+0000] {logging_mixin.py:190} INFO - [2026-03-19T22:47:39.429+0000] {override.py:1911} INFO - Created Permission View: menu access on DAG Run:dataset_produces_2
[2026-03-19T22:47:39.442+0000] {logging_mixin.py:190} INFO - [2026-03-19T22:47:39.442+0000] {override.py:1911} INFO - Created Permission View: can read on DAG Run:dataset_produces_2
[2026-03-19T22:47:39.464+0000] {logging_mixin.py:190} INFO - [2026-03-19T22:47:39.463+0000] {override.py:1911} INFO - Created Permission View: can delete on DAG:conditional_dataset_and_time_based_timetable
[2026-03-19T22:47:39.475+0000] {logging_mixin.py:190} INFO - [2026-03-19T22:47:39.474+0000] {override.py:1911} INFO - Created Permission View: can edit on DAG:conditional_dataset_and_time_based_timetable
[2026-03-19T22:47:39.485+0000] {logging_mixin.py:190} INFO - [2026-03-19T22:47:39.485+0000] {override.py:1911} INFO - Created Permission View: can read on DAG:conditional_dataset_and_time_based_timetable
[2026-03-19T22:47:39.508+0000] {logging_mixin.py:190} INFO - [2026-03-19T22:47:39.507+0000] {override.py:1911} INFO - Created Permission View: can create on DAG Run:conditional_dataset_and_time_based_timetable
[2026-03-19T22:47:39.520+0000] {logging_mixin.py:190} INFO - [2026-03-19T22:47:39.520+0000] {override.py:1911} INFO - Created Permission View: can delete on DAG Run:conditional_dataset_and_time_based_timetable
[2026-03-19T22:47:39.532+0000] {logging_mixin.py:190} INFO - [2026-03-19T22:47:39.532+0000] {override.py:1911} INFO - Created Permission View: menu access on DAG Run:conditional_dataset_and_time_based_timetable
[2026-03-19T22:47:39.544+0000] {logging_mixin.py:190} INFO - [2026-03-19T22:47:39.543+0000] {override.py:1911} INFO - Created Permission View: can read on DAG Run:conditional_dataset_and_time_based_timetable
[2026-03-19T22:47:39.568+0000] {logging_mixin.py:190} INFO - [2026-03-19T22:47:39.567+0000] {override.py:1911} INFO - Created Permission View: can delete on DAG:dataset_consumes_1
[2026-03-19T22:47:39.579+0000] {logging_mixin.py:190} INFO - [2026-03-19T22:47:39.579+0000] {override.py:1911} INFO - Created Permission View: can edit on DAG:dataset_consumes_1
[2026-03-19T22:47:39.590+0000] {logging_mixin.py:190} INFO - [2026-03-19T22:47:39.590+0000] {override.py:1911} INFO - Created Permission View: can read on DAG:dataset_consumes_1
[2026-03-19T22:47:39.615+0000] {logging_mixin.py:190} INFO - [2026-03-19T22:47:39.614+0000] {override.py:1911} INFO - Created Permission View: can create on DAG Run:dataset_consumes_1
[2026-03-19T22:47:39.627+0000] {logging_mixin.py:190} INFO - [2026-03-19T22:47:39.627+0000] {override.py:1911} INFO - Created Permission View: can delete on DAG Run:dataset_consumes_1
[2026-03-19T22:47:39.637+0000] {logging_mixin.py:190} INFO - [2026-03-19T22:47:39.637+0000] {override.py:1911} INFO - Created Permission View: menu access on DAG Run:dataset_consumes_1
[2026-03-19T22:47:39.648+0000] {logging_mixin.py:190} INFO - [2026-03-19T22:47:39.648+0000] {override.py:1911} INFO - Created Permission View: can read on DAG Run:dataset_consumes_1
[2026-03-19T22:47:39.672+0000] {logging_mixin.py:190} INFO - [2026-03-19T22:47:39.671+0000] {override.py:1911} INFO - Created Permission View: can delete on DAG:consume_1_or_both_2_and_3_with_dataset_expressions
[2026-03-19T22:47:39.686+0000] {logging_mixin.py:190} INFO - [2026-03-19T22:47:39.685+0000] {override.py:1911} INFO - Created Permission View: can edit on DAG:consume_1_or_both_2_and_3_with_dataset_expressions
[2026-03-19T22:47:39.698+0000] {logging_mixin.py:190} INFO - [2026-03-19T22:47:39.698+0000] {override.py:1911} INFO - Created Permission View: can read on DAG:consume_1_or_both_2_and_3_with_dataset_expressions
[2026-03-19T22:47:39.722+0000] {logging_mixin.py:190} INFO - [2026-03-19T22:47:39.722+0000] {override.py:1911} INFO - Created Permission View: can create on DAG Run:consume_1_or_both_2_and_3_with_dataset_expressions
[2026-03-19T22:47:39.730+0000] {logging_mixin.py:190} INFO - [2026-03-19T22:47:39.730+0000] {override.py:1911} INFO - Created Permission View: can delete on DAG Run:consume_1_or_both_2_and_3_with_dataset_expressions
[2026-03-19T22:47:39.740+0000] {logging_mixin.py:190} INFO - [2026-03-19T22:47:39.739+0000] {override.py:1911} INFO - Created Permission View: menu access on DAG Run:consume_1_or_both_2_and_3_with_dataset_expressions
[2026-03-19T22:47:39.748+0000] {logging_mixin.py:190} INFO - [2026-03-19T22:47:39.748+0000] {override.py:1911} INFO - Created Permission View: can read on DAG Run:consume_1_or_both_2_and_3_with_dataset_expressions
[2026-03-19T22:47:39.766+0000] {logging_mixin.py:190} INFO - [2026-03-19T22:47:39.766+0000] {override.py:1911} INFO - Created Permission View: can delete on DAG:consume_1_and_2_with_dataset_expressions
[2026-03-19T22:47:39.777+0000] {logging_mixin.py:190} INFO - [2026-03-19T22:47:39.777+0000] {override.py:1911} INFO - Created Permission View: can edit on DAG:consume_1_and_2_with_dataset_expressions
[2026-03-19T22:47:39.788+0000] {logging_mixin.py:190} INFO - [2026-03-19T22:47:39.788+0000] {override.py:1911} INFO - Created Permission View: can read on DAG:consume_1_and_2_with_dataset_expressions
[2026-03-19T22:47:39.808+0000] {logging_mixin.py:190} INFO - [2026-03-19T22:47:39.808+0000] {override.py:1911} INFO - Created Permission View: can create on DAG Run:consume_1_and_2_with_dataset_expressions
[2026-03-19T22:47:39.819+0000] {logging_mixin.py:190} INFO - [2026-03-19T22:47:39.818+0000] {override.py:1911} INFO - Created Permission View: can delete on DAG Run:consume_1_and_2_with_dataset_expressions
[2026-03-19T22:47:39.831+0000] {logging_mixin.py:190} INFO - [2026-03-19T22:47:39.831+0000] {override.py:1911} INFO - Created Permission View: menu access on DAG Run:consume_1_and_2_with_dataset_expressions
[2026-03-19T22:47:39.842+0000] {logging_mixin.py:190} INFO - [2026-03-19T22:47:39.842+0000] {override.py:1911} INFO - Created Permission View: can read on DAG Run:consume_1_and_2_with_dataset_expressions
[2026-03-19T22:47:39.859+0000] {logging_mixin.py:190} INFO - [2026-03-19T22:47:39.859+0000] {override.py:1911} INFO - Created Permission View: can delete on DAG:dataset_consumes_1_never_scheduled
[2026-03-19T22:47:39.868+0000] {logging_mixin.py:190} INFO - [2026-03-19T22:47:39.867+0000] {override.py:1911} INFO - Created Permission View: can edit on DAG:dataset_consumes_1_never_scheduled
[2026-03-19T22:47:39.877+0000] {logging_mixin.py:190} INFO - [2026-03-19T22:47:39.876+0000] {override.py:1911} INFO - Created Permission View: can read on DAG:dataset_consumes_1_never_scheduled
[2026-03-19T22:47:39.890+0000] {logging_mixin.py:190} INFO - [2026-03-19T22:47:39.890+0000] {override.py:1911} INFO - Created Permission View: can create on DAG Run:dataset_consumes_1_never_scheduled
[2026-03-19T22:47:39.899+0000] {logging_mixin.py:190} INFO - [2026-03-19T22:47:39.899+0000] {override.py:1911} INFO - Created Permission View: can delete on DAG Run:dataset_consumes_1_never_scheduled
[2026-03-19T22:47:39.912+0000] {logging_mixin.py:190} INFO - [2026-03-19T22:47:39.911+0000] {override.py:1911} INFO - Created Permission View: menu access on DAG Run:dataset_consumes_1_never_scheduled
[2026-03-19T22:47:39.923+0000] {logging_mixin.py:190} INFO - [2026-03-19T22:47:39.922+0000] {override.py:1911} INFO - Created Permission View: can read on DAG Run:dataset_consumes_1_never_scheduled
[2026-03-19T22:47:39.948+0000] {logging_mixin.py:190} INFO - [2026-03-19T22:47:39.948+0000] {override.py:1911} INFO - Created Permission View: can delete on DAG:dataset_produces_1
[2026-03-19T22:47:39.963+0000] {logging_mixin.py:190} INFO - [2026-03-19T22:47:39.963+0000] {override.py:1911} INFO - Created Permission View: can edit on DAG:dataset_produces_1
[2026-03-19T22:47:39.973+0000] {logging_mixin.py:190} INFO - [2026-03-19T22:47:39.972+0000] {override.py:1911} INFO - Created Permission View: can read on DAG:dataset_produces_1
[2026-03-19T22:47:39.990+0000] {logging_mixin.py:190} INFO - [2026-03-19T22:47:39.990+0000] {override.py:1911} INFO - Created Permission View: can create on DAG Run:dataset_produces_1
[2026-03-19T22:47:39.999+0000] {logging_mixin.py:190} INFO - [2026-03-19T22:47:39.999+0000] {override.py:1911} INFO - Created Permission View: can delete on DAG Run:dataset_produces_1
[2026-03-19T22:47:40.012+0000] {logging_mixin.py:190} INFO - [2026-03-19T22:47:40.012+0000] {override.py:1911} INFO - Created Permission View: menu access on DAG Run:dataset_produces_1
[2026-03-19T22:47:40.024+0000] {logging_mixin.py:190} INFO - [2026-03-19T22:47:40.024+0000] {override.py:1911} INFO - Created Permission View: can read on DAG Run:dataset_produces_1
[2026-03-19T22:47:40.050+0000] {logging_mixin.py:190} INFO - [2026-03-19T22:47:40.050+0000] {override.py:1911} INFO - Created Permission View: can delete on DAG:consume_1_or_2_with_dataset_expressions
[2026-03-19T22:47:40.062+0000] {logging_mixin.py:190} INFO - [2026-03-19T22:47:40.062+0000] {override.py:1911} INFO - Created Permission View: can edit on DAG:consume_1_or_2_with_dataset_expressions
[2026-03-19T22:47:40.071+0000] {logging_mixin.py:190} INFO - [2026-03-19T22:47:40.071+0000] {override.py:1911} INFO - Created Permission View: can read on DAG:consume_1_or_2_with_dataset_expressions
[2026-03-19T22:47:40.083+0000] {logging_mixin.py:190} INFO - [2026-03-19T22:47:40.083+0000] {override.py:1911} INFO - Created Permission View: can create on DAG Run:consume_1_or_2_with_dataset_expressions
[2026-03-19T22:47:40.091+0000] {logging_mixin.py:190} INFO - [2026-03-19T22:47:40.091+0000] {override.py:1911} INFO - Created Permission View: can delete on DAG Run:consume_1_or_2_with_dataset_expressions
[2026-03-19T22:47:40.100+0000] {logging_mixin.py:190} INFO - [2026-03-19T22:47:40.099+0000] {override.py:1911} INFO - Created Permission View: menu access on DAG Run:consume_1_or_2_with_dataset_expressions
[2026-03-19T22:47:40.109+0000] {logging_mixin.py:190} INFO - [2026-03-19T22:47:40.109+0000] {override.py:1911} INFO - Created Permission View: can read on DAG Run:consume_1_or_2_with_dataset_expressions
[2026-03-19T22:47:40.127+0000] {logging_mixin.py:190} INFO - [2026-03-19T22:47:40.126+0000] {override.py:1911} INFO - Created Permission View: can delete on DAG:dataset_consumes_unknown_never_scheduled
[2026-03-19T22:47:40.139+0000] {logging_mixin.py:190} INFO - [2026-03-19T22:47:40.139+0000] {override.py:1911} INFO - Created Permission View: can edit on DAG:dataset_consumes_unknown_never_scheduled
[2026-03-19T22:47:40.150+0000] {logging_mixin.py:190} INFO - [2026-03-19T22:47:40.150+0000] {override.py:1911} INFO - Created Permission View: can read on DAG:dataset_consumes_unknown_never_scheduled
[2026-03-19T22:47:40.169+0000] {logging_mixin.py:190} INFO - [2026-03-19T22:47:40.168+0000] {override.py:1911} INFO - Created Permission View: can create on DAG Run:dataset_consumes_unknown_never_scheduled
[2026-03-19T22:47:40.181+0000] {logging_mixin.py:190} INFO - [2026-03-19T22:47:40.180+0000] {override.py:1911} INFO - Created Permission View: can delete on DAG Run:dataset_consumes_unknown_never_scheduled
[2026-03-19T22:47:40.193+0000] {logging_mixin.py:190} INFO - [2026-03-19T22:47:40.193+0000] {override.py:1911} INFO - Created Permission View: menu access on DAG Run:dataset_consumes_unknown_never_scheduled
[2026-03-19T22:47:40.204+0000] {logging_mixin.py:190} INFO - [2026-03-19T22:47:40.204+0000] {override.py:1911} INFO - Created Permission View: can read on DAG Run:dataset_consumes_unknown_never_scheduled
[2026-03-19T22:47:40.226+0000] {logging_mixin.py:190} INFO - [2026-03-19T22:47:40.226+0000] {override.py:1911} INFO - Created Permission View: can delete on DAG:dataset_consumes_1_and_2
[2026-03-19T22:47:40.235+0000] {logging_mixin.py:190} INFO - [2026-03-19T22:47:40.235+0000] {override.py:1911} INFO - Created Permission View: can edit on DAG:dataset_consumes_1_and_2
[2026-03-19T22:47:40.246+0000] {logging_mixin.py:190} INFO - [2026-03-19T22:47:40.246+0000] {override.py:1911} INFO - Created Permission View: can read on DAG:dataset_consumes_1_and_2
[2026-03-19T22:47:40.271+0000] {logging_mixin.py:190} INFO - [2026-03-19T22:47:40.270+0000] {override.py:1911} INFO - Created Permission View: can create on DAG Run:dataset_consumes_1_and_2
[2026-03-19T22:47:40.283+0000] {logging_mixin.py:190} INFO - [2026-03-19T22:47:40.283+0000] {override.py:1911} INFO - Created Permission View: can delete on DAG Run:dataset_consumes_1_and_2
[2026-03-19T22:47:40.295+0000] {logging_mixin.py:190} INFO - [2026-03-19T22:47:40.295+0000] {override.py:1911} INFO - Created Permission View: menu access on DAG Run:dataset_consumes_1_and_2
[2026-03-19T22:47:40.305+0000] {logging_mixin.py:190} INFO - [2026-03-19T22:47:40.304+0000] {override.py:1911} INFO - Created Permission View: can read on DAG Run:dataset_consumes_1_and_2
[2026-03-19T22:47:40.305+0000] {logging_mixin.py:190} INFO - [2026-03-19T22:47:40.305+0000] {dag.py:3239} INFO - Sync 10 DAGs
[2026-03-19T22:47:40.316+0000] {logging_mixin.py:190} INFO - [2026-03-19T22:47:40.316+0000] {dag.py:3262} INFO - Creating ORM DAG for dataset_consumes_unknown_never_scheduled
[2026-03-19T22:47:40.317+0000] {logging_mixin.py:190} INFO - [2026-03-19T22:47:40.317+0000] {dag.py:3262} INFO - Creating ORM DAG for consume_1_or_both_2_and_3_with_dataset_expressions
[2026-03-19T22:47:40.318+0000] {logging_mixin.py:190} INFO - [2026-03-19T22:47:40.318+0000] {dag.py:3262} INFO - Creating ORM DAG for conditional_dataset_and_time_based_timetable
[2026-03-19T22:47:40.318+0000] {logging_mixin.py:190} INFO - [2026-03-19T22:47:40.318+0000] {dag.py:3262} INFO - Creating ORM DAG for dataset_consumes_1
[2026-03-19T22:47:40.319+0000] {logging_mixin.py:190} INFO - [2026-03-19T22:47:40.319+0000] {dag.py:3262} INFO - Creating ORM DAG for dataset_consumes_1_never_scheduled
[2026-03-19T22:47:40.320+0000] {logging_mixin.py:190} INFO - [2026-03-19T22:47:40.320+0000] {dag.py:3262} INFO - Creating ORM DAG for consume_1_and_2_with_dataset_expressions
[2026-03-19T22:47:40.321+0000] {logging_mixin.py:190} INFO - [2026-03-19T22:47:40.321+0000] {dag.py:3262} INFO - Creating ORM DAG for dataset_produces_1
[2026-03-19T22:47:40.321+0000] {logging_mixin.py:190} INFO - [2026-03-19T22:47:40.321+0000] {dag.py:3262} INFO - Creating ORM DAG for dataset_consumes_1_and_2
[2026-03-19T22:47:40.322+0000] {logging_mixin.py:190} INFO - [2026-03-19T22:47:40.322+0000] {dag.py:3262} INFO - Creating ORM DAG for dataset_produces_2
[2026-03-19T22:47:40.323+0000] {logging_mixin.py:190} INFO - [2026-03-19T22:47:40.323+0000] {dag.py:3262} INFO - Creating ORM DAG for consume_1_or_2_with_dataset_expressions
[2026-03-19T22:47:40.331+0000] {logging_mixin.py:190} INFO - [2026-03-19T22:47:40.331+0000] {dag.py:4180} INFO - Setting next_dagrun for conditional_dataset_and_time_based_timetable to 2026-03-18 01:00:00+00:00, run_after=2026-03-18 01:00:00+00:00
[2026-03-19T22:47:40.332+0000] {logging_mixin.py:190} INFO - [2026-03-19T22:47:40.332+0000] {dag.py:4180} INFO - Setting next_dagrun for consume_1_and_2_with_dataset_expressions to None, run_after=None
[2026-03-19T22:47:40.333+0000] {logging_mixin.py:190} INFO - [2026-03-19T22:47:40.333+0000] {dag.py:4180} INFO - Setting next_dagrun for consume_1_or_2_with_dataset_expressions to None, run_after=None
[2026-03-19T22:47:40.335+0000] {logging_mixin.py:190} INFO - [2026-03-19T22:47:40.334+0000] {dag.py:4180} INFO - Setting next_dagrun for consume_1_or_both_2_and_3_with_dataset_expressions to None, run_after=None
[2026-03-19T22:47:40.335+0000] {logging_mixin.py:190} INFO - [2026-03-19T22:47:40.335+0000] {dag.py:4180} INFO - Setting next_dagrun for dataset_consumes_1 to None, run_after=None
[2026-03-19T22:47:40.336+0000] {logging_mixin.py:190} INFO - [2026-03-19T22:47:40.335+0000] {dag.py:4180} INFO - Setting next_dagrun for dataset_consumes_1_and_2 to None, run_after=None
[2026-03-19T22:47:40.336+0000] {logging_mixin.py:190} INFO - [2026-03-19T22:47:40.336+0000] {dag.py:4180} INFO - Setting next_dagrun for dataset_consumes_1_never_scheduled to None, run_after=None
[2026-03-19T22:47:40.337+0000] {logging_mixin.py:190} INFO - [2026-03-19T22:47:40.337+0000] {dag.py:4180} INFO - Setting next_dagrun for dataset_consumes_unknown_never_scheduled to None, run_after=None
[2026-03-19T22:47:40.338+0000] {logging_mixin.py:190} INFO - [2026-03-19T22:47:40.338+0000] {dag.py:4180} INFO - Setting next_dagrun for dataset_produces_1 to 2026-03-18 00:00:00+00:00, run_after=2026-03-19 00:00:00+00:00
[2026-03-19T22:47:40.339+0000] {logging_mixin.py:190} INFO - [2026-03-19T22:47:40.339+0000] {dag.py:4180} INFO - Setting next_dagrun for dataset_produces_2 to None, run_after=None
[2026-03-19T22:47:40.374+0000] {processor.py:208} INFO - Processing /home/airflow/.local/lib/python3.12/site-packages/airflow/example_dags/example_datasets.py took 2.563 seconds
[2026-03-19T22:48:10.590+0000] {processor.py:186} INFO - Started process (PID=118) to work on /home/airflow/.local/lib/python3.12/site-packages/airflow/example_dags/example_datasets.py
[2026-03-19T22:48:10.595+0000] {processor.py:914} INFO - Processing file /home/airflow/.local/lib/python3.12/site-packages/airflow/example_dags/example_datasets.py for tasks to queue
[2026-03-19T22:48:10.607+0000] {logging_mixin.py:190} INFO - [2026-03-19T22:48:10.606+0000] {dagbag.py:588} INFO - Filling up the DagBag from /home/airflow/.local/lib/python3.12/site-packages/airflow/example_dags/example_datasets.py
[2026-03-19T22:48:11.789+0000] {processor.py:925} INFO - DAG(s) 'consume_1_or_both_2_and_3_with_dataset_expressions', 'conditional_dataset_and_time_based_timetable', 'dataset_consumes_1_never_scheduled', 'dataset_produces_1', 'consume_1_or_2_with_dataset_expressions', 'consume_1_and_2_with_dataset_expressions', 'dataset_consumes_1_and_2', 'dataset_produces_2', 'dataset_consumes_unknown_never_scheduled', 'dataset_consumes_1' retrieved from /home/airflow/.local/lib/python3.12/site-packages/airflow/example_dags/example_datasets.py
[2026-03-19T22:48:11.828+0000] {logging_mixin.py:190} INFO - [2026-03-19T22:48:11.828+0000] {dag.py:3239} INFO - Sync 10 DAGs
[2026-03-19T22:48:11.849+0000] {logging_mixin.py:190} INFO - [2026-03-19T22:48:11.849+0000] {dag.py:4180} INFO - Setting next_dagrun for conditional_dataset_and_time_based_timetable to 2026-03-18 01:00:00+00:00, run_after=2026-03-18 01:00:00+00:00
[2026-03-19T22:48:11.853+0000] {logging_mixin.py:190} INFO - [2026-03-19T22:48:11.853+0000] {dag.py:4180} INFO - Setting next_dagrun for consume_1_and_2_with_dataset_expressions to None, run_after=None
[2026-03-19T22:48:11.854+0000] {logging_mixin.py:190} INFO - [2026-03-19T22:48:11.854+0000] {dag.py:4180} INFO - Setting next_dagrun for consume_1_or_2_with_dataset_expressions to None, run_after=None
[2026-03-19T22:48:11.855+0000] {logging_mixin.py:190} INFO - [2026-03-19T22:48:11.855+0000] {dag.py:4180} INFO - Setting next_dagrun for consume_1_or_both_2_and_3_with_dataset_expressions to None, run_after=None
[2026-03-19T22:48:11.856+0000] {logging_mixin.py:190} INFO - [2026-03-19T22:48:11.856+0000] {dag.py:4180} INFO - Setting next_dagrun for dataset_consumes_1 to None, run_after=None
[2026-03-19T22:48:11.857+0000] {logging_mixin.py:190} INFO - [2026-03-19T22:48:11.857+0000] {dag.py:4180} INFO - Setting next_dagrun for dataset_consumes_1_and_2 to None, run_after=None
[2026-03-19T22:48:11.858+0000] {logging_mixin.py:190} INFO - [2026-03-19T22:48:11.858+0000] {dag.py:4180} INFO - Setting next_dagrun for dataset_consumes_1_never_scheduled to None, run_after=None
[2026-03-19T22:48:11.859+0000] {logging_mixin.py:190} INFO - [2026-03-19T22:48:11.859+0000] {dag.py:4180} INFO - Setting next_dagrun for dataset_consumes_unknown_never_scheduled to None, run_after=None
[2026-03-19T22:48:11.861+0000] {logging_mixin.py:190} INFO - [2026-03-19T22:48:11.861+0000] {dag.py:4180} INFO - Setting next_dagrun for dataset_produces_1 to 2026-03-18 00:00:00+00:00, run_after=2026-03-19 00:00:00+00:00
[2026-03-19T22:48:11.863+0000] {logging_mixin.py:190} INFO - [2026-03-19T22:48:11.863+0000] {dag.py:4180} INFO - Setting next_dagrun for dataset_produces_2 to None, run_after=None
[2026-03-19T22:48:11.893+0000] {processor.py:208} INFO - Processing /home/airflow/.local/lib/python3.12/site-packages/airflow/example_dags/example_datasets.py took 1.322 seconds
[2026-03-19T22:48:42.208+0000] {processor.py:186} INFO - Started process (PID=176) to work on /home/airflow/.local/lib/python3.12/site-packages/airflow/example_dags/example_datasets.py
[2026-03-19T22:48:42.209+0000] {processor.py:914} INFO - Processing file /home/airflow/.local/lib/python3.12/site-packages/airflow/example_dags/example_datasets.py for tasks to queue
[2026-03-19T22:48:42.212+0000] {logging_mixin.py:190} INFO - [2026-03-19T22:48:42.211+0000] {dagbag.py:588} INFO - Filling up the DagBag from /home/airflow/.local/lib/python3.12/site-packages/airflow/example_dags/example_datasets.py
[2026-03-19T22:48:42.727+0000] {processor.py:925} INFO - DAG(s) 'consume_1_or_2_with_dataset_expressions', 'dataset_consumes_1_and_2', 'dataset_consumes_unknown_never_scheduled', 'dataset_consumes_1_never_scheduled', 'dataset_produces_2', 'dataset_consumes_1', 'consume_1_or_both_2_and_3_with_dataset_expressions', 'dataset_produces_1', 'conditional_dataset_and_time_based_timetable', 'consume_1_and_2_with_dataset_expressions' retrieved from /home/airflow/.local/lib/python3.12/site-packages/airflow/example_dags/example_datasets.py
[2026-03-19T22:48:42.761+0000] {logging_mixin.py:190} INFO - [2026-03-19T22:48:42.761+0000] {dag.py:3239} INFO - Sync 10 DAGs
[2026-03-19T22:48:42.782+0000] {logging_mixin.py:190} INFO - [2026-03-19T22:48:42.781+0000] {dag.py:4180} INFO - Setting next_dagrun for conditional_dataset_and_time_based_timetable to 2026-03-18 01:00:00+00:00, run_after=2026-03-18 01:00:00+00:00
[2026-03-19T22:48:42.785+0000] {logging_mixin.py:190} INFO - [2026-03-19T22:48:42.785+0000] {dag.py:4180} INFO - Setting next_dagrun for consume_1_and_2_with_dataset_expressions to None, run_after=None
[2026-03-19T22:48:42.787+0000] {logging_mixin.py:190} INFO - [2026-03-19T22:48:42.786+0000] {dag.py:4180} INFO - Setting next_dagrun for consume_1_or_2_with_dataset_expressions to None, run_after=None
[2026-03-19T22:48:42.788+0000] {logging_mixin.py:190} INFO - [2026-03-19T22:48:42.788+0000] {dag.py:4180} INFO - Setting next_dagrun for consume_1_or_both_2_and_3_with_dataset_expressions to None, run_after=None
[2026-03-19T22:48:42.789+0000] {logging_mixin.py:190} INFO - [2026-03-19T22:48:42.789+0000] {dag.py:4180} INFO - Setting next_dagrun for dataset_consumes_1 to None, run_after=None
[2026-03-19T22:48:42.790+0000] {logging_mixin.py:190} INFO - [2026-03-19T22:48:42.790+0000] {dag.py:4180} INFO - Setting next_dagrun for dataset_consumes_1_and_2 to None, run_after=None
[2026-03-19T22:48:42.791+0000] {logging_mixin.py:190} INFO - [2026-03-19T22:48:42.791+0000] {dag.py:4180} INFO - Setting next_dagrun for dataset_consumes_1_never_scheduled to None, run_after=None
[2026-03-19T22:48:42.792+0000] {logging_mixin.py:190} INFO - [2026-03-19T22:48:42.792+0000] {dag.py:4180} INFO - Setting next_dagrun for dataset_consumes_unknown_never_scheduled to None, run_after=None
[2026-03-19T22:48:42.794+0000] {logging_mixin.py:190} INFO - [2026-03-19T22:48:42.794+0000] {dag.py:4180} INFO - Setting next_dagrun for dataset_produces_1 to 2026-03-18 00:00:00+00:00, run_after=2026-03-19 00:00:00+00:00
[2026-03-19T22:48:42.795+0000] {logging_mixin.py:190} INFO - [2026-03-19T22:48:42.795+0000] {dag.py:4180} INFO - Setting next_dagrun for dataset_produces_2 to None, run_after=None
[2026-03-19T22:48:42.826+0000] {processor.py:208} INFO - Processing /home/airflow/.local/lib/python3.12/site-packages/airflow/example_dags/example_datasets.py took 0.623 seconds
[2026-03-19T22:49:13.398+0000] {processor.py:186} INFO - Started process (PID=235) to work on /home/airflow/.local/lib/python3.12/site-packages/airflow/example_dags/example_datasets.py
[2026-03-19T22:49:13.399+0000] {processor.py:914} INFO - Processing file /home/airflow/.local/lib/python3.12/site-packages/airflow/example_dags/example_datasets.py for tasks to queue
[2026-03-19T22:49:13.401+0000] {logging_mixin.py:190} INFO - [2026-03-19T22:49:13.401+0000] {dagbag.py:588} INFO - Filling up the DagBag from /home/airflow/.local/lib/python3.12/site-packages/airflow/example_dags/example_datasets.py
[2026-03-19T22:49:13.862+0000] {processor.py:925} INFO - DAG(s) 'dataset_consumes_1', 'consume_1_or_both_2_and_3_with_dataset_expressions', 'dataset_consumes_1_never_scheduled', 'conditional_dataset_and_time_based_timetable', 'consume_1_and_2_with_dataset_expressions', 'dataset_consumes_1_and_2', 'consume_1_or_2_with_dataset_expressions', 'dataset_produces_1', 'dataset_produces_2', 'dataset_consumes_unknown_never_scheduled' retrieved from /home/airflow/.local/lib/python3.12/site-packages/airflow/example_dags/example_datasets.py
[2026-03-19T22:49:13.896+0000] {logging_mixin.py:190} INFO - [2026-03-19T22:49:13.895+0000] {dag.py:3239} INFO - Sync 10 DAGs
[2026-03-19T22:49:13.917+0000] {logging_mixin.py:190} INFO - [2026-03-19T22:49:13.917+0000] {dag.py:4180} INFO - Setting next_dagrun for conditional_dataset_and_time_based_timetable to 2026-03-18 01:00:00+00:00, run_after=2026-03-18 01:00:00+00:00
[2026-03-19T22:49:13.920+0000] {logging_mixin.py:190} INFO - [2026-03-19T22:49:13.920+0000] {dag.py:4180} INFO - Setting next_dagrun for consume_1_and_2_with_dataset_expressions to None, run_after=None
[2026-03-19T22:49:13.922+0000] {logging_mixin.py:190} INFO - [2026-03-19T22:49:13.921+0000] {dag.py:4180} INFO - Setting next_dagrun for consume_1_or_2_with_dataset_expressions to None, run_after=None
[2026-03-19T22:49:13.923+0000] {logging_mixin.py:190} INFO - [2026-03-19T22:49:13.923+0000] {dag.py:4180} INFO - Setting next_dagrun for consume_1_or_both_2_and_3_with_dataset_expressions to None, run_after=None
[2026-03-19T22:49:13.924+0000] {logging_mixin.py:190} INFO - [2026-03-19T22:49:13.924+0000] {dag.py:4180} INFO - Setting next_dagrun for dataset_consumes_1 to None, run_after=None
[2026-03-19T22:49:13.926+0000] {logging_mixin.py:190} INFO - [2026-03-19T22:49:13.925+0000] {dag.py:4180} INFO - Setting next_dagrun for dataset_consumes_1_and_2 to None, run_after=None
[2026-03-19T22:49:13.927+0000] {logging_mixin.py:190} INFO - [2026-03-19T22:49:13.927+0000] {dag.py:4180} INFO - Setting next_dagrun for dataset_consumes_1_never_scheduled to None, run_after=None
[2026-03-19T22:49:13.928+0000] {logging_mixin.py:190} INFO - [2026-03-19T22:49:13.928+0000] {dag.py:4180} INFO - Setting next_dagrun for dataset_consumes_unknown_never_scheduled to None, run_after=None
[2026-03-19T22:49:13.930+0000] {logging_mixin.py:190} INFO - [2026-03-19T22:49:13.930+0000] {dag.py:4180} INFO - Setting next_dagrun for dataset_produces_1 to 2026-03-18 00:00:00+00:00, run_after=2026-03-19 00:00:00+00:00
[2026-03-19T22:49:13.931+0000] {logging_mixin.py:190} INFO - [2026-03-19T22:49:13.931+0000] {dag.py:4180} INFO - Setting next_dagrun for dataset_produces_2 to None, run_after=None
[2026-03-19T22:49:13.962+0000] {processor.py:208} INFO - Processing /home/airflow/.local/lib/python3.12/site-packages/airflow/example_dags/example_datasets.py took 0.569 seconds
[2026-03-19T22:49:44.338+0000] {processor.py:186} INFO - Started process (PID=292) to work on /home/airflow/.local/lib/python3.12/site-packages/airflow/example_dags/example_datasets.py
[2026-03-19T22:49:44.339+0000] {processor.py:914} INFO - Processing file /home/airflow/.local/lib/python3.12/site-packages/airflow/example_dags/example_datasets.py for tasks to queue
[2026-03-19T22:49:44.341+0000] {logging_mixin.py:190} INFO - [2026-03-19T22:49:44.341+0000] {dagbag.py:588} INFO - Filling up the DagBag from /home/airflow/.local/lib/python3.12/site-packages/airflow/example_dags/example_datasets.py
[2026-03-19T22:49:44.828+0000] {processor.py:925} INFO - DAG(s) 'consume_1_or_both_2_and_3_with_dataset_expressions', 'consume_1_or_2_with_dataset_expressions', 'conditional_dataset_and_time_based_timetable', 'consume_1_and_2_with_dataset_expressions', 'dataset_consumes_unknown_never_scheduled', 'dataset_produces_1', 'dataset_consumes_1_never_scheduled', 'dataset_consumes_1_and_2', 'dataset_produces_2', 'dataset_consumes_1' retrieved from /home/airflow/.local/lib/python3.12/site-packages/airflow/example_dags/example_datasets.py
[2026-03-19T22:49:44.862+0000] {logging_mixin.py:190} INFO - [2026-03-19T22:49:44.862+0000] {dag.py:3239} INFO - Sync 10 DAGs
[2026-03-19T22:49:44.884+0000] {logging_mixin.py:190} INFO - [2026-03-19T22:49:44.884+0000] {dag.py:4180} INFO - Setting next_dagrun for conditional_dataset_and_time_based_timetable to 2026-03-18 01:00:00+00:00, run_after=2026-03-18 01:00:00+00:00
[2026-03-19T22:49:44.887+0000] {logging_mixin.py:190} INFO - [2026-03-19T22:49:44.887+0000] {dag.py:4180} INFO - Setting next_dagrun for consume_1_and_2_with_dataset_expressions to None, run_after=None
[2026-03-19T22:49:44.889+0000] {logging_mixin.py:190} INFO - [2026-03-19T22:49:44.889+0000] {dag.py:4180} INFO - Setting next_dagrun for consume_1_or_2_with_dataset_expressions to None, run_after=None
[2026-03-19T22:49:44.890+0000] {logging_mixin.py:190} INFO - [2026-03-19T22:49:44.890+0000] {dag.py:4180} INFO - Setting next_dagrun for consume_1_or_both_2_and_3_with_dataset_expressions to None, run_after=None
[2026-03-19T22:49:44.892+0000] {logging_mixin.py:190} INFO - [2026-03-19T22:49:44.891+0000] {dag.py:4180} INFO - Setting next_dagrun for dataset_consumes_1 to None, run_after=None
[2026-03-19T22:49:44.893+0000] {logging_mixin.py:190} INFO - [2026-03-19T22:49:44.893+0000] {dag.py:4180} INFO - Setting next_dagrun for dataset_consumes_1_and_2 to None, run_after=None
[2026-03-19T22:49:44.894+0000] {logging_mixin.py:190} INFO - [2026-03-19T22:49:44.894+0000] {dag.py:4180} INFO - Setting next_dagrun for dataset_consumes_1_never_scheduled to None, run_after=None
[2026-03-19T22:49:44.895+0000] {logging_mixin.py:190} INFO - [2026-03-19T22:49:44.895+0000] {dag.py:4180} INFO - Setting next_dagrun for dataset_consumes_unknown_never_scheduled to None, run_after=None
[2026-03-19T22:49:44.897+0000] {logging_mixin.py:190} INFO - [2026-03-19T22:49:44.897+0000] {dag.py:4180} INFO - Setting next_dagrun for dataset_produces_1 to 2026-03-18 00:00:00+00:00, run_after=2026-03-19 00:00:00+00:00
[2026-03-19T22:49:44.899+0000] {logging_mixin.py:190} INFO - [2026-03-19T22:49:44.898+0000] {dag.py:4180} INFO - Setting next_dagrun for dataset_produces_2 to None, run_after=None
[2026-03-19T22:49:44.930+0000] {processor.py:208} INFO - Processing /home/airflow/.local/lib/python3.12/site-packages/airflow/example_dags/example_datasets.py took 0.596 seconds
[2026-03-19T22:50:14.962+0000] {processor.py:186} INFO - Started process (PID=353) to work on /home/airflow/.local/lib/python3.12/site-packages/airflow/example_dags/example_datasets.py
[2026-03-19T22:50:14.963+0000] {processor.py:914} INFO - Processing file /home/airflow/.local/lib/python3.12/site-packages/airflow/example_dags/example_datasets.py for tasks to queue
[2026-03-19T22:50:14.965+0000] {logging_mixin.py:190} INFO - [2026-03-19T22:50:14.964+0000] {dagbag.py:588} INFO - Filling up the DagBag from /home/airflow/.local/lib/python3.12/site-packages/airflow/example_dags/example_datasets.py
[2026-03-19T22:50:15.429+0000] {processor.py:925} INFO - DAG(s) 'dataset_produces_1', 'dataset_consumes_1_and_2', 'consume_1_or_2_with_dataset_expressions', 'conditional_dataset_and_time_based_timetable', 'consume_1_or_both_2_and_3_with_dataset_expressions', 'dataset_consumes_1_never_scheduled', 'dataset_consumes_unknown_never_scheduled', 'dataset_consumes_1', 'consume_1_and_2_with_dataset_expressions', 'dataset_produces_2' retrieved from /home/airflow/.local/lib/python3.12/site-packages/airflow/example_dags/example_datasets.py
[2026-03-19T22:50:15.462+0000] {logging_mixin.py:190} INFO - [2026-03-19T22:50:15.462+0000] {dag.py:3239} INFO - Sync 10 DAGs
[2026-03-19T22:50:15.484+0000] {logging_mixin.py:190} INFO - [2026-03-19T22:50:15.484+0000] {dag.py:4180} INFO - Setting next_dagrun for conditional_dataset_and_time_based_timetable to 2026-03-18 01:00:00+00:00, run_after=2026-03-18 01:00:00+00:00
[2026-03-19T22:50:15.487+0000] {logging_mixin.py:190} INFO - [2026-03-19T22:50:15.487+0000] {dag.py:4180} INFO - Setting next_dagrun for consume_1_and_2_with_dataset_expressions to None, run_after=None
[2026-03-19T22:50:15.488+0000] {logging_mixin.py:190} INFO - [2026-03-19T22:50:15.488+0000] {dag.py:4180} INFO - Setting next_dagrun for consume_1_or_2_with_dataset_expressions to None, run_after=None
[2026-03-19T22:50:15.489+0000] {logging_mixin.py:190} INFO - [2026-03-19T22:50:15.489+0000] {dag.py:4180} INFO - Setting next_dagrun for consume_1_or_both_2_and_3_with_dataset_expressions to None, run_after=None
[2026-03-19T22:50:15.490+0000] {logging_mixin.py:190} INFO - [2026-03-19T22:50:15.490+0000] {dag.py:4180} INFO - Setting next_dagrun for dataset_consumes_1 to None, run_after=None
[2026-03-19T22:50:15.492+0000] {logging_mixin.py:190} INFO - [2026-03-19T22:50:15.491+0000] {dag.py:4180} INFO - Setting next_dagrun for dataset_consumes_1_and_2 to None, run_after=None
[2026-03-19T22:50:15.493+0000] {logging_mixin.py:190} INFO - [2026-03-19T22:50:15.493+0000] {dag.py:4180} INFO - Setting next_dagrun for dataset_consumes_1_never_scheduled to None, run_after=None
[2026-03-19T22:50:15.494+0000] {logging_mixin.py:190} INFO - [2026-03-19T22:50:15.494+0000] {dag.py:4180} INFO - Setting next_dagrun for dataset_consumes_unknown_never_scheduled to None, run_after=None
[2026-03-19T22:50:15.496+0000] {logging_mixin.py:190} INFO - [2026-03-19T22:50:15.496+0000] {dag.py:4180} INFO - Setting next_dagrun for dataset_produces_1 to 2026-03-18 00:00:00+00:00, run_after=2026-03-19 00:00:00+00:00
[2026-03-19T22:50:15.497+0000] {logging_mixin.py:190} INFO - [2026-03-19T22:50:15.497+0000] {dag.py:4180} INFO - Setting next_dagrun for dataset_produces_2 to None, run_after=None
[2026-03-19T22:50:15.529+0000] {processor.py:208} INFO - Processing /home/airflow/.local/lib/python3.12/site-packages/airflow/example_dags/example_datasets.py took 0.573 seconds
[2026-03-19T22:50:46.160+0000] {processor.py:186} INFO - Started process (PID=410) to work on /home/airflow/.local/lib/python3.12/site-packages/airflow/example_dags/example_datasets.py
[2026-03-19T22:50:46.161+0000] {processor.py:914} INFO - Processing file /home/airflow/.local/lib/python3.12/site-packages/airflow/example_dags/example_datasets.py for tasks to queue
[2026-03-19T22:50:46.163+0000] {logging_mixin.py:190} INFO - [2026-03-19T22:50:46.163+0000] {dagbag.py:588} INFO - Filling up the DagBag from /home/airflow/.local/lib/python3.12/site-packages/airflow/example_dags/example_datasets.py
[2026-03-19T22:50:46.657+0000] {processor.py:925} INFO - DAG(s) 'consume_1_or_both_2_and_3_with_dataset_expressions', 'consume_1_or_2_with_dataset_expressions', 'dataset_consumes_1_never_scheduled', 'conditional_dataset_and_time_based_timetable', 'dataset_produces_2', 'dataset_consumes_1', 'consume_1_and_2_with_dataset_expressions', 'dataset_consumes_1_and_2', 'dataset_produces_1', 'dataset_consumes_unknown_never_scheduled' retrieved from /home/airflow/.local/lib/python3.12/site-packages/airflow/example_dags/example_datasets.py
[2026-03-19T22:50:46.691+0000] {logging_mixin.py:190} INFO - [2026-03-19T22:50:46.691+0000] {dag.py:3239} INFO - Sync 10 DAGs
[2026-03-19T22:50:46.713+0000] {logging_mixin.py:190} INFO - [2026-03-19T22:50:46.713+0000] {dag.py:4180} INFO - Setting next_dagrun for conditional_dataset_and_time_based_timetable to 2026-03-18 01:00:00+00:00, run_after=2026-03-18 01:00:00+00:00
[2026-03-19T22:50:46.716+0000] {logging_mixin.py:190} INFO - [2026-03-19T22:50:46.716+0000] {dag.py:4180} INFO - Setting next_dagrun for consume_1_and_2_with_dataset_expressions to None, run_after=None
[2026-03-19T22:50:46.718+0000] {logging_mixin.py:190} INFO - [2026-03-19T22:50:46.717+0000] {dag.py:4180} INFO - Setting next_dagrun for consume_1_or_2_with_dataset_expressions to None, run_after=None
[2026-03-19T22:50:46.719+0000] {logging_mixin.py:190} INFO - [2026-03-19T22:50:46.719+0000] {dag.py:4180} INFO - Setting next_dagrun for consume_1_or_both_2_and_3_with_dataset_expressions to None, run_after=None
[2026-03-19T22:50:46.720+0000] {logging_mixin.py:190} INFO - [2026-03-19T22:50:46.720+0000] {dag.py:4180} INFO - Setting next_dagrun for dataset_consumes_1 to None, run_after=None
[2026-03-19T22:50:46.721+0000] {logging_mixin.py:190} INFO - [2026-03-19T22:50:46.721+0000] {dag.py:4180} INFO - Setting next_dagrun for dataset_consumes_1_and_2 to None, run_after=None
[2026-03-19T22:50:46.722+0000] {logging_mixin.py:190} INFO - [2026-03-19T22:50:46.722+0000] {dag.py:4180} INFO - Setting next_dagrun for dataset_consumes_1_never_scheduled to None, run_after=None
[2026-03-19T22:50:46.723+0000] {logging_mixin.py:190} INFO - [2026-03-19T22:50:46.723+0000] {dag.py:4180} INFO - Setting next_dagrun for dataset_consumes_unknown_never_scheduled to None, run_after=None
[2026-03-19T22:50:46.725+0000] {logging_mixin.py:190} INFO - [2026-03-19T22:50:46.725+0000] {dag.py:4180} INFO - Setting next_dagrun for dataset_produces_1 to 2026-03-18 00:00:00+00:00, run_after=2026-03-19 00:00:00+00:00
[2026-03-19T22:50:46.726+0000] {logging_mixin.py:190} INFO - [2026-03-19T22:50:46.726+0000] {dag.py:4180} INFO - Setting next_dagrun for dataset_produces_2 to None, run_after=None
[2026-03-19T22:50:46.757+0000] {processor.py:208} INFO - Processing /home/airflow/.local/lib/python3.12/site-packages/airflow/example_dags/example_datasets.py took 0.602 seconds
[2026-03-19T22:51:16.810+0000] {processor.py:186} INFO - Started process (PID=468) to work on /home/airflow/.local/lib/python3.12/site-packages/airflow/example_dags/example_datasets.py
[2026-03-19T22:51:16.810+0000] {processor.py:914} INFO - Processing file /home/airflow/.local/lib/python3.12/site-packages/airflow/example_dags/example_datasets.py for tasks to queue
[2026-03-19T22:51:16.812+0000] {logging_mixin.py:190} INFO - [2026-03-19T22:51:16.812+0000] {dagbag.py:588} INFO - Filling up the DagBag from /home/airflow/.local/lib/python3.12/site-packages/airflow/example_dags/example_datasets.py
[2026-03-19T22:51:17.273+0000] {processor.py:925} INFO - DAG(s) 'dataset_consumes_1', 'consume_1_or_2_with_dataset_expressions', 'dataset_consumes_1_and_2', 'dataset_produces_2', 'consume_1_and_2_with_dataset_expressions', 'dataset_produces_1', 'dataset_consumes_1_never_scheduled', 'conditional_dataset_and_time_based_timetable', 'consume_1_or_both_2_and_3_with_dataset_expressions', 'dataset_consumes_unknown_never_scheduled' retrieved from /home/airflow/.local/lib/python3.12/site-packages/airflow/example_dags/example_datasets.py
[2026-03-19T22:51:17.307+0000] {logging_mixin.py:190} INFO - [2026-03-19T22:51:17.307+0000] {dag.py:3239} INFO - Sync 10 DAGs
[2026-03-19T22:51:17.328+0000] {logging_mixin.py:190} INFO - [2026-03-19T22:51:17.328+0000] {dag.py:4180} INFO - Setting next_dagrun for conditional_dataset_and_time_based_timetable to 2026-03-18 01:00:00+00:00, run_after=2026-03-18 01:00:00+00:00
[2026-03-19T22:51:17.331+0000] {logging_mixin.py:190} INFO - [2026-03-19T22:51:17.331+0000] {dag.py:4180} INFO - Setting next_dagrun for consume_1_and_2_with_dataset_expressions to None, run_after=None
[2026-03-19T22:51:17.332+0000] {logging_mixin.py:190} INFO - [2026-03-19T22:51:17.332+0000] {dag.py:4180} INFO - Setting next_dagrun for consume_1_or_2_with_dataset_expressions to None, run_after=None
[2026-03-19T22:51:17.333+0000] {logging_mixin.py:190} INFO - [2026-03-19T22:51:17.333+0000] {dag.py:4180} INFO - Setting next_dagrun for consume_1_or_both_2_and_3_with_dataset_expressions to None, run_after=None
[2026-03-19T22:51:17.334+0000] {logging_mixin.py:190} INFO - [2026-03-19T22:51:17.334+0000] {dag.py:4180} INFO - Setting next_dagrun for dataset_consumes_1 to None, run_after=None
[2026-03-19T22:51:17.335+0000] {logging_mixin.py:190} INFO - [2026-03-19T22:51:17.335+0000] {dag.py:4180} INFO - Setting next_dagrun for dataset_consumes_1_and_2 to None, run_after=None
[2026-03-19T22:51:17.336+0000] {logging_mixin.py:190} INFO - [2026-03-19T22:51:17.336+0000] {dag.py:4180} INFO - Setting next_dagrun for dataset_consumes_1_never_scheduled to None, run_after=None
[2026-03-19T22:51:17.337+0000] {logging_mixin.py:190} INFO - [2026-03-19T22:51:17.337+0000] {dag.py:4180} INFO - Setting next_dagrun for dataset_consumes_unknown_never_scheduled to None, run_after=None
[2026-03-19T22:51:17.339+0000] {logging_mixin.py:190} INFO - [2026-03-19T22:51:17.339+0000] {dag.py:4180} INFO - Setting next_dagrun for dataset_produces_1 to 2026-03-18 00:00:00+00:00, run_after=2026-03-19 00:00:00+00:00
[2026-03-19T22:51:17.340+0000] {logging_mixin.py:190} INFO - [2026-03-19T22:51:17.340+0000] {dag.py:4180} INFO - Setting next_dagrun for dataset_produces_2 to None, run_after=None
[2026-03-19T22:51:17.372+0000] {processor.py:208} INFO - Processing /home/airflow/.local/lib/python3.12/site-packages/airflow/example_dags/example_datasets.py took 0.568 seconds
[2026-03-19T22:51:47.519+0000] {processor.py:186} INFO - Started process (PID=527) to work on /home/airflow/.local/lib/python3.12/site-packages/airflow/example_dags/example_datasets.py
[2026-03-19T22:51:47.520+0000] {processor.py:914} INFO - Processing file /home/airflow/.local/lib/python3.12/site-packages/airflow/example_dags/example_datasets.py for tasks to queue
[2026-03-19T22:51:47.522+0000] {logging_mixin.py:190} INFO - [2026-03-19T22:51:47.522+0000] {dagbag.py:588} INFO - Filling up the DagBag from /home/airflow/.local/lib/python3.12/site-packages/airflow/example_dags/example_datasets.py
[2026-03-19T22:51:47.970+0000] {processor.py:925} INFO - DAG(s) 'dataset_consumes_1_never_scheduled', 'dataset_consumes_1', 'dataset_consumes_unknown_never_scheduled', 'consume_1_and_2_with_dataset_expressions', 'dataset_consumes_1_and_2', 'consume_1_or_both_2_and_3_with_dataset_expressions', 'conditional_dataset_and_time_based_timetable', 'consume_1_or_2_with_dataset_expressions', 'dataset_produces_2', 'dataset_produces_1' retrieved from /home/airflow/.local/lib/python3.12/site-packages/airflow/example_dags/example_datasets.py
[2026-03-19T22:51:48.003+0000] {logging_mixin.py:190} INFO - [2026-03-19T22:51:48.003+0000] {dag.py:3239} INFO - Sync 10 DAGs
[2026-03-19T22:51:48.024+0000] {logging_mixin.py:190} INFO - [2026-03-19T22:51:48.024+0000] {dag.py:4180} INFO - Setting next_dagrun for conditional_dataset_and_time_based_timetable to 2026-03-18 01:00:00+00:00, run_after=2026-03-18 01:00:00+00:00
[2026-03-19T22:51:48.028+0000] {logging_mixin.py:190} INFO - [2026-03-19T22:51:48.027+0000] {dag.py:4180} INFO - Setting next_dagrun for consume_1_and_2_with_dataset_expressions to None, run_after=None
[2026-03-19T22:51:48.031+0000] {logging_mixin.py:190} INFO - [2026-03-19T22:51:48.031+0000] {dag.py:4180} INFO - Setting next_dagrun for consume_1_or_2_with_dataset_expressions to None, run_after=None
[2026-03-19T22:51:48.032+0000] {logging_mixin.py:190} INFO - [2026-03-19T22:51:48.032+0000] {dag.py:4180} INFO - Setting next_dagrun for consume_1_or_both_2_and_3_with_dataset_expressions to None, run_after=None
[2026-03-19T22:51:48.033+0000] {logging_mixin.py:190} INFO - [2026-03-19T22:51:48.033+0000] {dag.py:4180} INFO - Setting next_dagrun for dataset_consumes_1 to None, run_after=None
[2026-03-19T22:51:48.034+0000] {logging_mixin.py:190} INFO - [2026-03-19T22:51:48.034+0000] {dag.py:4180} INFO - Setting next_dagrun for dataset_consumes_1_and_2 to None, run_after=None
[2026-03-19T22:51:48.035+0000] {logging_mixin.py:190} INFO - [2026-03-19T22:51:48.035+0000] {dag.py:4180} INFO - Setting next_dagrun for dataset_consumes_1_never_scheduled to None, run_after=None
[2026-03-19T22:51:48.036+0000] {logging_mixin.py:190} INFO - [2026-03-19T22:51:48.036+0000] {dag.py:4180} INFO - Setting next_dagrun for dataset_consumes_unknown_never_scheduled to None, run_after=None
[2026-03-19T22:51:48.038+0000] {logging_mixin.py:190} INFO - [2026-03-19T22:51:48.038+0000] {dag.py:4180} INFO - Setting next_dagrun for dataset_produces_1 to 2026-03-18 00:00:00+00:00, run_after=2026-03-19 00:00:00+00:00
[2026-03-19T22:51:48.039+0000] {logging_mixin.py:190} INFO - [2026-03-19T22:51:48.039+0000] {dag.py:4180} INFO - Setting next_dagrun for dataset_produces_2 to None, run_after=None
[2026-03-19T22:51:48.069+0000] {processor.py:208} INFO - Processing /home/airflow/.local/lib/python3.12/site-packages/airflow/example_dags/example_datasets.py took 0.554 seconds
[2026-03-19T22:52:18.117+0000] {processor.py:186} INFO - Started process (PID=584) to work on /home/airflow/.local/lib/python3.12/site-packages/airflow/example_dags/example_datasets.py
[2026-03-19T22:52:18.118+0000] {processor.py:914} INFO - Processing file /home/airflow/.local/lib/python3.12/site-packages/airflow/example_dags/example_datasets.py for tasks to queue
[2026-03-19T22:52:18.120+0000] {logging_mixin.py:190} INFO - [2026-03-19T22:52:18.120+0000] {dagbag.py:588} INFO - Filling up the DagBag from /home/airflow/.local/lib/python3.12/site-packages/airflow/example_dags/example_datasets.py
[2026-03-19T22:52:18.607+0000] {processor.py:925} INFO - DAG(s) 'dataset_produces_1', 'dataset_consumes_unknown_never_scheduled', 'dataset_consumes_1_and_2', 'conditional_dataset_and_time_based_timetable', 'consume_1_or_2_with_dataset_expressions', 'dataset_consumes_1_never_scheduled', 'dataset_consumes_1', 'consume_1_or_both_2_and_3_with_dataset_expressions', 'consume_1_and_2_with_dataset_expressions', 'dataset_produces_2' retrieved from /home/airflow/.local/lib/python3.12/site-packages/airflow/example_dags/example_datasets.py
[2026-03-19T22:52:18.640+0000] {logging_mixin.py:190} INFO - [2026-03-19T22:52:18.640+0000] {dag.py:3239} INFO - Sync 10 DAGs
[2026-03-19T22:52:18.661+0000] {logging_mixin.py:190} INFO - [2026-03-19T22:52:18.661+0000] {dag.py:4180} INFO - Setting next_dagrun for conditional_dataset_and_time_based_timetable to 2026-03-18 01:00:00+00:00, run_after=2026-03-18 01:00:00+00:00
[2026-03-19T22:52:18.665+0000] {logging_mixin.py:190} INFO - [2026-03-19T22:52:18.665+0000] {dag.py:4180} INFO - Setting next_dagrun for consume_1_and_2_with_dataset_expressions to None, run_after=None
[2026-03-19T22:52:18.667+0000] {logging_mixin.py:190} INFO - [2026-03-19T22:52:18.666+0000] {dag.py:4180} INFO - Setting next_dagrun for consume_1_or_2_with_dataset_expressions to None, run_after=None
[2026-03-19T22:52:18.668+0000] {logging_mixin.py:190} INFO - [2026-03-19T22:52:18.668+0000] {dag.py:4180} INFO - Setting next_dagrun for consume_1_or_both_2_and_3_with_dataset_expressions to None, run_after=None
[2026-03-19T22:52:18.669+0000] {logging_mixin.py:190} INFO - [2026-03-19T22:52:18.669+0000] {dag.py:4180} INFO - Setting next_dagrun for dataset_consumes_1 to None, run_after=None
[2026-03-19T22:52:18.670+0000] {logging_mixin.py:190} INFO - [2026-03-19T22:52:18.670+0000] {dag.py:4180} INFO - Setting next_dagrun for dataset_consumes_1_and_2 to None, run_after=None
[2026-03-19T22:52:18.671+0000] {logging_mixin.py:190} INFO - [2026-03-19T22:52:18.671+0000] {dag.py:4180} INFO - Setting next_dagrun for dataset_consumes_1_never_scheduled to None, run_after=None
[2026-03-19T22:52:18.672+0000] {logging_mixin.py:190} INFO - [2026-03-19T22:52:18.672+0000] {dag.py:4180} INFO - Setting next_dagrun for dataset_consumes_unknown_never_scheduled to None, run_after=None
[2026-03-19T22:52:18.674+0000] {logging_mixin.py:190} INFO - [2026-03-19T22:52:18.674+0000] {dag.py:4180} INFO - Setting next_dagrun for dataset_produces_1 to 2026-03-18 00:00:00+00:00, run_after=2026-03-19 00:00:00+00:00
[2026-03-19T22:52:18.675+0000] {logging_mixin.py:190} INFO - [2026-03-19T22:52:18.675+0000] {dag.py:4180} INFO - Setting next_dagrun for dataset_produces_2 to None, run_after=None
[2026-03-19T22:52:18.711+0000] {processor.py:208} INFO - Processing /home/airflow/.local/lib/python3.12/site-packages/airflow/example_dags/example_datasets.py took 0.599 seconds
[2026-03-19T22:52:49.583+0000] {processor.py:186} INFO - Started process (PID=642) to work on /home/airflow/.local/lib/python3.12/site-packages/airflow/example_dags/example_datasets.py
[2026-03-19T22:52:49.584+0000] {processor.py:914} INFO - Processing file /home/airflow/.local/lib/python3.12/site-packages/airflow/example_dags/example_datasets.py for tasks to queue
[2026-03-19T22:52:49.586+0000] {logging_mixin.py:190} INFO - [2026-03-19T22:52:49.586+0000] {dagbag.py:588} INFO - Filling up the DagBag from /home/airflow/.local/lib/python3.12/site-packages/airflow/example_dags/example_datasets.py
[2026-03-19T22:52:50.103+0000] {processor.py:925} INFO - DAG(s) 'consume_1_and_2_with_dataset_expressions', 'dataset_consumes_1_never_scheduled', 'conditional_dataset_and_time_based_timetable', 'dataset_consumes_unknown_never_scheduled', 'consume_1_or_both_2_and_3_with_dataset_expressions', 'dataset_consumes_1', 'dataset_consumes_1_and_2', 'consume_1_or_2_with_dataset_expressions', 'dataset_produces_1', 'dataset_produces_2' retrieved from /home/airflow/.local/lib/python3.12/site-packages/airflow/example_dags/example_datasets.py
[2026-03-19T22:52:50.137+0000] {logging_mixin.py:190} INFO - [2026-03-19T22:52:50.137+0000] {dag.py:3239} INFO - Sync 10 DAGs
[2026-03-19T22:52:50.159+0000] {logging_mixin.py:190} INFO - [2026-03-19T22:52:50.159+0000] {dag.py:4180} INFO - Setting next_dagrun for conditional_dataset_and_time_based_timetable to 2026-03-18 01:00:00+00:00, run_after=2026-03-18 01:00:00+00:00
[2026-03-19T22:52:50.162+0000] {logging_mixin.py:190} INFO - [2026-03-19T22:52:50.162+0000] {dag.py:4180} INFO - Setting next_dagrun for consume_1_and_2_with_dataset_expressions to None, run_after=None
[2026-03-19T22:52:50.164+0000] {logging_mixin.py:190} INFO - [2026-03-19T22:52:50.164+0000] {dag.py:4180} INFO - Setting next_dagrun for consume_1_or_2_with_dataset_expressions to None, run_after=None
[2026-03-19T22:52:50.165+0000] {logging_mixin.py:190} INFO - [2026-03-19T22:52:50.165+0000] {dag.py:4180} INFO - Setting next_dagrun for consume_1_or_both_2_and_3_with_dataset_expressions to None, run_after=None
[2026-03-19T22:52:50.167+0000] {logging_mixin.py:190} INFO - [2026-03-19T22:52:50.166+0000] {dag.py:4180} INFO - Setting next_dagrun for dataset_consumes_1 to None, run_after=None
[2026-03-19T22:52:50.168+0000] {logging_mixin.py:190} INFO - [2026-03-19T22:52:50.167+0000] {dag.py:4180} INFO - Setting next_dagrun for dataset_consumes_1_and_2 to None, run_after=None
[2026-03-19T22:52:50.169+0000] {logging_mixin.py:190} INFO - [2026-03-19T22:52:50.168+0000] {dag.py:4180} INFO - Setting next_dagrun for dataset_consumes_1_never_scheduled to None, run_after=None
[2026-03-19T22:52:50.170+0000] {logging_mixin.py:190} INFO - [2026-03-19T22:52:50.169+0000] {dag.py:4180} INFO - Setting next_dagrun for dataset_consumes_unknown_never_scheduled to None, run_after=None
[2026-03-19T22:52:50.172+0000] {logging_mixin.py:190} INFO - [2026-03-19T22:52:50.171+0000] {dag.py:4180} INFO - Setting next_dagrun for dataset_produces_1 to 2026-03-18 00:00:00+00:00, run_after=2026-03-19 00:00:00+00:00
[2026-03-19T22:52:50.173+0000] {logging_mixin.py:190} INFO - [2026-03-19T22:52:50.172+0000] {dag.py:4180} INFO - Setting next_dagrun for dataset_produces_2 to None, run_after=None
[2026-03-19T22:52:50.204+0000] {processor.py:208} INFO - Processing /home/airflow/.local/lib/python3.12/site-packages/airflow/example_dags/example_datasets.py took 0.626 seconds
[2026-03-19T22:53:20.954+0000] {processor.py:186} INFO - Started process (PID=700) to work on /home/airflow/.local/lib/python3.12/site-packages/airflow/example_dags/example_datasets.py
[2026-03-19T22:53:20.955+0000] {processor.py:914} INFO - Processing file /home/airflow/.local/lib/python3.12/site-packages/airflow/example_dags/example_datasets.py for tasks to queue
[2026-03-19T22:53:20.958+0000] {logging_mixin.py:190} INFO - [2026-03-19T22:53:20.958+0000] {dagbag.py:588} INFO - Filling up the DagBag from /home/airflow/.local/lib/python3.12/site-packages/airflow/example_dags/example_datasets.py
[2026-03-19T22:53:21.541+0000] {processor.py:925} INFO - DAG(s) 'consume_1_and_2_with_dataset_expressions', 'dataset_consumes_1_never_scheduled', 'dataset_consumes_1_and_2', 'conditional_dataset_and_time_based_timetable', 'consume_1_or_2_with_dataset_expressions', 'dataset_consumes_unknown_never_scheduled', 'dataset_produces_1', 'dataset_produces_2', 'dataset_consumes_1', 'consume_1_or_both_2_and_3_with_dataset_expressions' retrieved from /home/airflow/.local/lib/python3.12/site-packages/airflow/example_dags/example_datasets.py
[2026-03-19T22:53:21.586+0000] {logging_mixin.py:190} INFO - [2026-03-19T22:53:21.585+0000] {dag.py:3239} INFO - Sync 10 DAGs
[2026-03-19T22:53:21.608+0000] {logging_mixin.py:190} INFO - [2026-03-19T22:53:21.608+0000] {dag.py:4180} INFO - Setting next_dagrun for conditional_dataset_and_time_based_timetable to 2026-03-18 01:00:00+00:00, run_after=2026-03-18 01:00:00+00:00
[2026-03-19T22:53:21.612+0000] {logging_mixin.py:190} INFO - [2026-03-19T22:53:21.611+0000] {dag.py:4180} INFO - Setting next_dagrun for consume_1_and_2_with_dataset_expressions to None, run_after=None
[2026-03-19T22:53:21.613+0000] {logging_mixin.py:190} INFO - [2026-03-19T22:53:21.613+0000] {dag.py:4180} INFO - Setting next_dagrun for consume_1_or_2_with_dataset_expressions to None, run_after=None
[2026-03-19T22:53:21.614+0000] {logging_mixin.py:190} INFO - [2026-03-19T22:53:21.614+0000] {dag.py:4180} INFO - Setting next_dagrun for consume_1_or_both_2_and_3_with_dataset_expressions to None, run_after=None
[2026-03-19T22:53:21.615+0000] {logging_mixin.py:190} INFO - [2026-03-19T22:53:21.615+0000] {dag.py:4180} INFO - Setting next_dagrun for dataset_consumes_1 to None, run_after=None
[2026-03-19T22:53:21.617+0000] {logging_mixin.py:190} INFO - [2026-03-19T22:53:21.616+0000] {dag.py:4180} INFO - Setting next_dagrun for dataset_consumes_1_and_2 to None, run_after=None
[2026-03-19T22:53:21.618+0000] {logging_mixin.py:190} INFO - [2026-03-19T22:53:21.618+0000] {dag.py:4180} INFO - Setting next_dagrun for dataset_consumes_1_never_scheduled to None, run_after=None
[2026-03-19T22:53:21.619+0000] {logging_mixin.py:190} INFO - [2026-03-19T22:53:21.619+0000] {dag.py:4180} INFO - Setting next_dagrun for dataset_consumes_unknown_never_scheduled to None, run_after=None
[2026-03-19T22:53:21.621+0000] {logging_mixin.py:190} INFO - [2026-03-19T22:53:21.621+0000] {dag.py:4180} INFO - Setting next_dagrun for dataset_produces_1 to 2026-03-18 00:00:00+00:00, run_after=2026-03-19 00:00:00+00:00
[2026-03-19T22:53:21.622+0000] {logging_mixin.py:190} INFO - [2026-03-19T22:53:21.622+0000] {dag.py:4180} INFO - Setting next_dagrun for dataset_produces_2 to None, run_after=None
[2026-03-19T22:53:21.655+0000] {processor.py:208} INFO - Processing /home/airflow/.local/lib/python3.12/site-packages/airflow/example_dags/example_datasets.py took 0.709 seconds
[2026-03-19T22:53:52.361+0000] {processor.py:186} INFO - Started process (PID=758) to work on /home/airflow/.local/lib/python3.12/site-packages/airflow/example_dags/example_datasets.py
[2026-03-19T22:53:52.362+0000] {processor.py:914} INFO - Processing file /home/airflow/.local/lib/python3.12/site-packages/airflow/example_dags/example_datasets.py for tasks to queue
[2026-03-19T22:53:52.363+0000] {logging_mixin.py:190} INFO - [2026-03-19T22:53:52.363+0000] {dagbag.py:588} INFO - Filling up the DagBag from /home/airflow/.local/lib/python3.12/site-packages/airflow/example_dags/example_datasets.py
[2026-03-19T22:53:52.869+0000] {processor.py:925} INFO - DAG(s) 'dataset_consumes_1_and_2', 'consume_1_or_2_with_dataset_expressions', 'conditional_dataset_and_time_based_timetable', 'consume_1_and_2_with_dataset_expressions', 'dataset_produces_1', 'dataset_consumes_1_never_scheduled', 'dataset_consumes_unknown_never_scheduled', 'dataset_produces_2', 'dataset_consumes_1', 'consume_1_or_both_2_and_3_with_dataset_expressions' retrieved from /home/airflow/.local/lib/python3.12/site-packages/airflow/example_dags/example_datasets.py
[2026-03-19T22:53:52.903+0000] {logging_mixin.py:190} INFO - [2026-03-19T22:53:52.902+0000] {dag.py:3239} INFO - Sync 10 DAGs
[2026-03-19T22:53:52.924+0000] {logging_mixin.py:190} INFO - [2026-03-19T22:53:52.924+0000] {dag.py:4180} INFO - Setting next_dagrun for conditional_dataset_and_time_based_timetable to 2026-03-18 01:00:00+00:00, run_after=2026-03-18 01:00:00+00:00
[2026-03-19T22:53:52.927+0000] {logging_mixin.py:190} INFO - [2026-03-19T22:53:52.927+0000] {dag.py:4180} INFO - Setting next_dagrun for consume_1_and_2_with_dataset_expressions to None, run_after=None
[2026-03-19T22:53:52.929+0000] {logging_mixin.py:190} INFO - [2026-03-19T22:53:52.928+0000] {dag.py:4180} INFO - Setting next_dagrun for consume_1_or_2_with_dataset_expressions to None, run_after=None
[2026-03-19T22:53:52.930+0000] {logging_mixin.py:190} INFO - [2026-03-19T22:53:52.930+0000] {dag.py:4180} INFO - Setting next_dagrun for consume_1_or_both_2_and_3_with_dataset_expressions to None, run_after=None
[2026-03-19T22:53:52.931+0000] {logging_mixin.py:190} INFO - [2026-03-19T22:53:52.931+0000] {dag.py:4180} INFO - Setting next_dagrun for dataset_consumes_1 to None, run_after=None
[2026-03-19T22:53:52.932+0000] {logging_mixin.py:190} INFO - [2026-03-19T22:53:52.932+0000] {dag.py:4180} INFO - Setting next_dagrun for dataset_consumes_1_and_2 to None, run_after=None
[2026-03-19T22:53:52.933+0000] {logging_mixin.py:190} INFO - [2026-03-19T22:53:52.933+0000] {dag.py:4180} INFO - Setting next_dagrun for dataset_consumes_1_never_scheduled to None, run_after=None
[2026-03-19T22:53:52.934+0000] {logging_mixin.py:190} INFO - [2026-03-19T22:53:52.934+0000] {dag.py:4180} INFO - Setting next_dagrun for dataset_consumes_unknown_never_scheduled to None, run_after=None
[2026-03-19T22:53:52.936+0000] {logging_mixin.py:190} INFO - [2026-03-19T22:53:52.936+0000] {dag.py:4180} INFO - Setting next_dagrun for dataset_produces_1 to 2026-03-18 00:00:00+00:00, run_after=2026-03-19 00:00:00+00:00
[2026-03-19T22:53:52.937+0000] {logging_mixin.py:190} INFO - [2026-03-19T22:53:52.937+0000] {dag.py:4180} INFO - Setting next_dagrun for dataset_produces_2 to None, run_after=None
[2026-03-19T22:53:52.967+0000] {processor.py:208} INFO - Processing /home/airflow/.local/lib/python3.12/site-packages/airflow/example_dags/example_datasets.py took 0.612 seconds
[2026-03-19T22:54:23.967+0000] {processor.py:186} INFO - Started process (PID=816) to work on /home/airflow/.local/lib/python3.12/site-packages/airflow/example_dags/example_datasets.py
[2026-03-19T22:54:23.968+0000] {processor.py:914} INFO - Processing file /home/airflow/.local/lib/python3.12/site-packages/airflow/example_dags/example_datasets.py for tasks to queue
[2026-03-19T22:54:23.970+0000] {logging_mixin.py:190} INFO - [2026-03-19T22:54:23.969+0000] {dagbag.py:588} INFO - Filling up the DagBag from /home/airflow/.local/lib/python3.12/site-packages/airflow/example_dags/example_datasets.py
[2026-03-19T22:54:24.437+0000] {processor.py:925} INFO - DAG(s) 'conditional_dataset_and_time_based_timetable', 'dataset_consumes_1_and_2', 'consume_1_or_2_with_dataset_expressions', 'consume_1_or_both_2_and_3_with_dataset_expressions', 'dataset_consumes_unknown_never_scheduled', 'dataset_produces_1', 'consume_1_and_2_with_dataset_expressions', 'dataset_consumes_1_never_scheduled', 'dataset_consumes_1', 'dataset_produces_2' retrieved from /home/airflow/.local/lib/python3.12/site-packages/airflow/example_dags/example_datasets.py
[2026-03-19T22:54:24.470+0000] {logging_mixin.py:190} INFO - [2026-03-19T22:54:24.469+0000] {dag.py:3239} INFO - Sync 10 DAGs
[2026-03-19T22:54:24.489+0000] {logging_mixin.py:190} INFO - [2026-03-19T22:54:24.489+0000] {dag.py:4180} INFO - Setting next_dagrun for conditional_dataset_and_time_based_timetable to 2026-03-18 01:00:00+00:00, run_after=2026-03-18 01:00:00+00:00
[2026-03-19T22:54:24.492+0000] {logging_mixin.py:190} INFO - [2026-03-19T22:54:24.492+0000] {dag.py:4180} INFO - Setting next_dagrun for consume_1_and_2_with_dataset_expressions to None, run_after=None
[2026-03-19T22:54:24.494+0000] {logging_mixin.py:190} INFO - [2026-03-19T22:54:24.494+0000] {dag.py:4180} INFO - Setting next_dagrun for consume_1_or_2_with_dataset_expressions to None, run_after=None
[2026-03-19T22:54:24.495+0000] {logging_mixin.py:190} INFO - [2026-03-19T22:54:24.495+0000] {dag.py:4180} INFO - Setting next_dagrun for consume_1_or_both_2_and_3_with_dataset_expressions to None, run_after=None
[2026-03-19T22:54:24.496+0000] {logging_mixin.py:190} INFO - [2026-03-19T22:54:24.496+0000] {dag.py:4180} INFO - Setting next_dagrun for dataset_consumes_1 to None, run_after=None
[2026-03-19T22:54:24.497+0000] {logging_mixin.py:190} INFO - [2026-03-19T22:54:24.497+0000] {dag.py:4180} INFO - Setting next_dagrun for dataset_consumes_1_and_2 to None, run_after=None
[2026-03-19T22:54:24.498+0000] {logging_mixin.py:190} INFO - [2026-03-19T22:54:24.498+0000] {dag.py:4180} INFO - Setting next_dagrun for dataset_consumes_1_never_scheduled to None, run_after=None
[2026-03-19T22:54:24.499+0000] {logging_mixin.py:190} INFO - [2026-03-19T22:54:24.499+0000] {dag.py:4180} INFO - Setting next_dagrun for dataset_consumes_unknown_never_scheduled to None, run_after=None
[2026-03-19T22:54:24.502+0000] {logging_mixin.py:190} INFO - [2026-03-19T22:54:24.502+0000] {dag.py:4180} INFO - Setting next_dagrun for dataset_produces_1 to 2026-03-18 00:00:00+00:00, run_after=2026-03-19 00:00:00+00:00
[2026-03-19T22:54:24.503+0000] {logging_mixin.py:190} INFO - [2026-03-19T22:54:24.503+0000] {dag.py:4180} INFO - Setting next_dagrun for dataset_produces_2 to None, run_after=None
[2026-03-19T22:54:24.533+0000] {processor.py:208} INFO - Processing /home/airflow/.local/lib/python3.12/site-packages/airflow/example_dags/example_datasets.py took 0.571 seconds
[2026-03-19T22:54:55.227+0000] {processor.py:186} INFO - Started process (PID=874) to work on /home/airflow/.local/lib/python3.12/site-packages/airflow/example_dags/example_datasets.py
[2026-03-19T22:54:55.228+0000] {processor.py:914} INFO - Processing file /home/airflow/.local/lib/python3.12/site-packages/airflow/example_dags/example_datasets.py for tasks to queue
[2026-03-19T22:54:55.230+0000] {logging_mixin.py:190} INFO - [2026-03-19T22:54:55.229+0000] {dagbag.py:588} INFO - Filling up the DagBag from /home/airflow/.local/lib/python3.12/site-packages/airflow/example_dags/example_datasets.py
[2026-03-19T22:54:55.684+0000] {processor.py:925} INFO - DAG(s) 'dataset_produces_2', 'consume_1_and_2_with_dataset_expressions', 'dataset_consumes_1_and_2', 'conditional_dataset_and_time_based_timetable', 'dataset_produces_1', 'dataset_consumes_1_never_scheduled', 'consume_1_or_both_2_and_3_with_dataset_expressions', 'dataset_consumes_unknown_never_scheduled', 'dataset_consumes_1', 'consume_1_or_2_with_dataset_expressions' retrieved from /home/airflow/.local/lib/python3.12/site-packages/airflow/example_dags/example_datasets.py
[2026-03-19T22:54:55.720+0000] {logging_mixin.py:190} INFO - [2026-03-19T22:54:55.720+0000] {dag.py:3239} INFO - Sync 10 DAGs
[2026-03-19T22:54:55.741+0000] {logging_mixin.py:190} INFO - [2026-03-19T22:54:55.740+0000] {dag.py:4180} INFO - Setting next_dagrun for conditional_dataset_and_time_based_timetable to 2026-03-18 01:00:00+00:00, run_after=2026-03-18 01:00:00+00:00
[2026-03-19T22:54:55.744+0000] {logging_mixin.py:190} INFO - [2026-03-19T22:54:55.744+0000] {dag.py:4180} INFO - Setting next_dagrun for consume_1_and_2_with_dataset_expressions to None, run_after=None
[2026-03-19T22:54:55.745+0000] {logging_mixin.py:190} INFO - [2026-03-19T22:54:55.745+0000] {dag.py:4180} INFO - Setting next_dagrun for consume_1_or_2_with_dataset_expressions to None, run_after=None
[2026-03-19T22:54:55.747+0000] {logging_mixin.py:190} INFO - [2026-03-19T22:54:55.747+0000] {dag.py:4180} INFO - Setting next_dagrun for consume_1_or_both_2_and_3_with_dataset_expressions to None, run_after=None
[2026-03-19T22:54:55.749+0000] {logging_mixin.py:190} INFO - [2026-03-19T22:54:55.749+0000] {dag.py:4180} INFO - Setting next_dagrun for dataset_consumes_1 to None, run_after=None
[2026-03-19T22:54:55.750+0000] {logging_mixin.py:190} INFO - [2026-03-19T22:54:55.750+0000] {dag.py:4180} INFO - Setting next_dagrun for dataset_consumes_1_and_2 to None, run_after=None
[2026-03-19T22:54:55.751+0000] {logging_mixin.py:190} INFO - [2026-03-19T22:54:55.751+0000] {dag.py:4180} INFO - Setting next_dagrun for dataset_consumes_1_never_scheduled to None, run_after=None
[2026-03-19T22:54:55.752+0000] {logging_mixin.py:190} INFO - [2026-03-19T22:54:55.752+0000] {dag.py:4180} INFO - Setting next_dagrun for dataset_consumes_unknown_never_scheduled to None, run_after=None
[2026-03-19T22:54:55.754+0000] {logging_mixin.py:190} INFO - [2026-03-19T22:54:55.754+0000] {dag.py:4180} INFO - Setting next_dagrun for dataset_produces_1 to 2026-03-18 00:00:00+00:00, run_after=2026-03-19 00:00:00+00:00
[2026-03-19T22:54:55.755+0000] {logging_mixin.py:190} INFO - [2026-03-19T22:54:55.755+0000] {dag.py:4180} INFO - Setting next_dagrun for dataset_produces_2 to None, run_after=None
[2026-03-19T22:54:55.788+0000] {processor.py:208} INFO - Processing /home/airflow/.local/lib/python3.12/site-packages/airflow/example_dags/example_datasets.py took 0.565 seconds
[2026-03-19T22:55:26.463+0000] {processor.py:186} INFO - Started process (PID=932) to work on /home/airflow/.local/lib/python3.12/site-packages/airflow/example_dags/example_datasets.py
[2026-03-19T22:55:26.464+0000] {processor.py:914} INFO - Processing file /home/airflow/.local/lib/python3.12/site-packages/airflow/example_dags/example_datasets.py for tasks to queue
[2026-03-19T22:55:26.466+0000] {logging_mixin.py:190} INFO - [2026-03-19T22:55:26.466+0000] {dagbag.py:588} INFO - Filling up the DagBag from /home/airflow/.local/lib/python3.12/site-packages/airflow/example_dags/example_datasets.py
[2026-03-19T22:55:26.934+0000] {processor.py:925} INFO - DAG(s) 'dataset_consumes_1', 'dataset_produces_2', 'consume_1_or_2_with_dataset_expressions', 'consume_1_or_both_2_and_3_with_dataset_expressions', 'conditional_dataset_and_time_based_timetable', 'dataset_consumes_1_never_scheduled', 'dataset_consumes_unknown_never_scheduled', 'consume_1_and_2_with_dataset_expressions', 'dataset_consumes_1_and_2', 'dataset_produces_1' retrieved from /home/airflow/.local/lib/python3.12/site-packages/airflow/example_dags/example_datasets.py
[2026-03-19T22:55:26.966+0000] {logging_mixin.py:190} INFO - [2026-03-19T22:55:26.966+0000] {dag.py:3239} INFO - Sync 10 DAGs
[2026-03-19T22:55:26.987+0000] {logging_mixin.py:190} INFO - [2026-03-19T22:55:26.987+0000] {dag.py:4180} INFO - Setting next_dagrun for conditional_dataset_and_time_based_timetable to 2026-03-18 01:00:00+00:00, run_after=2026-03-18 01:00:00+00:00
[2026-03-19T22:55:26.990+0000] {logging_mixin.py:190} INFO - [2026-03-19T22:55:26.990+0000] {dag.py:4180} INFO - Setting next_dagrun for consume_1_and_2_with_dataset_expressions to None, run_after=None
[2026-03-19T22:55:26.992+0000] {logging_mixin.py:190} INFO - [2026-03-19T22:55:26.992+0000] {dag.py:4180} INFO - Setting next_dagrun for consume_1_or_2_with_dataset_expressions to None, run_after=None
[2026-03-19T22:55:26.993+0000] {logging_mixin.py:190} INFO - [2026-03-19T22:55:26.993+0000] {dag.py:4180} INFO - Setting next_dagrun for consume_1_or_both_2_and_3_with_dataset_expressions to None, run_after=None
[2026-03-19T22:55:26.994+0000] {logging_mixin.py:190} INFO - [2026-03-19T22:55:26.994+0000] {dag.py:4180} INFO - Setting next_dagrun for dataset_consumes_1 to None, run_after=None
[2026-03-19T22:55:26.995+0000] {logging_mixin.py:190} INFO - [2026-03-19T22:55:26.995+0000] {dag.py:4180} INFO - Setting next_dagrun for dataset_consumes_1_and_2 to None, run_after=None
[2026-03-19T22:55:26.996+0000] {logging_mixin.py:190} INFO - [2026-03-19T22:55:26.996+0000] {dag.py:4180} INFO - Setting next_dagrun for dataset_consumes_1_never_scheduled to None, run_after=None
[2026-03-19T22:55:26.998+0000] {logging_mixin.py:190} INFO - [2026-03-19T22:55:26.997+0000] {dag.py:4180} INFO - Setting next_dagrun for dataset_consumes_unknown_never_scheduled to None, run_after=None
[2026-03-19T22:55:27.000+0000] {logging_mixin.py:190} INFO - [2026-03-19T22:55:27.000+0000] {dag.py:4180} INFO - Setting next_dagrun for dataset_produces_1 to 2026-03-18 00:00:00+00:00, run_after=2026-03-19 00:00:00+00:00
[2026-03-19T22:55:27.001+0000] {logging_mixin.py:190} INFO - [2026-03-19T22:55:27.001+0000] {dag.py:4180} INFO - Setting next_dagrun for dataset_produces_2 to None, run_after=None
[2026-03-19T22:55:27.037+0000] {processor.py:208} INFO - Processing /home/airflow/.local/lib/python3.12/site-packages/airflow/example_dags/example_datasets.py took 0.579 seconds
