[2026-03-19T22:37:05.804+0000] {processor.py:186} INFO - Started process (PID=90) to work on /home/airflow/.local/lib/python3.12/site-packages/airflow/example_dags/example_display_name.py
[2026-03-19T22:37:05.807+0000] {processor.py:914} INFO - Processing file /home/airflow/.local/lib/python3.12/site-packages/airflow/example_dags/example_display_name.py for tasks to queue
[2026-03-19T22:37:05.812+0000] {logging_mixin.py:190} INFO - [2026-03-19T22:37:05.812+0000] {dagbag.py:588} INFO - Filling up the DagBag from /home/airflow/.local/lib/python3.12/site-packages/airflow/example_dags/example_display_name.py
[2026-03-19T22:37:05.826+0000] {processor.py:925} INFO - DAG(s) 'example_display_name' retrieved from /home/airflow/.local/lib/python3.12/site-packages/airflow/example_dags/example_display_name.py
[2026-03-19T22:37:06.008+0000] {logging_mixin.py:190} INFO - [2026-03-19T22:37:06.007+0000] {override.py:1911} INFO - Created Permission View: can read on DAG:example_display_name
[2026-03-19T22:37:06.028+0000] {logging_mixin.py:190} INFO - [2026-03-19T22:37:06.028+0000] {override.py:1911} INFO - Created Permission View: can delete on DAG:example_display_name
[2026-03-19T22:37:06.043+0000] {logging_mixin.py:190} INFO - [2026-03-19T22:37:06.042+0000] {override.py:1911} INFO - Created Permission View: can edit on DAG:example_display_name
[2026-03-19T22:37:06.067+0000] {logging_mixin.py:190} INFO - [2026-03-19T22:37:06.066+0000] {override.py:1911} INFO - Created Permission View: can read on DAG Run:example_display_name
[2026-03-19T22:37:06.083+0000] {logging_mixin.py:190} INFO - [2026-03-19T22:37:06.083+0000] {override.py:1911} INFO - Created Permission View: can create on DAG Run:example_display_name
[2026-03-19T22:37:06.099+0000] {logging_mixin.py:190} INFO - [2026-03-19T22:37:06.098+0000] {override.py:1911} INFO - Created Permission View: menu access on DAG Run:example_display_name
[2026-03-19T22:37:06.116+0000] {logging_mixin.py:190} INFO - [2026-03-19T22:37:06.116+0000] {override.py:1911} INFO - Created Permission View: can delete on DAG Run:example_display_name
[2026-03-19T22:37:06.117+0000] {logging_mixin.py:190} INFO - [2026-03-19T22:37:06.117+0000] {dag.py:3239} INFO - Sync 1 DAGs
[2026-03-19T22:37:06.142+0000] {logging_mixin.py:190} INFO - [2026-03-19T22:37:06.142+0000] {dag.py:3262} INFO - Creating ORM DAG for example_display_name
[2026-03-19T22:37:06.144+0000] {logging_mixin.py:190} INFO - [2026-03-19T22:37:06.143+0000] {dag.py:4180} INFO - Setting next_dagrun for example_display_name to None, run_after=None
[2026-03-19T22:37:06.174+0000] {processor.py:208} INFO - Processing /home/airflow/.local/lib/python3.12/site-packages/airflow/example_dags/example_display_name.py took 0.377 seconds
[2026-03-19T22:40:42.557+0000] {processor.py:186} INFO - Started process (PID=148) to work on /home/airflow/.local/lib/python3.12/site-packages/airflow/example_dags/example_display_name.py
[2026-03-19T22:40:42.559+0000] {processor.py:914} INFO - Processing file /home/airflow/.local/lib/python3.12/site-packages/airflow/example_dags/example_display_name.py for tasks to queue
[2026-03-19T22:40:42.563+0000] {logging_mixin.py:190} INFO - [2026-03-19T22:40:42.562+0000] {dagbag.py:588} INFO - Filling up the DagBag from /home/airflow/.local/lib/python3.12/site-packages/airflow/example_dags/example_display_name.py
[2026-03-19T22:40:42.594+0000] {processor.py:925} INFO - DAG(s) 'example_display_name' retrieved from /home/airflow/.local/lib/python3.12/site-packages/airflow/example_dags/example_display_name.py
[2026-03-19T22:40:42.664+0000] {logging_mixin.py:190} INFO - [2026-03-19T22:40:42.664+0000] {dag.py:3239} INFO - Sync 1 DAGs
[2026-03-19T22:40:42.687+0000] {logging_mixin.py:190} INFO - [2026-03-19T22:40:42.687+0000] {dag.py:4180} INFO - Setting next_dagrun for example_display_name to None, run_after=None
[2026-03-19T22:40:42.712+0000] {processor.py:208} INFO - Processing /home/airflow/.local/lib/python3.12/site-packages/airflow/example_dags/example_display_name.py took 0.165 seconds
[2026-03-19T22:47:45.257+0000] {processor.py:186} INFO - Started process (PID=90) to work on /home/airflow/.local/lib/python3.12/site-packages/airflow/example_dags/example_display_name.py
[2026-03-19T22:47:45.260+0000] {processor.py:914} INFO - Processing file /home/airflow/.local/lib/python3.12/site-packages/airflow/example_dags/example_display_name.py for tasks to queue
[2026-03-19T22:47:45.262+0000] {logging_mixin.py:190} INFO - [2026-03-19T22:47:45.262+0000] {dagbag.py:588} INFO - Filling up the DagBag from /home/airflow/.local/lib/python3.12/site-packages/airflow/example_dags/example_display_name.py
[2026-03-19T22:47:45.269+0000] {processor.py:925} INFO - DAG(s) 'example_display_name' retrieved from /home/airflow/.local/lib/python3.12/site-packages/airflow/example_dags/example_display_name.py
[2026-03-19T22:47:45.363+0000] {logging_mixin.py:190} INFO - [2026-03-19T22:47:45.362+0000] {override.py:1911} INFO - Created Permission View: can delete on DAG:example_display_name
[2026-03-19T22:47:45.373+0000] {logging_mixin.py:190} INFO - [2026-03-19T22:47:45.373+0000] {override.py:1911} INFO - Created Permission View: can edit on DAG:example_display_name
[2026-03-19T22:47:45.381+0000] {logging_mixin.py:190} INFO - [2026-03-19T22:47:45.381+0000] {override.py:1911} INFO - Created Permission View: can read on DAG:example_display_name
[2026-03-19T22:47:45.398+0000] {logging_mixin.py:190} INFO - [2026-03-19T22:47:45.397+0000] {override.py:1911} INFO - Created Permission View: can create on DAG Run:example_display_name
[2026-03-19T22:47:45.408+0000] {logging_mixin.py:190} INFO - [2026-03-19T22:47:45.407+0000] {override.py:1911} INFO - Created Permission View: can delete on DAG Run:example_display_name
[2026-03-19T22:47:45.419+0000] {logging_mixin.py:190} INFO - [2026-03-19T22:47:45.419+0000] {override.py:1911} INFO - Created Permission View: menu access on DAG Run:example_display_name
[2026-03-19T22:47:45.436+0000] {logging_mixin.py:190} INFO - [2026-03-19T22:47:45.436+0000] {override.py:1911} INFO - Created Permission View: can read on DAG Run:example_display_name
[2026-03-19T22:47:45.437+0000] {logging_mixin.py:190} INFO - [2026-03-19T22:47:45.436+0000] {dag.py:3239} INFO - Sync 1 DAGs
[2026-03-19T22:47:45.449+0000] {logging_mixin.py:190} INFO - [2026-03-19T22:47:45.448+0000] {dag.py:3262} INFO - Creating ORM DAG for example_display_name
[2026-03-19T22:47:45.449+0000] {logging_mixin.py:190} INFO - [2026-03-19T22:47:45.449+0000] {dag.py:4180} INFO - Setting next_dagrun for example_display_name to None, run_after=None
[2026-03-19T22:47:45.468+0000] {processor.py:208} INFO - Processing /home/airflow/.local/lib/python3.12/site-packages/airflow/example_dags/example_display_name.py took 0.216 seconds
[2026-03-19T22:48:15.659+0000] {processor.py:186} INFO - Started process (PID=148) to work on /home/airflow/.local/lib/python3.12/site-packages/airflow/example_dags/example_display_name.py
[2026-03-19T22:48:15.659+0000] {processor.py:914} INFO - Processing file /home/airflow/.local/lib/python3.12/site-packages/airflow/example_dags/example_display_name.py for tasks to queue
[2026-03-19T22:48:15.661+0000] {logging_mixin.py:190} INFO - [2026-03-19T22:48:15.661+0000] {dagbag.py:588} INFO - Filling up the DagBag from /home/airflow/.local/lib/python3.12/site-packages/airflow/example_dags/example_display_name.py
[2026-03-19T22:48:15.668+0000] {processor.py:925} INFO - DAG(s) 'example_display_name' retrieved from /home/airflow/.local/lib/python3.12/site-packages/airflow/example_dags/example_display_name.py
[2026-03-19T22:48:15.683+0000] {logging_mixin.py:190} INFO - [2026-03-19T22:48:15.683+0000] {dag.py:3239} INFO - Sync 1 DAGs
[2026-03-19T22:48:15.695+0000] {logging_mixin.py:190} INFO - [2026-03-19T22:48:15.695+0000] {dag.py:4180} INFO - Setting next_dagrun for example_display_name to None, run_after=None
[2026-03-19T22:48:15.716+0000] {processor.py:208} INFO - Processing /home/airflow/.local/lib/python3.12/site-packages/airflow/example_dags/example_display_name.py took 0.062 seconds
[2026-03-19T22:48:46.200+0000] {processor.py:186} INFO - Started process (PID=206) to work on /home/airflow/.local/lib/python3.12/site-packages/airflow/example_dags/example_display_name.py
[2026-03-19T22:48:46.200+0000] {processor.py:914} INFO - Processing file /home/airflow/.local/lib/python3.12/site-packages/airflow/example_dags/example_display_name.py for tasks to queue
[2026-03-19T22:48:46.202+0000] {logging_mixin.py:190} INFO - [2026-03-19T22:48:46.202+0000] {dagbag.py:588} INFO - Filling up the DagBag from /home/airflow/.local/lib/python3.12/site-packages/airflow/example_dags/example_display_name.py
[2026-03-19T22:48:46.209+0000] {processor.py:925} INFO - DAG(s) 'example_display_name' retrieved from /home/airflow/.local/lib/python3.12/site-packages/airflow/example_dags/example_display_name.py
[2026-03-19T22:48:46.225+0000] {logging_mixin.py:190} INFO - [2026-03-19T22:48:46.224+0000] {dag.py:3239} INFO - Sync 1 DAGs
[2026-03-19T22:48:46.237+0000] {logging_mixin.py:190} INFO - [2026-03-19T22:48:46.237+0000] {dag.py:4180} INFO - Setting next_dagrun for example_display_name to None, run_after=None
[2026-03-19T22:48:46.256+0000] {processor.py:208} INFO - Processing /home/airflow/.local/lib/python3.12/site-packages/airflow/example_dags/example_display_name.py took 0.061 seconds
[2026-03-19T22:49:16.773+0000] {processor.py:186} INFO - Started process (PID=264) to work on /home/airflow/.local/lib/python3.12/site-packages/airflow/example_dags/example_display_name.py
[2026-03-19T22:49:16.774+0000] {processor.py:914} INFO - Processing file /home/airflow/.local/lib/python3.12/site-packages/airflow/example_dags/example_display_name.py for tasks to queue
[2026-03-19T22:49:16.776+0000] {logging_mixin.py:190} INFO - [2026-03-19T22:49:16.776+0000] {dagbag.py:588} INFO - Filling up the DagBag from /home/airflow/.local/lib/python3.12/site-packages/airflow/example_dags/example_display_name.py
[2026-03-19T22:49:16.782+0000] {processor.py:925} INFO - DAG(s) 'example_display_name' retrieved from /home/airflow/.local/lib/python3.12/site-packages/airflow/example_dags/example_display_name.py
[2026-03-19T22:49:16.798+0000] {logging_mixin.py:190} INFO - [2026-03-19T22:49:16.798+0000] {dag.py:3239} INFO - Sync 1 DAGs
[2026-03-19T22:49:16.811+0000] {logging_mixin.py:190} INFO - [2026-03-19T22:49:16.811+0000] {dag.py:4180} INFO - Setting next_dagrun for example_display_name to None, run_after=None
[2026-03-19T22:49:16.830+0000] {processor.py:208} INFO - Processing /home/airflow/.local/lib/python3.12/site-packages/airflow/example_dags/example_display_name.py took 0.062 seconds
[2026-03-19T22:49:47.079+0000] {processor.py:186} INFO - Started process (PID=322) to work on /home/airflow/.local/lib/python3.12/site-packages/airflow/example_dags/example_display_name.py
[2026-03-19T22:49:47.080+0000] {processor.py:914} INFO - Processing file /home/airflow/.local/lib/python3.12/site-packages/airflow/example_dags/example_display_name.py for tasks to queue
[2026-03-19T22:49:47.082+0000] {logging_mixin.py:190} INFO - [2026-03-19T22:49:47.081+0000] {dagbag.py:588} INFO - Filling up the DagBag from /home/airflow/.local/lib/python3.12/site-packages/airflow/example_dags/example_display_name.py
[2026-03-19T22:49:47.088+0000] {processor.py:925} INFO - DAG(s) 'example_display_name' retrieved from /home/airflow/.local/lib/python3.12/site-packages/airflow/example_dags/example_display_name.py
[2026-03-19T22:49:47.103+0000] {logging_mixin.py:190} INFO - [2026-03-19T22:49:47.103+0000] {dag.py:3239} INFO - Sync 1 DAGs
[2026-03-19T22:49:47.115+0000] {logging_mixin.py:190} INFO - [2026-03-19T22:49:47.114+0000] {dag.py:4180} INFO - Setting next_dagrun for example_display_name to None, run_after=None
[2026-03-19T22:49:47.133+0000] {processor.py:208} INFO - Processing /home/airflow/.local/lib/python3.12/site-packages/airflow/example_dags/example_display_name.py took 0.059 seconds
[2026-03-19T22:50:17.594+0000] {processor.py:186} INFO - Started process (PID=382) to work on /home/airflow/.local/lib/python3.12/site-packages/airflow/example_dags/example_display_name.py
[2026-03-19T22:50:17.595+0000] {processor.py:914} INFO - Processing file /home/airflow/.local/lib/python3.12/site-packages/airflow/example_dags/example_display_name.py for tasks to queue
[2026-03-19T22:50:17.597+0000] {logging_mixin.py:190} INFO - [2026-03-19T22:50:17.597+0000] {dagbag.py:588} INFO - Filling up the DagBag from /home/airflow/.local/lib/python3.12/site-packages/airflow/example_dags/example_display_name.py
[2026-03-19T22:50:17.604+0000] {processor.py:925} INFO - DAG(s) 'example_display_name' retrieved from /home/airflow/.local/lib/python3.12/site-packages/airflow/example_dags/example_display_name.py
[2026-03-19T22:50:17.618+0000] {logging_mixin.py:190} INFO - [2026-03-19T22:50:17.618+0000] {dag.py:3239} INFO - Sync 1 DAGs
[2026-03-19T22:50:17.630+0000] {logging_mixin.py:190} INFO - [2026-03-19T22:50:17.630+0000] {dag.py:4180} INFO - Setting next_dagrun for example_display_name to None, run_after=None
[2026-03-19T22:50:17.648+0000] {processor.py:208} INFO - Processing /home/airflow/.local/lib/python3.12/site-packages/airflow/example_dags/example_display_name.py took 0.058 seconds
[2026-03-19T22:50:48.995+0000] {processor.py:186} INFO - Started process (PID=440) to work on /home/airflow/.local/lib/python3.12/site-packages/airflow/example_dags/example_display_name.py
[2026-03-19T22:50:48.996+0000] {processor.py:914} INFO - Processing file /home/airflow/.local/lib/python3.12/site-packages/airflow/example_dags/example_display_name.py for tasks to queue
[2026-03-19T22:50:48.998+0000] {logging_mixin.py:190} INFO - [2026-03-19T22:50:48.998+0000] {dagbag.py:588} INFO - Filling up the DagBag from /home/airflow/.local/lib/python3.12/site-packages/airflow/example_dags/example_display_name.py
[2026-03-19T22:50:49.004+0000] {processor.py:925} INFO - DAG(s) 'example_display_name' retrieved from /home/airflow/.local/lib/python3.12/site-packages/airflow/example_dags/example_display_name.py
[2026-03-19T22:50:49.020+0000] {logging_mixin.py:190} INFO - [2026-03-19T22:50:49.020+0000] {dag.py:3239} INFO - Sync 1 DAGs
[2026-03-19T22:50:49.033+0000] {logging_mixin.py:190} INFO - [2026-03-19T22:50:49.033+0000] {dag.py:4180} INFO - Setting next_dagrun for example_display_name to None, run_after=None
[2026-03-19T22:50:49.051+0000] {processor.py:208} INFO - Processing /home/airflow/.local/lib/python3.12/site-packages/airflow/example_dags/example_display_name.py took 0.061 seconds
[2026-03-19T22:51:19.892+0000] {processor.py:186} INFO - Started process (PID=498) to work on /home/airflow/.local/lib/python3.12/site-packages/airflow/example_dags/example_display_name.py
[2026-03-19T22:51:19.893+0000] {processor.py:914} INFO - Processing file /home/airflow/.local/lib/python3.12/site-packages/airflow/example_dags/example_display_name.py for tasks to queue
[2026-03-19T22:51:19.895+0000] {logging_mixin.py:190} INFO - [2026-03-19T22:51:19.895+0000] {dagbag.py:588} INFO - Filling up the DagBag from /home/airflow/.local/lib/python3.12/site-packages/airflow/example_dags/example_display_name.py
[2026-03-19T22:51:19.903+0000] {processor.py:925} INFO - DAG(s) 'example_display_name' retrieved from /home/airflow/.local/lib/python3.12/site-packages/airflow/example_dags/example_display_name.py
[2026-03-19T22:51:19.919+0000] {logging_mixin.py:190} INFO - [2026-03-19T22:51:19.919+0000] {dag.py:3239} INFO - Sync 1 DAGs
[2026-03-19T22:51:19.932+0000] {logging_mixin.py:190} INFO - [2026-03-19T22:51:19.932+0000] {dag.py:4180} INFO - Setting next_dagrun for example_display_name to None, run_after=None
[2026-03-19T22:51:19.952+0000] {processor.py:208} INFO - Processing /home/airflow/.local/lib/python3.12/site-packages/airflow/example_dags/example_display_name.py took 0.065 seconds
[2026-03-19T22:51:50.120+0000] {processor.py:186} INFO - Started process (PID=556) to work on /home/airflow/.local/lib/python3.12/site-packages/airflow/example_dags/example_display_name.py
[2026-03-19T22:51:50.121+0000] {processor.py:914} INFO - Processing file /home/airflow/.local/lib/python3.12/site-packages/airflow/example_dags/example_display_name.py for tasks to queue
[2026-03-19T22:51:50.122+0000] {logging_mixin.py:190} INFO - [2026-03-19T22:51:50.122+0000] {dagbag.py:588} INFO - Filling up the DagBag from /home/airflow/.local/lib/python3.12/site-packages/airflow/example_dags/example_display_name.py
[2026-03-19T22:51:50.129+0000] {processor.py:925} INFO - DAG(s) 'example_display_name' retrieved from /home/airflow/.local/lib/python3.12/site-packages/airflow/example_dags/example_display_name.py
[2026-03-19T22:51:50.145+0000] {logging_mixin.py:190} INFO - [2026-03-19T22:51:50.145+0000] {dag.py:3239} INFO - Sync 1 DAGs
[2026-03-19T22:51:50.158+0000] {logging_mixin.py:190} INFO - [2026-03-19T22:51:50.158+0000] {dag.py:4180} INFO - Setting next_dagrun for example_display_name to None, run_after=None
[2026-03-19T22:51:50.180+0000] {processor.py:208} INFO - Processing /home/airflow/.local/lib/python3.12/site-packages/airflow/example_dags/example_display_name.py took 0.065 seconds
[2026-03-19T22:52:20.851+0000] {processor.py:186} INFO - Started process (PID=614) to work on /home/airflow/.local/lib/python3.12/site-packages/airflow/example_dags/example_display_name.py
[2026-03-19T22:52:20.851+0000] {processor.py:914} INFO - Processing file /home/airflow/.local/lib/python3.12/site-packages/airflow/example_dags/example_display_name.py for tasks to queue
[2026-03-19T22:52:20.853+0000] {logging_mixin.py:190} INFO - [2026-03-19T22:52:20.853+0000] {dagbag.py:588} INFO - Filling up the DagBag from /home/airflow/.local/lib/python3.12/site-packages/airflow/example_dags/example_display_name.py
[2026-03-19T22:52:20.860+0000] {processor.py:925} INFO - DAG(s) 'example_display_name' retrieved from /home/airflow/.local/lib/python3.12/site-packages/airflow/example_dags/example_display_name.py
[2026-03-19T22:52:20.876+0000] {logging_mixin.py:190} INFO - [2026-03-19T22:52:20.875+0000] {dag.py:3239} INFO - Sync 1 DAGs
[2026-03-19T22:52:20.888+0000] {logging_mixin.py:190} INFO - [2026-03-19T22:52:20.888+0000] {dag.py:4180} INFO - Setting next_dagrun for example_display_name to None, run_after=None
[2026-03-19T22:52:20.907+0000] {processor.py:208} INFO - Processing /home/airflow/.local/lib/python3.12/site-packages/airflow/example_dags/example_display_name.py took 0.061 seconds
[2026-03-19T22:52:52.146+0000] {processor.py:186} INFO - Started process (PID=672) to work on /home/airflow/.local/lib/python3.12/site-packages/airflow/example_dags/example_display_name.py
[2026-03-19T22:52:52.147+0000] {processor.py:914} INFO - Processing file /home/airflow/.local/lib/python3.12/site-packages/airflow/example_dags/example_display_name.py for tasks to queue
[2026-03-19T22:52:52.149+0000] {logging_mixin.py:190} INFO - [2026-03-19T22:52:52.149+0000] {dagbag.py:588} INFO - Filling up the DagBag from /home/airflow/.local/lib/python3.12/site-packages/airflow/example_dags/example_display_name.py
[2026-03-19T22:52:52.155+0000] {processor.py:925} INFO - DAG(s) 'example_display_name' retrieved from /home/airflow/.local/lib/python3.12/site-packages/airflow/example_dags/example_display_name.py
[2026-03-19T22:52:52.172+0000] {logging_mixin.py:190} INFO - [2026-03-19T22:52:52.171+0000] {dag.py:3239} INFO - Sync 1 DAGs
[2026-03-19T22:52:52.184+0000] {logging_mixin.py:190} INFO - [2026-03-19T22:52:52.184+0000] {dag.py:4180} INFO - Setting next_dagrun for example_display_name to None, run_after=None
[2026-03-19T22:52:52.205+0000] {processor.py:208} INFO - Processing /home/airflow/.local/lib/python3.12/site-packages/airflow/example_dags/example_display_name.py took 0.064 seconds
[2026-03-19T22:53:23.532+0000] {processor.py:186} INFO - Started process (PID=729) to work on /home/airflow/.local/lib/python3.12/site-packages/airflow/example_dags/example_display_name.py
[2026-03-19T22:53:23.533+0000] {processor.py:914} INFO - Processing file /home/airflow/.local/lib/python3.12/site-packages/airflow/example_dags/example_display_name.py for tasks to queue
[2026-03-19T22:53:23.535+0000] {logging_mixin.py:190} INFO - [2026-03-19T22:53:23.534+0000] {dagbag.py:588} INFO - Filling up the DagBag from /home/airflow/.local/lib/python3.12/site-packages/airflow/example_dags/example_display_name.py
[2026-03-19T22:53:23.541+0000] {processor.py:925} INFO - DAG(s) 'example_display_name' retrieved from /home/airflow/.local/lib/python3.12/site-packages/airflow/example_dags/example_display_name.py
[2026-03-19T22:53:23.557+0000] {logging_mixin.py:190} INFO - [2026-03-19T22:53:23.557+0000] {dag.py:3239} INFO - Sync 1 DAGs
[2026-03-19T22:53:23.570+0000] {logging_mixin.py:190} INFO - [2026-03-19T22:53:23.570+0000] {dag.py:4180} INFO - Setting next_dagrun for example_display_name to None, run_after=None
[2026-03-19T22:53:23.591+0000] {processor.py:208} INFO - Processing /home/airflow/.local/lib/python3.12/site-packages/airflow/example_dags/example_display_name.py took 0.064 seconds
[2026-03-19T22:53:55.213+0000] {processor.py:186} INFO - Started process (PID=788) to work on /home/airflow/.local/lib/python3.12/site-packages/airflow/example_dags/example_display_name.py
[2026-03-19T22:53:55.214+0000] {processor.py:914} INFO - Processing file /home/airflow/.local/lib/python3.12/site-packages/airflow/example_dags/example_display_name.py for tasks to queue
[2026-03-19T22:53:55.216+0000] {logging_mixin.py:190} INFO - [2026-03-19T22:53:55.215+0000] {dagbag.py:588} INFO - Filling up the DagBag from /home/airflow/.local/lib/python3.12/site-packages/airflow/example_dags/example_display_name.py
[2026-03-19T22:53:55.222+0000] {processor.py:925} INFO - DAG(s) 'example_display_name' retrieved from /home/airflow/.local/lib/python3.12/site-packages/airflow/example_dags/example_display_name.py
[2026-03-19T22:53:55.239+0000] {logging_mixin.py:190} INFO - [2026-03-19T22:53:55.239+0000] {dag.py:3239} INFO - Sync 1 DAGs
[2026-03-19T22:53:55.252+0000] {logging_mixin.py:190} INFO - [2026-03-19T22:53:55.252+0000] {dag.py:4180} INFO - Setting next_dagrun for example_display_name to None, run_after=None
[2026-03-19T22:53:55.271+0000] {processor.py:208} INFO - Processing /home/airflow/.local/lib/python3.12/site-packages/airflow/example_dags/example_display_name.py took 0.063 seconds
[2026-03-19T22:54:26.474+0000] {processor.py:186} INFO - Started process (PID=846) to work on /home/airflow/.local/lib/python3.12/site-packages/airflow/example_dags/example_display_name.py
[2026-03-19T22:54:26.475+0000] {processor.py:914} INFO - Processing file /home/airflow/.local/lib/python3.12/site-packages/airflow/example_dags/example_display_name.py for tasks to queue
[2026-03-19T22:54:26.477+0000] {logging_mixin.py:190} INFO - [2026-03-19T22:54:26.476+0000] {dagbag.py:588} INFO - Filling up the DagBag from /home/airflow/.local/lib/python3.12/site-packages/airflow/example_dags/example_display_name.py
[2026-03-19T22:54:26.483+0000] {processor.py:925} INFO - DAG(s) 'example_display_name' retrieved from /home/airflow/.local/lib/python3.12/site-packages/airflow/example_dags/example_display_name.py
[2026-03-19T22:54:26.498+0000] {logging_mixin.py:190} INFO - [2026-03-19T22:54:26.498+0000] {dag.py:3239} INFO - Sync 1 DAGs
[2026-03-19T22:54:26.511+0000] {logging_mixin.py:190} INFO - [2026-03-19T22:54:26.510+0000] {dag.py:4180} INFO - Setting next_dagrun for example_display_name to None, run_after=None
[2026-03-19T22:54:26.529+0000] {processor.py:208} INFO - Processing /home/airflow/.local/lib/python3.12/site-packages/airflow/example_dags/example_display_name.py took 0.061 seconds
[2026-03-19T22:54:57.733+0000] {processor.py:186} INFO - Started process (PID=904) to work on /home/airflow/.local/lib/python3.12/site-packages/airflow/example_dags/example_display_name.py
[2026-03-19T22:54:57.734+0000] {processor.py:914} INFO - Processing file /home/airflow/.local/lib/python3.12/site-packages/airflow/example_dags/example_display_name.py for tasks to queue
[2026-03-19T22:54:57.736+0000] {logging_mixin.py:190} INFO - [2026-03-19T22:54:57.735+0000] {dagbag.py:588} INFO - Filling up the DagBag from /home/airflow/.local/lib/python3.12/site-packages/airflow/example_dags/example_display_name.py
[2026-03-19T22:54:57.742+0000] {processor.py:925} INFO - DAG(s) 'example_display_name' retrieved from /home/airflow/.local/lib/python3.12/site-packages/airflow/example_dags/example_display_name.py
[2026-03-19T22:54:57.759+0000] {logging_mixin.py:190} INFO - [2026-03-19T22:54:57.759+0000] {dag.py:3239} INFO - Sync 1 DAGs
[2026-03-19T22:54:57.772+0000] {logging_mixin.py:190} INFO - [2026-03-19T22:54:57.772+0000] {dag.py:4180} INFO - Setting next_dagrun for example_display_name to None, run_after=None
[2026-03-19T22:54:57.795+0000] {processor.py:208} INFO - Processing /home/airflow/.local/lib/python3.12/site-packages/airflow/example_dags/example_display_name.py took 0.067 seconds
[2026-03-19T22:55:29.116+0000] {processor.py:186} INFO - Started process (PID=962) to work on /home/airflow/.local/lib/python3.12/site-packages/airflow/example_dags/example_display_name.py
[2026-03-19T22:55:29.116+0000] {processor.py:914} INFO - Processing file /home/airflow/.local/lib/python3.12/site-packages/airflow/example_dags/example_display_name.py for tasks to queue
[2026-03-19T22:55:29.118+0000] {logging_mixin.py:190} INFO - [2026-03-19T22:55:29.118+0000] {dagbag.py:588} INFO - Filling up the DagBag from /home/airflow/.local/lib/python3.12/site-packages/airflow/example_dags/example_display_name.py
[2026-03-19T22:55:29.126+0000] {processor.py:925} INFO - DAG(s) 'example_display_name' retrieved from /home/airflow/.local/lib/python3.12/site-packages/airflow/example_dags/example_display_name.py
[2026-03-19T22:55:29.143+0000] {logging_mixin.py:190} INFO - [2026-03-19T22:55:29.142+0000] {dag.py:3239} INFO - Sync 1 DAGs
[2026-03-19T22:55:29.155+0000] {logging_mixin.py:190} INFO - [2026-03-19T22:55:29.155+0000] {dag.py:4180} INFO - Setting next_dagrun for example_display_name to None, run_after=None
[2026-03-19T22:55:29.176+0000] {processor.py:208} INFO - Processing /home/airflow/.local/lib/python3.12/site-packages/airflow/example_dags/example_display_name.py took 0.065 seconds
