[2026-03-19T22:36:42.022+0000] {processor.py:186} INFO - Started process (PID=54) to work on /home/airflow/.local/lib/python3.12/site-packages/airflow/example_dags/tutorial_objectstorage.py
[2026-03-19T22:36:42.023+0000] {processor.py:914} INFO - Processing file /home/airflow/.local/lib/python3.12/site-packages/airflow/example_dags/tutorial_objectstorage.py for tasks to queue
[2026-03-19T22:36:42.025+0000] {logging_mixin.py:190} INFO - [2026-03-19T22:36:42.025+0000] {dagbag.py:588} INFO - Filling up the DagBag from /home/airflow/.local/lib/python3.12/site-packages/airflow/example_dags/tutorial_objectstorage.py
[2026-03-19T22:36:42.040+0000] {processor.py:925} INFO - DAG(s) 'tutorial_objectstorage' retrieved from /home/airflow/.local/lib/python3.12/site-packages/airflow/example_dags/tutorial_objectstorage.py
[2026-03-19T22:36:42.242+0000] {logging_mixin.py:190} INFO - [2026-03-19T22:36:42.241+0000] {override.py:1911} INFO - Created Permission View: can read on DAG:tutorial_objectstorage
[2026-03-19T22:36:42.293+0000] {logging_mixin.py:190} INFO - [2026-03-19T22:36:42.293+0000] {override.py:1911} INFO - Created Permission View: can delete on DAG:tutorial_objectstorage
[2026-03-19T22:36:42.364+0000] {logging_mixin.py:190} INFO - [2026-03-19T22:36:42.364+0000] {override.py:1911} INFO - Created Permission View: can edit on DAG:tutorial_objectstorage
[2026-03-19T22:36:42.525+0000] {logging_mixin.py:190} INFO - [2026-03-19T22:36:42.524+0000] {override.py:1911} INFO - Created Permission View: can read on DAG Run:tutorial_objectstorage
[2026-03-19T22:36:42.596+0000] {logging_mixin.py:190} INFO - [2026-03-19T22:36:42.596+0000] {override.py:1911} INFO - Created Permission View: can create on DAG Run:tutorial_objectstorage
[2026-03-19T22:36:42.644+0000] {logging_mixin.py:190} INFO - [2026-03-19T22:36:42.643+0000] {override.py:1911} INFO - Created Permission View: menu access on DAG Run:tutorial_objectstorage
[2026-03-19T22:36:42.698+0000] {logging_mixin.py:190} INFO - [2026-03-19T22:36:42.698+0000] {override.py:1911} INFO - Created Permission View: can delete on DAG Run:tutorial_objectstorage
[2026-03-19T22:36:42.699+0000] {logging_mixin.py:190} INFO - [2026-03-19T22:36:42.699+0000] {dag.py:3239} INFO - Sync 1 DAGs
[2026-03-19T22:36:42.717+0000] {logging_mixin.py:190} INFO - [2026-03-19T22:36:42.716+0000] {dag.py:3262} INFO - Creating ORM DAG for tutorial_objectstorage
[2026-03-19T22:36:42.718+0000] {logging_mixin.py:190} INFO - [2026-03-19T22:36:42.718+0000] {dag.py:4180} INFO - Setting next_dagrun for tutorial_objectstorage to None, run_after=None
[2026-03-19T22:36:42.771+0000] {processor.py:208} INFO - Processing /home/airflow/.local/lib/python3.12/site-packages/airflow/example_dags/tutorial_objectstorage.py took 0.757 seconds
[2026-03-19T22:37:12.884+0000] {processor.py:186} INFO - Started process (PID=111) to work on /home/airflow/.local/lib/python3.12/site-packages/airflow/example_dags/tutorial_objectstorage.py
[2026-03-19T22:37:12.887+0000] {processor.py:914} INFO - Processing file /home/airflow/.local/lib/python3.12/site-packages/airflow/example_dags/tutorial_objectstorage.py for tasks to queue
[2026-03-19T22:37:12.896+0000] {logging_mixin.py:190} INFO - [2026-03-19T22:37:12.895+0000] {dagbag.py:588} INFO - Filling up the DagBag from /home/airflow/.local/lib/python3.12/site-packages/airflow/example_dags/tutorial_objectstorage.py
[2026-03-19T22:37:12.923+0000] {processor.py:925} INFO - DAG(s) 'tutorial_objectstorage' retrieved from /home/airflow/.local/lib/python3.12/site-packages/airflow/example_dags/tutorial_objectstorage.py
[2026-03-19T22:37:12.960+0000] {logging_mixin.py:190} INFO - [2026-03-19T22:37:12.960+0000] {dag.py:3239} INFO - Sync 1 DAGs
[2026-03-19T22:37:12.995+0000] {logging_mixin.py:190} INFO - [2026-03-19T22:37:12.995+0000] {dag.py:4180} INFO - Setting next_dagrun for tutorial_objectstorage to None, run_after=None
[2026-03-19T22:37:13.040+0000] {processor.py:208} INFO - Processing /home/airflow/.local/lib/python3.12/site-packages/airflow/example_dags/tutorial_objectstorage.py took 0.169 seconds
[2026-03-19T22:40:45.734+0000] {processor.py:186} INFO - Started process (PID=170) to work on /home/airflow/.local/lib/python3.12/site-packages/airflow/example_dags/tutorial_objectstorage.py
[2026-03-19T22:40:45.736+0000] {processor.py:914} INFO - Processing file /home/airflow/.local/lib/python3.12/site-packages/airflow/example_dags/tutorial_objectstorage.py for tasks to queue
[2026-03-19T22:40:45.740+0000] {logging_mixin.py:190} INFO - [2026-03-19T22:40:45.739+0000] {dagbag.py:588} INFO - Filling up the DagBag from /home/airflow/.local/lib/python3.12/site-packages/airflow/example_dags/tutorial_objectstorage.py
[2026-03-19T22:40:45.766+0000] {processor.py:925} INFO - DAG(s) 'tutorial_objectstorage' retrieved from /home/airflow/.local/lib/python3.12/site-packages/airflow/example_dags/tutorial_objectstorage.py
[2026-03-19T22:40:45.802+0000] {logging_mixin.py:190} INFO - [2026-03-19T22:40:45.802+0000] {dag.py:3239} INFO - Sync 1 DAGs
[2026-03-19T22:40:45.825+0000] {logging_mixin.py:190} INFO - [2026-03-19T22:40:45.825+0000] {dag.py:4180} INFO - Setting next_dagrun for tutorial_objectstorage to None, run_after=None
[2026-03-19T22:40:45.854+0000] {processor.py:208} INFO - Processing /home/airflow/.local/lib/python3.12/site-packages/airflow/example_dags/tutorial_objectstorage.py took 0.129 seconds
[2026-03-19T22:45:30.011+0000] {processor.py:186} INFO - Started process (PID=205) to work on /home/airflow/.local/lib/python3.12/site-packages/airflow/example_dags/tutorial_objectstorage.py
[2026-03-19T22:45:30.029+0000] {processor.py:914} INFO - Processing file /home/airflow/.local/lib/python3.12/site-packages/airflow/example_dags/tutorial_objectstorage.py for tasks to queue
[2026-03-19T22:45:30.046+0000] {logging_mixin.py:190} INFO - [2026-03-19T22:45:30.038+0000] {dagbag.py:588} INFO - Filling up the DagBag from /home/airflow/.local/lib/python3.12/site-packages/airflow/example_dags/tutorial_objectstorage.py
[2026-03-19T22:45:30.307+0000] {processor.py:925} INFO - DAG(s) 'tutorial_objectstorage' retrieved from /home/airflow/.local/lib/python3.12/site-packages/airflow/example_dags/tutorial_objectstorage.py
[2026-03-19T22:45:30.831+0000] {logging_mixin.py:190} INFO - [2026-03-19T22:45:30.815+0000] {dag.py:3239} INFO - Sync 1 DAGs
[2026-03-19T22:45:31.135+0000] {logging_mixin.py:190} INFO - [2026-03-19T22:45:31.129+0000] {dag.py:4180} INFO - Setting next_dagrun for tutorial_objectstorage to None, run_after=None
[2026-03-19T22:45:31.308+0000] {processor.py:208} INFO - Processing /home/airflow/.local/lib/python3.12/site-packages/airflow/example_dags/tutorial_objectstorage.py took 1.554 seconds
[2026-03-19T22:47:37.221+0000] {processor.py:186} INFO - Started process (PID=54) to work on /home/airflow/.local/lib/python3.12/site-packages/airflow/example_dags/tutorial_objectstorage.py
[2026-03-19T22:47:37.223+0000] {processor.py:914} INFO - Processing file /home/airflow/.local/lib/python3.12/site-packages/airflow/example_dags/tutorial_objectstorage.py for tasks to queue
[2026-03-19T22:47:37.225+0000] {logging_mixin.py:190} INFO - [2026-03-19T22:47:37.225+0000] {dagbag.py:588} INFO - Filling up the DagBag from /home/airflow/.local/lib/python3.12/site-packages/airflow/example_dags/tutorial_objectstorage.py
[2026-03-19T22:47:37.234+0000] {processor.py:925} INFO - DAG(s) 'tutorial_objectstorage' retrieved from /home/airflow/.local/lib/python3.12/site-packages/airflow/example_dags/tutorial_objectstorage.py
[2026-03-19T22:47:37.331+0000] {logging_mixin.py:190} INFO - [2026-03-19T22:47:37.331+0000] {override.py:1911} INFO - Created Permission View: can delete on DAG:tutorial_objectstorage
[2026-03-19T22:47:37.342+0000] {logging_mixin.py:190} INFO - [2026-03-19T22:47:37.342+0000] {override.py:1911} INFO - Created Permission View: can edit on DAG:tutorial_objectstorage
[2026-03-19T22:47:37.354+0000] {logging_mixin.py:190} INFO - [2026-03-19T22:47:37.354+0000] {override.py:1911} INFO - Created Permission View: can read on DAG:tutorial_objectstorage
[2026-03-19T22:47:37.379+0000] {logging_mixin.py:190} INFO - [2026-03-19T22:47:37.379+0000] {override.py:1911} INFO - Created Permission View: can create on DAG Run:tutorial_objectstorage
[2026-03-19T22:47:37.394+0000] {logging_mixin.py:190} INFO - [2026-03-19T22:47:37.394+0000] {override.py:1911} INFO - Created Permission View: can delete on DAG Run:tutorial_objectstorage
[2026-03-19T22:47:37.407+0000] {logging_mixin.py:190} INFO - [2026-03-19T22:47:37.406+0000] {override.py:1911} INFO - Created Permission View: menu access on DAG Run:tutorial_objectstorage
[2026-03-19T22:47:37.419+0000] {logging_mixin.py:190} INFO - [2026-03-19T22:47:37.419+0000] {override.py:1911} INFO - Created Permission View: can read on DAG Run:tutorial_objectstorage
[2026-03-19T22:47:37.420+0000] {logging_mixin.py:190} INFO - [2026-03-19T22:47:37.419+0000] {dag.py:3239} INFO - Sync 1 DAGs
[2026-03-19T22:47:37.430+0000] {logging_mixin.py:190} INFO - [2026-03-19T22:47:37.430+0000] {dag.py:3262} INFO - Creating ORM DAG for tutorial_objectstorage
[2026-03-19T22:47:37.430+0000] {logging_mixin.py:190} INFO - [2026-03-19T22:47:37.430+0000] {dag.py:4180} INFO - Setting next_dagrun for tutorial_objectstorage to None, run_after=None
[2026-03-19T22:47:37.447+0000] {processor.py:208} INFO - Processing /home/airflow/.local/lib/python3.12/site-packages/airflow/example_dags/tutorial_objectstorage.py took 0.231 seconds
[2026-03-19T22:48:08.160+0000] {processor.py:186} INFO - Started process (PID=112) to work on /home/airflow/.local/lib/python3.12/site-packages/airflow/example_dags/tutorial_objectstorage.py
[2026-03-19T22:48:08.160+0000] {processor.py:914} INFO - Processing file /home/airflow/.local/lib/python3.12/site-packages/airflow/example_dags/tutorial_objectstorage.py for tasks to queue
[2026-03-19T22:48:08.162+0000] {logging_mixin.py:190} INFO - [2026-03-19T22:48:08.162+0000] {dagbag.py:588} INFO - Filling up the DagBag from /home/airflow/.local/lib/python3.12/site-packages/airflow/example_dags/tutorial_objectstorage.py
[2026-03-19T22:48:08.170+0000] {processor.py:925} INFO - DAG(s) 'tutorial_objectstorage' retrieved from /home/airflow/.local/lib/python3.12/site-packages/airflow/example_dags/tutorial_objectstorage.py
[2026-03-19T22:48:08.185+0000] {logging_mixin.py:190} INFO - [2026-03-19T22:48:08.185+0000] {dag.py:3239} INFO - Sync 1 DAGs
[2026-03-19T22:48:08.197+0000] {logging_mixin.py:190} INFO - [2026-03-19T22:48:08.197+0000] {dag.py:4180} INFO - Setting next_dagrun for tutorial_objectstorage to None, run_after=None
[2026-03-19T22:48:08.215+0000] {processor.py:208} INFO - Processing /home/airflow/.local/lib/python3.12/site-packages/airflow/example_dags/tutorial_objectstorage.py took 0.061 seconds
[2026-03-19T22:48:38.802+0000] {processor.py:186} INFO - Started process (PID=170) to work on /home/airflow/.local/lib/python3.12/site-packages/airflow/example_dags/tutorial_objectstorage.py
[2026-03-19T22:48:38.803+0000] {processor.py:914} INFO - Processing file /home/airflow/.local/lib/python3.12/site-packages/airflow/example_dags/tutorial_objectstorage.py for tasks to queue
[2026-03-19T22:48:38.805+0000] {logging_mixin.py:190} INFO - [2026-03-19T22:48:38.804+0000] {dagbag.py:588} INFO - Filling up the DagBag from /home/airflow/.local/lib/python3.12/site-packages/airflow/example_dags/tutorial_objectstorage.py
[2026-03-19T22:48:38.813+0000] {processor.py:925} INFO - DAG(s) 'tutorial_objectstorage' retrieved from /home/airflow/.local/lib/python3.12/site-packages/airflow/example_dags/tutorial_objectstorage.py
[2026-03-19T22:48:38.828+0000] {logging_mixin.py:190} INFO - [2026-03-19T22:48:38.828+0000] {dag.py:3239} INFO - Sync 1 DAGs
[2026-03-19T22:48:38.841+0000] {logging_mixin.py:190} INFO - [2026-03-19T22:48:38.841+0000] {dag.py:4180} INFO - Setting next_dagrun for tutorial_objectstorage to None, run_after=None
[2026-03-19T22:48:38.867+0000] {processor.py:208} INFO - Processing /home/airflow/.local/lib/python3.12/site-packages/airflow/example_dags/tutorial_objectstorage.py took 0.070 seconds
[2026-03-19T22:49:09.395+0000] {processor.py:186} INFO - Started process (PID=228) to work on /home/airflow/.local/lib/python3.12/site-packages/airflow/example_dags/tutorial_objectstorage.py
[2026-03-19T22:49:09.396+0000] {processor.py:914} INFO - Processing file /home/airflow/.local/lib/python3.12/site-packages/airflow/example_dags/tutorial_objectstorage.py for tasks to queue
[2026-03-19T22:49:09.398+0000] {logging_mixin.py:190} INFO - [2026-03-19T22:49:09.398+0000] {dagbag.py:588} INFO - Filling up the DagBag from /home/airflow/.local/lib/python3.12/site-packages/airflow/example_dags/tutorial_objectstorage.py
[2026-03-19T22:49:09.406+0000] {processor.py:925} INFO - DAG(s) 'tutorial_objectstorage' retrieved from /home/airflow/.local/lib/python3.12/site-packages/airflow/example_dags/tutorial_objectstorage.py
[2026-03-19T22:49:09.423+0000] {logging_mixin.py:190} INFO - [2026-03-19T22:49:09.422+0000] {dag.py:3239} INFO - Sync 1 DAGs
[2026-03-19T22:49:09.435+0000] {logging_mixin.py:190} INFO - [2026-03-19T22:49:09.435+0000] {dag.py:4180} INFO - Setting next_dagrun for tutorial_objectstorage to None, run_after=None
[2026-03-19T22:49:09.456+0000] {processor.py:208} INFO - Processing /home/airflow/.local/lib/python3.12/site-packages/airflow/example_dags/tutorial_objectstorage.py took 0.066 seconds
[2026-03-19T22:49:39.926+0000] {processor.py:186} INFO - Started process (PID=286) to work on /home/airflow/.local/lib/python3.12/site-packages/airflow/example_dags/tutorial_objectstorage.py
[2026-03-19T22:49:39.927+0000] {processor.py:914} INFO - Processing file /home/airflow/.local/lib/python3.12/site-packages/airflow/example_dags/tutorial_objectstorage.py for tasks to queue
[2026-03-19T22:49:39.929+0000] {logging_mixin.py:190} INFO - [2026-03-19T22:49:39.928+0000] {dagbag.py:588} INFO - Filling up the DagBag from /home/airflow/.local/lib/python3.12/site-packages/airflow/example_dags/tutorial_objectstorage.py
[2026-03-19T22:49:39.936+0000] {processor.py:925} INFO - DAG(s) 'tutorial_objectstorage' retrieved from /home/airflow/.local/lib/python3.12/site-packages/airflow/example_dags/tutorial_objectstorage.py
[2026-03-19T22:49:39.952+0000] {logging_mixin.py:190} INFO - [2026-03-19T22:49:39.952+0000] {dag.py:3239} INFO - Sync 1 DAGs
[2026-03-19T22:49:39.964+0000] {logging_mixin.py:190} INFO - [2026-03-19T22:49:39.964+0000] {dag.py:4180} INFO - Setting next_dagrun for tutorial_objectstorage to None, run_after=None
[2026-03-19T22:49:39.984+0000] {processor.py:208} INFO - Processing /home/airflow/.local/lib/python3.12/site-packages/airflow/example_dags/tutorial_objectstorage.py took 0.063 seconds
[2026-03-19T22:50:10.545+0000] {processor.py:186} INFO - Started process (PID=346) to work on /home/airflow/.local/lib/python3.12/site-packages/airflow/example_dags/tutorial_objectstorage.py
[2026-03-19T22:50:10.546+0000] {processor.py:914} INFO - Processing file /home/airflow/.local/lib/python3.12/site-packages/airflow/example_dags/tutorial_objectstorage.py for tasks to queue
[2026-03-19T22:50:10.548+0000] {logging_mixin.py:190} INFO - [2026-03-19T22:50:10.548+0000] {dagbag.py:588} INFO - Filling up the DagBag from /home/airflow/.local/lib/python3.12/site-packages/airflow/example_dags/tutorial_objectstorage.py
[2026-03-19T22:50:10.556+0000] {processor.py:925} INFO - DAG(s) 'tutorial_objectstorage' retrieved from /home/airflow/.local/lib/python3.12/site-packages/airflow/example_dags/tutorial_objectstorage.py
[2026-03-19T22:50:10.570+0000] {logging_mixin.py:190} INFO - [2026-03-19T22:50:10.570+0000] {dag.py:3239} INFO - Sync 1 DAGs
[2026-03-19T22:50:10.583+0000] {logging_mixin.py:190} INFO - [2026-03-19T22:50:10.583+0000] {dag.py:4180} INFO - Setting next_dagrun for tutorial_objectstorage to None, run_after=None
[2026-03-19T22:50:10.604+0000] {processor.py:208} INFO - Processing /home/airflow/.local/lib/python3.12/site-packages/airflow/example_dags/tutorial_objectstorage.py took 0.064 seconds
[2026-03-19T22:50:40.747+0000] {processor.py:186} INFO - Started process (PID=404) to work on /home/airflow/.local/lib/python3.12/site-packages/airflow/example_dags/tutorial_objectstorage.py
[2026-03-19T22:50:40.748+0000] {processor.py:914} INFO - Processing file /home/airflow/.local/lib/python3.12/site-packages/airflow/example_dags/tutorial_objectstorage.py for tasks to queue
[2026-03-19T22:50:40.750+0000] {logging_mixin.py:190} INFO - [2026-03-19T22:50:40.750+0000] {dagbag.py:588} INFO - Filling up the DagBag from /home/airflow/.local/lib/python3.12/site-packages/airflow/example_dags/tutorial_objectstorage.py
[2026-03-19T22:50:40.758+0000] {processor.py:925} INFO - DAG(s) 'tutorial_objectstorage' retrieved from /home/airflow/.local/lib/python3.12/site-packages/airflow/example_dags/tutorial_objectstorage.py
[2026-03-19T22:50:40.774+0000] {logging_mixin.py:190} INFO - [2026-03-19T22:50:40.774+0000] {dag.py:3239} INFO - Sync 1 DAGs
[2026-03-19T22:50:40.787+0000] {logging_mixin.py:190} INFO - [2026-03-19T22:50:40.787+0000] {dag.py:4180} INFO - Setting next_dagrun for tutorial_objectstorage to None, run_after=None
[2026-03-19T22:50:40.807+0000] {processor.py:208} INFO - Processing /home/airflow/.local/lib/python3.12/site-packages/airflow/example_dags/tutorial_objectstorage.py took 0.066 seconds
[2026-03-19T22:51:11.328+0000] {processor.py:186} INFO - Started process (PID=462) to work on /home/airflow/.local/lib/python3.12/site-packages/airflow/example_dags/tutorial_objectstorage.py
[2026-03-19T22:51:11.330+0000] {processor.py:914} INFO - Processing file /home/airflow/.local/lib/python3.12/site-packages/airflow/example_dags/tutorial_objectstorage.py for tasks to queue
[2026-03-19T22:51:11.332+0000] {logging_mixin.py:190} INFO - [2026-03-19T22:51:11.331+0000] {dagbag.py:588} INFO - Filling up the DagBag from /home/airflow/.local/lib/python3.12/site-packages/airflow/example_dags/tutorial_objectstorage.py
[2026-03-19T22:51:11.340+0000] {processor.py:925} INFO - DAG(s) 'tutorial_objectstorage' retrieved from /home/airflow/.local/lib/python3.12/site-packages/airflow/example_dags/tutorial_objectstorage.py
[2026-03-19T22:51:11.357+0000] {logging_mixin.py:190} INFO - [2026-03-19T22:51:11.357+0000] {dag.py:3239} INFO - Sync 1 DAGs
[2026-03-19T22:51:11.370+0000] {logging_mixin.py:190} INFO - [2026-03-19T22:51:11.370+0000] {dag.py:4180} INFO - Setting next_dagrun for tutorial_objectstorage to None, run_after=None
[2026-03-19T22:51:11.393+0000] {processor.py:208} INFO - Processing /home/airflow/.local/lib/python3.12/site-packages/airflow/example_dags/tutorial_objectstorage.py took 0.069 seconds
[2026-03-19T22:51:42.118+0000] {processor.py:186} INFO - Started process (PID=520) to work on /home/airflow/.local/lib/python3.12/site-packages/airflow/example_dags/tutorial_objectstorage.py
[2026-03-19T22:51:42.119+0000] {processor.py:914} INFO - Processing file /home/airflow/.local/lib/python3.12/site-packages/airflow/example_dags/tutorial_objectstorage.py for tasks to queue
[2026-03-19T22:51:42.122+0000] {logging_mixin.py:190} INFO - [2026-03-19T22:51:42.121+0000] {dagbag.py:588} INFO - Filling up the DagBag from /home/airflow/.local/lib/python3.12/site-packages/airflow/example_dags/tutorial_objectstorage.py
[2026-03-19T22:51:42.131+0000] {processor.py:925} INFO - DAG(s) 'tutorial_objectstorage' retrieved from /home/airflow/.local/lib/python3.12/site-packages/airflow/example_dags/tutorial_objectstorage.py
[2026-03-19T22:51:42.147+0000] {logging_mixin.py:190} INFO - [2026-03-19T22:51:42.146+0000] {dag.py:3239} INFO - Sync 1 DAGs
[2026-03-19T22:51:42.159+0000] {logging_mixin.py:190} INFO - [2026-03-19T22:51:42.159+0000] {dag.py:4180} INFO - Setting next_dagrun for tutorial_objectstorage to None, run_after=None
[2026-03-19T22:51:42.178+0000] {processor.py:208} INFO - Processing /home/airflow/.local/lib/python3.12/site-packages/airflow/example_dags/tutorial_objectstorage.py took 0.065 seconds
[2026-03-19T22:52:12.715+0000] {processor.py:186} INFO - Started process (PID=578) to work on /home/airflow/.local/lib/python3.12/site-packages/airflow/example_dags/tutorial_objectstorage.py
[2026-03-19T22:52:12.716+0000] {processor.py:914} INFO - Processing file /home/airflow/.local/lib/python3.12/site-packages/airflow/example_dags/tutorial_objectstorage.py for tasks to queue
[2026-03-19T22:52:12.718+0000] {logging_mixin.py:190} INFO - [2026-03-19T22:52:12.718+0000] {dagbag.py:588} INFO - Filling up the DagBag from /home/airflow/.local/lib/python3.12/site-packages/airflow/example_dags/tutorial_objectstorage.py
[2026-03-19T22:52:12.725+0000] {processor.py:925} INFO - DAG(s) 'tutorial_objectstorage' retrieved from /home/airflow/.local/lib/python3.12/site-packages/airflow/example_dags/tutorial_objectstorage.py
[2026-03-19T22:52:12.740+0000] {logging_mixin.py:190} INFO - [2026-03-19T22:52:12.740+0000] {dag.py:3239} INFO - Sync 1 DAGs
[2026-03-19T22:52:12.753+0000] {logging_mixin.py:190} INFO - [2026-03-19T22:52:12.752+0000] {dag.py:4180} INFO - Setting next_dagrun for tutorial_objectstorage to None, run_after=None
[2026-03-19T22:52:12.771+0000] {processor.py:208} INFO - Processing /home/airflow/.local/lib/python3.12/site-packages/airflow/example_dags/tutorial_objectstorage.py took 0.061 seconds
[2026-03-19T22:52:43.150+0000] {processor.py:186} INFO - Started process (PID=636) to work on /home/airflow/.local/lib/python3.12/site-packages/airflow/example_dags/tutorial_objectstorage.py
[2026-03-19T22:52:43.151+0000] {processor.py:914} INFO - Processing file /home/airflow/.local/lib/python3.12/site-packages/airflow/example_dags/tutorial_objectstorage.py for tasks to queue
[2026-03-19T22:52:43.153+0000] {logging_mixin.py:190} INFO - [2026-03-19T22:52:43.152+0000] {dagbag.py:588} INFO - Filling up the DagBag from /home/airflow/.local/lib/python3.12/site-packages/airflow/example_dags/tutorial_objectstorage.py
[2026-03-19T22:52:43.161+0000] {processor.py:925} INFO - DAG(s) 'tutorial_objectstorage' retrieved from /home/airflow/.local/lib/python3.12/site-packages/airflow/example_dags/tutorial_objectstorage.py
[2026-03-19T22:52:43.177+0000] {logging_mixin.py:190} INFO - [2026-03-19T22:52:43.177+0000] {dag.py:3239} INFO - Sync 1 DAGs
[2026-03-19T22:52:43.191+0000] {logging_mixin.py:190} INFO - [2026-03-19T22:52:43.191+0000] {dag.py:4180} INFO - Setting next_dagrun for tutorial_objectstorage to None, run_after=None
[2026-03-19T22:52:43.212+0000] {processor.py:208} INFO - Processing /home/airflow/.local/lib/python3.12/site-packages/airflow/example_dags/tutorial_objectstorage.py took 0.067 seconds
[2026-03-19T22:53:13.503+0000] {processor.py:186} INFO - Started process (PID=694) to work on /home/airflow/.local/lib/python3.12/site-packages/airflow/example_dags/tutorial_objectstorage.py
[2026-03-19T22:53:13.503+0000] {processor.py:914} INFO - Processing file /home/airflow/.local/lib/python3.12/site-packages/airflow/example_dags/tutorial_objectstorage.py for tasks to queue
[2026-03-19T22:53:13.505+0000] {logging_mixin.py:190} INFO - [2026-03-19T22:53:13.505+0000] {dagbag.py:588} INFO - Filling up the DagBag from /home/airflow/.local/lib/python3.12/site-packages/airflow/example_dags/tutorial_objectstorage.py
[2026-03-19T22:53:13.513+0000] {processor.py:925} INFO - DAG(s) 'tutorial_objectstorage' retrieved from /home/airflow/.local/lib/python3.12/site-packages/airflow/example_dags/tutorial_objectstorage.py
[2026-03-19T22:53:13.528+0000] {logging_mixin.py:190} INFO - [2026-03-19T22:53:13.528+0000] {dag.py:3239} INFO - Sync 1 DAGs
[2026-03-19T22:53:13.540+0000] {logging_mixin.py:190} INFO - [2026-03-19T22:53:13.540+0000] {dag.py:4180} INFO - Setting next_dagrun for tutorial_objectstorage to None, run_after=None
[2026-03-19T22:53:13.560+0000] {processor.py:208} INFO - Processing /home/airflow/.local/lib/python3.12/site-packages/airflow/example_dags/tutorial_objectstorage.py took 0.063 seconds
[2026-03-19T22:53:43.970+0000] {processor.py:186} INFO - Started process (PID=752) to work on /home/airflow/.local/lib/python3.12/site-packages/airflow/example_dags/tutorial_objectstorage.py
[2026-03-19T22:53:43.971+0000] {processor.py:914} INFO - Processing file /home/airflow/.local/lib/python3.12/site-packages/airflow/example_dags/tutorial_objectstorage.py for tasks to queue
[2026-03-19T22:53:43.973+0000] {logging_mixin.py:190} INFO - [2026-03-19T22:53:43.972+0000] {dagbag.py:588} INFO - Filling up the DagBag from /home/airflow/.local/lib/python3.12/site-packages/airflow/example_dags/tutorial_objectstorage.py
[2026-03-19T22:53:43.980+0000] {processor.py:925} INFO - DAG(s) 'tutorial_objectstorage' retrieved from /home/airflow/.local/lib/python3.12/site-packages/airflow/example_dags/tutorial_objectstorage.py
[2026-03-19T22:53:43.996+0000] {logging_mixin.py:190} INFO - [2026-03-19T22:53:43.996+0000] {dag.py:3239} INFO - Sync 1 DAGs
[2026-03-19T22:53:44.009+0000] {logging_mixin.py:190} INFO - [2026-03-19T22:53:44.009+0000] {dag.py:4180} INFO - Setting next_dagrun for tutorial_objectstorage to None, run_after=None
[2026-03-19T22:53:44.028+0000] {processor.py:208} INFO - Processing /home/airflow/.local/lib/python3.12/site-packages/airflow/example_dags/tutorial_objectstorage.py took 0.063 seconds
[2026-03-19T22:54:14.475+0000] {processor.py:186} INFO - Started process (PID=810) to work on /home/airflow/.local/lib/python3.12/site-packages/airflow/example_dags/tutorial_objectstorage.py
[2026-03-19T22:54:14.476+0000] {processor.py:914} INFO - Processing file /home/airflow/.local/lib/python3.12/site-packages/airflow/example_dags/tutorial_objectstorage.py for tasks to queue
[2026-03-19T22:54:14.478+0000] {logging_mixin.py:190} INFO - [2026-03-19T22:54:14.477+0000] {dagbag.py:588} INFO - Filling up the DagBag from /home/airflow/.local/lib/python3.12/site-packages/airflow/example_dags/tutorial_objectstorage.py
[2026-03-19T22:54:14.486+0000] {processor.py:925} INFO - DAG(s) 'tutorial_objectstorage' retrieved from /home/airflow/.local/lib/python3.12/site-packages/airflow/example_dags/tutorial_objectstorage.py
[2026-03-19T22:54:14.501+0000] {logging_mixin.py:190} INFO - [2026-03-19T22:54:14.501+0000] {dag.py:3239} INFO - Sync 1 DAGs
[2026-03-19T22:54:14.513+0000] {logging_mixin.py:190} INFO - [2026-03-19T22:54:14.513+0000] {dag.py:4180} INFO - Setting next_dagrun for tutorial_objectstorage to None, run_after=None
[2026-03-19T22:54:14.533+0000] {processor.py:208} INFO - Processing /home/airflow/.local/lib/python3.12/site-packages/airflow/example_dags/tutorial_objectstorage.py took 0.063 seconds
[2026-03-19T22:54:44.850+0000] {processor.py:186} INFO - Started process (PID=868) to work on /home/airflow/.local/lib/python3.12/site-packages/airflow/example_dags/tutorial_objectstorage.py
[2026-03-19T22:54:44.851+0000] {processor.py:914} INFO - Processing file /home/airflow/.local/lib/python3.12/site-packages/airflow/example_dags/tutorial_objectstorage.py for tasks to queue
[2026-03-19T22:54:44.854+0000] {logging_mixin.py:190} INFO - [2026-03-19T22:54:44.853+0000] {dagbag.py:588} INFO - Filling up the DagBag from /home/airflow/.local/lib/python3.12/site-packages/airflow/example_dags/tutorial_objectstorage.py
[2026-03-19T22:54:44.864+0000] {processor.py:925} INFO - DAG(s) 'tutorial_objectstorage' retrieved from /home/airflow/.local/lib/python3.12/site-packages/airflow/example_dags/tutorial_objectstorage.py
[2026-03-19T22:54:44.885+0000] {logging_mixin.py:190} INFO - [2026-03-19T22:54:44.884+0000] {dag.py:3239} INFO - Sync 1 DAGs
[2026-03-19T22:54:44.901+0000] {logging_mixin.py:190} INFO - [2026-03-19T22:54:44.900+0000] {dag.py:4180} INFO - Setting next_dagrun for tutorial_objectstorage to None, run_after=None
[2026-03-19T22:54:44.925+0000] {processor.py:208} INFO - Processing /home/airflow/.local/lib/python3.12/site-packages/airflow/example_dags/tutorial_objectstorage.py took 0.081 seconds
[2026-03-19T22:55:14.999+0000] {processor.py:186} INFO - Started process (PID=926) to work on /home/airflow/.local/lib/python3.12/site-packages/airflow/example_dags/tutorial_objectstorage.py
[2026-03-19T22:55:15.000+0000] {processor.py:914} INFO - Processing file /home/airflow/.local/lib/python3.12/site-packages/airflow/example_dags/tutorial_objectstorage.py for tasks to queue
[2026-03-19T22:55:15.002+0000] {logging_mixin.py:190} INFO - [2026-03-19T22:55:15.002+0000] {dagbag.py:588} INFO - Filling up the DagBag from /home/airflow/.local/lib/python3.12/site-packages/airflow/example_dags/tutorial_objectstorage.py
[2026-03-19T22:55:15.010+0000] {processor.py:925} INFO - DAG(s) 'tutorial_objectstorage' retrieved from /home/airflow/.local/lib/python3.12/site-packages/airflow/example_dags/tutorial_objectstorage.py
[2026-03-19T22:55:15.025+0000] {logging_mixin.py:190} INFO - [2026-03-19T22:55:15.025+0000] {dag.py:3239} INFO - Sync 1 DAGs
[2026-03-19T22:55:15.037+0000] {logging_mixin.py:190} INFO - [2026-03-19T22:55:15.037+0000] {dag.py:4180} INFO - Setting next_dagrun for tutorial_objectstorage to None, run_after=None
[2026-03-19T22:55:15.055+0000] {processor.py:208} INFO - Processing /home/airflow/.local/lib/python3.12/site-packages/airflow/example_dags/tutorial_objectstorage.py took 0.061 seconds
