[2026-03-19T22:36:55.875+0000] {processor.py:186} INFO - Started process (PID=72) to work on /home/airflow/.local/lib/python3.12/site-packages/airflow/example_dags/tutorial.py
[2026-03-19T22:36:55.877+0000] {processor.py:914} INFO - Processing file /home/airflow/.local/lib/python3.12/site-packages/airflow/example_dags/tutorial.py for tasks to queue
[2026-03-19T22:36:55.881+0000] {logging_mixin.py:190} INFO - [2026-03-19T22:36:55.881+0000] {dagbag.py:588} INFO - Filling up the DagBag from /home/airflow/.local/lib/python3.12/site-packages/airflow/example_dags/tutorial.py
[2026-03-19T22:36:55.911+0000] {processor.py:925} INFO - DAG(s) 'tutorial' retrieved from /home/airflow/.local/lib/python3.12/site-packages/airflow/example_dags/tutorial.py
[2026-03-19T22:36:56.143+0000] {logging_mixin.py:190} INFO - [2026-03-19T22:36:56.142+0000] {override.py:1911} INFO - Created Permission View: can read on DAG:tutorial
[2026-03-19T22:36:56.163+0000] {logging_mixin.py:190} INFO - [2026-03-19T22:36:56.162+0000] {override.py:1911} INFO - Created Permission View: can delete on DAG:tutorial
[2026-03-19T22:36:56.175+0000] {logging_mixin.py:190} INFO - [2026-03-19T22:36:56.175+0000] {override.py:1911} INFO - Created Permission View: can edit on DAG:tutorial
[2026-03-19T22:36:56.194+0000] {logging_mixin.py:190} INFO - [2026-03-19T22:36:56.194+0000] {override.py:1911} INFO - Created Permission View: can read on DAG Run:tutorial
[2026-03-19T22:36:56.206+0000] {logging_mixin.py:190} INFO - [2026-03-19T22:36:56.206+0000] {override.py:1911} INFO - Created Permission View: can create on DAG Run:tutorial
[2026-03-19T22:36:56.219+0000] {logging_mixin.py:190} INFO - [2026-03-19T22:36:56.219+0000] {override.py:1911} INFO - Created Permission View: menu access on DAG Run:tutorial
[2026-03-19T22:36:56.237+0000] {logging_mixin.py:190} INFO - [2026-03-19T22:36:56.236+0000] {override.py:1911} INFO - Created Permission View: can delete on DAG Run:tutorial
[2026-03-19T22:36:56.238+0000] {logging_mixin.py:190} INFO - [2026-03-19T22:36:56.237+0000] {dag.py:3239} INFO - Sync 1 DAGs
[2026-03-19T22:36:56.258+0000] {logging_mixin.py:190} INFO - [2026-03-19T22:36:56.257+0000] {dag.py:3262} INFO - Creating ORM DAG for tutorial
[2026-03-19T22:36:56.274+0000] {logging_mixin.py:190} INFO - [2026-03-19T22:36:56.274+0000] {dag.py:4180} INFO - Setting next_dagrun for tutorial to 2026-03-18 00:00:00+00:00, run_after=2026-03-19 00:00:00+00:00
[2026-03-19T22:36:56.307+0000] {processor.py:208} INFO - Processing /home/airflow/.local/lib/python3.12/site-packages/airflow/example_dags/tutorial.py took 0.448 seconds
[2026-03-19T22:38:12.485+0000] {processor.py:186} INFO - Started process (PID=130) to work on /home/airflow/.local/lib/python3.12/site-packages/airflow/example_dags/tutorial.py
[2026-03-19T22:38:12.774+0000] {processor.py:914} INFO - Processing file /home/airflow/.local/lib/python3.12/site-packages/airflow/example_dags/tutorial.py for tasks to queue
[2026-03-19T22:38:15.013+0000] {logging_mixin.py:190} INFO - [2026-03-19T22:38:14.464+0000] {dagbag.py:588} INFO - Filling up the DagBag from /home/airflow/.local/lib/python3.12/site-packages/airflow/example_dags/tutorial.py
[2026-03-19T22:38:16.971+0000] {processor.py:925} INFO - DAG(s) 'tutorial' retrieved from /home/airflow/.local/lib/python3.12/site-packages/airflow/example_dags/tutorial.py
[2026-03-19T22:38:23.684+0000] {logging_mixin.py:190} INFO - [2026-03-19T22:38:23.592+0000] {dag.py:3239} INFO - Sync 1 DAGs
[2026-03-19T22:38:32.802+0000] {logging_mixin.py:190} INFO - [2026-03-19T22:38:32.696+0000] {dag.py:4180} INFO - Setting next_dagrun for tutorial to 2026-03-18 00:00:00+00:00, run_after=2026-03-19 00:00:00+00:00
[2026-03-19T22:38:51.358+0000] {processor.py:208} INFO - Processing /home/airflow/.local/lib/python3.12/site-packages/airflow/example_dags/tutorial.py took 40.123 seconds
[2026-03-19T22:43:02.476+0000] {processor.py:186} INFO - Started process (PID=188) to work on /home/airflow/.local/lib/python3.12/site-packages/airflow/example_dags/tutorial.py
[2026-03-19T22:43:02.555+0000] {processor.py:914} INFO - Processing file /home/airflow/.local/lib/python3.12/site-packages/airflow/example_dags/tutorial.py for tasks to queue
[2026-03-19T22:43:02.990+0000] {logging_mixin.py:190} INFO - [2026-03-19T22:43:02.743+0000] {dagbag.py:588} INFO - Filling up the DagBag from /home/airflow/.local/lib/python3.12/site-packages/airflow/example_dags/tutorial.py
[2026-03-19T22:43:05.355+0000] {processor.py:925} INFO - DAG(s) 'tutorial' retrieved from /home/airflow/.local/lib/python3.12/site-packages/airflow/example_dags/tutorial.py
[2026-03-19T22:43:15.194+0000] {logging_mixin.py:190} INFO - [2026-03-19T22:43:15.031+0000] {dag.py:3239} INFO - Sync 1 DAGs
[2026-03-19T22:43:21.033+0000] {logging_mixin.py:190} INFO - [2026-03-19T22:43:20.974+0000] {dag.py:4180} INFO - Setting next_dagrun for tutorial to 2026-03-18 00:00:00+00:00, run_after=2026-03-19 00:00:00+00:00
[2026-03-19T22:43:25.856+0000] {processor.py:208} INFO - Processing /home/airflow/.local/lib/python3.12/site-packages/airflow/example_dags/tutorial.py took 24.366 seconds
[2026-03-19T22:47:41.736+0000] {processor.py:186} INFO - Started process (PID=72) to work on /home/airflow/.local/lib/python3.12/site-packages/airflow/example_dags/tutorial.py
[2026-03-19T22:47:41.739+0000] {processor.py:914} INFO - Processing file /home/airflow/.local/lib/python3.12/site-packages/airflow/example_dags/tutorial.py for tasks to queue
[2026-03-19T22:47:41.741+0000] {logging_mixin.py:190} INFO - [2026-03-19T22:47:41.741+0000] {dagbag.py:588} INFO - Filling up the DagBag from /home/airflow/.local/lib/python3.12/site-packages/airflow/example_dags/tutorial.py
[2026-03-19T22:47:41.749+0000] {processor.py:925} INFO - DAG(s) 'tutorial' retrieved from /home/airflow/.local/lib/python3.12/site-packages/airflow/example_dags/tutorial.py
[2026-03-19T22:47:41.851+0000] {logging_mixin.py:190} INFO - [2026-03-19T22:47:41.851+0000] {override.py:1911} INFO - Created Permission View: can delete on DAG:tutorial
[2026-03-19T22:47:41.865+0000] {logging_mixin.py:190} INFO - [2026-03-19T22:47:41.865+0000] {override.py:1911} INFO - Created Permission View: can edit on DAG:tutorial
[2026-03-19T22:47:41.876+0000] {logging_mixin.py:190} INFO - [2026-03-19T22:47:41.876+0000] {override.py:1911} INFO - Created Permission View: can read on DAG:tutorial
[2026-03-19T22:47:41.899+0000] {logging_mixin.py:190} INFO - [2026-03-19T22:47:41.899+0000] {override.py:1911} INFO - Created Permission View: can create on DAG Run:tutorial
[2026-03-19T22:47:41.911+0000] {logging_mixin.py:190} INFO - [2026-03-19T22:47:41.911+0000] {override.py:1911} INFO - Created Permission View: can delete on DAG Run:tutorial
[2026-03-19T22:47:41.924+0000] {logging_mixin.py:190} INFO - [2026-03-19T22:47:41.924+0000] {override.py:1911} INFO - Created Permission View: menu access on DAG Run:tutorial
[2026-03-19T22:47:41.935+0000] {logging_mixin.py:190} INFO - [2026-03-19T22:47:41.935+0000] {override.py:1911} INFO - Created Permission View: can read on DAG Run:tutorial
[2026-03-19T22:47:41.936+0000] {logging_mixin.py:190} INFO - [2026-03-19T22:47:41.935+0000] {dag.py:3239} INFO - Sync 1 DAGs
[2026-03-19T22:47:41.946+0000] {logging_mixin.py:190} INFO - [2026-03-19T22:47:41.946+0000] {dag.py:3262} INFO - Creating ORM DAG for tutorial
[2026-03-19T22:47:41.954+0000] {logging_mixin.py:190} INFO - [2026-03-19T22:47:41.954+0000] {dag.py:4180} INFO - Setting next_dagrun for tutorial to 2026-03-18 00:00:00+00:00, run_after=2026-03-19 00:00:00+00:00
[2026-03-19T22:47:41.972+0000] {processor.py:208} INFO - Processing /home/airflow/.local/lib/python3.12/site-packages/airflow/example_dags/tutorial.py took 0.242 seconds
[2026-03-19T22:48:13.034+0000] {processor.py:186} INFO - Started process (PID=130) to work on /home/airflow/.local/lib/python3.12/site-packages/airflow/example_dags/tutorial.py
[2026-03-19T22:48:13.035+0000] {processor.py:914} INFO - Processing file /home/airflow/.local/lib/python3.12/site-packages/airflow/example_dags/tutorial.py for tasks to queue
[2026-03-19T22:48:13.037+0000] {logging_mixin.py:190} INFO - [2026-03-19T22:48:13.037+0000] {dagbag.py:588} INFO - Filling up the DagBag from /home/airflow/.local/lib/python3.12/site-packages/airflow/example_dags/tutorial.py
[2026-03-19T22:48:13.045+0000] {processor.py:925} INFO - DAG(s) 'tutorial' retrieved from /home/airflow/.local/lib/python3.12/site-packages/airflow/example_dags/tutorial.py
[2026-03-19T22:48:13.065+0000] {logging_mixin.py:190} INFO - [2026-03-19T22:48:13.065+0000] {dag.py:3239} INFO - Sync 1 DAGs
[2026-03-19T22:48:13.090+0000] {logging_mixin.py:190} INFO - [2026-03-19T22:48:13.090+0000] {dag.py:4180} INFO - Setting next_dagrun for tutorial to 2026-03-18 00:00:00+00:00, run_after=2026-03-19 00:00:00+00:00
[2026-03-19T22:48:13.115+0000] {processor.py:208} INFO - Processing /home/airflow/.local/lib/python3.12/site-packages/airflow/example_dags/tutorial.py took 0.086 seconds
[2026-03-19T22:48:43.650+0000] {processor.py:186} INFO - Started process (PID=188) to work on /home/airflow/.local/lib/python3.12/site-packages/airflow/example_dags/tutorial.py
[2026-03-19T22:48:43.651+0000] {processor.py:914} INFO - Processing file /home/airflow/.local/lib/python3.12/site-packages/airflow/example_dags/tutorial.py for tasks to queue
[2026-03-19T22:48:43.653+0000] {logging_mixin.py:190} INFO - [2026-03-19T22:48:43.653+0000] {dagbag.py:588} INFO - Filling up the DagBag from /home/airflow/.local/lib/python3.12/site-packages/airflow/example_dags/tutorial.py
[2026-03-19T22:48:43.660+0000] {processor.py:925} INFO - DAG(s) 'tutorial' retrieved from /home/airflow/.local/lib/python3.12/site-packages/airflow/example_dags/tutorial.py
[2026-03-19T22:48:43.677+0000] {logging_mixin.py:190} INFO - [2026-03-19T22:48:43.677+0000] {dag.py:3239} INFO - Sync 1 DAGs
[2026-03-19T22:48:43.697+0000] {logging_mixin.py:190} INFO - [2026-03-19T22:48:43.697+0000] {dag.py:4180} INFO - Setting next_dagrun for tutorial to 2026-03-18 00:00:00+00:00, run_after=2026-03-19 00:00:00+00:00
[2026-03-19T22:48:43.719+0000] {processor.py:208} INFO - Processing /home/airflow/.local/lib/python3.12/site-packages/airflow/example_dags/tutorial.py took 0.074 seconds
[2026-03-19T22:49:14.671+0000] {processor.py:186} INFO - Started process (PID=246) to work on /home/airflow/.local/lib/python3.12/site-packages/airflow/example_dags/tutorial.py
[2026-03-19T22:49:14.672+0000] {processor.py:914} INFO - Processing file /home/airflow/.local/lib/python3.12/site-packages/airflow/example_dags/tutorial.py for tasks to queue
[2026-03-19T22:49:14.674+0000] {logging_mixin.py:190} INFO - [2026-03-19T22:49:14.674+0000] {dagbag.py:588} INFO - Filling up the DagBag from /home/airflow/.local/lib/python3.12/site-packages/airflow/example_dags/tutorial.py
[2026-03-19T22:49:14.681+0000] {processor.py:925} INFO - DAG(s) 'tutorial' retrieved from /home/airflow/.local/lib/python3.12/site-packages/airflow/example_dags/tutorial.py
[2026-03-19T22:49:14.697+0000] {logging_mixin.py:190} INFO - [2026-03-19T22:49:14.697+0000] {dag.py:3239} INFO - Sync 1 DAGs
[2026-03-19T22:49:14.717+0000] {logging_mixin.py:190} INFO - [2026-03-19T22:49:14.717+0000] {dag.py:4180} INFO - Setting next_dagrun for tutorial to 2026-03-18 00:00:00+00:00, run_after=2026-03-19 00:00:00+00:00
[2026-03-19T22:49:14.737+0000] {processor.py:208} INFO - Processing /home/airflow/.local/lib/python3.12/site-packages/airflow/example_dags/tutorial.py took 0.071 seconds
[2026-03-19T22:49:45.860+0000] {processor.py:186} INFO - Started process (PID=304) to work on /home/airflow/.local/lib/python3.12/site-packages/airflow/example_dags/tutorial.py
[2026-03-19T22:49:45.861+0000] {processor.py:914} INFO - Processing file /home/airflow/.local/lib/python3.12/site-packages/airflow/example_dags/tutorial.py for tasks to queue
[2026-03-19T22:49:45.863+0000] {logging_mixin.py:190} INFO - [2026-03-19T22:49:45.863+0000] {dagbag.py:588} INFO - Filling up the DagBag from /home/airflow/.local/lib/python3.12/site-packages/airflow/example_dags/tutorial.py
[2026-03-19T22:49:45.870+0000] {processor.py:925} INFO - DAG(s) 'tutorial' retrieved from /home/airflow/.local/lib/python3.12/site-packages/airflow/example_dags/tutorial.py
[2026-03-19T22:49:45.885+0000] {logging_mixin.py:190} INFO - [2026-03-19T22:49:45.885+0000] {dag.py:3239} INFO - Sync 1 DAGs
[2026-03-19T22:49:45.904+0000] {logging_mixin.py:190} INFO - [2026-03-19T22:49:45.904+0000] {dag.py:4180} INFO - Setting next_dagrun for tutorial to 2026-03-18 00:00:00+00:00, run_after=2026-03-19 00:00:00+00:00
[2026-03-19T22:49:45.922+0000] {processor.py:208} INFO - Processing /home/airflow/.local/lib/python3.12/site-packages/airflow/example_dags/tutorial.py took 0.067 seconds
[2026-03-19T22:50:16.455+0000] {processor.py:186} INFO - Started process (PID=364) to work on /home/airflow/.local/lib/python3.12/site-packages/airflow/example_dags/tutorial.py
[2026-03-19T22:50:16.456+0000] {processor.py:914} INFO - Processing file /home/airflow/.local/lib/python3.12/site-packages/airflow/example_dags/tutorial.py for tasks to queue
[2026-03-19T22:50:16.458+0000] {logging_mixin.py:190} INFO - [2026-03-19T22:50:16.458+0000] {dagbag.py:588} INFO - Filling up the DagBag from /home/airflow/.local/lib/python3.12/site-packages/airflow/example_dags/tutorial.py
[2026-03-19T22:50:16.465+0000] {processor.py:925} INFO - DAG(s) 'tutorial' retrieved from /home/airflow/.local/lib/python3.12/site-packages/airflow/example_dags/tutorial.py
[2026-03-19T22:50:16.481+0000] {logging_mixin.py:190} INFO - [2026-03-19T22:50:16.481+0000] {dag.py:3239} INFO - Sync 1 DAGs
[2026-03-19T22:50:16.500+0000] {logging_mixin.py:190} INFO - [2026-03-19T22:50:16.500+0000] {dag.py:4180} INFO - Setting next_dagrun for tutorial to 2026-03-18 00:00:00+00:00, run_after=2026-03-19 00:00:00+00:00
[2026-03-19T22:50:16.519+0000] {processor.py:208} INFO - Processing /home/airflow/.local/lib/python3.12/site-packages/airflow/example_dags/tutorial.py took 0.068 seconds
[2026-03-19T22:50:47.807+0000] {processor.py:186} INFO - Started process (PID=422) to work on /home/airflow/.local/lib/python3.12/site-packages/airflow/example_dags/tutorial.py
[2026-03-19T22:50:47.807+0000] {processor.py:914} INFO - Processing file /home/airflow/.local/lib/python3.12/site-packages/airflow/example_dags/tutorial.py for tasks to queue
[2026-03-19T22:50:47.809+0000] {logging_mixin.py:190} INFO - [2026-03-19T22:50:47.809+0000] {dagbag.py:588} INFO - Filling up the DagBag from /home/airflow/.local/lib/python3.12/site-packages/airflow/example_dags/tutorial.py
[2026-03-19T22:50:47.816+0000] {processor.py:925} INFO - DAG(s) 'tutorial' retrieved from /home/airflow/.local/lib/python3.12/site-packages/airflow/example_dags/tutorial.py
[2026-03-19T22:50:47.833+0000] {logging_mixin.py:190} INFO - [2026-03-19T22:50:47.833+0000] {dag.py:3239} INFO - Sync 1 DAGs
[2026-03-19T22:50:47.853+0000] {logging_mixin.py:190} INFO - [2026-03-19T22:50:47.853+0000] {dag.py:4180} INFO - Setting next_dagrun for tutorial to 2026-03-18 00:00:00+00:00, run_after=2026-03-19 00:00:00+00:00
[2026-03-19T22:50:47.873+0000] {processor.py:208} INFO - Processing /home/airflow/.local/lib/python3.12/site-packages/airflow/example_dags/tutorial.py took 0.071 seconds
[2026-03-19T22:51:18.358+0000] {processor.py:186} INFO - Started process (PID=480) to work on /home/airflow/.local/lib/python3.12/site-packages/airflow/example_dags/tutorial.py
[2026-03-19T22:51:18.358+0000] {processor.py:914} INFO - Processing file /home/airflow/.local/lib/python3.12/site-packages/airflow/example_dags/tutorial.py for tasks to queue
[2026-03-19T22:51:18.360+0000] {logging_mixin.py:190} INFO - [2026-03-19T22:51:18.360+0000] {dagbag.py:588} INFO - Filling up the DagBag from /home/airflow/.local/lib/python3.12/site-packages/airflow/example_dags/tutorial.py
[2026-03-19T22:51:18.367+0000] {processor.py:925} INFO - DAG(s) 'tutorial' retrieved from /home/airflow/.local/lib/python3.12/site-packages/airflow/example_dags/tutorial.py
[2026-03-19T22:51:18.384+0000] {logging_mixin.py:190} INFO - [2026-03-19T22:51:18.384+0000] {dag.py:3239} INFO - Sync 1 DAGs
[2026-03-19T22:51:18.403+0000] {logging_mixin.py:190} INFO - [2026-03-19T22:51:18.403+0000] {dag.py:4180} INFO - Setting next_dagrun for tutorial to 2026-03-18 00:00:00+00:00, run_after=2026-03-19 00:00:00+00:00
[2026-03-19T22:51:18.424+0000] {processor.py:208} INFO - Processing /home/airflow/.local/lib/python3.12/site-packages/airflow/example_dags/tutorial.py took 0.072 seconds
[2026-03-19T22:51:48.482+0000] {processor.py:186} INFO - Started process (PID=537) to work on /home/airflow/.local/lib/python3.12/site-packages/airflow/example_dags/tutorial.py
[2026-03-19T22:51:48.483+0000] {processor.py:914} INFO - Processing file /home/airflow/.local/lib/python3.12/site-packages/airflow/example_dags/tutorial.py for tasks to queue
[2026-03-19T22:51:48.485+0000] {logging_mixin.py:190} INFO - [2026-03-19T22:51:48.485+0000] {dagbag.py:588} INFO - Filling up the DagBag from /home/airflow/.local/lib/python3.12/site-packages/airflow/example_dags/tutorial.py
[2026-03-19T22:51:48.493+0000] {processor.py:925} INFO - DAG(s) 'tutorial' retrieved from /home/airflow/.local/lib/python3.12/site-packages/airflow/example_dags/tutorial.py
[2026-03-19T22:51:48.511+0000] {logging_mixin.py:190} INFO - [2026-03-19T22:51:48.511+0000] {dag.py:3239} INFO - Sync 1 DAGs
[2026-03-19T22:51:48.532+0000] {logging_mixin.py:190} INFO - [2026-03-19T22:51:48.532+0000] {dag.py:4180} INFO - Setting next_dagrun for tutorial to 2026-03-18 00:00:00+00:00, run_after=2026-03-19 00:00:00+00:00
[2026-03-19T22:51:48.554+0000] {processor.py:208} INFO - Processing /home/airflow/.local/lib/python3.12/site-packages/airflow/example_dags/tutorial.py took 0.077 seconds
[2026-03-19T22:52:19.181+0000] {processor.py:186} INFO - Started process (PID=594) to work on /home/airflow/.local/lib/python3.12/site-packages/airflow/example_dags/tutorial.py
[2026-03-19T22:52:19.182+0000] {processor.py:914} INFO - Processing file /home/airflow/.local/lib/python3.12/site-packages/airflow/example_dags/tutorial.py for tasks to queue
[2026-03-19T22:52:19.184+0000] {logging_mixin.py:190} INFO - [2026-03-19T22:52:19.183+0000] {dagbag.py:588} INFO - Filling up the DagBag from /home/airflow/.local/lib/python3.12/site-packages/airflow/example_dags/tutorial.py
[2026-03-19T22:52:19.190+0000] {processor.py:925} INFO - DAG(s) 'tutorial' retrieved from /home/airflow/.local/lib/python3.12/site-packages/airflow/example_dags/tutorial.py
[2026-03-19T22:52:19.207+0000] {logging_mixin.py:190} INFO - [2026-03-19T22:52:19.206+0000] {dag.py:3239} INFO - Sync 1 DAGs
[2026-03-19T22:52:19.226+0000] {logging_mixin.py:190} INFO - [2026-03-19T22:52:19.226+0000] {dag.py:4180} INFO - Setting next_dagrun for tutorial to 2026-03-18 00:00:00+00:00, run_after=2026-03-19 00:00:00+00:00
[2026-03-19T22:52:19.245+0000] {processor.py:208} INFO - Processing /home/airflow/.local/lib/python3.12/site-packages/airflow/example_dags/tutorial.py took 0.069 seconds
[2026-03-19T22:52:50.657+0000] {processor.py:186} INFO - Started process (PID=652) to work on /home/airflow/.local/lib/python3.12/site-packages/airflow/example_dags/tutorial.py
[2026-03-19T22:52:50.657+0000] {processor.py:914} INFO - Processing file /home/airflow/.local/lib/python3.12/site-packages/airflow/example_dags/tutorial.py for tasks to queue
[2026-03-19T22:52:50.659+0000] {logging_mixin.py:190} INFO - [2026-03-19T22:52:50.659+0000] {dagbag.py:588} INFO - Filling up the DagBag from /home/airflow/.local/lib/python3.12/site-packages/airflow/example_dags/tutorial.py
[2026-03-19T22:52:50.666+0000] {processor.py:925} INFO - DAG(s) 'tutorial' retrieved from /home/airflow/.local/lib/python3.12/site-packages/airflow/example_dags/tutorial.py
[2026-03-19T22:52:50.682+0000] {logging_mixin.py:190} INFO - [2026-03-19T22:52:50.682+0000] {dag.py:3239} INFO - Sync 1 DAGs
[2026-03-19T22:52:50.702+0000] {logging_mixin.py:190} INFO - [2026-03-19T22:52:50.701+0000] {dag.py:4180} INFO - Setting next_dagrun for tutorial to 2026-03-18 00:00:00+00:00, run_after=2026-03-19 00:00:00+00:00
[2026-03-19T22:52:50.720+0000] {processor.py:208} INFO - Processing /home/airflow/.local/lib/python3.12/site-packages/airflow/example_dags/tutorial.py took 0.068 seconds
[2026-03-19T22:53:22.099+0000] {processor.py:186} INFO - Started process (PID=710) to work on /home/airflow/.local/lib/python3.12/site-packages/airflow/example_dags/tutorial.py
[2026-03-19T22:53:22.100+0000] {processor.py:914} INFO - Processing file /home/airflow/.local/lib/python3.12/site-packages/airflow/example_dags/tutorial.py for tasks to queue
[2026-03-19T22:53:22.102+0000] {logging_mixin.py:190} INFO - [2026-03-19T22:53:22.102+0000] {dagbag.py:588} INFO - Filling up the DagBag from /home/airflow/.local/lib/python3.12/site-packages/airflow/example_dags/tutorial.py
[2026-03-19T22:53:22.111+0000] {processor.py:925} INFO - DAG(s) 'tutorial' retrieved from /home/airflow/.local/lib/python3.12/site-packages/airflow/example_dags/tutorial.py
[2026-03-19T22:53:22.129+0000] {logging_mixin.py:190} INFO - [2026-03-19T22:53:22.129+0000] {dag.py:3239} INFO - Sync 1 DAGs
[2026-03-19T22:53:22.153+0000] {logging_mixin.py:190} INFO - [2026-03-19T22:53:22.153+0000] {dag.py:4180} INFO - Setting next_dagrun for tutorial to 2026-03-18 00:00:00+00:00, run_after=2026-03-19 00:00:00+00:00
[2026-03-19T22:53:22.174+0000] {processor.py:208} INFO - Processing /home/airflow/.local/lib/python3.12/site-packages/airflow/example_dags/tutorial.py took 0.081 seconds
[2026-03-19T22:53:53.344+0000] {processor.py:186} INFO - Started process (PID=768) to work on /home/airflow/.local/lib/python3.12/site-packages/airflow/example_dags/tutorial.py
[2026-03-19T22:53:53.345+0000] {processor.py:914} INFO - Processing file /home/airflow/.local/lib/python3.12/site-packages/airflow/example_dags/tutorial.py for tasks to queue
[2026-03-19T22:53:53.347+0000] {logging_mixin.py:190} INFO - [2026-03-19T22:53:53.346+0000] {dagbag.py:588} INFO - Filling up the DagBag from /home/airflow/.local/lib/python3.12/site-packages/airflow/example_dags/tutorial.py
[2026-03-19T22:53:53.353+0000] {processor.py:925} INFO - DAG(s) 'tutorial' retrieved from /home/airflow/.local/lib/python3.12/site-packages/airflow/example_dags/tutorial.py
[2026-03-19T22:53:53.369+0000] {logging_mixin.py:190} INFO - [2026-03-19T22:53:53.368+0000] {dag.py:3239} INFO - Sync 1 DAGs
[2026-03-19T22:53:53.387+0000] {logging_mixin.py:190} INFO - [2026-03-19T22:53:53.387+0000] {dag.py:4180} INFO - Setting next_dagrun for tutorial to 2026-03-18 00:00:00+00:00, run_after=2026-03-19 00:00:00+00:00
[2026-03-19T22:53:53.406+0000] {processor.py:208} INFO - Processing /home/airflow/.local/lib/python3.12/site-packages/airflow/example_dags/tutorial.py took 0.067 seconds
[2026-03-19T22:54:24.882+0000] {processor.py:186} INFO - Started process (PID=826) to work on /home/airflow/.local/lib/python3.12/site-packages/airflow/example_dags/tutorial.py
[2026-03-19T22:54:24.883+0000] {processor.py:914} INFO - Processing file /home/airflow/.local/lib/python3.12/site-packages/airflow/example_dags/tutorial.py for tasks to queue
[2026-03-19T22:54:24.884+0000] {logging_mixin.py:190} INFO - [2026-03-19T22:54:24.884+0000] {dagbag.py:588} INFO - Filling up the DagBag from /home/airflow/.local/lib/python3.12/site-packages/airflow/example_dags/tutorial.py
[2026-03-19T22:54:24.892+0000] {processor.py:925} INFO - DAG(s) 'tutorial' retrieved from /home/airflow/.local/lib/python3.12/site-packages/airflow/example_dags/tutorial.py
[2026-03-19T22:54:24.908+0000] {logging_mixin.py:190} INFO - [2026-03-19T22:54:24.907+0000] {dag.py:3239} INFO - Sync 1 DAGs
[2026-03-19T22:54:24.927+0000] {logging_mixin.py:190} INFO - [2026-03-19T22:54:24.927+0000] {dag.py:4180} INFO - Setting next_dagrun for tutorial to 2026-03-18 00:00:00+00:00, run_after=2026-03-19 00:00:00+00:00
[2026-03-19T22:54:24.945+0000] {processor.py:208} INFO - Processing /home/airflow/.local/lib/python3.12/site-packages/airflow/example_dags/tutorial.py took 0.069 seconds
[2026-03-19T22:54:56.237+0000] {processor.py:186} INFO - Started process (PID=884) to work on /home/airflow/.local/lib/python3.12/site-packages/airflow/example_dags/tutorial.py
[2026-03-19T22:54:56.238+0000] {processor.py:914} INFO - Processing file /home/airflow/.local/lib/python3.12/site-packages/airflow/example_dags/tutorial.py for tasks to queue
[2026-03-19T22:54:56.240+0000] {logging_mixin.py:190} INFO - [2026-03-19T22:54:56.240+0000] {dagbag.py:588} INFO - Filling up the DagBag from /home/airflow/.local/lib/python3.12/site-packages/airflow/example_dags/tutorial.py
[2026-03-19T22:54:56.247+0000] {processor.py:925} INFO - DAG(s) 'tutorial' retrieved from /home/airflow/.local/lib/python3.12/site-packages/airflow/example_dags/tutorial.py
[2026-03-19T22:54:56.264+0000] {logging_mixin.py:190} INFO - [2026-03-19T22:54:56.264+0000] {dag.py:3239} INFO - Sync 1 DAGs
[2026-03-19T22:54:56.285+0000] {logging_mixin.py:190} INFO - [2026-03-19T22:54:56.285+0000] {dag.py:4180} INFO - Setting next_dagrun for tutorial to 2026-03-18 00:00:00+00:00, run_after=2026-03-19 00:00:00+00:00
[2026-03-19T22:54:56.305+0000] {processor.py:208} INFO - Processing /home/airflow/.local/lib/python3.12/site-packages/airflow/example_dags/tutorial.py took 0.073 seconds
[2026-03-19T22:55:27.428+0000] {processor.py:186} INFO - Started process (PID=942) to work on /home/airflow/.local/lib/python3.12/site-packages/airflow/example_dags/tutorial.py
[2026-03-19T22:55:27.428+0000] {processor.py:914} INFO - Processing file /home/airflow/.local/lib/python3.12/site-packages/airflow/example_dags/tutorial.py for tasks to queue
[2026-03-19T22:55:27.430+0000] {logging_mixin.py:190} INFO - [2026-03-19T22:55:27.430+0000] {dagbag.py:588} INFO - Filling up the DagBag from /home/airflow/.local/lib/python3.12/site-packages/airflow/example_dags/tutorial.py
[2026-03-19T22:55:27.438+0000] {processor.py:925} INFO - DAG(s) 'tutorial' retrieved from /home/airflow/.local/lib/python3.12/site-packages/airflow/example_dags/tutorial.py
[2026-03-19T22:55:27.455+0000] {logging_mixin.py:190} INFO - [2026-03-19T22:55:27.455+0000] {dag.py:3239} INFO - Sync 1 DAGs
[2026-03-19T22:55:27.476+0000] {logging_mixin.py:190} INFO - [2026-03-19T22:55:27.476+0000] {dag.py:4180} INFO - Setting next_dagrun for tutorial to 2026-03-18 00:00:00+00:00, run_after=2026-03-19 00:00:00+00:00
[2026-03-19T22:55:27.495+0000] {processor.py:208} INFO - Processing /home/airflow/.local/lib/python3.12/site-packages/airflow/example_dags/tutorial.py took 0.073 seconds
