[2026-03-19T22:36:43.213+0000] {processor.py:186} INFO - Started process (PID=56) to work on /home/airflow/.local/lib/python3.12/site-packages/airflow/example_dags/tutorial_taskflow_templates.py
[2026-03-19T22:36:43.214+0000] {processor.py:914} INFO - Processing file /home/airflow/.local/lib/python3.12/site-packages/airflow/example_dags/tutorial_taskflow_templates.py for tasks to queue
[2026-03-19T22:36:43.216+0000] {logging_mixin.py:190} INFO - [2026-03-19T22:36:43.216+0000] {dagbag.py:588} INFO - Filling up the DagBag from /home/airflow/.local/lib/python3.12/site-packages/airflow/example_dags/tutorial_taskflow_templates.py
[2026-03-19T22:36:43.233+0000] {processor.py:925} INFO - DAG(s) 'tutorial_taskflow_templates' retrieved from /home/airflow/.local/lib/python3.12/site-packages/airflow/example_dags/tutorial_taskflow_templates.py
[2026-03-19T22:36:43.439+0000] {logging_mixin.py:190} INFO - [2026-03-19T22:36:43.439+0000] {override.py:1911} INFO - Created Permission View: can read on DAG:tutorial_taskflow_templates
[2026-03-19T22:36:43.490+0000] {logging_mixin.py:190} INFO - [2026-03-19T22:36:43.490+0000] {override.py:1911} INFO - Created Permission View: can delete on DAG:tutorial_taskflow_templates
[2026-03-19T22:36:43.533+0000] {logging_mixin.py:190} INFO - [2026-03-19T22:36:43.533+0000] {override.py:1911} INFO - Created Permission View: can edit on DAG:tutorial_taskflow_templates
[2026-03-19T22:36:43.626+0000] {logging_mixin.py:190} INFO - [2026-03-19T22:36:43.626+0000] {override.py:1911} INFO - Created Permission View: can read on DAG Run:tutorial_taskflow_templates
[2026-03-19T22:36:43.705+0000] {logging_mixin.py:190} INFO - [2026-03-19T22:36:43.705+0000] {override.py:1911} INFO - Created Permission View: can create on DAG Run:tutorial_taskflow_templates
[2026-03-19T22:36:43.781+0000] {logging_mixin.py:190} INFO - [2026-03-19T22:36:43.781+0000] {override.py:1911} INFO - Created Permission View: menu access on DAG Run:tutorial_taskflow_templates
[2026-03-19T22:36:43.844+0000] {logging_mixin.py:190} INFO - [2026-03-19T22:36:43.843+0000] {override.py:1911} INFO - Created Permission View: can delete on DAG Run:tutorial_taskflow_templates
[2026-03-19T22:36:43.846+0000] {logging_mixin.py:190} INFO - [2026-03-19T22:36:43.845+0000] {dag.py:3239} INFO - Sync 1 DAGs
[2026-03-19T22:36:43.864+0000] {logging_mixin.py:190} INFO - [2026-03-19T22:36:43.864+0000] {dag.py:3262} INFO - Creating ORM DAG for tutorial_taskflow_templates
[2026-03-19T22:36:43.882+0000] {logging_mixin.py:190} INFO - [2026-03-19T22:36:43.881+0000] {dag.py:4180} INFO - Setting next_dagrun for tutorial_taskflow_templates to 2026-03-18 00:00:00+00:00, run_after=2026-03-19 00:00:00+00:00
[2026-03-19T22:36:43.962+0000] {processor.py:208} INFO - Processing /home/airflow/.local/lib/python3.12/site-packages/airflow/example_dags/tutorial_taskflow_templates.py took 0.755 seconds
[2026-03-19T22:37:14.104+0000] {processor.py:186} INFO - Started process (PID=114) to work on /home/airflow/.local/lib/python3.12/site-packages/airflow/example_dags/tutorial_taskflow_templates.py
[2026-03-19T22:37:14.107+0000] {processor.py:914} INFO - Processing file /home/airflow/.local/lib/python3.12/site-packages/airflow/example_dags/tutorial_taskflow_templates.py for tasks to queue
[2026-03-19T22:37:14.112+0000] {logging_mixin.py:190} INFO - [2026-03-19T22:37:14.112+0000] {dagbag.py:588} INFO - Filling up the DagBag from /home/airflow/.local/lib/python3.12/site-packages/airflow/example_dags/tutorial_taskflow_templates.py
[2026-03-19T22:37:14.137+0000] {processor.py:925} INFO - DAG(s) 'tutorial_taskflow_templates' retrieved from /home/airflow/.local/lib/python3.12/site-packages/airflow/example_dags/tutorial_taskflow_templates.py
[2026-03-19T22:37:14.178+0000] {logging_mixin.py:190} INFO - [2026-03-19T22:37:14.177+0000] {dag.py:3239} INFO - Sync 1 DAGs
[2026-03-19T22:37:14.217+0000] {logging_mixin.py:190} INFO - [2026-03-19T22:37:14.216+0000] {dag.py:4180} INFO - Setting next_dagrun for tutorial_taskflow_templates to 2026-03-18 00:00:00+00:00, run_after=2026-03-19 00:00:00+00:00
[2026-03-19T22:37:14.437+0000] {processor.py:208} INFO - Processing /home/airflow/.local/lib/python3.12/site-packages/airflow/example_dags/tutorial_taskflow_templates.py took 0.341 seconds
[2026-03-19T22:40:45.900+0000] {processor.py:186} INFO - Started process (PID=172) to work on /home/airflow/.local/lib/python3.12/site-packages/airflow/example_dags/tutorial_taskflow_templates.py
[2026-03-19T22:40:45.902+0000] {processor.py:914} INFO - Processing file /home/airflow/.local/lib/python3.12/site-packages/airflow/example_dags/tutorial_taskflow_templates.py for tasks to queue
[2026-03-19T22:40:45.905+0000] {logging_mixin.py:190} INFO - [2026-03-19T22:40:45.904+0000] {dagbag.py:588} INFO - Filling up the DagBag from /home/airflow/.local/lib/python3.12/site-packages/airflow/example_dags/tutorial_taskflow_templates.py
[2026-03-19T22:40:45.923+0000] {processor.py:925} INFO - DAG(s) 'tutorial_taskflow_templates' retrieved from /home/airflow/.local/lib/python3.12/site-packages/airflow/example_dags/tutorial_taskflow_templates.py
[2026-03-19T22:40:45.945+0000] {logging_mixin.py:190} INFO - [2026-03-19T22:40:45.945+0000] {dag.py:3239} INFO - Sync 1 DAGs
[2026-03-19T22:40:45.988+0000] {logging_mixin.py:190} INFO - [2026-03-19T22:40:45.988+0000] {dag.py:4180} INFO - Setting next_dagrun for tutorial_taskflow_templates to 2026-03-18 00:00:00+00:00, run_after=2026-03-19 00:00:00+00:00
[2026-03-19T22:40:46.020+0000] {processor.py:208} INFO - Processing /home/airflow/.local/lib/python3.12/site-packages/airflow/example_dags/tutorial_taskflow_templates.py took 0.127 seconds
[2026-03-19T22:45:31.980+0000] {processor.py:186} INFO - Started process (PID=207) to work on /home/airflow/.local/lib/python3.12/site-packages/airflow/example_dags/tutorial_taskflow_templates.py
[2026-03-19T22:45:31.983+0000] {processor.py:914} INFO - Processing file /home/airflow/.local/lib/python3.12/site-packages/airflow/example_dags/tutorial_taskflow_templates.py for tasks to queue
[2026-03-19T22:45:31.986+0000] {logging_mixin.py:190} INFO - [2026-03-19T22:45:31.985+0000] {dagbag.py:588} INFO - Filling up the DagBag from /home/airflow/.local/lib/python3.12/site-packages/airflow/example_dags/tutorial_taskflow_templates.py
[2026-03-19T22:45:32.203+0000] {processor.py:925} INFO - DAG(s) 'tutorial_taskflow_templates' retrieved from /home/airflow/.local/lib/python3.12/site-packages/airflow/example_dags/tutorial_taskflow_templates.py
[2026-03-19T22:45:32.661+0000] {logging_mixin.py:190} INFO - [2026-03-19T22:45:32.660+0000] {dag.py:3239} INFO - Sync 1 DAGs
[2026-03-19T22:45:32.977+0000] {logging_mixin.py:190} INFO - [2026-03-19T22:45:32.975+0000] {dag.py:4180} INFO - Setting next_dagrun for tutorial_taskflow_templates to 2026-03-18 00:00:00+00:00, run_after=2026-03-19 00:00:00+00:00
[2026-03-19T22:45:33.043+0000] {processor.py:208} INFO - Processing /home/airflow/.local/lib/python3.12/site-packages/airflow/example_dags/tutorial_taskflow_templates.py took 1.077 seconds
[2026-03-19T22:47:37.473+0000] {processor.py:186} INFO - Started process (PID=56) to work on /home/airflow/.local/lib/python3.12/site-packages/airflow/example_dags/tutorial_taskflow_templates.py
[2026-03-19T22:47:37.476+0000] {processor.py:914} INFO - Processing file /home/airflow/.local/lib/python3.12/site-packages/airflow/example_dags/tutorial_taskflow_templates.py for tasks to queue
[2026-03-19T22:47:37.478+0000] {logging_mixin.py:190} INFO - [2026-03-19T22:47:37.478+0000] {dagbag.py:588} INFO - Filling up the DagBag from /home/airflow/.local/lib/python3.12/site-packages/airflow/example_dags/tutorial_taskflow_templates.py
[2026-03-19T22:47:37.490+0000] {processor.py:925} INFO - DAG(s) 'tutorial_taskflow_templates' retrieved from /home/airflow/.local/lib/python3.12/site-packages/airflow/example_dags/tutorial_taskflow_templates.py
[2026-03-19T22:47:37.596+0000] {logging_mixin.py:190} INFO - [2026-03-19T22:47:37.595+0000] {override.py:1911} INFO - Created Permission View: can delete on DAG:tutorial_taskflow_templates
[2026-03-19T22:47:37.609+0000] {logging_mixin.py:190} INFO - [2026-03-19T22:47:37.609+0000] {override.py:1911} INFO - Created Permission View: can edit on DAG:tutorial_taskflow_templates
[2026-03-19T22:47:37.620+0000] {logging_mixin.py:190} INFO - [2026-03-19T22:47:37.620+0000] {override.py:1911} INFO - Created Permission View: can read on DAG:tutorial_taskflow_templates
[2026-03-19T22:47:37.643+0000] {logging_mixin.py:190} INFO - [2026-03-19T22:47:37.642+0000] {override.py:1911} INFO - Created Permission View: can create on DAG Run:tutorial_taskflow_templates
[2026-03-19T22:47:37.652+0000] {logging_mixin.py:190} INFO - [2026-03-19T22:47:37.651+0000] {override.py:1911} INFO - Created Permission View: can delete on DAG Run:tutorial_taskflow_templates
[2026-03-19T22:47:37.660+0000] {logging_mixin.py:190} INFO - [2026-03-19T22:47:37.660+0000] {override.py:1911} INFO - Created Permission View: menu access on DAG Run:tutorial_taskflow_templates
[2026-03-19T22:47:37.669+0000] {logging_mixin.py:190} INFO - [2026-03-19T22:47:37.669+0000] {override.py:1911} INFO - Created Permission View: can read on DAG Run:tutorial_taskflow_templates
[2026-03-19T22:47:37.669+0000] {logging_mixin.py:190} INFO - [2026-03-19T22:47:37.669+0000] {dag.py:3239} INFO - Sync 1 DAGs
[2026-03-19T22:47:37.679+0000] {logging_mixin.py:190} INFO - [2026-03-19T22:47:37.679+0000] {dag.py:3262} INFO - Creating ORM DAG for tutorial_taskflow_templates
[2026-03-19T22:47:37.688+0000] {logging_mixin.py:190} INFO - [2026-03-19T22:47:37.688+0000] {dag.py:4180} INFO - Setting next_dagrun for tutorial_taskflow_templates to 2026-03-18 00:00:00+00:00, run_after=2026-03-19 00:00:00+00:00
[2026-03-19T22:47:37.706+0000] {processor.py:208} INFO - Processing /home/airflow/.local/lib/python3.12/site-packages/airflow/example_dags/tutorial_taskflow_templates.py took 0.238 seconds
[2026-03-19T22:48:08.245+0000] {processor.py:186} INFO - Started process (PID=114) to work on /home/airflow/.local/lib/python3.12/site-packages/airflow/example_dags/tutorial_taskflow_templates.py
[2026-03-19T22:48:08.246+0000] {processor.py:914} INFO - Processing file /home/airflow/.local/lib/python3.12/site-packages/airflow/example_dags/tutorial_taskflow_templates.py for tasks to queue
[2026-03-19T22:48:08.248+0000] {logging_mixin.py:190} INFO - [2026-03-19T22:48:08.248+0000] {dagbag.py:588} INFO - Filling up the DagBag from /home/airflow/.local/lib/python3.12/site-packages/airflow/example_dags/tutorial_taskflow_templates.py
[2026-03-19T22:48:08.259+0000] {processor.py:925} INFO - DAG(s) 'tutorial_taskflow_templates' retrieved from /home/airflow/.local/lib/python3.12/site-packages/airflow/example_dags/tutorial_taskflow_templates.py
[2026-03-19T22:48:08.277+0000] {logging_mixin.py:190} INFO - [2026-03-19T22:48:08.276+0000] {dag.py:3239} INFO - Sync 1 DAGs
[2026-03-19T22:48:08.297+0000] {logging_mixin.py:190} INFO - [2026-03-19T22:48:08.296+0000] {dag.py:4180} INFO - Setting next_dagrun for tutorial_taskflow_templates to 2026-03-18 00:00:00+00:00, run_after=2026-03-19 00:00:00+00:00
[2026-03-19T22:48:08.320+0000] {processor.py:208} INFO - Processing /home/airflow/.local/lib/python3.12/site-packages/airflow/example_dags/tutorial_taskflow_templates.py took 0.079 seconds
[2026-03-19T22:48:38.899+0000] {processor.py:186} INFO - Started process (PID=172) to work on /home/airflow/.local/lib/python3.12/site-packages/airflow/example_dags/tutorial_taskflow_templates.py
[2026-03-19T22:48:38.900+0000] {processor.py:914} INFO - Processing file /home/airflow/.local/lib/python3.12/site-packages/airflow/example_dags/tutorial_taskflow_templates.py for tasks to queue
[2026-03-19T22:48:38.901+0000] {logging_mixin.py:190} INFO - [2026-03-19T22:48:38.901+0000] {dagbag.py:588} INFO - Filling up the DagBag from /home/airflow/.local/lib/python3.12/site-packages/airflow/example_dags/tutorial_taskflow_templates.py
[2026-03-19T22:48:38.912+0000] {processor.py:925} INFO - DAG(s) 'tutorial_taskflow_templates' retrieved from /home/airflow/.local/lib/python3.12/site-packages/airflow/example_dags/tutorial_taskflow_templates.py
[2026-03-19T22:48:38.930+0000] {logging_mixin.py:190} INFO - [2026-03-19T22:48:38.930+0000] {dag.py:3239} INFO - Sync 1 DAGs
[2026-03-19T22:48:38.951+0000] {logging_mixin.py:190} INFO - [2026-03-19T22:48:38.951+0000] {dag.py:4180} INFO - Setting next_dagrun for tutorial_taskflow_templates to 2026-03-18 00:00:00+00:00, run_after=2026-03-19 00:00:00+00:00
[2026-03-19T22:48:38.972+0000] {processor.py:208} INFO - Processing /home/airflow/.local/lib/python3.12/site-packages/airflow/example_dags/tutorial_taskflow_templates.py took 0.078 seconds
[2026-03-19T22:49:09.486+0000] {processor.py:186} INFO - Started process (PID=230) to work on /home/airflow/.local/lib/python3.12/site-packages/airflow/example_dags/tutorial_taskflow_templates.py
[2026-03-19T22:49:09.486+0000] {processor.py:914} INFO - Processing file /home/airflow/.local/lib/python3.12/site-packages/airflow/example_dags/tutorial_taskflow_templates.py for tasks to queue
[2026-03-19T22:49:09.488+0000] {logging_mixin.py:190} INFO - [2026-03-19T22:49:09.488+0000] {dagbag.py:588} INFO - Filling up the DagBag from /home/airflow/.local/lib/python3.12/site-packages/airflow/example_dags/tutorial_taskflow_templates.py
[2026-03-19T22:49:09.499+0000] {processor.py:925} INFO - DAG(s) 'tutorial_taskflow_templates' retrieved from /home/airflow/.local/lib/python3.12/site-packages/airflow/example_dags/tutorial_taskflow_templates.py
[2026-03-19T22:49:09.518+0000] {logging_mixin.py:190} INFO - [2026-03-19T22:49:09.518+0000] {dag.py:3239} INFO - Sync 1 DAGs
[2026-03-19T22:49:09.539+0000] {logging_mixin.py:190} INFO - [2026-03-19T22:49:09.539+0000] {dag.py:4180} INFO - Setting next_dagrun for tutorial_taskflow_templates to 2026-03-18 00:00:00+00:00, run_after=2026-03-19 00:00:00+00:00
[2026-03-19T22:49:09.564+0000] {processor.py:208} INFO - Processing /home/airflow/.local/lib/python3.12/site-packages/airflow/example_dags/tutorial_taskflow_templates.py took 0.083 seconds
[2026-03-19T22:49:40.013+0000] {processor.py:186} INFO - Started process (PID=288) to work on /home/airflow/.local/lib/python3.12/site-packages/airflow/example_dags/tutorial_taskflow_templates.py
[2026-03-19T22:49:40.014+0000] {processor.py:914} INFO - Processing file /home/airflow/.local/lib/python3.12/site-packages/airflow/example_dags/tutorial_taskflow_templates.py for tasks to queue
[2026-03-19T22:49:40.016+0000] {logging_mixin.py:190} INFO - [2026-03-19T22:49:40.016+0000] {dagbag.py:588} INFO - Filling up the DagBag from /home/airflow/.local/lib/python3.12/site-packages/airflow/example_dags/tutorial_taskflow_templates.py
[2026-03-19T22:49:40.027+0000] {processor.py:925} INFO - DAG(s) 'tutorial_taskflow_templates' retrieved from /home/airflow/.local/lib/python3.12/site-packages/airflow/example_dags/tutorial_taskflow_templates.py
[2026-03-19T22:49:40.043+0000] {logging_mixin.py:190} INFO - [2026-03-19T22:49:40.043+0000] {dag.py:3239} INFO - Sync 1 DAGs
[2026-03-19T22:49:40.064+0000] {logging_mixin.py:190} INFO - [2026-03-19T22:49:40.064+0000] {dag.py:4180} INFO - Setting next_dagrun for tutorial_taskflow_templates to 2026-03-18 00:00:00+00:00, run_after=2026-03-19 00:00:00+00:00
[2026-03-19T22:49:40.083+0000] {processor.py:208} INFO - Processing /home/airflow/.local/lib/python3.12/site-packages/airflow/example_dags/tutorial_taskflow_templates.py took 0.074 seconds
[2026-03-19T22:50:10.637+0000] {processor.py:186} INFO - Started process (PID=348) to work on /home/airflow/.local/lib/python3.12/site-packages/airflow/example_dags/tutorial_taskflow_templates.py
[2026-03-19T22:50:10.637+0000] {processor.py:914} INFO - Processing file /home/airflow/.local/lib/python3.12/site-packages/airflow/example_dags/tutorial_taskflow_templates.py for tasks to queue
[2026-03-19T22:50:10.640+0000] {logging_mixin.py:190} INFO - [2026-03-19T22:50:10.639+0000] {dagbag.py:588} INFO - Filling up the DagBag from /home/airflow/.local/lib/python3.12/site-packages/airflow/example_dags/tutorial_taskflow_templates.py
[2026-03-19T22:50:10.651+0000] {processor.py:925} INFO - DAG(s) 'tutorial_taskflow_templates' retrieved from /home/airflow/.local/lib/python3.12/site-packages/airflow/example_dags/tutorial_taskflow_templates.py
[2026-03-19T22:50:10.667+0000] {logging_mixin.py:190} INFO - [2026-03-19T22:50:10.667+0000] {dag.py:3239} INFO - Sync 1 DAGs
[2026-03-19T22:50:10.687+0000] {logging_mixin.py:190} INFO - [2026-03-19T22:50:10.687+0000] {dag.py:4180} INFO - Setting next_dagrun for tutorial_taskflow_templates to 2026-03-18 00:00:00+00:00, run_after=2026-03-19 00:00:00+00:00
[2026-03-19T22:50:10.709+0000] {processor.py:208} INFO - Processing /home/airflow/.local/lib/python3.12/site-packages/airflow/example_dags/tutorial_taskflow_templates.py took 0.078 seconds
[2026-03-19T22:50:40.844+0000] {processor.py:186} INFO - Started process (PID=406) to work on /home/airflow/.local/lib/python3.12/site-packages/airflow/example_dags/tutorial_taskflow_templates.py
[2026-03-19T22:50:40.845+0000] {processor.py:914} INFO - Processing file /home/airflow/.local/lib/python3.12/site-packages/airflow/example_dags/tutorial_taskflow_templates.py for tasks to queue
[2026-03-19T22:50:40.847+0000] {logging_mixin.py:190} INFO - [2026-03-19T22:50:40.846+0000] {dagbag.py:588} INFO - Filling up the DagBag from /home/airflow/.local/lib/python3.12/site-packages/airflow/example_dags/tutorial_taskflow_templates.py
[2026-03-19T22:50:40.858+0000] {processor.py:925} INFO - DAG(s) 'tutorial_taskflow_templates' retrieved from /home/airflow/.local/lib/python3.12/site-packages/airflow/example_dags/tutorial_taskflow_templates.py
[2026-03-19T22:50:40.875+0000] {logging_mixin.py:190} INFO - [2026-03-19T22:50:40.875+0000] {dag.py:3239} INFO - Sync 1 DAGs
[2026-03-19T22:50:40.895+0000] {logging_mixin.py:190} INFO - [2026-03-19T22:50:40.895+0000] {dag.py:4180} INFO - Setting next_dagrun for tutorial_taskflow_templates to 2026-03-18 00:00:00+00:00, run_after=2026-03-19 00:00:00+00:00
[2026-03-19T22:50:40.913+0000] {processor.py:208} INFO - Processing /home/airflow/.local/lib/python3.12/site-packages/airflow/example_dags/tutorial_taskflow_templates.py took 0.074 seconds
[2026-03-19T22:51:11.431+0000] {processor.py:186} INFO - Started process (PID=464) to work on /home/airflow/.local/lib/python3.12/site-packages/airflow/example_dags/tutorial_taskflow_templates.py
[2026-03-19T22:51:11.432+0000] {processor.py:914} INFO - Processing file /home/airflow/.local/lib/python3.12/site-packages/airflow/example_dags/tutorial_taskflow_templates.py for tasks to queue
[2026-03-19T22:51:11.434+0000] {logging_mixin.py:190} INFO - [2026-03-19T22:51:11.434+0000] {dagbag.py:588} INFO - Filling up the DagBag from /home/airflow/.local/lib/python3.12/site-packages/airflow/example_dags/tutorial_taskflow_templates.py
[2026-03-19T22:51:11.447+0000] {processor.py:925} INFO - DAG(s) 'tutorial_taskflow_templates' retrieved from /home/airflow/.local/lib/python3.12/site-packages/airflow/example_dags/tutorial_taskflow_templates.py
[2026-03-19T22:51:11.467+0000] {logging_mixin.py:190} INFO - [2026-03-19T22:51:11.466+0000] {dag.py:3239} INFO - Sync 1 DAGs
[2026-03-19T22:51:11.494+0000] {logging_mixin.py:190} INFO - [2026-03-19T22:51:11.494+0000] {dag.py:4180} INFO - Setting next_dagrun for tutorial_taskflow_templates to 2026-03-18 00:00:00+00:00, run_after=2026-03-19 00:00:00+00:00
[2026-03-19T22:51:11.521+0000] {processor.py:208} INFO - Processing /home/airflow/.local/lib/python3.12/site-packages/airflow/example_dags/tutorial_taskflow_templates.py took 0.098 seconds
[2026-03-19T22:51:42.207+0000] {processor.py:186} INFO - Started process (PID=522) to work on /home/airflow/.local/lib/python3.12/site-packages/airflow/example_dags/tutorial_taskflow_templates.py
[2026-03-19T22:51:42.207+0000] {processor.py:914} INFO - Processing file /home/airflow/.local/lib/python3.12/site-packages/airflow/example_dags/tutorial_taskflow_templates.py for tasks to queue
[2026-03-19T22:51:42.209+0000] {logging_mixin.py:190} INFO - [2026-03-19T22:51:42.209+0000] {dagbag.py:588} INFO - Filling up the DagBag from /home/airflow/.local/lib/python3.12/site-packages/airflow/example_dags/tutorial_taskflow_templates.py
[2026-03-19T22:51:42.222+0000] {processor.py:925} INFO - DAG(s) 'tutorial_taskflow_templates' retrieved from /home/airflow/.local/lib/python3.12/site-packages/airflow/example_dags/tutorial_taskflow_templates.py
[2026-03-19T22:51:42.238+0000] {logging_mixin.py:190} INFO - [2026-03-19T22:51:42.238+0000] {dag.py:3239} INFO - Sync 1 DAGs
[2026-03-19T22:51:42.265+0000] {logging_mixin.py:190} INFO - [2026-03-19T22:51:42.265+0000] {dag.py:4180} INFO - Setting next_dagrun for tutorial_taskflow_templates to 2026-03-18 00:00:00+00:00, run_after=2026-03-19 00:00:00+00:00
[2026-03-19T22:51:42.289+0000] {processor.py:208} INFO - Processing /home/airflow/.local/lib/python3.12/site-packages/airflow/example_dags/tutorial_taskflow_templates.py took 0.088 seconds
[2026-03-19T22:52:12.803+0000] {processor.py:186} INFO - Started process (PID=580) to work on /home/airflow/.local/lib/python3.12/site-packages/airflow/example_dags/tutorial_taskflow_templates.py
[2026-03-19T22:52:12.803+0000] {processor.py:914} INFO - Processing file /home/airflow/.local/lib/python3.12/site-packages/airflow/example_dags/tutorial_taskflow_templates.py for tasks to queue
[2026-03-19T22:52:12.805+0000] {logging_mixin.py:190} INFO - [2026-03-19T22:52:12.805+0000] {dagbag.py:588} INFO - Filling up the DagBag from /home/airflow/.local/lib/python3.12/site-packages/airflow/example_dags/tutorial_taskflow_templates.py
[2026-03-19T22:52:12.816+0000] {processor.py:925} INFO - DAG(s) 'tutorial_taskflow_templates' retrieved from /home/airflow/.local/lib/python3.12/site-packages/airflow/example_dags/tutorial_taskflow_templates.py
[2026-03-19T22:52:12.833+0000] {logging_mixin.py:190} INFO - [2026-03-19T22:52:12.833+0000] {dag.py:3239} INFO - Sync 1 DAGs
[2026-03-19T22:52:12.854+0000] {logging_mixin.py:190} INFO - [2026-03-19T22:52:12.854+0000] {dag.py:4180} INFO - Setting next_dagrun for tutorial_taskflow_templates to 2026-03-18 00:00:00+00:00, run_after=2026-03-19 00:00:00+00:00
[2026-03-19T22:52:12.873+0000] {processor.py:208} INFO - Processing /home/airflow/.local/lib/python3.12/site-packages/airflow/example_dags/tutorial_taskflow_templates.py took 0.075 seconds
[2026-03-19T22:52:43.247+0000] {processor.py:186} INFO - Started process (PID=638) to work on /home/airflow/.local/lib/python3.12/site-packages/airflow/example_dags/tutorial_taskflow_templates.py
[2026-03-19T22:52:43.248+0000] {processor.py:914} INFO - Processing file /home/airflow/.local/lib/python3.12/site-packages/airflow/example_dags/tutorial_taskflow_templates.py for tasks to queue
[2026-03-19T22:52:43.250+0000] {logging_mixin.py:190} INFO - [2026-03-19T22:52:43.250+0000] {dagbag.py:588} INFO - Filling up the DagBag from /home/airflow/.local/lib/python3.12/site-packages/airflow/example_dags/tutorial_taskflow_templates.py
[2026-03-19T22:52:43.261+0000] {processor.py:925} INFO - DAG(s) 'tutorial_taskflow_templates' retrieved from /home/airflow/.local/lib/python3.12/site-packages/airflow/example_dags/tutorial_taskflow_templates.py
[2026-03-19T22:52:43.279+0000] {logging_mixin.py:190} INFO - [2026-03-19T22:52:43.279+0000] {dag.py:3239} INFO - Sync 1 DAGs
[2026-03-19T22:52:43.300+0000] {logging_mixin.py:190} INFO - [2026-03-19T22:52:43.300+0000] {dag.py:4180} INFO - Setting next_dagrun for tutorial_taskflow_templates to 2026-03-18 00:00:00+00:00, run_after=2026-03-19 00:00:00+00:00
[2026-03-19T22:52:43.321+0000] {processor.py:208} INFO - Processing /home/airflow/.local/lib/python3.12/site-packages/airflow/example_dags/tutorial_taskflow_templates.py took 0.080 seconds
[2026-03-19T22:53:13.590+0000] {processor.py:186} INFO - Started process (PID=696) to work on /home/airflow/.local/lib/python3.12/site-packages/airflow/example_dags/tutorial_taskflow_templates.py
[2026-03-19T22:53:13.590+0000] {processor.py:914} INFO - Processing file /home/airflow/.local/lib/python3.12/site-packages/airflow/example_dags/tutorial_taskflow_templates.py for tasks to queue
[2026-03-19T22:53:13.592+0000] {logging_mixin.py:190} INFO - [2026-03-19T22:53:13.592+0000] {dagbag.py:588} INFO - Filling up the DagBag from /home/airflow/.local/lib/python3.12/site-packages/airflow/example_dags/tutorial_taskflow_templates.py
[2026-03-19T22:53:13.603+0000] {processor.py:925} INFO - DAG(s) 'tutorial_taskflow_templates' retrieved from /home/airflow/.local/lib/python3.12/site-packages/airflow/example_dags/tutorial_taskflow_templates.py
[2026-03-19T22:53:13.620+0000] {logging_mixin.py:190} INFO - [2026-03-19T22:53:13.620+0000] {dag.py:3239} INFO - Sync 1 DAGs
[2026-03-19T22:53:13.640+0000] {logging_mixin.py:190} INFO - [2026-03-19T22:53:13.640+0000] {dag.py:4180} INFO - Setting next_dagrun for tutorial_taskflow_templates to 2026-03-18 00:00:00+00:00, run_after=2026-03-19 00:00:00+00:00
[2026-03-19T22:53:13.660+0000] {processor.py:208} INFO - Processing /home/airflow/.local/lib/python3.12/site-packages/airflow/example_dags/tutorial_taskflow_templates.py took 0.075 seconds
[2026-03-19T22:53:44.054+0000] {processor.py:186} INFO - Started process (PID=754) to work on /home/airflow/.local/lib/python3.12/site-packages/airflow/example_dags/tutorial_taskflow_templates.py
[2026-03-19T22:53:44.055+0000] {processor.py:914} INFO - Processing file /home/airflow/.local/lib/python3.12/site-packages/airflow/example_dags/tutorial_taskflow_templates.py for tasks to queue
[2026-03-19T22:53:44.057+0000] {logging_mixin.py:190} INFO - [2026-03-19T22:53:44.056+0000] {dagbag.py:588} INFO - Filling up the DagBag from /home/airflow/.local/lib/python3.12/site-packages/airflow/example_dags/tutorial_taskflow_templates.py
[2026-03-19T22:53:44.068+0000] {processor.py:925} INFO - DAG(s) 'tutorial_taskflow_templates' retrieved from /home/airflow/.local/lib/python3.12/site-packages/airflow/example_dags/tutorial_taskflow_templates.py
[2026-03-19T22:53:44.083+0000] {logging_mixin.py:190} INFO - [2026-03-19T22:53:44.083+0000] {dag.py:3239} INFO - Sync 1 DAGs
[2026-03-19T22:53:44.103+0000] {logging_mixin.py:190} INFO - [2026-03-19T22:53:44.103+0000] {dag.py:4180} INFO - Setting next_dagrun for tutorial_taskflow_templates to 2026-03-18 00:00:00+00:00, run_after=2026-03-19 00:00:00+00:00
[2026-03-19T22:53:44.121+0000] {processor.py:208} INFO - Processing /home/airflow/.local/lib/python3.12/site-packages/airflow/example_dags/tutorial_taskflow_templates.py took 0.072 seconds
[2026-03-19T22:54:14.563+0000] {processor.py:186} INFO - Started process (PID=812) to work on /home/airflow/.local/lib/python3.12/site-packages/airflow/example_dags/tutorial_taskflow_templates.py
[2026-03-19T22:54:14.563+0000] {processor.py:914} INFO - Processing file /home/airflow/.local/lib/python3.12/site-packages/airflow/example_dags/tutorial_taskflow_templates.py for tasks to queue
[2026-03-19T22:54:14.565+0000] {logging_mixin.py:190} INFO - [2026-03-19T22:54:14.565+0000] {dagbag.py:588} INFO - Filling up the DagBag from /home/airflow/.local/lib/python3.12/site-packages/airflow/example_dags/tutorial_taskflow_templates.py
[2026-03-19T22:54:14.576+0000] {processor.py:925} INFO - DAG(s) 'tutorial_taskflow_templates' retrieved from /home/airflow/.local/lib/python3.12/site-packages/airflow/example_dags/tutorial_taskflow_templates.py
[2026-03-19T22:54:14.593+0000] {logging_mixin.py:190} INFO - [2026-03-19T22:54:14.593+0000] {dag.py:3239} INFO - Sync 1 DAGs
[2026-03-19T22:54:14.613+0000] {logging_mixin.py:190} INFO - [2026-03-19T22:54:14.613+0000] {dag.py:4180} INFO - Setting next_dagrun for tutorial_taskflow_templates to 2026-03-18 00:00:00+00:00, run_after=2026-03-19 00:00:00+00:00
[2026-03-19T22:54:14.636+0000] {processor.py:208} INFO - Processing /home/airflow/.local/lib/python3.12/site-packages/airflow/example_dags/tutorial_taskflow_templates.py took 0.079 seconds
[2026-03-19T22:54:44.958+0000] {processor.py:186} INFO - Started process (PID=870) to work on /home/airflow/.local/lib/python3.12/site-packages/airflow/example_dags/tutorial_taskflow_templates.py
[2026-03-19T22:54:44.958+0000] {processor.py:914} INFO - Processing file /home/airflow/.local/lib/python3.12/site-packages/airflow/example_dags/tutorial_taskflow_templates.py for tasks to queue
[2026-03-19T22:54:44.960+0000] {logging_mixin.py:190} INFO - [2026-03-19T22:54:44.960+0000] {dagbag.py:588} INFO - Filling up the DagBag from /home/airflow/.local/lib/python3.12/site-packages/airflow/example_dags/tutorial_taskflow_templates.py
[2026-03-19T22:54:44.972+0000] {processor.py:925} INFO - DAG(s) 'tutorial_taskflow_templates' retrieved from /home/airflow/.local/lib/python3.12/site-packages/airflow/example_dags/tutorial_taskflow_templates.py
[2026-03-19T22:54:44.989+0000] {logging_mixin.py:190} INFO - [2026-03-19T22:54:44.988+0000] {dag.py:3239} INFO - Sync 1 DAGs
[2026-03-19T22:54:45.009+0000] {logging_mixin.py:190} INFO - [2026-03-19T22:54:45.009+0000] {dag.py:4180} INFO - Setting next_dagrun for tutorial_taskflow_templates to 2026-03-18 00:00:00+00:00, run_after=2026-03-19 00:00:00+00:00
[2026-03-19T22:54:45.028+0000] {processor.py:208} INFO - Processing /home/airflow/.local/lib/python3.12/site-packages/airflow/example_dags/tutorial_taskflow_templates.py took 0.076 seconds
[2026-03-19T22:55:15.087+0000] {processor.py:186} INFO - Started process (PID=928) to work on /home/airflow/.local/lib/python3.12/site-packages/airflow/example_dags/tutorial_taskflow_templates.py
[2026-03-19T22:55:15.087+0000] {processor.py:914} INFO - Processing file /home/airflow/.local/lib/python3.12/site-packages/airflow/example_dags/tutorial_taskflow_templates.py for tasks to queue
[2026-03-19T22:55:15.089+0000] {logging_mixin.py:190} INFO - [2026-03-19T22:55:15.089+0000] {dagbag.py:588} INFO - Filling up the DagBag from /home/airflow/.local/lib/python3.12/site-packages/airflow/example_dags/tutorial_taskflow_templates.py
[2026-03-19T22:55:15.100+0000] {processor.py:925} INFO - DAG(s) 'tutorial_taskflow_templates' retrieved from /home/airflow/.local/lib/python3.12/site-packages/airflow/example_dags/tutorial_taskflow_templates.py
[2026-03-19T22:55:15.118+0000] {logging_mixin.py:190} INFO - [2026-03-19T22:55:15.118+0000] {dag.py:3239} INFO - Sync 1 DAGs
[2026-03-19T22:55:15.138+0000] {logging_mixin.py:190} INFO - [2026-03-19T22:55:15.138+0000] {dag.py:4180} INFO - Setting next_dagrun for tutorial_taskflow_templates to 2026-03-18 00:00:00+00:00, run_after=2026-03-19 00:00:00+00:00
[2026-03-19T22:55:15.162+0000] {processor.py:208} INFO - Processing /home/airflow/.local/lib/python3.12/site-packages/airflow/example_dags/tutorial_taskflow_templates.py took 0.080 seconds
